[2017-06-14 09:28:10][debug] begin notify
[2017-06-14 09:28:10][debug] call back:{"appid":"wxd46e99b7f83183e1","bank_type":"CFT","cash_fee":"1","fee_type":"CNY","is_subscribe":"Y","mch_id":"1383580102","nonce_str":"8zmp3kp7njecl9fjz3s9j88mfnadzje1","openid":"ovxXWv5Ldfh1B4nho4C-Jz6Kgma0","out_trade_no":"2017061409281813","result_code":"SUCCESS","return_code":"SUCCESS","sign":"00C30248F06468CD1FE40C4A203108DF","time_end":"20170614092810","total_fee":"1","trade_type":"JSAPI","transaction_id":"4005242001201706145645487542"}
[2017-06-14 09:28:11][debug] query:{"appid":"wxd46e99b7f83183e1","err_code":"ORDERNOTEXIST","err_code_des":"order not exist","mch_id":"1383580102","nonce_str":"vO8tkmZcYvKRfQRy","result_code":"FAIL","return_code":"SUCCESS","return_msg":"OK","sign":"40418C84D48762FC763F0F7F1F347447"}
[2017-06-14 09:28:15][debug] begin notify
[2017-06-14 09:28:15][debug] query:{"appid":"wxd46e99b7f83183e1","attach":[],"bank_type":"CFT","cash_fee":"1","fee_type":"CNY","is_subscribe":"Y","mch_id":"1383580102","nonce_str":"OteCjiEndT7OONGJ","openid":"ovxXWv5Ldfh1B4nho4C-Jz6Kgma0","out_trade_no":"2017061409281813","result_code":"SUCCESS","return_code":"SUCCESS","return_msg":"OK","sign":"97A9BE69C7751DA33F7CA130615F3643","time_end":"20170614092810","total_fee":"1","trade_state":"SUCCESS","trade_type":"JSAPI","transaction_id":"4005242001201706145645487542"}
[2017-06-14 09:28:22][debug] begin notify
[2017-06-14 09:28:22][debug] call back:{"appid":"wxd46e99b7f83183e1","bank_type":"CFT","cash_fee":"1","fee_type":"CNY","is_subscribe":"Y","mch_id":"1383580102","nonce_str":"8zmp3kp7njecl9fjz3s9j88mfnadzje1","openid":"ovxXWv5Ldfh1B4nho4C-Jz6Kgma0","out_trade_no":"2017061409281813","result_code":"SUCCESS","return_code":"SUCCESS","sign":"00C30248F06468CD1FE40C4A203108DF","time_end":"20170614092810","total_fee":"1","trade_type":"JSAPI","transaction_id":"4005242001201706145645487542"}
[2017-06-14 09:28:22][debug] query:{"appid":"wxd46e99b7f83183e1","err_code":"ORDERNOTEXIST","err_code_des":"order not exist","mch_id":"1383580102","nonce_str":"8EErNHWReXiNgY8k","result_code":"FAIL","return_code":"SUCCESS","return_msg":"OK","sign":"64AEDDC4D5A065E74E486BDB8D263554"}
[2017-06-14 09:28:39][debug] begin notify
[2017-06-14 09:28:39][debug] call back:{"appid":"wxd46e99b7f83183e1","bank_type":"CFT","cash_fee":"1","fee_type":"CNY","is_subscribe":"Y","mch_id":"1383580102","nonce_str":"8zmp3kp7njecl9fjz3s9j88mfnadzje1","openid":"ovxXWv5Ldfh1B4nho4C-Jz6Kgma0","out_trade_no":"2017061409281813","result_code":"SUCCESS","return_code":"SUCCESS","sign":"00C30248F06468CD1FE40C4A203108DF","time_end":"20170614092810","total_fee":"1","trade_type":"JSAPI","transaction_id":"4005242001201706145645487542"}
[2017-06-14 09:28:39][debug] query:{"appid":"wxd46e99b7f83183e1","err_code":"ORDERNOTEXIST","err_code_des":"order not exist","mch_id":"1383580102","nonce_str":"nJr0wCVlXwIj7HY9","result_code":"FAIL","return_code":"SUCCESS","return_msg":"OK","sign":"A355BDC226143B14FFF3EDA9E7249475"}
[2017-06-14 09:29:11][debug] begin notify
[2017-06-14 09:29:11][debug] call back:{"appid":"wxd46e99b7f83183e1","bank_type":"CFT","cash_fee":"1","fee_type":"CNY","is_subscribe":"Y","mch_id":"1383580102","nonce_str":"8zmp3kp7njecl9fjz3s9j88mfnadzje1","openid":"ovxXWv5Ldfh1B4nho4C-Jz6Kgma0","out_trade_no":"2017061409281813","result_code":"SUCCESS","return_code":"SUCCESS","sign":"00C30248F06468CD1FE40C4A203108DF","time_end":"20170614092810","total_fee":"1","trade_type":"JSAPI","transaction_id":"4005242001201706145645487542"}
[2017-06-14 09:29:11][debug] query:{"appid":"wxd46e99b7f83183e1","err_code":"ORDERNOTEXIST","err_code_des":"order not exist","mch_id":"1383580102","nonce_str":"puWQGh783TJqU70q","result_code":"FAIL","return_code":"SUCCESS","return_msg":"OK","sign":"10CD7F2B9F5D44EA20FD75722D7D17ED"}
[2017-06-14 09:32:15][debug] begin notify
[2017-06-14 09:32:15][debug] call back:{"appid":"wxd46e99b7f83183e1","bank_type":"CFT","cash_fee":"1","fee_type":"CNY","is_subscribe":"Y","mch_id":"1383580102","nonce_str":"8zmp3kp7njecl9fjz3s9j88mfnadzje1","openid":"ovxXWv5Ldfh1B4nho4C-Jz6Kgma0","out_trade_no":"2017061409281813","result_code":"SUCCESS","return_code":"SUCCESS","sign":"00C30248F06468CD1FE40C4A203108DF","time_end":"20170614092810","total_fee":"1","trade_type":"JSAPI","transaction_id":"4005242001201706145645487542"}
[2017-06-14 09:32:16][debug] query:{"appid":"wxd46e99b7f83183e1","err_code":"ORDERNOTEXIST","err_code_des":"order not exist","mch_id":"1383580102","nonce_str":"o3uNyK46gE9z1fvQ","result_code":"FAIL","return_code":"SUCCESS","return_msg":"OK","sign":"CC2CA23909B5D93C51EDFCEA04F17C1B"}
[2017-06-14 10:02:17][debug] begin notify
[2017-06-14 10:02:17][debug] call back:{"appid":"wxd46e99b7f83183e1","bank_type":"CFT","cash_fee":"1","fee_type":"CNY","is_subscribe":"Y","mch_id":"1383580102","nonce_str":"8zmp3kp7njecl9fjz3s9j88mfnadzje1","openid":"ovxXWv5Ldfh1B4nho4C-Jz6Kgma0","out_trade_no":"2017061409281813","result_code":"SUCCESS","return_code":"SUCCESS","sign":"00C30248F06468CD1FE40C4A203108DF","time_end":"20170614092810","total_fee":"1","trade_type":"JSAPI","transaction_id":"4005242001201706145645487542"}
[2017-06-14 10:02:17][debug] query:{"appid":"wxd46e99b7f83183e1","err_code":"ORDERNOTEXIST","err_code_des":"order not exist","mch_id":"1383580102","nonce_str":"h0TNjVD1dzTA3mDo","result_code":"FAIL","return_code":"SUCCESS","return_msg":"OK","sign":"291E6DCA084B17C2D9644DA630880083"}
[2017-06-14 10:32:19][debug] begin notify
[2017-06-14 10:32:19][debug] call back:{"appid":"wxd46e99b7f83183e1","bank_type":"CFT","cash_fee":"1","fee_type":"CNY","is_subscribe":"Y","mch_id":"1383580102","nonce_str":"8zmp3kp7njecl9fjz3s9j88mfnadzje1","openid":"ovxXWv5Ldfh1B4nho4C-Jz6Kgma0","out_trade_no":"2017061409281813","result_code":"SUCCESS","return_code":"SUCCESS","sign":"00C30248F06468CD1FE40C4A203108DF","time_end":"20170614092810","total_fee":"1","trade_type":"JSAPI","transaction_id":"4005242001201706145645487542"}
[2017-06-14 10:32:19][debug] query:{"appid":"wxd46e99b7f83183e1","err_code":"ORDERNOTEXIST","err_code_des":"order not exist","mch_id":"1383580102","nonce_str":"AjvaqONIYCurc1Ty","result_code":"FAIL","return_code":"SUCCESS","return_msg":"OK","sign":"0E2681A0DF068F5526135CC6702DAB59"}
[2017-06-14 11:02:20][debug] begin notify
[2017-06-14 11:02:20][debug] call back:{"appid":"wxd46e99b7f83183e1","bank_type":"CFT","cash_fee":"1","fee_type":"CNY","is_subscribe":"Y","mch_id":"1383580102","nonce_str":"8zmp3kp7njecl9fjz3s9j88mfnadzje1","openid":"ovxXWv5Ldfh1B4nho4C-Jz6Kgma0","out_trade_no":"2017061409281813","result_code":"SUCCESS","return_code":"SUCCESS","sign":"00C30248F06468CD1FE40C4A203108DF","time_end":"20170614092810","total_fee":"1","trade_type":"JSAPI","transaction_id":"4005242001201706145645487542"}
[2017-06-14 11:02:20][debug] query:{"appid":"wxd46e99b7f83183e1","err_code":"ORDERNOTEXIST","err_code_des":"order not exist","mch_id":"1383580102","nonce_str":"DnlxY6hORr2tJBg1","result_code":"FAIL","return_code":"SUCCESS","return_msg":"OK","sign":"1FE74F6AEE11D7B8C0CA6385113198B4"}
[2017-06-14 11:32:21][debug] begin notify
[2017-06-14 11:32:21][debug] call back:{"appid":"wxd46e99b7f83183e1","bank_type":"CFT","cash_fee":"1","fee_type":"CNY","is_subscribe":"Y","mch_id":"1383580102","nonce_str":"8zmp3kp7njecl9fjz3s9j88mfnadzje1","openid":"ovxXWv5Ldfh1B4nho4C-Jz6Kgma0","out_trade_no":"2017061409281813","result_code":"SUCCESS","return_code":"SUCCESS","sign":"00C30248F06468CD1FE40C4A203108DF","time_end":"20170614092810","total_fee":"1","trade_type":"JSAPI","transaction_id":"4005242001201706145645487542"}
[2017-06-14 11:32:22][debug] query:{"appid":"wxd46e99b7f83183e1","err_code":"ORDERNOTEXIST","err_code_des":"order not exist","mch_id":"1383580102","nonce_str":"9S4XlICt68O7mpdd","result_code":"FAIL","return_code":"SUCCESS","return_msg":"OK","sign":"3C7149C328EF84AF3844419DE113754C"}
[2017-06-14 12:32:24][debug] begin notify
[2017-06-14 12:32:24][debug] call back:{"appid":"wxd46e99b7f83183e1","bank_type":"CFT","cash_fee":"1","fee_type":"CNY","is_subscribe":"Y","mch_id":"1383580102","nonce_str":"8zmp3kp7njecl9fjz3s9j88mfnadzje1","openid":"ovxXWv5Ldfh1B4nho4C-Jz6Kgma0","out_trade_no":"2017061409281813","result_code":"SUCCESS","return_code":"SUCCESS","sign":"00C30248F06468CD1FE40C4A203108DF","time_end":"20170614092810","total_fee":"1","trade_type":"JSAPI","transaction_id":"4005242001201706145645487542"}
[2017-06-14 12:32:24][debug] query:{"appid":"wxd46e99b7f83183e1","err_code":"ORDERNOTEXIST","err_code_des":"order not exist","mch_id":"1383580102","nonce_str":"DvbbxEiVgDjz1vJr","result_code":"FAIL","return_code":"SUCCESS","return_msg":"OK","sign":"A500CDDD2BCF2DC03C5DE07FDC16FF4F"}
[2017-06-14 17:41:32][debug] begin notify
[2017-06-14 17:41:32][debug] call back:{"appid":"wxd46e99b7f83183e1","bank_type":"CFT","cash_fee":"100","fee_type":"CNY","is_subscribe":"Y","mch_id":"1383580102","nonce_str":"encwtjohgc4kk70obqd0155h3272dt24","openid":"ovxXWv5Ldfh1B4nho4C-Jz6Kgma0","out_trade_no":"201706141741232104","result_code":"SUCCESS","return_code":"SUCCESS","sign":"9DB86C29661C994C0516CC508C79A5FA","time_end":"20170614174131","total_fee":"100","trade_type":"JSAPI","transaction_id":"4005242001201706145707198676"}
[2017-06-14 17:41:32][debug] query:{"appid":"wxd46e99b7f83183e1","err_code":"ORDERNOTEXIST","err_code_des":"order not exist","mch_id":"1383580102","nonce_str":"SFugLsQqx8oPX07g","result_code":"FAIL","return_code":"SUCCESS","return_msg":"OK","sign":"528D93B43D154EB6C311E7C2EC2A3702"}
[2017-06-14 17:41:34][debug] begin notify
[2017-06-14 17:41:35][debug] query:{"appid":"wxd46e99b7f83183e1","attach":[],"bank_type":"CFT","cash_fee":"100","fee_type":"CNY","is_subscribe":"Y","mch_id":"1383580102","nonce_str":"poPIL7dAsZauRsUJ","openid":"ovxXWv5Ldfh1B4nho4C-Jz6Kgma0","out_trade_no":"201706141741232104","result_code":"SUCCESS","return_code":"SUCCESS","return_msg":"OK","sign":"009362459DCD913B35311CB7B68F15DD","time_end":"20170614174131","total_fee":"100","trade_state":"SUCCESS","trade_type":"JSAPI","transaction_id":"4005242001201706145707198676"}
[2017-06-14 17:41:43][debug] begin notify
[2017-06-14 17:41:43][debug] call back:{"appid":"wxd46e99b7f83183e1","bank_type":"CFT","cash_fee":"100","fee_type":"CNY","is_subscribe":"Y","mch_id":"1383580102","nonce_str":"encwtjohgc4kk70obqd0155h3272dt24","openid":"ovxXWv5Ldfh1B4nho4C-Jz6Kgma0","out_trade_no":"201706141741232104","result_code":"SUCCESS","return_code":"SUCCESS","sign":"9DB86C29661C994C0516CC508C79A5FA","time_end":"20170614174131","total_fee":"100","trade_type":"JSAPI","transaction_id":"4005242001201706145707198676"}
[2017-06-14 17:41:43][debug] query:{"appid":"wxd46e99b7f83183e1","err_code":"ORDERNOTEXIST","err_code_des":"order not exist","mch_id":"1383580102","nonce_str":"ABdmNRcGyaT4RUx9","result_code":"FAIL","return_code":"SUCCESS","return_msg":"OK","sign":"EEB5B6B7AA1560398377B8FF97090FDE"}
[2017-06-14 17:42:00][debug] begin notify
[2017-06-14 17:42:00][debug] call back:{"appid":"wxd46e99b7f83183e1","bank_type":"CFT","cash_fee":"100","fee_type":"CNY","is_subscribe":"Y","mch_id":"1383580102","nonce_str":"encwtjohgc4kk70obqd0155h3272dt24","openid":"ovxXWv5Ldfh1B4nho4C-Jz6Kgma0","out_trade_no":"201706141741232104","result_code":"SUCCESS","return_code":"SUCCESS","sign":"9DB86C29661C994C0516CC508C79A5FA","time_end":"20170614174131","total_fee":"100","trade_type":"JSAPI","transaction_id":"4005242001201706145707198676"}
[2017-06-14 17:42:00][debug] query:{"appid":"wxd46e99b7f83183e1","err_code":"ORDERNOTEXIST","err_code_des":"order not exist","mch_id":"1383580102","nonce_str":"Aj6W3mOjF6M5oQ9F","result_code":"FAIL","return_code":"SUCCESS","return_msg":"OK","sign":"72BD1889B13C27A9DD903180DD9D8482"}
[2017-06-14 17:42:32][debug] begin notify
[2017-06-14 17:42:32][debug] call back:{"appid":"wxd46e99b7f83183e1","bank_type":"CFT","cash_fee":"100","fee_type":"CNY","is_subscribe":"Y","mch_id":"1383580102","nonce_str":"encwtjohgc4kk70obqd0155h3272dt24","openid":"ovxXWv5Ldfh1B4nho4C-Jz6Kgma0","out_trade_no":"201706141741232104","result_code":"SUCCESS","return_code":"SUCCESS","sign":"9DB86C29661C994C0516CC508C79A5FA","time_end":"20170614174131","total_fee":"100","trade_type":"JSAPI","transaction_id":"4005242001201706145707198676"}
[2017-06-14 17:42:32][debug] query:{"appid":"wxd46e99b7f83183e1","err_code":"ORDERNOTEXIST","err_code_des":"order not exist","mch_id":"1383580102","nonce_str":"BAq3ddQk2pafXZmP","result_code":"FAIL","return_code":"SUCCESS","return_msg":"OK","sign":"4421680C0234FF74D683E1B0B854DE25"}
[2017-06-14 17:45:33][debug] begin notify
[2017-06-14 17:45:33][debug] call back:{"appid":"wxd46e99b7f83183e1","bank_type":"CFT","cash_fee":"100","fee_type":"CNY","is_subscribe":"Y","mch_id":"1383580102","nonce_str":"encwtjohgc4kk70obqd0155h3272dt24","openid":"ovxXWv5Ldfh1B4nho4C-Jz6Kgma0","out_trade_no":"201706141741232104","result_code":"SUCCESS","return_code":"SUCCESS","sign":"9DB86C29661C994C0516CC508C79A5FA","time_end":"20170614174131","total_fee":"100","trade_type":"JSAPI","transaction_id":"4005242001201706145707198676"}
[2017-06-14 17:45:33][debug] query:{"appid":"wxd46e99b7f83183e1","err_code":"ORDERNOTEXIST","err_code_des":"order not exist","mch_id":"1383580102","nonce_str":"dIXjZqqEGrfGWdNS","result_code":"FAIL","return_code":"SUCCESS","return_msg":"OK","sign":"160FB6DA986E302FECC327EE60EFDA1B"}
[2017-06-14 18:15:35][debug] begin notify
[2017-06-14 18:15:35][debug] call back:{"appid":"wxd46e99b7f83183e1","bank_type":"CFT","cash_fee":"100","fee_type":"CNY","is_subscribe":"Y","mch_id":"1383580102","nonce_str":"encwtjohgc4kk70obqd0155h3272dt24","openid":"ovxXWv5Ldfh1B4nho4C-Jz6Kgma0","out_trade_no":"201706141741232104","result_code":"SUCCESS","return_code":"SUCCESS","sign":"9DB86C29661C994C0516CC508C79A5FA","time_end":"20170614174131","total_fee":"100","trade_type":"JSAPI","transaction_id":"4005242001201706145707198676"}
[2017-06-14 18:15:35][debug] query:{"appid":"wxd46e99b7f83183e1","err_code":"ORDERNOTEXIST","err_code_des":"order not exist","mch_id":"1383580102","nonce_str":"g8wvnC9FL8LW0YPq","result_code":"FAIL","return_code":"SUCCESS","return_msg":"OK","sign":"9875E785610CCAABF84D8CB5D4634293"}
[2017-06-14 18:45:38][debug] begin notify
[2017-06-14 18:45:38][debug] call back:{"appid":"wxd46e99b7f83183e1","bank_type":"CFT","cash_fee":"100","fee_type":"CNY","is_subscribe":"Y","mch_id":"1383580102","nonce_str":"encwtjohgc4kk70obqd0155h3272dt24","openid":"ovxXWv5Ldfh1B4nho4C-Jz6Kgma0","out_trade_no":"201706141741232104","result_code":"SUCCESS","return_code":"SUCCESS","sign":"9DB86C29661C994C0516CC508C79A5FA","time_end":"20170614174131","total_fee":"100","trade_type":"JSAPI","transaction_id":"4005242001201706145707198676"}
[2017-06-14 18:45:38][debug] query:{"appid":"wxd46e99b7f83183e1","err_code":"ORDERNOTEXIST","err_code_des":"order not exist","mch_id":"1383580102","nonce_str":"vi6vEUo81A9Y89bl","result_code":"FAIL","return_code":"SUCCESS","return_msg":"OK","sign":"DCBE54506E91C311923E04DEB6A67F0B"}
[2017-06-14 19:15:40][debug] begin notify
[2017-06-14 19:15:40][debug] call back:{"appid":"wxd46e99b7f83183e1","bank_type":"CFT","cash_fee":"100","fee_type":"CNY","is_subscribe":"Y","mch_id":"1383580102","nonce_str":"encwtjohgc4kk70obqd0155h3272dt24","openid":"ovxXWv5Ldfh1B4nho4C-Jz6Kgma0","out_trade_no":"201706141741232104","result_code":"SUCCESS","return_code":"SUCCESS","sign":"9DB86C29661C994C0516CC508C79A5FA","time_end":"20170614174131","total_fee":"100","trade_type":"JSAPI","transaction_id":"4005242001201706145707198676"}
[2017-06-14 19:15:40][debug] query:{"appid":"wxd46e99b7f83183e1","err_code":"ORDERNOTEXIST","err_code_des":"order not exist","mch_id":"1383580102","nonce_str":"9YFghDYKJT2Qkx3G","result_code":"FAIL","return_code":"SUCCESS","return_msg":"OK","sign":"467C4C5D5C19973CEF63DFC3859ECD79"}
[2017-06-14 19:45:42][debug] begin notify
[2017-06-14 19:45:42][debug] call back:{"appid":"wxd46e99b7f83183e1","bank_type":"CFT","cash_fee":"100","fee_type":"CNY","is_subscribe":"Y","mch_id":"1383580102","nonce_str":"encwtjohgc4kk70obqd0155h3272dt24","openid":"ovxXWv5Ldfh1B4nho4C-Jz6Kgma0","out_trade_no":"201706141741232104","result_code":"SUCCESS","return_code":"SUCCESS","sign":"9DB86C29661C994C0516CC508C79A5FA","time_end":"20170614174131","total_fee":"100","trade_type":"JSAPI","transaction_id":"4005242001201706145707198676"}
[2017-06-14 19:45:42][debug] query:{"appid":"wxd46e99b7f83183e1","err_code":"ORDERNOTEXIST","err_code_des":"order not exist","mch_id":"1383580102","nonce_str":"m93QzonR85wJgUS0","result_code":"FAIL","return_code":"SUCCESS","return_msg":"OK","sign":"1C671EEE207773D374538C08453BD3CD"}
[2017-06-14 20:45:44][debug] begin notify
[2017-06-14 20:45:44][debug] call back:{"appid":"wxd46e99b7f83183e1","bank_type":"CFT","cash_fee":"100","fee_type":"CNY","is_subscribe":"Y","mch_id":"1383580102","nonce_str":"encwtjohgc4kk70obqd0155h3272dt24","openid":"ovxXWv5Ldfh1B4nho4C-Jz6Kgma0","out_trade_no":"201706141741232104","result_code":"SUCCESS","return_code":"SUCCESS","sign":"9DB86C29661C994C0516CC508C79A5FA","time_end":"20170614174131","total_fee":"100","trade_type":"JSAPI","transaction_id":"4005242001201706145707198676"}
[2017-06-14 20:45:44][debug] query:{"appid":"wxd46e99b7f83183e1","err_code":"ORDERNOTEXIST","err_code_des":"order not exist","mch_id":"1383580102","nonce_str":"utcjwBBBOSVkTE0l","result_code":"FAIL","return_code":"SUCCESS","return_msg":"OK","sign":"C2FBC9D0E5911494470D1947AD5AD406"}
