[2017-06-07 17:14:51][debug] begin notify
[2017-06-07 17:14:51][debug] call back:{"appid":"wxd46e99b7f83183e1","bank_type":"CEB_CREDIT","cash_fee":"100","fee_type":"CNY","is_subscribe":"Y","mch_id":"1383580102","nonce_str":"yysyif2rtkl0fw8fj2ly0hpb3ouefam6","openid":"ovxXWv3CHJLsugBLuDQiCAxREFtE","out_trade_no":"201706071714406782","result_code":"SUCCESS","return_code":"SUCCESS","sign":"708FAAAF8F9F5BA919E86A7E99043235","time_end":"20170607171450","total_fee":"100","trade_type":"JSAPI","transaction_id":"4002902001201706074702068392"}
[2017-06-07 17:14:51][debug] query:{"appid":"wxd46e99b7f83183e1","err_code":"ORDERNOTEXIST","err_code_des":"order not exist","mch_id":"1383580102","nonce_str":"Gbt3SEpb4YBXhK21","result_code":"FAIL","return_code":"SUCCESS","return_msg":"OK","sign":"94F47F323FE4AAB9180865694E2DBCAB"}
[2017-06-07 17:14:52][debug] begin notify
[2017-06-07 17:14:52][debug] query:{"appid":"wxd46e99b7f83183e1","attach":[],"bank_type":"CEB_CREDIT","cash_fee":"100","fee_type":"CNY","is_subscribe":"Y","mch_id":"1383580102","nonce_str":"7zdkRZR45Xqt45Iw","openid":"ovxXWv3CHJLsugBLuDQiCAxREFtE","out_trade_no":"201706071714406782","result_code":"SUCCESS","return_code":"SUCCESS","return_msg":"OK","sign":"D6E89AAF9C119849A29F08D52430508E","time_end":"20170607171450","total_fee":"100","trade_state":"SUCCESS","trade_type":"JSAPI","transaction_id":"4002902001201706074702068392"}
[2017-06-07 17:15:01][debug] begin notify
[2017-06-07 17:15:01][debug] call back:{"appid":"wxd46e99b7f83183e1","bank_type":"CEB_CREDIT","cash_fee":"100","fee_type":"CNY","is_subscribe":"Y","mch_id":"1383580102","nonce_str":"yysyif2rtkl0fw8fj2ly0hpb3ouefam6","openid":"ovxXWv3CHJLsugBLuDQiCAxREFtE","out_trade_no":"201706071714406782","result_code":"SUCCESS","return_code":"SUCCESS","sign":"708FAAAF8F9F5BA919E86A7E99043235","time_end":"20170607171450","total_fee":"100","trade_type":"JSAPI","transaction_id":"4002902001201706074702068392"}
[2017-06-07 17:15:01][debug] query:{"appid":"wxd46e99b7f83183e1","err_code":"ORDERNOTEXIST","err_code_des":"order not exist","mch_id":"1383580102","nonce_str":"6MhUpQpCeMKdXJg0","result_code":"FAIL","return_code":"SUCCESS","return_msg":"OK","sign":"9251DED0FE2133D2D995C35E8D18BB3B"}
[2017-06-07 17:15:18][debug] begin notify
[2017-06-07 17:15:18][debug] call back:{"appid":"wxd46e99b7f83183e1","bank_type":"CEB_CREDIT","cash_fee":"100","fee_type":"CNY","is_subscribe":"Y","mch_id":"1383580102","nonce_str":"yysyif2rtkl0fw8fj2ly0hpb3ouefam6","openid":"ovxXWv3CHJLsugBLuDQiCAxREFtE","out_trade_no":"201706071714406782","result_code":"SUCCESS","return_code":"SUCCESS","sign":"708FAAAF8F9F5BA919E86A7E99043235","time_end":"20170607171450","total_fee":"100","trade_type":"JSAPI","transaction_id":"4002902001201706074702068392"}
[2017-06-07 17:15:18][debug] query:{"appid":"wxd46e99b7f83183e1","err_code":"ORDERNOTEXIST","err_code_des":"order not exist","mch_id":"1383580102","nonce_str":"QKrUP6yPMJUShOCs","result_code":"FAIL","return_code":"SUCCESS","return_msg":"OK","sign":"1D750AB8D7D7CB720446CB04DD2A388F"}
[2017-06-07 17:15:51][debug] begin notify
[2017-06-07 17:15:51][debug] call back:{"appid":"wxd46e99b7f83183e1","bank_type":"CEB_CREDIT","cash_fee":"100","fee_type":"CNY","is_subscribe":"Y","mch_id":"1383580102","nonce_str":"yysyif2rtkl0fw8fj2ly0hpb3ouefam6","openid":"ovxXWv3CHJLsugBLuDQiCAxREFtE","out_trade_no":"201706071714406782","result_code":"SUCCESS","return_code":"SUCCESS","sign":"708FAAAF8F9F5BA919E86A7E99043235","time_end":"20170607171450","total_fee":"100","trade_type":"JSAPI","transaction_id":"4002902001201706074702068392"}
[2017-06-07 17:15:51][debug] query:{"appid":"wxd46e99b7f83183e1","err_code":"ORDERNOTEXIST","err_code_des":"order not exist","mch_id":"1383580102","nonce_str":"86vqMBOjUQXHeSLg","result_code":"FAIL","return_code":"SUCCESS","return_msg":"OK","sign":"3E06D156C314512AD656BFE0E0963E50"}
[2017-06-07 17:18:53][debug] begin notify
[2017-06-07 17:18:53][debug] call back:{"appid":"wxd46e99b7f83183e1","bank_type":"CEB_CREDIT","cash_fee":"100","fee_type":"CNY","is_subscribe":"Y","mch_id":"1383580102","nonce_str":"yysyif2rtkl0fw8fj2ly0hpb3ouefam6","openid":"ovxXWv3CHJLsugBLuDQiCAxREFtE","out_trade_no":"201706071714406782","result_code":"SUCCESS","return_code":"SUCCESS","sign":"708FAAAF8F9F5BA919E86A7E99043235","time_end":"20170607171450","total_fee":"100","trade_type":"JSAPI","transaction_id":"4002902001201706074702068392"}
[2017-06-07 17:18:54][debug] query:{"appid":"wxd46e99b7f83183e1","err_code":"ORDERNOTEXIST","err_code_des":"order not exist","mch_id":"1383580102","nonce_str":"OcDfGJA4RO2lpo75","result_code":"FAIL","return_code":"SUCCESS","return_msg":"OK","sign":"D790C1D90002425C4BDAA3A60402CC52"}
[2017-06-07 17:48:55][debug] begin notify
[2017-06-07 17:48:55][debug] call back:{"appid":"wxd46e99b7f83183e1","bank_type":"CEB_CREDIT","cash_fee":"100","fee_type":"CNY","is_subscribe":"Y","mch_id":"1383580102","nonce_str":"yysyif2rtkl0fw8fj2ly0hpb3ouefam6","openid":"ovxXWv3CHJLsugBLuDQiCAxREFtE","out_trade_no":"201706071714406782","result_code":"SUCCESS","return_code":"SUCCESS","sign":"708FAAAF8F9F5BA919E86A7E99043235","time_end":"20170607171450","total_fee":"100","trade_type":"JSAPI","transaction_id":"4002902001201706074702068392"}
[2017-06-07 17:48:55][debug] query:{"appid":"wxd46e99b7f83183e1","err_code":"ORDERNOTEXIST","err_code_des":"order not exist","mch_id":"1383580102","nonce_str":"fBbYJWgDaTTJHP8c","result_code":"FAIL","return_code":"SUCCESS","return_msg":"OK","sign":"0B837699F15F40B2D7D8713841148626"}
[2017-06-07 18:18:56][debug] begin notify
[2017-06-07 18:18:56][debug] call back:{"appid":"wxd46e99b7f83183e1","bank_type":"CEB_CREDIT","cash_fee":"100","fee_type":"CNY","is_subscribe":"Y","mch_id":"1383580102","nonce_str":"yysyif2rtkl0fw8fj2ly0hpb3ouefam6","openid":"ovxXWv3CHJLsugBLuDQiCAxREFtE","out_trade_no":"201706071714406782","result_code":"SUCCESS","return_code":"SUCCESS","sign":"708FAAAF8F9F5BA919E86A7E99043235","time_end":"20170607171450","total_fee":"100","trade_type":"JSAPI","transaction_id":"4002902001201706074702068392"}
[2017-06-07 18:18:56][debug] query:{"appid":"wxd46e99b7f83183e1","err_code":"ORDERNOTEXIST","err_code_des":"order not exist","mch_id":"1383580102","nonce_str":"mOcyHcWRqhtbfnoh","result_code":"FAIL","return_code":"SUCCESS","return_msg":"OK","sign":"D2C21DD6E3D83AEE999C4B8603DBC69C"}
[2017-06-07 18:48:58][debug] begin notify
[2017-06-07 18:48:58][debug] call back:{"appid":"wxd46e99b7f83183e1","bank_type":"CEB_CREDIT","cash_fee":"100","fee_type":"CNY","is_subscribe":"Y","mch_id":"1383580102","nonce_str":"yysyif2rtkl0fw8fj2ly0hpb3ouefam6","openid":"ovxXWv3CHJLsugBLuDQiCAxREFtE","out_trade_no":"201706071714406782","result_code":"SUCCESS","return_code":"SUCCESS","sign":"708FAAAF8F9F5BA919E86A7E99043235","time_end":"20170607171450","total_fee":"100","trade_type":"JSAPI","transaction_id":"4002902001201706074702068392"}
[2017-06-07 18:48:58][debug] query:{"appid":"wxd46e99b7f83183e1","err_code":"ORDERNOTEXIST","err_code_des":"order not exist","mch_id":"1383580102","nonce_str":"T0XQhtPoMORpYHCl","result_code":"FAIL","return_code":"SUCCESS","return_msg":"OK","sign":"A25F6E6844ACB8655F1196948186C4F8"}
[2017-06-07 19:19:00][debug] begin notify
[2017-06-07 19:19:00][debug] call back:{"appid":"wxd46e99b7f83183e1","bank_type":"CEB_CREDIT","cash_fee":"100","fee_type":"CNY","is_subscribe":"Y","mch_id":"1383580102","nonce_str":"yysyif2rtkl0fw8fj2ly0hpb3ouefam6","openid":"ovxXWv3CHJLsugBLuDQiCAxREFtE","out_trade_no":"201706071714406782","result_code":"SUCCESS","return_code":"SUCCESS","sign":"708FAAAF8F9F5BA919E86A7E99043235","time_end":"20170607171450","total_fee":"100","trade_type":"JSAPI","transaction_id":"4002902001201706074702068392"}
[2017-06-07 19:19:00][debug] query:{"appid":"wxd46e99b7f83183e1","err_code":"ORDERNOTEXIST","err_code_des":"order not exist","mch_id":"1383580102","nonce_str":"oJ3NC16KN2Ke8roV","result_code":"FAIL","return_code":"SUCCESS","return_msg":"OK","sign":"E0F124E539F645B40B1D56C60D57B236"}
[2017-06-07 20:19:03][debug] begin notify
[2017-06-07 20:19:03][debug] call back:{"appid":"wxd46e99b7f83183e1","bank_type":"CEB_CREDIT","cash_fee":"100","fee_type":"CNY","is_subscribe":"Y","mch_id":"1383580102","nonce_str":"yysyif2rtkl0fw8fj2ly0hpb3ouefam6","openid":"ovxXWv3CHJLsugBLuDQiCAxREFtE","out_trade_no":"201706071714406782","result_code":"SUCCESS","return_code":"SUCCESS","sign":"708FAAAF8F9F5BA919E86A7E99043235","time_end":"20170607171450","total_fee":"100","trade_type":"JSAPI","transaction_id":"4002902001201706074702068392"}
[2017-06-07 20:19:03][debug] query:{"appid":"wxd46e99b7f83183e1","err_code":"ORDERNOTEXIST","err_code_des":"order not exist","mch_id":"1383580102","nonce_str":"Eaj1mLZIvITPfy9I","result_code":"FAIL","return_code":"SUCCESS","return_msg":"OK","sign":"115406D080BFFCA8E288FBE7C8CD1987"}
