[2017-06-11 09:22:27][debug] begin notify
[2017-06-11 09:22:27][debug] call back:{"appid":"wxd46e99b7f83183e1","bank_type":"CFT","cash_fee":"1","fee_type":"CNY","is_subscribe":"Y","mch_id":"1383580102","nonce_str":"ny6uj3movdk1o9ipcccxzec4aynfcjxj","openid":"ovxXWv5Ldfh1B4nho4C-Jz6Kgma0","out_trade_no":"2017061109225244","result_code":"SUCCESS","return_code":"SUCCESS","sign":"07371084F2D4112D1CEE2FE14D3D994F","time_end":"20170611092226","total_fee":"1","trade_type":"JSAPI","transaction_id":"4005242001201706115215076354"}
[2017-06-11 09:22:27][debug] query:{"appid":"wxd46e99b7f83183e1","err_code":"ORDERNOTEXIST","err_code_des":"order not exist","mch_id":"1383580102","nonce_str":"8Wf0nBcnKY3yOCse","result_code":"FAIL","return_code":"SUCCESS","return_msg":"OK","sign":"E2759160AEE31CD4492B0BF88792107F"}
[2017-06-11 09:22:30][debug] begin notify
[2017-06-11 09:22:30][debug] query:{"appid":"wxd46e99b7f83183e1","attach":[],"bank_type":"CFT","cash_fee":"1","fee_type":"CNY","is_subscribe":"Y","mch_id":"1383580102","nonce_str":"naXGCkOXyuxtacCC","openid":"ovxXWv5Ldfh1B4nho4C-Jz6Kgma0","out_trade_no":"2017061109225244","result_code":"SUCCESS","return_code":"SUCCESS","return_msg":"OK","sign":"F758BD25865A6C1D79E532C5A91DCD45","time_end":"20170611092226","total_fee":"1","trade_state":"SUCCESS","trade_type":"JSAPI","transaction_id":"4005242001201706115215076354"}
[2017-06-11 09:22:39][debug] begin notify
[2017-06-11 09:22:39][debug] call back:{"appid":"wxd46e99b7f83183e1","bank_type":"CFT","cash_fee":"1","fee_type":"CNY","is_subscribe":"Y","mch_id":"1383580102","nonce_str":"ny6uj3movdk1o9ipcccxzec4aynfcjxj","openid":"ovxXWv5Ldfh1B4nho4C-Jz6Kgma0","out_trade_no":"2017061109225244","result_code":"SUCCESS","return_code":"SUCCESS","sign":"07371084F2D4112D1CEE2FE14D3D994F","time_end":"20170611092226","total_fee":"1","trade_type":"JSAPI","transaction_id":"4005242001201706115215076354"}
[2017-06-11 09:22:39][debug] query:{"appid":"wxd46e99b7f83183e1","err_code":"ORDERNOTEXIST","err_code_des":"order not exist","mch_id":"1383580102","nonce_str":"jq9La2jQUfeb8Q7k","result_code":"FAIL","return_code":"SUCCESS","return_msg":"OK","sign":"ABA0D4999F405781FC4D260EEE13D352"}
[2017-06-11 09:22:55][debug] begin notify
[2017-06-11 09:22:55][debug] call back:{"appid":"wxd46e99b7f83183e1","bank_type":"CFT","cash_fee":"1","fee_type":"CNY","is_subscribe":"Y","mch_id":"1383580102","nonce_str":"ny6uj3movdk1o9ipcccxzec4aynfcjxj","openid":"ovxXWv5Ldfh1B4nho4C-Jz6Kgma0","out_trade_no":"2017061109225244","result_code":"SUCCESS","return_code":"SUCCESS","sign":"07371084F2D4112D1CEE2FE14D3D994F","time_end":"20170611092226","total_fee":"1","trade_type":"JSAPI","transaction_id":"4005242001201706115215076354"}
[2017-06-11 09:22:56][debug] query:{"appid":"wxd46e99b7f83183e1","err_code":"ORDERNOTEXIST","err_code_des":"order not exist","mch_id":"1383580102","nonce_str":"PcObGrSo2r0EAQE5","result_code":"FAIL","return_code":"SUCCESS","return_msg":"OK","sign":"E8B0D1DDAFED0550B55958E6CA4EB712"}
[2017-06-11 09:23:28][debug] begin notify
[2017-06-11 09:23:28][debug] call back:{"appid":"wxd46e99b7f83183e1","bank_type":"CFT","cash_fee":"1","fee_type":"CNY","is_subscribe":"Y","mch_id":"1383580102","nonce_str":"ny6uj3movdk1o9ipcccxzec4aynfcjxj","openid":"ovxXWv5Ldfh1B4nho4C-Jz6Kgma0","out_trade_no":"2017061109225244","result_code":"SUCCESS","return_code":"SUCCESS","sign":"07371084F2D4112D1CEE2FE14D3D994F","time_end":"20170611092226","total_fee":"1","trade_type":"JSAPI","transaction_id":"4005242001201706115215076354"}
[2017-06-11 09:23:28][debug] query:{"appid":"wxd46e99b7f83183e1","err_code":"ORDERNOTEXIST","err_code_des":"order not exist","mch_id":"1383580102","nonce_str":"knGVWrxK3NdymRAZ","result_code":"FAIL","return_code":"SUCCESS","return_msg":"OK","sign":"9F2505082C0015A294685561AAABD9E8"}
[2017-06-11 09:26:29][debug] begin notify
[2017-06-11 09:26:29][debug] call back:{"appid":"wxd46e99b7f83183e1","bank_type":"CFT","cash_fee":"1","fee_type":"CNY","is_subscribe":"Y","mch_id":"1383580102","nonce_str":"ny6uj3movdk1o9ipcccxzec4aynfcjxj","openid":"ovxXWv5Ldfh1B4nho4C-Jz6Kgma0","out_trade_no":"2017061109225244","result_code":"SUCCESS","return_code":"SUCCESS","sign":"07371084F2D4112D1CEE2FE14D3D994F","time_end":"20170611092226","total_fee":"1","trade_type":"JSAPI","transaction_id":"4005242001201706115215076354"}
[2017-06-11 09:26:30][debug] query:{"appid":"wxd46e99b7f83183e1","err_code":"ORDERNOTEXIST","err_code_des":"order not exist","mch_id":"1383580102","nonce_str":"Ewg9XIX87QCTO9Yz","result_code":"FAIL","return_code":"SUCCESS","return_msg":"OK","sign":"838E6BE251923948F0B136AC3F5460D4"}
[2017-06-11 09:56:31][debug] begin notify
[2017-06-11 09:56:31][debug] call back:{"appid":"wxd46e99b7f83183e1","bank_type":"CFT","cash_fee":"1","fee_type":"CNY","is_subscribe":"Y","mch_id":"1383580102","nonce_str":"ny6uj3movdk1o9ipcccxzec4aynfcjxj","openid":"ovxXWv5Ldfh1B4nho4C-Jz6Kgma0","out_trade_no":"2017061109225244","result_code":"SUCCESS","return_code":"SUCCESS","sign":"07371084F2D4112D1CEE2FE14D3D994F","time_end":"20170611092226","total_fee":"1","trade_type":"JSAPI","transaction_id":"4005242001201706115215076354"}
[2017-06-11 09:56:31][debug] query:{"appid":"wxd46e99b7f83183e1","err_code":"ORDERNOTEXIST","err_code_des":"order not exist","mch_id":"1383580102","nonce_str":"O9o4jbXEAwx49jFu","result_code":"FAIL","return_code":"SUCCESS","return_msg":"OK","sign":"F6CCB42F0A75D8C5ACD4008C157F4D59"}
[2017-06-11 10:26:33][debug] begin notify
[2017-06-11 10:26:33][debug] call back:{"appid":"wxd46e99b7f83183e1","bank_type":"CFT","cash_fee":"1","fee_type":"CNY","is_subscribe":"Y","mch_id":"1383580102","nonce_str":"ny6uj3movdk1o9ipcccxzec4aynfcjxj","openid":"ovxXWv5Ldfh1B4nho4C-Jz6Kgma0","out_trade_no":"2017061109225244","result_code":"SUCCESS","return_code":"SUCCESS","sign":"07371084F2D4112D1CEE2FE14D3D994F","time_end":"20170611092226","total_fee":"1","trade_type":"JSAPI","transaction_id":"4005242001201706115215076354"}
[2017-06-11 10:26:33][debug] query:{"appid":"wxd46e99b7f83183e1","err_code":"ORDERNOTEXIST","err_code_des":"order not exist","mch_id":"1383580102","nonce_str":"AmxgZF3fvnCXsfzf","result_code":"FAIL","return_code":"SUCCESS","return_msg":"OK","sign":"12369B2C3C548A680C9030AE627E845F"}
[2017-06-11 10:56:39][debug] begin notify
[2017-06-11 10:56:39][debug] call back:{"appid":"wxd46e99b7f83183e1","bank_type":"CFT","cash_fee":"1","fee_type":"CNY","is_subscribe":"Y","mch_id":"1383580102","nonce_str":"ny6uj3movdk1o9ipcccxzec4aynfcjxj","openid":"ovxXWv5Ldfh1B4nho4C-Jz6Kgma0","out_trade_no":"2017061109225244","result_code":"SUCCESS","return_code":"SUCCESS","sign":"07371084F2D4112D1CEE2FE14D3D994F","time_end":"20170611092226","total_fee":"1","trade_type":"JSAPI","transaction_id":"4005242001201706115215076354"}
[2017-06-11 10:56:39][debug] query:{"appid":"wxd46e99b7f83183e1","err_code":"ORDERNOTEXIST","err_code_des":"order not exist","mch_id":"1383580102","nonce_str":"ZxS5ZtEe3t5xApiP","result_code":"FAIL","return_code":"SUCCESS","return_msg":"OK","sign":"C7534DB0E8861069F49A41A6A58EEC7D"}
[2017-06-11 11:26:42][debug] begin notify
[2017-06-11 11:26:42][debug] call back:{"appid":"wxd46e99b7f83183e1","bank_type":"CFT","cash_fee":"1","fee_type":"CNY","is_subscribe":"Y","mch_id":"1383580102","nonce_str":"ny6uj3movdk1o9ipcccxzec4aynfcjxj","openid":"ovxXWv5Ldfh1B4nho4C-Jz6Kgma0","out_trade_no":"2017061109225244","result_code":"SUCCESS","return_code":"SUCCESS","sign":"07371084F2D4112D1CEE2FE14D3D994F","time_end":"20170611092226","total_fee":"1","trade_type":"JSAPI","transaction_id":"4005242001201706115215076354"}
[2017-06-11 11:26:42][debug] query:{"appid":"wxd46e99b7f83183e1","err_code":"ORDERNOTEXIST","err_code_des":"order not exist","mch_id":"1383580102","nonce_str":"BBy1Z9y1KH6Yy5Je","result_code":"FAIL","return_code":"SUCCESS","return_msg":"OK","sign":"921C14346E237547E04E0834AC6B4C2D"}
[2017-06-11 12:26:43][debug] begin notify
[2017-06-11 12:26:43][debug] call back:{"appid":"wxd46e99b7f83183e1","bank_type":"CFT","cash_fee":"1","fee_type":"CNY","is_subscribe":"Y","mch_id":"1383580102","nonce_str":"ny6uj3movdk1o9ipcccxzec4aynfcjxj","openid":"ovxXWv5Ldfh1B4nho4C-Jz6Kgma0","out_trade_no":"2017061109225244","result_code":"SUCCESS","return_code":"SUCCESS","sign":"07371084F2D4112D1CEE2FE14D3D994F","time_end":"20170611092226","total_fee":"1","trade_type":"JSAPI","transaction_id":"4005242001201706115215076354"}
[2017-06-11 12:26:43][debug] query:{"appid":"wxd46e99b7f83183e1","err_code":"ORDERNOTEXIST","err_code_des":"order not exist","mch_id":"1383580102","nonce_str":"ddErrMgLHRHMG4R8","result_code":"FAIL","return_code":"SUCCESS","return_msg":"OK","sign":"DC9AE09F5A3AC812533524A07B2E0F34"}
