[2017-06-15 09:37:40][debug] begin notify
[2017-06-15 09:37:40][debug] call back:{"appid":"wxd46e99b7f83183e1","bank_type":"CFT","cash_fee":"1","fee_type":"CNY","is_subscribe":"Y","mch_id":"1383580102","nonce_str":"5n7n6snirzlphe8pi51btcbpdluzpv26","openid":"ovxXWv5Ldfh1B4nho4C-Jz6Kgma0","out_trade_no":"2017061509374002","result_code":"SUCCESS","return_code":"SUCCESS","sign":"8898BCD17E3BDB30A8AACA433FBEB4F0","time_end":"20170615093739","total_fee":"1","trade_type":"JSAPI","transaction_id":"4005242001201706155787126796"}
[2017-06-15 09:37:40][debug] query:{"appid":"wxd46e99b7f83183e1","err_code":"ORDERNOTEXIST","err_code_des":"order not exist","mch_id":"1383580102","nonce_str":"BOYXiwEywMjgoytm","result_code":"FAIL","return_code":"SUCCESS","return_msg":"OK","sign":"FA51CB4C182B926DB7C2F32BC4B42BA0"}
[2017-06-15 09:37:42][debug] begin notify
[2017-06-15 09:37:42][debug] query:{"appid":"wxd46e99b7f83183e1","attach":[],"bank_type":"CFT","cash_fee":"1","fee_type":"CNY","is_subscribe":"Y","mch_id":"1383580102","nonce_str":"6LJJcEMAJaRymv23","openid":"ovxXWv5Ldfh1B4nho4C-Jz6Kgma0","out_trade_no":"2017061509374002","result_code":"SUCCESS","return_code":"SUCCESS","return_msg":"OK","sign":"533902BC54B878C44B613D3EBA89ED27","time_end":"20170615093739","total_fee":"1","trade_state":"SUCCESS","trade_type":"JSAPI","transaction_id":"4005242001201706155787126796"}
[2017-06-15 09:37:50][debug] begin notify
[2017-06-15 09:37:50][debug] call back:{"appid":"wxd46e99b7f83183e1","bank_type":"CFT","cash_fee":"1","fee_type":"CNY","is_subscribe":"Y","mch_id":"1383580102","nonce_str":"5n7n6snirzlphe8pi51btcbpdluzpv26","openid":"ovxXWv5Ldfh1B4nho4C-Jz6Kgma0","out_trade_no":"2017061509374002","result_code":"SUCCESS","return_code":"SUCCESS","sign":"8898BCD17E3BDB30A8AACA433FBEB4F0","time_end":"20170615093739","total_fee":"1","trade_type":"JSAPI","transaction_id":"4005242001201706155787126796"}
[2017-06-15 09:37:50][debug] query:{"appid":"wxd46e99b7f83183e1","err_code":"ORDERNOTEXIST","err_code_des":"order not exist","mch_id":"1383580102","nonce_str":"r8BMWECpytTRmB3H","result_code":"FAIL","return_code":"SUCCESS","return_msg":"OK","sign":"CCF3FBDE072A5490C9FA99E6CB52E658"}
[2017-06-15 09:38:07][debug] begin notify
[2017-06-15 09:38:07][debug] call back:{"appid":"wxd46e99b7f83183e1","bank_type":"CFT","cash_fee":"1","fee_type":"CNY","is_subscribe":"Y","mch_id":"1383580102","nonce_str":"5n7n6snirzlphe8pi51btcbpdluzpv26","openid":"ovxXWv5Ldfh1B4nho4C-Jz6Kgma0","out_trade_no":"2017061509374002","result_code":"SUCCESS","return_code":"SUCCESS","sign":"8898BCD17E3BDB30A8AACA433FBEB4F0","time_end":"20170615093739","total_fee":"1","trade_type":"JSAPI","transaction_id":"4005242001201706155787126796"}
[2017-06-15 09:38:07][debug] query:{"appid":"wxd46e99b7f83183e1","err_code":"ORDERNOTEXIST","err_code_des":"order not exist","mch_id":"1383580102","nonce_str":"BnTlybZ8nk0go4B3","result_code":"FAIL","return_code":"SUCCESS","return_msg":"OK","sign":"F3A5B7321C703DD0E7F4EF64981DFB31"}
[2017-06-15 09:38:39][debug] begin notify
[2017-06-15 09:38:39][debug] call back:{"appid":"wxd46e99b7f83183e1","bank_type":"CFT","cash_fee":"1","fee_type":"CNY","is_subscribe":"Y","mch_id":"1383580102","nonce_str":"5n7n6snirzlphe8pi51btcbpdluzpv26","openid":"ovxXWv5Ldfh1B4nho4C-Jz6Kgma0","out_trade_no":"2017061509374002","result_code":"SUCCESS","return_code":"SUCCESS","sign":"8898BCD17E3BDB30A8AACA433FBEB4F0","time_end":"20170615093739","total_fee":"1","trade_type":"JSAPI","transaction_id":"4005242001201706155787126796"}
[2017-06-15 09:38:39][debug] query:{"appid":"wxd46e99b7f83183e1","err_code":"ORDERNOTEXIST","err_code_des":"order not exist","mch_id":"1383580102","nonce_str":"HVaGwAuPAB2oZ5ft","result_code":"FAIL","return_code":"SUCCESS","return_msg":"OK","sign":"17D57563EFF23DBF44EC1F8D89CAA824"}
[2017-06-15 09:41:42][debug] begin notify
[2017-06-15 09:41:42][debug] call back:{"appid":"wxd46e99b7f83183e1","bank_type":"CFT","cash_fee":"1","fee_type":"CNY","is_subscribe":"Y","mch_id":"1383580102","nonce_str":"5n7n6snirzlphe8pi51btcbpdluzpv26","openid":"ovxXWv5Ldfh1B4nho4C-Jz6Kgma0","out_trade_no":"2017061509374002","result_code":"SUCCESS","return_code":"SUCCESS","sign":"8898BCD17E3BDB30A8AACA433FBEB4F0","time_end":"20170615093739","total_fee":"1","trade_type":"JSAPI","transaction_id":"4005242001201706155787126796"}
[2017-06-15 09:41:42][debug] query:{"appid":"wxd46e99b7f83183e1","err_code":"ORDERNOTEXIST","err_code_des":"order not exist","mch_id":"1383580102","nonce_str":"dkF3gljq2vmt20mf","result_code":"FAIL","return_code":"SUCCESS","return_msg":"OK","sign":"E91BA583B3ECDFFFD42342EA02DEC7BA"}
[2017-06-15 10:11:45][debug] begin notify
[2017-06-15 10:11:45][debug] call back:{"appid":"wxd46e99b7f83183e1","bank_type":"CFT","cash_fee":"1","fee_type":"CNY","is_subscribe":"Y","mch_id":"1383580102","nonce_str":"5n7n6snirzlphe8pi51btcbpdluzpv26","openid":"ovxXWv5Ldfh1B4nho4C-Jz6Kgma0","out_trade_no":"2017061509374002","result_code":"SUCCESS","return_code":"SUCCESS","sign":"8898BCD17E3BDB30A8AACA433FBEB4F0","time_end":"20170615093739","total_fee":"1","trade_type":"JSAPI","transaction_id":"4005242001201706155787126796"}
[2017-06-15 10:11:45][debug] query:{"appid":"wxd46e99b7f83183e1","err_code":"ORDERNOTEXIST","err_code_des":"order not exist","mch_id":"1383580102","nonce_str":"2KykvHWbOTFKePKo","result_code":"FAIL","return_code":"SUCCESS","return_msg":"OK","sign":"25B82C2A939D3A011F6973FFBD7F32B9"}
[2017-06-15 10:41:48][debug] begin notify
[2017-06-15 10:41:48][debug] call back:{"appid":"wxd46e99b7f83183e1","bank_type":"CFT","cash_fee":"1","fee_type":"CNY","is_subscribe":"Y","mch_id":"1383580102","nonce_str":"5n7n6snirzlphe8pi51btcbpdluzpv26","openid":"ovxXWv5Ldfh1B4nho4C-Jz6Kgma0","out_trade_no":"2017061509374002","result_code":"SUCCESS","return_code":"SUCCESS","sign":"8898BCD17E3BDB30A8AACA433FBEB4F0","time_end":"20170615093739","total_fee":"1","trade_type":"JSAPI","transaction_id":"4005242001201706155787126796"}
[2017-06-15 10:41:48][debug] query:{"appid":"wxd46e99b7f83183e1","err_code":"ORDERNOTEXIST","err_code_des":"order not exist","mch_id":"1383580102","nonce_str":"A3ifgRheNZSYru7Z","result_code":"FAIL","return_code":"SUCCESS","return_msg":"OK","sign":"ED8189BFF9F282A07CE5DD2A9BE5B68E"}
[2017-06-15 11:11:51][debug] begin notify
[2017-06-15 11:11:51][debug] call back:{"appid":"wxd46e99b7f83183e1","bank_type":"CFT","cash_fee":"1","fee_type":"CNY","is_subscribe":"Y","mch_id":"1383580102","nonce_str":"5n7n6snirzlphe8pi51btcbpdluzpv26","openid":"ovxXWv5Ldfh1B4nho4C-Jz6Kgma0","out_trade_no":"2017061509374002","result_code":"SUCCESS","return_code":"SUCCESS","sign":"8898BCD17E3BDB30A8AACA433FBEB4F0","time_end":"20170615093739","total_fee":"1","trade_type":"JSAPI","transaction_id":"4005242001201706155787126796"}
[2017-06-15 11:11:51][debug] query:{"appid":"wxd46e99b7f83183e1","err_code":"ORDERNOTEXIST","err_code_des":"order not exist","mch_id":"1383580102","nonce_str":"A8Vvy4B1S5hnce3t","result_code":"FAIL","return_code":"SUCCESS","return_msg":"OK","sign":"ACC9A548975E8F7D042AA474720DDEBA"}
[2017-06-15 11:41:53][debug] begin notify
[2017-06-15 11:41:53][debug] call back:{"appid":"wxd46e99b7f83183e1","bank_type":"CFT","cash_fee":"1","fee_type":"CNY","is_subscribe":"Y","mch_id":"1383580102","nonce_str":"5n7n6snirzlphe8pi51btcbpdluzpv26","openid":"ovxXWv5Ldfh1B4nho4C-Jz6Kgma0","out_trade_no":"2017061509374002","result_code":"SUCCESS","return_code":"SUCCESS","sign":"8898BCD17E3BDB30A8AACA433FBEB4F0","time_end":"20170615093739","total_fee":"1","trade_type":"JSAPI","transaction_id":"4005242001201706155787126796"}
[2017-06-15 11:41:53][debug] query:{"appid":"wxd46e99b7f83183e1","err_code":"ORDERNOTEXIST","err_code_des":"order not exist","mch_id":"1383580102","nonce_str":"OtMF9iPwJNmqy2xr","result_code":"FAIL","return_code":"SUCCESS","return_msg":"OK","sign":"78DD20FD57EA5C2A18D345DB5E680206"}
[2017-06-15 12:41:54][debug] begin notify
[2017-06-15 12:41:54][debug] call back:{"appid":"wxd46e99b7f83183e1","bank_type":"CFT","cash_fee":"1","fee_type":"CNY","is_subscribe":"Y","mch_id":"1383580102","nonce_str":"5n7n6snirzlphe8pi51btcbpdluzpv26","openid":"ovxXWv5Ldfh1B4nho4C-Jz6Kgma0","out_trade_no":"2017061509374002","result_code":"SUCCESS","return_code":"SUCCESS","sign":"8898BCD17E3BDB30A8AACA433FBEB4F0","time_end":"20170615093739","total_fee":"1","trade_type":"JSAPI","transaction_id":"4005242001201706155787126796"}
[2017-06-15 12:41:55][debug] query:{"appid":"wxd46e99b7f83183e1","err_code":"ORDERNOTEXIST","err_code_des":"order not exist","mch_id":"1383580102","nonce_str":"jIJz5q1qhZ0CizAg","result_code":"FAIL","return_code":"SUCCESS","return_msg":"OK","sign":"1BA8F476E4B33BDD02481A088C8BE02B"}
