[2017-05-24 00:02:31][debug] begin notify
[2017-05-24 00:02:31][debug] call back:{"appid":"wxd46e99b7f83183e1","bank_type":"CFT","cash_fee":"100","fee_type":"CNY","is_subscribe":"Y","mch_id":"1383580102","nonce_str":"0fu707iobqw809d70xae0aet9mtru1s9","openid":"ovxXWvwz8SMTLTHeZpNyA-BjAtR0","out_trade_no":"201705232158027433","result_code":"SUCCESS","return_code":"SUCCESS","sign":"B9D604B83E1D8108D8BF4DB76F1D330D","time_end":"20170523215811","total_fee":"100","trade_type":"JSAPI","transaction_id":"4010042001201705232260187811"}
[2017-05-24 00:02:33][debug] query:{"appid":"wxd46e99b7f83183e1","err_code":"ORDERNOTEXIST","err_code_des":"order not exist","mch_id":"1383580102","nonce_str":"kfEiFZ4e7rfnKuKL","result_code":"FAIL","return_code":"SUCCESS","return_msg":"OK","sign":"A2B3A7F69314C7002E9659255AC4F695"}
[2017-05-24 00:18:22][debug] begin notify
[2017-05-24 00:18:22][debug] call back:{"appid":"wxd46e99b7f83183e1","bank_type":"CFT","cash_fee":"100","fee_type":"CNY","is_subscribe":"Y","mch_id":"1383580102","nonce_str":"34wmn4980dturgrohr04qy6mto7bojul","openid":"ovxXWvwz8SMTLTHeZpNyA-BjAtR0","out_trade_no":"201705232113445324","result_code":"SUCCESS","return_code":"SUCCESS","sign":"F4F51E235D38D041EF0F2199411A1987","time_end":"20170523211352","total_fee":"100","trade_type":"JSAPI","transaction_id":"4010042001201705232256911122"}
[2017-05-24 00:18:24][debug] query:{"appid":"wxd46e99b7f83183e1","err_code":"ORDERNOTEXIST","err_code_des":"order not exist","mch_id":"1383580102","nonce_str":"MEPVdyKx36aHdnEY","result_code":"FAIL","return_code":"SUCCESS","return_msg":"OK","sign":"E71CD2C5D7DF2A2FF092F91AB5A182A3"}
[2017-05-24 00:27:22][debug] begin notify
[2017-05-24 00:27:22][debug] call back:{"appid":"wxd46e99b7f83183e1","bank_type":"CFT","cash_fee":"100","fee_type":"CNY","is_subscribe":"Y","mch_id":"1383580102","nonce_str":"dh52lmtoytnufhjofdey9bvkh6wr50vy","openid":"ovxXWvwz8SMTLTHeZpNyA-BjAtR0","out_trade_no":"201705232122484370","result_code":"SUCCESS","return_code":"SUCCESS","sign":"E7C2CF9E8A1C3DE09795A42C01036F42","time_end":"20170523212256","total_fee":"100","trade_type":"JSAPI","transaction_id":"4010042001201705232257253243"}
[2017-05-24 00:27:23][debug] query:{"appid":"wxd46e99b7f83183e1","err_code":"ORDERNOTEXIST","err_code_des":"order not exist","mch_id":"1383580102","nonce_str":"7KnayPn3DUL7xrNz","result_code":"FAIL","return_code":"SUCCESS","return_msg":"OK","sign":"0AEAB8E4F7E0E1B436D4622191FE46F5"}
[2017-05-24 00:29:09][debug] begin notify
[2017-05-24 00:29:09][debug] call back:{"appid":"wxd46e99b7f83183e1","bank_type":"CFT","cash_fee":"100","fee_type":"CNY","is_subscribe":"Y","mch_id":"1383580102","nonce_str":"5l7lw71gt355hcytqeesrr6d57q7npuz","openid":"ovxXWvxyv93ZrijzHey2ZZO4qc6o","out_trade_no":"201705232124384232","result_code":"SUCCESS","return_code":"SUCCESS","sign":"5C7FEDDF652E6F317357A6E7B04FECC9","time_end":"20170523212445","total_fee":"100","trade_type":"JSAPI","transaction_id":"4003232001201705232259070908"}
[2017-05-24 00:29:11][debug] query:{"appid":"wxd46e99b7f83183e1","err_code":"ORDERNOTEXIST","err_code_des":"order not exist","mch_id":"1383580102","nonce_str":"UQ9CuPrebWvsr5Rq","result_code":"FAIL","return_code":"SUCCESS","return_msg":"OK","sign":"7ACE327328FB2EAFC64068693F6241A1"}
[2017-05-24 00:33:23][debug] begin notify
[2017-05-24 00:33:23][debug] call back:{"appid":"wxd46e99b7f83183e1","bank_type":"CFT","cash_fee":"100","fee_type":"CNY","is_subscribe":"Y","mch_id":"1383580102","nonce_str":"9h11rq15liyrkxx0m03sig232yh71hql","openid":"ovxXWv5Ldfh1B4nho4C-Jz6Kgma0","out_trade_no":"201705232128363789","result_code":"SUCCESS","return_code":"SUCCESS","sign":"D6BDC07AE670CE1545958E9ED227CF96","time_end":"20170523212853","total_fee":"100","trade_type":"JSAPI","transaction_id":"4005242001201705232259305843"}
[2017-05-24 00:33:24][debug] query:{"appid":"wxd46e99b7f83183e1","err_code":"ORDERNOTEXIST","err_code_des":"order not exist","mch_id":"1383580102","nonce_str":"psQCBHGb0396QtKa","result_code":"FAIL","return_code":"SUCCESS","return_msg":"OK","sign":"6F01016494AD12C1B549B6510C335274"}
[2017-05-24 00:42:03][debug] begin notify
[2017-05-24 00:42:03][debug] call back:{"appid":"wxd46e99b7f83183e1","bank_type":"CFT","cash_fee":"100","fee_type":"CNY","is_subscribe":"Y","mch_id":"1383580102","nonce_str":"z3k5ki3fxr5ynipdnlf2ejecyk9pvav0","openid":"ovxXWvwz8SMTLTHeZpNyA-BjAtR0","out_trade_no":"201705232137325565","result_code":"SUCCESS","return_code":"SUCCESS","sign":"D17D6DDEE7B879020EBC241C2B6D6D11","time_end":"20170523213739","total_fee":"100","trade_type":"JSAPI","transaction_id":"4010042001201705232260546898"}
[2017-05-24 00:42:05][debug] query:{"appid":"wxd46e99b7f83183e1","err_code":"ORDERNOTEXIST","err_code_des":"order not exist","mch_id":"1383580102","nonce_str":"aH0QdNA7F2ca4ZwX","result_code":"FAIL","return_code":"SUCCESS","return_msg":"OK","sign":"4B13DC1B355A9EF8B403080E4E62F046"}
[2017-05-24 00:47:59][debug] begin notify
[2017-05-24 00:47:59][debug] call back:{"appid":"wxd46e99b7f83183e1","bank_type":"ICBC_DEBIT","cash_fee":"100","fee_type":"CNY","is_subscribe":"Y","mch_id":"1383580102","nonce_str":"hxfhy2b1zx1c3l2ndpn8bv1e0t3vg62p","openid":"ovxXWvxyv93ZrijzHey2ZZO4qc6o","out_trade_no":"201705232143132368","result_code":"SUCCESS","return_code":"SUCCESS","sign":"29BBD4E32A1D674979CDC3AECEC66CB0","time_end":"20170523214331","total_fee":"100","trade_type":"JSAPI","transaction_id":"4003232001201705232255711132"}
[2017-05-24 00:48:01][debug] query:{"appid":"wxd46e99b7f83183e1","err_code":"ORDERNOTEXIST","err_code_des":"order not exist","mch_id":"1383580102","nonce_str":"mYJNaAYCyXGx4ktI","result_code":"FAIL","return_code":"SUCCESS","return_msg":"OK","sign":"F56CE76C937DBA5FDBE634F4AE444AC0"}
[2017-05-24 00:50:38][debug] begin notify
[2017-05-24 00:50:38][debug] call back:{"appid":"wxd46e99b7f83183e1","bank_type":"CFT","cash_fee":"100","fee_type":"CNY","is_subscribe":"Y","mch_id":"1383580102","nonce_str":"fghu0ot1wyf9kha9xxxbl3sjtivaj2ok","openid":"ovxXWvwz8SMTLTHeZpNyA-BjAtR0","out_trade_no":"2017052321456766","result_code":"SUCCESS","return_code":"SUCCESS","sign":"B56728D532594ECCA28373C398554D38","time_end":"20170523214609","total_fee":"100","trade_type":"JSAPI","transaction_id":"4010042001201705232259796443"}
[2017-05-24 00:50:39][debug] query:{"appid":"wxd46e99b7f83183e1","err_code":"ORDERNOTEXIST","err_code_des":"order not exist","mch_id":"1383580102","nonce_str":"OgPI7VjAKV8aubke","result_code":"FAIL","return_code":"SUCCESS","return_msg":"OK","sign":"C025CBF3BA806EE2D6C3F6E5E8E1A5AF"}
[2017-05-24 00:57:16][debug] begin notify
[2017-05-24 00:57:16][debug] call back:{"appid":"wxd46e99b7f83183e1","bank_type":"ICBC_DEBIT","cash_fee":"100","fee_type":"CNY","is_subscribe":"Y","mch_id":"1383580102","nonce_str":"hjd4dravbqpulwv3ux709ewdh57i1lku","openid":"ovxXWvxyv93ZrijzHey2ZZO4qc6o","out_trade_no":"201705232152387877","result_code":"SUCCESS","return_code":"SUCCESS","sign":"93277A33791884D5B4BE86AAA6651390","time_end":"20170523215247","total_fee":"100","trade_type":"JSAPI","transaction_id":"4003232001201705232260940277"}
[2017-05-24 00:57:18][debug] query:{"appid":"wxd46e99b7f83183e1","err_code":"ORDERNOTEXIST","err_code_des":"order not exist","mch_id":"1383580102","nonce_str":"bthUarDWny0SF4Pl","result_code":"FAIL","return_code":"SUCCESS","return_msg":"OK","sign":"2B5BA161416868EF9DC3D9D5DA64B008"}
[2017-05-24 00:59:47][debug] begin notify
[2017-05-24 00:59:47][debug] call back:{"appid":"wxd46e99b7f83183e1","bank_type":"ICBC_DEBIT","cash_fee":"100","fee_type":"CNY","is_subscribe":"Y","mch_id":"1383580102","nonce_str":"q4q7aqp42buers8rqh8c3kb2e8n6xuvi","openid":"ovxXWvxyv93ZrijzHey2ZZO4qc6o","out_trade_no":"201705232155143945","result_code":"SUCCESS","return_code":"SUCCESS","sign":"7F5AC41102D2DD2E87F6D614EA03FBD7","time_end":"20170523215524","total_fee":"100","trade_type":"JSAPI","transaction_id":"4003232001201705232256168814"}
[2017-05-24 00:59:49][debug] query:{"appid":"wxd46e99b7f83183e1","err_code":"ORDERNOTEXIST","err_code_des":"order not exist","mch_id":"1383580102","nonce_str":"pOTro9D31Q5BQ2eg","result_code":"FAIL","return_code":"SUCCESS","return_msg":"OK","sign":"EAC0447C657D91040BF33DA6EE6A2ED1"}
[2017-05-24 01:02:35][debug] begin notify
[2017-05-24 01:02:35][debug] call back:{"appid":"wxd46e99b7f83183e1","bank_type":"CFT","cash_fee":"100","fee_type":"CNY","is_subscribe":"Y","mch_id":"1383580102","nonce_str":"0fu707iobqw809d70xae0aet9mtru1s9","openid":"ovxXWvwz8SMTLTHeZpNyA-BjAtR0","out_trade_no":"201705232158027433","result_code":"SUCCESS","return_code":"SUCCESS","sign":"B9D604B83E1D8108D8BF4DB76F1D330D","time_end":"20170523215811","total_fee":"100","trade_type":"JSAPI","transaction_id":"4010042001201705232260187811"}
[2017-05-24 01:02:36][debug] query:{"appid":"wxd46e99b7f83183e1","err_code":"ORDERNOTEXIST","err_code_des":"order not exist","mch_id":"1383580102","nonce_str":"e4zVAwrf5527c7Q7","result_code":"FAIL","return_code":"SUCCESS","return_msg":"OK","sign":"1B1A2B5BD41CD886A874012CE6DBA6A8"}
[2017-05-24 19:07:35][debug] begin notify
[2017-05-24 19:07:35][debug] call back:{"appid":"wxd46e99b7f83183e1","bank_type":"CFT","cash_fee":"100","fee_type":"CNY","is_subscribe":"Y","mch_id":"1383580102","nonce_str":"g3dpzpjr5eyuhfkc0k6fp23mou61ajgf","openid":"ovxXWvwz8SMTLTHeZpNyA-BjAtR0","out_trade_no":"201705241907254024","result_code":"SUCCESS","return_code":"SUCCESS","sign":"B27BA17FA8BAA9B3B1BEB61A6EFAF554","time_end":"20170524190735","total_fee":"100","trade_type":"JSAPI","transaction_id":"4010042001201705242389852711"}
[2017-05-24 19:07:36][debug] query:{"appid":"wxd46e99b7f83183e1","err_code":"ORDERNOTEXIST","err_code_des":"order not exist","mch_id":"1383580102","nonce_str":"87rVAKJOOLIMyfsh","result_code":"FAIL","return_code":"SUCCESS","return_msg":"OK","sign":"B426BA6EB7926C36383EC78B88E64890"}
[2017-05-24 19:07:38][debug] begin notify
[2017-05-24 19:07:40][debug] query:{"appid":"wxd46e99b7f83183e1","attach":[],"bank_type":"CFT","cash_fee":"100","fee_type":"CNY","is_subscribe":"Y","mch_id":"1383580102","nonce_str":"hzb1PmwvYB0loaOU","openid":"ovxXWvwz8SMTLTHeZpNyA-BjAtR0","out_trade_no":"201705241907254024","result_code":"SUCCESS","return_code":"SUCCESS","return_msg":"OK","sign":"99860ADB4D483D9D57B7A343E459D94B","time_end":"20170524190735","total_fee":"100","trade_state":"SUCCESS","trade_type":"JSAPI","transaction_id":"4010042001201705242389852711"}
[2017-05-24 19:07:51][debug] begin notify
[2017-05-24 19:07:51][debug] call back:{"appid":"wxd46e99b7f83183e1","bank_type":"CFT","cash_fee":"100","fee_type":"CNY","is_subscribe":"Y","mch_id":"1383580102","nonce_str":"g3dpzpjr5eyuhfkc0k6fp23mou61ajgf","openid":"ovxXWvwz8SMTLTHeZpNyA-BjAtR0","out_trade_no":"201705241907254024","result_code":"SUCCESS","return_code":"SUCCESS","sign":"B27BA17FA8BAA9B3B1BEB61A6EFAF554","time_end":"20170524190735","total_fee":"100","trade_type":"JSAPI","transaction_id":"4010042001201705242389852711"}
[2017-05-24 19:07:53][debug] query:{"appid":"wxd46e99b7f83183e1","err_code":"ORDERNOTEXIST","err_code_des":"order not exist","mch_id":"1383580102","nonce_str":"5icBVpbKsR1fRhak","result_code":"FAIL","return_code":"SUCCESS","return_msg":"OK","sign":"260E09AE47A488D6B8BBD3017AEB24CD"}
[2017-05-24 19:08:10][debug] begin notify
[2017-05-24 19:08:10][debug] call back:{"appid":"wxd46e99b7f83183e1","bank_type":"CFT","cash_fee":"100","fee_type":"CNY","is_subscribe":"Y","mch_id":"1383580102","nonce_str":"g3dpzpjr5eyuhfkc0k6fp23mou61ajgf","openid":"ovxXWvwz8SMTLTHeZpNyA-BjAtR0","out_trade_no":"201705241907254024","result_code":"SUCCESS","return_code":"SUCCESS","sign":"B27BA17FA8BAA9B3B1BEB61A6EFAF554","time_end":"20170524190735","total_fee":"100","trade_type":"JSAPI","transaction_id":"4010042001201705242389852711"}
[2017-05-24 19:08:11][debug] query:{"appid":"wxd46e99b7f83183e1","err_code":"ORDERNOTEXIST","err_code_des":"order not exist","mch_id":"1383580102","nonce_str":"34ciBOTnweKkRhQo","result_code":"FAIL","return_code":"SUCCESS","return_msg":"OK","sign":"DCEC430204DE39A2504C8531A94080F8"}
[2017-05-24 19:08:43][debug] begin notify
[2017-05-24 19:08:43][debug] call back:{"appid":"wxd46e99b7f83183e1","bank_type":"CFT","cash_fee":"100","fee_type":"CNY","is_subscribe":"Y","mch_id":"1383580102","nonce_str":"g3dpzpjr5eyuhfkc0k6fp23mou61ajgf","openid":"ovxXWvwz8SMTLTHeZpNyA-BjAtR0","out_trade_no":"201705241907254024","result_code":"SUCCESS","return_code":"SUCCESS","sign":"B27BA17FA8BAA9B3B1BEB61A6EFAF554","time_end":"20170524190735","total_fee":"100","trade_type":"JSAPI","transaction_id":"4010042001201705242389852711"}
[2017-05-24 19:08:45][debug] query:{"appid":"wxd46e99b7f83183e1","err_code":"ORDERNOTEXIST","err_code_des":"order not exist","mch_id":"1383580102","nonce_str":"3cVTr6HHAhVVErXW","result_code":"FAIL","return_code":"SUCCESS","return_msg":"OK","sign":"47FA3C6FCCF268FA1FAA5DCCF49BECCC"}
[2017-05-24 19:11:35][debug] begin notify
[2017-05-24 19:11:35][debug] call back:{"appid":"wxd46e99b7f83183e1","bank_type":"CFT","cash_fee":"100","fee_type":"CNY","is_subscribe":"Y","mch_id":"1383580102","nonce_str":"ed1mo067e3moeje6t20yeorrgx87ke10","openid":"ovxXWv5Ldfh1B4nho4C-Jz6Kgma0","out_trade_no":"201705241911122847","result_code":"SUCCESS","return_code":"SUCCESS","sign":"5FEB14E61CE64A68F0D64FB08E468561","time_end":"20170524191134","total_fee":"100","trade_type":"JSAPI","transaction_id":"4005242001201705242391261239"}
[2017-05-24 19:11:36][debug] query:{"appid":"wxd46e99b7f83183e1","err_code":"ORDERNOTEXIST","err_code_des":"order not exist","mch_id":"1383580102","nonce_str":"anurLwR1qsGxj2mn","result_code":"FAIL","return_code":"SUCCESS","return_msg":"OK","sign":"BF60FDFE7D0C7A90153E915C4A9DC1DF"}
[2017-05-24 19:11:36][debug] begin notify
[2017-05-24 19:11:38][debug] query:{"appid":"wxd46e99b7f83183e1","mch_id":"1383580102","nonce_str":"CkeWbnWBIxTqa0Pv","out_trade_no":"201705241911164320","result_code":"SUCCESS","return_code":"SUCCESS","return_msg":"OK","sign":"8F18E2F0C4E1D7F6CAFD7292319D0447","trade_state":"NOTPAY","trade_state_desc":"\u8ba2\u5355\u672a\u652f\u4ed8"}
[2017-05-24 19:11:46][debug] begin notify
[2017-05-24 19:11:46][debug] call back:{"appid":"wxd46e99b7f83183e1","bank_type":"CFT","cash_fee":"100","fee_type":"CNY","is_subscribe":"Y","mch_id":"1383580102","nonce_str":"g3dpzpjr5eyuhfkc0k6fp23mou61ajgf","openid":"ovxXWvwz8SMTLTHeZpNyA-BjAtR0","out_trade_no":"201705241907254024","result_code":"SUCCESS","return_code":"SUCCESS","sign":"B27BA17FA8BAA9B3B1BEB61A6EFAF554","time_end":"20170524190735","total_fee":"100","trade_type":"JSAPI","transaction_id":"4010042001201705242389852711"}
[2017-05-24 19:11:48][debug] begin notify
[2017-05-24 19:11:48][debug] call back:{"appid":"wxd46e99b7f83183e1","bank_type":"CFT","cash_fee":"100","fee_type":"CNY","is_subscribe":"Y","mch_id":"1383580102","nonce_str":"ed1mo067e3moeje6t20yeorrgx87ke10","openid":"ovxXWv5Ldfh1B4nho4C-Jz6Kgma0","out_trade_no":"201705241911122847","result_code":"SUCCESS","return_code":"SUCCESS","sign":"5FEB14E61CE64A68F0D64FB08E468561","time_end":"20170524191134","total_fee":"100","trade_type":"JSAPI","transaction_id":"4005242001201705242391261239"}
[2017-05-24 19:11:48][debug] query:{"appid":"wxd46e99b7f83183e1","err_code":"ORDERNOTEXIST","err_code_des":"order not exist","mch_id":"1383580102","nonce_str":"RBuopuIP0OoPhdX2","result_code":"FAIL","return_code":"SUCCESS","return_msg":"OK","sign":"1846B3A33BEF32EB1FE244C03BCF2F88"}
[2017-05-24 19:11:50][debug] query:{"appid":"wxd46e99b7f83183e1","err_code":"ORDERNOTEXIST","err_code_des":"order not exist","mch_id":"1383580102","nonce_str":"vihVgoW1XV8LBvqu","result_code":"FAIL","return_code":"SUCCESS","return_msg":"OK","sign":"F9972501D4416109AA786AC46034C2CF"}
[2017-05-24 19:12:07][debug] begin notify
[2017-05-24 19:12:07][debug] call back:{"appid":"wxd46e99b7f83183e1","bank_type":"CFT","cash_fee":"100","fee_type":"CNY","is_subscribe":"Y","mch_id":"1383580102","nonce_str":"ed1mo067e3moeje6t20yeorrgx87ke10","openid":"ovxXWv5Ldfh1B4nho4C-Jz6Kgma0","out_trade_no":"201705241911122847","result_code":"SUCCESS","return_code":"SUCCESS","sign":"5FEB14E61CE64A68F0D64FB08E468561","time_end":"20170524191134","total_fee":"100","trade_type":"JSAPI","transaction_id":"4005242001201705242391261239"}
[2017-05-24 19:12:07][debug] query:{"appid":"wxd46e99b7f83183e1","err_code":"ORDERNOTEXIST","err_code_des":"order not exist","mch_id":"1383580102","nonce_str":"ONKFbPqNqruFpLxi","result_code":"FAIL","return_code":"SUCCESS","return_msg":"OK","sign":"2BB1DFA98ED07E34CD77F22923FDEFEB"}
[2017-05-24 19:12:39][debug] begin notify
[2017-05-24 19:12:39][debug] call back:{"appid":"wxd46e99b7f83183e1","bank_type":"CFT","cash_fee":"100","fee_type":"CNY","is_subscribe":"Y","mch_id":"1383580102","nonce_str":"ed1mo067e3moeje6t20yeorrgx87ke10","openid":"ovxXWv5Ldfh1B4nho4C-Jz6Kgma0","out_trade_no":"201705241911122847","result_code":"SUCCESS","return_code":"SUCCESS","sign":"5FEB14E61CE64A68F0D64FB08E468561","time_end":"20170524191134","total_fee":"100","trade_type":"JSAPI","transaction_id":"4005242001201705242391261239"}
[2017-05-24 19:12:41][debug] query:{"appid":"wxd46e99b7f83183e1","err_code":"ORDERNOTEXIST","err_code_des":"order not exist","mch_id":"1383580102","nonce_str":"lerZBOYP8Amk0ghr","result_code":"FAIL","return_code":"SUCCESS","return_msg":"OK","sign":"54487ABBD36E36CF786E36F5C19D7A82"}
[2017-05-24 19:13:15][debug] begin notify
[2017-05-24 19:13:15][debug] call back:{"appid":"wxd46e99b7f83183e1","bank_type":"CFT","cash_fee":"2751","coupon_count":"1","coupon_fee":"149","coupon_fee_0":"149","coupon_id_0":"2000000000064731101","fee_type":"CNY","is_subscribe":"Y","mch_id":"1383580102","nonce_str":"0jugvhorxuh4x352p1t7syfjj2wnexgu","openid":"ovxXWvwz8SMTLTHeZpNyA-BjAtR0","out_trade_no":"201705241913007631","result_code":"SUCCESS","return_code":"SUCCESS","sign":"0B9B2C19F7A197F0171429D1A0570DC3","time_end":"20170524191314","total_fee":"2900","trade_type":"JSAPI","transaction_id":"4010042001201705242391304539"}
[2017-05-24 19:13:16][debug] query:{"appid":"wxd46e99b7f83183e1","err_code":"ORDERNOTEXIST","err_code_des":"order not exist","mch_id":"1383580102","nonce_str":"G1idGxmfrluEXGuy","result_code":"FAIL","return_code":"SUCCESS","return_msg":"OK","sign":"D148F0224B0E00D07D732440708392ED"}
[2017-05-24 19:13:19][debug] begin notify
[2017-05-24 19:13:21][debug] query:{"appid":"wxd46e99b7f83183e1","attach":[],"bank_type":"CFT","cash_fee":"2751","coupon_count":"1","coupon_fee":"149","coupon_fee_0":"149","fee_type":"CNY","is_subscribe":"Y","mch_id":"1383580102","nonce_str":"oZNc6QIYdMzgyHI9","openid":"ovxXWvwz8SMTLTHeZpNyA-BjAtR0","out_trade_no":"201705241913007631","result_code":"SUCCESS","return_code":"SUCCESS","return_msg":"OK","sign":"BEDA20547BEB597AE45B257D037263D1","time_end":"20170524191314","total_fee":"2900","trade_state":"SUCCESS","trade_type":"JSAPI","transaction_id":"4010042001201705242391304539"}
[2017-05-24 19:13:28][debug] begin notify
[2017-05-24 19:13:28][debug] call back:{"appid":"wxd46e99b7f83183e1","bank_type":"CFT","cash_fee":"2751","coupon_count":"1","coupon_fee":"149","coupon_fee_0":"149","coupon_id_0":"2000000000064731101","fee_type":"CNY","is_subscribe":"Y","mch_id":"1383580102","nonce_str":"0jugvhorxuh4x352p1t7syfjj2wnexgu","openid":"ovxXWvwz8SMTLTHeZpNyA-BjAtR0","out_trade_no":"201705241913007631","result_code":"SUCCESS","return_code":"SUCCESS","sign":"0B9B2C19F7A197F0171429D1A0570DC3","time_end":"20170524191314","total_fee":"2900","trade_type":"JSAPI","transaction_id":"4010042001201705242391304539"}
[2017-05-24 19:13:29][debug] query:{"appid":"wxd46e99b7f83183e1","err_code":"ORDERNOTEXIST","err_code_des":"order not exist","mch_id":"1383580102","nonce_str":"CYLnXEup0ynfT1rk","result_code":"FAIL","return_code":"SUCCESS","return_msg":"OK","sign":"C558186A21177A830EF5E4C3160A1044"}
[2017-05-24 19:13:46][debug] begin notify
[2017-05-24 19:13:46][debug] call back:{"appid":"wxd46e99b7f83183e1","bank_type":"CFT","cash_fee":"2751","coupon_count":"1","coupon_fee":"149","coupon_fee_0":"149","coupon_id_0":"2000000000064731101","fee_type":"CNY","is_subscribe":"Y","mch_id":"1383580102","nonce_str":"0jugvhorxuh4x352p1t7syfjj2wnexgu","openid":"ovxXWvwz8SMTLTHeZpNyA-BjAtR0","out_trade_no":"201705241913007631","result_code":"SUCCESS","return_code":"SUCCESS","sign":"0B9B2C19F7A197F0171429D1A0570DC3","time_end":"20170524191314","total_fee":"2900","trade_type":"JSAPI","transaction_id":"4010042001201705242391304539"}
[2017-05-24 19:13:48][debug] query:{"appid":"wxd46e99b7f83183e1","err_code":"ORDERNOTEXIST","err_code_des":"order not exist","mch_id":"1383580102","nonce_str":"RRJtPp33mwtAs3jU","result_code":"FAIL","return_code":"SUCCESS","return_msg":"OK","sign":"315D25251232605C98F05CB673DA57E8"}
[2017-05-24 19:14:20][debug] begin notify
[2017-05-24 19:14:20][debug] call back:{"appid":"wxd46e99b7f83183e1","bank_type":"CFT","cash_fee":"2751","coupon_count":"1","coupon_fee":"149","coupon_fee_0":"149","coupon_id_0":"2000000000064731101","fee_type":"CNY","is_subscribe":"Y","mch_id":"1383580102","nonce_str":"0jugvhorxuh4x352p1t7syfjj2wnexgu","openid":"ovxXWvwz8SMTLTHeZpNyA-BjAtR0","out_trade_no":"201705241913007631","result_code":"SUCCESS","return_code":"SUCCESS","sign":"0B9B2C19F7A197F0171429D1A0570DC3","time_end":"20170524191314","total_fee":"2900","trade_type":"JSAPI","transaction_id":"4010042001201705242391304539"}
[2017-05-24 19:14:21][debug] query:{"appid":"wxd46e99b7f83183e1","err_code":"ORDERNOTEXIST","err_code_des":"order not exist","mch_id":"1383580102","nonce_str":"w39pakwT6imPa8Fn","result_code":"FAIL","return_code":"SUCCESS","return_msg":"OK","sign":"D16475E4476014B9850BB1CD3AB6447F"}
[2017-05-24 19:15:44][debug] begin notify
[2017-05-24 19:15:44][debug] call back:{"appid":"wxd46e99b7f83183e1","bank_type":"CFT","cash_fee":"100","fee_type":"CNY","is_subscribe":"Y","mch_id":"1383580102","nonce_str":"ed1mo067e3moeje6t20yeorrgx87ke10","openid":"ovxXWv5Ldfh1B4nho4C-Jz6Kgma0","out_trade_no":"201705241911122847","result_code":"SUCCESS","return_code":"SUCCESS","sign":"5FEB14E61CE64A68F0D64FB08E468561","time_end":"20170524191134","total_fee":"100","trade_type":"JSAPI","transaction_id":"4005242001201705242391261239"}
[2017-05-24 19:15:45][debug] query:{"appid":"wxd46e99b7f83183e1","err_code":"ORDERNOTEXIST","err_code_des":"order not exist","mch_id":"1383580102","nonce_str":"YOOSyuKRP4nUpd8S","result_code":"FAIL","return_code":"SUCCESS","return_msg":"OK","sign":"6F72C1EE379FC4B7972E9099C1EE1A17"}
[2017-05-24 19:17:23][debug] begin notify
[2017-05-24 19:17:23][debug] call back:{"appid":"wxd46e99b7f83183e1","bank_type":"CFT","cash_fee":"2751","coupon_count":"1","coupon_fee":"149","coupon_fee_0":"149","coupon_id_0":"2000000000064731101","fee_type":"CNY","is_subscribe":"Y","mch_id":"1383580102","nonce_str":"0jugvhorxuh4x352p1t7syfjj2wnexgu","openid":"ovxXWvwz8SMTLTHeZpNyA-BjAtR0","out_trade_no":"201705241913007631","result_code":"SUCCESS","return_code":"SUCCESS","sign":"0B9B2C19F7A197F0171429D1A0570DC3","time_end":"20170524191314","total_fee":"2900","trade_type":"JSAPI","transaction_id":"4010042001201705242391304539"}
[2017-05-24 19:17:25][debug] query:{"appid":"wxd46e99b7f83183e1","err_code":"ORDERNOTEXIST","err_code_des":"order not exist","mch_id":"1383580102","nonce_str":"Nj8lmnJqYZt5MyRK","result_code":"FAIL","return_code":"SUCCESS","return_msg":"OK","sign":"53D0B0BEF1152E8390968532C11F24A2"}
[2017-05-24 19:21:43][debug] begin notify
[2017-05-24 19:21:43][debug] call back:{"appid":"wxd46e99b7f83183e1","bank_type":"CFT","cash_fee":"2900","fee_type":"CNY","is_subscribe":"Y","mch_id":"1383580102","nonce_str":"ygtpye3856gm9dn4sy2p9bag1gbw4xyd","openid":"ovxXWv5Ldfh1B4nho4C-Jz6Kgma0","out_trade_no":"201705241921322384","result_code":"SUCCESS","return_code":"SUCCESS","sign":"7A2EF064E6F38B51C8FDE57FAC7F3CD5","time_end":"20170524192143","total_fee":"2900","trade_type":"JSAPI","transaction_id":"4005242001201705242391614555"}
[2017-05-24 19:21:45][debug] begin notify
[2017-05-24 19:21:45][debug] query:{"appid":"wxd46e99b7f83183e1","err_code":"ORDERNOTEXIST","err_code_des":"order not exist","mch_id":"1383580102","nonce_str":"4Cn7o0uwHYmWja2W","result_code":"FAIL","return_code":"SUCCESS","return_msg":"OK","sign":"13DD5953B9D16B7EC11D750C37D470E1"}
[2017-05-24 19:21:47][debug] query:{"appid":"wxd46e99b7f83183e1","attach":[],"bank_type":"CFT","cash_fee":"2900","fee_type":"CNY","is_subscribe":"Y","mch_id":"1383580102","nonce_str":"YiZra6Uc3hxX6DnQ","openid":"ovxXWv5Ldfh1B4nho4C-Jz6Kgma0","out_trade_no":"201705241921322384","result_code":"SUCCESS","return_code":"SUCCESS","return_msg":"OK","sign":"618D380659285663DEEBD5AF777886A2","time_end":"20170524192143","total_fee":"2900","trade_state":"SUCCESS","trade_type":"JSAPI","transaction_id":"4005242001201705242391614555"}
[2017-05-24 19:21:56][debug] begin notify
[2017-05-24 19:21:56][debug] call back:{"appid":"wxd46e99b7f83183e1","bank_type":"CFT","cash_fee":"2900","fee_type":"CNY","is_subscribe":"Y","mch_id":"1383580102","nonce_str":"ygtpye3856gm9dn4sy2p9bag1gbw4xyd","openid":"ovxXWv5Ldfh1B4nho4C-Jz6Kgma0","out_trade_no":"201705241921322384","result_code":"SUCCESS","return_code":"SUCCESS","sign":"7A2EF064E6F38B51C8FDE57FAC7F3CD5","time_end":"20170524192143","total_fee":"2900","trade_type":"JSAPI","transaction_id":"4005242001201705242391614555"}
[2017-05-24 19:21:58][debug] query:{"appid":"wxd46e99b7f83183e1","err_code":"ORDERNOTEXIST","err_code_des":"order not exist","mch_id":"1383580102","nonce_str":"3V2FNoFQuzeESjkq","result_code":"FAIL","return_code":"SUCCESS","return_msg":"OK","sign":"FA66FE135AA35FFD389EFD674A2CC5E6"}
[2017-05-24 19:22:15][debug] begin notify
[2017-05-24 19:22:15][debug] call back:{"appid":"wxd46e99b7f83183e1","bank_type":"CFT","cash_fee":"2900","fee_type":"CNY","is_subscribe":"Y","mch_id":"1383580102","nonce_str":"ygtpye3856gm9dn4sy2p9bag1gbw4xyd","openid":"ovxXWv5Ldfh1B4nho4C-Jz6Kgma0","out_trade_no":"201705241921322384","result_code":"SUCCESS","return_code":"SUCCESS","sign":"7A2EF064E6F38B51C8FDE57FAC7F3CD5","time_end":"20170524192143","total_fee":"2900","trade_type":"JSAPI","transaction_id":"4005242001201705242391614555"}
[2017-05-24 19:22:17][debug] query:{"appid":"wxd46e99b7f83183e1","err_code":"ORDERNOTEXIST","err_code_des":"order not exist","mch_id":"1383580102","nonce_str":"aQpTzjtvY3Ah8oQh","result_code":"FAIL","return_code":"SUCCESS","return_msg":"OK","sign":"6BE6FA4C5DF5E7870D8814B44CDDE0C9"}
[2017-05-24 19:22:50][debug] begin notify
[2017-05-24 19:22:50][debug] call back:{"appid":"wxd46e99b7f83183e1","bank_type":"CFT","cash_fee":"2900","fee_type":"CNY","is_subscribe":"Y","mch_id":"1383580102","nonce_str":"ygtpye3856gm9dn4sy2p9bag1gbw4xyd","openid":"ovxXWv5Ldfh1B4nho4C-Jz6Kgma0","out_trade_no":"201705241921322384","result_code":"SUCCESS","return_code":"SUCCESS","sign":"7A2EF064E6F38B51C8FDE57FAC7F3CD5","time_end":"20170524192143","total_fee":"2900","trade_type":"JSAPI","transaction_id":"4005242001201705242391614555"}
[2017-05-24 19:22:51][debug] query:{"appid":"wxd46e99b7f83183e1","err_code":"ORDERNOTEXIST","err_code_des":"order not exist","mch_id":"1383580102","nonce_str":"a60oOAf5SkxEF0hF","result_code":"FAIL","return_code":"SUCCESS","return_msg":"OK","sign":"D6D196C8487EA1139B605BB1DA365575"}
[2017-05-24 19:25:53][debug] begin notify
[2017-05-24 19:25:53][debug] call back:{"appid":"wxd46e99b7f83183e1","bank_type":"CFT","cash_fee":"2900","fee_type":"CNY","is_subscribe":"Y","mch_id":"1383580102","nonce_str":"ygtpye3856gm9dn4sy2p9bag1gbw4xyd","openid":"ovxXWv5Ldfh1B4nho4C-Jz6Kgma0","out_trade_no":"201705241921322384","result_code":"SUCCESS","return_code":"SUCCESS","sign":"7A2EF064E6F38B51C8FDE57FAC7F3CD5","time_end":"20170524192143","total_fee":"2900","trade_type":"JSAPI","transaction_id":"4005242001201705242391614555"}
[2017-05-24 19:25:55][debug] query:{"appid":"wxd46e99b7f83183e1","err_code":"ORDERNOTEXIST","err_code_des":"order not exist","mch_id":"1383580102","nonce_str":"ScmYf7UCKKrQO2MR","result_code":"FAIL","return_code":"SUCCESS","return_msg":"OK","sign":"C3B2F80C888D0B06679AA8B875DCEDDA"}
[2017-05-24 19:41:50][debug] begin notify
[2017-05-24 19:41:50][debug] call back:{"appid":"wxd46e99b7f83183e1","bank_type":"CFT","cash_fee":"100","fee_type":"CNY","is_subscribe":"Y","mch_id":"1383580102","nonce_str":"g3dpzpjr5eyuhfkc0k6fp23mou61ajgf","openid":"ovxXWvwz8SMTLTHeZpNyA-BjAtR0","out_trade_no":"201705241907254024","result_code":"SUCCESS","return_code":"SUCCESS","sign":"B27BA17FA8BAA9B3B1BEB61A6EFAF554","time_end":"20170524190735","total_fee":"100","trade_type":"JSAPI","transaction_id":"4010042001201705242389852711"}
[2017-05-24 19:41:52][debug] query:{"appid":"wxd46e99b7f83183e1","err_code":"ORDERNOTEXIST","err_code_des":"order not exist","mch_id":"1383580102","nonce_str":"ojPUYxkf0Zo59S0g","result_code":"FAIL","return_code":"SUCCESS","return_msg":"OK","sign":"DE042F1006DE5998D0A4B29AAA63B143"}
[2017-05-24 19:45:47][debug] begin notify
[2017-05-24 19:45:47][debug] call back:{"appid":"wxd46e99b7f83183e1","bank_type":"CFT","cash_fee":"100","fee_type":"CNY","is_subscribe":"Y","mch_id":"1383580102","nonce_str":"ed1mo067e3moeje6t20yeorrgx87ke10","openid":"ovxXWv5Ldfh1B4nho4C-Jz6Kgma0","out_trade_no":"201705241911122847","result_code":"SUCCESS","return_code":"SUCCESS","sign":"5FEB14E61CE64A68F0D64FB08E468561","time_end":"20170524191134","total_fee":"100","trade_type":"JSAPI","transaction_id":"4005242001201705242391261239"}
[2017-05-24 19:45:49][debug] query:{"appid":"wxd46e99b7f83183e1","err_code":"ORDERNOTEXIST","err_code_des":"order not exist","mch_id":"1383580102","nonce_str":"GlEnx1bjtP31JKfs","result_code":"FAIL","return_code":"SUCCESS","return_msg":"OK","sign":"BCD97EF4850B48AE9D0A9795E899D1DF"}
[2017-05-24 19:47:26][debug] begin notify
[2017-05-24 19:47:26][debug] call back:{"appid":"wxd46e99b7f83183e1","bank_type":"CFT","cash_fee":"2751","coupon_count":"1","coupon_fee":"149","coupon_fee_0":"149","coupon_id_0":"2000000000064731101","fee_type":"CNY","is_subscribe":"Y","mch_id":"1383580102","nonce_str":"0jugvhorxuh4x352p1t7syfjj2wnexgu","openid":"ovxXWvwz8SMTLTHeZpNyA-BjAtR0","out_trade_no":"201705241913007631","result_code":"SUCCESS","return_code":"SUCCESS","sign":"0B9B2C19F7A197F0171429D1A0570DC3","time_end":"20170524191314","total_fee":"2900","trade_type":"JSAPI","transaction_id":"4010042001201705242391304539"}
[2017-05-24 19:47:28][debug] query:{"appid":"wxd46e99b7f83183e1","err_code":"ORDERNOTEXIST","err_code_des":"order not exist","mch_id":"1383580102","nonce_str":"Mob8nfOKXGnb5Vl7","result_code":"FAIL","return_code":"SUCCESS","return_msg":"OK","sign":"C68B0DC1DD91EE292B8EBB7768B77951"}
[2017-05-24 19:55:56][debug] begin notify
[2017-05-24 19:55:56][debug] call back:{"appid":"wxd46e99b7f83183e1","bank_type":"CFT","cash_fee":"2900","fee_type":"CNY","is_subscribe":"Y","mch_id":"1383580102","nonce_str":"ygtpye3856gm9dn4sy2p9bag1gbw4xyd","openid":"ovxXWv5Ldfh1B4nho4C-Jz6Kgma0","out_trade_no":"201705241921322384","result_code":"SUCCESS","return_code":"SUCCESS","sign":"7A2EF064E6F38B51C8FDE57FAC7F3CD5","time_end":"20170524192143","total_fee":"2900","trade_type":"JSAPI","transaction_id":"4005242001201705242391614555"}
[2017-05-24 19:55:58][debug] query:{"appid":"wxd46e99b7f83183e1","err_code":"ORDERNOTEXIST","err_code_des":"order not exist","mch_id":"1383580102","nonce_str":"sThS84VIaDXkJLZd","result_code":"FAIL","return_code":"SUCCESS","return_msg":"OK","sign":"87EA175EB093016D9FB5605F72730A4E"}
[2017-05-24 20:11:54][debug] begin notify
[2017-05-24 20:11:54][debug] call back:{"appid":"wxd46e99b7f83183e1","bank_type":"CFT","cash_fee":"100","fee_type":"CNY","is_subscribe":"Y","mch_id":"1383580102","nonce_str":"g3dpzpjr5eyuhfkc0k6fp23mou61ajgf","openid":"ovxXWvwz8SMTLTHeZpNyA-BjAtR0","out_trade_no":"201705241907254024","result_code":"SUCCESS","return_code":"SUCCESS","sign":"B27BA17FA8BAA9B3B1BEB61A6EFAF554","time_end":"20170524190735","total_fee":"100","trade_type":"JSAPI","transaction_id":"4010042001201705242389852711"}
[2017-05-24 20:11:55][debug] query:{"appid":"wxd46e99b7f83183e1","err_code":"ORDERNOTEXIST","err_code_des":"order not exist","mch_id":"1383580102","nonce_str":"TYcjPJl4HVueTCxB","result_code":"FAIL","return_code":"SUCCESS","return_msg":"OK","sign":"B917C84A82444E2668B059F069F90C88"}
[2017-05-24 20:15:50][debug] begin notify
[2017-05-24 20:15:50][debug] call back:{"appid":"wxd46e99b7f83183e1","bank_type":"CFT","cash_fee":"100","fee_type":"CNY","is_subscribe":"Y","mch_id":"1383580102","nonce_str":"ed1mo067e3moeje6t20yeorrgx87ke10","openid":"ovxXWv5Ldfh1B4nho4C-Jz6Kgma0","out_trade_no":"201705241911122847","result_code":"SUCCESS","return_code":"SUCCESS","sign":"5FEB14E61CE64A68F0D64FB08E468561","time_end":"20170524191134","total_fee":"100","trade_type":"JSAPI","transaction_id":"4005242001201705242391261239"}
[2017-05-24 20:15:52][debug] query:{"appid":"wxd46e99b7f83183e1","err_code":"ORDERNOTEXIST","err_code_des":"order not exist","mch_id":"1383580102","nonce_str":"8cHv2BOPD15RtNv2","result_code":"FAIL","return_code":"SUCCESS","return_msg":"OK","sign":"03C572CB1F87EF6B22B2535D09F9BDBE"}
[2017-05-24 20:17:29][debug] begin notify
[2017-05-24 20:17:29][debug] call back:{"appid":"wxd46e99b7f83183e1","bank_type":"CFT","cash_fee":"2751","coupon_count":"1","coupon_fee":"149","coupon_fee_0":"149","coupon_id_0":"2000000000064731101","fee_type":"CNY","is_subscribe":"Y","mch_id":"1383580102","nonce_str":"0jugvhorxuh4x352p1t7syfjj2wnexgu","openid":"ovxXWvwz8SMTLTHeZpNyA-BjAtR0","out_trade_no":"201705241913007631","result_code":"SUCCESS","return_code":"SUCCESS","sign":"0B9B2C19F7A197F0171429D1A0570DC3","time_end":"20170524191314","total_fee":"2900","trade_type":"JSAPI","transaction_id":"4010042001201705242391304539"}
[2017-05-24 20:17:31][debug] query:{"appid":"wxd46e99b7f83183e1","err_code":"ORDERNOTEXIST","err_code_des":"order not exist","mch_id":"1383580102","nonce_str":"5txzMwWVYhDNZaEx","result_code":"FAIL","return_code":"SUCCESS","return_msg":"OK","sign":"DAA80F3C8B8DA44CB967AF9526EBAF43"}
[2017-05-24 20:26:00][debug] begin notify
[2017-05-24 20:26:00][debug] call back:{"appid":"wxd46e99b7f83183e1","bank_type":"CFT","cash_fee":"2900","fee_type":"CNY","is_subscribe":"Y","mch_id":"1383580102","nonce_str":"ygtpye3856gm9dn4sy2p9bag1gbw4xyd","openid":"ovxXWv5Ldfh1B4nho4C-Jz6Kgma0","out_trade_no":"201705241921322384","result_code":"SUCCESS","return_code":"SUCCESS","sign":"7A2EF064E6F38B51C8FDE57FAC7F3CD5","time_end":"20170524192143","total_fee":"2900","trade_type":"JSAPI","transaction_id":"4005242001201705242391614555"}
[2017-05-24 20:26:01][debug] query:{"appid":"wxd46e99b7f83183e1","err_code":"ORDERNOTEXIST","err_code_des":"order not exist","mch_id":"1383580102","nonce_str":"bFO1ijf7me5aafql","result_code":"FAIL","return_code":"SUCCESS","return_msg":"OK","sign":"6164305D3A9D347030B6B85BA4648F7B"}
[2017-05-24 20:41:57][debug] begin notify
[2017-05-24 20:41:57][debug] call back:{"appid":"wxd46e99b7f83183e1","bank_type":"CFT","cash_fee":"100","fee_type":"CNY","is_subscribe":"Y","mch_id":"1383580102","nonce_str":"g3dpzpjr5eyuhfkc0k6fp23mou61ajgf","openid":"ovxXWvwz8SMTLTHeZpNyA-BjAtR0","out_trade_no":"201705241907254024","result_code":"SUCCESS","return_code":"SUCCESS","sign":"B27BA17FA8BAA9B3B1BEB61A6EFAF554","time_end":"20170524190735","total_fee":"100","trade_type":"JSAPI","transaction_id":"4010042001201705242389852711"}
[2017-05-24 20:41:59][debug] query:{"appid":"wxd46e99b7f83183e1","err_code":"ORDERNOTEXIST","err_code_des":"order not exist","mch_id":"1383580102","nonce_str":"sICyclBml16Rx7n5","result_code":"FAIL","return_code":"SUCCESS","return_msg":"OK","sign":"FACFC489EB41A61B5EDB5C04FED80008"}
[2017-05-24 20:45:54][debug] begin notify
[2017-05-24 20:45:54][debug] call back:{"appid":"wxd46e99b7f83183e1","bank_type":"CFT","cash_fee":"100","fee_type":"CNY","is_subscribe":"Y","mch_id":"1383580102","nonce_str":"ed1mo067e3moeje6t20yeorrgx87ke10","openid":"ovxXWv5Ldfh1B4nho4C-Jz6Kgma0","out_trade_no":"201705241911122847","result_code":"SUCCESS","return_code":"SUCCESS","sign":"5FEB14E61CE64A68F0D64FB08E468561","time_end":"20170524191134","total_fee":"100","trade_type":"JSAPI","transaction_id":"4005242001201705242391261239"}
[2017-05-24 20:45:56][debug] query:{"appid":"wxd46e99b7f83183e1","err_code":"ORDERNOTEXIST","err_code_des":"order not exist","mch_id":"1383580102","nonce_str":"ZcYnNVNpfpwLJLuc","result_code":"FAIL","return_code":"SUCCESS","return_msg":"OK","sign":"BE687198BFCBC7E901DC6367321E7E73"}
[2017-05-24 20:47:34][debug] begin notify
[2017-05-24 20:47:34][debug] call back:{"appid":"wxd46e99b7f83183e1","bank_type":"CFT","cash_fee":"2751","coupon_count":"1","coupon_fee":"149","coupon_fee_0":"149","coupon_id_0":"2000000000064731101","fee_type":"CNY","is_subscribe":"Y","mch_id":"1383580102","nonce_str":"0jugvhorxuh4x352p1t7syfjj2wnexgu","openid":"ovxXWvwz8SMTLTHeZpNyA-BjAtR0","out_trade_no":"201705241913007631","result_code":"SUCCESS","return_code":"SUCCESS","sign":"0B9B2C19F7A197F0171429D1A0570DC3","time_end":"20170524191314","total_fee":"2900","trade_type":"JSAPI","transaction_id":"4010042001201705242391304539"}
[2017-05-24 20:47:35][debug] query:{"appid":"wxd46e99b7f83183e1","err_code":"ORDERNOTEXIST","err_code_des":"order not exist","mch_id":"1383580102","nonce_str":"ZAQpgJDlKeVZYwiD","result_code":"FAIL","return_code":"SUCCESS","return_msg":"OK","sign":"E0F9BEA88D93909855532396FFF92BF5"}
[2017-05-24 20:56:02][debug] begin notify
[2017-05-24 20:56:02][debug] call back:{"appid":"wxd46e99b7f83183e1","bank_type":"CFT","cash_fee":"2900","fee_type":"CNY","is_subscribe":"Y","mch_id":"1383580102","nonce_str":"ygtpye3856gm9dn4sy2p9bag1gbw4xyd","openid":"ovxXWv5Ldfh1B4nho4C-Jz6Kgma0","out_trade_no":"201705241921322384","result_code":"SUCCESS","return_code":"SUCCESS","sign":"7A2EF064E6F38B51C8FDE57FAC7F3CD5","time_end":"20170524192143","total_fee":"2900","trade_type":"JSAPI","transaction_id":"4005242001201705242391614555"}
[2017-05-24 20:56:04][debug] query:{"appid":"wxd46e99b7f83183e1","err_code":"ORDERNOTEXIST","err_code_des":"order not exist","mch_id":"1383580102","nonce_str":"RhQ6uQCd8WHoyVlI","result_code":"FAIL","return_code":"SUCCESS","return_msg":"OK","sign":"2156A76892ECFA0E3EB5A02F0048DFE8"}
[2017-05-24 21:12:01][debug] begin notify
[2017-05-24 21:12:01][debug] call back:{"appid":"wxd46e99b7f83183e1","bank_type":"CFT","cash_fee":"100","fee_type":"CNY","is_subscribe":"Y","mch_id":"1383580102","nonce_str":"g3dpzpjr5eyuhfkc0k6fp23mou61ajgf","openid":"ovxXWvwz8SMTLTHeZpNyA-BjAtR0","out_trade_no":"201705241907254024","result_code":"SUCCESS","return_code":"SUCCESS","sign":"B27BA17FA8BAA9B3B1BEB61A6EFAF554","time_end":"20170524190735","total_fee":"100","trade_type":"JSAPI","transaction_id":"4010042001201705242389852711"}
[2017-05-24 21:12:03][debug] query:{"appid":"wxd46e99b7f83183e1","err_code":"ORDERNOTEXIST","err_code_des":"order not exist","mch_id":"1383580102","nonce_str":"EOepFKNJ7oSBOX0w","result_code":"FAIL","return_code":"SUCCESS","return_msg":"OK","sign":"7B13155B75A47C2B5CCE9AEED2C59FD0"}
[2017-05-24 21:15:57][debug] begin notify
[2017-05-24 21:15:57][debug] call back:{"appid":"wxd46e99b7f83183e1","bank_type":"CFT","cash_fee":"100","fee_type":"CNY","is_subscribe":"Y","mch_id":"1383580102","nonce_str":"ed1mo067e3moeje6t20yeorrgx87ke10","openid":"ovxXWv5Ldfh1B4nho4C-Jz6Kgma0","out_trade_no":"201705241911122847","result_code":"SUCCESS","return_code":"SUCCESS","sign":"5FEB14E61CE64A68F0D64FB08E468561","time_end":"20170524191134","total_fee":"100","trade_type":"JSAPI","transaction_id":"4005242001201705242391261239"}
[2017-05-24 21:15:59][debug] query:{"appid":"wxd46e99b7f83183e1","err_code":"ORDERNOTEXIST","err_code_des":"order not exist","mch_id":"1383580102","nonce_str":"JS1y7flUxZ4bgUzm","result_code":"FAIL","return_code":"SUCCESS","return_msg":"OK","sign":"3CB146DB41D70B4942698E7DF23393EC"}
[2017-05-24 21:17:38][debug] begin notify
[2017-05-24 21:17:38][debug] call back:{"appid":"wxd46e99b7f83183e1","bank_type":"CFT","cash_fee":"2751","coupon_count":"1","coupon_fee":"149","coupon_fee_0":"149","coupon_id_0":"2000000000064731101","fee_type":"CNY","is_subscribe":"Y","mch_id":"1383580102","nonce_str":"0jugvhorxuh4x352p1t7syfjj2wnexgu","openid":"ovxXWvwz8SMTLTHeZpNyA-BjAtR0","out_trade_no":"201705241913007631","result_code":"SUCCESS","return_code":"SUCCESS","sign":"0B9B2C19F7A197F0171429D1A0570DC3","time_end":"20170524191314","total_fee":"2900","trade_type":"JSAPI","transaction_id":"4010042001201705242391304539"}
[2017-05-24 21:17:40][debug] query:{"appid":"wxd46e99b7f83183e1","err_code":"ORDERNOTEXIST","err_code_des":"order not exist","mch_id":"1383580102","nonce_str":"RALoTAKjDaPRnnn9","result_code":"FAIL","return_code":"SUCCESS","return_msg":"OK","sign":"A075FDEDECF20C52634B1694A1F2EB55"}
[2017-05-24 21:26:05][debug] begin notify
[2017-05-24 21:26:05][debug] call back:{"appid":"wxd46e99b7f83183e1","bank_type":"CFT","cash_fee":"2900","fee_type":"CNY","is_subscribe":"Y","mch_id":"1383580102","nonce_str":"ygtpye3856gm9dn4sy2p9bag1gbw4xyd","openid":"ovxXWv5Ldfh1B4nho4C-Jz6Kgma0","out_trade_no":"201705241921322384","result_code":"SUCCESS","return_code":"SUCCESS","sign":"7A2EF064E6F38B51C8FDE57FAC7F3CD5","time_end":"20170524192143","total_fee":"2900","trade_type":"JSAPI","transaction_id":"4005242001201705242391614555"}
[2017-05-24 21:26:07][debug] query:{"appid":"wxd46e99b7f83183e1","err_code":"ORDERNOTEXIST","err_code_des":"order not exist","mch_id":"1383580102","nonce_str":"F8dp9MTBQUXYyggm","result_code":"FAIL","return_code":"SUCCESS","return_msg":"OK","sign":"C0C0DF45A5DEF654AD59CA62E4EAD1EE"}
[2017-05-24 22:12:06][debug] begin notify
[2017-05-24 22:12:06][debug] call back:{"appid":"wxd46e99b7f83183e1","bank_type":"CFT","cash_fee":"100","fee_type":"CNY","is_subscribe":"Y","mch_id":"1383580102","nonce_str":"g3dpzpjr5eyuhfkc0k6fp23mou61ajgf","openid":"ovxXWvwz8SMTLTHeZpNyA-BjAtR0","out_trade_no":"201705241907254024","result_code":"SUCCESS","return_code":"SUCCESS","sign":"B27BA17FA8BAA9B3B1BEB61A6EFAF554","time_end":"20170524190735","total_fee":"100","trade_type":"JSAPI","transaction_id":"4010042001201705242389852711"}
[2017-05-24 22:12:06][debug] query:{"appid":"wxd46e99b7f83183e1","err_code":"ORDERNOTEXIST","err_code_des":"order not exist","mch_id":"1383580102","nonce_str":"Om3TWHcJqx17jFb6","result_code":"FAIL","return_code":"SUCCESS","return_msg":"OK","sign":"87B6BCEFE36EFE8F090212130A49CC90"}
[2017-05-24 22:16:01][debug] begin notify
[2017-05-24 22:16:01][debug] call back:{"appid":"wxd46e99b7f83183e1","bank_type":"CFT","cash_fee":"100","fee_type":"CNY","is_subscribe":"Y","mch_id":"1383580102","nonce_str":"ed1mo067e3moeje6t20yeorrgx87ke10","openid":"ovxXWv5Ldfh1B4nho4C-Jz6Kgma0","out_trade_no":"201705241911122847","result_code":"SUCCESS","return_code":"SUCCESS","sign":"5FEB14E61CE64A68F0D64FB08E468561","time_end":"20170524191134","total_fee":"100","trade_type":"JSAPI","transaction_id":"4005242001201705242391261239"}
[2017-05-24 22:16:03][debug] query:{"appid":"wxd46e99b7f83183e1","err_code":"ORDERNOTEXIST","err_code_des":"order not exist","mch_id":"1383580102","nonce_str":"ZRIjLUANieekUnoA","result_code":"FAIL","return_code":"SUCCESS","return_msg":"OK","sign":"8F06B5068EEEC46F87D70FA3FF876E7B"}
[2017-05-24 22:17:41][debug] begin notify
[2017-05-24 22:17:41][debug] call back:{"appid":"wxd46e99b7f83183e1","bank_type":"CFT","cash_fee":"2751","coupon_count":"1","coupon_fee":"149","coupon_fee_0":"149","coupon_id_0":"2000000000064731101","fee_type":"CNY","is_subscribe":"Y","mch_id":"1383580102","nonce_str":"0jugvhorxuh4x352p1t7syfjj2wnexgu","openid":"ovxXWvwz8SMTLTHeZpNyA-BjAtR0","out_trade_no":"201705241913007631","result_code":"SUCCESS","return_code":"SUCCESS","sign":"0B9B2C19F7A197F0171429D1A0570DC3","time_end":"20170524191314","total_fee":"2900","trade_type":"JSAPI","transaction_id":"4010042001201705242391304539"}
[2017-05-24 22:17:43][debug] query:{"appid":"wxd46e99b7f83183e1","err_code":"ORDERNOTEXIST","err_code_des":"order not exist","mch_id":"1383580102","nonce_str":"6MW6AQeZgwyHbdf2","result_code":"FAIL","return_code":"SUCCESS","return_msg":"OK","sign":"691447A9EDCB6C60C6AA8C8BA2FC6F00"}
[2017-05-24 22:26:09][debug] begin notify
[2017-05-24 22:26:09][debug] call back:{"appid":"wxd46e99b7f83183e1","bank_type":"CFT","cash_fee":"2900","fee_type":"CNY","is_subscribe":"Y","mch_id":"1383580102","nonce_str":"ygtpye3856gm9dn4sy2p9bag1gbw4xyd","openid":"ovxXWv5Ldfh1B4nho4C-Jz6Kgma0","out_trade_no":"201705241921322384","result_code":"SUCCESS","return_code":"SUCCESS","sign":"7A2EF064E6F38B51C8FDE57FAC7F3CD5","time_end":"20170524192143","total_fee":"2900","trade_type":"JSAPI","transaction_id":"4005242001201705242391614555"}
[2017-05-24 22:26:09][debug] query:{"appid":"wxd46e99b7f83183e1","err_code":"ORDERNOTEXIST","err_code_des":"order not exist","mch_id":"1383580102","nonce_str":"UoFQsZpelWopVrnp","result_code":"FAIL","return_code":"SUCCESS","return_msg":"OK","sign":"4C4F34D9FA93F24AFC6E9312590BBC56"}
