[2017-06-10 09:05:15][debug] begin notify
[2017-06-10 09:05:15][debug] call back:{"appid":"wxd46e99b7f83183e1","bank_type":"CFT","cash_fee":"1","fee_type":"CNY","is_subscribe":"Y","mch_id":"1383580102","nonce_str":"dkxg2gqoi39n0pasxu62qrojho70vmnk","openid":"ovxXWv5Ldfh1B4nho4C-Jz6Kgma0","out_trade_no":"2017061009051874","result_code":"SUCCESS","return_code":"SUCCESS","sign":"0910AA1DF00D52FD4622839DFDEC9B91","time_end":"20170610090515","total_fee":"1","trade_type":"JSAPI","transaction_id":"4005242001201706105072466426"}
[2017-06-10 09:05:15][debug] query:{"appid":"wxd46e99b7f83183e1","err_code":"ORDERNOTEXIST","err_code_des":"order not exist","mch_id":"1383580102","nonce_str":"VTELW1F7sBQXIV9W","result_code":"FAIL","return_code":"SUCCESS","return_msg":"OK","sign":"E10CE5B8C4B5042F484C58FED6AEE4A2"}
[2017-06-10 09:05:18][debug] begin notify
[2017-06-10 09:05:18][debug] query:{"appid":"wxd46e99b7f83183e1","attach":[],"bank_type":"CFT","cash_fee":"1","fee_type":"CNY","is_subscribe":"Y","mch_id":"1383580102","nonce_str":"mDEL3XoHF70FvhrM","openid":"ovxXWv5Ldfh1B4nho4C-Jz6Kgma0","out_trade_no":"2017061009051874","result_code":"SUCCESS","return_code":"SUCCESS","return_msg":"OK","sign":"229DB73D0172F20EB1918540ED09133D","time_end":"20170610090515","total_fee":"1","trade_state":"SUCCESS","trade_type":"JSAPI","transaction_id":"4005242001201706105072466426"}
[2017-06-10 09:05:27][debug] begin notify
[2017-06-10 09:05:27][debug] call back:{"appid":"wxd46e99b7f83183e1","bank_type":"CFT","cash_fee":"1","fee_type":"CNY","is_subscribe":"Y","mch_id":"1383580102","nonce_str":"dkxg2gqoi39n0pasxu62qrojho70vmnk","openid":"ovxXWv5Ldfh1B4nho4C-Jz6Kgma0","out_trade_no":"2017061009051874","result_code":"SUCCESS","return_code":"SUCCESS","sign":"0910AA1DF00D52FD4622839DFDEC9B91","time_end":"20170610090515","total_fee":"1","trade_type":"JSAPI","transaction_id":"4005242001201706105072466426"}
[2017-06-10 09:05:27][debug] query:{"appid":"wxd46e99b7f83183e1","err_code":"ORDERNOTEXIST","err_code_des":"order not exist","mch_id":"1383580102","nonce_str":"XTYg4FANnfsysF20","result_code":"FAIL","return_code":"SUCCESS","return_msg":"OK","sign":"3514976816A8BA44CB58425F06B78749"}
[2017-06-10 09:05:45][debug] begin notify
[2017-06-10 09:05:45][debug] call back:{"appid":"wxd46e99b7f83183e1","bank_type":"CFT","cash_fee":"1","fee_type":"CNY","is_subscribe":"Y","mch_id":"1383580102","nonce_str":"dkxg2gqoi39n0pasxu62qrojho70vmnk","openid":"ovxXWv5Ldfh1B4nho4C-Jz6Kgma0","out_trade_no":"2017061009051874","result_code":"SUCCESS","return_code":"SUCCESS","sign":"0910AA1DF00D52FD4622839DFDEC9B91","time_end":"20170610090515","total_fee":"1","trade_type":"JSAPI","transaction_id":"4005242001201706105072466426"}
[2017-06-10 09:05:45][debug] query:{"appid":"wxd46e99b7f83183e1","err_code":"ORDERNOTEXIST","err_code_des":"order not exist","mch_id":"1383580102","nonce_str":"tftiUfttfIBOuNf1","result_code":"FAIL","return_code":"SUCCESS","return_msg":"OK","sign":"887E1A90D10D87199D2D8DDCF293A469"}
[2017-06-10 09:06:17][debug] begin notify
[2017-06-10 09:06:17][debug] call back:{"appid":"wxd46e99b7f83183e1","bank_type":"CFT","cash_fee":"1","fee_type":"CNY","is_subscribe":"Y","mch_id":"1383580102","nonce_str":"dkxg2gqoi39n0pasxu62qrojho70vmnk","openid":"ovxXWv5Ldfh1B4nho4C-Jz6Kgma0","out_trade_no":"2017061009051874","result_code":"SUCCESS","return_code":"SUCCESS","sign":"0910AA1DF00D52FD4622839DFDEC9B91","time_end":"20170610090515","total_fee":"1","trade_type":"JSAPI","transaction_id":"4005242001201706105072466426"}
[2017-06-10 09:06:17][debug] query:{"appid":"wxd46e99b7f83183e1","err_code":"ORDERNOTEXIST","err_code_des":"order not exist","mch_id":"1383580102","nonce_str":"jkPKAyjPxhA0ZY1o","result_code":"FAIL","return_code":"SUCCESS","return_msg":"OK","sign":"82BD88A245E947841466BAB2AF7C90CB"}
[2017-06-10 09:09:19][debug] begin notify
[2017-06-10 09:09:19][debug] call back:{"appid":"wxd46e99b7f83183e1","bank_type":"CFT","cash_fee":"1","fee_type":"CNY","is_subscribe":"Y","mch_id":"1383580102","nonce_str":"dkxg2gqoi39n0pasxu62qrojho70vmnk","openid":"ovxXWv5Ldfh1B4nho4C-Jz6Kgma0","out_trade_no":"2017061009051874","result_code":"SUCCESS","return_code":"SUCCESS","sign":"0910AA1DF00D52FD4622839DFDEC9B91","time_end":"20170610090515","total_fee":"1","trade_type":"JSAPI","transaction_id":"4005242001201706105072466426"}
[2017-06-10 09:09:20][debug] query:{"appid":"wxd46e99b7f83183e1","err_code":"ORDERNOTEXIST","err_code_des":"order not exist","mch_id":"1383580102","nonce_str":"q08oZomgLHVhmAkZ","result_code":"FAIL","return_code":"SUCCESS","return_msg":"OK","sign":"30EDEDBAC076DE3739FD449867FF5DB2"}
[2017-06-10 09:39:21][debug] begin notify
[2017-06-10 09:39:21][debug] call back:{"appid":"wxd46e99b7f83183e1","bank_type":"CFT","cash_fee":"1","fee_type":"CNY","is_subscribe":"Y","mch_id":"1383580102","nonce_str":"dkxg2gqoi39n0pasxu62qrojho70vmnk","openid":"ovxXWv5Ldfh1B4nho4C-Jz6Kgma0","out_trade_no":"2017061009051874","result_code":"SUCCESS","return_code":"SUCCESS","sign":"0910AA1DF00D52FD4622839DFDEC9B91","time_end":"20170610090515","total_fee":"1","trade_type":"JSAPI","transaction_id":"4005242001201706105072466426"}
[2017-06-10 09:39:21][debug] query:{"appid":"wxd46e99b7f83183e1","err_code":"ORDERNOTEXIST","err_code_des":"order not exist","mch_id":"1383580102","nonce_str":"lw5jqdW0tcv4TCO0","result_code":"FAIL","return_code":"SUCCESS","return_msg":"OK","sign":"ECD88C60C562C704551530C0E98A8148"}
[2017-06-10 10:09:22][debug] begin notify
[2017-06-10 10:09:22][debug] call back:{"appid":"wxd46e99b7f83183e1","bank_type":"CFT","cash_fee":"1","fee_type":"CNY","is_subscribe":"Y","mch_id":"1383580102","nonce_str":"dkxg2gqoi39n0pasxu62qrojho70vmnk","openid":"ovxXWv5Ldfh1B4nho4C-Jz6Kgma0","out_trade_no":"2017061009051874","result_code":"SUCCESS","return_code":"SUCCESS","sign":"0910AA1DF00D52FD4622839DFDEC9B91","time_end":"20170610090515","total_fee":"1","trade_type":"JSAPI","transaction_id":"4005242001201706105072466426"}
[2017-06-10 10:09:22][debug] query:{"appid":"wxd46e99b7f83183e1","err_code":"ORDERNOTEXIST","err_code_des":"order not exist","mch_id":"1383580102","nonce_str":"R9QhCMRKCjBXqcsJ","result_code":"FAIL","return_code":"SUCCESS","return_msg":"OK","sign":"8037FD99FAD9661142939E825A4998D2"}
[2017-06-10 10:39:24][debug] begin notify
[2017-06-10 10:39:24][debug] call back:{"appid":"wxd46e99b7f83183e1","bank_type":"CFT","cash_fee":"1","fee_type":"CNY","is_subscribe":"Y","mch_id":"1383580102","nonce_str":"dkxg2gqoi39n0pasxu62qrojho70vmnk","openid":"ovxXWv5Ldfh1B4nho4C-Jz6Kgma0","out_trade_no":"2017061009051874","result_code":"SUCCESS","return_code":"SUCCESS","sign":"0910AA1DF00D52FD4622839DFDEC9B91","time_end":"20170610090515","total_fee":"1","trade_type":"JSAPI","transaction_id":"4005242001201706105072466426"}
[2017-06-10 10:39:24][debug] query:{"appid":"wxd46e99b7f83183e1","err_code":"ORDERNOTEXIST","err_code_des":"order not exist","mch_id":"1383580102","nonce_str":"SOoOaySttgbwQAnY","result_code":"FAIL","return_code":"SUCCESS","return_msg":"OK","sign":"C9276778DAFC606B5FAB2E5CAFF66BA0"}
[2017-06-10 11:09:26][debug] begin notify
[2017-06-10 11:09:26][debug] call back:{"appid":"wxd46e99b7f83183e1","bank_type":"CFT","cash_fee":"1","fee_type":"CNY","is_subscribe":"Y","mch_id":"1383580102","nonce_str":"dkxg2gqoi39n0pasxu62qrojho70vmnk","openid":"ovxXWv5Ldfh1B4nho4C-Jz6Kgma0","out_trade_no":"2017061009051874","result_code":"SUCCESS","return_code":"SUCCESS","sign":"0910AA1DF00D52FD4622839DFDEC9B91","time_end":"20170610090515","total_fee":"1","trade_type":"JSAPI","transaction_id":"4005242001201706105072466426"}
[2017-06-10 11:09:27][debug] query:{"appid":"wxd46e99b7f83183e1","err_code":"ORDERNOTEXIST","err_code_des":"order not exist","mch_id":"1383580102","nonce_str":"N31dYeZq5Mjf0pjf","result_code":"FAIL","return_code":"SUCCESS","return_msg":"OK","sign":"ED7848B1E2DCFC572C2EC18DE7CCA71E"}
[2017-06-10 12:09:29][debug] begin notify
[2017-06-10 12:09:29][debug] call back:{"appid":"wxd46e99b7f83183e1","bank_type":"CFT","cash_fee":"1","fee_type":"CNY","is_subscribe":"Y","mch_id":"1383580102","nonce_str":"dkxg2gqoi39n0pasxu62qrojho70vmnk","openid":"ovxXWv5Ldfh1B4nho4C-Jz6Kgma0","out_trade_no":"2017061009051874","result_code":"SUCCESS","return_code":"SUCCESS","sign":"0910AA1DF00D52FD4622839DFDEC9B91","time_end":"20170610090515","total_fee":"1","trade_type":"JSAPI","transaction_id":"4005242001201706105072466426"}
[2017-06-10 12:09:29][debug] query:{"appid":"wxd46e99b7f83183e1","err_code":"ORDERNOTEXIST","err_code_des":"order not exist","mch_id":"1383580102","nonce_str":"vi8dfP0fmObsaoLu","result_code":"FAIL","return_code":"SUCCESS","return_msg":"OK","sign":"B6D648C2D9B576CB7AE857EE75E17507"}
