[2017-06-17 10:02:38][debug] begin notify
[2017-06-17 10:02:38][debug] call back:{"appid":"wxd46e99b7f83183e1","bank_type":"CFT","cash_fee":"1","fee_type":"CNY","is_subscribe":"Y","mch_id":"1383580102","nonce_str":"wnn3klq4l2losno50tvkd1gauwknsk2a","openid":"ovxXWv5Ldfh1B4nho4C-Jz6Kgma0","out_trade_no":"2017061710022104","result_code":"SUCCESS","return_code":"SUCCESS","sign":"4736BAD6CB0D145B21AF1F7FD9DBC922","time_end":"20170617100237","total_fee":"1","trade_type":"JSAPI","transaction_id":"4005242001201706176089265552"}
[2017-06-17 10:02:38][debug] query:{"appid":"wxd46e99b7f83183e1","err_code":"ORDERNOTEXIST","err_code_des":"order not exist","mch_id":"1383580102","nonce_str":"IntIr7jSKIsr6USN","result_code":"FAIL","return_code":"SUCCESS","return_msg":"OK","sign":"7E54F91C56B11D682F616947FA8E89C4"}
[2017-06-17 10:02:42][debug] begin notify
[2017-06-17 10:02:43][debug] query:{"appid":"wxd46e99b7f83183e1","attach":[],"bank_type":"CFT","cash_fee":"1","fee_type":"CNY","is_subscribe":"Y","mch_id":"1383580102","nonce_str":"xOHK0ccQUMlDAnVm","openid":"ovxXWv5Ldfh1B4nho4C-Jz6Kgma0","out_trade_no":"2017061710022104","result_code":"SUCCESS","return_code":"SUCCESS","return_msg":"OK","sign":"4B9E4939F279E41168344B5E0B818877","time_end":"20170617100237","total_fee":"1","trade_state":"SUCCESS","trade_type":"JSAPI","transaction_id":"4005242001201706176089265552"}
[2017-06-17 10:02:55][debug] begin notify
[2017-06-17 10:02:55][debug] call back:{"appid":"wxd46e99b7f83183e1","bank_type":"CFT","cash_fee":"1","fee_type":"CNY","is_subscribe":"Y","mch_id":"1383580102","nonce_str":"wnn3klq4l2losno50tvkd1gauwknsk2a","openid":"ovxXWv5Ldfh1B4nho4C-Jz6Kgma0","out_trade_no":"2017061710022104","result_code":"SUCCESS","return_code":"SUCCESS","sign":"4736BAD6CB0D145B21AF1F7FD9DBC922","time_end":"20170617100237","total_fee":"1","trade_type":"JSAPI","transaction_id":"4005242001201706176089265552"}
[2017-06-17 10:02:55][debug] query:{"appid":"wxd46e99b7f83183e1","err_code":"ORDERNOTEXIST","err_code_des":"order not exist","mch_id":"1383580102","nonce_str":"E45SUuiZleWWd2jJ","result_code":"FAIL","return_code":"SUCCESS","return_msg":"OK","sign":"EB3C5D524000BB84ED26A50D779E9056"}
[2017-06-17 10:03:12][debug] begin notify
[2017-06-17 10:03:12][debug] call back:{"appid":"wxd46e99b7f83183e1","bank_type":"CFT","cash_fee":"1","fee_type":"CNY","is_subscribe":"Y","mch_id":"1383580102","nonce_str":"wnn3klq4l2losno50tvkd1gauwknsk2a","openid":"ovxXWv5Ldfh1B4nho4C-Jz6Kgma0","out_trade_no":"2017061710022104","result_code":"SUCCESS","return_code":"SUCCESS","sign":"4736BAD6CB0D145B21AF1F7FD9DBC922","time_end":"20170617100237","total_fee":"1","trade_type":"JSAPI","transaction_id":"4005242001201706176089265552"}
[2017-06-17 10:03:12][debug] query:{"appid":"wxd46e99b7f83183e1","err_code":"ORDERNOTEXIST","err_code_des":"order not exist","mch_id":"1383580102","nonce_str":"oag5BhACtBC5B8dZ","result_code":"FAIL","return_code":"SUCCESS","return_msg":"OK","sign":"14E14F2F04335DD85DF97254861BED57"}
[2017-06-17 10:03:43][debug] begin notify
[2017-06-17 10:03:43][debug] call back:{"appid":"wxd46e99b7f83183e1","bank_type":"CFT","cash_fee":"1","fee_type":"CNY","is_subscribe":"Y","mch_id":"1383580102","nonce_str":"wnn3klq4l2losno50tvkd1gauwknsk2a","openid":"ovxXWv5Ldfh1B4nho4C-Jz6Kgma0","out_trade_no":"2017061710022104","result_code":"SUCCESS","return_code":"SUCCESS","sign":"4736BAD6CB0D145B21AF1F7FD9DBC922","time_end":"20170617100237","total_fee":"1","trade_type":"JSAPI","transaction_id":"4005242001201706176089265552"}
[2017-06-17 10:03:44][debug] query:{"appid":"wxd46e99b7f83183e1","err_code":"ORDERNOTEXIST","err_code_des":"order not exist","mch_id":"1383580102","nonce_str":"EjqIrMFOKYLZFO4H","result_code":"FAIL","return_code":"SUCCESS","return_msg":"OK","sign":"3EF63A3894256623700D20BF382FF3C6"}
[2017-06-17 10:06:46][debug] begin notify
[2017-06-17 10:06:46][debug] call back:{"appid":"wxd46e99b7f83183e1","bank_type":"CFT","cash_fee":"1","fee_type":"CNY","is_subscribe":"Y","mch_id":"1383580102","nonce_str":"wnn3klq4l2losno50tvkd1gauwknsk2a","openid":"ovxXWv5Ldfh1B4nho4C-Jz6Kgma0","out_trade_no":"2017061710022104","result_code":"SUCCESS","return_code":"SUCCESS","sign":"4736BAD6CB0D145B21AF1F7FD9DBC922","time_end":"20170617100237","total_fee":"1","trade_type":"JSAPI","transaction_id":"4005242001201706176089265552"}
[2017-06-17 10:06:46][debug] query:{"appid":"wxd46e99b7f83183e1","err_code":"ORDERNOTEXIST","err_code_des":"order not exist","mch_id":"1383580102","nonce_str":"D7quhqyV88n1pFOF","result_code":"FAIL","return_code":"SUCCESS","return_msg":"OK","sign":"B517E476096FABCF8F75404176AE40BB"}
[2017-06-17 10:36:48][debug] begin notify
[2017-06-17 10:36:48][debug] call back:{"appid":"wxd46e99b7f83183e1","bank_type":"CFT","cash_fee":"1","fee_type":"CNY","is_subscribe":"Y","mch_id":"1383580102","nonce_str":"wnn3klq4l2losno50tvkd1gauwknsk2a","openid":"ovxXWv5Ldfh1B4nho4C-Jz6Kgma0","out_trade_no":"2017061710022104","result_code":"SUCCESS","return_code":"SUCCESS","sign":"4736BAD6CB0D145B21AF1F7FD9DBC922","time_end":"20170617100237","total_fee":"1","trade_type":"JSAPI","transaction_id":"4005242001201706176089265552"}
[2017-06-17 10:36:48][debug] query:{"appid":"wxd46e99b7f83183e1","err_code":"ORDERNOTEXIST","err_code_des":"order not exist","mch_id":"1383580102","nonce_str":"EpI8bYEBFUF1Y8cv","result_code":"FAIL","return_code":"SUCCESS","return_msg":"OK","sign":"5E8E5CB3B7ACF1F639325304D4100662"}
[2017-06-17 11:06:49][debug] begin notify
[2017-06-17 11:06:49][debug] call back:{"appid":"wxd46e99b7f83183e1","bank_type":"CFT","cash_fee":"1","fee_type":"CNY","is_subscribe":"Y","mch_id":"1383580102","nonce_str":"wnn3klq4l2losno50tvkd1gauwknsk2a","openid":"ovxXWv5Ldfh1B4nho4C-Jz6Kgma0","out_trade_no":"2017061710022104","result_code":"SUCCESS","return_code":"SUCCESS","sign":"4736BAD6CB0D145B21AF1F7FD9DBC922","time_end":"20170617100237","total_fee":"1","trade_type":"JSAPI","transaction_id":"4005242001201706176089265552"}
[2017-06-17 11:06:50][debug] query:{"appid":"wxd46e99b7f83183e1","err_code":"ORDERNOTEXIST","err_code_des":"order not exist","mch_id":"1383580102","nonce_str":"KHa6EbgV5gMq2BQG","result_code":"FAIL","return_code":"SUCCESS","return_msg":"OK","sign":"6B54A72F70F68D97B1B241FB85E3BC19"}
[2017-06-17 11:36:51][debug] begin notify
[2017-06-17 11:36:51][debug] call back:{"appid":"wxd46e99b7f83183e1","bank_type":"CFT","cash_fee":"1","fee_type":"CNY","is_subscribe":"Y","mch_id":"1383580102","nonce_str":"wnn3klq4l2losno50tvkd1gauwknsk2a","openid":"ovxXWv5Ldfh1B4nho4C-Jz6Kgma0","out_trade_no":"2017061710022104","result_code":"SUCCESS","return_code":"SUCCESS","sign":"4736BAD6CB0D145B21AF1F7FD9DBC922","time_end":"20170617100237","total_fee":"1","trade_type":"JSAPI","transaction_id":"4005242001201706176089265552"}
[2017-06-17 11:36:51][debug] query:{"appid":"wxd46e99b7f83183e1","err_code":"ORDERNOTEXIST","err_code_des":"order not exist","mch_id":"1383580102","nonce_str":"KCmFEX27UGvxv2UV","result_code":"FAIL","return_code":"SUCCESS","return_msg":"OK","sign":"C68BAFB8E206FB10FD083F4179CDA20F"}
[2017-06-17 12:06:53][debug] begin notify
[2017-06-17 12:06:53][debug] call back:{"appid":"wxd46e99b7f83183e1","bank_type":"CFT","cash_fee":"1","fee_type":"CNY","is_subscribe":"Y","mch_id":"1383580102","nonce_str":"wnn3klq4l2losno50tvkd1gauwknsk2a","openid":"ovxXWv5Ldfh1B4nho4C-Jz6Kgma0","out_trade_no":"2017061710022104","result_code":"SUCCESS","return_code":"SUCCESS","sign":"4736BAD6CB0D145B21AF1F7FD9DBC922","time_end":"20170617100237","total_fee":"1","trade_type":"JSAPI","transaction_id":"4005242001201706176089265552"}
[2017-06-17 12:06:53][debug] query:{"appid":"wxd46e99b7f83183e1","err_code":"ORDERNOTEXIST","err_code_des":"order not exist","mch_id":"1383580102","nonce_str":"S0Z4H4Nc16SfjeOL","result_code":"FAIL","return_code":"SUCCESS","return_msg":"OK","sign":"C29EBE2FEA15A3DDB47C7A532DEBD204"}
[2017-06-17 13:06:56][debug] begin notify
[2017-06-17 13:06:56][debug] call back:{"appid":"wxd46e99b7f83183e1","bank_type":"CFT","cash_fee":"1","fee_type":"CNY","is_subscribe":"Y","mch_id":"1383580102","nonce_str":"wnn3klq4l2losno50tvkd1gauwknsk2a","openid":"ovxXWv5Ldfh1B4nho4C-Jz6Kgma0","out_trade_no":"2017061710022104","result_code":"SUCCESS","return_code":"SUCCESS","sign":"4736BAD6CB0D145B21AF1F7FD9DBC922","time_end":"20170617100237","total_fee":"1","trade_type":"JSAPI","transaction_id":"4005242001201706176089265552"}
[2017-06-17 13:06:56][debug] query:{"appid":"wxd46e99b7f83183e1","err_code":"ORDERNOTEXIST","err_code_des":"order not exist","mch_id":"1383580102","nonce_str":"Nzj0tRWpHmVObhaY","result_code":"FAIL","return_code":"SUCCESS","return_msg":"OK","sign":"945EAE1B2A67DDA3DB070A5367E2182D"}
