[2017-06-04 11:03:47][debug] begin notify
[2017-06-04 11:03:47][debug] call back:{"appid":"wxd46e99b7f83183e1","bank_type":"CEB_CREDIT","cash_fee":"100","fee_type":"CNY","is_subscribe":"Y","mch_id":"1383580102","nonce_str":"92x52sod7sd2b9nj6iblhd9kugih100k","openid":"ovxXWv3CHJLsugBLuDQiCAxREFtE","out_trade_no":"201706041103402198","result_code":"SUCCESS","return_code":"SUCCESS","sign":"1DF39FA23FCC571FC789062F06145692","time_end":"20170604110347","total_fee":"100","trade_type":"JSAPI","transaction_id":"4002902001201706044210358771"}
[2017-06-04 11:03:48][debug] query:{"appid":"wxd46e99b7f83183e1","err_code":"ORDERNOTEXIST","err_code_des":"order not exist","mch_id":"1383580102","nonce_str":"wwO6HdCYhvGLt0VA","result_code":"FAIL","return_code":"SUCCESS","return_msg":"OK","sign":"A067A07893192E28A2ED6FFD4AA07DAC"}
[2017-06-04 11:03:49][debug] begin notify
[2017-06-04 11:03:49][debug] query:{"appid":"wxd46e99b7f83183e1","attach":[],"bank_type":"CEB_CREDIT","cash_fee":"100","fee_type":"CNY","is_subscribe":"Y","mch_id":"1383580102","nonce_str":"4ICwFS8ysa3A8JET","openid":"ovxXWv3CHJLsugBLuDQiCAxREFtE","out_trade_no":"201706041103402198","result_code":"SUCCESS","return_code":"SUCCESS","return_msg":"OK","sign":"00BAD8405AE283C04C4F273BCB4D8C5A","time_end":"20170604110347","total_fee":"100","trade_state":"SUCCESS","trade_type":"JSAPI","transaction_id":"4002902001201706044210358771"}
[2017-06-04 11:03:57][debug] begin notify
[2017-06-04 11:03:57][debug] call back:{"appid":"wxd46e99b7f83183e1","bank_type":"CEB_CREDIT","cash_fee":"100","fee_type":"CNY","is_subscribe":"Y","mch_id":"1383580102","nonce_str":"92x52sod7sd2b9nj6iblhd9kugih100k","openid":"ovxXWv3CHJLsugBLuDQiCAxREFtE","out_trade_no":"201706041103402198","result_code":"SUCCESS","return_code":"SUCCESS","sign":"1DF39FA23FCC571FC789062F06145692","time_end":"20170604110347","total_fee":"100","trade_type":"JSAPI","transaction_id":"4002902001201706044210358771"}
[2017-06-04 11:03:58][debug] query:{"appid":"wxd46e99b7f83183e1","err_code":"ORDERNOTEXIST","err_code_des":"order not exist","mch_id":"1383580102","nonce_str":"ia9mndHqLzDPb9OO","result_code":"FAIL","return_code":"SUCCESS","return_msg":"OK","sign":"542E67B839229138F9C363F01E6B61E1"}
[2017-06-04 11:04:15][debug] begin notify
[2017-06-04 11:04:15][debug] call back:{"appid":"wxd46e99b7f83183e1","bank_type":"CEB_CREDIT","cash_fee":"100","fee_type":"CNY","is_subscribe":"Y","mch_id":"1383580102","nonce_str":"92x52sod7sd2b9nj6iblhd9kugih100k","openid":"ovxXWv3CHJLsugBLuDQiCAxREFtE","out_trade_no":"201706041103402198","result_code":"SUCCESS","return_code":"SUCCESS","sign":"1DF39FA23FCC571FC789062F06145692","time_end":"20170604110347","total_fee":"100","trade_type":"JSAPI","transaction_id":"4002902001201706044210358771"}
[2017-06-04 11:04:15][debug] query:{"appid":"wxd46e99b7f83183e1","err_code":"ORDERNOTEXIST","err_code_des":"order not exist","mch_id":"1383580102","nonce_str":"IzB5w8AFrpgJdEJf","result_code":"FAIL","return_code":"SUCCESS","return_msg":"OK","sign":"7B08D073F358299CA361CF581B01E674"}
[2017-06-04 11:04:47][debug] begin notify
[2017-06-04 11:04:47][debug] call back:{"appid":"wxd46e99b7f83183e1","bank_type":"CEB_CREDIT","cash_fee":"100","fee_type":"CNY","is_subscribe":"Y","mch_id":"1383580102","nonce_str":"92x52sod7sd2b9nj6iblhd9kugih100k","openid":"ovxXWv3CHJLsugBLuDQiCAxREFtE","out_trade_no":"201706041103402198","result_code":"SUCCESS","return_code":"SUCCESS","sign":"1DF39FA23FCC571FC789062F06145692","time_end":"20170604110347","total_fee":"100","trade_type":"JSAPI","transaction_id":"4002902001201706044210358771"}
[2017-06-04 11:04:48][debug] query:{"appid":"wxd46e99b7f83183e1","err_code":"ORDERNOTEXIST","err_code_des":"order not exist","mch_id":"1383580102","nonce_str":"ECwKhj6i5TQrsaNv","result_code":"FAIL","return_code":"SUCCESS","return_msg":"OK","sign":"9CE99FD6F0A91EBCB169566FC8EDADD9"}
[2017-06-04 11:07:50][debug] begin notify
[2017-06-04 11:07:50][debug] call back:{"appid":"wxd46e99b7f83183e1","bank_type":"CEB_CREDIT","cash_fee":"100","fee_type":"CNY","is_subscribe":"Y","mch_id":"1383580102","nonce_str":"92x52sod7sd2b9nj6iblhd9kugih100k","openid":"ovxXWv3CHJLsugBLuDQiCAxREFtE","out_trade_no":"201706041103402198","result_code":"SUCCESS","return_code":"SUCCESS","sign":"1DF39FA23FCC571FC789062F06145692","time_end":"20170604110347","total_fee":"100","trade_type":"JSAPI","transaction_id":"4002902001201706044210358771"}
[2017-06-04 11:07:52][debug] query:{"appid":"wxd46e99b7f83183e1","err_code":"ORDERNOTEXIST","err_code_des":"order not exist","mch_id":"1383580102","nonce_str":"cKcz8rohFZOEThop","result_code":"FAIL","return_code":"SUCCESS","return_msg":"OK","sign":"26BB3F5F2A182D6DEC939C8E35B2A64C"}
[2017-06-04 11:37:53][debug] begin notify
[2017-06-04 11:37:53][debug] call back:{"appid":"wxd46e99b7f83183e1","bank_type":"CEB_CREDIT","cash_fee":"100","fee_type":"CNY","is_subscribe":"Y","mch_id":"1383580102","nonce_str":"92x52sod7sd2b9nj6iblhd9kugih100k","openid":"ovxXWv3CHJLsugBLuDQiCAxREFtE","out_trade_no":"201706041103402198","result_code":"SUCCESS","return_code":"SUCCESS","sign":"1DF39FA23FCC571FC789062F06145692","time_end":"20170604110347","total_fee":"100","trade_type":"JSAPI","transaction_id":"4002902001201706044210358771"}
[2017-06-04 11:37:55][debug] query:{"appid":"wxd46e99b7f83183e1","err_code":"ORDERNOTEXIST","err_code_des":"order not exist","mch_id":"1383580102","nonce_str":"mV7maQUOLFTTmoot","result_code":"FAIL","return_code":"SUCCESS","return_msg":"OK","sign":"B1065B08CDB035B217FC72817E05B171"}
[2017-06-04 12:07:58][debug] begin notify
[2017-06-04 12:07:58][debug] call back:{"appid":"wxd46e99b7f83183e1","bank_type":"CEB_CREDIT","cash_fee":"100","fee_type":"CNY","is_subscribe":"Y","mch_id":"1383580102","nonce_str":"92x52sod7sd2b9nj6iblhd9kugih100k","openid":"ovxXWv3CHJLsugBLuDQiCAxREFtE","out_trade_no":"201706041103402198","result_code":"SUCCESS","return_code":"SUCCESS","sign":"1DF39FA23FCC571FC789062F06145692","time_end":"20170604110347","total_fee":"100","trade_type":"JSAPI","transaction_id":"4002902001201706044210358771"}
[2017-06-04 12:08:00][debug] query:{"appid":"wxd46e99b7f83183e1","err_code":"ORDERNOTEXIST","err_code_des":"order not exist","mch_id":"1383580102","nonce_str":"j6x5vSppMCX90wgO","result_code":"FAIL","return_code":"SUCCESS","return_msg":"OK","sign":"3D3E98C69DCAFAC41728B72EAAC5161D"}
[2017-06-04 12:38:01][debug] begin notify
[2017-06-04 12:38:01][debug] call back:{"appid":"wxd46e99b7f83183e1","bank_type":"CEB_CREDIT","cash_fee":"100","fee_type":"CNY","is_subscribe":"Y","mch_id":"1383580102","nonce_str":"92x52sod7sd2b9nj6iblhd9kugih100k","openid":"ovxXWv3CHJLsugBLuDQiCAxREFtE","out_trade_no":"201706041103402198","result_code":"SUCCESS","return_code":"SUCCESS","sign":"1DF39FA23FCC571FC789062F06145692","time_end":"20170604110347","total_fee":"100","trade_type":"JSAPI","transaction_id":"4002902001201706044210358771"}
[2017-06-04 12:38:03][debug] query:{"appid":"wxd46e99b7f83183e1","err_code":"ORDERNOTEXIST","err_code_des":"order not exist","mch_id":"1383580102","nonce_str":"TktEmYiXFdyaMDoZ","result_code":"FAIL","return_code":"SUCCESS","return_msg":"OK","sign":"E95EB5C15329EBC2AD5F8F6BAE725FEB"}
[2017-06-04 13:08:05][debug] begin notify
[2017-06-04 13:08:05][debug] call back:{"appid":"wxd46e99b7f83183e1","bank_type":"CEB_CREDIT","cash_fee":"100","fee_type":"CNY","is_subscribe":"Y","mch_id":"1383580102","nonce_str":"92x52sod7sd2b9nj6iblhd9kugih100k","openid":"ovxXWv3CHJLsugBLuDQiCAxREFtE","out_trade_no":"201706041103402198","result_code":"SUCCESS","return_code":"SUCCESS","sign":"1DF39FA23FCC571FC789062F06145692","time_end":"20170604110347","total_fee":"100","trade_type":"JSAPI","transaction_id":"4002902001201706044210358771"}
[2017-06-04 13:08:06][debug] query:{"appid":"wxd46e99b7f83183e1","err_code":"ORDERNOTEXIST","err_code_des":"order not exist","mch_id":"1383580102","nonce_str":"aNQehrY3w376tbMH","result_code":"FAIL","return_code":"SUCCESS","return_msg":"OK","sign":"F0BC94AF3AE667F8C07A88CD29499C1E"}
[2017-06-04 14:08:09][debug] begin notify
[2017-06-04 14:08:09][debug] call back:{"appid":"wxd46e99b7f83183e1","bank_type":"CEB_CREDIT","cash_fee":"100","fee_type":"CNY","is_subscribe":"Y","mch_id":"1383580102","nonce_str":"92x52sod7sd2b9nj6iblhd9kugih100k","openid":"ovxXWv3CHJLsugBLuDQiCAxREFtE","out_trade_no":"201706041103402198","result_code":"SUCCESS","return_code":"SUCCESS","sign":"1DF39FA23FCC571FC789062F06145692","time_end":"20170604110347","total_fee":"100","trade_type":"JSAPI","transaction_id":"4002902001201706044210358771"}
[2017-06-04 14:08:09][debug] query:{"appid":"wxd46e99b7f83183e1","err_code":"ORDERNOTEXIST","err_code_des":"order not exist","mch_id":"1383580102","nonce_str":"umSYCVVxvS4WUUo7","result_code":"FAIL","return_code":"SUCCESS","return_msg":"OK","sign":"80F2B3671B2D1ECF8028E894DC75B122"}
