[2017-04-24 22:49:59][debug] begin notify
[2017-04-24 22:49:59][debug] call back:{"appid":"wxd46e99b7f83183e1","bank_type":"CMBC_CREDIT","cash_fee":"1000","fee_type":"CNY","is_subscribe":"Y","mch_id":"1383580102","nonce_str":"76jhtc0bh7eep2ylq0mve2t2fxjkugfj","openid":"ovxXWv3CHJLsugBLuDQiCAxREFtE","out_trade_no":"201704242249513744","result_code":"SUCCESS","return_code":"SUCCESS","sign":"796EA1C49F9820F56B96F03458F44224","time_end":"20170424224958","total_fee":"1000","trade_type":"JSAPI","transaction_id":"4002902001201704248234049729"}
[2017-04-24 22:50:00][debug] query:{"appid":"wxd46e99b7f83183e1","err_code":"ORDERNOTEXIST","err_code_des":"order not exist","mch_id":"1383580102","nonce_str":"63fWHJKCXVAVwNyH","result_code":"FAIL","return_code":"SUCCESS","return_msg":"OK","sign":"E0B9B56312BF50262A18101BDE74A2C2"}
[2017-04-24 22:50:02][debug] begin notify
[2017-04-24 22:50:03][debug] query:{"appid":"wxd46e99b7f83183e1","attach":[],"bank_type":"CMBC_CREDIT","cash_fee":"1000","fee_type":"CNY","is_subscribe":"Y","mch_id":"1383580102","nonce_str":"OPznMcHHQSwl8xPI","openid":"ovxXWv3CHJLsugBLuDQiCAxREFtE","out_trade_no":"201704242249513744","result_code":"SUCCESS","return_code":"SUCCESS","return_msg":"OK","sign":"021BA118FB1E9AD0F6874CBB17DA07A0","time_end":"20170424224958","total_fee":"1000","trade_state":"SUCCESS","trade_type":"JSAPI","transaction_id":"4002902001201704248234049729"}
[2017-04-24 22:50:15][debug] begin notify
[2017-04-24 22:50:15][debug] call back:{"appid":"wxd46e99b7f83183e1","bank_type":"CMBC_CREDIT","cash_fee":"1000","fee_type":"CNY","is_subscribe":"Y","mch_id":"1383580102","nonce_str":"76jhtc0bh7eep2ylq0mve2t2fxjkugfj","openid":"ovxXWv3CHJLsugBLuDQiCAxREFtE","out_trade_no":"201704242249513744","result_code":"SUCCESS","return_code":"SUCCESS","sign":"796EA1C49F9820F56B96F03458F44224","time_end":"20170424224958","total_fee":"1000","trade_type":"JSAPI","transaction_id":"4002902001201704248234049729"}
[2017-04-24 22:50:16][debug] query:{"appid":"wxd46e99b7f83183e1","err_code":"ORDERNOTEXIST","err_code_des":"order not exist","mch_id":"1383580102","nonce_str":"uhUXklzWRrS2vBgQ","result_code":"FAIL","return_code":"SUCCESS","return_msg":"OK","sign":"9A85164471AB1D3E562ABB997FEA8941"}
[2017-04-24 22:50:33][debug] begin notify
[2017-04-24 22:50:33][debug] call back:{"appid":"wxd46e99b7f83183e1","bank_type":"CMBC_CREDIT","cash_fee":"1000","fee_type":"CNY","is_subscribe":"Y","mch_id":"1383580102","nonce_str":"76jhtc0bh7eep2ylq0mve2t2fxjkugfj","openid":"ovxXWv3CHJLsugBLuDQiCAxREFtE","out_trade_no":"201704242249513744","result_code":"SUCCESS","return_code":"SUCCESS","sign":"796EA1C49F9820F56B96F03458F44224","time_end":"20170424224958","total_fee":"1000","trade_type":"JSAPI","transaction_id":"4002902001201704248234049729"}
[2017-04-24 22:50:35][debug] query:{"appid":"wxd46e99b7f83183e1","err_code":"ORDERNOTEXIST","err_code_des":"order not exist","mch_id":"1383580102","nonce_str":"MXgzohsjkca33Anr","result_code":"FAIL","return_code":"SUCCESS","return_msg":"OK","sign":"88375C0E0C00FBBD13D997C41F52F66A"}
[2017-04-24 22:51:06][debug] begin notify
[2017-04-24 22:51:06][debug] call back:{"appid":"wxd46e99b7f83183e1","bank_type":"CMBC_CREDIT","cash_fee":"1000","fee_type":"CNY","is_subscribe":"Y","mch_id":"1383580102","nonce_str":"76jhtc0bh7eep2ylq0mve2t2fxjkugfj","openid":"ovxXWv3CHJLsugBLuDQiCAxREFtE","out_trade_no":"201704242249513744","result_code":"SUCCESS","return_code":"SUCCESS","sign":"796EA1C49F9820F56B96F03458F44224","time_end":"20170424224958","total_fee":"1000","trade_type":"JSAPI","transaction_id":"4002902001201704248234049729"}
[2017-04-24 22:51:08][debug] query:{"appid":"wxd46e99b7f83183e1","err_code":"ORDERNOTEXIST","err_code_des":"order not exist","mch_id":"1383580102","nonce_str":"xMZKeoxDOVc5fvC3","result_code":"FAIL","return_code":"SUCCESS","return_msg":"OK","sign":"37BFCCE109C045EA5D0304BF660A4C89"}
[2017-04-24 22:54:09][debug] begin notify
[2017-04-24 22:54:09][debug] call back:{"appid":"wxd46e99b7f83183e1","bank_type":"CMBC_CREDIT","cash_fee":"1000","fee_type":"CNY","is_subscribe":"Y","mch_id":"1383580102","nonce_str":"76jhtc0bh7eep2ylq0mve2t2fxjkugfj","openid":"ovxXWv3CHJLsugBLuDQiCAxREFtE","out_trade_no":"201704242249513744","result_code":"SUCCESS","return_code":"SUCCESS","sign":"796EA1C49F9820F56B96F03458F44224","time_end":"20170424224958","total_fee":"1000","trade_type":"JSAPI","transaction_id":"4002902001201704248234049729"}
[2017-04-24 22:54:11][debug] query:{"appid":"wxd46e99b7f83183e1","err_code":"ORDERNOTEXIST","err_code_des":"order not exist","mch_id":"1383580102","nonce_str":"vO8KQ8baxZZc9igq","result_code":"FAIL","return_code":"SUCCESS","return_msg":"OK","sign":"183B84382B0FAA57EF78ED77841DE33C"}
[2017-04-24 23:24:12][debug] begin notify
[2017-04-24 23:24:12][debug] call back:{"appid":"wxd46e99b7f83183e1","bank_type":"CMBC_CREDIT","cash_fee":"1000","fee_type":"CNY","is_subscribe":"Y","mch_id":"1383580102","nonce_str":"76jhtc0bh7eep2ylq0mve2t2fxjkugfj","openid":"ovxXWv3CHJLsugBLuDQiCAxREFtE","out_trade_no":"201704242249513744","result_code":"SUCCESS","return_code":"SUCCESS","sign":"796EA1C49F9820F56B96F03458F44224","time_end":"20170424224958","total_fee":"1000","trade_type":"JSAPI","transaction_id":"4002902001201704248234049729"}
[2017-04-24 23:24:14][debug] query:{"appid":"wxd46e99b7f83183e1","err_code":"ORDERNOTEXIST","err_code_des":"order not exist","mch_id":"1383580102","nonce_str":"34sLsPqjneQG5Y6g","result_code":"FAIL","return_code":"SUCCESS","return_msg":"OK","sign":"6F2A7483D95653831033E2AA7B408310"}
[2017-04-24 23:54:17][debug] begin notify
[2017-04-24 23:54:17][debug] call back:{"appid":"wxd46e99b7f83183e1","bank_type":"CMBC_CREDIT","cash_fee":"1000","fee_type":"CNY","is_subscribe":"Y","mch_id":"1383580102","nonce_str":"76jhtc0bh7eep2ylq0mve2t2fxjkugfj","openid":"ovxXWv3CHJLsugBLuDQiCAxREFtE","out_trade_no":"201704242249513744","result_code":"SUCCESS","return_code":"SUCCESS","sign":"796EA1C49F9820F56B96F03458F44224","time_end":"20170424224958","total_fee":"1000","trade_type":"JSAPI","transaction_id":"4002902001201704248234049729"}
[2017-04-24 23:54:18][debug] query:{"appid":"wxd46e99b7f83183e1","err_code":"ORDERNOTEXIST","err_code_des":"order not exist","mch_id":"1383580102","nonce_str":"rvp20lxy8qqbxPIx","result_code":"FAIL","return_code":"SUCCESS","return_msg":"OK","sign":"703AF352914E119BCD50CC2782ACD809"}
