[2017-05-20 00:16:34][debug] begin notify
[2017-05-20 00:16:34][debug] call back:{"appid":"wxd46e99b7f83183e1","bank_type":"CFT","cash_fee":"1","fee_type":"CNY","is_subscribe":"Y","mch_id":"1383580102","nonce_str":"gbupoaxw9rmt1je1cx2get1c5vqcucai","openid":"ovxXWv5Ldfh1B4nho4C-Jz6Kgma0","out_trade_no":"2017051921111011","result_code":"SUCCESS","return_code":"SUCCESS","sign":"AC64785FC188DA90A260AEF083387F9E","time_end":"20170519211203","total_fee":"1","trade_type":"JSAPI","transaction_id":"4005242001201705191581373687"}
[2017-05-20 00:16:35][debug] query:{"appid":"wxd46e99b7f83183e1","err_code":"ORDERNOTEXIST","err_code_des":"order not exist","mch_id":"1383580102","nonce_str":"uUvFYWJ66NIpTKps","result_code":"FAIL","return_code":"SUCCESS","return_msg":"OK","sign":"D95E12978EC478B58C56AFA3D8FBC23F"}
[2017-05-20 00:32:14][debug] begin notify
[2017-05-20 00:32:14][debug] call back:{"appid":"wxd46e99b7f83183e1","bank_type":"CFT","cash_fee":"1","fee_type":"CNY","is_subscribe":"Y","mch_id":"1383580102","nonce_str":"1t11chpzhghcmmb2njohbrrgem2g4c0m","openid":"ovxXWv5Ldfh1B4nho4C-Jz6Kgma0","out_trade_no":"201705200031589446","result_code":"SUCCESS","return_code":"SUCCESS","sign":"E4645456785470D706968F0B9BD3AAB0","time_end":"20170520003214","total_fee":"1","trade_type":"JSAPI","transaction_id":"4005242001201705201605935584"}
[2017-05-20 00:32:16][debug] query:{"appid":"wxd46e99b7f83183e1","err_code":"ORDERNOTEXIST","err_code_des":"order not exist","mch_id":"1383580102","nonce_str":"gyshUjgwZ5Dbp7ro","result_code":"FAIL","return_code":"SUCCESS","return_msg":"OK","sign":"E9EB901A520E504961E0C0E62BDFF7B1"}
[2017-05-20 00:32:17][debug] begin notify
[2017-05-20 00:32:19][debug] query:{"appid":"wxd46e99b7f83183e1","attach":[],"bank_type":"CFT","cash_fee":"1","fee_type":"CNY","is_subscribe":"Y","mch_id":"1383580102","nonce_str":"9JilP53bK7lWcyoH","openid":"ovxXWv5Ldfh1B4nho4C-Jz6Kgma0","out_trade_no":"201705200031589446","result_code":"SUCCESS","return_code":"SUCCESS","return_msg":"OK","sign":"09057AA07BFA6EB29773173716F060E3","time_end":"20170520003214","total_fee":"1","trade_state":"SUCCESS","trade_type":"JSAPI","transaction_id":"4005242001201705201605935584"}
[2017-05-20 00:32:27][debug] begin notify
[2017-05-20 00:32:27][debug] call back:{"appid":"wxd46e99b7f83183e1","bank_type":"CFT","cash_fee":"1","fee_type":"CNY","is_subscribe":"Y","mch_id":"1383580102","nonce_str":"1t11chpzhghcmmb2njohbrrgem2g4c0m","openid":"ovxXWv5Ldfh1B4nho4C-Jz6Kgma0","out_trade_no":"201705200031589446","result_code":"SUCCESS","return_code":"SUCCESS","sign":"E4645456785470D706968F0B9BD3AAB0","time_end":"20170520003214","total_fee":"1","trade_type":"JSAPI","transaction_id":"4005242001201705201605935584"}
[2017-05-20 00:32:29][debug] query:{"appid":"wxd46e99b7f83183e1","err_code":"ORDERNOTEXIST","err_code_des":"order not exist","mch_id":"1383580102","nonce_str":"1EftgkRaAvyMqbdI","result_code":"FAIL","return_code":"SUCCESS","return_msg":"OK","sign":"470C3D7B8BB1750DA93B6029F832B38E"}
[2017-05-20 00:32:45][debug] begin notify
[2017-05-20 00:32:45][debug] call back:{"appid":"wxd46e99b7f83183e1","bank_type":"CFT","cash_fee":"1","fee_type":"CNY","is_subscribe":"Y","mch_id":"1383580102","nonce_str":"1t11chpzhghcmmb2njohbrrgem2g4c0m","openid":"ovxXWv5Ldfh1B4nho4C-Jz6Kgma0","out_trade_no":"201705200031589446","result_code":"SUCCESS","return_code":"SUCCESS","sign":"E4645456785470D706968F0B9BD3AAB0","time_end":"20170520003214","total_fee":"1","trade_type":"JSAPI","transaction_id":"4005242001201705201605935584"}
[2017-05-20 00:32:46][debug] query:{"appid":"wxd46e99b7f83183e1","err_code":"ORDERNOTEXIST","err_code_des":"order not exist","mch_id":"1383580102","nonce_str":"quRbcAf8f8AhSifQ","result_code":"FAIL","return_code":"SUCCESS","return_msg":"OK","sign":"032DFE338225F374AD84F9A10C273D7E"}
[2017-05-20 00:33:18][debug] begin notify
[2017-05-20 00:33:18][debug] call back:{"appid":"wxd46e99b7f83183e1","bank_type":"CFT","cash_fee":"1","fee_type":"CNY","is_subscribe":"Y","mch_id":"1383580102","nonce_str":"1t11chpzhghcmmb2njohbrrgem2g4c0m","openid":"ovxXWv5Ldfh1B4nho4C-Jz6Kgma0","out_trade_no":"201705200031589446","result_code":"SUCCESS","return_code":"SUCCESS","sign":"E4645456785470D706968F0B9BD3AAB0","time_end":"20170520003214","total_fee":"1","trade_type":"JSAPI","transaction_id":"4005242001201705201605935584"}
[2017-05-20 00:33:19][debug] query:{"appid":"wxd46e99b7f83183e1","err_code":"ORDERNOTEXIST","err_code_des":"order not exist","mch_id":"1383580102","nonce_str":"oY2q53HyIPdIJxhy","result_code":"FAIL","return_code":"SUCCESS","return_msg":"OK","sign":"45B340934980BE71317FD0B1E4A7D18F"}
[2017-05-20 00:36:21][debug] begin notify
[2017-05-20 00:36:21][debug] call back:{"appid":"wxd46e99b7f83183e1","bank_type":"CFT","cash_fee":"1","fee_type":"CNY","is_subscribe":"Y","mch_id":"1383580102","nonce_str":"1t11chpzhghcmmb2njohbrrgem2g4c0m","openid":"ovxXWv5Ldfh1B4nho4C-Jz6Kgma0","out_trade_no":"201705200031589446","result_code":"SUCCESS","return_code":"SUCCESS","sign":"E4645456785470D706968F0B9BD3AAB0","time_end":"20170520003214","total_fee":"1","trade_type":"JSAPI","transaction_id":"4005242001201705201605935584"}
[2017-05-20 00:36:23][debug] query:{"appid":"wxd46e99b7f83183e1","err_code":"ORDERNOTEXIST","err_code_des":"order not exist","mch_id":"1383580102","nonce_str":"n2FncbENA5qLZIkt","result_code":"FAIL","return_code":"SUCCESS","return_msg":"OK","sign":"2C9E267E5FB17AFCBD749BAE93C337AA"}
[2017-05-20 00:39:05][debug] begin notify
[2017-05-20 00:39:05][debug] call back:{"appid":"wxd46e99b7f83183e1","bank_type":"CFT","cash_fee":"1","fee_type":"CNY","is_subscribe":"Y","mch_id":"1383580102","nonce_str":"bhn6kngjlzjllbku8kjljdltrun72cac","openid":"ovxXWv5Ldfh1B4nho4C-Jz6Kgma0","out_trade_no":"201705200038569886","result_code":"SUCCESS","return_code":"SUCCESS","sign":"5C4020C6D800D033D4A3C7E686A9B7EA","time_end":"20170520003904","total_fee":"1","trade_type":"JSAPI","transaction_id":"4005242001201705201611110540"}
[2017-05-20 00:39:07][debug] begin notify
[2017-05-20 00:39:07][debug] query:{"appid":"wxd46e99b7f83183e1","err_code":"ORDERNOTEXIST","err_code_des":"order not exist","mch_id":"1383580102","nonce_str":"WDmElRiohwpNfgnb","result_code":"FAIL","return_code":"SUCCESS","return_msg":"OK","sign":"F44AF96939D45693A2EC0F0C29D15B3C"}
[2017-05-20 00:39:08][debug] query:{"appid":"wxd46e99b7f83183e1","attach":[],"bank_type":"CFT","cash_fee":"1","fee_type":"CNY","is_subscribe":"Y","mch_id":"1383580102","nonce_str":"FTx7H3hB7k9xF4wQ","openid":"ovxXWv5Ldfh1B4nho4C-Jz6Kgma0","out_trade_no":"201705200038569886","result_code":"SUCCESS","return_code":"SUCCESS","return_msg":"OK","sign":"06AD15F97A030514B5D15769DB11F983","time_end":"20170520003904","total_fee":"1","trade_state":"SUCCESS","trade_type":"JSAPI","transaction_id":"4005242001201705201611110540"}
[2017-05-20 00:39:23][debug] begin notify
[2017-05-20 00:39:23][debug] call back:{"appid":"wxd46e99b7f83183e1","bank_type":"CFT","cash_fee":"1","fee_type":"CNY","is_subscribe":"Y","mch_id":"1383580102","nonce_str":"bhn6kngjlzjllbku8kjljdltrun72cac","openid":"ovxXWv5Ldfh1B4nho4C-Jz6Kgma0","out_trade_no":"201705200038569886","result_code":"SUCCESS","return_code":"SUCCESS","sign":"5C4020C6D800D033D4A3C7E686A9B7EA","time_end":"20170520003904","total_fee":"1","trade_type":"JSAPI","transaction_id":"4005242001201705201611110540"}
[2017-05-20 00:39:25][debug] query:{"appid":"wxd46e99b7f83183e1","err_code":"ORDERNOTEXIST","err_code_des":"order not exist","mch_id":"1383580102","nonce_str":"MnZ13tM9I4nR2J9l","result_code":"FAIL","return_code":"SUCCESS","return_msg":"OK","sign":"9A012D4AB19A4DFA53CE3212EF0740B5"}
[2017-05-20 00:39:41][debug] begin notify
[2017-05-20 00:39:41][debug] call back:{"appid":"wxd46e99b7f83183e1","bank_type":"CFT","cash_fee":"1","fee_type":"CNY","is_subscribe":"Y","mch_id":"1383580102","nonce_str":"bhn6kngjlzjllbku8kjljdltrun72cac","openid":"ovxXWv5Ldfh1B4nho4C-Jz6Kgma0","out_trade_no":"201705200038569886","result_code":"SUCCESS","return_code":"SUCCESS","sign":"5C4020C6D800D033D4A3C7E686A9B7EA","time_end":"20170520003904","total_fee":"1","trade_type":"JSAPI","transaction_id":"4005242001201705201611110540"}
[2017-05-20 00:39:43][debug] query:{"appid":"wxd46e99b7f83183e1","err_code":"ORDERNOTEXIST","err_code_des":"order not exist","mch_id":"1383580102","nonce_str":"HhuHAZowx1F6RoIp","result_code":"FAIL","return_code":"SUCCESS","return_msg":"OK","sign":"503C588627077DD7F7D73C2096F75B0B"}
[2017-05-20 00:40:14][debug] begin notify
[2017-05-20 00:40:14][debug] call back:{"appid":"wxd46e99b7f83183e1","bank_type":"CFT","cash_fee":"1","fee_type":"CNY","is_subscribe":"Y","mch_id":"1383580102","nonce_str":"bhn6kngjlzjllbku8kjljdltrun72cac","openid":"ovxXWv5Ldfh1B4nho4C-Jz6Kgma0","out_trade_no":"201705200038569886","result_code":"SUCCESS","return_code":"SUCCESS","sign":"5C4020C6D800D033D4A3C7E686A9B7EA","time_end":"20170520003904","total_fee":"1","trade_type":"JSAPI","transaction_id":"4005242001201705201611110540"}
[2017-05-20 00:40:16][debug] query:{"appid":"wxd46e99b7f83183e1","err_code":"ORDERNOTEXIST","err_code_des":"order not exist","mch_id":"1383580102","nonce_str":"1nkp10f9D2Zg38oI","result_code":"FAIL","return_code":"SUCCESS","return_msg":"OK","sign":"650A4C35DEC46805B9FB7031AE3285DA"}
[2017-05-20 00:43:18][debug] begin notify
[2017-05-20 00:43:18][debug] call back:{"appid":"wxd46e99b7f83183e1","bank_type":"CFT","cash_fee":"1","fee_type":"CNY","is_subscribe":"Y","mch_id":"1383580102","nonce_str":"bhn6kngjlzjllbku8kjljdltrun72cac","openid":"ovxXWv5Ldfh1B4nho4C-Jz6Kgma0","out_trade_no":"201705200038569886","result_code":"SUCCESS","return_code":"SUCCESS","sign":"5C4020C6D800D033D4A3C7E686A9B7EA","time_end":"20170520003904","total_fee":"1","trade_type":"JSAPI","transaction_id":"4005242001201705201611110540"}
[2017-05-20 00:43:19][debug] query:{"appid":"wxd46e99b7f83183e1","err_code":"ORDERNOTEXIST","err_code_des":"order not exist","mch_id":"1383580102","nonce_str":"UhpP298AiwR4B9t7","result_code":"FAIL","return_code":"SUCCESS","return_msg":"OK","sign":"7AD29EEF2E102EE25D9872FC5CD6ED09"}
[2017-05-20 01:03:31][debug] begin notify
[2017-05-20 01:03:32][debug] query:{"appid":"wxd46e99b7f83183e1","attach":[],"bank_type":"CFT","cash_fee":"1","fee_type":"CNY","is_subscribe":"Y","mch_id":"1383580102","nonce_str":"sva7RI07cTzuKsF6","openid":"ovxXWv5Ldfh1B4nho4C-Jz6Kgma0","out_trade_no":"201705200038569886","result_code":"SUCCESS","return_code":"SUCCESS","return_msg":"OK","sign":"4FF396AB2F8B17F827F7BCF472A607C2","time_end":"20170520003904","total_fee":"1","trade_state":"SUCCESS","trade_type":"JSAPI","transaction_id":"4005242001201705201611110540"}
[2017-05-20 01:05:40][debug] begin notify
[2017-05-20 01:05:42][debug] query:{"appid":"wxd46e99b7f83183e1","attach":[],"bank_type":"CFT","cash_fee":"1","fee_type":"CNY","is_subscribe":"Y","mch_id":"1383580102","nonce_str":"pGH4w7ahgSLhIo2F","openid":"ovxXWv5Ldfh1B4nho4C-Jz6Kgma0","out_trade_no":"201705200038569886","result_code":"SUCCESS","return_code":"SUCCESS","return_msg":"OK","sign":"B4AD69D675AE1CCAEB144F266A535A3B","time_end":"20170520003904","total_fee":"1","trade_state":"SUCCESS","trade_type":"JSAPI","transaction_id":"4005242001201705201611110540"}
[2017-05-20 01:06:24][debug] begin notify
[2017-05-20 01:06:24][debug] call back:{"appid":"wxd46e99b7f83183e1","bank_type":"CFT","cash_fee":"1","fee_type":"CNY","is_subscribe":"Y","mch_id":"1383580102","nonce_str":"1t11chpzhghcmmb2njohbrrgem2g4c0m","openid":"ovxXWv5Ldfh1B4nho4C-Jz6Kgma0","out_trade_no":"201705200031589446","result_code":"SUCCESS","return_code":"SUCCESS","sign":"E4645456785470D706968F0B9BD3AAB0","time_end":"20170520003214","total_fee":"1","trade_type":"JSAPI","transaction_id":"4005242001201705201605935584"}
[2017-05-20 01:06:26][debug] query:{"appid":"wxd46e99b7f83183e1","err_code":"ORDERNOTEXIST","err_code_des":"order not exist","mch_id":"1383580102","nonce_str":"3E5hoUw1V9BPOnVX","result_code":"FAIL","return_code":"SUCCESS","return_msg":"OK","sign":"89074E790B9709EFE0467838081EC0E6"}
[2017-05-20 01:08:19][debug] begin notify
[2017-05-20 01:08:20][debug] query:{"appid":"wxd46e99b7f83183e1","attach":[],"bank_type":"CFT","cash_fee":"1","fee_type":"CNY","is_subscribe":"Y","mch_id":"1383580102","nonce_str":"qRpch2aPUY317AMh","openid":"ovxXWv5Ldfh1B4nho4C-Jz6Kgma0","out_trade_no":"201705200038569886","result_code":"SUCCESS","return_code":"SUCCESS","return_msg":"OK","sign":"96FE28CC57F0B8C2C34B044664D0E701","time_end":"20170520003904","total_fee":"1","trade_state":"SUCCESS","trade_type":"JSAPI","transaction_id":"4005242001201705201611110540"}
[2017-05-20 01:13:22][debug] begin notify
[2017-05-20 01:13:22][debug] call back:{"appid":"wxd46e99b7f83183e1","bank_type":"CFT","cash_fee":"1","fee_type":"CNY","is_subscribe":"Y","mch_id":"1383580102","nonce_str":"bhn6kngjlzjllbku8kjljdltrun72cac","openid":"ovxXWv5Ldfh1B4nho4C-Jz6Kgma0","out_trade_no":"201705200038569886","result_code":"SUCCESS","return_code":"SUCCESS","sign":"5C4020C6D800D033D4A3C7E686A9B7EA","time_end":"20170520003904","total_fee":"1","trade_type":"JSAPI","transaction_id":"4005242001201705201611110540"}
[2017-05-20 01:13:23][debug] query:{"appid":"wxd46e99b7f83183e1","err_code":"ORDERNOTEXIST","err_code_des":"order not exist","mch_id":"1383580102","nonce_str":"3XtpZNL0DVI9r4eO","result_code":"FAIL","return_code":"SUCCESS","return_msg":"OK","sign":"04BBBF67154BB9EB022565325DEAB7B1"}
[2017-05-20 01:15:20][debug] begin notify
[2017-05-20 01:15:22][debug] query:{"appid":"wxd46e99b7f83183e1","attach":[],"bank_type":"CFT","cash_fee":"1","fee_type":"CNY","is_subscribe":"Y","mch_id":"1383580102","nonce_str":"w4ZF3nef8qojyrp3","openid":"ovxXWv5Ldfh1B4nho4C-Jz6Kgma0","out_trade_no":"201705200038569886","result_code":"SUCCESS","return_code":"SUCCESS","return_msg":"OK","sign":"07CCD152CE2A32B6DA80D0F87F53D06E","time_end":"20170520003904","total_fee":"1","trade_state":"SUCCESS","trade_type":"JSAPI","transaction_id":"4005242001201705201611110540"}
[2017-05-20 01:21:54][debug] begin notify
[2017-05-20 01:21:56][debug] query:{"appid":"wxd46e99b7f83183e1","attach":[],"bank_type":"CFT","cash_fee":"1","fee_type":"CNY","is_subscribe":"Y","mch_id":"1383580102","nonce_str":"7K8zhnwCmOxBQnTE","openid":"ovxXWv5Ldfh1B4nho4C-Jz6Kgma0","out_trade_no":"201705200038569886","result_code":"SUCCESS","return_code":"SUCCESS","return_msg":"OK","sign":"21CE2B04DF7B99D0C96B07A9481C29FE","time_end":"20170520003904","total_fee":"1","trade_state":"SUCCESS","trade_type":"JSAPI","transaction_id":"4005242001201705201611110540"}
[2017-05-20 01:22:57][debug] begin notify
[2017-05-20 01:22:59][debug] query:{"appid":"wxd46e99b7f83183e1","attach":[],"bank_type":"CFT","cash_fee":"1","fee_type":"CNY","is_subscribe":"Y","mch_id":"1383580102","nonce_str":"Xc5u3bN4SFTGhbQK","openid":"ovxXWv5Ldfh1B4nho4C-Jz6Kgma0","out_trade_no":"201705200038569886","result_code":"SUCCESS","return_code":"SUCCESS","return_msg":"OK","sign":"F8E65F4438BC942F9AB65B5BDA9DCEE7","time_end":"20170520003904","total_fee":"1","trade_state":"SUCCESS","trade_type":"JSAPI","transaction_id":"4005242001201705201611110540"}
[2017-05-20 01:23:23][debug] begin notify
[2017-05-20 01:23:25][debug] query:{"appid":"wxd46e99b7f83183e1","attach":[],"bank_type":"CFT","cash_fee":"1","fee_type":"CNY","is_subscribe":"Y","mch_id":"1383580102","nonce_str":"HXnWgSMg0szGtGNt","openid":"ovxXWv5Ldfh1B4nho4C-Jz6Kgma0","out_trade_no":"201705200038569886","result_code":"SUCCESS","return_code":"SUCCESS","return_msg":"OK","sign":"3EFBD35839FE59997F8ED88832C6B846","time_end":"20170520003904","total_fee":"1","trade_state":"SUCCESS","trade_type":"JSAPI","transaction_id":"4005242001201705201611110540"}
[2017-05-20 01:24:47][debug] begin notify
[2017-05-20 01:24:49][debug] query:{"appid":"wxd46e99b7f83183e1","attach":[],"bank_type":"CFT","cash_fee":"1","fee_type":"CNY","is_subscribe":"Y","mch_id":"1383580102","nonce_str":"OlhBtgXitxtNwoQD","openid":"ovxXWv5Ldfh1B4nho4C-Jz6Kgma0","out_trade_no":"201705200038569886","result_code":"SUCCESS","return_code":"SUCCESS","return_msg":"OK","sign":"836641E143AA794B5B36C6E26D5920DF","time_end":"20170520003904","total_fee":"1","trade_state":"SUCCESS","trade_type":"JSAPI","transaction_id":"4005242001201705201611110540"}
[2017-05-20 01:25:07][debug] begin notify
[2017-05-20 01:25:07][debug] query:{"appid":"wxd46e99b7f83183e1","attach":[],"bank_type":"CFT","cash_fee":"1","fee_type":"CNY","is_subscribe":"Y","mch_id":"1383580102","nonce_str":"aKSbQWLkyiCR43Sp","openid":"ovxXWv5Ldfh1B4nho4C-Jz6Kgma0","out_trade_no":"201705200038569886","result_code":"SUCCESS","return_code":"SUCCESS","return_msg":"OK","sign":"60A936584CA7087D2AC4685AF9B67D83","time_end":"20170520003904","total_fee":"1","trade_state":"SUCCESS","trade_type":"JSAPI","transaction_id":"4005242001201705201611110540"}
[2017-05-20 01:36:28][debug] begin notify
[2017-05-20 01:36:28][debug] call back:{"appid":"wxd46e99b7f83183e1","bank_type":"CFT","cash_fee":"1","fee_type":"CNY","is_subscribe":"Y","mch_id":"1383580102","nonce_str":"1t11chpzhghcmmb2njohbrrgem2g4c0m","openid":"ovxXWv5Ldfh1B4nho4C-Jz6Kgma0","out_trade_no":"201705200031589446","result_code":"SUCCESS","return_code":"SUCCESS","sign":"E4645456785470D706968F0B9BD3AAB0","time_end":"20170520003214","total_fee":"1","trade_type":"JSAPI","transaction_id":"4005242001201705201605935584"}
[2017-05-20 01:36:30][debug] query:{"appid":"wxd46e99b7f83183e1","err_code":"ORDERNOTEXIST","err_code_des":"order not exist","mch_id":"1383580102","nonce_str":"2hJWHXd6pvBwUtW7","result_code":"FAIL","return_code":"SUCCESS","return_msg":"OK","sign":"1804241BD6C64622CFC947D7E5B4AA52"}
[2017-05-20 01:43:25][debug] begin notify
[2017-05-20 01:43:25][debug] call back:{"appid":"wxd46e99b7f83183e1","bank_type":"CFT","cash_fee":"1","fee_type":"CNY","is_subscribe":"Y","mch_id":"1383580102","nonce_str":"bhn6kngjlzjllbku8kjljdltrun72cac","openid":"ovxXWv5Ldfh1B4nho4C-Jz6Kgma0","out_trade_no":"201705200038569886","result_code":"SUCCESS","return_code":"SUCCESS","sign":"5C4020C6D800D033D4A3C7E686A9B7EA","time_end":"20170520003904","total_fee":"1","trade_type":"JSAPI","transaction_id":"4005242001201705201611110540"}
[2017-05-20 01:43:26][debug] query:{"appid":"wxd46e99b7f83183e1","err_code":"ORDERNOTEXIST","err_code_des":"order not exist","mch_id":"1383580102","nonce_str":"PbWqkWxPQ3KK7Ttq","result_code":"FAIL","return_code":"SUCCESS","return_msg":"OK","sign":"4F55C78DCF895B56C4EC8CD6E7C48D36"}
[2017-05-20 02:06:32][debug] begin notify
[2017-05-20 02:06:32][debug] call back:{"appid":"wxd46e99b7f83183e1","bank_type":"CFT","cash_fee":"1","fee_type":"CNY","is_subscribe":"Y","mch_id":"1383580102","nonce_str":"1t11chpzhghcmmb2njohbrrgem2g4c0m","openid":"ovxXWv5Ldfh1B4nho4C-Jz6Kgma0","out_trade_no":"201705200031589446","result_code":"SUCCESS","return_code":"SUCCESS","sign":"E4645456785470D706968F0B9BD3AAB0","time_end":"20170520003214","total_fee":"1","trade_type":"JSAPI","transaction_id":"4005242001201705201605935584"}
[2017-05-20 02:06:34][debug] query:{"appid":"wxd46e99b7f83183e1","err_code":"ORDERNOTEXIST","err_code_des":"order not exist","mch_id":"1383580102","nonce_str":"1SrST0lssmQlgNzy","result_code":"FAIL","return_code":"SUCCESS","return_msg":"OK","sign":"0812566268EFCA61BDC6F49D0C6BF76E"}
[2017-05-20 02:13:28][debug] begin notify
[2017-05-20 02:13:28][debug] call back:{"appid":"wxd46e99b7f83183e1","bank_type":"CFT","cash_fee":"1","fee_type":"CNY","is_subscribe":"Y","mch_id":"1383580102","nonce_str":"bhn6kngjlzjllbku8kjljdltrun72cac","openid":"ovxXWv5Ldfh1B4nho4C-Jz6Kgma0","out_trade_no":"201705200038569886","result_code":"SUCCESS","return_code":"SUCCESS","sign":"5C4020C6D800D033D4A3C7E686A9B7EA","time_end":"20170520003904","total_fee":"1","trade_type":"JSAPI","transaction_id":"4005242001201705201611110540"}
[2017-05-20 02:13:29][debug] query:{"appid":"wxd46e99b7f83183e1","err_code":"ORDERNOTEXIST","err_code_des":"order not exist","mch_id":"1383580102","nonce_str":"WTuSImiEjFoS50et","result_code":"FAIL","return_code":"SUCCESS","return_msg":"OK","sign":"62FDFD145A3A0FA554DF2DC3728001FE"}
[2017-05-20 02:36:37][debug] begin notify
[2017-05-20 02:36:37][debug] call back:{"appid":"wxd46e99b7f83183e1","bank_type":"CFT","cash_fee":"1","fee_type":"CNY","is_subscribe":"Y","mch_id":"1383580102","nonce_str":"1t11chpzhghcmmb2njohbrrgem2g4c0m","openid":"ovxXWv5Ldfh1B4nho4C-Jz6Kgma0","out_trade_no":"201705200031589446","result_code":"SUCCESS","return_code":"SUCCESS","sign":"E4645456785470D706968F0B9BD3AAB0","time_end":"20170520003214","total_fee":"1","trade_type":"JSAPI","transaction_id":"4005242001201705201605935584"}
[2017-05-20 02:36:37][debug] query:{"appid":"wxd46e99b7f83183e1","err_code":"ORDERNOTEXIST","err_code_des":"order not exist","mch_id":"1383580102","nonce_str":"KrwzToNyKY3e4eQN","result_code":"FAIL","return_code":"SUCCESS","return_msg":"OK","sign":"BC92A5BB266E299823C98E73FFA3E76C"}
[2017-05-20 02:43:31][debug] begin notify
[2017-05-20 02:43:31][debug] call back:{"appid":"wxd46e99b7f83183e1","bank_type":"CFT","cash_fee":"1","fee_type":"CNY","is_subscribe":"Y","mch_id":"1383580102","nonce_str":"bhn6kngjlzjllbku8kjljdltrun72cac","openid":"ovxXWv5Ldfh1B4nho4C-Jz6Kgma0","out_trade_no":"201705200038569886","result_code":"SUCCESS","return_code":"SUCCESS","sign":"5C4020C6D800D033D4A3C7E686A9B7EA","time_end":"20170520003904","total_fee":"1","trade_type":"JSAPI","transaction_id":"4005242001201705201611110540"}
[2017-05-20 02:43:33][debug] query:{"appid":"wxd46e99b7f83183e1","err_code":"ORDERNOTEXIST","err_code_des":"order not exist","mch_id":"1383580102","nonce_str":"UtN3bc5y3OWdwT1X","result_code":"FAIL","return_code":"SUCCESS","return_msg":"OK","sign":"0C481D2274565012335374A4078D394A"}
[2017-05-20 03:36:40][debug] begin notify
[2017-05-20 03:36:40][debug] call back:{"appid":"wxd46e99b7f83183e1","bank_type":"CFT","cash_fee":"1","fee_type":"CNY","is_subscribe":"Y","mch_id":"1383580102","nonce_str":"1t11chpzhghcmmb2njohbrrgem2g4c0m","openid":"ovxXWv5Ldfh1B4nho4C-Jz6Kgma0","out_trade_no":"201705200031589446","result_code":"SUCCESS","return_code":"SUCCESS","sign":"E4645456785470D706968F0B9BD3AAB0","time_end":"20170520003214","total_fee":"1","trade_type":"JSAPI","transaction_id":"4005242001201705201605935584"}
[2017-05-20 03:36:40][debug] query:{"appid":"wxd46e99b7f83183e1","err_code":"ORDERNOTEXIST","err_code_des":"order not exist","mch_id":"1383580102","nonce_str":"5306mZEWoo54Km8U","result_code":"FAIL","return_code":"SUCCESS","return_msg":"OK","sign":"CCA9804FC408B49C5E90F34F9085B721"}
[2017-05-20 03:43:34][debug] begin notify
[2017-05-20 03:43:34][debug] call back:{"appid":"wxd46e99b7f83183e1","bank_type":"CFT","cash_fee":"1","fee_type":"CNY","is_subscribe":"Y","mch_id":"1383580102","nonce_str":"bhn6kngjlzjllbku8kjljdltrun72cac","openid":"ovxXWv5Ldfh1B4nho4C-Jz6Kgma0","out_trade_no":"201705200038569886","result_code":"SUCCESS","return_code":"SUCCESS","sign":"5C4020C6D800D033D4A3C7E686A9B7EA","time_end":"20170520003904","total_fee":"1","trade_type":"JSAPI","transaction_id":"4005242001201705201611110540"}
[2017-05-20 03:43:36][debug] query:{"appid":"wxd46e99b7f83183e1","err_code":"ORDERNOTEXIST","err_code_des":"order not exist","mch_id":"1383580102","nonce_str":"aNAulCSXZ4pTM8OC","result_code":"FAIL","return_code":"SUCCESS","return_msg":"OK","sign":"BD4ADDB051DD19595756B134691D7786"}
[2017-05-20 14:17:45][debug] begin notify
[2017-05-20 14:17:45][debug] call back:{"appid":"wxd46e99b7f83183e1","bank_type":"CEB_CREDIT","cash_fee":"1","fee_type":"CNY","is_subscribe":"Y","mch_id":"1383580102","nonce_str":"1dr3l8ineono8hji8mdhmu6wgq662tch","openid":"ovxXWv3CHJLsugBLuDQiCAxREFtE","out_trade_no":"201705201417383087","result_code":"SUCCESS","return_code":"SUCCESS","sign":"43B7BBFEDAF82BE8ED12936205356E3F","time_end":"20170520141745","total_fee":"1","trade_type":"JSAPI","transaction_id":"4002902001201705201699422668"}
[2017-05-20 14:17:46][debug] query:{"appid":"wxd46e99b7f83183e1","err_code":"ORDERNOTEXIST","err_code_des":"order not exist","mch_id":"1383580102","nonce_str":"QBfbZgtcIi6YFvyZ","result_code":"FAIL","return_code":"SUCCESS","return_msg":"OK","sign":"9DCF366CA7534C77E8CBDEFBA114E274"}
[2017-05-20 14:17:49][debug] begin notify
[2017-05-20 14:17:51][debug] query:{"appid":"wxd46e99b7f83183e1","attach":[],"bank_type":"CEB_CREDIT","cash_fee":"1","fee_type":"CNY","is_subscribe":"Y","mch_id":"1383580102","nonce_str":"aWpJcXHxz4nr0SMh","openid":"ovxXWv3CHJLsugBLuDQiCAxREFtE","out_trade_no":"201705201417383087","result_code":"SUCCESS","return_code":"SUCCESS","return_msg":"OK","sign":"4BD1EFEBFD8F21FA8E1DB0E9CBEB85E0","time_end":"20170520141745","total_fee":"1","trade_state":"SUCCESS","trade_type":"JSAPI","transaction_id":"4002902001201705201699422668"}
[2017-05-20 14:17:58][debug] begin notify
[2017-05-20 14:17:58][debug] call back:{"appid":"wxd46e99b7f83183e1","bank_type":"CEB_CREDIT","cash_fee":"1","fee_type":"CNY","is_subscribe":"Y","mch_id":"1383580102","nonce_str":"1dr3l8ineono8hji8mdhmu6wgq662tch","openid":"ovxXWv3CHJLsugBLuDQiCAxREFtE","out_trade_no":"201705201417383087","result_code":"SUCCESS","return_code":"SUCCESS","sign":"43B7BBFEDAF82BE8ED12936205356E3F","time_end":"20170520141745","total_fee":"1","trade_type":"JSAPI","transaction_id":"4002902001201705201699422668"}
[2017-05-20 14:18:00][debug] query:{"appid":"wxd46e99b7f83183e1","err_code":"ORDERNOTEXIST","err_code_des":"order not exist","mch_id":"1383580102","nonce_str":"5tCaJqzlaYDZ8Eky","result_code":"FAIL","return_code":"SUCCESS","return_msg":"OK","sign":"99941DCFBB87B25FCEA80EF56254070B"}
[2017-05-20 14:18:17][debug] begin notify
[2017-05-20 14:18:17][debug] call back:{"appid":"wxd46e99b7f83183e1","bank_type":"CEB_CREDIT","cash_fee":"1","fee_type":"CNY","is_subscribe":"Y","mch_id":"1383580102","nonce_str":"1dr3l8ineono8hji8mdhmu6wgq662tch","openid":"ovxXWv3CHJLsugBLuDQiCAxREFtE","out_trade_no":"201705201417383087","result_code":"SUCCESS","return_code":"SUCCESS","sign":"43B7BBFEDAF82BE8ED12936205356E3F","time_end":"20170520141745","total_fee":"1","trade_type":"JSAPI","transaction_id":"4002902001201705201699422668"}
[2017-05-20 14:18:19][debug] query:{"appid":"wxd46e99b7f83183e1","err_code":"ORDERNOTEXIST","err_code_des":"order not exist","mch_id":"1383580102","nonce_str":"Qp5LFMHYSRYIyi1m","result_code":"FAIL","return_code":"SUCCESS","return_msg":"OK","sign":"43E23745A995F1ABF7C12916947CBEB6"}
[2017-05-20 14:18:51][debug] begin notify
[2017-05-20 14:18:51][debug] call back:{"appid":"wxd46e99b7f83183e1","bank_type":"CEB_CREDIT","cash_fee":"1","fee_type":"CNY","is_subscribe":"Y","mch_id":"1383580102","nonce_str":"1dr3l8ineono8hji8mdhmu6wgq662tch","openid":"ovxXWv3CHJLsugBLuDQiCAxREFtE","out_trade_no":"201705201417383087","result_code":"SUCCESS","return_code":"SUCCESS","sign":"43B7BBFEDAF82BE8ED12936205356E3F","time_end":"20170520141745","total_fee":"1","trade_type":"JSAPI","transaction_id":"4002902001201705201699422668"}
[2017-05-20 14:18:52][debug] query:{"appid":"wxd46e99b7f83183e1","err_code":"ORDERNOTEXIST","err_code_des":"order not exist","mch_id":"1383580102","nonce_str":"QObi4GqAxFH0iLFJ","result_code":"FAIL","return_code":"SUCCESS","return_msg":"OK","sign":"F3A7CD52D139884626AFA9091E268718"}
[2017-05-20 14:21:53][debug] begin notify
[2017-05-20 14:21:53][debug] call back:{"appid":"wxd46e99b7f83183e1","bank_type":"CEB_CREDIT","cash_fee":"1","fee_type":"CNY","is_subscribe":"Y","mch_id":"1383580102","nonce_str":"1dr3l8ineono8hji8mdhmu6wgq662tch","openid":"ovxXWv3CHJLsugBLuDQiCAxREFtE","out_trade_no":"201705201417383087","result_code":"SUCCESS","return_code":"SUCCESS","sign":"43B7BBFEDAF82BE8ED12936205356E3F","time_end":"20170520141745","total_fee":"1","trade_type":"JSAPI","transaction_id":"4002902001201705201699422668"}
[2017-05-20 14:21:55][debug] query:{"appid":"wxd46e99b7f83183e1","err_code":"ORDERNOTEXIST","err_code_des":"order not exist","mch_id":"1383580102","nonce_str":"7u1yVNojCnQqKyPm","result_code":"FAIL","return_code":"SUCCESS","return_msg":"OK","sign":"C3327228E07EE0E69127C67A59CC858A"}
[2017-05-20 14:51:57][debug] begin notify
[2017-05-20 14:51:57][debug] call back:{"appid":"wxd46e99b7f83183e1","bank_type":"CEB_CREDIT","cash_fee":"1","fee_type":"CNY","is_subscribe":"Y","mch_id":"1383580102","nonce_str":"1dr3l8ineono8hji8mdhmu6wgq662tch","openid":"ovxXWv3CHJLsugBLuDQiCAxREFtE","out_trade_no":"201705201417383087","result_code":"SUCCESS","return_code":"SUCCESS","sign":"43B7BBFEDAF82BE8ED12936205356E3F","time_end":"20170520141745","total_fee":"1","trade_type":"JSAPI","transaction_id":"4002902001201705201699422668"}
[2017-05-20 14:51:59][debug] query:{"appid":"wxd46e99b7f83183e1","err_code":"ORDERNOTEXIST","err_code_des":"order not exist","mch_id":"1383580102","nonce_str":"N8SJwURCO75mECsA","result_code":"FAIL","return_code":"SUCCESS","return_msg":"OK","sign":"E77F3B5A767EFCB7F125F21AD702301A"}
[2017-05-20 15:22:02][debug] begin notify
[2017-05-20 15:22:02][debug] call back:{"appid":"wxd46e99b7f83183e1","bank_type":"CEB_CREDIT","cash_fee":"1","fee_type":"CNY","is_subscribe":"Y","mch_id":"1383580102","nonce_str":"1dr3l8ineono8hji8mdhmu6wgq662tch","openid":"ovxXWv3CHJLsugBLuDQiCAxREFtE","out_trade_no":"201705201417383087","result_code":"SUCCESS","return_code":"SUCCESS","sign":"43B7BBFEDAF82BE8ED12936205356E3F","time_end":"20170520141745","total_fee":"1","trade_type":"JSAPI","transaction_id":"4002902001201705201699422668"}
[2017-05-20 15:22:03][debug] query:{"appid":"wxd46e99b7f83183e1","err_code":"ORDERNOTEXIST","err_code_des":"order not exist","mch_id":"1383580102","nonce_str":"PLdSjFk43uBV4Kdp","result_code":"FAIL","return_code":"SUCCESS","return_msg":"OK","sign":"256334E8A1E468EC673204786C461957"}
[2017-05-20 15:52:05][debug] begin notify
[2017-05-20 15:52:05][debug] call back:{"appid":"wxd46e99b7f83183e1","bank_type":"CEB_CREDIT","cash_fee":"1","fee_type":"CNY","is_subscribe":"Y","mch_id":"1383580102","nonce_str":"1dr3l8ineono8hji8mdhmu6wgq662tch","openid":"ovxXWv3CHJLsugBLuDQiCAxREFtE","out_trade_no":"201705201417383087","result_code":"SUCCESS","return_code":"SUCCESS","sign":"43B7BBFEDAF82BE8ED12936205356E3F","time_end":"20170520141745","total_fee":"1","trade_type":"JSAPI","transaction_id":"4002902001201705201699422668"}
[2017-05-20 15:52:07][debug] query:{"appid":"wxd46e99b7f83183e1","err_code":"ORDERNOTEXIST","err_code_des":"order not exist","mch_id":"1383580102","nonce_str":"B2nozy0BuJEwPEwN","result_code":"FAIL","return_code":"SUCCESS","return_msg":"OK","sign":"6CACACC8240CFC6362BC24D421D6A8EB"}
[2017-05-20 16:22:10][debug] begin notify
[2017-05-20 16:22:10][debug] call back:{"appid":"wxd46e99b7f83183e1","bank_type":"CEB_CREDIT","cash_fee":"1","fee_type":"CNY","is_subscribe":"Y","mch_id":"1383580102","nonce_str":"1dr3l8ineono8hji8mdhmu6wgq662tch","openid":"ovxXWv3CHJLsugBLuDQiCAxREFtE","out_trade_no":"201705201417383087","result_code":"SUCCESS","return_code":"SUCCESS","sign":"43B7BBFEDAF82BE8ED12936205356E3F","time_end":"20170520141745","total_fee":"1","trade_type":"JSAPI","transaction_id":"4002902001201705201699422668"}
[2017-05-20 16:22:12][debug] query:{"appid":"wxd46e99b7f83183e1","err_code":"ORDERNOTEXIST","err_code_des":"order not exist","mch_id":"1383580102","nonce_str":"jPDHdvJaRarvKDcs","result_code":"FAIL","return_code":"SUCCESS","return_msg":"OK","sign":"46B6C898CD444DE83CD8F4B81F803BAA"}
[2017-05-20 17:04:42][debug] begin notify
[2017-05-20 17:04:42][debug] call back:{"appid":"wxd46e99b7f83183e1","bank_type":"CFT","cash_fee":"1","fee_type":"CNY","is_subscribe":"Y","mch_id":"1383580102","nonce_str":"ih503xnql3ibxd7tta4j3ob91hnza0yt","openid":"ovxXWv5Ldfh1B4nho4C-Jz6Kgma0","out_trade_no":"2017052017041096","result_code":"SUCCESS","return_code":"SUCCESS","sign":"1C9C91EFFC98EB280F5B7FC71C6EFDDE","time_end":"20170520170442","total_fee":"1","trade_type":"JSAPI","transaction_id":"4005242001201705201718103492"}
[2017-05-20 17:04:44][debug] query:{"appid":"wxd46e99b7f83183e1","err_code":"ORDERNOTEXIST","err_code_des":"order not exist","mch_id":"1383580102","nonce_str":"Pg1e9zGUwHLLaoTd","result_code":"FAIL","return_code":"SUCCESS","return_msg":"OK","sign":"D004F45333CF82D68BA8D31BF98F0255"}
[2017-05-20 17:04:49][debug] begin notify
[2017-05-20 17:04:51][debug] query:{"appid":"wxd46e99b7f83183e1","attach":[],"bank_type":"CFT","cash_fee":"1","fee_type":"CNY","is_subscribe":"Y","mch_id":"1383580102","nonce_str":"8ahwtEq3NDdVRoxx","openid":"ovxXWv5Ldfh1B4nho4C-Jz6Kgma0","out_trade_no":"2017052017041096","result_code":"SUCCESS","return_code":"SUCCESS","return_msg":"OK","sign":"B87B73595B8B03C2CE525B88E25294B8","time_end":"20170520170442","total_fee":"1","trade_state":"SUCCESS","trade_type":"JSAPI","transaction_id":"4005242001201705201718103492"}
[2017-05-20 17:05:00][debug] begin notify
[2017-05-20 17:05:00][debug] call back:{"appid":"wxd46e99b7f83183e1","bank_type":"CFT","cash_fee":"1","fee_type":"CNY","is_subscribe":"Y","mch_id":"1383580102","nonce_str":"ih503xnql3ibxd7tta4j3ob91hnza0yt","openid":"ovxXWv5Ldfh1B4nho4C-Jz6Kgma0","out_trade_no":"2017052017041096","result_code":"SUCCESS","return_code":"SUCCESS","sign":"1C9C91EFFC98EB280F5B7FC71C6EFDDE","time_end":"20170520170442","total_fee":"1","trade_type":"JSAPI","transaction_id":"4005242001201705201718103492"}
[2017-05-20 17:05:02][debug] query:{"appid":"wxd46e99b7f83183e1","err_code":"ORDERNOTEXIST","err_code_des":"order not exist","mch_id":"1383580102","nonce_str":"zosn27OmW2WgHEMB","result_code":"FAIL","return_code":"SUCCESS","return_msg":"OK","sign":"686D10B4CCF069E4F1237992D5C297D0"}
[2017-05-20 17:05:20][debug] begin notify
[2017-05-20 17:05:20][debug] call back:{"appid":"wxd46e99b7f83183e1","bank_type":"CFT","cash_fee":"1","fee_type":"CNY","is_subscribe":"Y","mch_id":"1383580102","nonce_str":"ih503xnql3ibxd7tta4j3ob91hnza0yt","openid":"ovxXWv5Ldfh1B4nho4C-Jz6Kgma0","out_trade_no":"2017052017041096","result_code":"SUCCESS","return_code":"SUCCESS","sign":"1C9C91EFFC98EB280F5B7FC71C6EFDDE","time_end":"20170520170442","total_fee":"1","trade_type":"JSAPI","transaction_id":"4005242001201705201718103492"}
[2017-05-20 17:05:22][debug] query:{"appid":"wxd46e99b7f83183e1","err_code":"ORDERNOTEXIST","err_code_des":"order not exist","mch_id":"1383580102","nonce_str":"sdtivdcaNUuxQ21K","result_code":"FAIL","return_code":"SUCCESS","return_msg":"OK","sign":"4B1B0C69F06024C5B0645A2B092792FF"}
[2017-05-20 17:05:54][debug] begin notify
[2017-05-20 17:05:54][debug] call back:{"appid":"wxd46e99b7f83183e1","bank_type":"CFT","cash_fee":"1","fee_type":"CNY","is_subscribe":"Y","mch_id":"1383580102","nonce_str":"ih503xnql3ibxd7tta4j3ob91hnza0yt","openid":"ovxXWv5Ldfh1B4nho4C-Jz6Kgma0","out_trade_no":"2017052017041096","result_code":"SUCCESS","return_code":"SUCCESS","sign":"1C9C91EFFC98EB280F5B7FC71C6EFDDE","time_end":"20170520170442","total_fee":"1","trade_type":"JSAPI","transaction_id":"4005242001201705201718103492"}
[2017-05-20 17:05:56][debug] query:{"appid":"wxd46e99b7f83183e1","err_code":"ORDERNOTEXIST","err_code_des":"order not exist","mch_id":"1383580102","nonce_str":"7Po4FVebot2lzBJC","result_code":"FAIL","return_code":"SUCCESS","return_msg":"OK","sign":"7DB6CC736A5AC5BB804B6FC2C8141712"}
[2017-05-20 17:08:59][debug] begin notify
[2017-05-20 17:08:59][debug] call back:{"appid":"wxd46e99b7f83183e1","bank_type":"CFT","cash_fee":"1","fee_type":"CNY","is_subscribe":"Y","mch_id":"1383580102","nonce_str":"ih503xnql3ibxd7tta4j3ob91hnza0yt","openid":"ovxXWv5Ldfh1B4nho4C-Jz6Kgma0","out_trade_no":"2017052017041096","result_code":"SUCCESS","return_code":"SUCCESS","sign":"1C9C91EFFC98EB280F5B7FC71C6EFDDE","time_end":"20170520170442","total_fee":"1","trade_type":"JSAPI","transaction_id":"4005242001201705201718103492"}
[2017-05-20 17:09:00][debug] query:{"appid":"wxd46e99b7f83183e1","err_code":"ORDERNOTEXIST","err_code_des":"order not exist","mch_id":"1383580102","nonce_str":"dLZ1gtsC1XN9xBSW","result_code":"FAIL","return_code":"SUCCESS","return_msg":"OK","sign":"75C48C81FBCFA6DA93B58C0DE18BAAAD"}
[2017-05-20 17:22:14][debug] begin notify
[2017-05-20 17:22:14][debug] call back:{"appid":"wxd46e99b7f83183e1","bank_type":"CEB_CREDIT","cash_fee":"1","fee_type":"CNY","is_subscribe":"Y","mch_id":"1383580102","nonce_str":"1dr3l8ineono8hji8mdhmu6wgq662tch","openid":"ovxXWv3CHJLsugBLuDQiCAxREFtE","out_trade_no":"201705201417383087","result_code":"SUCCESS","return_code":"SUCCESS","sign":"43B7BBFEDAF82BE8ED12936205356E3F","time_end":"20170520141745","total_fee":"1","trade_type":"JSAPI","transaction_id":"4002902001201705201699422668"}
[2017-05-20 17:22:16][debug] query:{"appid":"wxd46e99b7f83183e1","err_code":"ORDERNOTEXIST","err_code_des":"order not exist","mch_id":"1383580102","nonce_str":"JSXc4H34Cn8WHJE8","result_code":"FAIL","return_code":"SUCCESS","return_msg":"OK","sign":"F704BE296849B4C84820353107AE574E"}
[2017-05-20 17:39:01][debug] begin notify
[2017-05-20 17:39:01][debug] call back:{"appid":"wxd46e99b7f83183e1","bank_type":"CFT","cash_fee":"1","fee_type":"CNY","is_subscribe":"Y","mch_id":"1383580102","nonce_str":"ih503xnql3ibxd7tta4j3ob91hnza0yt","openid":"ovxXWv5Ldfh1B4nho4C-Jz6Kgma0","out_trade_no":"2017052017041096","result_code":"SUCCESS","return_code":"SUCCESS","sign":"1C9C91EFFC98EB280F5B7FC71C6EFDDE","time_end":"20170520170442","total_fee":"1","trade_type":"JSAPI","transaction_id":"4005242001201705201718103492"}
[2017-05-20 17:39:03][debug] query:{"appid":"wxd46e99b7f83183e1","err_code":"ORDERNOTEXIST","err_code_des":"order not exist","mch_id":"1383580102","nonce_str":"PqwV6Wz8bJ8JDgXy","result_code":"FAIL","return_code":"SUCCESS","return_msg":"OK","sign":"D2F814F3120AF98118510AF6AEF26360"}
[2017-05-20 18:09:05][debug] begin notify
[2017-05-20 18:09:05][debug] call back:{"appid":"wxd46e99b7f83183e1","bank_type":"CFT","cash_fee":"1","fee_type":"CNY","is_subscribe":"Y","mch_id":"1383580102","nonce_str":"ih503xnql3ibxd7tta4j3ob91hnza0yt","openid":"ovxXWv5Ldfh1B4nho4C-Jz6Kgma0","out_trade_no":"2017052017041096","result_code":"SUCCESS","return_code":"SUCCESS","sign":"1C9C91EFFC98EB280F5B7FC71C6EFDDE","time_end":"20170520170442","total_fee":"1","trade_type":"JSAPI","transaction_id":"4005242001201705201718103492"}
[2017-05-20 18:09:07][debug] query:{"appid":"wxd46e99b7f83183e1","err_code":"ORDERNOTEXIST","err_code_des":"order not exist","mch_id":"1383580102","nonce_str":"qTx5ulquxCnGgJsJ","result_code":"FAIL","return_code":"SUCCESS","return_msg":"OK","sign":"B09E355492CD203161D9EBC3327C2352"}
[2017-05-20 18:39:08][debug] begin notify
[2017-05-20 18:39:08][debug] call back:{"appid":"wxd46e99b7f83183e1","bank_type":"CFT","cash_fee":"1","fee_type":"CNY","is_subscribe":"Y","mch_id":"1383580102","nonce_str":"ih503xnql3ibxd7tta4j3ob91hnza0yt","openid":"ovxXWv5Ldfh1B4nho4C-Jz6Kgma0","out_trade_no":"2017052017041096","result_code":"SUCCESS","return_code":"SUCCESS","sign":"1C9C91EFFC98EB280F5B7FC71C6EFDDE","time_end":"20170520170442","total_fee":"1","trade_type":"JSAPI","transaction_id":"4005242001201705201718103492"}
[2017-05-20 18:39:10][debug] query:{"appid":"wxd46e99b7f83183e1","err_code":"ORDERNOTEXIST","err_code_des":"order not exist","mch_id":"1383580102","nonce_str":"UO5gtpJUAP0eizAl","result_code":"FAIL","return_code":"SUCCESS","return_msg":"OK","sign":"2EE7C481C1EE0530AD85912C82A108FC"}
[2017-05-20 19:09:11][debug] begin notify
[2017-05-20 19:09:11][debug] call back:{"appid":"wxd46e99b7f83183e1","bank_type":"CFT","cash_fee":"1","fee_type":"CNY","is_subscribe":"Y","mch_id":"1383580102","nonce_str":"ih503xnql3ibxd7tta4j3ob91hnza0yt","openid":"ovxXWv5Ldfh1B4nho4C-Jz6Kgma0","out_trade_no":"2017052017041096","result_code":"SUCCESS","return_code":"SUCCESS","sign":"1C9C91EFFC98EB280F5B7FC71C6EFDDE","time_end":"20170520170442","total_fee":"1","trade_type":"JSAPI","transaction_id":"4005242001201705201718103492"}
[2017-05-20 19:09:12][debug] query:{"appid":"wxd46e99b7f83183e1","err_code":"ORDERNOTEXIST","err_code_des":"order not exist","mch_id":"1383580102","nonce_str":"727o0NlzDeE0aF9J","result_code":"FAIL","return_code":"SUCCESS","return_msg":"OK","sign":"BF51841EBF8A88701259DE5BCC061AB3"}
[2017-05-20 19:13:47][debug] begin notify
[2017-05-20 19:13:47][debug] call back:{"appid":"wxd46e99b7f83183e1","bank_type":"CFT","cash_fee":"1","fee_type":"CNY","is_subscribe":"Y","mch_id":"1383580102","nonce_str":"j3zas0c6tiqa14ez9oaii5k8l08gvdkv","openid":"ovxXWvxyv93ZrijzHey2ZZO4qc6o","out_trade_no":"2017052019137884","result_code":"SUCCESS","return_code":"SUCCESS","sign":"9E4B52450DF67E92A8FDD4940C275719","time_end":"20170520191347","total_fee":"1","trade_type":"JSAPI","transaction_id":"4003232001201705201740971824"}
[2017-05-20 19:13:49][debug] query:{"appid":"wxd46e99b7f83183e1","err_code":"ORDERNOTEXIST","err_code_des":"order not exist","mch_id":"1383580102","nonce_str":"KgS7newG7r62BQC0","result_code":"FAIL","return_code":"SUCCESS","return_msg":"OK","sign":"E8EB6CB42ADAE5CFCD488D168CC4B743"}
[2017-05-20 19:13:50][debug] begin notify
[2017-05-20 19:13:52][debug] query:{"appid":"wxd46e99b7f83183e1","attach":[],"bank_type":"CFT","cash_fee":"1","fee_type":"CNY","is_subscribe":"Y","mch_id":"1383580102","nonce_str":"BATgwQUl7WpJiBP3","openid":"ovxXWvxyv93ZrijzHey2ZZO4qc6o","out_trade_no":"2017052019137884","result_code":"SUCCESS","return_code":"SUCCESS","return_msg":"OK","sign":"BFE242CFD23F6109C7B33EE8D6C2AE75","time_end":"20170520191347","total_fee":"1","trade_state":"SUCCESS","trade_type":"JSAPI","transaction_id":"4003232001201705201740971824"}
[2017-05-20 19:14:04][debug] begin notify
[2017-05-20 19:14:04][debug] call back:{"appid":"wxd46e99b7f83183e1","bank_type":"CFT","cash_fee":"1","fee_type":"CNY","is_subscribe":"Y","mch_id":"1383580102","nonce_str":"j3zas0c6tiqa14ez9oaii5k8l08gvdkv","openid":"ovxXWvxyv93ZrijzHey2ZZO4qc6o","out_trade_no":"2017052019137884","result_code":"SUCCESS","return_code":"SUCCESS","sign":"9E4B52450DF67E92A8FDD4940C275719","time_end":"20170520191347","total_fee":"1","trade_type":"JSAPI","transaction_id":"4003232001201705201740971824"}
[2017-05-20 19:14:06][debug] query:{"appid":"wxd46e99b7f83183e1","err_code":"ORDERNOTEXIST","err_code_des":"order not exist","mch_id":"1383580102","nonce_str":"X0wJuUg2xvzDO3rK","result_code":"FAIL","return_code":"SUCCESS","return_msg":"OK","sign":"B666528436C0CF7E30D1D71125BE9786"}
[2017-05-20 19:14:23][debug] begin notify
[2017-05-20 19:14:23][debug] call back:{"appid":"wxd46e99b7f83183e1","bank_type":"CFT","cash_fee":"1","fee_type":"CNY","is_subscribe":"Y","mch_id":"1383580102","nonce_str":"j3zas0c6tiqa14ez9oaii5k8l08gvdkv","openid":"ovxXWvxyv93ZrijzHey2ZZO4qc6o","out_trade_no":"2017052019137884","result_code":"SUCCESS","return_code":"SUCCESS","sign":"9E4B52450DF67E92A8FDD4940C275719","time_end":"20170520191347","total_fee":"1","trade_type":"JSAPI","transaction_id":"4003232001201705201740971824"}
[2017-05-20 19:14:25][debug] query:{"appid":"wxd46e99b7f83183e1","err_code":"ORDERNOTEXIST","err_code_des":"order not exist","mch_id":"1383580102","nonce_str":"sLLRpxqnd4LuaYnc","result_code":"FAIL","return_code":"SUCCESS","return_msg":"OK","sign":"78E3E4D51A8B707B66B321E4A437AA93"}
[2017-05-20 19:14:56][debug] begin notify
[2017-05-20 19:14:56][debug] call back:{"appid":"wxd46e99b7f83183e1","bank_type":"CFT","cash_fee":"1","fee_type":"CNY","is_subscribe":"Y","mch_id":"1383580102","nonce_str":"j3zas0c6tiqa14ez9oaii5k8l08gvdkv","openid":"ovxXWvxyv93ZrijzHey2ZZO4qc6o","out_trade_no":"2017052019137884","result_code":"SUCCESS","return_code":"SUCCESS","sign":"9E4B52450DF67E92A8FDD4940C275719","time_end":"20170520191347","total_fee":"1","trade_type":"JSAPI","transaction_id":"4003232001201705201740971824"}
[2017-05-20 19:14:58][debug] query:{"appid":"wxd46e99b7f83183e1","err_code":"ORDERNOTEXIST","err_code_des":"order not exist","mch_id":"1383580102","nonce_str":"u8cKgRYbkAwkqRtn","result_code":"FAIL","return_code":"SUCCESS","return_msg":"OK","sign":"8C246E699610777A37FC5C84E2F539C5"}
[2017-05-20 19:17:59][debug] begin notify
[2017-05-20 19:17:59][debug] call back:{"appid":"wxd46e99b7f83183e1","bank_type":"CFT","cash_fee":"1","fee_type":"CNY","is_subscribe":"Y","mch_id":"1383580102","nonce_str":"j3zas0c6tiqa14ez9oaii5k8l08gvdkv","openid":"ovxXWvxyv93ZrijzHey2ZZO4qc6o","out_trade_no":"2017052019137884","result_code":"SUCCESS","return_code":"SUCCESS","sign":"9E4B52450DF67E92A8FDD4940C275719","time_end":"20170520191347","total_fee":"1","trade_type":"JSAPI","transaction_id":"4003232001201705201740971824"}
[2017-05-20 19:18:01][debug] query:{"appid":"wxd46e99b7f83183e1","err_code":"ORDERNOTEXIST","err_code_des":"order not exist","mch_id":"1383580102","nonce_str":"NmthXmj0by1KC3HE","result_code":"FAIL","return_code":"SUCCESS","return_msg":"OK","sign":"783E50E6C2C5FD8E685BE71F51C8C80C"}
[2017-05-20 19:48:03][debug] begin notify
[2017-05-20 19:48:03][debug] call back:{"appid":"wxd46e99b7f83183e1","bank_type":"CFT","cash_fee":"1","fee_type":"CNY","is_subscribe":"Y","mch_id":"1383580102","nonce_str":"j3zas0c6tiqa14ez9oaii5k8l08gvdkv","openid":"ovxXWvxyv93ZrijzHey2ZZO4qc6o","out_trade_no":"2017052019137884","result_code":"SUCCESS","return_code":"SUCCESS","sign":"9E4B52450DF67E92A8FDD4940C275719","time_end":"20170520191347","total_fee":"1","trade_type":"JSAPI","transaction_id":"4003232001201705201740971824"}
[2017-05-20 19:48:05][debug] query:{"appid":"wxd46e99b7f83183e1","err_code":"ORDERNOTEXIST","err_code_des":"order not exist","mch_id":"1383580102","nonce_str":"tpFAjflWWYzJcYym","result_code":"FAIL","return_code":"SUCCESS","return_msg":"OK","sign":"39D492DD5D9076CCD9273C32C0CE0A4C"}
[2017-05-20 20:09:13][debug] begin notify
[2017-05-20 20:09:13][debug] call back:{"appid":"wxd46e99b7f83183e1","bank_type":"CFT","cash_fee":"1","fee_type":"CNY","is_subscribe":"Y","mch_id":"1383580102","nonce_str":"ih503xnql3ibxd7tta4j3ob91hnza0yt","openid":"ovxXWv5Ldfh1B4nho4C-Jz6Kgma0","out_trade_no":"2017052017041096","result_code":"SUCCESS","return_code":"SUCCESS","sign":"1C9C91EFFC98EB280F5B7FC71C6EFDDE","time_end":"20170520170442","total_fee":"1","trade_type":"JSAPI","transaction_id":"4005242001201705201718103492"}
[2017-05-20 20:09:15][debug] query:{"appid":"wxd46e99b7f83183e1","err_code":"ORDERNOTEXIST","err_code_des":"order not exist","mch_id":"1383580102","nonce_str":"CaY60yAh2kuh4i3G","result_code":"FAIL","return_code":"SUCCESS","return_msg":"OK","sign":"8C4AB0833838117294E5AA02EAEEF712"}
[2017-05-20 20:18:06][debug] begin notify
[2017-05-20 20:18:06][debug] call back:{"appid":"wxd46e99b7f83183e1","bank_type":"CFT","cash_fee":"1","fee_type":"CNY","is_subscribe":"Y","mch_id":"1383580102","nonce_str":"j3zas0c6tiqa14ez9oaii5k8l08gvdkv","openid":"ovxXWvxyv93ZrijzHey2ZZO4qc6o","out_trade_no":"2017052019137884","result_code":"SUCCESS","return_code":"SUCCESS","sign":"9E4B52450DF67E92A8FDD4940C275719","time_end":"20170520191347","total_fee":"1","trade_type":"JSAPI","transaction_id":"4003232001201705201740971824"}
[2017-05-20 20:18:08][debug] query:{"appid":"wxd46e99b7f83183e1","err_code":"ORDERNOTEXIST","err_code_des":"order not exist","mch_id":"1383580102","nonce_str":"fmf83Vw8xUZP7Dgp","result_code":"FAIL","return_code":"SUCCESS","return_msg":"OK","sign":"EEF7D63655F94A2FA941DAFACEF4D6DC"}
[2017-05-20 20:48:10][debug] begin notify
[2017-05-20 20:48:10][debug] call back:{"appid":"wxd46e99b7f83183e1","bank_type":"CFT","cash_fee":"1","fee_type":"CNY","is_subscribe":"Y","mch_id":"1383580102","nonce_str":"j3zas0c6tiqa14ez9oaii5k8l08gvdkv","openid":"ovxXWvxyv93ZrijzHey2ZZO4qc6o","out_trade_no":"2017052019137884","result_code":"SUCCESS","return_code":"SUCCESS","sign":"9E4B52450DF67E92A8FDD4940C275719","time_end":"20170520191347","total_fee":"1","trade_type":"JSAPI","transaction_id":"4003232001201705201740971824"}
[2017-05-20 20:48:11][debug] query:{"appid":"wxd46e99b7f83183e1","err_code":"ORDERNOTEXIST","err_code_des":"order not exist","mch_id":"1383580102","nonce_str":"v9EbxCsniQsP4KBb","result_code":"FAIL","return_code":"SUCCESS","return_msg":"OK","sign":"D6B883085D8C5E066D465D68C42E392F"}
[2017-05-20 21:18:13][debug] begin notify
[2017-05-20 21:18:13][debug] call back:{"appid":"wxd46e99b7f83183e1","bank_type":"CFT","cash_fee":"1","fee_type":"CNY","is_subscribe":"Y","mch_id":"1383580102","nonce_str":"j3zas0c6tiqa14ez9oaii5k8l08gvdkv","openid":"ovxXWvxyv93ZrijzHey2ZZO4qc6o","out_trade_no":"2017052019137884","result_code":"SUCCESS","return_code":"SUCCESS","sign":"9E4B52450DF67E92A8FDD4940C275719","time_end":"20170520191347","total_fee":"1","trade_type":"JSAPI","transaction_id":"4003232001201705201740971824"}
[2017-05-20 21:18:15][debug] query:{"appid":"wxd46e99b7f83183e1","err_code":"ORDERNOTEXIST","err_code_des":"order not exist","mch_id":"1383580102","nonce_str":"HIj3lMVDxbgBjbwO","result_code":"FAIL","return_code":"SUCCESS","return_msg":"OK","sign":"91B2398DCF1556832432A99E7C4C8604"}
[2017-05-20 22:18:16][debug] begin notify
[2017-05-20 22:18:16][debug] call back:{"appid":"wxd46e99b7f83183e1","bank_type":"CFT","cash_fee":"1","fee_type":"CNY","is_subscribe":"Y","mch_id":"1383580102","nonce_str":"j3zas0c6tiqa14ez9oaii5k8l08gvdkv","openid":"ovxXWvxyv93ZrijzHey2ZZO4qc6o","out_trade_no":"2017052019137884","result_code":"SUCCESS","return_code":"SUCCESS","sign":"9E4B52450DF67E92A8FDD4940C275719","time_end":"20170520191347","total_fee":"1","trade_type":"JSAPI","transaction_id":"4003232001201705201740971824"}
[2017-05-20 22:18:18][debug] query:{"appid":"wxd46e99b7f83183e1","err_code":"ORDERNOTEXIST","err_code_des":"order not exist","mch_id":"1383580102","nonce_str":"oaqwSfcrQm8je2RU","result_code":"FAIL","return_code":"SUCCESS","return_msg":"OK","sign":"AB22BC4C9A8C773C3B83105E5E4346E2"}
[2017-05-20 23:27:26][debug] begin notify
[2017-05-20 23:27:26][debug] call back:{"appid":"wxd46e99b7f83183e1","bank_type":"CEB_CREDIT","cash_fee":"1","fee_type":"CNY","is_subscribe":"Y","mch_id":"1383580102","nonce_str":"w2xijwq7auef3lv927n3oq1mcmgkcz6b","openid":"ovxXWv3CHJLsugBLuDQiCAxREFtE","out_trade_no":"201705202327168485","result_code":"SUCCESS","return_code":"SUCCESS","sign":"F9606BB1095F50F83C51DEA52EE57388","time_end":"20170520232726","total_fee":"1","trade_type":"JSAPI","transaction_id":"4002902001201705201781041103"}
[2017-05-20 23:27:28][debug] query:{"appid":"wxd46e99b7f83183e1","err_code":"ORDERNOTEXIST","err_code_des":"order not exist","mch_id":"1383580102","nonce_str":"wEPF0Ok3QpGybDrq","result_code":"FAIL","return_code":"SUCCESS","return_msg":"OK","sign":"1F99FD25EE5A23BA5F4A1DD61624767C"}
[2017-05-20 23:27:42][debug] begin notify
[2017-05-20 23:27:42][debug] call back:{"appid":"wxd46e99b7f83183e1","bank_type":"CEB_CREDIT","cash_fee":"1","fee_type":"CNY","is_subscribe":"Y","mch_id":"1383580102","nonce_str":"w2xijwq7auef3lv927n3oq1mcmgkcz6b","openid":"ovxXWv3CHJLsugBLuDQiCAxREFtE","out_trade_no":"201705202327168485","result_code":"SUCCESS","return_code":"SUCCESS","sign":"F9606BB1095F50F83C51DEA52EE57388","time_end":"20170520232726","total_fee":"1","trade_type":"JSAPI","transaction_id":"4002902001201705201781041103"}
[2017-05-20 23:27:44][debug] query:{"appid":"wxd46e99b7f83183e1","err_code":"ORDERNOTEXIST","err_code_des":"order not exist","mch_id":"1383580102","nonce_str":"22sfJ7qo9RJSjWMg","result_code":"FAIL","return_code":"SUCCESS","return_msg":"OK","sign":"B95F57C572FDE15D055D4355E9D0D56B"}
[2017-05-20 23:28:00][debug] begin notify
[2017-05-20 23:28:00][debug] call back:{"appid":"wxd46e99b7f83183e1","bank_type":"CEB_CREDIT","cash_fee":"1","fee_type":"CNY","is_subscribe":"Y","mch_id":"1383580102","nonce_str":"w2xijwq7auef3lv927n3oq1mcmgkcz6b","openid":"ovxXWv3CHJLsugBLuDQiCAxREFtE","out_trade_no":"201705202327168485","result_code":"SUCCESS","return_code":"SUCCESS","sign":"F9606BB1095F50F83C51DEA52EE57388","time_end":"20170520232726","total_fee":"1","trade_type":"JSAPI","transaction_id":"4002902001201705201781041103"}
[2017-05-20 23:28:02][debug] query:{"appid":"wxd46e99b7f83183e1","err_code":"ORDERNOTEXIST","err_code_des":"order not exist","mch_id":"1383580102","nonce_str":"NRAFEs42btZ9NCwN","result_code":"FAIL","return_code":"SUCCESS","return_msg":"OK","sign":"3E31191D6AAD60794A2460D1876C10E7"}
[2017-05-20 23:28:34][debug] begin notify
[2017-05-20 23:28:34][debug] call back:{"appid":"wxd46e99b7f83183e1","bank_type":"CEB_CREDIT","cash_fee":"1","fee_type":"CNY","is_subscribe":"Y","mch_id":"1383580102","nonce_str":"w2xijwq7auef3lv927n3oq1mcmgkcz6b","openid":"ovxXWv3CHJLsugBLuDQiCAxREFtE","out_trade_no":"201705202327168485","result_code":"SUCCESS","return_code":"SUCCESS","sign":"F9606BB1095F50F83C51DEA52EE57388","time_end":"20170520232726","total_fee":"1","trade_type":"JSAPI","transaction_id":"4002902001201705201781041103"}
[2017-05-20 23:28:36][debug] query:{"appid":"wxd46e99b7f83183e1","err_code":"ORDERNOTEXIST","err_code_des":"order not exist","mch_id":"1383580102","nonce_str":"kS8ylhEPE0o4V03f","result_code":"FAIL","return_code":"SUCCESS","return_msg":"OK","sign":"2839A598A1511D681FBA6E84865D4625"}
[2017-05-20 23:31:38][debug] begin notify
[2017-05-20 23:31:38][debug] call back:{"appid":"wxd46e99b7f83183e1","bank_type":"CEB_CREDIT","cash_fee":"1","fee_type":"CNY","is_subscribe":"Y","mch_id":"1383580102","nonce_str":"w2xijwq7auef3lv927n3oq1mcmgkcz6b","openid":"ovxXWv3CHJLsugBLuDQiCAxREFtE","out_trade_no":"201705202327168485","result_code":"SUCCESS","return_code":"SUCCESS","sign":"F9606BB1095F50F83C51DEA52EE57388","time_end":"20170520232726","total_fee":"1","trade_type":"JSAPI","transaction_id":"4002902001201705201781041103"}
[2017-05-20 23:31:40][debug] query:{"appid":"wxd46e99b7f83183e1","err_code":"ORDERNOTEXIST","err_code_des":"order not exist","mch_id":"1383580102","nonce_str":"QYboQHtTbH2tK87v","result_code":"FAIL","return_code":"SUCCESS","return_msg":"OK","sign":"16CB190D87657DB9CB93C6CCC20D518C"}
