[2017-06-28 19:43:56][debug] begin notify
[2017-06-28 19:43:56][debug] call back:{"appid":"wxd46e99b7f83183e1","bank_type":"CFT","cash_fee":"1","fee_type":"CNY","is_subscribe":"Y","mch_id":"1383580102","nonce_str":"pqrczzj1fv2wiffb9ir8jhcb7sdcltuk","openid":"ovxXWv5Ldfh1B4nho4C-Jz6Kgma0","out_trade_no":"2017062819434793","result_code":"SUCCESS","return_code":"SUCCESS","sign":"85494ADB67EA33909A2762C7F798DBB7","time_end":"20170628194355","total_fee":"1","trade_type":"JSAPI","transaction_id":"4005242001201706287858082477"}
[2017-06-28 19:43:56][debug] query:{"appid":"wxd46e99b7f83183e1","err_code":"ORDERNOTEXIST","err_code_des":"order not exist","mch_id":"1383580102","nonce_str":"bfUQHB9lYiKsulzW","result_code":"FAIL","return_code":"SUCCESS","return_msg":"OK","sign":"A33D9CE2A20145664420130FA94C326F"}
[2017-06-28 19:43:58][debug] begin notify
[2017-06-28 19:43:58][debug] query:{"appid":"wxd46e99b7f83183e1","attach":[],"bank_type":"CFT","cash_fee":"1","fee_type":"CNY","is_subscribe":"Y","mch_id":"1383580102","nonce_str":"rjHuYSljuyvAMQTH","openid":"ovxXWv5Ldfh1B4nho4C-Jz6Kgma0","out_trade_no":"2017062819434793","result_code":"SUCCESS","return_code":"SUCCESS","return_msg":"OK","sign":"DA2052489A0E8AE0A43B62400CA3495A","time_end":"20170628194355","total_fee":"1","trade_state":"SUCCESS","trade_type":"JSAPI","transaction_id":"4005242001201706287858082477"}
[2017-06-28 19:44:06][debug] begin notify
[2017-06-28 19:44:06][debug] call back:{"appid":"wxd46e99b7f83183e1","bank_type":"CFT","cash_fee":"1","fee_type":"CNY","is_subscribe":"Y","mch_id":"1383580102","nonce_str":"pqrczzj1fv2wiffb9ir8jhcb7sdcltuk","openid":"ovxXWv5Ldfh1B4nho4C-Jz6Kgma0","out_trade_no":"2017062819434793","result_code":"SUCCESS","return_code":"SUCCESS","sign":"85494ADB67EA33909A2762C7F798DBB7","time_end":"20170628194355","total_fee":"1","trade_type":"JSAPI","transaction_id":"4005242001201706287858082477"}
[2017-06-28 19:44:06][debug] query:{"appid":"wxd46e99b7f83183e1","err_code":"ORDERNOTEXIST","err_code_des":"order not exist","mch_id":"1383580102","nonce_str":"lDh7vAwtiBeXWMWH","result_code":"FAIL","return_code":"SUCCESS","return_msg":"OK","sign":"2F4F0183BB1D0C49C20744305BBC69EA"}
[2017-06-28 19:44:24][debug] begin notify
[2017-06-28 19:44:24][debug] call back:{"appid":"wxd46e99b7f83183e1","bank_type":"CFT","cash_fee":"1","fee_type":"CNY","is_subscribe":"Y","mch_id":"1383580102","nonce_str":"pqrczzj1fv2wiffb9ir8jhcb7sdcltuk","openid":"ovxXWv5Ldfh1B4nho4C-Jz6Kgma0","out_trade_no":"2017062819434793","result_code":"SUCCESS","return_code":"SUCCESS","sign":"85494ADB67EA33909A2762C7F798DBB7","time_end":"20170628194355","total_fee":"1","trade_type":"JSAPI","transaction_id":"4005242001201706287858082477"}
[2017-06-28 19:44:24][debug] query:{"appid":"wxd46e99b7f83183e1","err_code":"ORDERNOTEXIST","err_code_des":"order not exist","mch_id":"1383580102","nonce_str":"rbaVyDKN4IyQhRQO","result_code":"FAIL","return_code":"SUCCESS","return_msg":"OK","sign":"A3343779BFD835BDA6B98F258D7FBC5A"}
[2017-06-28 19:44:55][debug] begin notify
[2017-06-28 19:44:55][debug] call back:{"appid":"wxd46e99b7f83183e1","bank_type":"CFT","cash_fee":"1","fee_type":"CNY","is_subscribe":"Y","mch_id":"1383580102","nonce_str":"pqrczzj1fv2wiffb9ir8jhcb7sdcltuk","openid":"ovxXWv5Ldfh1B4nho4C-Jz6Kgma0","out_trade_no":"2017062819434793","result_code":"SUCCESS","return_code":"SUCCESS","sign":"85494ADB67EA33909A2762C7F798DBB7","time_end":"20170628194355","total_fee":"1","trade_type":"JSAPI","transaction_id":"4005242001201706287858082477"}
[2017-06-28 19:44:56][debug] query:{"appid":"wxd46e99b7f83183e1","err_code":"ORDERNOTEXIST","err_code_des":"order not exist","mch_id":"1383580102","nonce_str":"MIAfKS9k8qzYWUPN","result_code":"FAIL","return_code":"SUCCESS","return_msg":"OK","sign":"9548FD6EDD2C1DFF7A63A32FF96D4E6D"}
[2017-06-28 19:47:58][debug] begin notify
[2017-06-28 19:47:58][debug] call back:{"appid":"wxd46e99b7f83183e1","bank_type":"CFT","cash_fee":"1","fee_type":"CNY","is_subscribe":"Y","mch_id":"1383580102","nonce_str":"pqrczzj1fv2wiffb9ir8jhcb7sdcltuk","openid":"ovxXWv5Ldfh1B4nho4C-Jz6Kgma0","out_trade_no":"2017062819434793","result_code":"SUCCESS","return_code":"SUCCESS","sign":"85494ADB67EA33909A2762C7F798DBB7","time_end":"20170628194355","total_fee":"1","trade_type":"JSAPI","transaction_id":"4005242001201706287858082477"}
[2017-06-28 19:47:58][debug] query:{"appid":"wxd46e99b7f83183e1","err_code":"ORDERNOTEXIST","err_code_des":"order not exist","mch_id":"1383580102","nonce_str":"2f34i3rDGsQrp5h0","result_code":"FAIL","return_code":"SUCCESS","return_msg":"OK","sign":"E481B964E8EED69F4C6652841CC986EE"}
[2017-06-28 20:18:01][debug] begin notify
[2017-06-28 20:18:01][debug] call back:{"appid":"wxd46e99b7f83183e1","bank_type":"CFT","cash_fee":"1","fee_type":"CNY","is_subscribe":"Y","mch_id":"1383580102","nonce_str":"pqrczzj1fv2wiffb9ir8jhcb7sdcltuk","openid":"ovxXWv5Ldfh1B4nho4C-Jz6Kgma0","out_trade_no":"2017062819434793","result_code":"SUCCESS","return_code":"SUCCESS","sign":"85494ADB67EA33909A2762C7F798DBB7","time_end":"20170628194355","total_fee":"1","trade_type":"JSAPI","transaction_id":"4005242001201706287858082477"}
[2017-06-28 20:18:01][debug] query:{"appid":"wxd46e99b7f83183e1","err_code":"ORDERNOTEXIST","err_code_des":"order not exist","mch_id":"1383580102","nonce_str":"8uxrMrv4a8mHGSkW","result_code":"FAIL","return_code":"SUCCESS","return_msg":"OK","sign":"5009226C7109564B88F9B4768306C458"}
[2017-06-28 20:48:03][debug] begin notify
[2017-06-28 20:48:03][debug] call back:{"appid":"wxd46e99b7f83183e1","bank_type":"CFT","cash_fee":"1","fee_type":"CNY","is_subscribe":"Y","mch_id":"1383580102","nonce_str":"pqrczzj1fv2wiffb9ir8jhcb7sdcltuk","openid":"ovxXWv5Ldfh1B4nho4C-Jz6Kgma0","out_trade_no":"2017062819434793","result_code":"SUCCESS","return_code":"SUCCESS","sign":"85494ADB67EA33909A2762C7F798DBB7","time_end":"20170628194355","total_fee":"1","trade_type":"JSAPI","transaction_id":"4005242001201706287858082477"}
[2017-06-28 20:48:03][debug] query:{"appid":"wxd46e99b7f83183e1","err_code":"ORDERNOTEXIST","err_code_des":"order not exist","mch_id":"1383580102","nonce_str":"yp4adP0DMyveI1RB","result_code":"FAIL","return_code":"SUCCESS","return_msg":"OK","sign":"A13C1EEDD4D64255743B49AE36B898D2"}
[2017-06-28 21:18:04][debug] begin notify
[2017-06-28 21:18:04][debug] call back:{"appid":"wxd46e99b7f83183e1","bank_type":"CFT","cash_fee":"1","fee_type":"CNY","is_subscribe":"Y","mch_id":"1383580102","nonce_str":"pqrczzj1fv2wiffb9ir8jhcb7sdcltuk","openid":"ovxXWv5Ldfh1B4nho4C-Jz6Kgma0","out_trade_no":"2017062819434793","result_code":"SUCCESS","return_code":"SUCCESS","sign":"85494ADB67EA33909A2762C7F798DBB7","time_end":"20170628194355","total_fee":"1","trade_type":"JSAPI","transaction_id":"4005242001201706287858082477"}
[2017-06-28 21:18:05][debug] query:{"appid":"wxd46e99b7f83183e1","err_code":"ORDERNOTEXIST","err_code_des":"order not exist","mch_id":"1383580102","nonce_str":"oqoVXBxeaXFsjz8P","result_code":"FAIL","return_code":"SUCCESS","return_msg":"OK","sign":"150118965A5AD1D7622D53D986EBF9B2"}
[2017-06-28 21:48:07][debug] begin notify
[2017-06-28 21:48:07][debug] call back:{"appid":"wxd46e99b7f83183e1","bank_type":"CFT","cash_fee":"1","fee_type":"CNY","is_subscribe":"Y","mch_id":"1383580102","nonce_str":"pqrczzj1fv2wiffb9ir8jhcb7sdcltuk","openid":"ovxXWv5Ldfh1B4nho4C-Jz6Kgma0","out_trade_no":"2017062819434793","result_code":"SUCCESS","return_code":"SUCCESS","sign":"85494ADB67EA33909A2762C7F798DBB7","time_end":"20170628194355","total_fee":"1","trade_type":"JSAPI","transaction_id":"4005242001201706287858082477"}
[2017-06-28 21:48:07][debug] query:{"appid":"wxd46e99b7f83183e1","err_code":"ORDERNOTEXIST","err_code_des":"order not exist","mch_id":"1383580102","nonce_str":"bSNCB4ZVCZfGoU8c","result_code":"FAIL","return_code":"SUCCESS","return_msg":"OK","sign":"94BD4453F232332A9BA765194F86933E"}
[2017-06-28 22:48:08][debug] begin notify
[2017-06-28 22:48:08][debug] call back:{"appid":"wxd46e99b7f83183e1","bank_type":"CFT","cash_fee":"1","fee_type":"CNY","is_subscribe":"Y","mch_id":"1383580102","nonce_str":"pqrczzj1fv2wiffb9ir8jhcb7sdcltuk","openid":"ovxXWv5Ldfh1B4nho4C-Jz6Kgma0","out_trade_no":"2017062819434793","result_code":"SUCCESS","return_code":"SUCCESS","sign":"85494ADB67EA33909A2762C7F798DBB7","time_end":"20170628194355","total_fee":"1","trade_type":"JSAPI","transaction_id":"4005242001201706287858082477"}
[2017-06-28 22:48:08][debug] query:{"appid":"wxd46e99b7f83183e1","err_code":"ORDERNOTEXIST","err_code_des":"order not exist","mch_id":"1383580102","nonce_str":"k3QEZyehYMZRVEWN","result_code":"FAIL","return_code":"SUCCESS","return_msg":"OK","sign":"36EC2D09DDED4630A031A84ECC3B8650"}
