[2017-06-20 09:09:40][debug] begin notify
[2017-06-20 09:09:40][debug] call back:{"appid":"wxd46e99b7f83183e1","bank_type":"CFT","cash_fee":"1","fee_type":"CNY","is_subscribe":"Y","mch_id":"1383580102","nonce_str":"1euige17suu7uhyegluyb8pgi8soplsr","openid":"ovxXWv5Ldfh1B4nho4C-Jz6Kgma0","out_trade_no":"2017062009097208","result_code":"SUCCESS","return_code":"SUCCESS","sign":"879B6F50D5920FB7F598CA85F39FB638","time_end":"20170620090940","total_fee":"1","trade_type":"JSAPI","transaction_id":"4005242001201706206551070919"}
[2017-06-20 09:09:41][debug] query:{"appid":"wxd46e99b7f83183e1","err_code":"ORDERNOTEXIST","err_code_des":"order not exist","mch_id":"1383580102","nonce_str":"w8AuRnylqODreEmH","result_code":"FAIL","return_code":"SUCCESS","return_msg":"OK","sign":"9BCC8BEB1C3D616EB6A743F204E1CD83"}
[2017-06-20 09:09:44][debug] begin notify
[2017-06-20 09:09:45][debug] query:{"appid":"wxd46e99b7f83183e1","attach":[],"bank_type":"CFT","cash_fee":"1","fee_type":"CNY","is_subscribe":"Y","mch_id":"1383580102","nonce_str":"Co6UlST70OjXX4Mx","openid":"ovxXWv5Ldfh1B4nho4C-Jz6Kgma0","out_trade_no":"2017062009097208","result_code":"SUCCESS","return_code":"SUCCESS","return_msg":"OK","sign":"70569BEAD8D2A7B8CC0504318FF9F34A","time_end":"20170620090940","total_fee":"1","trade_state":"SUCCESS","trade_type":"JSAPI","transaction_id":"4005242001201706206551070919"}
[2017-06-20 09:09:51][debug] begin notify
[2017-06-20 09:09:51][debug] call back:{"appid":"wxd46e99b7f83183e1","bank_type":"CFT","cash_fee":"1","fee_type":"CNY","is_subscribe":"Y","mch_id":"1383580102","nonce_str":"1euige17suu7uhyegluyb8pgi8soplsr","openid":"ovxXWv5Ldfh1B4nho4C-Jz6Kgma0","out_trade_no":"2017062009097208","result_code":"SUCCESS","return_code":"SUCCESS","sign":"879B6F50D5920FB7F598CA85F39FB638","time_end":"20170620090940","total_fee":"1","trade_type":"JSAPI","transaction_id":"4005242001201706206551070919"}
[2017-06-20 09:09:51][debug] query:{"appid":"wxd46e99b7f83183e1","err_code":"ORDERNOTEXIST","err_code_des":"order not exist","mch_id":"1383580102","nonce_str":"O6ixfa6RPM2Uuf5D","result_code":"FAIL","return_code":"SUCCESS","return_msg":"OK","sign":"19AE802B48AFB8DD2FB298230954D34A"}
[2017-06-20 09:10:08][debug] begin notify
[2017-06-20 09:10:08][debug] call back:{"appid":"wxd46e99b7f83183e1","bank_type":"CFT","cash_fee":"1","fee_type":"CNY","is_subscribe":"Y","mch_id":"1383580102","nonce_str":"1euige17suu7uhyegluyb8pgi8soplsr","openid":"ovxXWv5Ldfh1B4nho4C-Jz6Kgma0","out_trade_no":"2017062009097208","result_code":"SUCCESS","return_code":"SUCCESS","sign":"879B6F50D5920FB7F598CA85F39FB638","time_end":"20170620090940","total_fee":"1","trade_type":"JSAPI","transaction_id":"4005242001201706206551070919"}
[2017-06-20 09:10:08][debug] query:{"appid":"wxd46e99b7f83183e1","err_code":"ORDERNOTEXIST","err_code_des":"order not exist","mch_id":"1383580102","nonce_str":"0hEkCBiCVY0di3Fm","result_code":"FAIL","return_code":"SUCCESS","return_msg":"OK","sign":"8934A4E903C5A12BE80B0A5C96C71AD4"}
[2017-06-20 09:10:40][debug] begin notify
[2017-06-20 09:10:40][debug] call back:{"appid":"wxd46e99b7f83183e1","bank_type":"CFT","cash_fee":"1","fee_type":"CNY","is_subscribe":"Y","mch_id":"1383580102","nonce_str":"1euige17suu7uhyegluyb8pgi8soplsr","openid":"ovxXWv5Ldfh1B4nho4C-Jz6Kgma0","out_trade_no":"2017062009097208","result_code":"SUCCESS","return_code":"SUCCESS","sign":"879B6F50D5920FB7F598CA85F39FB638","time_end":"20170620090940","total_fee":"1","trade_type":"JSAPI","transaction_id":"4005242001201706206551070919"}
[2017-06-20 09:10:40][debug] query:{"appid":"wxd46e99b7f83183e1","err_code":"ORDERNOTEXIST","err_code_des":"order not exist","mch_id":"1383580102","nonce_str":"YGdzqHaJkeW0aE2U","result_code":"FAIL","return_code":"SUCCESS","return_msg":"OK","sign":"891F2780BBEB4F04130AB9915835B994"}
[2017-06-20 09:13:42][debug] begin notify
[2017-06-20 09:13:42][debug] call back:{"appid":"wxd46e99b7f83183e1","bank_type":"CFT","cash_fee":"1","fee_type":"CNY","is_subscribe":"Y","mch_id":"1383580102","nonce_str":"1euige17suu7uhyegluyb8pgi8soplsr","openid":"ovxXWv5Ldfh1B4nho4C-Jz6Kgma0","out_trade_no":"2017062009097208","result_code":"SUCCESS","return_code":"SUCCESS","sign":"879B6F50D5920FB7F598CA85F39FB638","time_end":"20170620090940","total_fee":"1","trade_type":"JSAPI","transaction_id":"4005242001201706206551070919"}
[2017-06-20 09:13:42][debug] query:{"appid":"wxd46e99b7f83183e1","err_code":"ORDERNOTEXIST","err_code_des":"order not exist","mch_id":"1383580102","nonce_str":"yo4hVuhesc8bbupx","result_code":"FAIL","return_code":"SUCCESS","return_msg":"OK","sign":"C8C79635B58E1579EBDE8978CDA0A3D5"}
[2017-06-20 09:43:44][debug] begin notify
[2017-06-20 09:43:44][debug] call back:{"appid":"wxd46e99b7f83183e1","bank_type":"CFT","cash_fee":"1","fee_type":"CNY","is_subscribe":"Y","mch_id":"1383580102","nonce_str":"1euige17suu7uhyegluyb8pgi8soplsr","openid":"ovxXWv5Ldfh1B4nho4C-Jz6Kgma0","out_trade_no":"2017062009097208","result_code":"SUCCESS","return_code":"SUCCESS","sign":"879B6F50D5920FB7F598CA85F39FB638","time_end":"20170620090940","total_fee":"1","trade_type":"JSAPI","transaction_id":"4005242001201706206551070919"}
[2017-06-20 09:43:44][debug] query:{"appid":"wxd46e99b7f83183e1","err_code":"ORDERNOTEXIST","err_code_des":"order not exist","mch_id":"1383580102","nonce_str":"EUCOOSqSrDxtZG0O","result_code":"FAIL","return_code":"SUCCESS","return_msg":"OK","sign":"7FA3F7BE28F65FBA6C3AE8198A4F7789"}
[2017-06-20 10:13:46][debug] begin notify
[2017-06-20 10:13:46][debug] call back:{"appid":"wxd46e99b7f83183e1","bank_type":"CFT","cash_fee":"1","fee_type":"CNY","is_subscribe":"Y","mch_id":"1383580102","nonce_str":"1euige17suu7uhyegluyb8pgi8soplsr","openid":"ovxXWv5Ldfh1B4nho4C-Jz6Kgma0","out_trade_no":"2017062009097208","result_code":"SUCCESS","return_code":"SUCCESS","sign":"879B6F50D5920FB7F598CA85F39FB638","time_end":"20170620090940","total_fee":"1","trade_type":"JSAPI","transaction_id":"4005242001201706206551070919"}
[2017-06-20 10:13:46][debug] query:{"appid":"wxd46e99b7f83183e1","err_code":"ORDERNOTEXIST","err_code_des":"order not exist","mch_id":"1383580102","nonce_str":"QlJN6mSI6k7Jqh7n","result_code":"FAIL","return_code":"SUCCESS","return_msg":"OK","sign":"8BF73DDEE6331EBEC420D3DE20C27FC6"}
[2017-06-20 10:43:48][debug] begin notify
[2017-06-20 10:43:48][debug] call back:{"appid":"wxd46e99b7f83183e1","bank_type":"CFT","cash_fee":"1","fee_type":"CNY","is_subscribe":"Y","mch_id":"1383580102","nonce_str":"1euige17suu7uhyegluyb8pgi8soplsr","openid":"ovxXWv5Ldfh1B4nho4C-Jz6Kgma0","out_trade_no":"2017062009097208","result_code":"SUCCESS","return_code":"SUCCESS","sign":"879B6F50D5920FB7F598CA85F39FB638","time_end":"20170620090940","total_fee":"1","trade_type":"JSAPI","transaction_id":"4005242001201706206551070919"}
[2017-06-20 10:43:48][debug] query:{"appid":"wxd46e99b7f83183e1","err_code":"ORDERNOTEXIST","err_code_des":"order not exist","mch_id":"1383580102","nonce_str":"MQYfoHFyFecvXnr6","result_code":"FAIL","return_code":"SUCCESS","return_msg":"OK","sign":"7C114A01CE6AB9E6DA583FF162566254"}
[2017-06-20 11:13:49][debug] begin notify
[2017-06-20 11:13:49][debug] call back:{"appid":"wxd46e99b7f83183e1","bank_type":"CFT","cash_fee":"1","fee_type":"CNY","is_subscribe":"Y","mch_id":"1383580102","nonce_str":"1euige17suu7uhyegluyb8pgi8soplsr","openid":"ovxXWv5Ldfh1B4nho4C-Jz6Kgma0","out_trade_no":"2017062009097208","result_code":"SUCCESS","return_code":"SUCCESS","sign":"879B6F50D5920FB7F598CA85F39FB638","time_end":"20170620090940","total_fee":"1","trade_type":"JSAPI","transaction_id":"4005242001201706206551070919"}
[2017-06-20 11:13:50][debug] query:{"appid":"wxd46e99b7f83183e1","err_code":"ORDERNOTEXIST","err_code_des":"order not exist","mch_id":"1383580102","nonce_str":"iOQCoHmgbGJydj5B","result_code":"FAIL","return_code":"SUCCESS","return_msg":"OK","sign":"D7AAF810219488520AB0361E71286758"}
[2017-06-20 12:13:51][debug] begin notify
[2017-06-20 12:13:51][debug] call back:{"appid":"wxd46e99b7f83183e1","bank_type":"CFT","cash_fee":"1","fee_type":"CNY","is_subscribe":"Y","mch_id":"1383580102","nonce_str":"1euige17suu7uhyegluyb8pgi8soplsr","openid":"ovxXWv5Ldfh1B4nho4C-Jz6Kgma0","out_trade_no":"2017062009097208","result_code":"SUCCESS","return_code":"SUCCESS","sign":"879B6F50D5920FB7F598CA85F39FB638","time_end":"20170620090940","total_fee":"1","trade_type":"JSAPI","transaction_id":"4005242001201706206551070919"}
[2017-06-20 12:13:52][debug] query:{"appid":"wxd46e99b7f83183e1","err_code":"ORDERNOTEXIST","err_code_des":"order not exist","mch_id":"1383580102","nonce_str":"mt5IHGBj1sVdGFw3","result_code":"FAIL","return_code":"SUCCESS","return_msg":"OK","sign":"3B6A2F71CB0C941C9392E6107F85FD61"}
[2017-06-20 19:36:11][debug] begin notify
[2017-06-20 19:36:11][debug] call back:{"appid":"wxd46e99b7f83183e1","bank_type":"CFT","cash_fee":"1","fee_type":"CNY","is_subscribe":"Y","mch_id":"1383580102","nonce_str":"vabfwvgg5lapkwc25840whtx3qwvs4on","openid":"ovxXWv5t40vP5msVZsSDo-qk_-ZU","out_trade_no":"2017062019362291","result_code":"SUCCESS","return_code":"SUCCESS","sign":"F494042308874E0EDE1A78F87DE69C53","time_end":"20170620193610","total_fee":"1","trade_type":"JSAPI","transaction_id":"4010152001201706206635935747"}
[2017-06-20 19:36:11][debug] query:{"appid":"wxd46e99b7f83183e1","err_code":"ORDERNOTEXIST","err_code_des":"order not exist","mch_id":"1383580102","nonce_str":"wYe5prjsfVIxkM3l","result_code":"FAIL","return_code":"SUCCESS","return_msg":"OK","sign":"13D4A5D8B567C774DEEAA02DD2F4358D"}
[2017-06-20 19:36:14][debug] begin notify
[2017-06-20 19:36:14][debug] query:{"appid":"wxd46e99b7f83183e1","attach":[],"bank_type":"CFT","cash_fee":"1","fee_type":"CNY","is_subscribe":"Y","mch_id":"1383580102","nonce_str":"c8MxL1Mwz1neWiGP","openid":"ovxXWv5t40vP5msVZsSDo-qk_-ZU","out_trade_no":"2017062019362291","result_code":"SUCCESS","return_code":"SUCCESS","return_msg":"OK","sign":"18FBA55D869280BE62553DAD4A2793EA","time_end":"20170620193610","total_fee":"1","trade_state":"SUCCESS","trade_type":"JSAPI","transaction_id":"4010152001201706206635935747"}
[2017-06-20 19:36:24][debug] begin notify
[2017-06-20 19:36:24][debug] call back:{"appid":"wxd46e99b7f83183e1","bank_type":"CFT","cash_fee":"1","fee_type":"CNY","is_subscribe":"Y","mch_id":"1383580102","nonce_str":"vabfwvgg5lapkwc25840whtx3qwvs4on","openid":"ovxXWv5t40vP5msVZsSDo-qk_-ZU","out_trade_no":"2017062019362291","result_code":"SUCCESS","return_code":"SUCCESS","sign":"F494042308874E0EDE1A78F87DE69C53","time_end":"20170620193610","total_fee":"1","trade_type":"JSAPI","transaction_id":"4010152001201706206635935747"}
[2017-06-20 19:36:24][debug] query:{"appid":"wxd46e99b7f83183e1","err_code":"ORDERNOTEXIST","err_code_des":"order not exist","mch_id":"1383580102","nonce_str":"brNEUyVbbky2RGs8","result_code":"FAIL","return_code":"SUCCESS","return_msg":"OK","sign":"54F78230487F3C83A1FF2912F17F5E99"}
[2017-06-20 19:36:42][debug] begin notify
[2017-06-20 19:36:42][debug] call back:{"appid":"wxd46e99b7f83183e1","bank_type":"CFT","cash_fee":"1","fee_type":"CNY","is_subscribe":"Y","mch_id":"1383580102","nonce_str":"vabfwvgg5lapkwc25840whtx3qwvs4on","openid":"ovxXWv5t40vP5msVZsSDo-qk_-ZU","out_trade_no":"2017062019362291","result_code":"SUCCESS","return_code":"SUCCESS","sign":"F494042308874E0EDE1A78F87DE69C53","time_end":"20170620193610","total_fee":"1","trade_type":"JSAPI","transaction_id":"4010152001201706206635935747"}
[2017-06-20 19:36:42][debug] query:{"appid":"wxd46e99b7f83183e1","err_code":"ORDERNOTEXIST","err_code_des":"order not exist","mch_id":"1383580102","nonce_str":"67sEn4VmpK5H50d5","result_code":"FAIL","return_code":"SUCCESS","return_msg":"OK","sign":"34FBEFDB546C7B757DEF32DF24F0B6B6"}
[2017-06-20 19:37:14][debug] begin notify
[2017-06-20 19:37:14][debug] call back:{"appid":"wxd46e99b7f83183e1","bank_type":"CFT","cash_fee":"1","fee_type":"CNY","is_subscribe":"Y","mch_id":"1383580102","nonce_str":"vabfwvgg5lapkwc25840whtx3qwvs4on","openid":"ovxXWv5t40vP5msVZsSDo-qk_-ZU","out_trade_no":"2017062019362291","result_code":"SUCCESS","return_code":"SUCCESS","sign":"F494042308874E0EDE1A78F87DE69C53","time_end":"20170620193610","total_fee":"1","trade_type":"JSAPI","transaction_id":"4010152001201706206635935747"}
[2017-06-20 19:37:14][debug] query:{"appid":"wxd46e99b7f83183e1","err_code":"ORDERNOTEXIST","err_code_des":"order not exist","mch_id":"1383580102","nonce_str":"GmWDYUevRgqXKicu","result_code":"FAIL","return_code":"SUCCESS","return_msg":"OK","sign":"6EBED512286699E19B37FB3852B0C131"}
[2017-06-20 19:40:16][debug] begin notify
[2017-06-20 19:40:16][debug] call back:{"appid":"wxd46e99b7f83183e1","bank_type":"CFT","cash_fee":"1","fee_type":"CNY","is_subscribe":"Y","mch_id":"1383580102","nonce_str":"vabfwvgg5lapkwc25840whtx3qwvs4on","openid":"ovxXWv5t40vP5msVZsSDo-qk_-ZU","out_trade_no":"2017062019362291","result_code":"SUCCESS","return_code":"SUCCESS","sign":"F494042308874E0EDE1A78F87DE69C53","time_end":"20170620193610","total_fee":"1","trade_type":"JSAPI","transaction_id":"4010152001201706206635935747"}
[2017-06-20 19:40:16][debug] query:{"appid":"wxd46e99b7f83183e1","err_code":"ORDERNOTEXIST","err_code_des":"order not exist","mch_id":"1383580102","nonce_str":"CttXVeXDbuwikIBx","result_code":"FAIL","return_code":"SUCCESS","return_msg":"OK","sign":"46C85B282CF7FF727385E267928333DC"}
[2017-06-20 20:10:19][debug] begin notify
[2017-06-20 20:10:19][debug] call back:{"appid":"wxd46e99b7f83183e1","bank_type":"CFT","cash_fee":"1","fee_type":"CNY","is_subscribe":"Y","mch_id":"1383580102","nonce_str":"vabfwvgg5lapkwc25840whtx3qwvs4on","openid":"ovxXWv5t40vP5msVZsSDo-qk_-ZU","out_trade_no":"2017062019362291","result_code":"SUCCESS","return_code":"SUCCESS","sign":"F494042308874E0EDE1A78F87DE69C53","time_end":"20170620193610","total_fee":"1","trade_type":"JSAPI","transaction_id":"4010152001201706206635935747"}
[2017-06-20 20:10:19][debug] query:{"appid":"wxd46e99b7f83183e1","err_code":"ORDERNOTEXIST","err_code_des":"order not exist","mch_id":"1383580102","nonce_str":"lbA5bt3xOa27uH6H","result_code":"FAIL","return_code":"SUCCESS","return_msg":"OK","sign":"098221687C4D91074FC2A983CC09B9AE"}
[2017-06-20 20:40:21][debug] begin notify
[2017-06-20 20:40:21][debug] call back:{"appid":"wxd46e99b7f83183e1","bank_type":"CFT","cash_fee":"1","fee_type":"CNY","is_subscribe":"Y","mch_id":"1383580102","nonce_str":"vabfwvgg5lapkwc25840whtx3qwvs4on","openid":"ovxXWv5t40vP5msVZsSDo-qk_-ZU","out_trade_no":"2017062019362291","result_code":"SUCCESS","return_code":"SUCCESS","sign":"F494042308874E0EDE1A78F87DE69C53","time_end":"20170620193610","total_fee":"1","trade_type":"JSAPI","transaction_id":"4010152001201706206635935747"}
[2017-06-20 20:40:22][debug] query:{"appid":"wxd46e99b7f83183e1","err_code":"ORDERNOTEXIST","err_code_des":"order not exist","mch_id":"1383580102","nonce_str":"N40XgvshOPU6qWyS","result_code":"FAIL","return_code":"SUCCESS","return_msg":"OK","sign":"BB87F9EF20D573013745D10D591F0C36"}
[2017-06-20 21:10:24][debug] begin notify
[2017-06-20 21:10:24][debug] call back:{"appid":"wxd46e99b7f83183e1","bank_type":"CFT","cash_fee":"1","fee_type":"CNY","is_subscribe":"Y","mch_id":"1383580102","nonce_str":"vabfwvgg5lapkwc25840whtx3qwvs4on","openid":"ovxXWv5t40vP5msVZsSDo-qk_-ZU","out_trade_no":"2017062019362291","result_code":"SUCCESS","return_code":"SUCCESS","sign":"F494042308874E0EDE1A78F87DE69C53","time_end":"20170620193610","total_fee":"1","trade_type":"JSAPI","transaction_id":"4010152001201706206635935747"}
[2017-06-20 21:10:25][debug] query:{"appid":"wxd46e99b7f83183e1","err_code":"ORDERNOTEXIST","err_code_des":"order not exist","mch_id":"1383580102","nonce_str":"hGLJZ4YXu2tUMHAq","result_code":"FAIL","return_code":"SUCCESS","return_msg":"OK","sign":"146922F6955EEBBD1E2F8E07B9C41F53"}
[2017-06-20 21:40:27][debug] begin notify
[2017-06-20 21:40:27][debug] call back:{"appid":"wxd46e99b7f83183e1","bank_type":"CFT","cash_fee":"1","fee_type":"CNY","is_subscribe":"Y","mch_id":"1383580102","nonce_str":"vabfwvgg5lapkwc25840whtx3qwvs4on","openid":"ovxXWv5t40vP5msVZsSDo-qk_-ZU","out_trade_no":"2017062019362291","result_code":"SUCCESS","return_code":"SUCCESS","sign":"F494042308874E0EDE1A78F87DE69C53","time_end":"20170620193610","total_fee":"1","trade_type":"JSAPI","transaction_id":"4010152001201706206635935747"}
[2017-06-20 21:40:27][debug] query:{"appid":"wxd46e99b7f83183e1","err_code":"ORDERNOTEXIST","err_code_des":"order not exist","mch_id":"1383580102","nonce_str":"kzZXRi2GZfv15waZ","result_code":"FAIL","return_code":"SUCCESS","return_msg":"OK","sign":"A1283ADAE448E0A72E154148F527BFD6"}
[2017-06-20 22:40:30][debug] begin notify
[2017-06-20 22:40:30][debug] call back:{"appid":"wxd46e99b7f83183e1","bank_type":"CFT","cash_fee":"1","fee_type":"CNY","is_subscribe":"Y","mch_id":"1383580102","nonce_str":"vabfwvgg5lapkwc25840whtx3qwvs4on","openid":"ovxXWv5t40vP5msVZsSDo-qk_-ZU","out_trade_no":"2017062019362291","result_code":"SUCCESS","return_code":"SUCCESS","sign":"F494042308874E0EDE1A78F87DE69C53","time_end":"20170620193610","total_fee":"1","trade_type":"JSAPI","transaction_id":"4010152001201706206635935747"}
[2017-06-20 22:40:30][debug] query:{"appid":"wxd46e99b7f83183e1","err_code":"ORDERNOTEXIST","err_code_des":"order not exist","mch_id":"1383580102","nonce_str":"R9snT1KqvZBz2yVN","result_code":"FAIL","return_code":"SUCCESS","return_msg":"OK","sign":"530585458114576E59A7239B5246BF62"}
