[2017-07-07 16:23:32][debug] begin notify
[2017-07-07 16:23:32][debug] call back:{"appid":"wxd46e99b7f83183e1","bank_type":"ICBC_DEBIT","cash_fee":"500","fee_type":"CNY","is_subscribe":"Y","mch_id":"1383580102","nonce_str":"3zm6li26cjsbyoggtxs2j3yi1ylpwvrc","openid":"ovxXWv2reglWhtXy3i7Up6LuAaeI","out_trade_no":"2017070716236465","result_code":"SUCCESS","return_code":"SUCCESS","sign":"7DC0B6A30B8B812943A1F7E64A232059","time_end":"20170707162331","total_fee":"500","trade_type":"JSAPI","transaction_id":"4007882001201707079367522383"}
[2017-07-07 16:23:32][debug] query:{"appid":"wxd46e99b7f83183e1","err_code":"ORDERNOTEXIST","err_code_des":"order not exist","mch_id":"1383580102","nonce_str":"8HcpaFqcpx8ut2c6","result_code":"FAIL","return_code":"SUCCESS","return_msg":"OK","sign":"983E7B6733FBC67C8FCD5980CD8779BF"}
[2017-07-07 16:23:34][debug] begin notify
[2017-07-07 16:23:34][debug] query:{"appid":"wxd46e99b7f83183e1","attach":[],"bank_type":"ICBC_DEBIT","cash_fee":"500","fee_type":"CNY","is_subscribe":"Y","mch_id":"1383580102","nonce_str":"PQZN6oLz2PUvGbPj","openid":"ovxXWv2reglWhtXy3i7Up6LuAaeI","out_trade_no":"2017070716236465","result_code":"SUCCESS","return_code":"SUCCESS","return_msg":"OK","sign":"835D6867C2F5965C3099DA6FB72C0E33","time_end":"20170707162331","total_fee":"500","trade_state":"SUCCESS","trade_type":"JSAPI","transaction_id":"4007882001201707079367522383"}
[2017-07-07 16:23:48][debug] begin notify
[2017-07-07 16:23:48][debug] call back:{"appid":"wxd46e99b7f83183e1","bank_type":"ICBC_DEBIT","cash_fee":"500","fee_type":"CNY","is_subscribe":"Y","mch_id":"1383580102","nonce_str":"3zm6li26cjsbyoggtxs2j3yi1ylpwvrc","openid":"ovxXWv2reglWhtXy3i7Up6LuAaeI","out_trade_no":"2017070716236465","result_code":"SUCCESS","return_code":"SUCCESS","sign":"7DC0B6A30B8B812943A1F7E64A232059","time_end":"20170707162331","total_fee":"500","trade_type":"JSAPI","transaction_id":"4007882001201707079367522383"}
[2017-07-07 16:23:48][debug] query:{"appid":"wxd46e99b7f83183e1","err_code":"ORDERNOTEXIST","err_code_des":"order not exist","mch_id":"1383580102","nonce_str":"wJapd78Lv6IIaCTy","result_code":"FAIL","return_code":"SUCCESS","return_msg":"OK","sign":"94968AA0E7DA44653D507E4D21E7239A"}
[2017-07-07 16:24:06][debug] begin notify
[2017-07-07 16:24:06][debug] call back:{"appid":"wxd46e99b7f83183e1","bank_type":"ICBC_DEBIT","cash_fee":"500","fee_type":"CNY","is_subscribe":"Y","mch_id":"1383580102","nonce_str":"3zm6li26cjsbyoggtxs2j3yi1ylpwvrc","openid":"ovxXWv2reglWhtXy3i7Up6LuAaeI","out_trade_no":"2017070716236465","result_code":"SUCCESS","return_code":"SUCCESS","sign":"7DC0B6A30B8B812943A1F7E64A232059","time_end":"20170707162331","total_fee":"500","trade_type":"JSAPI","transaction_id":"4007882001201707079367522383"}
[2017-07-07 16:24:07][debug] query:{"appid":"wxd46e99b7f83183e1","err_code":"ORDERNOTEXIST","err_code_des":"order not exist","mch_id":"1383580102","nonce_str":"vWOaxfVO5U0t91Rd","result_code":"FAIL","return_code":"SUCCESS","return_msg":"OK","sign":"E6D2628904A92E8733238AC190A22A49"}
[2017-07-07 16:24:39][debug] begin notify
[2017-07-07 16:24:39][debug] call back:{"appid":"wxd46e99b7f83183e1","bank_type":"ICBC_DEBIT","cash_fee":"500","fee_type":"CNY","is_subscribe":"Y","mch_id":"1383580102","nonce_str":"3zm6li26cjsbyoggtxs2j3yi1ylpwvrc","openid":"ovxXWv2reglWhtXy3i7Up6LuAaeI","out_trade_no":"2017070716236465","result_code":"SUCCESS","return_code":"SUCCESS","sign":"7DC0B6A30B8B812943A1F7E64A232059","time_end":"20170707162331","total_fee":"500","trade_type":"JSAPI","transaction_id":"4007882001201707079367522383"}
[2017-07-07 16:24:39][debug] query:{"appid":"wxd46e99b7f83183e1","err_code":"ORDERNOTEXIST","err_code_des":"order not exist","mch_id":"1383580102","nonce_str":"h2ljWqXnlJzjDPi7","result_code":"FAIL","return_code":"SUCCESS","return_msg":"OK","sign":"8B00A553FE67AB9B49EF02F04A826729"}
[2017-07-07 16:27:05][debug] begin notify
[2017-07-07 16:27:05][debug] call back:{"appid":"wxd46e99b7f83183e1","bank_type":"CFT","cash_fee":"500","fee_type":"CNY","is_subscribe":"Y","mch_id":"1383580102","nonce_str":"9v49x7fgybsv5v8zt3xtpkav7x4q0cjz","openid":"ovxXWv4iyRE8_CoDmMFT_oyZ_6Kg","out_trade_no":"2017070716262216","result_code":"SUCCESS","return_code":"SUCCESS","sign":"E68CBAE719C73783AC064E88D304164E","time_end":"20170707162705","total_fee":"500","trade_type":"JSAPI","transaction_id":"4007932001201707079371008061"}
[2017-07-07 16:27:05][debug] query:{"appid":"wxd46e99b7f83183e1","err_code":"ORDERNOTEXIST","err_code_des":"order not exist","mch_id":"1383580102","nonce_str":"zzaAgQ0iwSuTlbSU","result_code":"FAIL","return_code":"SUCCESS","return_msg":"OK","sign":"1FCCA6802EC926577B20EF29194BC41F"}
[2017-07-07 16:27:10][debug] begin notify
[2017-07-07 16:27:10][debug] query:{"appid":"wxd46e99b7f83183e1","attach":[],"bank_type":"CFT","cash_fee":"500","fee_type":"CNY","is_subscribe":"Y","mch_id":"1383580102","nonce_str":"QGEceHB8ZjTl1kS1","openid":"ovxXWv4iyRE8_CoDmMFT_oyZ_6Kg","out_trade_no":"2017070716262216","result_code":"SUCCESS","return_code":"SUCCESS","return_msg":"OK","sign":"E4C3AF3D9F5425F108AACA474F55F74B","time_end":"20170707162705","total_fee":"500","trade_state":"SUCCESS","trade_type":"JSAPI","transaction_id":"4007932001201707079371008061"}
[2017-07-07 16:27:16][debug] begin notify
[2017-07-07 16:27:16][debug] call back:{"appid":"wxd46e99b7f83183e1","bank_type":"CFT","cash_fee":"500","fee_type":"CNY","is_subscribe":"Y","mch_id":"1383580102","nonce_str":"9v49x7fgybsv5v8zt3xtpkav7x4q0cjz","openid":"ovxXWv4iyRE8_CoDmMFT_oyZ_6Kg","out_trade_no":"2017070716262216","result_code":"SUCCESS","return_code":"SUCCESS","sign":"E68CBAE719C73783AC064E88D304164E","time_end":"20170707162705","total_fee":"500","trade_type":"JSAPI","transaction_id":"4007932001201707079371008061"}
[2017-07-07 16:27:17][debug] query:{"appid":"wxd46e99b7f83183e1","err_code":"ORDERNOTEXIST","err_code_des":"order not exist","mch_id":"1383580102","nonce_str":"dqC2zHDjtkmEMZxX","result_code":"FAIL","return_code":"SUCCESS","return_msg":"OK","sign":"3F0BF87B2D579A6A0708F7058CD5A473"}
[2017-07-07 16:27:34][debug] begin notify
[2017-07-07 16:27:34][debug] call back:{"appid":"wxd46e99b7f83183e1","bank_type":"CFT","cash_fee":"500","fee_type":"CNY","is_subscribe":"Y","mch_id":"1383580102","nonce_str":"9v49x7fgybsv5v8zt3xtpkav7x4q0cjz","openid":"ovxXWv4iyRE8_CoDmMFT_oyZ_6Kg","out_trade_no":"2017070716262216","result_code":"SUCCESS","return_code":"SUCCESS","sign":"E68CBAE719C73783AC064E88D304164E","time_end":"20170707162705","total_fee":"500","trade_type":"JSAPI","transaction_id":"4007932001201707079371008061"}
[2017-07-07 16:27:34][debug] query:{"appid":"wxd46e99b7f83183e1","err_code":"ORDERNOTEXIST","err_code_des":"order not exist","mch_id":"1383580102","nonce_str":"KCBqmdDiZ91SvoNt","result_code":"FAIL","return_code":"SUCCESS","return_msg":"OK","sign":"491A09B38A2FA9C09E32747BD63FBE9F"}
[2017-07-07 16:27:41][debug] begin notify
[2017-07-07 16:27:41][debug] call back:{"appid":"wxd46e99b7f83183e1","bank_type":"ICBC_DEBIT","cash_fee":"500","fee_type":"CNY","is_subscribe":"Y","mch_id":"1383580102","nonce_str":"3zm6li26cjsbyoggtxs2j3yi1ylpwvrc","openid":"ovxXWv2reglWhtXy3i7Up6LuAaeI","out_trade_no":"2017070716236465","result_code":"SUCCESS","return_code":"SUCCESS","sign":"7DC0B6A30B8B812943A1F7E64A232059","time_end":"20170707162331","total_fee":"500","trade_type":"JSAPI","transaction_id":"4007882001201707079367522383"}
[2017-07-07 16:27:41][debug] query:{"appid":"wxd46e99b7f83183e1","err_code":"ORDERNOTEXIST","err_code_des":"order not exist","mch_id":"1383580102","nonce_str":"mTpMcwP5TlWyvawx","result_code":"FAIL","return_code":"SUCCESS","return_msg":"OK","sign":"1579F94F9EFBF2A57C07E73608034A68"}
[2017-07-07 16:28:06][debug] begin notify
[2017-07-07 16:28:06][debug] call back:{"appid":"wxd46e99b7f83183e1","bank_type":"CFT","cash_fee":"500","fee_type":"CNY","is_subscribe":"Y","mch_id":"1383580102","nonce_str":"9v49x7fgybsv5v8zt3xtpkav7x4q0cjz","openid":"ovxXWv4iyRE8_CoDmMFT_oyZ_6Kg","out_trade_no":"2017070716262216","result_code":"SUCCESS","return_code":"SUCCESS","sign":"E68CBAE719C73783AC064E88D304164E","time_end":"20170707162705","total_fee":"500","trade_type":"JSAPI","transaction_id":"4007932001201707079371008061"}
[2017-07-07 16:28:06][debug] query:{"appid":"wxd46e99b7f83183e1","err_code":"ORDERNOTEXIST","err_code_des":"order not exist","mch_id":"1383580102","nonce_str":"rxK4m1zYsHFTIR2x","result_code":"FAIL","return_code":"SUCCESS","return_msg":"OK","sign":"804DDF3F7BEE045FD54D70B089607BB2"}
[2017-07-07 16:31:08][debug] begin notify
[2017-07-07 16:31:08][debug] call back:{"appid":"wxd46e99b7f83183e1","bank_type":"CFT","cash_fee":"500","fee_type":"CNY","is_subscribe":"Y","mch_id":"1383580102","nonce_str":"9v49x7fgybsv5v8zt3xtpkav7x4q0cjz","openid":"ovxXWv4iyRE8_CoDmMFT_oyZ_6Kg","out_trade_no":"2017070716262216","result_code":"SUCCESS","return_code":"SUCCESS","sign":"E68CBAE719C73783AC064E88D304164E","time_end":"20170707162705","total_fee":"500","trade_type":"JSAPI","transaction_id":"4007932001201707079371008061"}
[2017-07-07 16:31:08][debug] query:{"appid":"wxd46e99b7f83183e1","err_code":"ORDERNOTEXIST","err_code_des":"order not exist","mch_id":"1383580102","nonce_str":"Tn4bjuKnzhIOHZ6J","result_code":"FAIL","return_code":"SUCCESS","return_msg":"OK","sign":"FFECF65E4070AFBAECA34F8CFBD83B6B"}
[2017-07-07 16:57:44][debug] begin notify
[2017-07-07 16:57:44][debug] call back:{"appid":"wxd46e99b7f83183e1","bank_type":"ICBC_DEBIT","cash_fee":"500","fee_type":"CNY","is_subscribe":"Y","mch_id":"1383580102","nonce_str":"3zm6li26cjsbyoggtxs2j3yi1ylpwvrc","openid":"ovxXWv2reglWhtXy3i7Up6LuAaeI","out_trade_no":"2017070716236465","result_code":"SUCCESS","return_code":"SUCCESS","sign":"7DC0B6A30B8B812943A1F7E64A232059","time_end":"20170707162331","total_fee":"500","trade_type":"JSAPI","transaction_id":"4007882001201707079367522383"}
[2017-07-07 16:57:45][debug] query:{"appid":"wxd46e99b7f83183e1","err_code":"ORDERNOTEXIST","err_code_des":"order not exist","mch_id":"1383580102","nonce_str":"gJKJAsmUMpqAoAdv","result_code":"FAIL","return_code":"SUCCESS","return_msg":"OK","sign":"831377D5B60E67D42B6B78D17B4619E8"}
[2017-07-07 17:01:10][debug] begin notify
[2017-07-07 17:01:10][debug] call back:{"appid":"wxd46e99b7f83183e1","bank_type":"CFT","cash_fee":"500","fee_type":"CNY","is_subscribe":"Y","mch_id":"1383580102","nonce_str":"9v49x7fgybsv5v8zt3xtpkav7x4q0cjz","openid":"ovxXWv4iyRE8_CoDmMFT_oyZ_6Kg","out_trade_no":"2017070716262216","result_code":"SUCCESS","return_code":"SUCCESS","sign":"E68CBAE719C73783AC064E88D304164E","time_end":"20170707162705","total_fee":"500","trade_type":"JSAPI","transaction_id":"4007932001201707079371008061"}
[2017-07-07 17:01:10][debug] query:{"appid":"wxd46e99b7f83183e1","err_code":"ORDERNOTEXIST","err_code_des":"order not exist","mch_id":"1383580102","nonce_str":"m8ockPPCVdtWTA8o","result_code":"FAIL","return_code":"SUCCESS","return_msg":"OK","sign":"60573FA35A98248FC31CBDD21264DE20"}
[2017-07-07 17:27:47][debug] begin notify
[2017-07-07 17:27:47][debug] call back:{"appid":"wxd46e99b7f83183e1","bank_type":"ICBC_DEBIT","cash_fee":"500","fee_type":"CNY","is_subscribe":"Y","mch_id":"1383580102","nonce_str":"3zm6li26cjsbyoggtxs2j3yi1ylpwvrc","openid":"ovxXWv2reglWhtXy3i7Up6LuAaeI","out_trade_no":"2017070716236465","result_code":"SUCCESS","return_code":"SUCCESS","sign":"7DC0B6A30B8B812943A1F7E64A232059","time_end":"20170707162331","total_fee":"500","trade_type":"JSAPI","transaction_id":"4007882001201707079367522383"}
[2017-07-07 17:27:47][debug] query:{"appid":"wxd46e99b7f83183e1","err_code":"ORDERNOTEXIST","err_code_des":"order not exist","mch_id":"1383580102","nonce_str":"Pyp4emUxXMWGAq6N","result_code":"FAIL","return_code":"SUCCESS","return_msg":"OK","sign":"72E384050B27FB41A9EE8026413076BE"}
[2017-07-07 17:31:12][debug] begin notify
[2017-07-07 17:31:12][debug] call back:{"appid":"wxd46e99b7f83183e1","bank_type":"CFT","cash_fee":"500","fee_type":"CNY","is_subscribe":"Y","mch_id":"1383580102","nonce_str":"9v49x7fgybsv5v8zt3xtpkav7x4q0cjz","openid":"ovxXWv4iyRE8_CoDmMFT_oyZ_6Kg","out_trade_no":"2017070716262216","result_code":"SUCCESS","return_code":"SUCCESS","sign":"E68CBAE719C73783AC064E88D304164E","time_end":"20170707162705","total_fee":"500","trade_type":"JSAPI","transaction_id":"4007932001201707079371008061"}
[2017-07-07 17:31:12][debug] query:{"appid":"wxd46e99b7f83183e1","err_code":"ORDERNOTEXIST","err_code_des":"order not exist","mch_id":"1383580102","nonce_str":"rlxCWnsSYg7ZCIQj","result_code":"FAIL","return_code":"SUCCESS","return_msg":"OK","sign":"72FF1FA3294D47A06DF68B6E731FFC24"}
[2017-07-07 17:57:49][debug] begin notify
[2017-07-07 17:57:49][debug] call back:{"appid":"wxd46e99b7f83183e1","bank_type":"ICBC_DEBIT","cash_fee":"500","fee_type":"CNY","is_subscribe":"Y","mch_id":"1383580102","nonce_str":"3zm6li26cjsbyoggtxs2j3yi1ylpwvrc","openid":"ovxXWv2reglWhtXy3i7Up6LuAaeI","out_trade_no":"2017070716236465","result_code":"SUCCESS","return_code":"SUCCESS","sign":"7DC0B6A30B8B812943A1F7E64A232059","time_end":"20170707162331","total_fee":"500","trade_type":"JSAPI","transaction_id":"4007882001201707079367522383"}
[2017-07-07 17:57:49][debug] query:{"appid":"wxd46e99b7f83183e1","err_code":"ORDERNOTEXIST","err_code_des":"order not exist","mch_id":"1383580102","nonce_str":"4dNbVhBqAbNgFf6i","result_code":"FAIL","return_code":"SUCCESS","return_msg":"OK","sign":"20E789A88E5C76FA824BB2CE71030B66"}
[2017-07-07 18:01:14][debug] begin notify
[2017-07-07 18:01:14][debug] call back:{"appid":"wxd46e99b7f83183e1","bank_type":"CFT","cash_fee":"500","fee_type":"CNY","is_subscribe":"Y","mch_id":"1383580102","nonce_str":"9v49x7fgybsv5v8zt3xtpkav7x4q0cjz","openid":"ovxXWv4iyRE8_CoDmMFT_oyZ_6Kg","out_trade_no":"2017070716262216","result_code":"SUCCESS","return_code":"SUCCESS","sign":"E68CBAE719C73783AC064E88D304164E","time_end":"20170707162705","total_fee":"500","trade_type":"JSAPI","transaction_id":"4007932001201707079371008061"}
[2017-07-07 18:01:14][debug] query:{"appid":"wxd46e99b7f83183e1","err_code":"ORDERNOTEXIST","err_code_des":"order not exist","mch_id":"1383580102","nonce_str":"AkHnc1YjGh1ZKfsD","result_code":"FAIL","return_code":"SUCCESS","return_msg":"OK","sign":"47757A810371B3BCB7B9CDD0A12570D1"}
[2017-07-07 18:27:50][debug] begin notify
[2017-07-07 18:27:50][debug] call back:{"appid":"wxd46e99b7f83183e1","bank_type":"ICBC_DEBIT","cash_fee":"500","fee_type":"CNY","is_subscribe":"Y","mch_id":"1383580102","nonce_str":"3zm6li26cjsbyoggtxs2j3yi1ylpwvrc","openid":"ovxXWv2reglWhtXy3i7Up6LuAaeI","out_trade_no":"2017070716236465","result_code":"SUCCESS","return_code":"SUCCESS","sign":"7DC0B6A30B8B812943A1F7E64A232059","time_end":"20170707162331","total_fee":"500","trade_type":"JSAPI","transaction_id":"4007882001201707079367522383"}
[2017-07-07 18:27:51][debug] query:{"appid":"wxd46e99b7f83183e1","err_code":"ORDERNOTEXIST","err_code_des":"order not exist","mch_id":"1383580102","nonce_str":"lFciFGBsvdCqf8bl","result_code":"FAIL","return_code":"SUCCESS","return_msg":"OK","sign":"00F7C3BCE48BE87D3BF19D406D43CBA4"}
[2017-07-07 18:31:15][debug] begin notify
[2017-07-07 18:31:15][debug] call back:{"appid":"wxd46e99b7f83183e1","bank_type":"CFT","cash_fee":"500","fee_type":"CNY","is_subscribe":"Y","mch_id":"1383580102","nonce_str":"9v49x7fgybsv5v8zt3xtpkav7x4q0cjz","openid":"ovxXWv4iyRE8_CoDmMFT_oyZ_6Kg","out_trade_no":"2017070716262216","result_code":"SUCCESS","return_code":"SUCCESS","sign":"E68CBAE719C73783AC064E88D304164E","time_end":"20170707162705","total_fee":"500","trade_type":"JSAPI","transaction_id":"4007932001201707079371008061"}
[2017-07-07 18:31:16][debug] query:{"appid":"wxd46e99b7f83183e1","err_code":"ORDERNOTEXIST","err_code_des":"order not exist","mch_id":"1383580102","nonce_str":"PEje40Yjz85tqvHB","result_code":"FAIL","return_code":"SUCCESS","return_msg":"OK","sign":"F948FEBB105CEFFD757EEBC1933CABDD"}
[2017-07-07 19:27:52][debug] begin notify
[2017-07-07 19:27:52][debug] call back:{"appid":"wxd46e99b7f83183e1","bank_type":"ICBC_DEBIT","cash_fee":"500","fee_type":"CNY","is_subscribe":"Y","mch_id":"1383580102","nonce_str":"3zm6li26cjsbyoggtxs2j3yi1ylpwvrc","openid":"ovxXWv2reglWhtXy3i7Up6LuAaeI","out_trade_no":"2017070716236465","result_code":"SUCCESS","return_code":"SUCCESS","sign":"7DC0B6A30B8B812943A1F7E64A232059","time_end":"20170707162331","total_fee":"500","trade_type":"JSAPI","transaction_id":"4007882001201707079367522383"}
[2017-07-07 19:27:52][debug] query:{"appid":"wxd46e99b7f83183e1","err_code":"ORDERNOTEXIST","err_code_des":"order not exist","mch_id":"1383580102","nonce_str":"qVt7C53r2kPJ9emg","result_code":"FAIL","return_code":"SUCCESS","return_msg":"OK","sign":"E70663CF8942C6AABA7226E228F2A8A8"}
[2017-07-07 19:31:18][debug] begin notify
[2017-07-07 19:31:18][debug] call back:{"appid":"wxd46e99b7f83183e1","bank_type":"CFT","cash_fee":"500","fee_type":"CNY","is_subscribe":"Y","mch_id":"1383580102","nonce_str":"9v49x7fgybsv5v8zt3xtpkav7x4q0cjz","openid":"ovxXWv4iyRE8_CoDmMFT_oyZ_6Kg","out_trade_no":"2017070716262216","result_code":"SUCCESS","return_code":"SUCCESS","sign":"E68CBAE719C73783AC064E88D304164E","time_end":"20170707162705","total_fee":"500","trade_type":"JSAPI","transaction_id":"4007932001201707079371008061"}
[2017-07-07 19:31:18][debug] query:{"appid":"wxd46e99b7f83183e1","err_code":"ORDERNOTEXIST","err_code_des":"order not exist","mch_id":"1383580102","nonce_str":"IKh9cNdnbSS32jqm","result_code":"FAIL","return_code":"SUCCESS","return_msg":"OK","sign":"8F438999D410F727B32419D6978392C0"}
