[2017-06-21 10:50:30][debug] begin notify
[2017-06-21 10:50:30][debug] call back:{"appid":"wxd46e99b7f83183e1","bank_type":"CMBC_CREDIT","cash_fee":"100","fee_type":"CNY","is_subscribe":"Y","mch_id":"1383580102","nonce_str":"eswps5q8qauamjfb4rd5bx2g48j978pp","openid":"ovxXWv3CHJLsugBLuDQiCAxREFtE","out_trade_no":"201706211050233137","result_code":"SUCCESS","return_code":"SUCCESS","sign":"B009A4011A13A51E29777B115945BE83","time_end":"20170621105029","total_fee":"100","trade_type":"JSAPI","transaction_id":"4002902001201706216711535402"}
[2017-06-21 10:50:30][debug] query:{"appid":"wxd46e99b7f83183e1","err_code":"ORDERNOTEXIST","err_code_des":"order not exist","mch_id":"1383580102","nonce_str":"j5SZA5t5SmDKf1Kb","result_code":"FAIL","return_code":"SUCCESS","return_msg":"OK","sign":"036F8B59A9C568DBCDC017E1A757E906"}
[2017-06-21 10:50:31][debug] begin notify
[2017-06-21 10:50:31][debug] query:{"appid":"wxd46e99b7f83183e1","attach":[],"bank_type":"CMBC_CREDIT","cash_fee":"100","fee_type":"CNY","is_subscribe":"Y","mch_id":"1383580102","nonce_str":"G14FzenNEXhhTiQw","openid":"ovxXWv3CHJLsugBLuDQiCAxREFtE","out_trade_no":"201706211050233137","result_code":"SUCCESS","return_code":"SUCCESS","return_msg":"OK","sign":"16C5E46DB21068971538149F6AD614E8","time_end":"20170621105029","total_fee":"100","trade_state":"SUCCESS","trade_type":"JSAPI","transaction_id":"4002902001201706216711535402"}
[2017-06-21 10:50:45][debug] begin notify
[2017-06-21 10:50:45][debug] call back:{"appid":"wxd46e99b7f83183e1","bank_type":"CMBC_CREDIT","cash_fee":"100","fee_type":"CNY","is_subscribe":"Y","mch_id":"1383580102","nonce_str":"eswps5q8qauamjfb4rd5bx2g48j978pp","openid":"ovxXWv3CHJLsugBLuDQiCAxREFtE","out_trade_no":"201706211050233137","result_code":"SUCCESS","return_code":"SUCCESS","sign":"B009A4011A13A51E29777B115945BE83","time_end":"20170621105029","total_fee":"100","trade_type":"JSAPI","transaction_id":"4002902001201706216711535402"}
[2017-06-21 10:50:46][debug] query:{"appid":"wxd46e99b7f83183e1","err_code":"ORDERNOTEXIST","err_code_des":"order not exist","mch_id":"1383580102","nonce_str":"baTuRw5pQIN8RYHS","result_code":"FAIL","return_code":"SUCCESS","return_msg":"OK","sign":"DFFDAA4D5A72418804F17C17E3BDBF59"}
[2017-06-21 10:51:03][debug] begin notify
[2017-06-21 10:51:03][debug] call back:{"appid":"wxd46e99b7f83183e1","bank_type":"CMBC_CREDIT","cash_fee":"100","fee_type":"CNY","is_subscribe":"Y","mch_id":"1383580102","nonce_str":"eswps5q8qauamjfb4rd5bx2g48j978pp","openid":"ovxXWv3CHJLsugBLuDQiCAxREFtE","out_trade_no":"201706211050233137","result_code":"SUCCESS","return_code":"SUCCESS","sign":"B009A4011A13A51E29777B115945BE83","time_end":"20170621105029","total_fee":"100","trade_type":"JSAPI","transaction_id":"4002902001201706216711535402"}
[2017-06-21 10:51:03][debug] query:{"appid":"wxd46e99b7f83183e1","err_code":"ORDERNOTEXIST","err_code_des":"order not exist","mch_id":"1383580102","nonce_str":"QWAh3VTXZCZxWafz","result_code":"FAIL","return_code":"SUCCESS","return_msg":"OK","sign":"75A045B5F09AE1AF7FB72FDFB09A85EE"}
[2017-06-21 10:51:34][debug] begin notify
[2017-06-21 10:51:34][debug] call back:{"appid":"wxd46e99b7f83183e1","bank_type":"CMBC_CREDIT","cash_fee":"100","fee_type":"CNY","is_subscribe":"Y","mch_id":"1383580102","nonce_str":"eswps5q8qauamjfb4rd5bx2g48j978pp","openid":"ovxXWv3CHJLsugBLuDQiCAxREFtE","out_trade_no":"201706211050233137","result_code":"SUCCESS","return_code":"SUCCESS","sign":"B009A4011A13A51E29777B115945BE83","time_end":"20170621105029","total_fee":"100","trade_type":"JSAPI","transaction_id":"4002902001201706216711535402"}
[2017-06-21 10:51:34][debug] query:{"appid":"wxd46e99b7f83183e1","err_code":"ORDERNOTEXIST","err_code_des":"order not exist","mch_id":"1383580102","nonce_str":"W7ULxo8UvN63VuxK","result_code":"FAIL","return_code":"SUCCESS","return_msg":"OK","sign":"2FF9D59DF6A4730113F02455CF6D3AFF"}
[2017-06-21 10:54:36][debug] begin notify
[2017-06-21 10:54:36][debug] call back:{"appid":"wxd46e99b7f83183e1","bank_type":"CMBC_CREDIT","cash_fee":"100","fee_type":"CNY","is_subscribe":"Y","mch_id":"1383580102","nonce_str":"eswps5q8qauamjfb4rd5bx2g48j978pp","openid":"ovxXWv3CHJLsugBLuDQiCAxREFtE","out_trade_no":"201706211050233137","result_code":"SUCCESS","return_code":"SUCCESS","sign":"B009A4011A13A51E29777B115945BE83","time_end":"20170621105029","total_fee":"100","trade_type":"JSAPI","transaction_id":"4002902001201706216711535402"}
[2017-06-21 10:54:37][debug] query:{"appid":"wxd46e99b7f83183e1","err_code":"ORDERNOTEXIST","err_code_des":"order not exist","mch_id":"1383580102","nonce_str":"qVvmSmPUsh96HCyH","result_code":"FAIL","return_code":"SUCCESS","return_msg":"OK","sign":"A32D82CB179E55A956910D2B2DDBD191"}
[2017-06-21 11:24:39][debug] begin notify
[2017-06-21 11:24:39][debug] call back:{"appid":"wxd46e99b7f83183e1","bank_type":"CMBC_CREDIT","cash_fee":"100","fee_type":"CNY","is_subscribe":"Y","mch_id":"1383580102","nonce_str":"eswps5q8qauamjfb4rd5bx2g48j978pp","openid":"ovxXWv3CHJLsugBLuDQiCAxREFtE","out_trade_no":"201706211050233137","result_code":"SUCCESS","return_code":"SUCCESS","sign":"B009A4011A13A51E29777B115945BE83","time_end":"20170621105029","total_fee":"100","trade_type":"JSAPI","transaction_id":"4002902001201706216711535402"}
[2017-06-21 11:24:40][debug] query:{"appid":"wxd46e99b7f83183e1","err_code":"ORDERNOTEXIST","err_code_des":"order not exist","mch_id":"1383580102","nonce_str":"MbMyS2EaTG1zRdLk","result_code":"FAIL","return_code":"SUCCESS","return_msg":"OK","sign":"BF0CFAF510BD7D7D2043079651A5B0FE"}
[2017-06-21 11:54:41][debug] begin notify
[2017-06-21 11:54:41][debug] call back:{"appid":"wxd46e99b7f83183e1","bank_type":"CMBC_CREDIT","cash_fee":"100","fee_type":"CNY","is_subscribe":"Y","mch_id":"1383580102","nonce_str":"eswps5q8qauamjfb4rd5bx2g48j978pp","openid":"ovxXWv3CHJLsugBLuDQiCAxREFtE","out_trade_no":"201706211050233137","result_code":"SUCCESS","return_code":"SUCCESS","sign":"B009A4011A13A51E29777B115945BE83","time_end":"20170621105029","total_fee":"100","trade_type":"JSAPI","transaction_id":"4002902001201706216711535402"}
[2017-06-21 11:54:41][debug] query:{"appid":"wxd46e99b7f83183e1","err_code":"ORDERNOTEXIST","err_code_des":"order not exist","mch_id":"1383580102","nonce_str":"o9QT8hqxxgqClGl4","result_code":"FAIL","return_code":"SUCCESS","return_msg":"OK","sign":"F743D4E8491E07AA4DB888A0D310902B"}
[2017-06-21 12:24:43][debug] begin notify
[2017-06-21 12:24:43][debug] call back:{"appid":"wxd46e99b7f83183e1","bank_type":"CMBC_CREDIT","cash_fee":"100","fee_type":"CNY","is_subscribe":"Y","mch_id":"1383580102","nonce_str":"eswps5q8qauamjfb4rd5bx2g48j978pp","openid":"ovxXWv3CHJLsugBLuDQiCAxREFtE","out_trade_no":"201706211050233137","result_code":"SUCCESS","return_code":"SUCCESS","sign":"B009A4011A13A51E29777B115945BE83","time_end":"20170621105029","total_fee":"100","trade_type":"JSAPI","transaction_id":"4002902001201706216711535402"}
[2017-06-21 12:24:43][debug] query:{"appid":"wxd46e99b7f83183e1","err_code":"ORDERNOTEXIST","err_code_des":"order not exist","mch_id":"1383580102","nonce_str":"53bYoA4TAuGUYYlG","result_code":"FAIL","return_code":"SUCCESS","return_msg":"OK","sign":"C9910850E12D2FC14057C9E41DC74CC6"}
[2017-06-21 12:54:44][debug] begin notify
[2017-06-21 12:54:44][debug] call back:{"appid":"wxd46e99b7f83183e1","bank_type":"CMBC_CREDIT","cash_fee":"100","fee_type":"CNY","is_subscribe":"Y","mch_id":"1383580102","nonce_str":"eswps5q8qauamjfb4rd5bx2g48j978pp","openid":"ovxXWv3CHJLsugBLuDQiCAxREFtE","out_trade_no":"201706211050233137","result_code":"SUCCESS","return_code":"SUCCESS","sign":"B009A4011A13A51E29777B115945BE83","time_end":"20170621105029","total_fee":"100","trade_type":"JSAPI","transaction_id":"4002902001201706216711535402"}
[2017-06-21 12:54:45][debug] query:{"appid":"wxd46e99b7f83183e1","err_code":"ORDERNOTEXIST","err_code_des":"order not exist","mch_id":"1383580102","nonce_str":"TDUdobpx5DBLtDVq","result_code":"FAIL","return_code":"SUCCESS","return_msg":"OK","sign":"F7C9D1E5649E3883F25E6858D754B0B5"}
[2017-06-21 13:54:47][debug] begin notify
[2017-06-21 13:54:47][debug] call back:{"appid":"wxd46e99b7f83183e1","bank_type":"CMBC_CREDIT","cash_fee":"100","fee_type":"CNY","is_subscribe":"Y","mch_id":"1383580102","nonce_str":"eswps5q8qauamjfb4rd5bx2g48j978pp","openid":"ovxXWv3CHJLsugBLuDQiCAxREFtE","out_trade_no":"201706211050233137","result_code":"SUCCESS","return_code":"SUCCESS","sign":"B009A4011A13A51E29777B115945BE83","time_end":"20170621105029","total_fee":"100","trade_type":"JSAPI","transaction_id":"4002902001201706216711535402"}
[2017-06-21 13:54:47][debug] query:{"appid":"wxd46e99b7f83183e1","err_code":"ORDERNOTEXIST","err_code_des":"order not exist","mch_id":"1383580102","nonce_str":"01bTz0kTe4ZKcd2z","result_code":"FAIL","return_code":"SUCCESS","return_msg":"OK","sign":"EB9BFB721D92DC99EECCC877F2C9D8D9"}
[2017-06-21 15:22:05][debug] begin notify
[2017-06-21 15:22:05][debug] call back:{"appid":"wxd46e99b7f83183e1","bank_type":"CFT","cash_fee":"1","fee_type":"CNY","is_subscribe":"Y","mch_id":"1383580102","nonce_str":"8zlz9mtz1eolim42rig9ltuc0nhy67de","openid":"ovxXWv5Ldfh1B4nho4C-Jz6Kgma0","out_trade_no":"2017062115214465","result_code":"SUCCESS","return_code":"SUCCESS","sign":"C0442FEAFEDA122C6C86E60073F88525","time_end":"20170621152204","total_fee":"1","trade_type":"JSAPI","transaction_id":"4005242001201706216746170438"}
[2017-06-21 15:22:05][debug] query:{"appid":"wxd46e99b7f83183e1","err_code":"ORDERNOTEXIST","err_code_des":"order not exist","mch_id":"1383580102","nonce_str":"qNKyz5YKTSTlVomE","result_code":"FAIL","return_code":"SUCCESS","return_msg":"OK","sign":"A6CA66B0BD91EB45F44D532F45692F20"}
[2017-06-21 15:22:15][debug] begin notify
[2017-06-21 15:22:15][debug] call back:{"appid":"wxd46e99b7f83183e1","bank_type":"CFT","cash_fee":"1","fee_type":"CNY","is_subscribe":"Y","mch_id":"1383580102","nonce_str":"8zlz9mtz1eolim42rig9ltuc0nhy67de","openid":"ovxXWv5Ldfh1B4nho4C-Jz6Kgma0","out_trade_no":"2017062115214465","result_code":"SUCCESS","return_code":"SUCCESS","sign":"C0442FEAFEDA122C6C86E60073F88525","time_end":"20170621152204","total_fee":"1","trade_type":"JSAPI","transaction_id":"4005242001201706216746170438"}
[2017-06-21 15:22:15][debug] query:{"appid":"wxd46e99b7f83183e1","err_code":"ORDERNOTEXIST","err_code_des":"order not exist","mch_id":"1383580102","nonce_str":"ORMgloNroF9vr29R","result_code":"FAIL","return_code":"SUCCESS","return_msg":"OK","sign":"D37B64F8572B49C68A8C4A77D66177A2"}
[2017-06-21 15:22:31][debug] begin notify
[2017-06-21 15:22:31][debug] call back:{"appid":"wxd46e99b7f83183e1","bank_type":"CFT","cash_fee":"1","fee_type":"CNY","is_subscribe":"Y","mch_id":"1383580102","nonce_str":"8zlz9mtz1eolim42rig9ltuc0nhy67de","openid":"ovxXWv5Ldfh1B4nho4C-Jz6Kgma0","out_trade_no":"2017062115214465","result_code":"SUCCESS","return_code":"SUCCESS","sign":"C0442FEAFEDA122C6C86E60073F88525","time_end":"20170621152204","total_fee":"1","trade_type":"JSAPI","transaction_id":"4005242001201706216746170438"}
[2017-06-21 15:22:32][debug] query:{"appid":"wxd46e99b7f83183e1","err_code":"ORDERNOTEXIST","err_code_des":"order not exist","mch_id":"1383580102","nonce_str":"2gMjLupprrWDVxD0","result_code":"FAIL","return_code":"SUCCESS","return_msg":"OK","sign":"4800051F2B45F0AA7355BDEF31D5BED6"}
[2017-06-21 15:22:38][debug] begin notify
[2017-06-21 15:22:38][debug] query:{"appid":"wxd46e99b7f83183e1","attach":[],"bank_type":"CFT","cash_fee":"1","fee_type":"CNY","is_subscribe":"Y","mch_id":"1383580102","nonce_str":"Rl1kgCaCwWk1aRFv","openid":"ovxXWv5Ldfh1B4nho4C-Jz6Kgma0","out_trade_no":"2017062115214465","result_code":"SUCCESS","return_code":"SUCCESS","return_msg":"OK","sign":"BF0F7157296270EA820FAC3E9428A8FA","time_end":"20170621152204","total_fee":"1","trade_state":"SUCCESS","trade_type":"JSAPI","transaction_id":"4005242001201706216746170438"}
[2017-06-21 15:23:03][debug] begin notify
[2017-06-21 15:23:03][debug] call back:{"appid":"wxd46e99b7f83183e1","bank_type":"CFT","cash_fee":"1","fee_type":"CNY","is_subscribe":"Y","mch_id":"1383580102","nonce_str":"8zlz9mtz1eolim42rig9ltuc0nhy67de","openid":"ovxXWv5Ldfh1B4nho4C-Jz6Kgma0","out_trade_no":"2017062115214465","result_code":"SUCCESS","return_code":"SUCCESS","sign":"C0442FEAFEDA122C6C86E60073F88525","time_end":"20170621152204","total_fee":"1","trade_type":"JSAPI","transaction_id":"4005242001201706216746170438"}
[2017-06-21 15:23:03][debug] query:{"appid":"wxd46e99b7f83183e1","err_code":"ORDERNOTEXIST","err_code_des":"order not exist","mch_id":"1383580102","nonce_str":"U8gnY53IqrQFZc5z","result_code":"FAIL","return_code":"SUCCESS","return_msg":"OK","sign":"0D162942B8DB4B4DD4CED2D1D992EA30"}
[2017-06-21 15:26:05][debug] begin notify
[2017-06-21 15:26:05][debug] call back:{"appid":"wxd46e99b7f83183e1","bank_type":"CFT","cash_fee":"1","fee_type":"CNY","is_subscribe":"Y","mch_id":"1383580102","nonce_str":"8zlz9mtz1eolim42rig9ltuc0nhy67de","openid":"ovxXWv5Ldfh1B4nho4C-Jz6Kgma0","out_trade_no":"2017062115214465","result_code":"SUCCESS","return_code":"SUCCESS","sign":"C0442FEAFEDA122C6C86E60073F88525","time_end":"20170621152204","total_fee":"1","trade_type":"JSAPI","transaction_id":"4005242001201706216746170438"}
[2017-06-21 15:26:05][debug] query:{"appid":"wxd46e99b7f83183e1","err_code":"ORDERNOTEXIST","err_code_des":"order not exist","mch_id":"1383580102","nonce_str":"jjeCN0ribxgrlct9","result_code":"FAIL","return_code":"SUCCESS","return_msg":"OK","sign":"E495862CF215027253C1C75880A68D6E"}
[2017-06-21 15:56:07][debug] begin notify
[2017-06-21 15:56:07][debug] call back:{"appid":"wxd46e99b7f83183e1","bank_type":"CFT","cash_fee":"1","fee_type":"CNY","is_subscribe":"Y","mch_id":"1383580102","nonce_str":"8zlz9mtz1eolim42rig9ltuc0nhy67de","openid":"ovxXWv5Ldfh1B4nho4C-Jz6Kgma0","out_trade_no":"2017062115214465","result_code":"SUCCESS","return_code":"SUCCESS","sign":"C0442FEAFEDA122C6C86E60073F88525","time_end":"20170621152204","total_fee":"1","trade_type":"JSAPI","transaction_id":"4005242001201706216746170438"}
[2017-06-21 15:56:08][debug] query:{"appid":"wxd46e99b7f83183e1","err_code":"ORDERNOTEXIST","err_code_des":"order not exist","mch_id":"1383580102","nonce_str":"zo0IwAy4I03V13I9","result_code":"FAIL","return_code":"SUCCESS","return_msg":"OK","sign":"606D6864DBF978046832CD1A52CC456E"}
[2017-06-21 16:26:10][debug] begin notify
[2017-06-21 16:26:10][debug] call back:{"appid":"wxd46e99b7f83183e1","bank_type":"CFT","cash_fee":"1","fee_type":"CNY","is_subscribe":"Y","mch_id":"1383580102","nonce_str":"8zlz9mtz1eolim42rig9ltuc0nhy67de","openid":"ovxXWv5Ldfh1B4nho4C-Jz6Kgma0","out_trade_no":"2017062115214465","result_code":"SUCCESS","return_code":"SUCCESS","sign":"C0442FEAFEDA122C6C86E60073F88525","time_end":"20170621152204","total_fee":"1","trade_type":"JSAPI","transaction_id":"4005242001201706216746170438"}
[2017-06-21 16:26:10][debug] query:{"appid":"wxd46e99b7f83183e1","err_code":"ORDERNOTEXIST","err_code_des":"order not exist","mch_id":"1383580102","nonce_str":"g5X3RQkKaG7OOOzF","result_code":"FAIL","return_code":"SUCCESS","return_msg":"OK","sign":"26213DC8E26D44E0C726F184C4761ADB"}
[2017-06-21 16:56:12][debug] begin notify
[2017-06-21 16:56:12][debug] call back:{"appid":"wxd46e99b7f83183e1","bank_type":"CFT","cash_fee":"1","fee_type":"CNY","is_subscribe":"Y","mch_id":"1383580102","nonce_str":"8zlz9mtz1eolim42rig9ltuc0nhy67de","openid":"ovxXWv5Ldfh1B4nho4C-Jz6Kgma0","out_trade_no":"2017062115214465","result_code":"SUCCESS","return_code":"SUCCESS","sign":"C0442FEAFEDA122C6C86E60073F88525","time_end":"20170621152204","total_fee":"1","trade_type":"JSAPI","transaction_id":"4005242001201706216746170438"}
[2017-06-21 16:56:12][debug] query:{"appid":"wxd46e99b7f83183e1","err_code":"ORDERNOTEXIST","err_code_des":"order not exist","mch_id":"1383580102","nonce_str":"JCEe9z7mo9HiTUWp","result_code":"FAIL","return_code":"SUCCESS","return_msg":"OK","sign":"ACE8128FD81437287043AF285A26B308"}
[2017-06-21 17:26:14][debug] begin notify
[2017-06-21 17:26:14][debug] call back:{"appid":"wxd46e99b7f83183e1","bank_type":"CFT","cash_fee":"1","fee_type":"CNY","is_subscribe":"Y","mch_id":"1383580102","nonce_str":"8zlz9mtz1eolim42rig9ltuc0nhy67de","openid":"ovxXWv5Ldfh1B4nho4C-Jz6Kgma0","out_trade_no":"2017062115214465","result_code":"SUCCESS","return_code":"SUCCESS","sign":"C0442FEAFEDA122C6C86E60073F88525","time_end":"20170621152204","total_fee":"1","trade_type":"JSAPI","transaction_id":"4005242001201706216746170438"}
[2017-06-21 17:26:14][debug] query:{"appid":"wxd46e99b7f83183e1","err_code":"ORDERNOTEXIST","err_code_des":"order not exist","mch_id":"1383580102","nonce_str":"RvMXSFyciefFEYn4","result_code":"FAIL","return_code":"SUCCESS","return_msg":"OK","sign":"7B6661AD20A1C3AD338456AAED7862F7"}
[2017-06-21 18:26:15][debug] begin notify
[2017-06-21 18:26:15][debug] call back:{"appid":"wxd46e99b7f83183e1","bank_type":"CFT","cash_fee":"1","fee_type":"CNY","is_subscribe":"Y","mch_id":"1383580102","nonce_str":"8zlz9mtz1eolim42rig9ltuc0nhy67de","openid":"ovxXWv5Ldfh1B4nho4C-Jz6Kgma0","out_trade_no":"2017062115214465","result_code":"SUCCESS","return_code":"SUCCESS","sign":"C0442FEAFEDA122C6C86E60073F88525","time_end":"20170621152204","total_fee":"1","trade_type":"JSAPI","transaction_id":"4005242001201706216746170438"}
[2017-06-21 18:26:16][debug] query:{"appid":"wxd46e99b7f83183e1","err_code":"ORDERNOTEXIST","err_code_des":"order not exist","mch_id":"1383580102","nonce_str":"vk3VACxKYlm9UOYU","result_code":"FAIL","return_code":"SUCCESS","return_msg":"OK","sign":"42D47911531E0A5A2100E7365BEFA445"}
