[2017-05-28 12:59:25][debug] begin notify
[2017-05-28 12:59:25][debug] call back:{"appid":"wxd46e99b7f83183e1","bank_type":"COMM_CREDIT","cash_fee":"100","fee_type":"CNY","is_subscribe":"Y","mch_id":"1383580102","nonce_str":"oihigcektw11i0zu6y2whg8zk37eo50w","openid":"ovxXWv3CHJLsugBLuDQiCAxREFtE","out_trade_no":"201705281259186517","result_code":"SUCCESS","return_code":"SUCCESS","sign":"ECA189D8A25995E93BA4C9D5C5F36A4D","time_end":"20170528125925","total_fee":"100","trade_type":"JSAPI","transaction_id":"4002902001201705283002996755"}
[2017-05-28 12:59:27][debug] begin notify
[2017-05-28 12:59:27][debug] query:{"appid":"wxd46e99b7f83183e1","err_code":"ORDERNOTEXIST","err_code_des":"order not exist","mch_id":"1383580102","nonce_str":"xoo7AEPJCLR4Qanv","result_code":"FAIL","return_code":"SUCCESS","return_msg":"OK","sign":"711B9A3A840102ECFFF22BACD168F9F5"}
[2017-05-28 12:59:28][debug] query:{"appid":"wxd46e99b7f83183e1","attach":[],"bank_type":"COMM_CREDIT","cash_fee":"100","fee_type":"CNY","is_subscribe":"Y","mch_id":"1383580102","nonce_str":"VqSC7n3e502HlgjT","openid":"ovxXWv3CHJLsugBLuDQiCAxREFtE","out_trade_no":"201705281259186517","result_code":"SUCCESS","return_code":"SUCCESS","return_msg":"OK","sign":"AC0E57C778C590FF0416172198E4F680","time_end":"20170528125925","total_fee":"100","trade_state":"SUCCESS","trade_type":"JSAPI","transaction_id":"4002902001201705283002996755"}
[2017-05-28 12:59:41][debug] begin notify
[2017-05-28 12:59:41][debug] call back:{"appid":"wxd46e99b7f83183e1","bank_type":"COMM_CREDIT","cash_fee":"100","fee_type":"CNY","is_subscribe":"Y","mch_id":"1383580102","nonce_str":"oihigcektw11i0zu6y2whg8zk37eo50w","openid":"ovxXWv3CHJLsugBLuDQiCAxREFtE","out_trade_no":"201705281259186517","result_code":"SUCCESS","return_code":"SUCCESS","sign":"ECA189D8A25995E93BA4C9D5C5F36A4D","time_end":"20170528125925","total_fee":"100","trade_type":"JSAPI","transaction_id":"4002902001201705283002996755"}
[2017-05-28 12:59:43][debug] query:{"appid":"wxd46e99b7f83183e1","err_code":"ORDERNOTEXIST","err_code_des":"order not exist","mch_id":"1383580102","nonce_str":"Wwvm12lzh6L2T7xr","result_code":"FAIL","return_code":"SUCCESS","return_msg":"OK","sign":"E5139CAB77DA9A19A891BCC353B9B4D3"}
[2017-05-28 13:00:00][debug] begin notify
[2017-05-28 13:00:00][debug] call back:{"appid":"wxd46e99b7f83183e1","bank_type":"COMM_CREDIT","cash_fee":"100","fee_type":"CNY","is_subscribe":"Y","mch_id":"1383580102","nonce_str":"oihigcektw11i0zu6y2whg8zk37eo50w","openid":"ovxXWv3CHJLsugBLuDQiCAxREFtE","out_trade_no":"201705281259186517","result_code":"SUCCESS","return_code":"SUCCESS","sign":"ECA189D8A25995E93BA4C9D5C5F36A4D","time_end":"20170528125925","total_fee":"100","trade_type":"JSAPI","transaction_id":"4002902001201705283002996755"}
[2017-05-28 13:00:02][debug] query:{"appid":"wxd46e99b7f83183e1","err_code":"ORDERNOTEXIST","err_code_des":"order not exist","mch_id":"1383580102","nonce_str":"YiaD6TnL9uKds1Mw","result_code":"FAIL","return_code":"SUCCESS","return_msg":"OK","sign":"1DF0CF2CF3855306912BC07281464EF3"}
[2017-05-28 13:00:35][debug] begin notify
[2017-05-28 13:00:35][debug] call back:{"appid":"wxd46e99b7f83183e1","bank_type":"COMM_CREDIT","cash_fee":"100","fee_type":"CNY","is_subscribe":"Y","mch_id":"1383580102","nonce_str":"oihigcektw11i0zu6y2whg8zk37eo50w","openid":"ovxXWv3CHJLsugBLuDQiCAxREFtE","out_trade_no":"201705281259186517","result_code":"SUCCESS","return_code":"SUCCESS","sign":"ECA189D8A25995E93BA4C9D5C5F36A4D","time_end":"20170528125925","total_fee":"100","trade_type":"JSAPI","transaction_id":"4002902001201705283002996755"}
[2017-05-28 13:00:37][debug] query:{"appid":"wxd46e99b7f83183e1","err_code":"ORDERNOTEXIST","err_code_des":"order not exist","mch_id":"1383580102","nonce_str":"hoV2fmepIz4hXB1p","result_code":"FAIL","return_code":"SUCCESS","return_msg":"OK","sign":"00057F05BF607BBD230B66D7A922C25C"}
[2017-05-28 13:03:39][debug] begin notify
[2017-05-28 13:03:39][debug] call back:{"appid":"wxd46e99b7f83183e1","bank_type":"COMM_CREDIT","cash_fee":"100","fee_type":"CNY","is_subscribe":"Y","mch_id":"1383580102","nonce_str":"oihigcektw11i0zu6y2whg8zk37eo50w","openid":"ovxXWv3CHJLsugBLuDQiCAxREFtE","out_trade_no":"201705281259186517","result_code":"SUCCESS","return_code":"SUCCESS","sign":"ECA189D8A25995E93BA4C9D5C5F36A4D","time_end":"20170528125925","total_fee":"100","trade_type":"JSAPI","transaction_id":"4002902001201705283002996755"}
[2017-05-28 13:03:41][debug] query:{"appid":"wxd46e99b7f83183e1","err_code":"ORDERNOTEXIST","err_code_des":"order not exist","mch_id":"1383580102","nonce_str":"A7PYYWNdtLxBoxok","result_code":"FAIL","return_code":"SUCCESS","return_msg":"OK","sign":"4348E47E1003A44E90D114D76C45248E"}
[2017-05-28 13:33:42][debug] begin notify
[2017-05-28 13:33:42][debug] call back:{"appid":"wxd46e99b7f83183e1","bank_type":"COMM_CREDIT","cash_fee":"100","fee_type":"CNY","is_subscribe":"Y","mch_id":"1383580102","nonce_str":"oihigcektw11i0zu6y2whg8zk37eo50w","openid":"ovxXWv3CHJLsugBLuDQiCAxREFtE","out_trade_no":"201705281259186517","result_code":"SUCCESS","return_code":"SUCCESS","sign":"ECA189D8A25995E93BA4C9D5C5F36A4D","time_end":"20170528125925","total_fee":"100","trade_type":"JSAPI","transaction_id":"4002902001201705283002996755"}
[2017-05-28 13:33:43][debug] query:{"appid":"wxd46e99b7f83183e1","err_code":"ORDERNOTEXIST","err_code_des":"order not exist","mch_id":"1383580102","nonce_str":"Fm5QnLjwtDJtI6Mf","result_code":"FAIL","return_code":"SUCCESS","return_msg":"OK","sign":"FE8427C7B8FD7E30403A6AC66F324A35"}
[2017-05-28 14:03:44][debug] begin notify
[2017-05-28 14:03:44][debug] call back:{"appid":"wxd46e99b7f83183e1","bank_type":"COMM_CREDIT","cash_fee":"100","fee_type":"CNY","is_subscribe":"Y","mch_id":"1383580102","nonce_str":"oihigcektw11i0zu6y2whg8zk37eo50w","openid":"ovxXWv3CHJLsugBLuDQiCAxREFtE","out_trade_no":"201705281259186517","result_code":"SUCCESS","return_code":"SUCCESS","sign":"ECA189D8A25995E93BA4C9D5C5F36A4D","time_end":"20170528125925","total_fee":"100","trade_type":"JSAPI","transaction_id":"4002902001201705283002996755"}
[2017-05-28 14:03:46][debug] query:{"appid":"wxd46e99b7f83183e1","err_code":"ORDERNOTEXIST","err_code_des":"order not exist","mch_id":"1383580102","nonce_str":"sZ2tRnzk2t9KfT7W","result_code":"FAIL","return_code":"SUCCESS","return_msg":"OK","sign":"6694D3B52703964CC235B7E86A99530B"}
[2017-05-28 14:33:48][debug] begin notify
[2017-05-28 14:33:48][debug] call back:{"appid":"wxd46e99b7f83183e1","bank_type":"COMM_CREDIT","cash_fee":"100","fee_type":"CNY","is_subscribe":"Y","mch_id":"1383580102","nonce_str":"oihigcektw11i0zu6y2whg8zk37eo50w","openid":"ovxXWv3CHJLsugBLuDQiCAxREFtE","out_trade_no":"201705281259186517","result_code":"SUCCESS","return_code":"SUCCESS","sign":"ECA189D8A25995E93BA4C9D5C5F36A4D","time_end":"20170528125925","total_fee":"100","trade_type":"JSAPI","transaction_id":"4002902001201705283002996755"}
[2017-05-28 14:33:49][debug] query:{"appid":"wxd46e99b7f83183e1","err_code":"ORDERNOTEXIST","err_code_des":"order not exist","mch_id":"1383580102","nonce_str":"WdnQuGQVPWzQsEOJ","result_code":"FAIL","return_code":"SUCCESS","return_msg":"OK","sign":"B700D28A9CBA6F701BE88E3C85649139"}
[2017-05-28 15:03:50][debug] begin notify
[2017-05-28 15:03:50][debug] call back:{"appid":"wxd46e99b7f83183e1","bank_type":"COMM_CREDIT","cash_fee":"100","fee_type":"CNY","is_subscribe":"Y","mch_id":"1383580102","nonce_str":"oihigcektw11i0zu6y2whg8zk37eo50w","openid":"ovxXWv3CHJLsugBLuDQiCAxREFtE","out_trade_no":"201705281259186517","result_code":"SUCCESS","return_code":"SUCCESS","sign":"ECA189D8A25995E93BA4C9D5C5F36A4D","time_end":"20170528125925","total_fee":"100","trade_type":"JSAPI","transaction_id":"4002902001201705283002996755"}
[2017-05-28 15:03:50][debug] query:{"appid":"wxd46e99b7f83183e1","err_code":"ORDERNOTEXIST","err_code_des":"order not exist","mch_id":"1383580102","nonce_str":"YuZOfZt0t0KZ7WYl","result_code":"FAIL","return_code":"SUCCESS","return_msg":"OK","sign":"9E891698D4CB04EA5B1A4E10701FB37F"}
[2017-05-28 16:03:53][debug] begin notify
[2017-05-28 16:03:53][debug] call back:{"appid":"wxd46e99b7f83183e1","bank_type":"COMM_CREDIT","cash_fee":"100","fee_type":"CNY","is_subscribe":"Y","mch_id":"1383580102","nonce_str":"oihigcektw11i0zu6y2whg8zk37eo50w","openid":"ovxXWv3CHJLsugBLuDQiCAxREFtE","out_trade_no":"201705281259186517","result_code":"SUCCESS","return_code":"SUCCESS","sign":"ECA189D8A25995E93BA4C9D5C5F36A4D","time_end":"20170528125925","total_fee":"100","trade_type":"JSAPI","transaction_id":"4002902001201705283002996755"}
[2017-05-28 16:03:54][debug] query:{"appid":"wxd46e99b7f83183e1","err_code":"ORDERNOTEXIST","err_code_des":"order not exist","mch_id":"1383580102","nonce_str":"7aDMN1P44Y69nhzL","result_code":"FAIL","return_code":"SUCCESS","return_msg":"OK","sign":"DD46C3D1BDE7C93145E7F6414B3DF7EA"}
[2017-05-28 21:47:19][debug] begin notify
[2017-05-28 21:47:19][debug] call back:{"appid":"wxd46e99b7f83183e1","bank_type":"CFT","cash_fee":"100","fee_type":"CNY","is_subscribe":"Y","mch_id":"1383580102","nonce_str":"847c6y1w51q2llbnjdddlprk99zi8tci","openid":"ovxXWv5Ldfh1B4nho4C-Jz6Kgma0","out_trade_no":"201705282147066648","result_code":"SUCCESS","return_code":"SUCCESS","sign":"BBF2F6B3059FFA8682C661AEE9350954","time_end":"20170528214718","total_fee":"100","trade_type":"JSAPI","transaction_id":"4005242001201705283074217240"}
[2017-05-28 21:47:20][debug] begin notify
[2017-05-28 21:47:21][debug] query:{"appid":"wxd46e99b7f83183e1","err_code":"ORDERNOTEXIST","err_code_des":"order not exist","mch_id":"1383580102","nonce_str":"8z6oHIlmf409buoF","result_code":"FAIL","return_code":"SUCCESS","return_msg":"OK","sign":"B345583D156C721B3297CD7C6BDADC3B"}
[2017-05-28 21:47:21][debug] query:{"appid":"wxd46e99b7f83183e1","attach":[],"bank_type":"CFT","cash_fee":"100","fee_type":"CNY","is_subscribe":"Y","mch_id":"1383580102","nonce_str":"T7MV3NCkwHwrYah3","openid":"ovxXWv5Ldfh1B4nho4C-Jz6Kgma0","out_trade_no":"201705282147066648","result_code":"SUCCESS","return_code":"SUCCESS","return_msg":"OK","sign":"2850783CB0CA5706D34B065A02EA5EBA","time_end":"20170528214718","total_fee":"100","trade_state":"SUCCESS","trade_type":"JSAPI","transaction_id":"4005242001201705283074217240"}
[2017-05-28 21:47:35][debug] begin notify
[2017-05-28 21:47:35][debug] call back:{"appid":"wxd46e99b7f83183e1","bank_type":"CFT","cash_fee":"100","fee_type":"CNY","is_subscribe":"Y","mch_id":"1383580102","nonce_str":"847c6y1w51q2llbnjdddlprk99zi8tci","openid":"ovxXWv5Ldfh1B4nho4C-Jz6Kgma0","out_trade_no":"201705282147066648","result_code":"SUCCESS","return_code":"SUCCESS","sign":"BBF2F6B3059FFA8682C661AEE9350954","time_end":"20170528214718","total_fee":"100","trade_type":"JSAPI","transaction_id":"4005242001201705283074217240"}
[2017-05-28 21:47:36][debug] query:{"appid":"wxd46e99b7f83183e1","err_code":"ORDERNOTEXIST","err_code_des":"order not exist","mch_id":"1383580102","nonce_str":"vltVFccTX62woNuh","result_code":"FAIL","return_code":"SUCCESS","return_msg":"OK","sign":"B83485D235718C3DC88BF4A38F19868B"}
[2017-05-28 21:47:53][debug] begin notify
[2017-05-28 21:47:53][debug] call back:{"appid":"wxd46e99b7f83183e1","bank_type":"CFT","cash_fee":"100","fee_type":"CNY","is_subscribe":"Y","mch_id":"1383580102","nonce_str":"847c6y1w51q2llbnjdddlprk99zi8tci","openid":"ovxXWv5Ldfh1B4nho4C-Jz6Kgma0","out_trade_no":"201705282147066648","result_code":"SUCCESS","return_code":"SUCCESS","sign":"BBF2F6B3059FFA8682C661AEE9350954","time_end":"20170528214718","total_fee":"100","trade_type":"JSAPI","transaction_id":"4005242001201705283074217240"}
[2017-05-28 21:47:55][debug] query:{"appid":"wxd46e99b7f83183e1","err_code":"ORDERNOTEXIST","err_code_des":"order not exist","mch_id":"1383580102","nonce_str":"uonUO1FMFRNGYuPR","result_code":"FAIL","return_code":"SUCCESS","return_msg":"OK","sign":"5CD69316DA0E5328914F56E2F9E798A6"}
[2017-05-28 21:48:27][debug] begin notify
[2017-05-28 21:48:27][debug] call back:{"appid":"wxd46e99b7f83183e1","bank_type":"CFT","cash_fee":"100","fee_type":"CNY","is_subscribe":"Y","mch_id":"1383580102","nonce_str":"847c6y1w51q2llbnjdddlprk99zi8tci","openid":"ovxXWv5Ldfh1B4nho4C-Jz6Kgma0","out_trade_no":"201705282147066648","result_code":"SUCCESS","return_code":"SUCCESS","sign":"BBF2F6B3059FFA8682C661AEE9350954","time_end":"20170528214718","total_fee":"100","trade_type":"JSAPI","transaction_id":"4005242001201705283074217240"}
[2017-05-28 21:48:28][debug] query:{"appid":"wxd46e99b7f83183e1","err_code":"ORDERNOTEXIST","err_code_des":"order not exist","mch_id":"1383580102","nonce_str":"CcPL3dVyrHPus3Lt","result_code":"FAIL","return_code":"SUCCESS","return_msg":"OK","sign":"12999F69D66E532134A8BEEC56AFA970"}
[2017-05-28 21:51:31][debug] begin notify
[2017-05-28 21:51:31][debug] call back:{"appid":"wxd46e99b7f83183e1","bank_type":"CFT","cash_fee":"100","fee_type":"CNY","is_subscribe":"Y","mch_id":"1383580102","nonce_str":"847c6y1w51q2llbnjdddlprk99zi8tci","openid":"ovxXWv5Ldfh1B4nho4C-Jz6Kgma0","out_trade_no":"201705282147066648","result_code":"SUCCESS","return_code":"SUCCESS","sign":"BBF2F6B3059FFA8682C661AEE9350954","time_end":"20170528214718","total_fee":"100","trade_type":"JSAPI","transaction_id":"4005242001201705283074217240"}
[2017-05-28 21:51:32][debug] query:{"appid":"wxd46e99b7f83183e1","err_code":"ORDERNOTEXIST","err_code_des":"order not exist","mch_id":"1383580102","nonce_str":"pd7FLOoBnWLgHHrx","result_code":"FAIL","return_code":"SUCCESS","return_msg":"OK","sign":"C90EB62AC02E14DA91047870383780D0"}
[2017-05-28 22:21:33][debug] begin notify
[2017-05-28 22:21:33][debug] call back:{"appid":"wxd46e99b7f83183e1","bank_type":"CFT","cash_fee":"100","fee_type":"CNY","is_subscribe":"Y","mch_id":"1383580102","nonce_str":"847c6y1w51q2llbnjdddlprk99zi8tci","openid":"ovxXWv5Ldfh1B4nho4C-Jz6Kgma0","out_trade_no":"201705282147066648","result_code":"SUCCESS","return_code":"SUCCESS","sign":"BBF2F6B3059FFA8682C661AEE9350954","time_end":"20170528214718","total_fee":"100","trade_type":"JSAPI","transaction_id":"4005242001201705283074217240"}
[2017-05-28 22:21:35][debug] query:{"appid":"wxd46e99b7f83183e1","err_code":"ORDERNOTEXIST","err_code_des":"order not exist","mch_id":"1383580102","nonce_str":"v2z8QlrHZRLshtDQ","result_code":"FAIL","return_code":"SUCCESS","return_msg":"OK","sign":"72144F464D2E319C30379FD8803F40AB"}
[2017-05-28 22:51:36][debug] begin notify
[2017-05-28 22:51:36][debug] call back:{"appid":"wxd46e99b7f83183e1","bank_type":"CFT","cash_fee":"100","fee_type":"CNY","is_subscribe":"Y","mch_id":"1383580102","nonce_str":"847c6y1w51q2llbnjdddlprk99zi8tci","openid":"ovxXWv5Ldfh1B4nho4C-Jz6Kgma0","out_trade_no":"201705282147066648","result_code":"SUCCESS","return_code":"SUCCESS","sign":"BBF2F6B3059FFA8682C661AEE9350954","time_end":"20170528214718","total_fee":"100","trade_type":"JSAPI","transaction_id":"4005242001201705283074217240"}
[2017-05-28 22:51:38][debug] query:{"appid":"wxd46e99b7f83183e1","err_code":"ORDERNOTEXIST","err_code_des":"order not exist","mch_id":"1383580102","nonce_str":"DhYQFuV1ibcLWrhv","result_code":"FAIL","return_code":"SUCCESS","return_msg":"OK","sign":"E5F8A979F731BC0480499346EFCA1AC3"}
[2017-05-28 23:21:40][debug] begin notify
[2017-05-28 23:21:40][debug] call back:{"appid":"wxd46e99b7f83183e1","bank_type":"CFT","cash_fee":"100","fee_type":"CNY","is_subscribe":"Y","mch_id":"1383580102","nonce_str":"847c6y1w51q2llbnjdddlprk99zi8tci","openid":"ovxXWv5Ldfh1B4nho4C-Jz6Kgma0","out_trade_no":"201705282147066648","result_code":"SUCCESS","return_code":"SUCCESS","sign":"BBF2F6B3059FFA8682C661AEE9350954","time_end":"20170528214718","total_fee":"100","trade_type":"JSAPI","transaction_id":"4005242001201705283074217240"}
[2017-05-28 23:21:41][debug] query:{"appid":"wxd46e99b7f83183e1","err_code":"ORDERNOTEXIST","err_code_des":"order not exist","mch_id":"1383580102","nonce_str":"g1uC0hTlfqklQl2v","result_code":"FAIL","return_code":"SUCCESS","return_msg":"OK","sign":"4F304A7ACAE5EA44411F128AB58B4607"}
[2017-05-28 23:51:43][debug] begin notify
[2017-05-28 23:51:43][debug] call back:{"appid":"wxd46e99b7f83183e1","bank_type":"CFT","cash_fee":"100","fee_type":"CNY","is_subscribe":"Y","mch_id":"1383580102","nonce_str":"847c6y1w51q2llbnjdddlprk99zi8tci","openid":"ovxXWv5Ldfh1B4nho4C-Jz6Kgma0","out_trade_no":"201705282147066648","result_code":"SUCCESS","return_code":"SUCCESS","sign":"BBF2F6B3059FFA8682C661AEE9350954","time_end":"20170528214718","total_fee":"100","trade_type":"JSAPI","transaction_id":"4005242001201705283074217240"}
[2017-05-28 23:51:45][debug] query:{"appid":"wxd46e99b7f83183e1","err_code":"ORDERNOTEXIST","err_code_des":"order not exist","mch_id":"1383580102","nonce_str":"mHYNQwFYj9DHgRW3","result_code":"FAIL","return_code":"SUCCESS","return_msg":"OK","sign":"C7DC34E7E0DB905825ACB12DB64E5988"}
