[2017-06-29 14:54:19][debug] begin notify
[2017-06-29 14:54:19][debug] call back:{"appid":"wxd46e99b7f83183e1","bank_type":"CFT","cash_fee":"1","fee_type":"CNY","is_subscribe":"Y","mch_id":"1383580102","nonce_str":"yeagdvomuwkrvtk8us0x7mtty1jlyacj","openid":"ovxXWv5Ldfh1B4nho4C-Jz6Kgma0","out_trade_no":"201706291454109422","result_code":"SUCCESS","return_code":"SUCCESS","sign":"247E2202E0A0A2B3DC3BD69DA4A70E3B","time_end":"20170629145419","total_fee":"1","trade_type":"JSAPI","transaction_id":"4005242001201706297973520931"}
[2017-06-29 14:54:20][debug] query:{"appid":"wxd46e99b7f83183e1","err_code":"ORDERNOTEXIST","err_code_des":"order not exist","mch_id":"1383580102","nonce_str":"suxHtoRvWddJrQjN","result_code":"FAIL","return_code":"SUCCESS","return_msg":"OK","sign":"3E077C495E3F8C1CC0EE98CD2C816856"}
[2017-06-29 14:54:21][debug] begin notify
[2017-06-29 14:54:21][debug] query:{"appid":"wxd46e99b7f83183e1","attach":[],"bank_type":"CFT","cash_fee":"1","fee_type":"CNY","is_subscribe":"Y","mch_id":"1383580102","nonce_str":"FCjOXAThwVvRFPj7","openid":"ovxXWv5Ldfh1B4nho4C-Jz6Kgma0","out_trade_no":"201706291454109422","result_code":"SUCCESS","return_code":"SUCCESS","return_msg":"OK","sign":"CB6A91B25E3DF45859C38E2D74130F3B","time_end":"20170629145419","total_fee":"1","trade_state":"SUCCESS","trade_type":"JSAPI","transaction_id":"4005242001201706297973520931"}
[2017-06-29 14:54:31][debug] begin notify
[2017-06-29 14:54:31][debug] call back:{"appid":"wxd46e99b7f83183e1","bank_type":"CFT","cash_fee":"1","fee_type":"CNY","is_subscribe":"Y","mch_id":"1383580102","nonce_str":"yeagdvomuwkrvtk8us0x7mtty1jlyacj","openid":"ovxXWv5Ldfh1B4nho4C-Jz6Kgma0","out_trade_no":"201706291454109422","result_code":"SUCCESS","return_code":"SUCCESS","sign":"247E2202E0A0A2B3DC3BD69DA4A70E3B","time_end":"20170629145419","total_fee":"1","trade_type":"JSAPI","transaction_id":"4005242001201706297973520931"}
[2017-06-29 14:54:31][debug] query:{"appid":"wxd46e99b7f83183e1","err_code":"ORDERNOTEXIST","err_code_des":"order not exist","mch_id":"1383580102","nonce_str":"taPk76jB5yvgpvm5","result_code":"FAIL","return_code":"SUCCESS","return_msg":"OK","sign":"3BB67ED98D9B1694B18CFDEBC82FEA62"}
[2017-06-29 14:54:48][debug] begin notify
[2017-06-29 14:54:48][debug] call back:{"appid":"wxd46e99b7f83183e1","bank_type":"CFT","cash_fee":"1","fee_type":"CNY","is_subscribe":"Y","mch_id":"1383580102","nonce_str":"yeagdvomuwkrvtk8us0x7mtty1jlyacj","openid":"ovxXWv5Ldfh1B4nho4C-Jz6Kgma0","out_trade_no":"201706291454109422","result_code":"SUCCESS","return_code":"SUCCESS","sign":"247E2202E0A0A2B3DC3BD69DA4A70E3B","time_end":"20170629145419","total_fee":"1","trade_type":"JSAPI","transaction_id":"4005242001201706297973520931"}
[2017-06-29 14:54:48][debug] query:{"appid":"wxd46e99b7f83183e1","err_code":"ORDERNOTEXIST","err_code_des":"order not exist","mch_id":"1383580102","nonce_str":"jZ0pXbvMn7jXBEzS","result_code":"FAIL","return_code":"SUCCESS","return_msg":"OK","sign":"F2E1FE6F7ABF21B046C8A238BAB399EE"}
[2017-06-29 14:55:21][debug] begin notify
[2017-06-29 14:55:21][debug] call back:{"appid":"wxd46e99b7f83183e1","bank_type":"CFT","cash_fee":"1","fee_type":"CNY","is_subscribe":"Y","mch_id":"1383580102","nonce_str":"yeagdvomuwkrvtk8us0x7mtty1jlyacj","openid":"ovxXWv5Ldfh1B4nho4C-Jz6Kgma0","out_trade_no":"201706291454109422","result_code":"SUCCESS","return_code":"SUCCESS","sign":"247E2202E0A0A2B3DC3BD69DA4A70E3B","time_end":"20170629145419","total_fee":"1","trade_type":"JSAPI","transaction_id":"4005242001201706297973520931"}
[2017-06-29 14:55:21][debug] query:{"appid":"wxd46e99b7f83183e1","err_code":"ORDERNOTEXIST","err_code_des":"order not exist","mch_id":"1383580102","nonce_str":"3s8Uuvp6o93w0L96","result_code":"FAIL","return_code":"SUCCESS","return_msg":"OK","sign":"FDBF7D180A8EB4DF62A834D01D3B9540"}
[2017-06-29 14:58:23][debug] begin notify
[2017-06-29 14:58:23][debug] call back:{"appid":"wxd46e99b7f83183e1","bank_type":"CFT","cash_fee":"1","fee_type":"CNY","is_subscribe":"Y","mch_id":"1383580102","nonce_str":"yeagdvomuwkrvtk8us0x7mtty1jlyacj","openid":"ovxXWv5Ldfh1B4nho4C-Jz6Kgma0","out_trade_no":"201706291454109422","result_code":"SUCCESS","return_code":"SUCCESS","sign":"247E2202E0A0A2B3DC3BD69DA4A70E3B","time_end":"20170629145419","total_fee":"1","trade_type":"JSAPI","transaction_id":"4005242001201706297973520931"}
[2017-06-29 14:58:24][debug] query:{"appid":"wxd46e99b7f83183e1","err_code":"ORDERNOTEXIST","err_code_des":"order not exist","mch_id":"1383580102","nonce_str":"RvwRpKjF32k8AtTi","result_code":"FAIL","return_code":"SUCCESS","return_msg":"OK","sign":"2D41E0CF13DD4CF2AB86A84242BAC828"}
[2017-06-29 15:28:26][debug] begin notify
[2017-06-29 15:28:26][debug] call back:{"appid":"wxd46e99b7f83183e1","bank_type":"CFT","cash_fee":"1","fee_type":"CNY","is_subscribe":"Y","mch_id":"1383580102","nonce_str":"yeagdvomuwkrvtk8us0x7mtty1jlyacj","openid":"ovxXWv5Ldfh1B4nho4C-Jz6Kgma0","out_trade_no":"201706291454109422","result_code":"SUCCESS","return_code":"SUCCESS","sign":"247E2202E0A0A2B3DC3BD69DA4A70E3B","time_end":"20170629145419","total_fee":"1","trade_type":"JSAPI","transaction_id":"4005242001201706297973520931"}
[2017-06-29 15:28:26][debug] query:{"appid":"wxd46e99b7f83183e1","err_code":"ORDERNOTEXIST","err_code_des":"order not exist","mch_id":"1383580102","nonce_str":"qj1Wsr26X5v3jEWf","result_code":"FAIL","return_code":"SUCCESS","return_msg":"OK","sign":"383A1E13C0A023D6B6FEBC6EFE6A88DD"}
[2017-06-29 15:58:28][debug] begin notify
[2017-06-29 15:58:28][debug] call back:{"appid":"wxd46e99b7f83183e1","bank_type":"CFT","cash_fee":"1","fee_type":"CNY","is_subscribe":"Y","mch_id":"1383580102","nonce_str":"yeagdvomuwkrvtk8us0x7mtty1jlyacj","openid":"ovxXWv5Ldfh1B4nho4C-Jz6Kgma0","out_trade_no":"201706291454109422","result_code":"SUCCESS","return_code":"SUCCESS","sign":"247E2202E0A0A2B3DC3BD69DA4A70E3B","time_end":"20170629145419","total_fee":"1","trade_type":"JSAPI","transaction_id":"4005242001201706297973520931"}
[2017-06-29 15:58:28][debug] query:{"appid":"wxd46e99b7f83183e1","err_code":"ORDERNOTEXIST","err_code_des":"order not exist","mch_id":"1383580102","nonce_str":"pT4dCg8KLttfgLrL","result_code":"FAIL","return_code":"SUCCESS","return_msg":"OK","sign":"8B10B618F654EBDE1D569DE7A9C0AA1A"}
[2017-06-29 16:28:30][debug] begin notify
[2017-06-29 16:28:30][debug] call back:{"appid":"wxd46e99b7f83183e1","bank_type":"CFT","cash_fee":"1","fee_type":"CNY","is_subscribe":"Y","mch_id":"1383580102","nonce_str":"yeagdvomuwkrvtk8us0x7mtty1jlyacj","openid":"ovxXWv5Ldfh1B4nho4C-Jz6Kgma0","out_trade_no":"201706291454109422","result_code":"SUCCESS","return_code":"SUCCESS","sign":"247E2202E0A0A2B3DC3BD69DA4A70E3B","time_end":"20170629145419","total_fee":"1","trade_type":"JSAPI","transaction_id":"4005242001201706297973520931"}
[2017-06-29 16:28:30][debug] query:{"appid":"wxd46e99b7f83183e1","err_code":"ORDERNOTEXIST","err_code_des":"order not exist","mch_id":"1383580102","nonce_str":"d68ThooqQj2V4Z4P","result_code":"FAIL","return_code":"SUCCESS","return_msg":"OK","sign":"2334346DD73AFC407A8DE6D32B43B974"}
[2017-06-29 16:58:32][debug] begin notify
[2017-06-29 16:58:32][debug] call back:{"appid":"wxd46e99b7f83183e1","bank_type":"CFT","cash_fee":"1","fee_type":"CNY","is_subscribe":"Y","mch_id":"1383580102","nonce_str":"yeagdvomuwkrvtk8us0x7mtty1jlyacj","openid":"ovxXWv5Ldfh1B4nho4C-Jz6Kgma0","out_trade_no":"201706291454109422","result_code":"SUCCESS","return_code":"SUCCESS","sign":"247E2202E0A0A2B3DC3BD69DA4A70E3B","time_end":"20170629145419","total_fee":"1","trade_type":"JSAPI","transaction_id":"4005242001201706297973520931"}
[2017-06-29 16:58:32][debug] query:{"appid":"wxd46e99b7f83183e1","err_code":"ORDERNOTEXIST","err_code_des":"order not exist","mch_id":"1383580102","nonce_str":"SjjntksfQqLDpB0J","result_code":"FAIL","return_code":"SUCCESS","return_msg":"OK","sign":"CCD9E5DDE84C684EB147D0C15D2AFF19"}
[2017-06-29 17:58:34][debug] begin notify
[2017-06-29 17:58:34][debug] call back:{"appid":"wxd46e99b7f83183e1","bank_type":"CFT","cash_fee":"1","fee_type":"CNY","is_subscribe":"Y","mch_id":"1383580102","nonce_str":"yeagdvomuwkrvtk8us0x7mtty1jlyacj","openid":"ovxXWv5Ldfh1B4nho4C-Jz6Kgma0","out_trade_no":"201706291454109422","result_code":"SUCCESS","return_code":"SUCCESS","sign":"247E2202E0A0A2B3DC3BD69DA4A70E3B","time_end":"20170629145419","total_fee":"1","trade_type":"JSAPI","transaction_id":"4005242001201706297973520931"}
[2017-06-29 17:58:34][debug] query:{"appid":"wxd46e99b7f83183e1","err_code":"ORDERNOTEXIST","err_code_des":"order not exist","mch_id":"1383580102","nonce_str":"nQ8ZNNPYZd92IGJ3","result_code":"FAIL","return_code":"SUCCESS","return_msg":"OK","sign":"6EF49DB45792E9760309CF5A6B4F52B1"}
[2017-06-29 18:04:33][debug] begin notify
[2017-06-29 18:04:33][debug] call back:{"appid":"wxd46e99b7f83183e1","bank_type":"CFT","cash_fee":"1","fee_type":"CNY","is_subscribe":"Y","mch_id":"1383580102","nonce_str":"hdvji331meazqcfau76hnqduehffnd41","openid":"ovxXWv5Ldfh1B4nho4C-Jz6Kgma0","out_trade_no":"2017062918045215","result_code":"SUCCESS","return_code":"SUCCESS","sign":"DB5A9E797C55F40DEFC09D594F3756E6","time_end":"20170629180433","total_fee":"1","trade_type":"JSAPI","transaction_id":"4005242001201706297998072834"}
[2017-06-29 18:04:33][debug] query:{"appid":"wxd46e99b7f83183e1","err_code":"ORDERNOTEXIST","err_code_des":"order not exist","mch_id":"1383580102","nonce_str":"ir2MGS3x24baliuF","result_code":"FAIL","return_code":"SUCCESS","return_msg":"OK","sign":"1ADC980761672D0D9081FDE9866FE45B"}
[2017-06-29 18:04:38][debug] begin notify
[2017-06-29 18:04:38][debug] query:{"appid":"wxd46e99b7f83183e1","attach":[],"bank_type":"CFT","cash_fee":"1","fee_type":"CNY","is_subscribe":"Y","mch_id":"1383580102","nonce_str":"tySllpM7FNlWGMp3","openid":"ovxXWv5Ldfh1B4nho4C-Jz6Kgma0","out_trade_no":"2017062918045215","result_code":"SUCCESS","return_code":"SUCCESS","return_msg":"OK","sign":"A11B97F386EC59F1008AD7ABC1196499","time_end":"20170629180433","total_fee":"1","trade_state":"SUCCESS","trade_type":"JSAPI","transaction_id":"4005242001201706297998072834"}
[2017-06-29 18:04:46][debug] begin notify
[2017-06-29 18:04:46][debug] call back:{"appid":"wxd46e99b7f83183e1","bank_type":"CFT","cash_fee":"1","fee_type":"CNY","is_subscribe":"Y","mch_id":"1383580102","nonce_str":"hdvji331meazqcfau76hnqduehffnd41","openid":"ovxXWv5Ldfh1B4nho4C-Jz6Kgma0","out_trade_no":"2017062918045215","result_code":"SUCCESS","return_code":"SUCCESS","sign":"DB5A9E797C55F40DEFC09D594F3756E6","time_end":"20170629180433","total_fee":"1","trade_type":"JSAPI","transaction_id":"4005242001201706297998072834"}
[2017-06-29 18:04:46][debug] query:{"appid":"wxd46e99b7f83183e1","err_code":"ORDERNOTEXIST","err_code_des":"order not exist","mch_id":"1383580102","nonce_str":"VVjA6zh2UXIquTqW","result_code":"FAIL","return_code":"SUCCESS","return_msg":"OK","sign":"7E4C188B34D76A188474DB950DF1B865"}
[2017-06-29 18:05:03][debug] begin notify
[2017-06-29 18:05:03][debug] call back:{"appid":"wxd46e99b7f83183e1","bank_type":"CFT","cash_fee":"1","fee_type":"CNY","is_subscribe":"Y","mch_id":"1383580102","nonce_str":"hdvji331meazqcfau76hnqduehffnd41","openid":"ovxXWv5Ldfh1B4nho4C-Jz6Kgma0","out_trade_no":"2017062918045215","result_code":"SUCCESS","return_code":"SUCCESS","sign":"DB5A9E797C55F40DEFC09D594F3756E6","time_end":"20170629180433","total_fee":"1","trade_type":"JSAPI","transaction_id":"4005242001201706297998072834"}
[2017-06-29 18:05:03][debug] query:{"appid":"wxd46e99b7f83183e1","err_code":"ORDERNOTEXIST","err_code_des":"order not exist","mch_id":"1383580102","nonce_str":"LnBDNI39vNiKrpLs","result_code":"FAIL","return_code":"SUCCESS","return_msg":"OK","sign":"0410FAD6EE217A65A2CE195BAAD66CB9"}
[2017-06-29 18:05:35][debug] begin notify
[2017-06-29 18:05:35][debug] call back:{"appid":"wxd46e99b7f83183e1","bank_type":"CFT","cash_fee":"1","fee_type":"CNY","is_subscribe":"Y","mch_id":"1383580102","nonce_str":"hdvji331meazqcfau76hnqduehffnd41","openid":"ovxXWv5Ldfh1B4nho4C-Jz6Kgma0","out_trade_no":"2017062918045215","result_code":"SUCCESS","return_code":"SUCCESS","sign":"DB5A9E797C55F40DEFC09D594F3756E6","time_end":"20170629180433","total_fee":"1","trade_type":"JSAPI","transaction_id":"4005242001201706297998072834"}
[2017-06-29 18:05:35][debug] query:{"appid":"wxd46e99b7f83183e1","err_code":"ORDERNOTEXIST","err_code_des":"order not exist","mch_id":"1383580102","nonce_str":"EBmyIqNYA7fn9WWL","result_code":"FAIL","return_code":"SUCCESS","return_msg":"OK","sign":"7FC9285A2EEBE01AE97F1B2EEF4C677E"}
[2017-06-29 18:08:37][debug] begin notify
[2017-06-29 18:08:37][debug] call back:{"appid":"wxd46e99b7f83183e1","bank_type":"CFT","cash_fee":"1","fee_type":"CNY","is_subscribe":"Y","mch_id":"1383580102","nonce_str":"hdvji331meazqcfau76hnqduehffnd41","openid":"ovxXWv5Ldfh1B4nho4C-Jz6Kgma0","out_trade_no":"2017062918045215","result_code":"SUCCESS","return_code":"SUCCESS","sign":"DB5A9E797C55F40DEFC09D594F3756E6","time_end":"20170629180433","total_fee":"1","trade_type":"JSAPI","transaction_id":"4005242001201706297998072834"}
[2017-06-29 18:08:37][debug] query:{"appid":"wxd46e99b7f83183e1","err_code":"ORDERNOTEXIST","err_code_des":"order not exist","mch_id":"1383580102","nonce_str":"28CXNVpvgEv4ACnm","result_code":"FAIL","return_code":"SUCCESS","return_msg":"OK","sign":"663431E18EF3C3780CDC67DC504F965B"}
[2017-06-29 18:38:38][debug] begin notify
[2017-06-29 18:38:38][debug] call back:{"appid":"wxd46e99b7f83183e1","bank_type":"CFT","cash_fee":"1","fee_type":"CNY","is_subscribe":"Y","mch_id":"1383580102","nonce_str":"hdvji331meazqcfau76hnqduehffnd41","openid":"ovxXWv5Ldfh1B4nho4C-Jz6Kgma0","out_trade_no":"2017062918045215","result_code":"SUCCESS","return_code":"SUCCESS","sign":"DB5A9E797C55F40DEFC09D594F3756E6","time_end":"20170629180433","total_fee":"1","trade_type":"JSAPI","transaction_id":"4005242001201706297998072834"}
[2017-06-29 18:38:39][debug] query:{"appid":"wxd46e99b7f83183e1","err_code":"ORDERNOTEXIST","err_code_des":"order not exist","mch_id":"1383580102","nonce_str":"6TIAd6eBYuxnw3IE","result_code":"FAIL","return_code":"SUCCESS","return_msg":"OK","sign":"4931EC2C813FD195919D82C1904BE738"}
[2017-06-29 19:08:41][debug] begin notify
[2017-06-29 19:08:41][debug] call back:{"appid":"wxd46e99b7f83183e1","bank_type":"CFT","cash_fee":"1","fee_type":"CNY","is_subscribe":"Y","mch_id":"1383580102","nonce_str":"hdvji331meazqcfau76hnqduehffnd41","openid":"ovxXWv5Ldfh1B4nho4C-Jz6Kgma0","out_trade_no":"2017062918045215","result_code":"SUCCESS","return_code":"SUCCESS","sign":"DB5A9E797C55F40DEFC09D594F3756E6","time_end":"20170629180433","total_fee":"1","trade_type":"JSAPI","transaction_id":"4005242001201706297998072834"}
[2017-06-29 19:08:41][debug] query:{"appid":"wxd46e99b7f83183e1","err_code":"ORDERNOTEXIST","err_code_des":"order not exist","mch_id":"1383580102","nonce_str":"3grbklBrOVZhxbDw","result_code":"FAIL","return_code":"SUCCESS","return_msg":"OK","sign":"A16CF51D75B2666F8EC73266127D26E1"}
[2017-06-29 19:38:43][debug] begin notify
[2017-06-29 19:38:43][debug] call back:{"appid":"wxd46e99b7f83183e1","bank_type":"CFT","cash_fee":"1","fee_type":"CNY","is_subscribe":"Y","mch_id":"1383580102","nonce_str":"hdvji331meazqcfau76hnqduehffnd41","openid":"ovxXWv5Ldfh1B4nho4C-Jz6Kgma0","out_trade_no":"2017062918045215","result_code":"SUCCESS","return_code":"SUCCESS","sign":"DB5A9E797C55F40DEFC09D594F3756E6","time_end":"20170629180433","total_fee":"1","trade_type":"JSAPI","transaction_id":"4005242001201706297998072834"}
[2017-06-29 19:38:43][debug] query:{"appid":"wxd46e99b7f83183e1","err_code":"ORDERNOTEXIST","err_code_des":"order not exist","mch_id":"1383580102","nonce_str":"P2lSdUFk3QrrfGPq","result_code":"FAIL","return_code":"SUCCESS","return_msg":"OK","sign":"BB24756872DB23BB11F563720B9B0B78"}
[2017-06-29 20:08:46][debug] begin notify
[2017-06-29 20:08:46][debug] call back:{"appid":"wxd46e99b7f83183e1","bank_type":"CFT","cash_fee":"1","fee_type":"CNY","is_subscribe":"Y","mch_id":"1383580102","nonce_str":"hdvji331meazqcfau76hnqduehffnd41","openid":"ovxXWv5Ldfh1B4nho4C-Jz6Kgma0","out_trade_no":"2017062918045215","result_code":"SUCCESS","return_code":"SUCCESS","sign":"DB5A9E797C55F40DEFC09D594F3756E6","time_end":"20170629180433","total_fee":"1","trade_type":"JSAPI","transaction_id":"4005242001201706297998072834"}
[2017-06-29 20:08:46][debug] query:{"appid":"wxd46e99b7f83183e1","err_code":"ORDERNOTEXIST","err_code_des":"order not exist","mch_id":"1383580102","nonce_str":"C1ygKONCb0RVtSUq","result_code":"FAIL","return_code":"SUCCESS","return_msg":"OK","sign":"9E6CFD43DEE20340CE232A73F3653FDA"}
[2017-06-29 21:08:49][debug] begin notify
[2017-06-29 21:08:49][debug] call back:{"appid":"wxd46e99b7f83183e1","bank_type":"CFT","cash_fee":"1","fee_type":"CNY","is_subscribe":"Y","mch_id":"1383580102","nonce_str":"hdvji331meazqcfau76hnqduehffnd41","openid":"ovxXWv5Ldfh1B4nho4C-Jz6Kgma0","out_trade_no":"2017062918045215","result_code":"SUCCESS","return_code":"SUCCESS","sign":"DB5A9E797C55F40DEFC09D594F3756E6","time_end":"20170629180433","total_fee":"1","trade_type":"JSAPI","transaction_id":"4005242001201706297998072834"}
[2017-06-29 21:08:49][debug] query:{"appid":"wxd46e99b7f83183e1","err_code":"ORDERNOTEXIST","err_code_des":"order not exist","mch_id":"1383580102","nonce_str":"KTxmLPEpIkCjZSkf","result_code":"FAIL","return_code":"SUCCESS","return_msg":"OK","sign":"5521819D7846C5350D533561141482B7"}
