[2017-06-02 09:49:13][debug] begin notify
[2017-06-02 09:49:13][debug] call back:{"appid":"wxd46e99b7f83183e1","bank_type":"COMM_CREDIT","cash_fee":"100","fee_type":"CNY","is_subscribe":"Y","mch_id":"1383580102","nonce_str":"uw2wg1d5g0i1my4zfj01rml513f362jq","openid":"ovxXWv3CHJLsugBLuDQiCAxREFtE","out_trade_no":"201706020949076554","result_code":"SUCCESS","return_code":"SUCCESS","sign":"43B6168DCB1FCC3300A9BA4B1977CBB1","time_end":"20170602094912","total_fee":"100","trade_type":"JSAPI","transaction_id":"4002902001201706023836849866"}
[2017-06-02 09:49:14][debug] begin notify
[2017-06-02 09:49:14][debug] query:{"appid":"wxd46e99b7f83183e1","attach":[],"bank_type":"COMM_CREDIT","cash_fee":"100","fee_type":"CNY","is_subscribe":"Y","mch_id":"1383580102","nonce_str":"bxDu3ecGjw3vy9A7","openid":"ovxXWv3CHJLsugBLuDQiCAxREFtE","out_trade_no":"201706020949076554","result_code":"SUCCESS","return_code":"SUCCESS","return_msg":"OK","sign":"6BF1A3DD66059EC7B2BAE79D24D677DF","time_end":"20170602094912","total_fee":"100","trade_state":"SUCCESS","trade_type":"JSAPI","transaction_id":"4002902001201706023836849866"}
[2017-06-02 09:49:14][debug] query:{"appid":"wxd46e99b7f83183e1","err_code":"ORDERNOTEXIST","err_code_des":"order not exist","mch_id":"1383580102","nonce_str":"3RPxol9Qeo4qoK5K","result_code":"FAIL","return_code":"SUCCESS","return_msg":"OK","sign":"E442A78476F4B352B60825004461031D"}
[2017-06-02 09:49:26][debug] begin notify
[2017-06-02 09:49:26][debug] call back:{"appid":"wxd46e99b7f83183e1","bank_type":"COMM_CREDIT","cash_fee":"100","fee_type":"CNY","is_subscribe":"Y","mch_id":"1383580102","nonce_str":"uw2wg1d5g0i1my4zfj01rml513f362jq","openid":"ovxXWv3CHJLsugBLuDQiCAxREFtE","out_trade_no":"201706020949076554","result_code":"SUCCESS","return_code":"SUCCESS","sign":"43B6168DCB1FCC3300A9BA4B1977CBB1","time_end":"20170602094912","total_fee":"100","trade_type":"JSAPI","transaction_id":"4002902001201706023836849866"}
[2017-06-02 09:49:28][debug] query:{"appid":"wxd46e99b7f83183e1","err_code":"ORDERNOTEXIST","err_code_des":"order not exist","mch_id":"1383580102","nonce_str":"HKJvFlxyKHN6uxPg","result_code":"FAIL","return_code":"SUCCESS","return_msg":"OK","sign":"D40C69F0D6250489A6EEDD4328C026B8"}
[2017-06-02 09:49:45][debug] begin notify
[2017-06-02 09:49:45][debug] call back:{"appid":"wxd46e99b7f83183e1","bank_type":"COMM_CREDIT","cash_fee":"100","fee_type":"CNY","is_subscribe":"Y","mch_id":"1383580102","nonce_str":"uw2wg1d5g0i1my4zfj01rml513f362jq","openid":"ovxXWv3CHJLsugBLuDQiCAxREFtE","out_trade_no":"201706020949076554","result_code":"SUCCESS","return_code":"SUCCESS","sign":"43B6168DCB1FCC3300A9BA4B1977CBB1","time_end":"20170602094912","total_fee":"100","trade_type":"JSAPI","transaction_id":"4002902001201706023836849866"}
[2017-06-02 09:49:45][debug] query:{"appid":"wxd46e99b7f83183e1","err_code":"ORDERNOTEXIST","err_code_des":"order not exist","mch_id":"1383580102","nonce_str":"09gnCvexhWfIXMky","result_code":"FAIL","return_code":"SUCCESS","return_msg":"OK","sign":"49558B08D1D1DFB960B7BD72ECD9BE4D"}
[2017-06-02 09:50:17][debug] begin notify
[2017-06-02 09:50:17][debug] call back:{"appid":"wxd46e99b7f83183e1","bank_type":"COMM_CREDIT","cash_fee":"100","fee_type":"CNY","is_subscribe":"Y","mch_id":"1383580102","nonce_str":"uw2wg1d5g0i1my4zfj01rml513f362jq","openid":"ovxXWv3CHJLsugBLuDQiCAxREFtE","out_trade_no":"201706020949076554","result_code":"SUCCESS","return_code":"SUCCESS","sign":"43B6168DCB1FCC3300A9BA4B1977CBB1","time_end":"20170602094912","total_fee":"100","trade_type":"JSAPI","transaction_id":"4002902001201706023836849866"}
[2017-06-02 09:50:18][debug] query:{"appid":"wxd46e99b7f83183e1","err_code":"ORDERNOTEXIST","err_code_des":"order not exist","mch_id":"1383580102","nonce_str":"dAuEv4tvDc2KNkHY","result_code":"FAIL","return_code":"SUCCESS","return_msg":"OK","sign":"6190F9955AC761824595212629B82826"}
[2017-06-02 09:53:19][debug] begin notify
[2017-06-02 09:53:19][debug] call back:{"appid":"wxd46e99b7f83183e1","bank_type":"COMM_CREDIT","cash_fee":"100","fee_type":"CNY","is_subscribe":"Y","mch_id":"1383580102","nonce_str":"uw2wg1d5g0i1my4zfj01rml513f362jq","openid":"ovxXWv3CHJLsugBLuDQiCAxREFtE","out_trade_no":"201706020949076554","result_code":"SUCCESS","return_code":"SUCCESS","sign":"43B6168DCB1FCC3300A9BA4B1977CBB1","time_end":"20170602094912","total_fee":"100","trade_type":"JSAPI","transaction_id":"4002902001201706023836849866"}
[2017-06-02 09:53:19][debug] query:{"appid":"wxd46e99b7f83183e1","err_code":"ORDERNOTEXIST","err_code_des":"order not exist","mch_id":"1383580102","nonce_str":"aqKJ8qtwa8Rqo2o2","result_code":"FAIL","return_code":"SUCCESS","return_msg":"OK","sign":"ECC7B96912F869E47A0F52F1111E6F66"}
[2017-06-02 10:23:21][debug] begin notify
[2017-06-02 10:23:21][debug] call back:{"appid":"wxd46e99b7f83183e1","bank_type":"COMM_CREDIT","cash_fee":"100","fee_type":"CNY","is_subscribe":"Y","mch_id":"1383580102","nonce_str":"uw2wg1d5g0i1my4zfj01rml513f362jq","openid":"ovxXWv3CHJLsugBLuDQiCAxREFtE","out_trade_no":"201706020949076554","result_code":"SUCCESS","return_code":"SUCCESS","sign":"43B6168DCB1FCC3300A9BA4B1977CBB1","time_end":"20170602094912","total_fee":"100","trade_type":"JSAPI","transaction_id":"4002902001201706023836849866"}
[2017-06-02 10:23:23][debug] query:{"appid":"wxd46e99b7f83183e1","err_code":"ORDERNOTEXIST","err_code_des":"order not exist","mch_id":"1383580102","nonce_str":"8QLsY381DZjKCHok","result_code":"FAIL","return_code":"SUCCESS","return_msg":"OK","sign":"F2A9D2698DC2A12D0FD6EB328EB0E2FD"}
[2017-06-02 10:53:26][debug] begin notify
[2017-06-02 10:53:26][debug] call back:{"appid":"wxd46e99b7f83183e1","bank_type":"COMM_CREDIT","cash_fee":"100","fee_type":"CNY","is_subscribe":"Y","mch_id":"1383580102","nonce_str":"uw2wg1d5g0i1my4zfj01rml513f362jq","openid":"ovxXWv3CHJLsugBLuDQiCAxREFtE","out_trade_no":"201706020949076554","result_code":"SUCCESS","return_code":"SUCCESS","sign":"43B6168DCB1FCC3300A9BA4B1977CBB1","time_end":"20170602094912","total_fee":"100","trade_type":"JSAPI","transaction_id":"4002902001201706023836849866"}
[2017-06-02 10:53:27][debug] query:{"appid":"wxd46e99b7f83183e1","err_code":"ORDERNOTEXIST","err_code_des":"order not exist","mch_id":"1383580102","nonce_str":"eUHiZEP9VAXL9wze","result_code":"FAIL","return_code":"SUCCESS","return_msg":"OK","sign":"5000068F98F55F64636711392C077486"}
[2017-06-02 11:53:31][debug] begin notify
[2017-06-02 11:53:31][debug] call back:{"appid":"wxd46e99b7f83183e1","bank_type":"COMM_CREDIT","cash_fee":"100","fee_type":"CNY","is_subscribe":"Y","mch_id":"1383580102","nonce_str":"uw2wg1d5g0i1my4zfj01rml513f362jq","openid":"ovxXWv3CHJLsugBLuDQiCAxREFtE","out_trade_no":"201706020949076554","result_code":"SUCCESS","return_code":"SUCCESS","sign":"43B6168DCB1FCC3300A9BA4B1977CBB1","time_end":"20170602094912","total_fee":"100","trade_type":"JSAPI","transaction_id":"4002902001201706023836849866"}
[2017-06-02 11:53:31][debug] query:{"appid":"wxd46e99b7f83183e1","err_code":"ORDERNOTEXIST","err_code_des":"order not exist","mch_id":"1383580102","nonce_str":"34F1Olp6Vg8H0llr","result_code":"FAIL","return_code":"SUCCESS","return_msg":"OK","sign":"FAA644335A7286607CFE0972DA192D04"}
[2017-06-02 12:53:33][debug] begin notify
[2017-06-02 12:53:33][debug] call back:{"appid":"wxd46e99b7f83183e1","bank_type":"COMM_CREDIT","cash_fee":"100","fee_type":"CNY","is_subscribe":"Y","mch_id":"1383580102","nonce_str":"uw2wg1d5g0i1my4zfj01rml513f362jq","openid":"ovxXWv3CHJLsugBLuDQiCAxREFtE","out_trade_no":"201706020949076554","result_code":"SUCCESS","return_code":"SUCCESS","sign":"43B6168DCB1FCC3300A9BA4B1977CBB1","time_end":"20170602094912","total_fee":"100","trade_type":"JSAPI","transaction_id":"4002902001201706023836849866"}
[2017-06-02 12:53:33][debug] query:{"appid":"wxd46e99b7f83183e1","err_code":"ORDERNOTEXIST","err_code_des":"order not exist","mch_id":"1383580102","nonce_str":"1p6z5XKceiSo0DWj","result_code":"FAIL","return_code":"SUCCESS","return_msg":"OK","sign":"6493CBBDA510A622D71E11457DD90A52"}
