[2017-04-15 17:47:53][debug] begin notify
[2017-04-15 17:47:53][debug] call back:{"appid":"wxd46e99b7f83183e1","bank_type":"CCB_DEBIT","cash_fee":"1","fee_type":"CNY","is_subscribe":"Y","mch_id":"1383580102","nonce_str":"vqholprxnowy35o7un8kwejl8a9bdbkq","openid":"ovxXWv5Ldfh1B4nho4C-Jz6Kgma0","out_trade_no":"201704151747431192","result_code":"SUCCESS","return_code":"SUCCESS","sign":"E1EAB57E31125F8E5272A57AAD709544","time_end":"20170415174752","total_fee":"1","trade_type":"JSAPI","transaction_id":"4005242001201704157110098431"}
[2017-04-15 17:47:54][debug] query:{"appid":"wxd46e99b7f83183e1","err_code":"ORDERNOTEXIST","err_code_des":"order not exist","mch_id":"1383580102","nonce_str":"6L1n1zQrgD6BnofN","result_code":"FAIL","return_code":"SUCCESS","return_msg":"OK","sign":"7C07ADEF6E285F5C5F6CC6B98EA1A574"}
[2017-04-15 17:47:55][debug] begin notify
[2017-04-15 17:47:57][debug] query:{"appid":"wxd46e99b7f83183e1","attach":[],"bank_type":"CCB_DEBIT","cash_fee":"1","fee_type":"CNY","is_subscribe":"Y","mch_id":"1383580102","nonce_str":"nUX4egaNAvWuDS5A","openid":"ovxXWv5Ldfh1B4nho4C-Jz6Kgma0","out_trade_no":"201704151747431192","result_code":"SUCCESS","return_code":"SUCCESS","return_msg":"OK","sign":"07EF7CB25CFCB46F0C1C062F820E559C","time_end":"20170415174752","total_fee":"1","trade_state":"SUCCESS","trade_type":"JSAPI","transaction_id":"4005242001201704157110098431"}
[2017-04-15 17:48:06][debug] begin notify
[2017-04-15 17:48:06][debug] call back:{"appid":"wxd46e99b7f83183e1","bank_type":"CCB_DEBIT","cash_fee":"1","fee_type":"CNY","is_subscribe":"Y","mch_id":"1383580102","nonce_str":"vqholprxnowy35o7un8kwejl8a9bdbkq","openid":"ovxXWv5Ldfh1B4nho4C-Jz6Kgma0","out_trade_no":"201704151747431192","result_code":"SUCCESS","return_code":"SUCCESS","sign":"E1EAB57E31125F8E5272A57AAD709544","time_end":"20170415174752","total_fee":"1","trade_type":"JSAPI","transaction_id":"4005242001201704157110098431"}
[2017-04-15 17:48:07][debug] query:{"appid":"wxd46e99b7f83183e1","err_code":"ORDERNOTEXIST","err_code_des":"order not exist","mch_id":"1383580102","nonce_str":"FxEA814w5VFUCVEK","result_code":"FAIL","return_code":"SUCCESS","return_msg":"OK","sign":"C30082C381AE5F55B93441F2169FBB10"}
[2017-04-15 17:48:23][debug] begin notify
[2017-04-15 17:48:23][debug] call back:{"appid":"wxd46e99b7f83183e1","bank_type":"CCB_DEBIT","cash_fee":"1","fee_type":"CNY","is_subscribe":"Y","mch_id":"1383580102","nonce_str":"vqholprxnowy35o7un8kwejl8a9bdbkq","openid":"ovxXWv5Ldfh1B4nho4C-Jz6Kgma0","out_trade_no":"201704151747431192","result_code":"SUCCESS","return_code":"SUCCESS","sign":"E1EAB57E31125F8E5272A57AAD709544","time_end":"20170415174752","total_fee":"1","trade_type":"JSAPI","transaction_id":"4005242001201704157110098431"}
[2017-04-15 17:48:24][debug] query:{"appid":"wxd46e99b7f83183e1","err_code":"ORDERNOTEXIST","err_code_des":"order not exist","mch_id":"1383580102","nonce_str":"FzR7rcKeLZ5CjPI7","result_code":"FAIL","return_code":"SUCCESS","return_msg":"OK","sign":"4C8B3D2676B829FFEC370EDFC500EE01"}
[2017-04-15 17:48:55][debug] begin notify
[2017-04-15 17:48:55][debug] call back:{"appid":"wxd46e99b7f83183e1","bank_type":"CCB_DEBIT","cash_fee":"1","fee_type":"CNY","is_subscribe":"Y","mch_id":"1383580102","nonce_str":"vqholprxnowy35o7un8kwejl8a9bdbkq","openid":"ovxXWv5Ldfh1B4nho4C-Jz6Kgma0","out_trade_no":"201704151747431192","result_code":"SUCCESS","return_code":"SUCCESS","sign":"E1EAB57E31125F8E5272A57AAD709544","time_end":"20170415174752","total_fee":"1","trade_type":"JSAPI","transaction_id":"4005242001201704157110098431"}
[2017-04-15 17:48:56][debug] query:{"appid":"wxd46e99b7f83183e1","err_code":"ORDERNOTEXIST","err_code_des":"order not exist","mch_id":"1383580102","nonce_str":"1ShjaV95chGhJlYy","result_code":"FAIL","return_code":"SUCCESS","return_msg":"OK","sign":"EC68DFB929A9E4E5F2A409AE1D8DBCBB"}
[2017-04-15 17:51:57][debug] begin notify
[2017-04-15 17:51:57][debug] call back:{"appid":"wxd46e99b7f83183e1","bank_type":"CCB_DEBIT","cash_fee":"1","fee_type":"CNY","is_subscribe":"Y","mch_id":"1383580102","nonce_str":"vqholprxnowy35o7un8kwejl8a9bdbkq","openid":"ovxXWv5Ldfh1B4nho4C-Jz6Kgma0","out_trade_no":"201704151747431192","result_code":"SUCCESS","return_code":"SUCCESS","sign":"E1EAB57E31125F8E5272A57AAD709544","time_end":"20170415174752","total_fee":"1","trade_type":"JSAPI","transaction_id":"4005242001201704157110098431"}
[2017-04-15 17:51:59][debug] query:{"appid":"wxd46e99b7f83183e1","err_code":"ORDERNOTEXIST","err_code_des":"order not exist","mch_id":"1383580102","nonce_str":"HK9HSlpOr8awjmrQ","result_code":"FAIL","return_code":"SUCCESS","return_msg":"OK","sign":"226A631EDD25556AF8B91B471195ABB6"}
[2017-04-15 18:22:02][debug] begin notify
[2017-04-15 18:22:02][debug] call back:{"appid":"wxd46e99b7f83183e1","bank_type":"CCB_DEBIT","cash_fee":"1","fee_type":"CNY","is_subscribe":"Y","mch_id":"1383580102","nonce_str":"vqholprxnowy35o7un8kwejl8a9bdbkq","openid":"ovxXWv5Ldfh1B4nho4C-Jz6Kgma0","out_trade_no":"201704151747431192","result_code":"SUCCESS","return_code":"SUCCESS","sign":"E1EAB57E31125F8E5272A57AAD709544","time_end":"20170415174752","total_fee":"1","trade_type":"JSAPI","transaction_id":"4005242001201704157110098431"}
[2017-04-15 18:22:03][debug] query:{"appid":"wxd46e99b7f83183e1","err_code":"ORDERNOTEXIST","err_code_des":"order not exist","mch_id":"1383580102","nonce_str":"PReW73qPrYT5sYVj","result_code":"FAIL","return_code":"SUCCESS","return_msg":"OK","sign":"1B8CFF74BA107D8056314F9BA551E65E"}
[2017-04-15 18:52:05][debug] begin notify
[2017-04-15 18:52:05][debug] call back:{"appid":"wxd46e99b7f83183e1","bank_type":"CCB_DEBIT","cash_fee":"1","fee_type":"CNY","is_subscribe":"Y","mch_id":"1383580102","nonce_str":"vqholprxnowy35o7un8kwejl8a9bdbkq","openid":"ovxXWv5Ldfh1B4nho4C-Jz6Kgma0","out_trade_no":"201704151747431192","result_code":"SUCCESS","return_code":"SUCCESS","sign":"E1EAB57E31125F8E5272A57AAD709544","time_end":"20170415174752","total_fee":"1","trade_type":"JSAPI","transaction_id":"4005242001201704157110098431"}
[2017-04-15 18:52:07][debug] query:{"appid":"wxd46e99b7f83183e1","err_code":"ORDERNOTEXIST","err_code_des":"order not exist","mch_id":"1383580102","nonce_str":"9DPTtbffJrgKj42d","result_code":"FAIL","return_code":"SUCCESS","return_msg":"OK","sign":"985A637651CFB747852D20ADE78532D3"}
[2017-04-15 19:22:10][debug] begin notify
[2017-04-15 19:22:10][debug] call back:{"appid":"wxd46e99b7f83183e1","bank_type":"CCB_DEBIT","cash_fee":"1","fee_type":"CNY","is_subscribe":"Y","mch_id":"1383580102","nonce_str":"vqholprxnowy35o7un8kwejl8a9bdbkq","openid":"ovxXWv5Ldfh1B4nho4C-Jz6Kgma0","out_trade_no":"201704151747431192","result_code":"SUCCESS","return_code":"SUCCESS","sign":"E1EAB57E31125F8E5272A57AAD709544","time_end":"20170415174752","total_fee":"1","trade_type":"JSAPI","transaction_id":"4005242001201704157110098431"}
[2017-04-15 19:22:11][debug] query:{"appid":"wxd46e99b7f83183e1","err_code":"ORDERNOTEXIST","err_code_des":"order not exist","mch_id":"1383580102","nonce_str":"MxwBw4m6FgbefBdH","result_code":"FAIL","return_code":"SUCCESS","return_msg":"OK","sign":"C87F32FAEB8D92333D3F0DF96727F538"}
[2017-04-15 19:52:14][debug] begin notify
[2017-04-15 19:52:14][debug] call back:{"appid":"wxd46e99b7f83183e1","bank_type":"CCB_DEBIT","cash_fee":"1","fee_type":"CNY","is_subscribe":"Y","mch_id":"1383580102","nonce_str":"vqholprxnowy35o7un8kwejl8a9bdbkq","openid":"ovxXWv5Ldfh1B4nho4C-Jz6Kgma0","out_trade_no":"201704151747431192","result_code":"SUCCESS","return_code":"SUCCESS","sign":"E1EAB57E31125F8E5272A57AAD709544","time_end":"20170415174752","total_fee":"1","trade_type":"JSAPI","transaction_id":"4005242001201704157110098431"}
[2017-04-15 19:52:16][debug] query:{"appid":"wxd46e99b7f83183e1","err_code":"ORDERNOTEXIST","err_code_des":"order not exist","mch_id":"1383580102","nonce_str":"IAZP7pXed6qMMzR5","result_code":"FAIL","return_code":"SUCCESS","return_msg":"OK","sign":"6F7DE121EE6270A61A5E536C9B98218C"}
[2017-04-15 20:52:18][debug] begin notify
[2017-04-15 20:52:18][debug] call back:{"appid":"wxd46e99b7f83183e1","bank_type":"CCB_DEBIT","cash_fee":"1","fee_type":"CNY","is_subscribe":"Y","mch_id":"1383580102","nonce_str":"vqholprxnowy35o7un8kwejl8a9bdbkq","openid":"ovxXWv5Ldfh1B4nho4C-Jz6Kgma0","out_trade_no":"201704151747431192","result_code":"SUCCESS","return_code":"SUCCESS","sign":"E1EAB57E31125F8E5272A57AAD709544","time_end":"20170415174752","total_fee":"1","trade_type":"JSAPI","transaction_id":"4005242001201704157110098431"}
[2017-04-15 20:52:20][debug] query:{"appid":"wxd46e99b7f83183e1","err_code":"ORDERNOTEXIST","err_code_des":"order not exist","mch_id":"1383580102","nonce_str":"wSheOQMeFkZ5Ktyr","result_code":"FAIL","return_code":"SUCCESS","return_msg":"OK","sign":"891B04C02CDF39E2A71B4A61CD88D0F2"}
