[2017-06-09 09:48:58][debug] begin notify
[2017-06-09 09:48:58][debug] call back:{"appid":"wxd46e99b7f83183e1","bank_type":"CEB_CREDIT","cash_fee":"100","fee_type":"CNY","is_subscribe":"Y","mch_id":"1383580102","nonce_str":"d7qd44g3lliawkji6zlyw887txqbq356","openid":"ovxXWv3CHJLsugBLuDQiCAxREFtE","out_trade_no":"201706090948519906","result_code":"SUCCESS","return_code":"SUCCESS","sign":"CDD648E2B014792D82E2B1F13C29AC2B","time_end":"20170609094857","total_fee":"100","trade_type":"JSAPI","transaction_id":"4002902001201706094929231761"}
[2017-06-09 09:48:58][debug] query:{"appid":"wxd46e99b7f83183e1","err_code":"ORDERNOTEXIST","err_code_des":"order not exist","mch_id":"1383580102","nonce_str":"ed4RUK0kgcSQIM9R","result_code":"FAIL","return_code":"SUCCESS","return_msg":"OK","sign":"957E4C23C2C47783E0A9B2C8183A040A"}
[2017-06-09 09:48:59][debug] begin notify
[2017-06-09 09:48:59][debug] query:{"appid":"wxd46e99b7f83183e1","attach":[],"bank_type":"CEB_CREDIT","cash_fee":"100","fee_type":"CNY","is_subscribe":"Y","mch_id":"1383580102","nonce_str":"FfIIa5bsx9lgWfVu","openid":"ovxXWv3CHJLsugBLuDQiCAxREFtE","out_trade_no":"201706090948519906","result_code":"SUCCESS","return_code":"SUCCESS","return_msg":"OK","sign":"75B58400039CF8B2FB85D2952627E9F0","time_end":"20170609094857","total_fee":"100","trade_state":"SUCCESS","trade_type":"JSAPI","transaction_id":"4002902001201706094929231761"}
[2017-06-09 09:49:09][debug] begin notify
[2017-06-09 09:49:09][debug] call back:{"appid":"wxd46e99b7f83183e1","bank_type":"CEB_CREDIT","cash_fee":"100","fee_type":"CNY","is_subscribe":"Y","mch_id":"1383580102","nonce_str":"d7qd44g3lliawkji6zlyw887txqbq356","openid":"ovxXWv3CHJLsugBLuDQiCAxREFtE","out_trade_no":"201706090948519906","result_code":"SUCCESS","return_code":"SUCCESS","sign":"CDD648E2B014792D82E2B1F13C29AC2B","time_end":"20170609094857","total_fee":"100","trade_type":"JSAPI","transaction_id":"4002902001201706094929231761"}
[2017-06-09 09:49:10][debug] query:{"appid":"wxd46e99b7f83183e1","err_code":"ORDERNOTEXIST","err_code_des":"order not exist","mch_id":"1383580102","nonce_str":"hjnVn1bx4j2Po4E5","result_code":"FAIL","return_code":"SUCCESS","return_msg":"OK","sign":"3FF737ADEAF1384D09197E1A915769DC"}
[2017-06-09 09:49:28][debug] begin notify
[2017-06-09 09:49:28][debug] call back:{"appid":"wxd46e99b7f83183e1","bank_type":"CEB_CREDIT","cash_fee":"100","fee_type":"CNY","is_subscribe":"Y","mch_id":"1383580102","nonce_str":"d7qd44g3lliawkji6zlyw887txqbq356","openid":"ovxXWv3CHJLsugBLuDQiCAxREFtE","out_trade_no":"201706090948519906","result_code":"SUCCESS","return_code":"SUCCESS","sign":"CDD648E2B014792D82E2B1F13C29AC2B","time_end":"20170609094857","total_fee":"100","trade_type":"JSAPI","transaction_id":"4002902001201706094929231761"}
[2017-06-09 09:49:28][debug] query:{"appid":"wxd46e99b7f83183e1","err_code":"ORDERNOTEXIST","err_code_des":"order not exist","mch_id":"1383580102","nonce_str":"Q217HNSeyvBEbH6c","result_code":"FAIL","return_code":"SUCCESS","return_msg":"OK","sign":"08DD2D16EDE0D40EA1354C58A2BA5FCA"}
[2017-06-09 09:50:01][debug] begin notify
[2017-06-09 09:50:01][debug] call back:{"appid":"wxd46e99b7f83183e1","bank_type":"CEB_CREDIT","cash_fee":"100","fee_type":"CNY","is_subscribe":"Y","mch_id":"1383580102","nonce_str":"d7qd44g3lliawkji6zlyw887txqbq356","openid":"ovxXWv3CHJLsugBLuDQiCAxREFtE","out_trade_no":"201706090948519906","result_code":"SUCCESS","return_code":"SUCCESS","sign":"CDD648E2B014792D82E2B1F13C29AC2B","time_end":"20170609094857","total_fee":"100","trade_type":"JSAPI","transaction_id":"4002902001201706094929231761"}
[2017-06-09 09:50:01][debug] query:{"appid":"wxd46e99b7f83183e1","err_code":"ORDERNOTEXIST","err_code_des":"order not exist","mch_id":"1383580102","nonce_str":"BiBRuPOA5ZsGv3k9","result_code":"FAIL","return_code":"SUCCESS","return_msg":"OK","sign":"E616CD649FA82E4481983FF7D8A14CA2"}
[2017-06-09 09:53:04][debug] begin notify
[2017-06-09 09:53:04][debug] call back:{"appid":"wxd46e99b7f83183e1","bank_type":"CEB_CREDIT","cash_fee":"100","fee_type":"CNY","is_subscribe":"Y","mch_id":"1383580102","nonce_str":"d7qd44g3lliawkji6zlyw887txqbq356","openid":"ovxXWv3CHJLsugBLuDQiCAxREFtE","out_trade_no":"201706090948519906","result_code":"SUCCESS","return_code":"SUCCESS","sign":"CDD648E2B014792D82E2B1F13C29AC2B","time_end":"20170609094857","total_fee":"100","trade_type":"JSAPI","transaction_id":"4002902001201706094929231761"}
[2017-06-09 09:53:04][debug] query:{"appid":"wxd46e99b7f83183e1","err_code":"ORDERNOTEXIST","err_code_des":"order not exist","mch_id":"1383580102","nonce_str":"5LlO9nyp0PKrOMFD","result_code":"FAIL","return_code":"SUCCESS","return_msg":"OK","sign":"47A815FAFB21E26C92F83119823A15F4"}
[2017-06-09 10:23:06][debug] begin notify
[2017-06-09 10:23:06][debug] call back:{"appid":"wxd46e99b7f83183e1","bank_type":"CEB_CREDIT","cash_fee":"100","fee_type":"CNY","is_subscribe":"Y","mch_id":"1383580102","nonce_str":"d7qd44g3lliawkji6zlyw887txqbq356","openid":"ovxXWv3CHJLsugBLuDQiCAxREFtE","out_trade_no":"201706090948519906","result_code":"SUCCESS","return_code":"SUCCESS","sign":"CDD648E2B014792D82E2B1F13C29AC2B","time_end":"20170609094857","total_fee":"100","trade_type":"JSAPI","transaction_id":"4002902001201706094929231761"}
[2017-06-09 10:23:06][debug] query:{"appid":"wxd46e99b7f83183e1","err_code":"ORDERNOTEXIST","err_code_des":"order not exist","mch_id":"1383580102","nonce_str":"9s4dReH2k3J4Uouh","result_code":"FAIL","return_code":"SUCCESS","return_msg":"OK","sign":"35AE0AAA436E1089EFF7589B7AB08592"}
[2017-06-09 10:53:08][debug] begin notify
[2017-06-09 10:53:08][debug] call back:{"appid":"wxd46e99b7f83183e1","bank_type":"CEB_CREDIT","cash_fee":"100","fee_type":"CNY","is_subscribe":"Y","mch_id":"1383580102","nonce_str":"d7qd44g3lliawkji6zlyw887txqbq356","openid":"ovxXWv3CHJLsugBLuDQiCAxREFtE","out_trade_no":"201706090948519906","result_code":"SUCCESS","return_code":"SUCCESS","sign":"CDD648E2B014792D82E2B1F13C29AC2B","time_end":"20170609094857","total_fee":"100","trade_type":"JSAPI","transaction_id":"4002902001201706094929231761"}
[2017-06-09 10:53:08][debug] query:{"appid":"wxd46e99b7f83183e1","err_code":"ORDERNOTEXIST","err_code_des":"order not exist","mch_id":"1383580102","nonce_str":"I0bctrkZBZia3jKu","result_code":"FAIL","return_code":"SUCCESS","return_msg":"OK","sign":"8D1A50BEFAE0A7D5FB73CF39DE173A6C"}
[2017-06-09 11:23:10][debug] begin notify
[2017-06-09 11:23:10][debug] call back:{"appid":"wxd46e99b7f83183e1","bank_type":"CEB_CREDIT","cash_fee":"100","fee_type":"CNY","is_subscribe":"Y","mch_id":"1383580102","nonce_str":"d7qd44g3lliawkji6zlyw887txqbq356","openid":"ovxXWv3CHJLsugBLuDQiCAxREFtE","out_trade_no":"201706090948519906","result_code":"SUCCESS","return_code":"SUCCESS","sign":"CDD648E2B014792D82E2B1F13C29AC2B","time_end":"20170609094857","total_fee":"100","trade_type":"JSAPI","transaction_id":"4002902001201706094929231761"}
[2017-06-09 11:23:10][debug] query:{"appid":"wxd46e99b7f83183e1","err_code":"ORDERNOTEXIST","err_code_des":"order not exist","mch_id":"1383580102","nonce_str":"sC1NwYR1sZskKNiX","result_code":"FAIL","return_code":"SUCCESS","return_msg":"OK","sign":"AD913C3F580EAE52A653C2A3720266E5"}
[2017-06-09 11:53:13][debug] begin notify
[2017-06-09 11:53:13][debug] call back:{"appid":"wxd46e99b7f83183e1","bank_type":"CEB_CREDIT","cash_fee":"100","fee_type":"CNY","is_subscribe":"Y","mch_id":"1383580102","nonce_str":"d7qd44g3lliawkji6zlyw887txqbq356","openid":"ovxXWv3CHJLsugBLuDQiCAxREFtE","out_trade_no":"201706090948519906","result_code":"SUCCESS","return_code":"SUCCESS","sign":"CDD648E2B014792D82E2B1F13C29AC2B","time_end":"20170609094857","total_fee":"100","trade_type":"JSAPI","transaction_id":"4002902001201706094929231761"}
[2017-06-09 11:53:13][debug] query:{"appid":"wxd46e99b7f83183e1","err_code":"ORDERNOTEXIST","err_code_des":"order not exist","mch_id":"1383580102","nonce_str":"13fESaE7O767C48g","result_code":"FAIL","return_code":"SUCCESS","return_msg":"OK","sign":"04DA599E1F7941BE4183B0682B942CAC"}
[2017-06-09 12:53:16][debug] begin notify
[2017-06-09 12:53:16][debug] call back:{"appid":"wxd46e99b7f83183e1","bank_type":"CEB_CREDIT","cash_fee":"100","fee_type":"CNY","is_subscribe":"Y","mch_id":"1383580102","nonce_str":"d7qd44g3lliawkji6zlyw887txqbq356","openid":"ovxXWv3CHJLsugBLuDQiCAxREFtE","out_trade_no":"201706090948519906","result_code":"SUCCESS","return_code":"SUCCESS","sign":"CDD648E2B014792D82E2B1F13C29AC2B","time_end":"20170609094857","total_fee":"100","trade_type":"JSAPI","transaction_id":"4002902001201706094929231761"}
[2017-06-09 12:53:16][debug] query:{"appid":"wxd46e99b7f83183e1","err_code":"ORDERNOTEXIST","err_code_des":"order not exist","mch_id":"1383580102","nonce_str":"OfAwvTkJe1TPDeCZ","result_code":"FAIL","return_code":"SUCCESS","return_msg":"OK","sign":"E21999E50B64778EAA5928A023026561"}
[2017-06-09 17:00:05][debug] begin notify
[2017-06-09 17:00:05][debug] call back:{"appid":"wxd46e99b7f83183e1","bank_type":"CFT","cash_fee":"1","fee_type":"CNY","is_subscribe":"Y","mch_id":"1383580102","nonce_str":"7bg6q9az0t9vosvvvxkwklepryq9a4xq","openid":"ovxXWv5Ldfh1B4nho4C-Jz6Kgma0","out_trade_no":"2017060916599733","result_code":"SUCCESS","return_code":"SUCCESS","sign":"A4A0193ACF41EA1E57AF794B7DF48D49","time_end":"20170609170005","total_fee":"1","trade_type":"JSAPI","transaction_id":"4005242001201706094985458211"}
[2017-06-09 17:00:05][debug] query:{"appid":"wxd46e99b7f83183e1","err_code":"ORDERNOTEXIST","err_code_des":"order not exist","mch_id":"1383580102","nonce_str":"qrNVdkqkWmgLxTAx","result_code":"FAIL","return_code":"SUCCESS","return_msg":"OK","sign":"203780591F3FFD805F4EA2DBDDD58972"}
[2017-06-09 17:00:08][debug] begin notify
[2017-06-09 17:00:08][debug] query:{"appid":"wxd46e99b7f83183e1","attach":[],"bank_type":"CFT","cash_fee":"1","fee_type":"CNY","is_subscribe":"Y","mch_id":"1383580102","nonce_str":"7GeiP09DMeR4pI2x","openid":"ovxXWv5Ldfh1B4nho4C-Jz6Kgma0","out_trade_no":"2017060916599733","result_code":"SUCCESS","return_code":"SUCCESS","return_msg":"OK","sign":"85E2A705E34FD5EF68F7CBAA96C55917","time_end":"20170609170005","total_fee":"1","trade_state":"SUCCESS","trade_type":"JSAPI","transaction_id":"4005242001201706094985458211"}
[2017-06-09 17:00:15][debug] begin notify
[2017-06-09 17:00:15][debug] call back:{"appid":"wxd46e99b7f83183e1","bank_type":"CFT","cash_fee":"1","fee_type":"CNY","is_subscribe":"Y","mch_id":"1383580102","nonce_str":"7bg6q9az0t9vosvvvxkwklepryq9a4xq","openid":"ovxXWv5Ldfh1B4nho4C-Jz6Kgma0","out_trade_no":"2017060916599733","result_code":"SUCCESS","return_code":"SUCCESS","sign":"A4A0193ACF41EA1E57AF794B7DF48D49","time_end":"20170609170005","total_fee":"1","trade_type":"JSAPI","transaction_id":"4005242001201706094985458211"}
[2017-06-09 17:00:15][debug] query:{"appid":"wxd46e99b7f83183e1","err_code":"ORDERNOTEXIST","err_code_des":"order not exist","mch_id":"1383580102","nonce_str":"4MgJZfRXN8Cx2W3F","result_code":"FAIL","return_code":"SUCCESS","return_msg":"OK","sign":"E85FB6A6CDD6E12308220613A3E9D67C"}
[2017-06-09 17:00:31][debug] begin notify
[2017-06-09 17:00:31][debug] call back:{"appid":"wxd46e99b7f83183e1","bank_type":"CFT","cash_fee":"1","fee_type":"CNY","is_subscribe":"Y","mch_id":"1383580102","nonce_str":"7bg6q9az0t9vosvvvxkwklepryq9a4xq","openid":"ovxXWv5Ldfh1B4nho4C-Jz6Kgma0","out_trade_no":"2017060916599733","result_code":"SUCCESS","return_code":"SUCCESS","sign":"A4A0193ACF41EA1E57AF794B7DF48D49","time_end":"20170609170005","total_fee":"1","trade_type":"JSAPI","transaction_id":"4005242001201706094985458211"}
[2017-06-09 17:00:32][debug] query:{"appid":"wxd46e99b7f83183e1","err_code":"ORDERNOTEXIST","err_code_des":"order not exist","mch_id":"1383580102","nonce_str":"CbEDU6iE77du8qyq","result_code":"FAIL","return_code":"SUCCESS","return_msg":"OK","sign":"5B592AC0BB8A318D5B5D568A1E2B52B0"}
[2017-06-09 17:01:03][debug] begin notify
[2017-06-09 17:01:03][debug] call back:{"appid":"wxd46e99b7f83183e1","bank_type":"CFT","cash_fee":"1","fee_type":"CNY","is_subscribe":"Y","mch_id":"1383580102","nonce_str":"7bg6q9az0t9vosvvvxkwklepryq9a4xq","openid":"ovxXWv5Ldfh1B4nho4C-Jz6Kgma0","out_trade_no":"2017060916599733","result_code":"SUCCESS","return_code":"SUCCESS","sign":"A4A0193ACF41EA1E57AF794B7DF48D49","time_end":"20170609170005","total_fee":"1","trade_type":"JSAPI","transaction_id":"4005242001201706094985458211"}
[2017-06-09 17:01:04][debug] query:{"appid":"wxd46e99b7f83183e1","err_code":"ORDERNOTEXIST","err_code_des":"order not exist","mch_id":"1383580102","nonce_str":"CzyU4btl4pxWECWj","result_code":"FAIL","return_code":"SUCCESS","return_msg":"OK","sign":"DA0AC14F515A1AAA18C971975AB6D3FF"}
[2017-06-09 17:04:07][debug] begin notify
[2017-06-09 17:04:07][debug] call back:{"appid":"wxd46e99b7f83183e1","bank_type":"CFT","cash_fee":"1","fee_type":"CNY","is_subscribe":"Y","mch_id":"1383580102","nonce_str":"7bg6q9az0t9vosvvvxkwklepryq9a4xq","openid":"ovxXWv5Ldfh1B4nho4C-Jz6Kgma0","out_trade_no":"2017060916599733","result_code":"SUCCESS","return_code":"SUCCESS","sign":"A4A0193ACF41EA1E57AF794B7DF48D49","time_end":"20170609170005","total_fee":"1","trade_type":"JSAPI","transaction_id":"4005242001201706094985458211"}
[2017-06-09 17:04:08][debug] query:{"appid":"wxd46e99b7f83183e1","err_code":"ORDERNOTEXIST","err_code_des":"order not exist","mch_id":"1383580102","nonce_str":"U5Cs0FEGIOLGrZ7O","result_code":"FAIL","return_code":"SUCCESS","return_msg":"OK","sign":"4EC25A774417ADDBE49492B57B9A5D61"}
[2017-06-09 17:04:42][debug] begin notify
[2017-06-09 17:04:42][debug] call back:{"appid":"wxd46e99b7f83183e1","bank_type":"CFT","cash_fee":"1","fee_type":"CNY","is_subscribe":"Y","mch_id":"1383580102","nonce_str":"7rmzxsadtdr6j0elj1jsd6d0c8slcbna","openid":"ovxXWv5Ldfh1B4nho4C-Jz6Kgma0","out_trade_no":"2017060917043597","result_code":"SUCCESS","return_code":"SUCCESS","sign":"91E12D99DF4EAF4E7FC71FC9338DB63C","time_end":"20170609170441","total_fee":"1","trade_type":"JSAPI","transaction_id":"4005242001201706094986628137"}
[2017-06-09 17:04:42][debug] query:{"appid":"wxd46e99b7f83183e1","err_code":"ORDERNOTEXIST","err_code_des":"order not exist","mch_id":"1383580102","nonce_str":"GDdZQbgFD7oNGYqt","result_code":"FAIL","return_code":"SUCCESS","return_msg":"OK","sign":"BAFF9CECE1F90D45BB14EC00EE973242"}
[2017-06-09 17:04:43][debug] begin notify
[2017-06-09 17:04:44][debug] query:{"appid":"wxd46e99b7f83183e1","attach":[],"bank_type":"CFT","cash_fee":"1","fee_type":"CNY","is_subscribe":"Y","mch_id":"1383580102","nonce_str":"hZXVp9h5tyvgZxQy","openid":"ovxXWv5Ldfh1B4nho4C-Jz6Kgma0","out_trade_no":"2017060917043597","result_code":"SUCCESS","return_code":"SUCCESS","return_msg":"OK","sign":"104DBB9515CD8A93338698B472A07555","time_end":"20170609170441","total_fee":"1","trade_state":"SUCCESS","trade_type":"JSAPI","transaction_id":"4005242001201706094986628137"}
[2017-06-09 17:04:55][debug] begin notify
[2017-06-09 17:04:55][debug] call back:{"appid":"wxd46e99b7f83183e1","bank_type":"CFT","cash_fee":"1","fee_type":"CNY","is_subscribe":"Y","mch_id":"1383580102","nonce_str":"7rmzxsadtdr6j0elj1jsd6d0c8slcbna","openid":"ovxXWv5Ldfh1B4nho4C-Jz6Kgma0","out_trade_no":"2017060917043597","result_code":"SUCCESS","return_code":"SUCCESS","sign":"91E12D99DF4EAF4E7FC71FC9338DB63C","time_end":"20170609170441","total_fee":"1","trade_type":"JSAPI","transaction_id":"4005242001201706094986628137"}
[2017-06-09 17:04:56][debug] query:{"appid":"wxd46e99b7f83183e1","err_code":"ORDERNOTEXIST","err_code_des":"order not exist","mch_id":"1383580102","nonce_str":"hRIEQWSuV1vKcBi0","result_code":"FAIL","return_code":"SUCCESS","return_msg":"OK","sign":"2A41E7B7354FBEE3D77887EAEA0AD5D3"}
[2017-06-09 17:05:14][debug] begin notify
[2017-06-09 17:05:14][debug] call back:{"appid":"wxd46e99b7f83183e1","bank_type":"CFT","cash_fee":"1","fee_type":"CNY","is_subscribe":"Y","mch_id":"1383580102","nonce_str":"7rmzxsadtdr6j0elj1jsd6d0c8slcbna","openid":"ovxXWv5Ldfh1B4nho4C-Jz6Kgma0","out_trade_no":"2017060917043597","result_code":"SUCCESS","return_code":"SUCCESS","sign":"91E12D99DF4EAF4E7FC71FC9338DB63C","time_end":"20170609170441","total_fee":"1","trade_type":"JSAPI","transaction_id":"4005242001201706094986628137"}
[2017-06-09 17:05:14][debug] query:{"appid":"wxd46e99b7f83183e1","err_code":"ORDERNOTEXIST","err_code_des":"order not exist","mch_id":"1383580102","nonce_str":"y0S89vsceFdAw2lo","result_code":"FAIL","return_code":"SUCCESS","return_msg":"OK","sign":"9B71F4D74002C0D43118EE5DE2F51CA0"}
[2017-06-09 17:05:23][debug] begin notify
[2017-06-09 17:05:23][debug] call back:{"appid":"wxd46e99b7f83183e1","bank_type":"CFT","cash_fee":"1","fee_type":"CNY","is_subscribe":"Y","mch_id":"1383580102","nonce_str":"neltmi6nb3mptacnc90ibv4dd147pkbx","openid":"ovxXWv5Ldfh1B4nho4C-Jz6Kgma0","out_trade_no":"2017060917056877","result_code":"SUCCESS","return_code":"SUCCESS","sign":"5B520627F1AAA07AB25C575E99114A31","time_end":"20170609170523","total_fee":"1","trade_type":"JSAPI","transaction_id":"4005242001201706094985658459"}
[2017-06-09 17:05:24][debug] query:{"appid":"wxd46e99b7f83183e1","err_code":"ORDERNOTEXIST","err_code_des":"order not exist","mch_id":"1383580102","nonce_str":"rY0rmnjKaAkSnJuS","result_code":"FAIL","return_code":"SUCCESS","return_msg":"OK","sign":"B4028EB229C8312A99FAA2F1849E5E26"}
[2017-06-09 17:05:25][debug] begin notify
[2017-06-09 17:05:25][debug] query:{"appid":"wxd46e99b7f83183e1","attach":[],"bank_type":"CFT","cash_fee":"1","fee_type":"CNY","is_subscribe":"Y","mch_id":"1383580102","nonce_str":"6fzGiy5nswNv7q6Z","openid":"ovxXWv5Ldfh1B4nho4C-Jz6Kgma0","out_trade_no":"2017060917056877","result_code":"SUCCESS","return_code":"SUCCESS","return_msg":"OK","sign":"B1936A76AD314A1E9F89DCCAD5735599","time_end":"20170609170523","total_fee":"1","trade_state":"SUCCESS","trade_type":"JSAPI","transaction_id":"4005242001201706094985658459"}
[2017-06-09 17:05:35][debug] begin notify
[2017-06-09 17:05:35][debug] call back:{"appid":"wxd46e99b7f83183e1","bank_type":"CFT","cash_fee":"1","fee_type":"CNY","is_subscribe":"Y","mch_id":"1383580102","nonce_str":"neltmi6nb3mptacnc90ibv4dd147pkbx","openid":"ovxXWv5Ldfh1B4nho4C-Jz6Kgma0","out_trade_no":"2017060917056877","result_code":"SUCCESS","return_code":"SUCCESS","sign":"5B520627F1AAA07AB25C575E99114A31","time_end":"20170609170523","total_fee":"1","trade_type":"JSAPI","transaction_id":"4005242001201706094985658459"}
[2017-06-09 17:05:35][debug] query:{"appid":"wxd46e99b7f83183e1","err_code":"ORDERNOTEXIST","err_code_des":"order not exist","mch_id":"1383580102","nonce_str":"pAkBHM91sEbCK8NV","result_code":"FAIL","return_code":"SUCCESS","return_msg":"OK","sign":"7C8A0B5CC6B634A6D8A96F9466BCA1DC"}
[2017-06-09 17:05:45][debug] begin notify
[2017-06-09 17:05:45][debug] call back:{"appid":"wxd46e99b7f83183e1","bank_type":"CFT","cash_fee":"1","fee_type":"CNY","is_subscribe":"Y","mch_id":"1383580102","nonce_str":"7rmzxsadtdr6j0elj1jsd6d0c8slcbna","openid":"ovxXWv5Ldfh1B4nho4C-Jz6Kgma0","out_trade_no":"2017060917043597","result_code":"SUCCESS","return_code":"SUCCESS","sign":"91E12D99DF4EAF4E7FC71FC9338DB63C","time_end":"20170609170441","total_fee":"1","trade_type":"JSAPI","transaction_id":"4005242001201706094986628137"}
[2017-06-09 17:05:45][debug] query:{"appid":"wxd46e99b7f83183e1","err_code":"ORDERNOTEXIST","err_code_des":"order not exist","mch_id":"1383580102","nonce_str":"zhYUJDbMw1jEmtF3","result_code":"FAIL","return_code":"SUCCESS","return_msg":"OK","sign":"64DC36DA975329210161D25A77B05CBA"}
[2017-06-09 17:05:52][debug] begin notify
[2017-06-09 17:05:52][debug] call back:{"appid":"wxd46e99b7f83183e1","bank_type":"CFT","cash_fee":"1","fee_type":"CNY","is_subscribe":"Y","mch_id":"1383580102","nonce_str":"neltmi6nb3mptacnc90ibv4dd147pkbx","openid":"ovxXWv5Ldfh1B4nho4C-Jz6Kgma0","out_trade_no":"2017060917056877","result_code":"SUCCESS","return_code":"SUCCESS","sign":"5B520627F1AAA07AB25C575E99114A31","time_end":"20170609170523","total_fee":"1","trade_type":"JSAPI","transaction_id":"4005242001201706094985658459"}
[2017-06-09 17:05:52][debug] query:{"appid":"wxd46e99b7f83183e1","err_code":"ORDERNOTEXIST","err_code_des":"order not exist","mch_id":"1383580102","nonce_str":"EP4Ydg5FAKipuSMi","result_code":"FAIL","return_code":"SUCCESS","return_msg":"OK","sign":"D5156FE29E3DB1D19D3B6133D5E079CF"}
[2017-06-09 17:06:24][debug] begin notify
[2017-06-09 17:06:24][debug] call back:{"appid":"wxd46e99b7f83183e1","bank_type":"CFT","cash_fee":"1","fee_type":"CNY","is_subscribe":"Y","mch_id":"1383580102","nonce_str":"neltmi6nb3mptacnc90ibv4dd147pkbx","openid":"ovxXWv5Ldfh1B4nho4C-Jz6Kgma0","out_trade_no":"2017060917056877","result_code":"SUCCESS","return_code":"SUCCESS","sign":"5B520627F1AAA07AB25C575E99114A31","time_end":"20170609170523","total_fee":"1","trade_type":"JSAPI","transaction_id":"4005242001201706094985658459"}
[2017-06-09 17:06:24][debug] query:{"appid":"wxd46e99b7f83183e1","err_code":"ORDERNOTEXIST","err_code_des":"order not exist","mch_id":"1383580102","nonce_str":"ZiANEUf4j1d26Lle","result_code":"FAIL","return_code":"SUCCESS","return_msg":"OK","sign":"40E771ED7AFCBC5DB82D49B1052309F9"}
[2017-06-09 17:08:47][debug] begin notify
[2017-06-09 17:08:47][debug] call back:{"appid":"wxd46e99b7f83183e1","bank_type":"CFT","cash_fee":"1","fee_type":"CNY","is_subscribe":"Y","mch_id":"1383580102","nonce_str":"7rmzxsadtdr6j0elj1jsd6d0c8slcbna","openid":"ovxXWv5Ldfh1B4nho4C-Jz6Kgma0","out_trade_no":"2017060917043597","result_code":"SUCCESS","return_code":"SUCCESS","sign":"91E12D99DF4EAF4E7FC71FC9338DB63C","time_end":"20170609170441","total_fee":"1","trade_type":"JSAPI","transaction_id":"4005242001201706094986628137"}
[2017-06-09 17:08:47][debug] query:{"appid":"wxd46e99b7f83183e1","err_code":"ORDERNOTEXIST","err_code_des":"order not exist","mch_id":"1383580102","nonce_str":"ZOXQFIVBciEXAXQa","result_code":"FAIL","return_code":"SUCCESS","return_msg":"OK","sign":"D6B97698811CB0E6A84505D1B12076EA"}
[2017-06-09 17:09:26][debug] begin notify
[2017-06-09 17:09:26][debug] call back:{"appid":"wxd46e99b7f83183e1","bank_type":"CFT","cash_fee":"1","fee_type":"CNY","is_subscribe":"Y","mch_id":"1383580102","nonce_str":"neltmi6nb3mptacnc90ibv4dd147pkbx","openid":"ovxXWv5Ldfh1B4nho4C-Jz6Kgma0","out_trade_no":"2017060917056877","result_code":"SUCCESS","return_code":"SUCCESS","sign":"5B520627F1AAA07AB25C575E99114A31","time_end":"20170609170523","total_fee":"1","trade_type":"JSAPI","transaction_id":"4005242001201706094985658459"}
[2017-06-09 17:09:26][debug] query:{"appid":"wxd46e99b7f83183e1","err_code":"ORDERNOTEXIST","err_code_des":"order not exist","mch_id":"1383580102","nonce_str":"shSyfWrFctlP1wxB","result_code":"FAIL","return_code":"SUCCESS","return_msg":"OK","sign":"1D86BAAACFFADAE5ACDFCA10D4BC24EF"}
[2017-06-09 17:34:09][debug] begin notify
[2017-06-09 17:34:09][debug] call back:{"appid":"wxd46e99b7f83183e1","bank_type":"CFT","cash_fee":"1","fee_type":"CNY","is_subscribe":"Y","mch_id":"1383580102","nonce_str":"7bg6q9az0t9vosvvvxkwklepryq9a4xq","openid":"ovxXWv5Ldfh1B4nho4C-Jz6Kgma0","out_trade_no":"2017060916599733","result_code":"SUCCESS","return_code":"SUCCESS","sign":"A4A0193ACF41EA1E57AF794B7DF48D49","time_end":"20170609170005","total_fee":"1","trade_type":"JSAPI","transaction_id":"4005242001201706094985458211"}
[2017-06-09 17:34:10][debug] query:{"appid":"wxd46e99b7f83183e1","err_code":"ORDERNOTEXIST","err_code_des":"order not exist","mch_id":"1383580102","nonce_str":"kxpnwe3ZKiXJPQlO","result_code":"FAIL","return_code":"SUCCESS","return_msg":"OK","sign":"3F2B2633537C1112D1F2B0E4B8F31BF6"}
[2017-06-09 17:38:49][debug] begin notify
[2017-06-09 17:38:49][debug] call back:{"appid":"wxd46e99b7f83183e1","bank_type":"CFT","cash_fee":"1","fee_type":"CNY","is_subscribe":"Y","mch_id":"1383580102","nonce_str":"7rmzxsadtdr6j0elj1jsd6d0c8slcbna","openid":"ovxXWv5Ldfh1B4nho4C-Jz6Kgma0","out_trade_no":"2017060917043597","result_code":"SUCCESS","return_code":"SUCCESS","sign":"91E12D99DF4EAF4E7FC71FC9338DB63C","time_end":"20170609170441","total_fee":"1","trade_type":"JSAPI","transaction_id":"4005242001201706094986628137"}
[2017-06-09 17:38:50][debug] query:{"appid":"wxd46e99b7f83183e1","err_code":"ORDERNOTEXIST","err_code_des":"order not exist","mch_id":"1383580102","nonce_str":"q0QP1qss1Cckmh1c","result_code":"FAIL","return_code":"SUCCESS","return_msg":"OK","sign":"BB79F854885A957D0BF644FE048F087D"}
[2017-06-09 17:39:28][debug] begin notify
[2017-06-09 17:39:28][debug] call back:{"appid":"wxd46e99b7f83183e1","bank_type":"CFT","cash_fee":"1","fee_type":"CNY","is_subscribe":"Y","mch_id":"1383580102","nonce_str":"neltmi6nb3mptacnc90ibv4dd147pkbx","openid":"ovxXWv5Ldfh1B4nho4C-Jz6Kgma0","out_trade_no":"2017060917056877","result_code":"SUCCESS","return_code":"SUCCESS","sign":"5B520627F1AAA07AB25C575E99114A31","time_end":"20170609170523","total_fee":"1","trade_type":"JSAPI","transaction_id":"4005242001201706094985658459"}
[2017-06-09 17:39:28][debug] query:{"appid":"wxd46e99b7f83183e1","err_code":"ORDERNOTEXIST","err_code_des":"order not exist","mch_id":"1383580102","nonce_str":"Eon2mMKFG58LUSEl","result_code":"FAIL","return_code":"SUCCESS","return_msg":"OK","sign":"C1FE33D223423AA0BE2BD810DDC39FB2"}
[2017-06-09 18:04:11][debug] begin notify
[2017-06-09 18:04:11][debug] call back:{"appid":"wxd46e99b7f83183e1","bank_type":"CFT","cash_fee":"1","fee_type":"CNY","is_subscribe":"Y","mch_id":"1383580102","nonce_str":"7bg6q9az0t9vosvvvxkwklepryq9a4xq","openid":"ovxXWv5Ldfh1B4nho4C-Jz6Kgma0","out_trade_no":"2017060916599733","result_code":"SUCCESS","return_code":"SUCCESS","sign":"A4A0193ACF41EA1E57AF794B7DF48D49","time_end":"20170609170005","total_fee":"1","trade_type":"JSAPI","transaction_id":"4005242001201706094985458211"}
[2017-06-09 18:04:12][debug] query:{"appid":"wxd46e99b7f83183e1","err_code":"ORDERNOTEXIST","err_code_des":"order not exist","mch_id":"1383580102","nonce_str":"QlnQVYQy50TMPCi5","result_code":"FAIL","return_code":"SUCCESS","return_msg":"OK","sign":"CD1922853B502123DBDBCBDF452845D4"}
[2017-06-09 18:08:52][debug] begin notify
[2017-06-09 18:08:52][debug] call back:{"appid":"wxd46e99b7f83183e1","bank_type":"CFT","cash_fee":"1","fee_type":"CNY","is_subscribe":"Y","mch_id":"1383580102","nonce_str":"7rmzxsadtdr6j0elj1jsd6d0c8slcbna","openid":"ovxXWv5Ldfh1B4nho4C-Jz6Kgma0","out_trade_no":"2017060917043597","result_code":"SUCCESS","return_code":"SUCCESS","sign":"91E12D99DF4EAF4E7FC71FC9338DB63C","time_end":"20170609170441","total_fee":"1","trade_type":"JSAPI","transaction_id":"4005242001201706094986628137"}
[2017-06-09 18:08:52][debug] query:{"appid":"wxd46e99b7f83183e1","err_code":"ORDERNOTEXIST","err_code_des":"order not exist","mch_id":"1383580102","nonce_str":"wj7ut21sCRaCuao0","result_code":"FAIL","return_code":"SUCCESS","return_msg":"OK","sign":"43D299F08F728EF49C4E2690EE8A464B"}
[2017-06-09 18:09:31][debug] begin notify
[2017-06-09 18:09:31][debug] call back:{"appid":"wxd46e99b7f83183e1","bank_type":"CFT","cash_fee":"1","fee_type":"CNY","is_subscribe":"Y","mch_id":"1383580102","nonce_str":"neltmi6nb3mptacnc90ibv4dd147pkbx","openid":"ovxXWv5Ldfh1B4nho4C-Jz6Kgma0","out_trade_no":"2017060917056877","result_code":"SUCCESS","return_code":"SUCCESS","sign":"5B520627F1AAA07AB25C575E99114A31","time_end":"20170609170523","total_fee":"1","trade_type":"JSAPI","transaction_id":"4005242001201706094985658459"}
[2017-06-09 18:09:31][debug] query:{"appid":"wxd46e99b7f83183e1","err_code":"ORDERNOTEXIST","err_code_des":"order not exist","mch_id":"1383580102","nonce_str":"5n080pnx1udefEZU","result_code":"FAIL","return_code":"SUCCESS","return_msg":"OK","sign":"31C2C9E4D41AC5F5A9FBE5966CF71898"}
[2017-06-09 18:34:14][debug] begin notify
[2017-06-09 18:34:14][debug] call back:{"appid":"wxd46e99b7f83183e1","bank_type":"CFT","cash_fee":"1","fee_type":"CNY","is_subscribe":"Y","mch_id":"1383580102","nonce_str":"7bg6q9az0t9vosvvvxkwklepryq9a4xq","openid":"ovxXWv5Ldfh1B4nho4C-Jz6Kgma0","out_trade_no":"2017060916599733","result_code":"SUCCESS","return_code":"SUCCESS","sign":"A4A0193ACF41EA1E57AF794B7DF48D49","time_end":"20170609170005","total_fee":"1","trade_type":"JSAPI","transaction_id":"4005242001201706094985458211"}
[2017-06-09 18:34:14][debug] query:{"appid":"wxd46e99b7f83183e1","err_code":"ORDERNOTEXIST","err_code_des":"order not exist","mch_id":"1383580102","nonce_str":"OMtJIlRukfnEkNrV","result_code":"FAIL","return_code":"SUCCESS","return_msg":"OK","sign":"17CD5BEACE8D9037A8B499E2B91BB68F"}
[2017-06-09 18:38:54][debug] begin notify
[2017-06-09 18:38:54][debug] call back:{"appid":"wxd46e99b7f83183e1","bank_type":"CFT","cash_fee":"1","fee_type":"CNY","is_subscribe":"Y","mch_id":"1383580102","nonce_str":"7rmzxsadtdr6j0elj1jsd6d0c8slcbna","openid":"ovxXWv5Ldfh1B4nho4C-Jz6Kgma0","out_trade_no":"2017060917043597","result_code":"SUCCESS","return_code":"SUCCESS","sign":"91E12D99DF4EAF4E7FC71FC9338DB63C","time_end":"20170609170441","total_fee":"1","trade_type":"JSAPI","transaction_id":"4005242001201706094986628137"}
[2017-06-09 18:38:54][debug] query:{"appid":"wxd46e99b7f83183e1","err_code":"ORDERNOTEXIST","err_code_des":"order not exist","mch_id":"1383580102","nonce_str":"fMYw0lqABZPctC1j","result_code":"FAIL","return_code":"SUCCESS","return_msg":"OK","sign":"8B28024A2C508F2CE581F77087F9AAE9"}
[2017-06-09 18:39:32][debug] begin notify
[2017-06-09 18:39:32][debug] call back:{"appid":"wxd46e99b7f83183e1","bank_type":"CFT","cash_fee":"1","fee_type":"CNY","is_subscribe":"Y","mch_id":"1383580102","nonce_str":"neltmi6nb3mptacnc90ibv4dd147pkbx","openid":"ovxXWv5Ldfh1B4nho4C-Jz6Kgma0","out_trade_no":"2017060917056877","result_code":"SUCCESS","return_code":"SUCCESS","sign":"5B520627F1AAA07AB25C575E99114A31","time_end":"20170609170523","total_fee":"1","trade_type":"JSAPI","transaction_id":"4005242001201706094985658459"}
[2017-06-09 18:39:32][debug] query:{"appid":"wxd46e99b7f83183e1","err_code":"ORDERNOTEXIST","err_code_des":"order not exist","mch_id":"1383580102","nonce_str":"acZTooZrB8XNSrvQ","result_code":"FAIL","return_code":"SUCCESS","return_msg":"OK","sign":"AFCF1D5ADB1175518A97D49B0CA7770B"}
[2017-06-09 19:04:15][debug] begin notify
[2017-06-09 19:04:15][debug] call back:{"appid":"wxd46e99b7f83183e1","bank_type":"CFT","cash_fee":"1","fee_type":"CNY","is_subscribe":"Y","mch_id":"1383580102","nonce_str":"7bg6q9az0t9vosvvvxkwklepryq9a4xq","openid":"ovxXWv5Ldfh1B4nho4C-Jz6Kgma0","out_trade_no":"2017060916599733","result_code":"SUCCESS","return_code":"SUCCESS","sign":"A4A0193ACF41EA1E57AF794B7DF48D49","time_end":"20170609170005","total_fee":"1","trade_type":"JSAPI","transaction_id":"4005242001201706094985458211"}
[2017-06-09 19:04:16][debug] query:{"appid":"wxd46e99b7f83183e1","err_code":"ORDERNOTEXIST","err_code_des":"order not exist","mch_id":"1383580102","nonce_str":"ZPU6yjPZh7n9jPnm","result_code":"FAIL","return_code":"SUCCESS","return_msg":"OK","sign":"2E66B1D9DCC9BA29329BBEEF0EB78F51"}
[2017-06-09 19:08:55][debug] begin notify
[2017-06-09 19:08:55][debug] call back:{"appid":"wxd46e99b7f83183e1","bank_type":"CFT","cash_fee":"1","fee_type":"CNY","is_subscribe":"Y","mch_id":"1383580102","nonce_str":"7rmzxsadtdr6j0elj1jsd6d0c8slcbna","openid":"ovxXWv5Ldfh1B4nho4C-Jz6Kgma0","out_trade_no":"2017060917043597","result_code":"SUCCESS","return_code":"SUCCESS","sign":"91E12D99DF4EAF4E7FC71FC9338DB63C","time_end":"20170609170441","total_fee":"1","trade_type":"JSAPI","transaction_id":"4005242001201706094986628137"}
[2017-06-09 19:08:55][debug] query:{"appid":"wxd46e99b7f83183e1","err_code":"ORDERNOTEXIST","err_code_des":"order not exist","mch_id":"1383580102","nonce_str":"S35HmdKlSbHBbhSU","result_code":"FAIL","return_code":"SUCCESS","return_msg":"OK","sign":"E823AA05FBD49A73F34BEEFD3051603C"}
[2017-06-09 19:09:34][debug] begin notify
[2017-06-09 19:09:34][debug] call back:{"appid":"wxd46e99b7f83183e1","bank_type":"CFT","cash_fee":"1","fee_type":"CNY","is_subscribe":"Y","mch_id":"1383580102","nonce_str":"neltmi6nb3mptacnc90ibv4dd147pkbx","openid":"ovxXWv5Ldfh1B4nho4C-Jz6Kgma0","out_trade_no":"2017060917056877","result_code":"SUCCESS","return_code":"SUCCESS","sign":"5B520627F1AAA07AB25C575E99114A31","time_end":"20170609170523","total_fee":"1","trade_type":"JSAPI","transaction_id":"4005242001201706094985658459"}
[2017-06-09 19:09:34][debug] query:{"appid":"wxd46e99b7f83183e1","err_code":"ORDERNOTEXIST","err_code_des":"order not exist","mch_id":"1383580102","nonce_str":"GjYLtDbRCSC4mYyT","result_code":"FAIL","return_code":"SUCCESS","return_msg":"OK","sign":"A3BA9B4F9B9284A0B3F56988E937B78E"}
[2017-06-09 20:04:18][debug] begin notify
[2017-06-09 20:04:18][debug] call back:{"appid":"wxd46e99b7f83183e1","bank_type":"CFT","cash_fee":"1","fee_type":"CNY","is_subscribe":"Y","mch_id":"1383580102","nonce_str":"7bg6q9az0t9vosvvvxkwklepryq9a4xq","openid":"ovxXWv5Ldfh1B4nho4C-Jz6Kgma0","out_trade_no":"2017060916599733","result_code":"SUCCESS","return_code":"SUCCESS","sign":"A4A0193ACF41EA1E57AF794B7DF48D49","time_end":"20170609170005","total_fee":"1","trade_type":"JSAPI","transaction_id":"4005242001201706094985458211"}
[2017-06-09 20:04:18][debug] query:{"appid":"wxd46e99b7f83183e1","err_code":"ORDERNOTEXIST","err_code_des":"order not exist","mch_id":"1383580102","nonce_str":"82bp8Fvtjv8zIroi","result_code":"FAIL","return_code":"SUCCESS","return_msg":"OK","sign":"F7624D49B0D8E1F7CCD21B43419A6F33"}
[2017-06-09 20:08:57][debug] begin notify
[2017-06-09 20:08:57][debug] call back:{"appid":"wxd46e99b7f83183e1","bank_type":"CFT","cash_fee":"1","fee_type":"CNY","is_subscribe":"Y","mch_id":"1383580102","nonce_str":"7rmzxsadtdr6j0elj1jsd6d0c8slcbna","openid":"ovxXWv5Ldfh1B4nho4C-Jz6Kgma0","out_trade_no":"2017060917043597","result_code":"SUCCESS","return_code":"SUCCESS","sign":"91E12D99DF4EAF4E7FC71FC9338DB63C","time_end":"20170609170441","total_fee":"1","trade_type":"JSAPI","transaction_id":"4005242001201706094986628137"}
[2017-06-09 20:08:57][debug] query:{"appid":"wxd46e99b7f83183e1","err_code":"ORDERNOTEXIST","err_code_des":"order not exist","mch_id":"1383580102","nonce_str":"17x8fIDJ08MvFMEA","result_code":"FAIL","return_code":"SUCCESS","return_msg":"OK","sign":"34CF050AF2807FF007B2DB6DCE2384E6"}
[2017-06-09 20:09:36][debug] begin notify
[2017-06-09 20:09:36][debug] call back:{"appid":"wxd46e99b7f83183e1","bank_type":"CFT","cash_fee":"1","fee_type":"CNY","is_subscribe":"Y","mch_id":"1383580102","nonce_str":"neltmi6nb3mptacnc90ibv4dd147pkbx","openid":"ovxXWv5Ldfh1B4nho4C-Jz6Kgma0","out_trade_no":"2017060917056877","result_code":"SUCCESS","return_code":"SUCCESS","sign":"5B520627F1AAA07AB25C575E99114A31","time_end":"20170609170523","total_fee":"1","trade_type":"JSAPI","transaction_id":"4005242001201706094985658459"}
[2017-06-09 20:09:36][debug] query:{"appid":"wxd46e99b7f83183e1","err_code":"ORDERNOTEXIST","err_code_des":"order not exist","mch_id":"1383580102","nonce_str":"d5Z5xJyMKjgsFws0","result_code":"FAIL","return_code":"SUCCESS","return_msg":"OK","sign":"67AF98B70C2CFA891B899DB1A1C085AD"}
