[2017-04-17 20:22:47][debug] begin notify
[2017-04-17 20:22:47][debug] call back:{"appid":"wxd46e99b7f83183e1","bank_type":"COMM_CREDIT","cash_fee":"1","fee_type":"CNY","is_subscribe":"Y","mch_id":"1383580102","nonce_str":"94tveyzvtvxziev30p30mrtqh3an54r6","openid":"ovxXWv3CHJLsugBLuDQiCAxREFtE","out_trade_no":"201704172022396174","result_code":"SUCCESS","return_code":"SUCCESS","sign":"5C378F1C814401701463175D17FC6609","time_end":"20170417202246","total_fee":"1","trade_type":"JSAPI","transaction_id":"4002902001201704177376352952"}
[2017-04-17 20:22:49][debug] query:{"appid":"wxd46e99b7f83183e1","err_code":"ORDERNOTEXIST","err_code_des":"order not exist","mch_id":"1383580102","nonce_str":"7sK1deIZhZoTRQVA","result_code":"FAIL","return_code":"SUCCESS","return_msg":"OK","sign":"5E7AC895DD3BD550B47202FDF56D36A5"}
[2017-04-17 20:22:50][debug] begin notify
[2017-04-17 20:22:52][debug] query:{"appid":"wxd46e99b7f83183e1","attach":[],"bank_type":"COMM_CREDIT","cash_fee":"1","fee_type":"CNY","is_subscribe":"Y","mch_id":"1383580102","nonce_str":"m8T548z1y8Rh2Wje","openid":"ovxXWv3CHJLsugBLuDQiCAxREFtE","out_trade_no":"201704172022396174","result_code":"SUCCESS","return_code":"SUCCESS","return_msg":"OK","sign":"5BD14D4D7D0E3AB2C73E483907828169","time_end":"20170417202247","total_fee":"1","trade_state":"SUCCESS","trade_type":"JSAPI","transaction_id":"4002902001201704177376352952"}
[2017-04-17 20:23:06][debug] begin notify
[2017-04-17 20:23:06][debug] call back:{"appid":"wxd46e99b7f83183e1","bank_type":"COMM_CREDIT","cash_fee":"1","fee_type":"CNY","is_subscribe":"Y","mch_id":"1383580102","nonce_str":"94tveyzvtvxziev30p30mrtqh3an54r6","openid":"ovxXWv3CHJLsugBLuDQiCAxREFtE","out_trade_no":"201704172022396174","result_code":"SUCCESS","return_code":"SUCCESS","sign":"5C378F1C814401701463175D17FC6609","time_end":"20170417202246","total_fee":"1","trade_type":"JSAPI","transaction_id":"4002902001201704177376352952"}
[2017-04-17 20:23:07][debug] query:{"appid":"wxd46e99b7f83183e1","err_code":"ORDERNOTEXIST","err_code_des":"order not exist","mch_id":"1383580102","nonce_str":"Rcgvte4iLHVOYjru","result_code":"FAIL","return_code":"SUCCESS","return_msg":"OK","sign":"C5183897847379EA2C67AC7014C28EC1"}
[2017-04-17 20:23:25][debug] begin notify
[2017-04-17 20:23:25][debug] call back:{"appid":"wxd46e99b7f83183e1","bank_type":"COMM_CREDIT","cash_fee":"1","fee_type":"CNY","is_subscribe":"Y","mch_id":"1383580102","nonce_str":"94tveyzvtvxziev30p30mrtqh3an54r6","openid":"ovxXWv3CHJLsugBLuDQiCAxREFtE","out_trade_no":"201704172022396174","result_code":"SUCCESS","return_code":"SUCCESS","sign":"5C378F1C814401701463175D17FC6609","time_end":"20170417202246","total_fee":"1","trade_type":"JSAPI","transaction_id":"4002902001201704177376352952"}
[2017-04-17 20:23:26][debug] query:{"appid":"wxd46e99b7f83183e1","err_code":"ORDERNOTEXIST","err_code_des":"order not exist","mch_id":"1383580102","nonce_str":"1IdBzuN5S7kH5RO9","result_code":"FAIL","return_code":"SUCCESS","return_msg":"OK","sign":"F32D5DC2EA6375D71E97831D5079DDBF"}
[2017-04-17 20:23:59][debug] begin notify
[2017-04-17 20:23:59][debug] call back:{"appid":"wxd46e99b7f83183e1","bank_type":"COMM_CREDIT","cash_fee":"1","fee_type":"CNY","is_subscribe":"Y","mch_id":"1383580102","nonce_str":"94tveyzvtvxziev30p30mrtqh3an54r6","openid":"ovxXWv3CHJLsugBLuDQiCAxREFtE","out_trade_no":"201704172022396174","result_code":"SUCCESS","return_code":"SUCCESS","sign":"5C378F1C814401701463175D17FC6609","time_end":"20170417202246","total_fee":"1","trade_type":"JSAPI","transaction_id":"4002902001201704177376352952"}
[2017-04-17 20:24:00][debug] query:{"appid":"wxd46e99b7f83183e1","err_code":"ORDERNOTEXIST","err_code_des":"order not exist","mch_id":"1383580102","nonce_str":"HL1XJqqNelfqhdg4","result_code":"FAIL","return_code":"SUCCESS","return_msg":"OK","sign":"8976996768D6D12E521D6C149D6D7358"}
[2017-04-17 20:27:03][debug] begin notify
[2017-04-17 20:27:03][debug] call back:{"appid":"wxd46e99b7f83183e1","bank_type":"COMM_CREDIT","cash_fee":"1","fee_type":"CNY","is_subscribe":"Y","mch_id":"1383580102","nonce_str":"94tveyzvtvxziev30p30mrtqh3an54r6","openid":"ovxXWv3CHJLsugBLuDQiCAxREFtE","out_trade_no":"201704172022396174","result_code":"SUCCESS","return_code":"SUCCESS","sign":"5C378F1C814401701463175D17FC6609","time_end":"20170417202246","total_fee":"1","trade_type":"JSAPI","transaction_id":"4002902001201704177376352952"}
[2017-04-17 20:27:05][debug] query:{"appid":"wxd46e99b7f83183e1","err_code":"ORDERNOTEXIST","err_code_des":"order not exist","mch_id":"1383580102","nonce_str":"8HpBWqZhx2Klbazu","result_code":"FAIL","return_code":"SUCCESS","return_msg":"OK","sign":"AA008AEE140F24E34FB85B5796C754D2"}
[2017-04-17 20:57:07][debug] begin notify
[2017-04-17 20:57:07][debug] call back:{"appid":"wxd46e99b7f83183e1","bank_type":"COMM_CREDIT","cash_fee":"1","fee_type":"CNY","is_subscribe":"Y","mch_id":"1383580102","nonce_str":"94tveyzvtvxziev30p30mrtqh3an54r6","openid":"ovxXWv3CHJLsugBLuDQiCAxREFtE","out_trade_no":"201704172022396174","result_code":"SUCCESS","return_code":"SUCCESS","sign":"5C378F1C814401701463175D17FC6609","time_end":"20170417202246","total_fee":"1","trade_type":"JSAPI","transaction_id":"4002902001201704177376352952"}
[2017-04-17 20:57:08][debug] query:{"appid":"wxd46e99b7f83183e1","err_code":"ORDERNOTEXIST","err_code_des":"order not exist","mch_id":"1383580102","nonce_str":"83evINX7Q6WkNUoA","result_code":"FAIL","return_code":"SUCCESS","return_msg":"OK","sign":"A9630FC54B3D08D2437D6EB07D63B7F8"}
[2017-04-17 21:27:11][debug] begin notify
[2017-04-17 21:27:11][debug] call back:{"appid":"wxd46e99b7f83183e1","bank_type":"COMM_CREDIT","cash_fee":"1","fee_type":"CNY","is_subscribe":"Y","mch_id":"1383580102","nonce_str":"94tveyzvtvxziev30p30mrtqh3an54r6","openid":"ovxXWv3CHJLsugBLuDQiCAxREFtE","out_trade_no":"201704172022396174","result_code":"SUCCESS","return_code":"SUCCESS","sign":"5C378F1C814401701463175D17FC6609","time_end":"20170417202246","total_fee":"1","trade_type":"JSAPI","transaction_id":"4002902001201704177376352952"}
[2017-04-17 21:27:12][debug] query:{"appid":"wxd46e99b7f83183e1","err_code":"ORDERNOTEXIST","err_code_des":"order not exist","mch_id":"1383580102","nonce_str":"CPor74v2dcm65ZkW","result_code":"FAIL","return_code":"SUCCESS","return_msg":"OK","sign":"7464FA0BB4234F3864D14C815A164182"}
[2017-04-17 21:57:15][debug] begin notify
[2017-04-17 21:57:15][debug] call back:{"appid":"wxd46e99b7f83183e1","bank_type":"COMM_CREDIT","cash_fee":"1","fee_type":"CNY","is_subscribe":"Y","mch_id":"1383580102","nonce_str":"94tveyzvtvxziev30p30mrtqh3an54r6","openid":"ovxXWv3CHJLsugBLuDQiCAxREFtE","out_trade_no":"201704172022396174","result_code":"SUCCESS","return_code":"SUCCESS","sign":"5C378F1C814401701463175D17FC6609","time_end":"20170417202246","total_fee":"1","trade_type":"JSAPI","transaction_id":"4002902001201704177376352952"}
[2017-04-17 21:57:16][debug] query:{"appid":"wxd46e99b7f83183e1","err_code":"ORDERNOTEXIST","err_code_des":"order not exist","mch_id":"1383580102","nonce_str":"Q6A97X3f3jtAWU7p","result_code":"FAIL","return_code":"SUCCESS","return_msg":"OK","sign":"A8E8DE4AB6C7F54C5002755C94A512F2"}
[2017-04-17 22:27:18][debug] begin notify
[2017-04-17 22:27:18][debug] call back:{"appid":"wxd46e99b7f83183e1","bank_type":"COMM_CREDIT","cash_fee":"1","fee_type":"CNY","is_subscribe":"Y","mch_id":"1383580102","nonce_str":"94tveyzvtvxziev30p30mrtqh3an54r6","openid":"ovxXWv3CHJLsugBLuDQiCAxREFtE","out_trade_no":"201704172022396174","result_code":"SUCCESS","return_code":"SUCCESS","sign":"5C378F1C814401701463175D17FC6609","time_end":"20170417202246","total_fee":"1","trade_type":"JSAPI","transaction_id":"4002902001201704177376352952"}
[2017-04-17 22:27:20][debug] query:{"appid":"wxd46e99b7f83183e1","err_code":"ORDERNOTEXIST","err_code_des":"order not exist","mch_id":"1383580102","nonce_str":"eZbg2jz3fxbBlxQ1","result_code":"FAIL","return_code":"SUCCESS","return_msg":"OK","sign":"6058523542AFF4377611DD3FBDCF3FB7"}
[2017-04-17 23:27:21][debug] begin notify
[2017-04-17 23:27:21][debug] call back:{"appid":"wxd46e99b7f83183e1","bank_type":"COMM_CREDIT","cash_fee":"1","fee_type":"CNY","is_subscribe":"Y","mch_id":"1383580102","nonce_str":"94tveyzvtvxziev30p30mrtqh3an54r6","openid":"ovxXWv3CHJLsugBLuDQiCAxREFtE","out_trade_no":"201704172022396174","result_code":"SUCCESS","return_code":"SUCCESS","sign":"5C378F1C814401701463175D17FC6609","time_end":"20170417202246","total_fee":"1","trade_type":"JSAPI","transaction_id":"4002902001201704177376352952"}
[2017-04-17 23:27:23][debug] query:{"appid":"wxd46e99b7f83183e1","err_code":"ORDERNOTEXIST","err_code_des":"order not exist","mch_id":"1383580102","nonce_str":"ZPITWWfAW5ZBgxrE","result_code":"FAIL","return_code":"SUCCESS","return_msg":"OK","sign":"2BBB94D6B401D39F31368C7E400902ED"}
