[2017-03-31 09:51:18][debug] begin notify
[2017-03-31 09:51:18][debug] call back:{"appid":"wxd46e99b7f83183e1","bank_type":"CFT","cash_fee":"1","fee_type":"CNY","is_subscribe":"Y","mch_id":"1383580102","nonce_str":"87oirxv0vrvj1lo158dj6gaz6scct0of","openid":"ovxXWv5Ldfh1B4nho4C-Jz6Kgma0","out_trade_no":"201703310948374457","result_code":"SUCCESS","return_code":"SUCCESS","sign":"0DA62F421DC1FE506E59AD9FF5B0FB09","time_end":"20170331095118","total_fee":"1","trade_type":"JSAPI","transaction_id":"4005242001201703315254225064"}
[2017-03-31 09:51:20][debug] query:{"appid":"wxd46e99b7f83183e1","err_code":"ORDERNOTEXIST","err_code_des":"order not exist","mch_id":"1383580102","nonce_str":"s7BmjI6sxn8jlfjQ","result_code":"FAIL","return_code":"SUCCESS","return_msg":"OK","sign":"16191C06BA9536DB81806B86C4673458"}
[2017-03-31 09:51:21][debug] begin notify
[2017-03-31 09:51:23][debug] query:{"appid":"wxd46e99b7f83183e1","attach":[],"bank_type":"CFT","cash_fee":"1","fee_type":"CNY","is_subscribe":"Y","mch_id":"1383580102","nonce_str":"BRtu6GprzNu3Bz5L","openid":"ovxXWv5Ldfh1B4nho4C-Jz6Kgma0","out_trade_no":"201703310948374457","result_code":"SUCCESS","return_code":"SUCCESS","return_msg":"OK","sign":"5DB927FD5E4C9715FAA81DB26AF565BD","time_end":"20170331095118","total_fee":"1","trade_state":"SUCCESS","trade_type":"JSAPI","transaction_id":"4005242001201703315254225064"}
[2017-03-31 09:51:34][debug] begin notify
[2017-03-31 09:51:34][debug] call back:{"appid":"wxd46e99b7f83183e1","bank_type":"CFT","cash_fee":"1","fee_type":"CNY","is_subscribe":"Y","mch_id":"1383580102","nonce_str":"87oirxv0vrvj1lo158dj6gaz6scct0of","openid":"ovxXWv5Ldfh1B4nho4C-Jz6Kgma0","out_trade_no":"201703310948374457","result_code":"SUCCESS","return_code":"SUCCESS","sign":"0DA62F421DC1FE506E59AD9FF5B0FB09","time_end":"20170331095118","total_fee":"1","trade_type":"JSAPI","transaction_id":"4005242001201703315254225064"}
[2017-03-31 09:51:36][debug] query:{"appid":"wxd46e99b7f83183e1","err_code":"ORDERNOTEXIST","err_code_des":"order not exist","mch_id":"1383580102","nonce_str":"2A60H0Xxd1fQHZOc","result_code":"FAIL","return_code":"SUCCESS","return_msg":"OK","sign":"D09242EA14FDF1DED960A6255B851C69"}
[2017-03-31 09:51:53][debug] begin notify
[2017-03-31 09:51:53][debug] call back:{"appid":"wxd46e99b7f83183e1","bank_type":"CFT","cash_fee":"1","fee_type":"CNY","is_subscribe":"Y","mch_id":"1383580102","nonce_str":"87oirxv0vrvj1lo158dj6gaz6scct0of","openid":"ovxXWv5Ldfh1B4nho4C-Jz6Kgma0","out_trade_no":"201703310948374457","result_code":"SUCCESS","return_code":"SUCCESS","sign":"0DA62F421DC1FE506E59AD9FF5B0FB09","time_end":"20170331095118","total_fee":"1","trade_type":"JSAPI","transaction_id":"4005242001201703315254225064"}
[2017-03-31 09:51:54][debug] query:{"appid":"wxd46e99b7f83183e1","err_code":"ORDERNOTEXIST","err_code_des":"order not exist","mch_id":"1383580102","nonce_str":"vFvEtERRJp1lguk2","result_code":"FAIL","return_code":"SUCCESS","return_msg":"OK","sign":"FA97A2A6608DBEDDFBEFD01048D5C2F5"}
[2017-03-31 09:52:14][debug] begin notify
[2017-03-31 09:52:14][debug] call back:{"appid":"wxd46e99b7f83183e1","bank_type":"CFT","cash_fee":"1","fee_type":"CNY","is_subscribe":"Y","mch_id":"1383580102","nonce_str":"egreueso05qwvntxrdxarvhu2imhdhvl","openid":"ovxXWv5Ldfh1B4nho4C-Jz6Kgma0","out_trade_no":"201703310951598250","result_code":"SUCCESS","return_code":"SUCCESS","sign":"DD4877430BE321ABDE15FBA722DC5F3A","time_end":"20170331095213","total_fee":"1","trade_type":"JSAPI","transaction_id":"4005242001201703315256183101"}
[2017-03-31 09:52:15][debug] query:{"appid":"wxd46e99b7f83183e1","err_code":"ORDERNOTEXIST","err_code_des":"order not exist","mch_id":"1383580102","nonce_str":"8bCma7y27L6ReiHP","result_code":"FAIL","return_code":"SUCCESS","return_msg":"OK","sign":"69EE45E60EC71BAAE17AB9AC5AF0C4FA"}
[2017-03-31 09:52:26][debug] begin notify
[2017-03-31 09:52:26][debug] call back:{"appid":"wxd46e99b7f83183e1","bank_type":"CFT","cash_fee":"1","fee_type":"CNY","is_subscribe":"Y","mch_id":"1383580102","nonce_str":"87oirxv0vrvj1lo158dj6gaz6scct0of","openid":"ovxXWv5Ldfh1B4nho4C-Jz6Kgma0","out_trade_no":"201703310948374457","result_code":"SUCCESS","return_code":"SUCCESS","sign":"0DA62F421DC1FE506E59AD9FF5B0FB09","time_end":"20170331095118","total_fee":"1","trade_type":"JSAPI","transaction_id":"4005242001201703315254225064"}
[2017-03-31 09:52:27][debug] query:{"appid":"wxd46e99b7f83183e1","err_code":"ORDERNOTEXIST","err_code_des":"order not exist","mch_id":"1383580102","nonce_str":"QrB471pEVjcafZZu","result_code":"FAIL","return_code":"SUCCESS","return_msg":"OK","sign":"F39AFDF8058EBDFB2EB45468B13D4104"}
[2017-03-31 09:52:30][debug] begin notify
[2017-03-31 09:52:30][debug] call back:{"appid":"wxd46e99b7f83183e1","bank_type":"CFT","cash_fee":"1","fee_type":"CNY","is_subscribe":"Y","mch_id":"1383580102","nonce_str":"egreueso05qwvntxrdxarvhu2imhdhvl","openid":"ovxXWv5Ldfh1B4nho4C-Jz6Kgma0","out_trade_no":"201703310951598250","result_code":"SUCCESS","return_code":"SUCCESS","sign":"DD4877430BE321ABDE15FBA722DC5F3A","time_end":"20170331095213","total_fee":"1","trade_type":"JSAPI","transaction_id":"4005242001201703315256183101"}
[2017-03-31 09:52:31][debug] query:{"appid":"wxd46e99b7f83183e1","err_code":"ORDERNOTEXIST","err_code_des":"order not exist","mch_id":"1383580102","nonce_str":"TiQbdZRXvZ7S3Srp","result_code":"FAIL","return_code":"SUCCESS","return_msg":"OK","sign":"C93E11791C632C9781091C6952BE8E86"}
[2017-03-31 09:52:47][debug] begin notify
[2017-03-31 09:52:47][debug] call back:{"appid":"wxd46e99b7f83183e1","bank_type":"CFT","cash_fee":"1","fee_type":"CNY","is_subscribe":"Y","mch_id":"1383580102","nonce_str":"egreueso05qwvntxrdxarvhu2imhdhvl","openid":"ovxXWv5Ldfh1B4nho4C-Jz6Kgma0","out_trade_no":"201703310951598250","result_code":"SUCCESS","return_code":"SUCCESS","sign":"DD4877430BE321ABDE15FBA722DC5F3A","time_end":"20170331095213","total_fee":"1","trade_type":"JSAPI","transaction_id":"4005242001201703315256183101"}
[2017-03-31 09:52:49][debug] query:{"appid":"wxd46e99b7f83183e1","err_code":"ORDERNOTEXIST","err_code_des":"order not exist","mch_id":"1383580102","nonce_str":"qQF7a3M5nDVNyjOr","result_code":"FAIL","return_code":"SUCCESS","return_msg":"OK","sign":"B312B8095A3276EE505D4E770D4DE3D1"}
[2017-03-31 09:53:21][debug] begin notify
[2017-03-31 09:53:21][debug] call back:{"appid":"wxd46e99b7f83183e1","bank_type":"CFT","cash_fee":"1","fee_type":"CNY","is_subscribe":"Y","mch_id":"1383580102","nonce_str":"egreueso05qwvntxrdxarvhu2imhdhvl","openid":"ovxXWv5Ldfh1B4nho4C-Jz6Kgma0","out_trade_no":"201703310951598250","result_code":"SUCCESS","return_code":"SUCCESS","sign":"DD4877430BE321ABDE15FBA722DC5F3A","time_end":"20170331095213","total_fee":"1","trade_type":"JSAPI","transaction_id":"4005242001201703315256183101"}
[2017-03-31 09:53:21][debug] query:{"appid":"wxd46e99b7f83183e1","err_code":"ORDERNOTEXIST","err_code_des":"order not exist","mch_id":"1383580102","nonce_str":"nYRWVvsCqCEzS4ID","result_code":"FAIL","return_code":"SUCCESS","return_msg":"OK","sign":"FD238062F6A6AEB1E37D1870D0FA236F"}
[2017-03-31 09:55:28][debug] begin notify
[2017-03-31 09:55:28][debug] call back:{"appid":"wxd46e99b7f83183e1","bank_type":"CFT","cash_fee":"1","fee_type":"CNY","is_subscribe":"Y","mch_id":"1383580102","nonce_str":"87oirxv0vrvj1lo158dj6gaz6scct0of","openid":"ovxXWv5Ldfh1B4nho4C-Jz6Kgma0","out_trade_no":"201703310948374457","result_code":"SUCCESS","return_code":"SUCCESS","sign":"0DA62F421DC1FE506E59AD9FF5B0FB09","time_end":"20170331095118","total_fee":"1","trade_type":"JSAPI","transaction_id":"4005242001201703315254225064"}
[2017-03-31 09:55:30][debug] query:{"appid":"wxd46e99b7f83183e1","err_code":"ORDERNOTEXIST","err_code_des":"order not exist","mch_id":"1383580102","nonce_str":"oz7nkZ7kZfkRG8Xi","result_code":"FAIL","return_code":"SUCCESS","return_msg":"OK","sign":"3829393B3FA1DF6DCDBD6C64F99BA429"}
[2017-03-31 09:56:23][debug] begin notify
[2017-03-31 09:56:23][debug] call back:{"appid":"wxd46e99b7f83183e1","bank_type":"CFT","cash_fee":"1","fee_type":"CNY","is_subscribe":"Y","mch_id":"1383580102","nonce_str":"egreueso05qwvntxrdxarvhu2imhdhvl","openid":"ovxXWv5Ldfh1B4nho4C-Jz6Kgma0","out_trade_no":"201703310951598250","result_code":"SUCCESS","return_code":"SUCCESS","sign":"DD4877430BE321ABDE15FBA722DC5F3A","time_end":"20170331095213","total_fee":"1","trade_type":"JSAPI","transaction_id":"4005242001201703315256183101"}
[2017-03-31 09:56:25][debug] begin notify
[2017-03-31 09:56:25][debug] query:{"appid":"wxd46e99b7f83183e1","err_code":"ORDERNOTEXIST","err_code_des":"order not exist","mch_id":"1383580102","nonce_str":"QhnMnzI76kMEMMGj","result_code":"FAIL","return_code":"SUCCESS","return_msg":"OK","sign":"9BC7292ADAA93BADAF2B0FA57C4B4E0B"}
[2017-03-31 09:56:26][debug] query:{"appid":"wxd46e99b7f83183e1","attach":[],"bank_type":"CFT","cash_fee":"1","fee_type":"CNY","is_subscribe":"Y","mch_id":"1383580102","nonce_str":"bd2eIyBrQZu9p3Wm","openid":"ovxXWv5Ldfh1B4nho4C-Jz6Kgma0","out_trade_no":"201703310951598250","result_code":"SUCCESS","return_code":"SUCCESS","return_msg":"OK","sign":"191DB866775E9325D95E4DB888937D9E","time_end":"20170331095213","total_fee":"1","trade_state":"SUCCESS","trade_type":"JSAPI","transaction_id":"4005242001201703315256183101"}
[2017-03-31 10:14:55][debug] begin notify
[2017-03-31 10:14:55][debug] call back:{"appid":"wxd46e99b7f83183e1","bank_type":"CFT","cash_fee":"6","fee_type":"CNY","is_subscribe":"Y","mch_id":"1383580102","nonce_str":"u83aadbyt5y7gp8zr1957egloogtq15y","openid":"ovxXWv7uG9INOmWsoGczIk3VE2sU","out_trade_no":"201703311014474017","result_code":"SUCCESS","return_code":"SUCCESS","sign":"77851C148EB57CD4E8D04B509210A0FE","time_end":"20170331101454","total_fee":"6","trade_type":"JSAPI","transaction_id":"4008632001201703315260773127"}
[2017-03-31 10:14:56][debug] query:{"appid":"wxd46e99b7f83183e1","err_code":"ORDERNOTEXIST","err_code_des":"order not exist","mch_id":"1383580102","nonce_str":"2ZYOQdm0D6OGiMuy","result_code":"FAIL","return_code":"SUCCESS","return_msg":"OK","sign":"6BA21FC68562E8570318CC5CA9E6AD2C"}
[2017-03-31 10:14:59][debug] begin notify
[2017-03-31 10:15:01][debug] query:{"appid":"wxd46e99b7f83183e1","attach":[],"bank_type":"CFT","cash_fee":"6","fee_type":"CNY","is_subscribe":"Y","mch_id":"1383580102","nonce_str":"1jiIVWq9eF8DYMyv","openid":"ovxXWv7uG9INOmWsoGczIk3VE2sU","out_trade_no":"201703311014474017","result_code":"SUCCESS","return_code":"SUCCESS","return_msg":"OK","sign":"0DE8079EC2E8CE522CC3150A4506974E","time_end":"20170331101454","total_fee":"6","trade_state":"SUCCESS","trade_type":"JSAPI","transaction_id":"4008632001201703315260773127"}
[2017-03-31 10:15:09][debug] begin notify
[2017-03-31 10:15:09][debug] call back:{"appid":"wxd46e99b7f83183e1","bank_type":"CFT","cash_fee":"6","fee_type":"CNY","is_subscribe":"Y","mch_id":"1383580102","nonce_str":"u83aadbyt5y7gp8zr1957egloogtq15y","openid":"ovxXWv7uG9INOmWsoGczIk3VE2sU","out_trade_no":"201703311014474017","result_code":"SUCCESS","return_code":"SUCCESS","sign":"77851C148EB57CD4E8D04B509210A0FE","time_end":"20170331101454","total_fee":"6","trade_type":"JSAPI","transaction_id":"4008632001201703315260773127"}
[2017-03-31 10:15:10][debug] query:{"appid":"wxd46e99b7f83183e1","err_code":"ORDERNOTEXIST","err_code_des":"order not exist","mch_id":"1383580102","nonce_str":"96Jv6kUB6jVNYQaW","result_code":"FAIL","return_code":"SUCCESS","return_msg":"OK","sign":"1EB4CDE2E37DBE936E8396C02499CB79"}
[2017-03-31 10:15:27][debug] begin notify
[2017-03-31 10:15:27][debug] call back:{"appid":"wxd46e99b7f83183e1","bank_type":"CFT","cash_fee":"6","fee_type":"CNY","is_subscribe":"Y","mch_id":"1383580102","nonce_str":"u83aadbyt5y7gp8zr1957egloogtq15y","openid":"ovxXWv7uG9INOmWsoGczIk3VE2sU","out_trade_no":"201703311014474017","result_code":"SUCCESS","return_code":"SUCCESS","sign":"77851C148EB57CD4E8D04B509210A0FE","time_end":"20170331101454","total_fee":"6","trade_type":"JSAPI","transaction_id":"4008632001201703315260773127"}
[2017-03-31 10:15:28][debug] query:{"appid":"wxd46e99b7f83183e1","err_code":"ORDERNOTEXIST","err_code_des":"order not exist","mch_id":"1383580102","nonce_str":"RaAwX3ANrxH9qlBI","result_code":"FAIL","return_code":"SUCCESS","return_msg":"OK","sign":"5B8EA1886A7092BAA688DE59CC036069"}
[2017-03-31 10:16:00][debug] begin notify
[2017-03-31 10:16:00][debug] call back:{"appid":"wxd46e99b7f83183e1","bank_type":"CFT","cash_fee":"6","fee_type":"CNY","is_subscribe":"Y","mch_id":"1383580102","nonce_str":"u83aadbyt5y7gp8zr1957egloogtq15y","openid":"ovxXWv7uG9INOmWsoGczIk3VE2sU","out_trade_no":"201703311014474017","result_code":"SUCCESS","return_code":"SUCCESS","sign":"77851C148EB57CD4E8D04B509210A0FE","time_end":"20170331101454","total_fee":"6","trade_type":"JSAPI","transaction_id":"4008632001201703315260773127"}
[2017-03-31 10:16:02][debug] query:{"appid":"wxd46e99b7f83183e1","err_code":"ORDERNOTEXIST","err_code_des":"order not exist","mch_id":"1383580102","nonce_str":"HN73PuS3CiIhbu09","result_code":"FAIL","return_code":"SUCCESS","return_msg":"OK","sign":"5788559E80155049AF64FC2C8A9B2C49"}
[2017-03-31 10:17:57][debug] begin notify
[2017-03-31 10:17:57][debug] call back:{"appid":"wxd46e99b7f83183e1","bank_type":"CMB_CREDIT","cash_fee":"1","fee_type":"CNY","is_subscribe":"Y","mch_id":"1383580102","nonce_str":"owjg20d78rfzp0pk9enhzx7xa2zshyu0","openid":"ovxXWv8RtVE9YdkVYBRY5xPOS2ks","out_trade_no":"201703311017479218","result_code":"SUCCESS","return_code":"SUCCESS","sign":"BA12FE67970BED8DBDA02F8F815A98C6","time_end":"20170331101756","total_fee":"1","trade_type":"JSAPI","transaction_id":"4007232001201703315260854121"}
[2017-03-31 10:17:58][debug] query:{"appid":"wxd46e99b7f83183e1","err_code":"ORDERNOTEXIST","err_code_des":"order not exist","mch_id":"1383580102","nonce_str":"XCIjyPzgKKQoCejl","result_code":"FAIL","return_code":"SUCCESS","return_msg":"OK","sign":"67B43185CD41CC7086B2BF3FDDF16712"}
[2017-03-31 10:17:59][debug] begin notify
[2017-03-31 10:18:01][debug] query:{"appid":"wxd46e99b7f83183e1","attach":[],"bank_type":"CMB_CREDIT","cash_fee":"1","fee_type":"CNY","is_subscribe":"Y","mch_id":"1383580102","nonce_str":"xEXy5Zc3F9vhcDHM","openid":"ovxXWv8RtVE9YdkVYBRY5xPOS2ks","out_trade_no":"201703311017479218","result_code":"SUCCESS","return_code":"SUCCESS","return_msg":"OK","sign":"94D6D838C0610F37154F51033AE0E25E","time_end":"20170331101756","total_fee":"1","trade_state":"SUCCESS","trade_type":"JSAPI","transaction_id":"4007232001201703315260854121"}
[2017-03-31 10:18:10][debug] begin notify
[2017-03-31 10:18:10][debug] call back:{"appid":"wxd46e99b7f83183e1","bank_type":"CMB_CREDIT","cash_fee":"1","fee_type":"CNY","is_subscribe":"Y","mch_id":"1383580102","nonce_str":"owjg20d78rfzp0pk9enhzx7xa2zshyu0","openid":"ovxXWv8RtVE9YdkVYBRY5xPOS2ks","out_trade_no":"201703311017479218","result_code":"SUCCESS","return_code":"SUCCESS","sign":"BA12FE67970BED8DBDA02F8F815A98C6","time_end":"20170331101756","total_fee":"1","trade_type":"JSAPI","transaction_id":"4007232001201703315260854121"}
[2017-03-31 10:18:10][debug] query:{"appid":"wxd46e99b7f83183e1","err_code":"ORDERNOTEXIST","err_code_des":"order not exist","mch_id":"1383580102","nonce_str":"ZHKYrmu9K7Oga4GD","result_code":"FAIL","return_code":"SUCCESS","return_msg":"OK","sign":"23A2087EBB0A4A3C4822D2D84B747D6F"}
[2017-03-31 10:18:26][debug] begin notify
[2017-03-31 10:18:26][debug] call back:{"appid":"wxd46e99b7f83183e1","bank_type":"CMB_CREDIT","cash_fee":"1","fee_type":"CNY","is_subscribe":"Y","mch_id":"1383580102","nonce_str":"owjg20d78rfzp0pk9enhzx7xa2zshyu0","openid":"ovxXWv8RtVE9YdkVYBRY5xPOS2ks","out_trade_no":"201703311017479218","result_code":"SUCCESS","return_code":"SUCCESS","sign":"BA12FE67970BED8DBDA02F8F815A98C6","time_end":"20170331101756","total_fee":"1","trade_type":"JSAPI","transaction_id":"4007232001201703315260854121"}
[2017-03-31 10:18:26][debug] query:{"appid":"wxd46e99b7f83183e1","err_code":"ORDERNOTEXIST","err_code_des":"order not exist","mch_id":"1383580102","nonce_str":"iwUPuj6ZtBDvlv6U","result_code":"FAIL","return_code":"SUCCESS","return_msg":"OK","sign":"1CD6CC2742B59C24185E1759285D0498"}
[2017-03-31 10:18:59][debug] begin notify
[2017-03-31 10:18:59][debug] call back:{"appid":"wxd46e99b7f83183e1","bank_type":"CMB_CREDIT","cash_fee":"1","fee_type":"CNY","is_subscribe":"Y","mch_id":"1383580102","nonce_str":"owjg20d78rfzp0pk9enhzx7xa2zshyu0","openid":"ovxXWv8RtVE9YdkVYBRY5xPOS2ks","out_trade_no":"201703311017479218","result_code":"SUCCESS","return_code":"SUCCESS","sign":"BA12FE67970BED8DBDA02F8F815A98C6","time_end":"20170331101756","total_fee":"1","trade_type":"JSAPI","transaction_id":"4007232001201703315260854121"}
[2017-03-31 10:19:01][debug] query:{"appid":"wxd46e99b7f83183e1","err_code":"ORDERNOTEXIST","err_code_des":"order not exist","mch_id":"1383580102","nonce_str":"RkylsyWKo6FJ7TdD","result_code":"FAIL","return_code":"SUCCESS","return_msg":"OK","sign":"B280AD05D4BFA361B638FD8B26CBA36E"}
[2017-03-31 10:19:04][debug] begin notify
[2017-03-31 10:19:04][debug] call back:{"appid":"wxd46e99b7f83183e1","bank_type":"CFT","cash_fee":"6","fee_type":"CNY","is_subscribe":"Y","mch_id":"1383580102","nonce_str":"u83aadbyt5y7gp8zr1957egloogtq15y","openid":"ovxXWv7uG9INOmWsoGczIk3VE2sU","out_trade_no":"201703311014474017","result_code":"SUCCESS","return_code":"SUCCESS","sign":"77851C148EB57CD4E8D04B509210A0FE","time_end":"20170331101454","total_fee":"6","trade_type":"JSAPI","transaction_id":"4008632001201703315260773127"}
[2017-03-31 10:19:06][debug] query:{"appid":"wxd46e99b7f83183e1","err_code":"ORDERNOTEXIST","err_code_des":"order not exist","mch_id":"1383580102","nonce_str":"mOy8EFMOuabJcBZ2","result_code":"FAIL","return_code":"SUCCESS","return_msg":"OK","sign":"51EB905DBECC19167F1822B1A6F6C8BB"}
[2017-03-31 10:22:03][debug] begin notify
[2017-03-31 10:22:03][debug] call back:{"appid":"wxd46e99b7f83183e1","bank_type":"CMB_CREDIT","cash_fee":"1","fee_type":"CNY","is_subscribe":"Y","mch_id":"1383580102","nonce_str":"owjg20d78rfzp0pk9enhzx7xa2zshyu0","openid":"ovxXWv8RtVE9YdkVYBRY5xPOS2ks","out_trade_no":"201703311017479218","result_code":"SUCCESS","return_code":"SUCCESS","sign":"BA12FE67970BED8DBDA02F8F815A98C6","time_end":"20170331101756","total_fee":"1","trade_type":"JSAPI","transaction_id":"4007232001201703315260854121"}
[2017-03-31 10:22:07][debug] query:{"appid":"wxd46e99b7f83183e1","err_code":"ORDERNOTEXIST","err_code_des":"order not exist","mch_id":"1383580102","nonce_str":"sl7TICEB2jEZWCcV","result_code":"FAIL","return_code":"SUCCESS","return_msg":"OK","sign":"9FDC1291BEADBF60074766FB07A79864"}
[2017-03-31 10:25:32][debug] begin notify
[2017-03-31 10:25:32][debug] call back:{"appid":"wxd46e99b7f83183e1","bank_type":"CFT","cash_fee":"1","fee_type":"CNY","is_subscribe":"Y","mch_id":"1383580102","nonce_str":"87oirxv0vrvj1lo158dj6gaz6scct0of","openid":"ovxXWv5Ldfh1B4nho4C-Jz6Kgma0","out_trade_no":"201703310948374457","result_code":"SUCCESS","return_code":"SUCCESS","sign":"0DA62F421DC1FE506E59AD9FF5B0FB09","time_end":"20170331095118","total_fee":"1","trade_type":"JSAPI","transaction_id":"4005242001201703315254225064"}
[2017-03-31 10:25:33][debug] query:{"appid":"wxd46e99b7f83183e1","err_code":"ORDERNOTEXIST","err_code_des":"order not exist","mch_id":"1383580102","nonce_str":"MLlt979omrzbYm2V","result_code":"FAIL","return_code":"SUCCESS","return_msg":"OK","sign":"FF5DA20A8015C3C005163E7460FC19C1"}
[2017-03-31 10:26:27][debug] begin notify
[2017-03-31 10:26:27][debug] call back:{"appid":"wxd46e99b7f83183e1","bank_type":"CFT","cash_fee":"1","fee_type":"CNY","is_subscribe":"Y","mch_id":"1383580102","nonce_str":"egreueso05qwvntxrdxarvhu2imhdhvl","openid":"ovxXWv5Ldfh1B4nho4C-Jz6Kgma0","out_trade_no":"201703310951598250","result_code":"SUCCESS","return_code":"SUCCESS","sign":"DD4877430BE321ABDE15FBA722DC5F3A","time_end":"20170331095213","total_fee":"1","trade_type":"JSAPI","transaction_id":"4005242001201703315256183101"}
[2017-03-31 10:26:29][debug] query:{"appid":"wxd46e99b7f83183e1","err_code":"ORDERNOTEXIST","err_code_des":"order not exist","mch_id":"1383580102","nonce_str":"U6VuoMWdoowxHUD1","result_code":"FAIL","return_code":"SUCCESS","return_msg":"OK","sign":"FFE42CB6A4C3DC5127175666115B8969"}
[2017-03-31 10:49:09][debug] begin notify
[2017-03-31 10:49:09][debug] call back:{"appid":"wxd46e99b7f83183e1","bank_type":"CFT","cash_fee":"6","fee_type":"CNY","is_subscribe":"Y","mch_id":"1383580102","nonce_str":"u83aadbyt5y7gp8zr1957egloogtq15y","openid":"ovxXWv7uG9INOmWsoGczIk3VE2sU","out_trade_no":"201703311014474017","result_code":"SUCCESS","return_code":"SUCCESS","sign":"77851C148EB57CD4E8D04B509210A0FE","time_end":"20170331101454","total_fee":"6","trade_type":"JSAPI","transaction_id":"4008632001201703315260773127"}
[2017-03-31 10:49:10][debug] query:{"appid":"wxd46e99b7f83183e1","err_code":"ORDERNOTEXIST","err_code_des":"order not exist","mch_id":"1383580102","nonce_str":"gTo5lORMOkhZFKPQ","result_code":"FAIL","return_code":"SUCCESS","return_msg":"OK","sign":"A6B10F2A4BB9A0F261B4AAC53E3B826A"}
[2017-03-31 10:52:09][debug] begin notify
[2017-03-31 10:52:09][debug] call back:{"appid":"wxd46e99b7f83183e1","bank_type":"CMB_CREDIT","cash_fee":"1","fee_type":"CNY","is_subscribe":"Y","mch_id":"1383580102","nonce_str":"owjg20d78rfzp0pk9enhzx7xa2zshyu0","openid":"ovxXWv8RtVE9YdkVYBRY5xPOS2ks","out_trade_no":"201703311017479218","result_code":"SUCCESS","return_code":"SUCCESS","sign":"BA12FE67970BED8DBDA02F8F815A98C6","time_end":"20170331101756","total_fee":"1","trade_type":"JSAPI","transaction_id":"4007232001201703315260854121"}
[2017-03-31 10:52:09][debug] query:{"appid":"wxd46e99b7f83183e1","err_code":"ORDERNOTEXIST","err_code_des":"order not exist","mch_id":"1383580102","nonce_str":"PUsLodxjwFHtBfFu","result_code":"FAIL","return_code":"SUCCESS","return_msg":"OK","sign":"35CAD3955DF40E38BEAE34D5A0E6059D"}
[2017-03-31 10:55:35][debug] begin notify
[2017-03-31 10:55:35][debug] call back:{"appid":"wxd46e99b7f83183e1","bank_type":"CFT","cash_fee":"1","fee_type":"CNY","is_subscribe":"Y","mch_id":"1383580102","nonce_str":"87oirxv0vrvj1lo158dj6gaz6scct0of","openid":"ovxXWv5Ldfh1B4nho4C-Jz6Kgma0","out_trade_no":"201703310948374457","result_code":"SUCCESS","return_code":"SUCCESS","sign":"0DA62F421DC1FE506E59AD9FF5B0FB09","time_end":"20170331095118","total_fee":"1","trade_type":"JSAPI","transaction_id":"4005242001201703315254225064"}
[2017-03-31 10:55:37][debug] query:{"appid":"wxd46e99b7f83183e1","err_code":"ORDERNOTEXIST","err_code_des":"order not exist","mch_id":"1383580102","nonce_str":"fo9k1CrrTfSBVfPe","result_code":"FAIL","return_code":"SUCCESS","return_msg":"OK","sign":"945B6A8FD77F33F5D70741FB81ABCD5F"}
[2017-03-31 10:56:32][debug] begin notify
[2017-03-31 10:56:32][debug] call back:{"appid":"wxd46e99b7f83183e1","bank_type":"CFT","cash_fee":"1","fee_type":"CNY","is_subscribe":"Y","mch_id":"1383580102","nonce_str":"egreueso05qwvntxrdxarvhu2imhdhvl","openid":"ovxXWv5Ldfh1B4nho4C-Jz6Kgma0","out_trade_no":"201703310951598250","result_code":"SUCCESS","return_code":"SUCCESS","sign":"DD4877430BE321ABDE15FBA722DC5F3A","time_end":"20170331095213","total_fee":"1","trade_type":"JSAPI","transaction_id":"4005242001201703315256183101"}
[2017-03-31 10:56:33][debug] query:{"appid":"wxd46e99b7f83183e1","err_code":"ORDERNOTEXIST","err_code_des":"order not exist","mch_id":"1383580102","nonce_str":"JmcbVwt1mBPyFXeR","result_code":"FAIL","return_code":"SUCCESS","return_msg":"OK","sign":"509C9B882EC94C851B6C6116BF32C7A0"}
[2017-03-31 11:19:13][debug] begin notify
[2017-03-31 11:19:13][debug] call back:{"appid":"wxd46e99b7f83183e1","bank_type":"CFT","cash_fee":"6","fee_type":"CNY","is_subscribe":"Y","mch_id":"1383580102","nonce_str":"u83aadbyt5y7gp8zr1957egloogtq15y","openid":"ovxXWv7uG9INOmWsoGczIk3VE2sU","out_trade_no":"201703311014474017","result_code":"SUCCESS","return_code":"SUCCESS","sign":"77851C148EB57CD4E8D04B509210A0FE","time_end":"20170331101454","total_fee":"6","trade_type":"JSAPI","transaction_id":"4008632001201703315260773127"}
[2017-03-31 11:19:14][debug] query:{"appid":"wxd46e99b7f83183e1","err_code":"ORDERNOTEXIST","err_code_des":"order not exist","mch_id":"1383580102","nonce_str":"vIeB0aDle55cFgpS","result_code":"FAIL","return_code":"SUCCESS","return_msg":"OK","sign":"23035C63E6BEFDFA90F9B7E2754D2DD8"}
[2017-03-31 11:22:11][debug] begin notify
[2017-03-31 11:22:11][debug] call back:{"appid":"wxd46e99b7f83183e1","bank_type":"CMB_CREDIT","cash_fee":"1","fee_type":"CNY","is_subscribe":"Y","mch_id":"1383580102","nonce_str":"owjg20d78rfzp0pk9enhzx7xa2zshyu0","openid":"ovxXWv8RtVE9YdkVYBRY5xPOS2ks","out_trade_no":"201703311017479218","result_code":"SUCCESS","return_code":"SUCCESS","sign":"BA12FE67970BED8DBDA02F8F815A98C6","time_end":"20170331101756","total_fee":"1","trade_type":"JSAPI","transaction_id":"4007232001201703315260854121"}
[2017-03-31 11:22:12][debug] query:{"appid":"wxd46e99b7f83183e1","err_code":"ORDERNOTEXIST","err_code_des":"order not exist","mch_id":"1383580102","nonce_str":"RmNAGqPjEFKQJdGC","result_code":"FAIL","return_code":"SUCCESS","return_msg":"OK","sign":"AB082FFB5BD5619042DA2D2C8018DBD7"}
[2017-03-31 11:25:38][debug] begin notify
[2017-03-31 11:25:38][debug] call back:{"appid":"wxd46e99b7f83183e1","bank_type":"CFT","cash_fee":"1","fee_type":"CNY","is_subscribe":"Y","mch_id":"1383580102","nonce_str":"87oirxv0vrvj1lo158dj6gaz6scct0of","openid":"ovxXWv5Ldfh1B4nho4C-Jz6Kgma0","out_trade_no":"201703310948374457","result_code":"SUCCESS","return_code":"SUCCESS","sign":"0DA62F421DC1FE506E59AD9FF5B0FB09","time_end":"20170331095118","total_fee":"1","trade_type":"JSAPI","transaction_id":"4005242001201703315254225064"}
[2017-03-31 11:25:39][debug] query:{"appid":"wxd46e99b7f83183e1","err_code":"ORDERNOTEXIST","err_code_des":"order not exist","mch_id":"1383580102","nonce_str":"GnGEAveZ4xC9ivVN","result_code":"FAIL","return_code":"SUCCESS","return_msg":"OK","sign":"DB07D6F6DC8C2AD2F429A7C55ABAA7AD"}
[2017-03-31 11:26:34][debug] begin notify
[2017-03-31 11:26:34][debug] call back:{"appid":"wxd46e99b7f83183e1","bank_type":"CFT","cash_fee":"1","fee_type":"CNY","is_subscribe":"Y","mch_id":"1383580102","nonce_str":"egreueso05qwvntxrdxarvhu2imhdhvl","openid":"ovxXWv5Ldfh1B4nho4C-Jz6Kgma0","out_trade_no":"201703310951598250","result_code":"SUCCESS","return_code":"SUCCESS","sign":"DD4877430BE321ABDE15FBA722DC5F3A","time_end":"20170331095213","total_fee":"1","trade_type":"JSAPI","transaction_id":"4005242001201703315256183101"}
[2017-03-31 11:26:36][debug] query:{"appid":"wxd46e99b7f83183e1","err_code":"ORDERNOTEXIST","err_code_des":"order not exist","mch_id":"1383580102","nonce_str":"TDfdhgCmSIZzC7Mv","result_code":"FAIL","return_code":"SUCCESS","return_msg":"OK","sign":"88EBF3954EB70AB4F8AC481EFFD0C153"}
[2017-03-31 11:49:15][debug] begin notify
[2017-03-31 11:49:15][debug] call back:{"appid":"wxd46e99b7f83183e1","bank_type":"CFT","cash_fee":"6","fee_type":"CNY","is_subscribe":"Y","mch_id":"1383580102","nonce_str":"u83aadbyt5y7gp8zr1957egloogtq15y","openid":"ovxXWv7uG9INOmWsoGczIk3VE2sU","out_trade_no":"201703311014474017","result_code":"SUCCESS","return_code":"SUCCESS","sign":"77851C148EB57CD4E8D04B509210A0FE","time_end":"20170331101454","total_fee":"6","trade_type":"JSAPI","transaction_id":"4008632001201703315260773127"}
[2017-03-31 11:49:17][debug] query:{"appid":"wxd46e99b7f83183e1","err_code":"ORDERNOTEXIST","err_code_des":"order not exist","mch_id":"1383580102","nonce_str":"BYLs4WnACQoVPqTZ","result_code":"FAIL","return_code":"SUCCESS","return_msg":"OK","sign":"D3CBB374123DD3B0C2E7C9687FB49366"}
[2017-03-31 11:52:14][debug] begin notify
[2017-03-31 11:52:14][debug] call back:{"appid":"wxd46e99b7f83183e1","bank_type":"CMB_CREDIT","cash_fee":"1","fee_type":"CNY","is_subscribe":"Y","mch_id":"1383580102","nonce_str":"owjg20d78rfzp0pk9enhzx7xa2zshyu0","openid":"ovxXWv8RtVE9YdkVYBRY5xPOS2ks","out_trade_no":"201703311017479218","result_code":"SUCCESS","return_code":"SUCCESS","sign":"BA12FE67970BED8DBDA02F8F815A98C6","time_end":"20170331101756","total_fee":"1","trade_type":"JSAPI","transaction_id":"4007232001201703315260854121"}
[2017-03-31 11:52:16][debug] query:{"appid":"wxd46e99b7f83183e1","err_code":"ORDERNOTEXIST","err_code_des":"order not exist","mch_id":"1383580102","nonce_str":"scbdNeoDlZyW5SKt","result_code":"FAIL","return_code":"SUCCESS","return_msg":"OK","sign":"1E0B4AE763FBF1B4E56AA6D144459A21"}
[2017-03-31 11:55:41][debug] begin notify
[2017-03-31 11:55:41][debug] call back:{"appid":"wxd46e99b7f83183e1","bank_type":"CFT","cash_fee":"1","fee_type":"CNY","is_subscribe":"Y","mch_id":"1383580102","nonce_str":"87oirxv0vrvj1lo158dj6gaz6scct0of","openid":"ovxXWv5Ldfh1B4nho4C-Jz6Kgma0","out_trade_no":"201703310948374457","result_code":"SUCCESS","return_code":"SUCCESS","sign":"0DA62F421DC1FE506E59AD9FF5B0FB09","time_end":"20170331095118","total_fee":"1","trade_type":"JSAPI","transaction_id":"4005242001201703315254225064"}
[2017-03-31 11:55:43][debug] query:{"appid":"wxd46e99b7f83183e1","err_code":"ORDERNOTEXIST","err_code_des":"order not exist","mch_id":"1383580102","nonce_str":"ZcKYLdScK9ebMvic","result_code":"FAIL","return_code":"SUCCESS","return_msg":"OK","sign":"DA6F1F811886BE7BCFCBA2BDDD92B588"}
[2017-03-31 11:56:37][debug] begin notify
[2017-03-31 11:56:37][debug] call back:{"appid":"wxd46e99b7f83183e1","bank_type":"CFT","cash_fee":"1","fee_type":"CNY","is_subscribe":"Y","mch_id":"1383580102","nonce_str":"egreueso05qwvntxrdxarvhu2imhdhvl","openid":"ovxXWv5Ldfh1B4nho4C-Jz6Kgma0","out_trade_no":"201703310951598250","result_code":"SUCCESS","return_code":"SUCCESS","sign":"DD4877430BE321ABDE15FBA722DC5F3A","time_end":"20170331095213","total_fee":"1","trade_type":"JSAPI","transaction_id":"4005242001201703315256183101"}
[2017-03-31 11:56:37][debug] query:{"appid":"wxd46e99b7f83183e1","err_code":"ORDERNOTEXIST","err_code_des":"order not exist","mch_id":"1383580102","nonce_str":"OKlmjOH5dhMTuxFK","result_code":"FAIL","return_code":"SUCCESS","return_msg":"OK","sign":"60E3B9259BC8B837E747491131C13A46"}
[2017-03-31 12:19:19][debug] begin notify
[2017-03-31 12:19:19][debug] call back:{"appid":"wxd46e99b7f83183e1","bank_type":"CFT","cash_fee":"6","fee_type":"CNY","is_subscribe":"Y","mch_id":"1383580102","nonce_str":"u83aadbyt5y7gp8zr1957egloogtq15y","openid":"ovxXWv7uG9INOmWsoGczIk3VE2sU","out_trade_no":"201703311014474017","result_code":"SUCCESS","return_code":"SUCCESS","sign":"77851C148EB57CD4E8D04B509210A0FE","time_end":"20170331101454","total_fee":"6","trade_type":"JSAPI","transaction_id":"4008632001201703315260773127"}
[2017-03-31 12:19:20][debug] query:{"appid":"wxd46e99b7f83183e1","err_code":"ORDERNOTEXIST","err_code_des":"order not exist","mch_id":"1383580102","nonce_str":"BFxXfpqxWH8Itkri","result_code":"FAIL","return_code":"SUCCESS","return_msg":"OK","sign":"7587967E9DC4193B5198FED5F2FCAC06"}
[2017-03-31 12:22:18][debug] begin notify
[2017-03-31 12:22:18][debug] call back:{"appid":"wxd46e99b7f83183e1","bank_type":"CMB_CREDIT","cash_fee":"1","fee_type":"CNY","is_subscribe":"Y","mch_id":"1383580102","nonce_str":"owjg20d78rfzp0pk9enhzx7xa2zshyu0","openid":"ovxXWv8RtVE9YdkVYBRY5xPOS2ks","out_trade_no":"201703311017479218","result_code":"SUCCESS","return_code":"SUCCESS","sign":"BA12FE67970BED8DBDA02F8F815A98C6","time_end":"20170331101756","total_fee":"1","trade_type":"JSAPI","transaction_id":"4007232001201703315260854121"}
[2017-03-31 12:22:18][debug] query:{"appid":"wxd46e99b7f83183e1","err_code":"ORDERNOTEXIST","err_code_des":"order not exist","mch_id":"1383580102","nonce_str":"Dq9xoyE7exkASyJY","result_code":"FAIL","return_code":"SUCCESS","return_msg":"OK","sign":"4F0FEE99411F3EE63F897E325638E263"}
[2017-03-31 12:55:45][debug] begin notify
[2017-03-31 12:55:45][debug] call back:{"appid":"wxd46e99b7f83183e1","bank_type":"CFT","cash_fee":"1","fee_type":"CNY","is_subscribe":"Y","mch_id":"1383580102","nonce_str":"87oirxv0vrvj1lo158dj6gaz6scct0of","openid":"ovxXWv5Ldfh1B4nho4C-Jz6Kgma0","out_trade_no":"201703310948374457","result_code":"SUCCESS","return_code":"SUCCESS","sign":"0DA62F421DC1FE506E59AD9FF5B0FB09","time_end":"20170331095118","total_fee":"1","trade_type":"JSAPI","transaction_id":"4005242001201703315254225064"}
[2017-03-31 12:55:46][debug] query:{"appid":"wxd46e99b7f83183e1","err_code":"ORDERNOTEXIST","err_code_des":"order not exist","mch_id":"1383580102","nonce_str":"K1AWO7FocGftgqt0","result_code":"FAIL","return_code":"SUCCESS","return_msg":"OK","sign":"E812E9958B4FEE522990E0B296432970"}
[2017-03-31 12:56:38][debug] begin notify
[2017-03-31 12:56:38][debug] call back:{"appid":"wxd46e99b7f83183e1","bank_type":"CFT","cash_fee":"1","fee_type":"CNY","is_subscribe":"Y","mch_id":"1383580102","nonce_str":"egreueso05qwvntxrdxarvhu2imhdhvl","openid":"ovxXWv5Ldfh1B4nho4C-Jz6Kgma0","out_trade_no":"201703310951598250","result_code":"SUCCESS","return_code":"SUCCESS","sign":"DD4877430BE321ABDE15FBA722DC5F3A","time_end":"20170331095213","total_fee":"1","trade_type":"JSAPI","transaction_id":"4005242001201703315256183101"}
[2017-03-31 12:56:39][debug] query:{"appid":"wxd46e99b7f83183e1","err_code":"ORDERNOTEXIST","err_code_des":"order not exist","mch_id":"1383580102","nonce_str":"REjmuoCTTYKJLhL9","result_code":"FAIL","return_code":"SUCCESS","return_msg":"OK","sign":"23B72A09BEF3D8D306040746C37512C2"}
[2017-03-31 13:19:23][debug] begin notify
[2017-03-31 13:19:23][debug] call back:{"appid":"wxd46e99b7f83183e1","bank_type":"CFT","cash_fee":"6","fee_type":"CNY","is_subscribe":"Y","mch_id":"1383580102","nonce_str":"u83aadbyt5y7gp8zr1957egloogtq15y","openid":"ovxXWv7uG9INOmWsoGczIk3VE2sU","out_trade_no":"201703311014474017","result_code":"SUCCESS","return_code":"SUCCESS","sign":"77851C148EB57CD4E8D04B509210A0FE","time_end":"20170331101454","total_fee":"6","trade_type":"JSAPI","transaction_id":"4008632001201703315260773127"}
[2017-03-31 13:19:25][debug] query:{"appid":"wxd46e99b7f83183e1","err_code":"ORDERNOTEXIST","err_code_des":"order not exist","mch_id":"1383580102","nonce_str":"3C3zkZsWUlE7P2Vm","result_code":"FAIL","return_code":"SUCCESS","return_msg":"OK","sign":"9313AA28531B844031BD54695FD2DA90"}
[2017-03-31 13:22:21][debug] begin notify
[2017-03-31 13:22:21][debug] call back:{"appid":"wxd46e99b7f83183e1","bank_type":"CMB_CREDIT","cash_fee":"1","fee_type":"CNY","is_subscribe":"Y","mch_id":"1383580102","nonce_str":"owjg20d78rfzp0pk9enhzx7xa2zshyu0","openid":"ovxXWv8RtVE9YdkVYBRY5xPOS2ks","out_trade_no":"201703311017479218","result_code":"SUCCESS","return_code":"SUCCESS","sign":"BA12FE67970BED8DBDA02F8F815A98C6","time_end":"20170331101756","total_fee":"1","trade_type":"JSAPI","transaction_id":"4007232001201703315260854121"}
[2017-03-31 13:22:23][debug] query:{"appid":"wxd46e99b7f83183e1","err_code":"ORDERNOTEXIST","err_code_des":"order not exist","mch_id":"1383580102","nonce_str":"XEbOHNfAVeOKqxaC","result_code":"FAIL","return_code":"SUCCESS","return_msg":"OK","sign":"92AF44CBC8ED625A28475D301E58EAC3"}
