[2017-06-25 10:36:25][debug] begin notify
[2017-06-25 10:36:25][debug] call back:{"appid":"wxd46e99b7f83183e1","bank_type":"CFT","cash_fee":"100","fee_type":"CNY","is_subscribe":"Y","mch_id":"1383580102","nonce_str":"tvkec5kn27300hg6smcpidn3rbx4jyjh","openid":"ovxXWv5Ldfh1B4nho4C-Jz6Kgma0","out_trade_no":"2017062510362670","result_code":"SUCCESS","return_code":"SUCCESS","sign":"BCCE10E8D0210EDFED3B04226A86A01B","time_end":"20170625103624","total_fee":"100","trade_type":"JSAPI","transaction_id":"4005242001201706257317104634"}
[2017-06-25 10:36:25][debug] query:{"appid":"wxd46e99b7f83183e1","err_code":"ORDERNOTEXIST","err_code_des":"order not exist","mch_id":"1383580102","nonce_str":"SDB2tpZH90VOuZsn","result_code":"FAIL","return_code":"SUCCESS","return_msg":"OK","sign":"952C327ABA8806A72A214D800B616938"}
[2017-06-25 10:36:29][debug] begin notify
[2017-06-25 10:36:29][debug] query:{"appid":"wxd46e99b7f83183e1","attach":[],"bank_type":"CFT","cash_fee":"100","fee_type":"CNY","is_subscribe":"Y","mch_id":"1383580102","nonce_str":"ByIOkKmIvUgZOxHs","openid":"ovxXWv5Ldfh1B4nho4C-Jz6Kgma0","out_trade_no":"2017062510362670","result_code":"SUCCESS","return_code":"SUCCESS","return_msg":"OK","sign":"C7CBF5ED7DFDE5FE009997E8C33212E4","time_end":"20170625103624","total_fee":"100","trade_state":"SUCCESS","trade_type":"JSAPI","transaction_id":"4005242001201706257317104634"}
[2017-06-25 10:36:38][debug] begin notify
[2017-06-25 10:36:38][debug] call back:{"appid":"wxd46e99b7f83183e1","bank_type":"CFT","cash_fee":"100","fee_type":"CNY","is_subscribe":"Y","mch_id":"1383580102","nonce_str":"tvkec5kn27300hg6smcpidn3rbx4jyjh","openid":"ovxXWv5Ldfh1B4nho4C-Jz6Kgma0","out_trade_no":"2017062510362670","result_code":"SUCCESS","return_code":"SUCCESS","sign":"BCCE10E8D0210EDFED3B04226A86A01B","time_end":"20170625103624","total_fee":"100","trade_type":"JSAPI","transaction_id":"4005242001201706257317104634"}
[2017-06-25 10:36:38][debug] query:{"appid":"wxd46e99b7f83183e1","err_code":"ORDERNOTEXIST","err_code_des":"order not exist","mch_id":"1383580102","nonce_str":"RfJ2FgswQesCwbsz","result_code":"FAIL","return_code":"SUCCESS","return_msg":"OK","sign":"4A4C9F4CE7A9D8A44555BE48C75C7072"}
[2017-06-25 10:36:55][debug] begin notify
[2017-06-25 10:36:55][debug] call back:{"appid":"wxd46e99b7f83183e1","bank_type":"CFT","cash_fee":"100","fee_type":"CNY","is_subscribe":"Y","mch_id":"1383580102","nonce_str":"tvkec5kn27300hg6smcpidn3rbx4jyjh","openid":"ovxXWv5Ldfh1B4nho4C-Jz6Kgma0","out_trade_no":"2017062510362670","result_code":"SUCCESS","return_code":"SUCCESS","sign":"BCCE10E8D0210EDFED3B04226A86A01B","time_end":"20170625103624","total_fee":"100","trade_type":"JSAPI","transaction_id":"4005242001201706257317104634"}
[2017-06-25 10:36:55][debug] query:{"appid":"wxd46e99b7f83183e1","err_code":"ORDERNOTEXIST","err_code_des":"order not exist","mch_id":"1383580102","nonce_str":"TROMhqRJtEK1qZim","result_code":"FAIL","return_code":"SUCCESS","return_msg":"OK","sign":"FF7D895A7E1205F639286675227F19C1"}
[2017-06-25 10:37:26][debug] begin notify
[2017-06-25 10:37:26][debug] call back:{"appid":"wxd46e99b7f83183e1","bank_type":"CFT","cash_fee":"100","fee_type":"CNY","is_subscribe":"Y","mch_id":"1383580102","nonce_str":"tvkec5kn27300hg6smcpidn3rbx4jyjh","openid":"ovxXWv5Ldfh1B4nho4C-Jz6Kgma0","out_trade_no":"2017062510362670","result_code":"SUCCESS","return_code":"SUCCESS","sign":"BCCE10E8D0210EDFED3B04226A86A01B","time_end":"20170625103624","total_fee":"100","trade_type":"JSAPI","transaction_id":"4005242001201706257317104634"}
[2017-06-25 10:37:26][debug] query:{"appid":"wxd46e99b7f83183e1","err_code":"ORDERNOTEXIST","err_code_des":"order not exist","mch_id":"1383580102","nonce_str":"gZcPxnnhvBB3yjJc","result_code":"FAIL","return_code":"SUCCESS","return_msg":"OK","sign":"BE73E36EF399BF9F129F8A317F0DB3DB"}
[2017-06-25 10:40:28][debug] begin notify
[2017-06-25 10:40:28][debug] call back:{"appid":"wxd46e99b7f83183e1","bank_type":"CFT","cash_fee":"100","fee_type":"CNY","is_subscribe":"Y","mch_id":"1383580102","nonce_str":"tvkec5kn27300hg6smcpidn3rbx4jyjh","openid":"ovxXWv5Ldfh1B4nho4C-Jz6Kgma0","out_trade_no":"2017062510362670","result_code":"SUCCESS","return_code":"SUCCESS","sign":"BCCE10E8D0210EDFED3B04226A86A01B","time_end":"20170625103624","total_fee":"100","trade_type":"JSAPI","transaction_id":"4005242001201706257317104634"}
[2017-06-25 10:40:28][debug] query:{"appid":"wxd46e99b7f83183e1","err_code":"ORDERNOTEXIST","err_code_des":"order not exist","mch_id":"1383580102","nonce_str":"kiLKy05Tfq0VvulX","result_code":"FAIL","return_code":"SUCCESS","return_msg":"OK","sign":"2A0B8339C704350F4331E07FCAC88323"}
[2017-06-25 11:10:31][debug] begin notify
[2017-06-25 11:10:31][debug] call back:{"appid":"wxd46e99b7f83183e1","bank_type":"CFT","cash_fee":"100","fee_type":"CNY","is_subscribe":"Y","mch_id":"1383580102","nonce_str":"tvkec5kn27300hg6smcpidn3rbx4jyjh","openid":"ovxXWv5Ldfh1B4nho4C-Jz6Kgma0","out_trade_no":"2017062510362670","result_code":"SUCCESS","return_code":"SUCCESS","sign":"BCCE10E8D0210EDFED3B04226A86A01B","time_end":"20170625103624","total_fee":"100","trade_type":"JSAPI","transaction_id":"4005242001201706257317104634"}
[2017-06-25 11:10:31][debug] query:{"appid":"wxd46e99b7f83183e1","err_code":"ORDERNOTEXIST","err_code_des":"order not exist","mch_id":"1383580102","nonce_str":"rM68EBPBI11nUjSv","result_code":"FAIL","return_code":"SUCCESS","return_msg":"OK","sign":"3F0045028A6EB071817F00C5DF244BDF"}
[2017-06-25 11:40:33][debug] begin notify
[2017-06-25 11:40:33][debug] call back:{"appid":"wxd46e99b7f83183e1","bank_type":"CFT","cash_fee":"100","fee_type":"CNY","is_subscribe":"Y","mch_id":"1383580102","nonce_str":"tvkec5kn27300hg6smcpidn3rbx4jyjh","openid":"ovxXWv5Ldfh1B4nho4C-Jz6Kgma0","out_trade_no":"2017062510362670","result_code":"SUCCESS","return_code":"SUCCESS","sign":"BCCE10E8D0210EDFED3B04226A86A01B","time_end":"20170625103624","total_fee":"100","trade_type":"JSAPI","transaction_id":"4005242001201706257317104634"}
[2017-06-25 11:40:33][debug] query:{"appid":"wxd46e99b7f83183e1","err_code":"ORDERNOTEXIST","err_code_des":"order not exist","mch_id":"1383580102","nonce_str":"GdoCgdx7rK8FwGfS","result_code":"FAIL","return_code":"SUCCESS","return_msg":"OK","sign":"2B41A78E59B028DA884A8F4D4D96DED9"}
[2017-06-25 12:10:37][debug] begin notify
[2017-06-25 12:10:37][debug] call back:{"appid":"wxd46e99b7f83183e1","bank_type":"CFT","cash_fee":"100","fee_type":"CNY","is_subscribe":"Y","mch_id":"1383580102","nonce_str":"tvkec5kn27300hg6smcpidn3rbx4jyjh","openid":"ovxXWv5Ldfh1B4nho4C-Jz6Kgma0","out_trade_no":"2017062510362670","result_code":"SUCCESS","return_code":"SUCCESS","sign":"BCCE10E8D0210EDFED3B04226A86A01B","time_end":"20170625103624","total_fee":"100","trade_type":"JSAPI","transaction_id":"4005242001201706257317104634"}
[2017-06-25 12:10:37][debug] query:{"appid":"wxd46e99b7f83183e1","err_code":"ORDERNOTEXIST","err_code_des":"order not exist","mch_id":"1383580102","nonce_str":"vwUaeG4h13BNC4bF","result_code":"FAIL","return_code":"SUCCESS","return_msg":"OK","sign":"C1CD1D3B22F201856869DA4F79894FBF"}
[2017-06-25 12:40:40][debug] begin notify
[2017-06-25 12:40:40][debug] call back:{"appid":"wxd46e99b7f83183e1","bank_type":"CFT","cash_fee":"100","fee_type":"CNY","is_subscribe":"Y","mch_id":"1383580102","nonce_str":"tvkec5kn27300hg6smcpidn3rbx4jyjh","openid":"ovxXWv5Ldfh1B4nho4C-Jz6Kgma0","out_trade_no":"2017062510362670","result_code":"SUCCESS","return_code":"SUCCESS","sign":"BCCE10E8D0210EDFED3B04226A86A01B","time_end":"20170625103624","total_fee":"100","trade_type":"JSAPI","transaction_id":"4005242001201706257317104634"}
[2017-06-25 12:40:40][debug] query:{"appid":"wxd46e99b7f83183e1","err_code":"ORDERNOTEXIST","err_code_des":"order not exist","mch_id":"1383580102","nonce_str":"BVOoVftZyvyiEC91","result_code":"FAIL","return_code":"SUCCESS","return_msg":"OK","sign":"B5C2C448D20744EECD76047F4E9A1117"}
[2017-06-25 13:40:42][debug] begin notify
[2017-06-25 13:40:42][debug] call back:{"appid":"wxd46e99b7f83183e1","bank_type":"CFT","cash_fee":"100","fee_type":"CNY","is_subscribe":"Y","mch_id":"1383580102","nonce_str":"tvkec5kn27300hg6smcpidn3rbx4jyjh","openid":"ovxXWv5Ldfh1B4nho4C-Jz6Kgma0","out_trade_no":"2017062510362670","result_code":"SUCCESS","return_code":"SUCCESS","sign":"BCCE10E8D0210EDFED3B04226A86A01B","time_end":"20170625103624","total_fee":"100","trade_type":"JSAPI","transaction_id":"4005242001201706257317104634"}
[2017-06-25 13:40:42][debug] query:{"appid":"wxd46e99b7f83183e1","err_code":"ORDERNOTEXIST","err_code_des":"order not exist","mch_id":"1383580102","nonce_str":"ItXL4OVRFcWJalML","result_code":"FAIL","return_code":"SUCCESS","return_msg":"OK","sign":"EA5893C5E940363289335517BCD6778B"}
