[2017-05-29 00:51:47][debug] begin notify
[2017-05-29 00:51:47][debug] call back:{"appid":"wxd46e99b7f83183e1","bank_type":"CFT","cash_fee":"100","fee_type":"CNY","is_subscribe":"Y","mch_id":"1383580102","nonce_str":"847c6y1w51q2llbnjdddlprk99zi8tci","openid":"ovxXWv5Ldfh1B4nho4C-Jz6Kgma0","out_trade_no":"201705282147066648","result_code":"SUCCESS","return_code":"SUCCESS","sign":"BBF2F6B3059FFA8682C661AEE9350954","time_end":"20170528214718","total_fee":"100","trade_type":"JSAPI","transaction_id":"4005242001201705283074217240"}
[2017-05-29 00:51:49][debug] query:{"appid":"wxd46e99b7f83183e1","err_code":"ORDERNOTEXIST","err_code_des":"order not exist","mch_id":"1383580102","nonce_str":"IP7UDB1e0mMc2y5S","result_code":"FAIL","return_code":"SUCCESS","return_msg":"OK","sign":"8F3641E831C98B008F8CFF33CAD3D964"}
[2017-05-29 08:21:48][debug] begin notify
[2017-05-29 08:21:48][debug] call back:{"appid":"wxd46e99b7f83183e1","bank_type":"COMM_CREDIT","cash_fee":"110","fee_type":"CNY","is_subscribe":"Y","mch_id":"1383580102","nonce_str":"09dyyb5bmsdiejeop6mkvhs0zy9f7bpy","openid":"ovxXWv3CHJLsugBLuDQiCAxREFtE","out_trade_no":"201705290821417918","result_code":"SUCCESS","return_code":"SUCCESS","sign":"F437CAD2B12ACAFB00BF5F3F09550C7B","time_end":"20170529082148","total_fee":"110","trade_type":"JSAPI","transaction_id":"4002902001201705293130584408"}
[2017-05-29 08:21:49][debug] begin notify
[2017-05-29 08:21:50][debug] query:{"appid":"wxd46e99b7f83183e1","err_code":"ORDERNOTEXIST","err_code_des":"order not exist","mch_id":"1383580102","nonce_str":"reDjxQOa0RfkzLU3","result_code":"FAIL","return_code":"SUCCESS","return_msg":"OK","sign":"89967FFD116730AFF788DC77001221F4"}
[2017-05-29 08:21:51][debug] query:{"appid":"wxd46e99b7f83183e1","attach":[],"bank_type":"COMM_CREDIT","cash_fee":"110","fee_type":"CNY","is_subscribe":"Y","mch_id":"1383580102","nonce_str":"ENP6LPcFoKgckhjP","openid":"ovxXWv3CHJLsugBLuDQiCAxREFtE","out_trade_no":"201705290821417918","result_code":"SUCCESS","return_code":"SUCCESS","return_msg":"OK","sign":"EF10DEADAC2C12C8B98B2DB2F9A55EA3","time_end":"20170529082148","total_fee":"110","trade_state":"SUCCESS","trade_type":"JSAPI","transaction_id":"4002902001201705293130584408"}
[2017-05-29 08:22:04][debug] begin notify
[2017-05-29 08:22:04][debug] call back:{"appid":"wxd46e99b7f83183e1","bank_type":"COMM_CREDIT","cash_fee":"110","fee_type":"CNY","is_subscribe":"Y","mch_id":"1383580102","nonce_str":"09dyyb5bmsdiejeop6mkvhs0zy9f7bpy","openid":"ovxXWv3CHJLsugBLuDQiCAxREFtE","out_trade_no":"201705290821417918","result_code":"SUCCESS","return_code":"SUCCESS","sign":"F437CAD2B12ACAFB00BF5F3F09550C7B","time_end":"20170529082148","total_fee":"110","trade_type":"JSAPI","transaction_id":"4002902001201705293130584408"}
[2017-05-29 08:22:06][debug] query:{"appid":"wxd46e99b7f83183e1","err_code":"ORDERNOTEXIST","err_code_des":"order not exist","mch_id":"1383580102","nonce_str":"xxpsqH0rQv3lNF6f","result_code":"FAIL","return_code":"SUCCESS","return_msg":"OK","sign":"23A3ABD3A08FE949C0B54FE5603C8BA7"}
[2017-05-29 08:22:22][debug] begin notify
[2017-05-29 08:22:22][debug] call back:{"appid":"wxd46e99b7f83183e1","bank_type":"COMM_CREDIT","cash_fee":"110","fee_type":"CNY","is_subscribe":"Y","mch_id":"1383580102","nonce_str":"09dyyb5bmsdiejeop6mkvhs0zy9f7bpy","openid":"ovxXWv3CHJLsugBLuDQiCAxREFtE","out_trade_no":"201705290821417918","result_code":"SUCCESS","return_code":"SUCCESS","sign":"F437CAD2B12ACAFB00BF5F3F09550C7B","time_end":"20170529082148","total_fee":"110","trade_type":"JSAPI","transaction_id":"4002902001201705293130584408"}
[2017-05-29 08:22:24][debug] query:{"appid":"wxd46e99b7f83183e1","err_code":"ORDERNOTEXIST","err_code_des":"order not exist","mch_id":"1383580102","nonce_str":"tedK5XMhNVM5HX66","result_code":"FAIL","return_code":"SUCCESS","return_msg":"OK","sign":"4C2844A7DBE55E52176349A1E11FD344"}
[2017-05-29 08:22:56][debug] begin notify
[2017-05-29 08:22:56][debug] call back:{"appid":"wxd46e99b7f83183e1","bank_type":"COMM_CREDIT","cash_fee":"110","fee_type":"CNY","is_subscribe":"Y","mch_id":"1383580102","nonce_str":"09dyyb5bmsdiejeop6mkvhs0zy9f7bpy","openid":"ovxXWv3CHJLsugBLuDQiCAxREFtE","out_trade_no":"201705290821417918","result_code":"SUCCESS","return_code":"SUCCESS","sign":"F437CAD2B12ACAFB00BF5F3F09550C7B","time_end":"20170529082148","total_fee":"110","trade_type":"JSAPI","transaction_id":"4002902001201705293130584408"}
[2017-05-29 08:22:57][debug] query:{"appid":"wxd46e99b7f83183e1","err_code":"ORDERNOTEXIST","err_code_des":"order not exist","mch_id":"1383580102","nonce_str":"ru4WAidAbyzRkIyT","result_code":"FAIL","return_code":"SUCCESS","return_msg":"OK","sign":"660BB29DA8519E1317F510D912C11784"}
[2017-05-29 08:26:00][debug] begin notify
[2017-05-29 08:26:00][debug] call back:{"appid":"wxd46e99b7f83183e1","bank_type":"COMM_CREDIT","cash_fee":"110","fee_type":"CNY","is_subscribe":"Y","mch_id":"1383580102","nonce_str":"09dyyb5bmsdiejeop6mkvhs0zy9f7bpy","openid":"ovxXWv3CHJLsugBLuDQiCAxREFtE","out_trade_no":"201705290821417918","result_code":"SUCCESS","return_code":"SUCCESS","sign":"F437CAD2B12ACAFB00BF5F3F09550C7B","time_end":"20170529082148","total_fee":"110","trade_type":"JSAPI","transaction_id":"4002902001201705293130584408"}
[2017-05-29 08:26:02][debug] query:{"appid":"wxd46e99b7f83183e1","err_code":"ORDERNOTEXIST","err_code_des":"order not exist","mch_id":"1383580102","nonce_str":"4zMgvmze4dN7H0YT","result_code":"FAIL","return_code":"SUCCESS","return_msg":"OK","sign":"7DDE3684232F3B4DC84FDCF4BF436A3C"}
[2017-05-29 08:56:04][debug] begin notify
[2017-05-29 08:56:04][debug] call back:{"appid":"wxd46e99b7f83183e1","bank_type":"COMM_CREDIT","cash_fee":"110","fee_type":"CNY","is_subscribe":"Y","mch_id":"1383580102","nonce_str":"09dyyb5bmsdiejeop6mkvhs0zy9f7bpy","openid":"ovxXWv3CHJLsugBLuDQiCAxREFtE","out_trade_no":"201705290821417918","result_code":"SUCCESS","return_code":"SUCCESS","sign":"F437CAD2B12ACAFB00BF5F3F09550C7B","time_end":"20170529082148","total_fee":"110","trade_type":"JSAPI","transaction_id":"4002902001201705293130584408"}
[2017-05-29 08:56:05][debug] query:{"appid":"wxd46e99b7f83183e1","err_code":"ORDERNOTEXIST","err_code_des":"order not exist","mch_id":"1383580102","nonce_str":"h71sOlOymMM3uYXU","result_code":"FAIL","return_code":"SUCCESS","return_msg":"OK","sign":"FD6237AA3B9D4EBA5F359B1A5D0666E0"}
[2017-05-29 09:26:07][debug] begin notify
[2017-05-29 09:26:07][debug] call back:{"appid":"wxd46e99b7f83183e1","bank_type":"COMM_CREDIT","cash_fee":"110","fee_type":"CNY","is_subscribe":"Y","mch_id":"1383580102","nonce_str":"09dyyb5bmsdiejeop6mkvhs0zy9f7bpy","openid":"ovxXWv3CHJLsugBLuDQiCAxREFtE","out_trade_no":"201705290821417918","result_code":"SUCCESS","return_code":"SUCCESS","sign":"F437CAD2B12ACAFB00BF5F3F09550C7B","time_end":"20170529082148","total_fee":"110","trade_type":"JSAPI","transaction_id":"4002902001201705293130584408"}
[2017-05-29 09:26:09][debug] query:{"appid":"wxd46e99b7f83183e1","err_code":"ORDERNOTEXIST","err_code_des":"order not exist","mch_id":"1383580102","nonce_str":"YlLcMhNez50ydFvw","result_code":"FAIL","return_code":"SUCCESS","return_msg":"OK","sign":"ADB3178298F9079E4291A74A80986EE9"}
[2017-05-29 09:56:11][debug] begin notify
[2017-05-29 09:56:11][debug] call back:{"appid":"wxd46e99b7f83183e1","bank_type":"COMM_CREDIT","cash_fee":"110","fee_type":"CNY","is_subscribe":"Y","mch_id":"1383580102","nonce_str":"09dyyb5bmsdiejeop6mkvhs0zy9f7bpy","openid":"ovxXWv3CHJLsugBLuDQiCAxREFtE","out_trade_no":"201705290821417918","result_code":"SUCCESS","return_code":"SUCCESS","sign":"F437CAD2B12ACAFB00BF5F3F09550C7B","time_end":"20170529082148","total_fee":"110","trade_type":"JSAPI","transaction_id":"4002902001201705293130584408"}
[2017-05-29 09:56:13][debug] query:{"appid":"wxd46e99b7f83183e1","err_code":"ORDERNOTEXIST","err_code_des":"order not exist","mch_id":"1383580102","nonce_str":"6Izk64W8dPQMgrl8","result_code":"FAIL","return_code":"SUCCESS","return_msg":"OK","sign":"A971B52E9D238FF1A70FA9E69FCD152C"}
[2017-05-29 10:26:15][debug] begin notify
[2017-05-29 10:26:15][debug] call back:{"appid":"wxd46e99b7f83183e1","bank_type":"COMM_CREDIT","cash_fee":"110","fee_type":"CNY","is_subscribe":"Y","mch_id":"1383580102","nonce_str":"09dyyb5bmsdiejeop6mkvhs0zy9f7bpy","openid":"ovxXWv3CHJLsugBLuDQiCAxREFtE","out_trade_no":"201705290821417918","result_code":"SUCCESS","return_code":"SUCCESS","sign":"F437CAD2B12ACAFB00BF5F3F09550C7B","time_end":"20170529082148","total_fee":"110","trade_type":"JSAPI","transaction_id":"4002902001201705293130584408"}
[2017-05-29 10:26:17][debug] query:{"appid":"wxd46e99b7f83183e1","err_code":"ORDERNOTEXIST","err_code_des":"order not exist","mch_id":"1383580102","nonce_str":"PzmmktjFmDSODtuM","result_code":"FAIL","return_code":"SUCCESS","return_msg":"OK","sign":"DDE567F88D69BAD81CFE25CD116D46B0"}
[2017-05-29 11:26:20][debug] begin notify
[2017-05-29 11:26:20][debug] call back:{"appid":"wxd46e99b7f83183e1","bank_type":"COMM_CREDIT","cash_fee":"110","fee_type":"CNY","is_subscribe":"Y","mch_id":"1383580102","nonce_str":"09dyyb5bmsdiejeop6mkvhs0zy9f7bpy","openid":"ovxXWv3CHJLsugBLuDQiCAxREFtE","out_trade_no":"201705290821417918","result_code":"SUCCESS","return_code":"SUCCESS","sign":"F437CAD2B12ACAFB00BF5F3F09550C7B","time_end":"20170529082148","total_fee":"110","trade_type":"JSAPI","transaction_id":"4002902001201705293130584408"}
[2017-05-29 11:26:22][debug] query:{"appid":"wxd46e99b7f83183e1","err_code":"ORDERNOTEXIST","err_code_des":"order not exist","mch_id":"1383580102","nonce_str":"iz2XntObb61513Fi","result_code":"FAIL","return_code":"SUCCESS","return_msg":"OK","sign":"E687F42143DC91A1466FA9F96084F630"}
[2017-05-29 21:38:51][debug] begin notify
[2017-05-29 21:38:51][debug] call back:{"appid":"wxd46e99b7f83183e1","bank_type":"CFT","cash_fee":"1","fee_type":"CNY","is_subscribe":"Y","mch_id":"1383580102","nonce_str":"gbktlgzjdgueacouncsva58fgot86rj8","openid":"ovxXWv5Ldfh1B4nho4C-Jz6Kgma0","out_trade_no":"2017052921386428","result_code":"SUCCESS","return_code":"SUCCESS","sign":"8F494FB0BAF62DDEA79499EB5EA4062A","time_end":"20170529213851","total_fee":"1","trade_type":"JSAPI","transaction_id":"4005242001201705293239200257"}
[2017-05-29 21:38:53][debug] begin notify
[2017-05-29 21:38:53][debug] query:{"appid":"wxd46e99b7f83183e1","err_code":"ORDERNOTEXIST","err_code_des":"order not exist","mch_id":"1383580102","nonce_str":"leuhN8UdqEdWUbx6","result_code":"FAIL","return_code":"SUCCESS","return_msg":"OK","sign":"A78E24B33286BC23046D0636CC146376"}
[2017-05-29 21:38:55][debug] query:{"appid":"wxd46e99b7f83183e1","attach":[],"bank_type":"CFT","cash_fee":"1","fee_type":"CNY","is_subscribe":"Y","mch_id":"1383580102","nonce_str":"K8wm3cyIqCpueIX0","openid":"ovxXWv5Ldfh1B4nho4C-Jz6Kgma0","out_trade_no":"2017052921386428","result_code":"SUCCESS","return_code":"SUCCESS","return_msg":"OK","sign":"029ABE467B5DF47686F8C69F2844627F","time_end":"20170529213851","total_fee":"1","trade_state":"SUCCESS","trade_type":"JSAPI","transaction_id":"4005242001201705293239200257"}
[2017-05-29 21:39:03][debug] begin notify
[2017-05-29 21:39:03][debug] call back:{"appid":"wxd46e99b7f83183e1","bank_type":"CFT","cash_fee":"1","fee_type":"CNY","is_subscribe":"Y","mch_id":"1383580102","nonce_str":"gbktlgzjdgueacouncsva58fgot86rj8","openid":"ovxXWv5Ldfh1B4nho4C-Jz6Kgma0","out_trade_no":"2017052921386428","result_code":"SUCCESS","return_code":"SUCCESS","sign":"8F494FB0BAF62DDEA79499EB5EA4062A","time_end":"20170529213851","total_fee":"1","trade_type":"JSAPI","transaction_id":"4005242001201705293239200257"}
[2017-05-29 21:39:05][debug] query:{"appid":"wxd46e99b7f83183e1","err_code":"ORDERNOTEXIST","err_code_des":"order not exist","mch_id":"1383580102","nonce_str":"MrYMNBguILy2Pk6m","result_code":"FAIL","return_code":"SUCCESS","return_msg":"OK","sign":"1EE49448B48E969C824491997F819B04"}
[2017-05-29 21:39:21][debug] begin notify
[2017-05-29 21:39:21][debug] call back:{"appid":"wxd46e99b7f83183e1","bank_type":"CFT","cash_fee":"1","fee_type":"CNY","is_subscribe":"Y","mch_id":"1383580102","nonce_str":"gbktlgzjdgueacouncsva58fgot86rj8","openid":"ovxXWv5Ldfh1B4nho4C-Jz6Kgma0","out_trade_no":"2017052921386428","result_code":"SUCCESS","return_code":"SUCCESS","sign":"8F494FB0BAF62DDEA79499EB5EA4062A","time_end":"20170529213851","total_fee":"1","trade_type":"JSAPI","transaction_id":"4005242001201705293239200257"}
[2017-05-29 21:39:23][debug] query:{"appid":"wxd46e99b7f83183e1","err_code":"ORDERNOTEXIST","err_code_des":"order not exist","mch_id":"1383580102","nonce_str":"ErLxD0fQeNcNNnjQ","result_code":"FAIL","return_code":"SUCCESS","return_msg":"OK","sign":"E8A3AAEBE72E6CAEC709EC1B01FF0852"}
[2017-05-29 21:39:55][debug] begin notify
[2017-05-29 21:39:55][debug] call back:{"appid":"wxd46e99b7f83183e1","bank_type":"CFT","cash_fee":"1","fee_type":"CNY","is_subscribe":"Y","mch_id":"1383580102","nonce_str":"gbktlgzjdgueacouncsva58fgot86rj8","openid":"ovxXWv5Ldfh1B4nho4C-Jz6Kgma0","out_trade_no":"2017052921386428","result_code":"SUCCESS","return_code":"SUCCESS","sign":"8F494FB0BAF62DDEA79499EB5EA4062A","time_end":"20170529213851","total_fee":"1","trade_type":"JSAPI","transaction_id":"4005242001201705293239200257"}
[2017-05-29 21:39:57][debug] query:{"appid":"wxd46e99b7f83183e1","err_code":"ORDERNOTEXIST","err_code_des":"order not exist","mch_id":"1383580102","nonce_str":"asDZJTLXJvIAQhv8","result_code":"FAIL","return_code":"SUCCESS","return_msg":"OK","sign":"B538654B9FCB80E0872B7810404417C9"}
[2017-05-29 21:42:59][debug] begin notify
[2017-05-29 21:42:59][debug] call back:{"appid":"wxd46e99b7f83183e1","bank_type":"CFT","cash_fee":"1","fee_type":"CNY","is_subscribe":"Y","mch_id":"1383580102","nonce_str":"gbktlgzjdgueacouncsva58fgot86rj8","openid":"ovxXWv5Ldfh1B4nho4C-Jz6Kgma0","out_trade_no":"2017052921386428","result_code":"SUCCESS","return_code":"SUCCESS","sign":"8F494FB0BAF62DDEA79499EB5EA4062A","time_end":"20170529213851","total_fee":"1","trade_type":"JSAPI","transaction_id":"4005242001201705293239200257"}
[2017-05-29 21:43:01][debug] query:{"appid":"wxd46e99b7f83183e1","err_code":"ORDERNOTEXIST","err_code_des":"order not exist","mch_id":"1383580102","nonce_str":"xrvIQZGk9WeIhpNA","result_code":"FAIL","return_code":"SUCCESS","return_msg":"OK","sign":"3659FE20A87CE95E6D0960BDA9A268C8"}
[2017-05-29 22:13:04][debug] begin notify
[2017-05-29 22:13:04][debug] call back:{"appid":"wxd46e99b7f83183e1","bank_type":"CFT","cash_fee":"1","fee_type":"CNY","is_subscribe":"Y","mch_id":"1383580102","nonce_str":"gbktlgzjdgueacouncsva58fgot86rj8","openid":"ovxXWv5Ldfh1B4nho4C-Jz6Kgma0","out_trade_no":"2017052921386428","result_code":"SUCCESS","return_code":"SUCCESS","sign":"8F494FB0BAF62DDEA79499EB5EA4062A","time_end":"20170529213851","total_fee":"1","trade_type":"JSAPI","transaction_id":"4005242001201705293239200257"}
[2017-05-29 22:13:05][debug] query:{"appid":"wxd46e99b7f83183e1","err_code":"ORDERNOTEXIST","err_code_des":"order not exist","mch_id":"1383580102","nonce_str":"VrxenJEjgrdvIzK7","result_code":"FAIL","return_code":"SUCCESS","return_msg":"OK","sign":"0FD647E3BAC855F2034375C5A7C5AF60"}
[2017-05-29 22:43:08][debug] begin notify
[2017-05-29 22:43:08][debug] call back:{"appid":"wxd46e99b7f83183e1","bank_type":"CFT","cash_fee":"1","fee_type":"CNY","is_subscribe":"Y","mch_id":"1383580102","nonce_str":"gbktlgzjdgueacouncsva58fgot86rj8","openid":"ovxXWv5Ldfh1B4nho4C-Jz6Kgma0","out_trade_no":"2017052921386428","result_code":"SUCCESS","return_code":"SUCCESS","sign":"8F494FB0BAF62DDEA79499EB5EA4062A","time_end":"20170529213851","total_fee":"1","trade_type":"JSAPI","transaction_id":"4005242001201705293239200257"}
[2017-05-29 22:43:10][debug] query:{"appid":"wxd46e99b7f83183e1","err_code":"ORDERNOTEXIST","err_code_des":"order not exist","mch_id":"1383580102","nonce_str":"lZJ1tl4oJb8He7zK","result_code":"FAIL","return_code":"SUCCESS","return_msg":"OK","sign":"8FD5B4F2D48A92C652EC56C986DC07E3"}
[2017-05-29 23:13:12][debug] begin notify
[2017-05-29 23:13:12][debug] call back:{"appid":"wxd46e99b7f83183e1","bank_type":"CFT","cash_fee":"1","fee_type":"CNY","is_subscribe":"Y","mch_id":"1383580102","nonce_str":"gbktlgzjdgueacouncsva58fgot86rj8","openid":"ovxXWv5Ldfh1B4nho4C-Jz6Kgma0","out_trade_no":"2017052921386428","result_code":"SUCCESS","return_code":"SUCCESS","sign":"8F494FB0BAF62DDEA79499EB5EA4062A","time_end":"20170529213851","total_fee":"1","trade_type":"JSAPI","transaction_id":"4005242001201705293239200257"}
[2017-05-29 23:13:14][debug] query:{"appid":"wxd46e99b7f83183e1","err_code":"ORDERNOTEXIST","err_code_des":"order not exist","mch_id":"1383580102","nonce_str":"sTAJZmJIHN0PKKY6","result_code":"FAIL","return_code":"SUCCESS","return_msg":"OK","sign":"F103C10C2538A89631111677619C071E"}
[2017-05-29 23:43:17][debug] begin notify
[2017-05-29 23:43:17][debug] call back:{"appid":"wxd46e99b7f83183e1","bank_type":"CFT","cash_fee":"1","fee_type":"CNY","is_subscribe":"Y","mch_id":"1383580102","nonce_str":"gbktlgzjdgueacouncsva58fgot86rj8","openid":"ovxXWv5Ldfh1B4nho4C-Jz6Kgma0","out_trade_no":"2017052921386428","result_code":"SUCCESS","return_code":"SUCCESS","sign":"8F494FB0BAF62DDEA79499EB5EA4062A","time_end":"20170529213851","total_fee":"1","trade_type":"JSAPI","transaction_id":"4005242001201705293239200257"}
[2017-05-29 23:43:19][debug] query:{"appid":"wxd46e99b7f83183e1","err_code":"ORDERNOTEXIST","err_code_des":"order not exist","mch_id":"1383580102","nonce_str":"Uh67PoKC9w9M70Ta","result_code":"FAIL","return_code":"SUCCESS","return_msg":"OK","sign":"C8DCFF56812B1B58174CF61B30339AF9"}
