[2017-05-30 00:43:20][debug] begin notify
[2017-05-30 00:43:20][debug] call back:{"appid":"wxd46e99b7f83183e1","bank_type":"CFT","cash_fee":"1","fee_type":"CNY","is_subscribe":"Y","mch_id":"1383580102","nonce_str":"gbktlgzjdgueacouncsva58fgot86rj8","openid":"ovxXWv5Ldfh1B4nho4C-Jz6Kgma0","out_trade_no":"2017052921386428","result_code":"SUCCESS","return_code":"SUCCESS","sign":"8F494FB0BAF62DDEA79499EB5EA4062A","time_end":"20170529213851","total_fee":"1","trade_type":"JSAPI","transaction_id":"4005242001201705293239200257"}
[2017-05-30 00:43:22][debug] query:{"appid":"wxd46e99b7f83183e1","err_code":"ORDERNOTEXIST","err_code_des":"order not exist","mch_id":"1383580102","nonce_str":"bb5oRVmKKrNKY3oN","result_code":"FAIL","return_code":"SUCCESS","return_msg":"OK","sign":"17D91A5B71183EB0412EA099B4CD8891"}
[2017-05-30 16:23:27][debug] begin notify
[2017-05-30 16:23:27][debug] call back:{"appid":"wxd46e99b7f83183e1","bank_type":"COMM_CREDIT","cash_fee":"200","fee_type":"CNY","is_subscribe":"Y","mch_id":"1383580102","nonce_str":"m7vpx2h2fpxsfb4vonqwr6ojwjuj4fzb","openid":"ovxXWv3CHJLsugBLuDQiCAxREFtE","out_trade_no":"201705301623186656","result_code":"SUCCESS","return_code":"SUCCESS","sign":"3028DC345809040130282663C0A6B1B5","time_end":"20170530162326","total_fee":"200","trade_type":"JSAPI","transaction_id":"4002902001201705303362345939"}
[2017-05-30 16:23:28][debug] query:{"appid":"wxd46e99b7f83183e1","err_code":"ORDERNOTEXIST","err_code_des":"order not exist","mch_id":"1383580102","nonce_str":"uzcOaPEtRuJqMJB0","result_code":"FAIL","return_code":"SUCCESS","return_msg":"OK","sign":"7B70A4C53D2CA14742AA20CEFB14EDC7"}
[2017-05-30 16:23:28][debug] begin notify
[2017-05-30 16:23:30][debug] query:{"appid":"wxd46e99b7f83183e1","attach":[],"bank_type":"COMM_CREDIT","cash_fee":"200","fee_type":"CNY","is_subscribe":"Y","mch_id":"1383580102","nonce_str":"oVn87lp3pqAtzjWy","openid":"ovxXWv3CHJLsugBLuDQiCAxREFtE","out_trade_no":"201705301623186656","result_code":"SUCCESS","return_code":"SUCCESS","return_msg":"OK","sign":"60B8706547B169AC5036AAEC40278FEE","time_end":"20170530162326","total_fee":"200","trade_state":"SUCCESS","trade_type":"JSAPI","transaction_id":"4002902001201705303362345939"}
[2017-05-30 16:23:42][debug] begin notify
[2017-05-30 16:23:42][debug] call back:{"appid":"wxd46e99b7f83183e1","bank_type":"COMM_CREDIT","cash_fee":"200","fee_type":"CNY","is_subscribe":"Y","mch_id":"1383580102","nonce_str":"m7vpx2h2fpxsfb4vonqwr6ojwjuj4fzb","openid":"ovxXWv3CHJLsugBLuDQiCAxREFtE","out_trade_no":"201705301623186656","result_code":"SUCCESS","return_code":"SUCCESS","sign":"3028DC345809040130282663C0A6B1B5","time_end":"20170530162326","total_fee":"200","trade_type":"JSAPI","transaction_id":"4002902001201705303362345939"}
[2017-05-30 16:23:42][debug] query:{"appid":"wxd46e99b7f83183e1","err_code":"ORDERNOTEXIST","err_code_des":"order not exist","mch_id":"1383580102","nonce_str":"DNZ4rO62HlBNmxDe","result_code":"FAIL","return_code":"SUCCESS","return_msg":"OK","sign":"34C1857D59A73C8F0B059E39EA7ABD6C"}
[2017-05-30 16:23:58][debug] begin notify
[2017-05-30 16:23:58][debug] call back:{"appid":"wxd46e99b7f83183e1","bank_type":"COMM_CREDIT","cash_fee":"200","fee_type":"CNY","is_subscribe":"Y","mch_id":"1383580102","nonce_str":"m7vpx2h2fpxsfb4vonqwr6ojwjuj4fzb","openid":"ovxXWv3CHJLsugBLuDQiCAxREFtE","out_trade_no":"201705301623186656","result_code":"SUCCESS","return_code":"SUCCESS","sign":"3028DC345809040130282663C0A6B1B5","time_end":"20170530162326","total_fee":"200","trade_type":"JSAPI","transaction_id":"4002902001201705303362345939"}
[2017-05-30 16:24:00][debug] query:{"appid":"wxd46e99b7f83183e1","err_code":"ORDERNOTEXIST","err_code_des":"order not exist","mch_id":"1383580102","nonce_str":"6NXJZRfGy94qw2uG","result_code":"FAIL","return_code":"SUCCESS","return_msg":"OK","sign":"44D69F30BADCB4093E44C41CA52F8563"}
[2017-05-30 16:24:31][debug] begin notify
[2017-05-30 16:24:31][debug] call back:{"appid":"wxd46e99b7f83183e1","bank_type":"COMM_CREDIT","cash_fee":"200","fee_type":"CNY","is_subscribe":"Y","mch_id":"1383580102","nonce_str":"m7vpx2h2fpxsfb4vonqwr6ojwjuj4fzb","openid":"ovxXWv3CHJLsugBLuDQiCAxREFtE","out_trade_no":"201705301623186656","result_code":"SUCCESS","return_code":"SUCCESS","sign":"3028DC345809040130282663C0A6B1B5","time_end":"20170530162326","total_fee":"200","trade_type":"JSAPI","transaction_id":"4002902001201705303362345939"}
[2017-05-30 16:24:33][debug] query:{"appid":"wxd46e99b7f83183e1","err_code":"ORDERNOTEXIST","err_code_des":"order not exist","mch_id":"1383580102","nonce_str":"zLhCbkiCetOYv3xb","result_code":"FAIL","return_code":"SUCCESS","return_msg":"OK","sign":"8F1ECF3293E955D835DC101783250B37"}
[2017-05-30 16:27:34][debug] begin notify
[2017-05-30 16:27:34][debug] call back:{"appid":"wxd46e99b7f83183e1","bank_type":"COMM_CREDIT","cash_fee":"200","fee_type":"CNY","is_subscribe":"Y","mch_id":"1383580102","nonce_str":"m7vpx2h2fpxsfb4vonqwr6ojwjuj4fzb","openid":"ovxXWv3CHJLsugBLuDQiCAxREFtE","out_trade_no":"201705301623186656","result_code":"SUCCESS","return_code":"SUCCESS","sign":"3028DC345809040130282663C0A6B1B5","time_end":"20170530162326","total_fee":"200","trade_type":"JSAPI","transaction_id":"4002902001201705303362345939"}
[2017-05-30 16:27:36][debug] query:{"appid":"wxd46e99b7f83183e1","err_code":"ORDERNOTEXIST","err_code_des":"order not exist","mch_id":"1383580102","nonce_str":"WUfqBFNjIctYk97X","result_code":"FAIL","return_code":"SUCCESS","return_msg":"OK","sign":"B03D94360272B76242F761C6381BE250"}
[2017-05-30 16:57:38][debug] begin notify
[2017-05-30 16:57:38][debug] call back:{"appid":"wxd46e99b7f83183e1","bank_type":"COMM_CREDIT","cash_fee":"200","fee_type":"CNY","is_subscribe":"Y","mch_id":"1383580102","nonce_str":"m7vpx2h2fpxsfb4vonqwr6ojwjuj4fzb","openid":"ovxXWv3CHJLsugBLuDQiCAxREFtE","out_trade_no":"201705301623186656","result_code":"SUCCESS","return_code":"SUCCESS","sign":"3028DC345809040130282663C0A6B1B5","time_end":"20170530162326","total_fee":"200","trade_type":"JSAPI","transaction_id":"4002902001201705303362345939"}
[2017-05-30 16:57:39][debug] query:{"appid":"wxd46e99b7f83183e1","err_code":"ORDERNOTEXIST","err_code_des":"order not exist","mch_id":"1383580102","nonce_str":"46ROa6c7jPoyZxgC","result_code":"FAIL","return_code":"SUCCESS","return_msg":"OK","sign":"4F748448CFC337960A288E9899A2E278"}
[2017-05-30 17:27:42][debug] begin notify
[2017-05-30 17:27:42][debug] call back:{"appid":"wxd46e99b7f83183e1","bank_type":"COMM_CREDIT","cash_fee":"200","fee_type":"CNY","is_subscribe":"Y","mch_id":"1383580102","nonce_str":"m7vpx2h2fpxsfb4vonqwr6ojwjuj4fzb","openid":"ovxXWv3CHJLsugBLuDQiCAxREFtE","out_trade_no":"201705301623186656","result_code":"SUCCESS","return_code":"SUCCESS","sign":"3028DC345809040130282663C0A6B1B5","time_end":"20170530162326","total_fee":"200","trade_type":"JSAPI","transaction_id":"4002902001201705303362345939"}
[2017-05-30 17:27:43][debug] query:{"appid":"wxd46e99b7f83183e1","err_code":"ORDERNOTEXIST","err_code_des":"order not exist","mch_id":"1383580102","nonce_str":"GlgQBVOvEUbKjDdu","result_code":"FAIL","return_code":"SUCCESS","return_msg":"OK","sign":"105AE6C11E8CD5D5D12A27ED6460AED4"}
[2017-05-30 17:57:47][debug] begin notify
[2017-05-30 17:57:47][debug] call back:{"appid":"wxd46e99b7f83183e1","bank_type":"COMM_CREDIT","cash_fee":"200","fee_type":"CNY","is_subscribe":"Y","mch_id":"1383580102","nonce_str":"m7vpx2h2fpxsfb4vonqwr6ojwjuj4fzb","openid":"ovxXWv3CHJLsugBLuDQiCAxREFtE","out_trade_no":"201705301623186656","result_code":"SUCCESS","return_code":"SUCCESS","sign":"3028DC345809040130282663C0A6B1B5","time_end":"20170530162326","total_fee":"200","trade_type":"JSAPI","transaction_id":"4002902001201705303362345939"}
[2017-05-30 17:57:48][debug] query:{"appid":"wxd46e99b7f83183e1","err_code":"ORDERNOTEXIST","err_code_des":"order not exist","mch_id":"1383580102","nonce_str":"JImWzk5TWqgMD8Qa","result_code":"FAIL","return_code":"SUCCESS","return_msg":"OK","sign":"8CD05BD58DDA8414EC9E2A336CC9E0C2"}
[2017-05-30 18:27:50][debug] begin notify
[2017-05-30 18:27:50][debug] call back:{"appid":"wxd46e99b7f83183e1","bank_type":"COMM_CREDIT","cash_fee":"200","fee_type":"CNY","is_subscribe":"Y","mch_id":"1383580102","nonce_str":"m7vpx2h2fpxsfb4vonqwr6ojwjuj4fzb","openid":"ovxXWv3CHJLsugBLuDQiCAxREFtE","out_trade_no":"201705301623186656","result_code":"SUCCESS","return_code":"SUCCESS","sign":"3028DC345809040130282663C0A6B1B5","time_end":"20170530162326","total_fee":"200","trade_type":"JSAPI","transaction_id":"4002902001201705303362345939"}
[2017-05-30 18:27:52][debug] query:{"appid":"wxd46e99b7f83183e1","err_code":"ORDERNOTEXIST","err_code_des":"order not exist","mch_id":"1383580102","nonce_str":"IdzHOcDZGzF3nZPd","result_code":"FAIL","return_code":"SUCCESS","return_msg":"OK","sign":"0BBDEE4F71A9F1AC1BD4195A18A4B14C"}
[2017-05-30 19:27:55][debug] begin notify
[2017-05-30 19:27:55][debug] call back:{"appid":"wxd46e99b7f83183e1","bank_type":"COMM_CREDIT","cash_fee":"200","fee_type":"CNY","is_subscribe":"Y","mch_id":"1383580102","nonce_str":"m7vpx2h2fpxsfb4vonqwr6ojwjuj4fzb","openid":"ovxXWv3CHJLsugBLuDQiCAxREFtE","out_trade_no":"201705301623186656","result_code":"SUCCESS","return_code":"SUCCESS","sign":"3028DC345809040130282663C0A6B1B5","time_end":"20170530162326","total_fee":"200","trade_type":"JSAPI","transaction_id":"4002902001201705303362345939"}
[2017-05-30 19:27:56][debug] query:{"appid":"wxd46e99b7f83183e1","err_code":"ORDERNOTEXIST","err_code_des":"order not exist","mch_id":"1383580102","nonce_str":"k4u8kKKaI0b1mfcQ","result_code":"FAIL","return_code":"SUCCESS","return_msg":"OK","sign":"928CB6BA339A2DF8CA37FCF83FCEDC13"}
