[2017-05-25 17:39:13][debug] begin notify
[2017-05-25 17:39:13][debug] call back:{"appid":"wxd46e99b7f83183e1","bank_type":"ICBC_DEBIT","cash_fee":"2900","fee_type":"CNY","is_subscribe":"Y","mch_id":"1383580102","nonce_str":"nxe7ehekj4o8ldem62tl7ea389ol9las","openid":"ovxXWvxyv93ZrijzHey2ZZO4qc6o","out_trade_no":"201705251739043170","result_code":"SUCCESS","return_code":"SUCCESS","sign":"10B28F443612312F732DCBF21D10F3A3","time_end":"20170525173913","total_fee":"2900","trade_type":"JSAPI","transaction_id":"4003232001201705252539736005"}
[2017-05-25 17:39:15][debug] query:{"appid":"wxd46e99b7f83183e1","err_code":"ORDERNOTEXIST","err_code_des":"order not exist","mch_id":"1383580102","nonce_str":"nfGZ6ISP02mDg0Kf","result_code":"FAIL","return_code":"SUCCESS","return_msg":"OK","sign":"4149A3222629134FD324399A69EEE7A9"}
[2017-05-25 17:39:19][debug] begin notify
[2017-05-25 17:39:20][debug] query:{"appid":"wxd46e99b7f83183e1","attach":[],"bank_type":"ICBC_DEBIT","cash_fee":"2900","fee_type":"CNY","is_subscribe":"Y","mch_id":"1383580102","nonce_str":"Z9OcOvvS1wq1ZpXX","openid":"ovxXWvxyv93ZrijzHey2ZZO4qc6o","out_trade_no":"201705251739043170","result_code":"SUCCESS","return_code":"SUCCESS","return_msg":"OK","sign":"71083AEBEF35EE32B9C6C0AA25BC5E97","time_end":"20170525173913","total_fee":"2900","trade_state":"SUCCESS","trade_type":"JSAPI","transaction_id":"4003232001201705252539736005"}
[2017-05-25 17:39:29][debug] begin notify
[2017-05-25 17:39:29][debug] call back:{"appid":"wxd46e99b7f83183e1","bank_type":"ICBC_DEBIT","cash_fee":"2900","fee_type":"CNY","is_subscribe":"Y","mch_id":"1383580102","nonce_str":"nxe7ehekj4o8ldem62tl7ea389ol9las","openid":"ovxXWvxyv93ZrijzHey2ZZO4qc6o","out_trade_no":"201705251739043170","result_code":"SUCCESS","return_code":"SUCCESS","sign":"10B28F443612312F732DCBF21D10F3A3","time_end":"20170525173913","total_fee":"2900","trade_type":"JSAPI","transaction_id":"4003232001201705252539736005"}
[2017-05-25 17:39:29][debug] query:{"appid":"wxd46e99b7f83183e1","err_code":"ORDERNOTEXIST","err_code_des":"order not exist","mch_id":"1383580102","nonce_str":"sC4ZsxRUEJjn5qPJ","result_code":"FAIL","return_code":"SUCCESS","return_msg":"OK","sign":"7CB974525D4DDFB6A2956FE65DAF9FBE"}
[2017-05-25 17:39:47][debug] begin notify
[2017-05-25 17:39:47][debug] call back:{"appid":"wxd46e99b7f83183e1","bank_type":"ICBC_DEBIT","cash_fee":"2900","fee_type":"CNY","is_subscribe":"Y","mch_id":"1383580102","nonce_str":"nxe7ehekj4o8ldem62tl7ea389ol9las","openid":"ovxXWvxyv93ZrijzHey2ZZO4qc6o","out_trade_no":"201705251739043170","result_code":"SUCCESS","return_code":"SUCCESS","sign":"10B28F443612312F732DCBF21D10F3A3","time_end":"20170525173913","total_fee":"2900","trade_type":"JSAPI","transaction_id":"4003232001201705252539736005"}
[2017-05-25 17:39:49][debug] query:{"appid":"wxd46e99b7f83183e1","err_code":"ORDERNOTEXIST","err_code_des":"order not exist","mch_id":"1383580102","nonce_str":"9xcsM8sFDnlZe5vw","result_code":"FAIL","return_code":"SUCCESS","return_msg":"OK","sign":"A0888E4AF735811266333291867BA6F0"}
[2017-05-25 17:40:20][debug] begin notify
[2017-05-25 17:40:20][debug] call back:{"appid":"wxd46e99b7f83183e1","bank_type":"ICBC_DEBIT","cash_fee":"2900","fee_type":"CNY","is_subscribe":"Y","mch_id":"1383580102","nonce_str":"nxe7ehekj4o8ldem62tl7ea389ol9las","openid":"ovxXWvxyv93ZrijzHey2ZZO4qc6o","out_trade_no":"201705251739043170","result_code":"SUCCESS","return_code":"SUCCESS","sign":"10B28F443612312F732DCBF21D10F3A3","time_end":"20170525173913","total_fee":"2900","trade_type":"JSAPI","transaction_id":"4003232001201705252539736005"}
[2017-05-25 17:40:22][debug] query:{"appid":"wxd46e99b7f83183e1","err_code":"ORDERNOTEXIST","err_code_des":"order not exist","mch_id":"1383580102","nonce_str":"FyNieDRQvrrfqcsq","result_code":"FAIL","return_code":"SUCCESS","return_msg":"OK","sign":"928612B6ACCCBFB2A9E4BF6C87FB6DD0"}
[2017-05-25 17:43:24][debug] begin notify
[2017-05-25 17:43:24][debug] call back:{"appid":"wxd46e99b7f83183e1","bank_type":"ICBC_DEBIT","cash_fee":"2900","fee_type":"CNY","is_subscribe":"Y","mch_id":"1383580102","nonce_str":"nxe7ehekj4o8ldem62tl7ea389ol9las","openid":"ovxXWvxyv93ZrijzHey2ZZO4qc6o","out_trade_no":"201705251739043170","result_code":"SUCCESS","return_code":"SUCCESS","sign":"10B28F443612312F732DCBF21D10F3A3","time_end":"20170525173913","total_fee":"2900","trade_type":"JSAPI","transaction_id":"4003232001201705252539736005"}
[2017-05-25 17:43:26][debug] query:{"appid":"wxd46e99b7f83183e1","err_code":"ORDERNOTEXIST","err_code_des":"order not exist","mch_id":"1383580102","nonce_str":"s4D1rLbXtY4L3Kfi","result_code":"FAIL","return_code":"SUCCESS","return_msg":"OK","sign":"CD4E2492093E0389C4BA6975284AAD19"}
[2017-05-25 18:13:27][debug] begin notify
[2017-05-25 18:13:27][debug] call back:{"appid":"wxd46e99b7f83183e1","bank_type":"ICBC_DEBIT","cash_fee":"2900","fee_type":"CNY","is_subscribe":"Y","mch_id":"1383580102","nonce_str":"nxe7ehekj4o8ldem62tl7ea389ol9las","openid":"ovxXWvxyv93ZrijzHey2ZZO4qc6o","out_trade_no":"201705251739043170","result_code":"SUCCESS","return_code":"SUCCESS","sign":"10B28F443612312F732DCBF21D10F3A3","time_end":"20170525173913","total_fee":"2900","trade_type":"JSAPI","transaction_id":"4003232001201705252539736005"}
[2017-05-25 18:13:29][debug] query:{"appid":"wxd46e99b7f83183e1","err_code":"ORDERNOTEXIST","err_code_des":"order not exist","mch_id":"1383580102","nonce_str":"kj46QRe67YmgS8NE","result_code":"FAIL","return_code":"SUCCESS","return_msg":"OK","sign":"6F634F0CE586828DC6885E7F1EEBCF59"}
[2017-05-25 18:43:31][debug] begin notify
[2017-05-25 18:43:31][debug] call back:{"appid":"wxd46e99b7f83183e1","bank_type":"ICBC_DEBIT","cash_fee":"2900","fee_type":"CNY","is_subscribe":"Y","mch_id":"1383580102","nonce_str":"nxe7ehekj4o8ldem62tl7ea389ol9las","openid":"ovxXWvxyv93ZrijzHey2ZZO4qc6o","out_trade_no":"201705251739043170","result_code":"SUCCESS","return_code":"SUCCESS","sign":"10B28F443612312F732DCBF21D10F3A3","time_end":"20170525173913","total_fee":"2900","trade_type":"JSAPI","transaction_id":"4003232001201705252539736005"}
[2017-05-25 18:43:33][debug] query:{"appid":"wxd46e99b7f83183e1","err_code":"ORDERNOTEXIST","err_code_des":"order not exist","mch_id":"1383580102","nonce_str":"0jqjRUXShLGtkUKi","result_code":"FAIL","return_code":"SUCCESS","return_msg":"OK","sign":"17A41800C38E289BDA603D4A5DB34FA9"}
[2017-05-25 19:13:34][debug] begin notify
[2017-05-25 19:13:34][debug] call back:{"appid":"wxd46e99b7f83183e1","bank_type":"ICBC_DEBIT","cash_fee":"2900","fee_type":"CNY","is_subscribe":"Y","mch_id":"1383580102","nonce_str":"nxe7ehekj4o8ldem62tl7ea389ol9las","openid":"ovxXWvxyv93ZrijzHey2ZZO4qc6o","out_trade_no":"201705251739043170","result_code":"SUCCESS","return_code":"SUCCESS","sign":"10B28F443612312F732DCBF21D10F3A3","time_end":"20170525173913","total_fee":"2900","trade_type":"JSAPI","transaction_id":"4003232001201705252539736005"}
[2017-05-25 19:13:36][debug] query:{"appid":"wxd46e99b7f83183e1","err_code":"ORDERNOTEXIST","err_code_des":"order not exist","mch_id":"1383580102","nonce_str":"w6qFsyADr216JW10","result_code":"FAIL","return_code":"SUCCESS","return_msg":"OK","sign":"525A9367060061892CB7EB4D1A9AABEE"}
[2017-05-25 19:43:38][debug] begin notify
[2017-05-25 19:43:38][debug] call back:{"appid":"wxd46e99b7f83183e1","bank_type":"ICBC_DEBIT","cash_fee":"2900","fee_type":"CNY","is_subscribe":"Y","mch_id":"1383580102","nonce_str":"nxe7ehekj4o8ldem62tl7ea389ol9las","openid":"ovxXWvxyv93ZrijzHey2ZZO4qc6o","out_trade_no":"201705251739043170","result_code":"SUCCESS","return_code":"SUCCESS","sign":"10B28F443612312F732DCBF21D10F3A3","time_end":"20170525173913","total_fee":"2900","trade_type":"JSAPI","transaction_id":"4003232001201705252539736005"}
[2017-05-25 19:43:39][debug] query:{"appid":"wxd46e99b7f83183e1","err_code":"ORDERNOTEXIST","err_code_des":"order not exist","mch_id":"1383580102","nonce_str":"4YxGMekx1AHanye3","result_code":"FAIL","return_code":"SUCCESS","return_msg":"OK","sign":"D461B60B9F555608F181290786D37E48"}
[2017-05-25 20:43:41][debug] begin notify
[2017-05-25 20:43:41][debug] call back:{"appid":"wxd46e99b7f83183e1","bank_type":"ICBC_DEBIT","cash_fee":"2900","fee_type":"CNY","is_subscribe":"Y","mch_id":"1383580102","nonce_str":"nxe7ehekj4o8ldem62tl7ea389ol9las","openid":"ovxXWvxyv93ZrijzHey2ZZO4qc6o","out_trade_no":"201705251739043170","result_code":"SUCCESS","return_code":"SUCCESS","sign":"10B28F443612312F732DCBF21D10F3A3","time_end":"20170525173913","total_fee":"2900","trade_type":"JSAPI","transaction_id":"4003232001201705252539736005"}
[2017-05-25 20:43:41][debug] query:{"appid":"wxd46e99b7f83183e1","err_code":"ORDERNOTEXIST","err_code_des":"order not exist","mch_id":"1383580102","nonce_str":"Jd3wrVTFPuinA6mo","result_code":"FAIL","return_code":"SUCCESS","return_msg":"OK","sign":"F0B868A440758FE5CE64CA6F67503356"}
