[2017-07-05 03:42:10][debug] begin notify
[2017-07-05 03:42:10][debug] call back:{"appid":"wxd46e99b7f83183e1","bank_type":"CFT","cash_fee":"100","fee_type":"CNY","is_subscribe":"Y","mch_id":"1383580102","nonce_str":"gzfks18lr3cn9i9ehq17sss1n20yljzq","openid":"ovxXWv3CHJLsugBLuDQiCAxREFtE","out_trade_no":"201707050342044103","result_code":"SUCCESS","return_code":"SUCCESS","sign":"6E6B52B7DA5108B9B22FDD39B4D01CB8","time_end":"20170705034210","total_fee":"100","trade_type":"JSAPI","transaction_id":"4002902001201707058947551498"}
[2017-07-05 03:42:10][debug] query:{"appid":"wxd46e99b7f83183e1","err_code":"ORDERNOTEXIST","err_code_des":"order not exist","mch_id":"1383580102","nonce_str":"S7rmjxeHgdwGKAcb","result_code":"FAIL","return_code":"SUCCESS","return_msg":"OK","sign":"C9574BE77030AFB9417C12B0C5913790"}
[2017-07-05 03:42:12][debug] begin notify
[2017-07-05 03:42:12][debug] query:{"appid":"wxd46e99b7f83183e1","attach":[],"bank_type":"CFT","cash_fee":"100","fee_type":"CNY","is_subscribe":"Y","mch_id":"1383580102","nonce_str":"HJJvyyYntWDgLDnr","openid":"ovxXWv3CHJLsugBLuDQiCAxREFtE","out_trade_no":"201707050342044103","result_code":"SUCCESS","return_code":"SUCCESS","return_msg":"OK","sign":"7B420D9201CE9C70DAA78553E1FDDEF7","time_end":"20170705034210","total_fee":"100","trade_state":"SUCCESS","trade_type":"JSAPI","transaction_id":"4002902001201707058947551498"}
[2017-07-05 03:42:20][debug] begin notify
[2017-07-05 03:42:20][debug] call back:{"appid":"wxd46e99b7f83183e1","bank_type":"CFT","cash_fee":"100","fee_type":"CNY","is_subscribe":"Y","mch_id":"1383580102","nonce_str":"gzfks18lr3cn9i9ehq17sss1n20yljzq","openid":"ovxXWv3CHJLsugBLuDQiCAxREFtE","out_trade_no":"201707050342044103","result_code":"SUCCESS","return_code":"SUCCESS","sign":"6E6B52B7DA5108B9B22FDD39B4D01CB8","time_end":"20170705034210","total_fee":"100","trade_type":"JSAPI","transaction_id":"4002902001201707058947551498"}
[2017-07-05 03:42:20][debug] query:{"appid":"wxd46e99b7f83183e1","err_code":"ORDERNOTEXIST","err_code_des":"order not exist","mch_id":"1383580102","nonce_str":"yDxNudgxxjcQxuEE","result_code":"FAIL","return_code":"SUCCESS","return_msg":"OK","sign":"367438118A4392819055F865F5C64084"}
[2017-07-05 03:42:38][debug] begin notify
[2017-07-05 03:42:38][debug] call back:{"appid":"wxd46e99b7f83183e1","bank_type":"CFT","cash_fee":"100","fee_type":"CNY","is_subscribe":"Y","mch_id":"1383580102","nonce_str":"gzfks18lr3cn9i9ehq17sss1n20yljzq","openid":"ovxXWv3CHJLsugBLuDQiCAxREFtE","out_trade_no":"201707050342044103","result_code":"SUCCESS","return_code":"SUCCESS","sign":"6E6B52B7DA5108B9B22FDD39B4D01CB8","time_end":"20170705034210","total_fee":"100","trade_type":"JSAPI","transaction_id":"4002902001201707058947551498"}
[2017-07-05 03:42:38][debug] query:{"appid":"wxd46e99b7f83183e1","err_code":"ORDERNOTEXIST","err_code_des":"order not exist","mch_id":"1383580102","nonce_str":"Kp4Rx8NE8tcAJKpA","result_code":"FAIL","return_code":"SUCCESS","return_msg":"OK","sign":"735B6222F9A91B61A6E44169A3C16E97"}
[2017-07-05 03:43:10][debug] begin notify
[2017-07-05 03:43:10][debug] call back:{"appid":"wxd46e99b7f83183e1","bank_type":"CFT","cash_fee":"100","fee_type":"CNY","is_subscribe":"Y","mch_id":"1383580102","nonce_str":"gzfks18lr3cn9i9ehq17sss1n20yljzq","openid":"ovxXWv3CHJLsugBLuDQiCAxREFtE","out_trade_no":"201707050342044103","result_code":"SUCCESS","return_code":"SUCCESS","sign":"6E6B52B7DA5108B9B22FDD39B4D01CB8","time_end":"20170705034210","total_fee":"100","trade_type":"JSAPI","transaction_id":"4002902001201707058947551498"}
[2017-07-05 03:43:10][debug] query:{"appid":"wxd46e99b7f83183e1","err_code":"ORDERNOTEXIST","err_code_des":"order not exist","mch_id":"1383580102","nonce_str":"RKdwD6vnf0luZQ5E","result_code":"FAIL","return_code":"SUCCESS","return_msg":"OK","sign":"32CA92A99C4CAE56621BCF1BA3EA1FF1"}
[2017-07-05 03:46:12][debug] begin notify
[2017-07-05 03:46:12][debug] call back:{"appid":"wxd46e99b7f83183e1","bank_type":"CFT","cash_fee":"100","fee_type":"CNY","is_subscribe":"Y","mch_id":"1383580102","nonce_str":"gzfks18lr3cn9i9ehq17sss1n20yljzq","openid":"ovxXWv3CHJLsugBLuDQiCAxREFtE","out_trade_no":"201707050342044103","result_code":"SUCCESS","return_code":"SUCCESS","sign":"6E6B52B7DA5108B9B22FDD39B4D01CB8","time_end":"20170705034210","total_fee":"100","trade_type":"JSAPI","transaction_id":"4002902001201707058947551498"}
[2017-07-05 03:46:12][debug] query:{"appid":"wxd46e99b7f83183e1","err_code":"ORDERNOTEXIST","err_code_des":"order not exist","mch_id":"1383580102","nonce_str":"DEy3DMKeOI2CMeqe","result_code":"FAIL","return_code":"SUCCESS","return_msg":"OK","sign":"AD99BB4157D0299CC360B67831048AB8"}
[2017-07-05 03:51:01][debug] begin notify
[2017-07-05 03:51:01][debug] call back:{"appid":"wxd46e99b7f83183e1","bank_type":"CFT","cash_fee":"100","fee_type":"CNY","is_subscribe":"Y","mch_id":"1383580102","nonce_str":"lyoxgz6369swfq47bzfgfohz9ra16zif","openid":"ovxXWv3CHJLsugBLuDQiCAxREFtE","out_trade_no":"201707050350561916","result_code":"SUCCESS","return_code":"SUCCESS","sign":"CFD92FC5B7FC05EBFEFE3EEADC35B651","time_end":"20170705035101","total_fee":"100","trade_type":"JSAPI","transaction_id":"4002902001201707058947626486"}
[2017-07-05 03:51:01][debug] query:{"appid":"wxd46e99b7f83183e1","err_code":"ORDERNOTEXIST","err_code_des":"order not exist","mch_id":"1383580102","nonce_str":"bkXeNkT3SvU5zEIv","result_code":"FAIL","return_code":"SUCCESS","return_msg":"OK","sign":"4342BCF5817FA331051E6605F7B1F258"}
[2017-07-05 03:51:02][debug] begin notify
[2017-07-05 03:51:02][debug] query:{"appid":"wxd46e99b7f83183e1","attach":[],"bank_type":"CFT","cash_fee":"100","fee_type":"CNY","is_subscribe":"Y","mch_id":"1383580102","nonce_str":"lDh7kOC71x3NH9yv","openid":"ovxXWv3CHJLsugBLuDQiCAxREFtE","out_trade_no":"201707050350561916","result_code":"SUCCESS","return_code":"SUCCESS","return_msg":"OK","sign":"3E8FFA48FB98713B25E300F032399812","time_end":"20170705035101","total_fee":"100","trade_state":"SUCCESS","trade_type":"JSAPI","transaction_id":"4002902001201707058947626486"}
[2017-07-05 03:51:15][debug] begin notify
[2017-07-05 03:51:15][debug] call back:{"appid":"wxd46e99b7f83183e1","bank_type":"CFT","cash_fee":"100","fee_type":"CNY","is_subscribe":"Y","mch_id":"1383580102","nonce_str":"lyoxgz6369swfq47bzfgfohz9ra16zif","openid":"ovxXWv3CHJLsugBLuDQiCAxREFtE","out_trade_no":"201707050350561916","result_code":"SUCCESS","return_code":"SUCCESS","sign":"CFD92FC5B7FC05EBFEFE3EEADC35B651","time_end":"20170705035101","total_fee":"100","trade_type":"JSAPI","transaction_id":"4002902001201707058947626486"}
[2017-07-05 03:51:16][debug] query:{"appid":"wxd46e99b7f83183e1","err_code":"ORDERNOTEXIST","err_code_des":"order not exist","mch_id":"1383580102","nonce_str":"KRVHPM8UgNcAwVCZ","result_code":"FAIL","return_code":"SUCCESS","return_msg":"OK","sign":"07CD6F11EFA162F389392EED1019E88C"}
[2017-07-05 03:51:34][debug] begin notify
[2017-07-05 03:51:34][debug] call back:{"appid":"wxd46e99b7f83183e1","bank_type":"CFT","cash_fee":"100","fee_type":"CNY","is_subscribe":"Y","mch_id":"1383580102","nonce_str":"lyoxgz6369swfq47bzfgfohz9ra16zif","openid":"ovxXWv3CHJLsugBLuDQiCAxREFtE","out_trade_no":"201707050350561916","result_code":"SUCCESS","return_code":"SUCCESS","sign":"CFD92FC5B7FC05EBFEFE3EEADC35B651","time_end":"20170705035101","total_fee":"100","trade_type":"JSAPI","transaction_id":"4002902001201707058947626486"}
[2017-07-05 03:51:34][debug] query:{"appid":"wxd46e99b7f83183e1","err_code":"ORDERNOTEXIST","err_code_des":"order not exist","mch_id":"1383580102","nonce_str":"2v39M7Nn2b0gLYsl","result_code":"FAIL","return_code":"SUCCESS","return_msg":"OK","sign":"2728A8A368D8CC542FBBC2D230C49185"}
[2017-07-05 03:52:06][debug] begin notify
[2017-07-05 03:52:06][debug] call back:{"appid":"wxd46e99b7f83183e1","bank_type":"CFT","cash_fee":"100","fee_type":"CNY","is_subscribe":"Y","mch_id":"1383580102","nonce_str":"lyoxgz6369swfq47bzfgfohz9ra16zif","openid":"ovxXWv3CHJLsugBLuDQiCAxREFtE","out_trade_no":"201707050350561916","result_code":"SUCCESS","return_code":"SUCCESS","sign":"CFD92FC5B7FC05EBFEFE3EEADC35B651","time_end":"20170705035101","total_fee":"100","trade_type":"JSAPI","transaction_id":"4002902001201707058947626486"}
[2017-07-05 03:52:07][debug] query:{"appid":"wxd46e99b7f83183e1","err_code":"ORDERNOTEXIST","err_code_des":"order not exist","mch_id":"1383580102","nonce_str":"4lmWEnrnJVgGqdtB","result_code":"FAIL","return_code":"SUCCESS","return_msg":"OK","sign":"25DF8F62DADFFC1941A2D39F0D0A326E"}
[2017-07-05 03:55:09][debug] begin notify
[2017-07-05 03:55:09][debug] call back:{"appid":"wxd46e99b7f83183e1","bank_type":"CFT","cash_fee":"100","fee_type":"CNY","is_subscribe":"Y","mch_id":"1383580102","nonce_str":"lyoxgz6369swfq47bzfgfohz9ra16zif","openid":"ovxXWv3CHJLsugBLuDQiCAxREFtE","out_trade_no":"201707050350561916","result_code":"SUCCESS","return_code":"SUCCESS","sign":"CFD92FC5B7FC05EBFEFE3EEADC35B651","time_end":"20170705035101","total_fee":"100","trade_type":"JSAPI","transaction_id":"4002902001201707058947626486"}
[2017-07-05 03:55:09][debug] query:{"appid":"wxd46e99b7f83183e1","err_code":"ORDERNOTEXIST","err_code_des":"order not exist","mch_id":"1383580102","nonce_str":"pYjZOtY5f0HxmJdV","result_code":"FAIL","return_code":"SUCCESS","return_msg":"OK","sign":"73264CA129ED366ABEFD27CB02A33885"}
[2017-07-05 04:16:15][debug] begin notify
[2017-07-05 04:16:15][debug] call back:{"appid":"wxd46e99b7f83183e1","bank_type":"CFT","cash_fee":"100","fee_type":"CNY","is_subscribe":"Y","mch_id":"1383580102","nonce_str":"gzfks18lr3cn9i9ehq17sss1n20yljzq","openid":"ovxXWv3CHJLsugBLuDQiCAxREFtE","out_trade_no":"201707050342044103","result_code":"SUCCESS","return_code":"SUCCESS","sign":"6E6B52B7DA5108B9B22FDD39B4D01CB8","time_end":"20170705034210","total_fee":"100","trade_type":"JSAPI","transaction_id":"4002902001201707058947551498"}
[2017-07-05 04:16:15][debug] query:{"appid":"wxd46e99b7f83183e1","err_code":"ORDERNOTEXIST","err_code_des":"order not exist","mch_id":"1383580102","nonce_str":"WEUoV5XJVZodepHO","result_code":"FAIL","return_code":"SUCCESS","return_msg":"OK","sign":"966FC172C8B78B6AB8446D213DB09EDF"}
[2017-07-05 04:25:10][debug] begin notify
[2017-07-05 04:25:10][debug] call back:{"appid":"wxd46e99b7f83183e1","bank_type":"CFT","cash_fee":"100","fee_type":"CNY","is_subscribe":"Y","mch_id":"1383580102","nonce_str":"lyoxgz6369swfq47bzfgfohz9ra16zif","openid":"ovxXWv3CHJLsugBLuDQiCAxREFtE","out_trade_no":"201707050350561916","result_code":"SUCCESS","return_code":"SUCCESS","sign":"CFD92FC5B7FC05EBFEFE3EEADC35B651","time_end":"20170705035101","total_fee":"100","trade_type":"JSAPI","transaction_id":"4002902001201707058947626486"}
[2017-07-05 04:25:10][debug] query:{"appid":"wxd46e99b7f83183e1","err_code":"ORDERNOTEXIST","err_code_des":"order not exist","mch_id":"1383580102","nonce_str":"ylLzNfyBTIkXcCsN","result_code":"FAIL","return_code":"SUCCESS","return_msg":"OK","sign":"46179B3193EEFB3D75BA93965C4D0734"}
[2017-07-05 04:46:16][debug] begin notify
[2017-07-05 04:46:16][debug] call back:{"appid":"wxd46e99b7f83183e1","bank_type":"CFT","cash_fee":"100","fee_type":"CNY","is_subscribe":"Y","mch_id":"1383580102","nonce_str":"gzfks18lr3cn9i9ehq17sss1n20yljzq","openid":"ovxXWv3CHJLsugBLuDQiCAxREFtE","out_trade_no":"201707050342044103","result_code":"SUCCESS","return_code":"SUCCESS","sign":"6E6B52B7DA5108B9B22FDD39B4D01CB8","time_end":"20170705034210","total_fee":"100","trade_type":"JSAPI","transaction_id":"4002902001201707058947551498"}
[2017-07-05 04:46:17][debug] query:{"appid":"wxd46e99b7f83183e1","err_code":"ORDERNOTEXIST","err_code_des":"order not exist","mch_id":"1383580102","nonce_str":"NzHLotoODH8GLxaG","result_code":"FAIL","return_code":"SUCCESS","return_msg":"OK","sign":"7FD5BF5D9A664C0BE5D58EF291B71E80"}
[2017-07-05 04:55:12][debug] begin notify
[2017-07-05 04:55:12][debug] call back:{"appid":"wxd46e99b7f83183e1","bank_type":"CFT","cash_fee":"100","fee_type":"CNY","is_subscribe":"Y","mch_id":"1383580102","nonce_str":"lyoxgz6369swfq47bzfgfohz9ra16zif","openid":"ovxXWv3CHJLsugBLuDQiCAxREFtE","out_trade_no":"201707050350561916","result_code":"SUCCESS","return_code":"SUCCESS","sign":"CFD92FC5B7FC05EBFEFE3EEADC35B651","time_end":"20170705035101","total_fee":"100","trade_type":"JSAPI","transaction_id":"4002902001201707058947626486"}
[2017-07-05 04:55:12][debug] query:{"appid":"wxd46e99b7f83183e1","err_code":"ORDERNOTEXIST","err_code_des":"order not exist","mch_id":"1383580102","nonce_str":"KrFRbfw8obnjMDLv","result_code":"FAIL","return_code":"SUCCESS","return_msg":"OK","sign":"9270A436BD743A4DA9D315FCD6E0072B"}
[2017-07-05 05:16:19][debug] begin notify
[2017-07-05 05:16:19][debug] call back:{"appid":"wxd46e99b7f83183e1","bank_type":"CFT","cash_fee":"100","fee_type":"CNY","is_subscribe":"Y","mch_id":"1383580102","nonce_str":"gzfks18lr3cn9i9ehq17sss1n20yljzq","openid":"ovxXWv3CHJLsugBLuDQiCAxREFtE","out_trade_no":"201707050342044103","result_code":"SUCCESS","return_code":"SUCCESS","sign":"6E6B52B7DA5108B9B22FDD39B4D01CB8","time_end":"20170705034210","total_fee":"100","trade_type":"JSAPI","transaction_id":"4002902001201707058947551498"}
[2017-07-05 05:16:20][debug] query:{"appid":"wxd46e99b7f83183e1","err_code":"ORDERNOTEXIST","err_code_des":"order not exist","mch_id":"1383580102","nonce_str":"G7ENc8wqlGsAkIh1","result_code":"FAIL","return_code":"SUCCESS","return_msg":"OK","sign":"C732009D9F2354C1446564422FCF871A"}
[2017-07-05 05:25:15][debug] begin notify
[2017-07-05 05:25:15][debug] call back:{"appid":"wxd46e99b7f83183e1","bank_type":"CFT","cash_fee":"100","fee_type":"CNY","is_subscribe":"Y","mch_id":"1383580102","nonce_str":"lyoxgz6369swfq47bzfgfohz9ra16zif","openid":"ovxXWv3CHJLsugBLuDQiCAxREFtE","out_trade_no":"201707050350561916","result_code":"SUCCESS","return_code":"SUCCESS","sign":"CFD92FC5B7FC05EBFEFE3EEADC35B651","time_end":"20170705035101","total_fee":"100","trade_type":"JSAPI","transaction_id":"4002902001201707058947626486"}
[2017-07-05 05:25:15][debug] query:{"appid":"wxd46e99b7f83183e1","err_code":"ORDERNOTEXIST","err_code_des":"order not exist","mch_id":"1383580102","nonce_str":"9a6ANQHXjnxuBaNx","result_code":"FAIL","return_code":"SUCCESS","return_msg":"OK","sign":"274ADB21D92445799882D2D008034554"}
[2017-07-05 05:46:22][debug] begin notify
[2017-07-05 05:46:22][debug] call back:{"appid":"wxd46e99b7f83183e1","bank_type":"CFT","cash_fee":"100","fee_type":"CNY","is_subscribe":"Y","mch_id":"1383580102","nonce_str":"gzfks18lr3cn9i9ehq17sss1n20yljzq","openid":"ovxXWv3CHJLsugBLuDQiCAxREFtE","out_trade_no":"201707050342044103","result_code":"SUCCESS","return_code":"SUCCESS","sign":"6E6B52B7DA5108B9B22FDD39B4D01CB8","time_end":"20170705034210","total_fee":"100","trade_type":"JSAPI","transaction_id":"4002902001201707058947551498"}
[2017-07-05 05:46:22][debug] query:{"appid":"wxd46e99b7f83183e1","err_code":"ORDERNOTEXIST","err_code_des":"order not exist","mch_id":"1383580102","nonce_str":"WHGbQtNXkRqCTm4G","result_code":"FAIL","return_code":"SUCCESS","return_msg":"OK","sign":"6FBE362A95D461FC3FF29DAE11FDB5BD"}
[2017-07-05 05:55:17][debug] begin notify
[2017-07-05 05:55:17][debug] call back:{"appid":"wxd46e99b7f83183e1","bank_type":"CFT","cash_fee":"100","fee_type":"CNY","is_subscribe":"Y","mch_id":"1383580102","nonce_str":"lyoxgz6369swfq47bzfgfohz9ra16zif","openid":"ovxXWv3CHJLsugBLuDQiCAxREFtE","out_trade_no":"201707050350561916","result_code":"SUCCESS","return_code":"SUCCESS","sign":"CFD92FC5B7FC05EBFEFE3EEADC35B651","time_end":"20170705035101","total_fee":"100","trade_type":"JSAPI","transaction_id":"4002902001201707058947626486"}
[2017-07-05 05:55:17][debug] query:{"appid":"wxd46e99b7f83183e1","err_code":"ORDERNOTEXIST","err_code_des":"order not exist","mch_id":"1383580102","nonce_str":"nQDYAacJpNHaXgnc","result_code":"FAIL","return_code":"SUCCESS","return_msg":"OK","sign":"D6D2B13304B70D13946CE85472C3781E"}
[2017-07-05 06:46:24][debug] begin notify
[2017-07-05 06:46:24][debug] call back:{"appid":"wxd46e99b7f83183e1","bank_type":"CFT","cash_fee":"100","fee_type":"CNY","is_subscribe":"Y","mch_id":"1383580102","nonce_str":"gzfks18lr3cn9i9ehq17sss1n20yljzq","openid":"ovxXWv3CHJLsugBLuDQiCAxREFtE","out_trade_no":"201707050342044103","result_code":"SUCCESS","return_code":"SUCCESS","sign":"6E6B52B7DA5108B9B22FDD39B4D01CB8","time_end":"20170705034210","total_fee":"100","trade_type":"JSAPI","transaction_id":"4002902001201707058947551498"}
[2017-07-05 06:46:24][debug] query:{"appid":"wxd46e99b7f83183e1","err_code":"ORDERNOTEXIST","err_code_des":"order not exist","mch_id":"1383580102","nonce_str":"PXvwcYXacqfG3g1j","result_code":"FAIL","return_code":"SUCCESS","return_msg":"OK","sign":"A2C92FD14027D25B93A353EC5F9805D5"}
[2017-07-05 06:55:19][debug] begin notify
[2017-07-05 06:55:19][debug] call back:{"appid":"wxd46e99b7f83183e1","bank_type":"CFT","cash_fee":"100","fee_type":"CNY","is_subscribe":"Y","mch_id":"1383580102","nonce_str":"lyoxgz6369swfq47bzfgfohz9ra16zif","openid":"ovxXWv3CHJLsugBLuDQiCAxREFtE","out_trade_no":"201707050350561916","result_code":"SUCCESS","return_code":"SUCCESS","sign":"CFD92FC5B7FC05EBFEFE3EEADC35B651","time_end":"20170705035101","total_fee":"100","trade_type":"JSAPI","transaction_id":"4002902001201707058947626486"}
[2017-07-05 06:55:19][debug] query:{"appid":"wxd46e99b7f83183e1","err_code":"ORDERNOTEXIST","err_code_des":"order not exist","mch_id":"1383580102","nonce_str":"0rT5wNDD6EGQafAr","result_code":"FAIL","return_code":"SUCCESS","return_msg":"OK","sign":"D5689FD1E9051DB01578AE7B680C2C19"}
