[2017-05-15 09:41:43][debug] begin notify
[2017-05-15 09:41:43][debug] call back:{"appid":"wxd46e99b7f83183e1","bank_type":"CMBC_CREDIT","cash_fee":"1","fee_type":"CNY","is_subscribe":"Y","mch_id":"1383580102","nonce_str":"asiahz630r50pv03kt1shtvfl4mol5ov","openid":"ovxXWv3CHJLsugBLuDQiCAxREFtE","out_trade_no":"2017051509413201","result_code":"SUCCESS","return_code":"SUCCESS","sign":"481105B3420D209DDBA440984E3211A5","time_end":"20170515094142","total_fee":"1","trade_type":"JSAPI","transaction_id":"4002902001201705150900376102"}
[2017-05-15 09:41:44][debug] begin notify
[2017-05-15 09:41:44][debug] query:{"appid":"wxd46e99b7f83183e1","attach":[],"bank_type":"CMBC_CREDIT","cash_fee":"1","fee_type":"CNY","is_subscribe":"Y","mch_id":"1383580102","nonce_str":"1rCKSW9gTizle2OT","openid":"ovxXWv3CHJLsugBLuDQiCAxREFtE","out_trade_no":"2017051509413201","result_code":"SUCCESS","return_code":"SUCCESS","return_msg":"OK","sign":"5A39B79E85A454E3CD7D8F18DE8E5D99","time_end":"20170515094142","total_fee":"1","trade_state":"SUCCESS","trade_type":"JSAPI","transaction_id":"4002902001201705150900376102"}
[2017-05-15 09:41:44][debug] query:{"appid":"wxd46e99b7f83183e1","err_code":"ORDERNOTEXIST","err_code_des":"order not exist","mch_id":"1383580102","nonce_str":"0UrjgJMjjJynheVD","result_code":"FAIL","return_code":"SUCCESS","return_msg":"OK","sign":"FDA6C42CE89DB40811E7408FBFC9E461"}
[2017-05-15 09:41:57][debug] begin notify
[2017-05-15 09:41:57][debug] call back:{"appid":"wxd46e99b7f83183e1","bank_type":"CMBC_CREDIT","cash_fee":"1","fee_type":"CNY","is_subscribe":"Y","mch_id":"1383580102","nonce_str":"asiahz630r50pv03kt1shtvfl4mol5ov","openid":"ovxXWv3CHJLsugBLuDQiCAxREFtE","out_trade_no":"2017051509413201","result_code":"SUCCESS","return_code":"SUCCESS","sign":"481105B3420D209DDBA440984E3211A5","time_end":"20170515094142","total_fee":"1","trade_type":"JSAPI","transaction_id":"4002902001201705150900376102"}
[2017-05-15 09:41:59][debug] query:{"appid":"wxd46e99b7f83183e1","err_code":"ORDERNOTEXIST","err_code_des":"order not exist","mch_id":"1383580102","nonce_str":"TZDBtGD8gSrNg3hM","result_code":"FAIL","return_code":"SUCCESS","return_msg":"OK","sign":"EE1E98AAC688C874B9E4ACDA887740CB"}
[2017-05-15 09:42:16][debug] begin notify
[2017-05-15 09:42:16][debug] call back:{"appid":"wxd46e99b7f83183e1","bank_type":"CMBC_CREDIT","cash_fee":"1","fee_type":"CNY","is_subscribe":"Y","mch_id":"1383580102","nonce_str":"asiahz630r50pv03kt1shtvfl4mol5ov","openid":"ovxXWv3CHJLsugBLuDQiCAxREFtE","out_trade_no":"2017051509413201","result_code":"SUCCESS","return_code":"SUCCESS","sign":"481105B3420D209DDBA440984E3211A5","time_end":"20170515094142","total_fee":"1","trade_type":"JSAPI","transaction_id":"4002902001201705150900376102"}
[2017-05-15 09:42:16][debug] query:{"appid":"wxd46e99b7f83183e1","err_code":"ORDERNOTEXIST","err_code_des":"order not exist","mch_id":"1383580102","nonce_str":"koJ9aoNagEHCCwy2","result_code":"FAIL","return_code":"SUCCESS","return_msg":"OK","sign":"F630FAD90E076275E8A492079014668A"}
[2017-05-15 09:42:48][debug] begin notify
[2017-05-15 09:42:48][debug] call back:{"appid":"wxd46e99b7f83183e1","bank_type":"CMBC_CREDIT","cash_fee":"1","fee_type":"CNY","is_subscribe":"Y","mch_id":"1383580102","nonce_str":"asiahz630r50pv03kt1shtvfl4mol5ov","openid":"ovxXWv3CHJLsugBLuDQiCAxREFtE","out_trade_no":"2017051509413201","result_code":"SUCCESS","return_code":"SUCCESS","sign":"481105B3420D209DDBA440984E3211A5","time_end":"20170515094142","total_fee":"1","trade_type":"JSAPI","transaction_id":"4002902001201705150900376102"}
[2017-05-15 09:42:50][debug] query:{"appid":"wxd46e99b7f83183e1","err_code":"ORDERNOTEXIST","err_code_des":"order not exist","mch_id":"1383580102","nonce_str":"lUNvyDhrJ3VBH5A4","result_code":"FAIL","return_code":"SUCCESS","return_msg":"OK","sign":"ABF6831697839E91AA1690ECA1565A6C"}
[2017-05-15 09:45:52][debug] begin notify
[2017-05-15 09:45:52][debug] call back:{"appid":"wxd46e99b7f83183e1","bank_type":"CMBC_CREDIT","cash_fee":"1","fee_type":"CNY","is_subscribe":"Y","mch_id":"1383580102","nonce_str":"asiahz630r50pv03kt1shtvfl4mol5ov","openid":"ovxXWv3CHJLsugBLuDQiCAxREFtE","out_trade_no":"2017051509413201","result_code":"SUCCESS","return_code":"SUCCESS","sign":"481105B3420D209DDBA440984E3211A5","time_end":"20170515094142","total_fee":"1","trade_type":"JSAPI","transaction_id":"4002902001201705150900376102"}
[2017-05-15 09:45:54][debug] query:{"appid":"wxd46e99b7f83183e1","err_code":"ORDERNOTEXIST","err_code_des":"order not exist","mch_id":"1383580102","nonce_str":"GEAvnybHuv0lCTo8","result_code":"FAIL","return_code":"SUCCESS","return_msg":"OK","sign":"7C6212D1BE89B70CBA9D0198760E5373"}
[2017-05-15 09:52:07][debug] begin notify
[2017-05-15 09:52:07][debug] call back:{"appid":"wxd46e99b7f83183e1","bank_type":"CFT","cash_fee":"1","fee_type":"CNY","is_subscribe":"Y","mch_id":"1383580102","nonce_str":"3a4qejjwace5aroon044dpu671smawc9","openid":"ovxXWv0E3d57KcmAN_MIEbzMU78w","out_trade_no":"2017051509515580","result_code":"SUCCESS","return_code":"SUCCESS","sign":"D027542886997EB965CA89BFC4E89813","time_end":"20170515095206","total_fee":"1","trade_type":"JSAPI","transaction_id":"4003812001201705150898046208"}
[2017-05-15 09:52:09][debug] query:{"appid":"wxd46e99b7f83183e1","err_code":"ORDERNOTEXIST","err_code_des":"order not exist","mch_id":"1383580102","nonce_str":"1J337KR2QibHx2QO","result_code":"FAIL","return_code":"SUCCESS","return_msg":"OK","sign":"58EAFBA53D6D3103D07604CA998F407A"}
[2017-05-15 09:52:10][debug] begin notify
[2017-05-15 09:52:11][debug] query:{"appid":"wxd46e99b7f83183e1","attach":[],"bank_type":"CFT","cash_fee":"1","fee_type":"CNY","is_subscribe":"Y","mch_id":"1383580102","nonce_str":"7uzf4Xtn0gvV6muq","openid":"ovxXWv0E3d57KcmAN_MIEbzMU78w","out_trade_no":"2017051509515580","result_code":"SUCCESS","return_code":"SUCCESS","return_msg":"OK","sign":"07D5AF8CE84118AD857EE1D0A35F4413","time_end":"20170515095206","total_fee":"1","trade_state":"SUCCESS","trade_type":"JSAPI","transaction_id":"4003812001201705150898046208"}
[2017-05-15 09:52:20][debug] begin notify
[2017-05-15 09:52:20][debug] call back:{"appid":"wxd46e99b7f83183e1","bank_type":"CFT","cash_fee":"1","fee_type":"CNY","is_subscribe":"Y","mch_id":"1383580102","nonce_str":"3a4qejjwace5aroon044dpu671smawc9","openid":"ovxXWv0E3d57KcmAN_MIEbzMU78w","out_trade_no":"2017051509515580","result_code":"SUCCESS","return_code":"SUCCESS","sign":"D027542886997EB965CA89BFC4E89813","time_end":"20170515095206","total_fee":"1","trade_type":"JSAPI","transaction_id":"4003812001201705150898046208"}
[2017-05-15 09:52:20][debug] query:{"appid":"wxd46e99b7f83183e1","err_code":"ORDERNOTEXIST","err_code_des":"order not exist","mch_id":"1383580102","nonce_str":"r6Rym5LWxjqSZIR6","result_code":"FAIL","return_code":"SUCCESS","return_msg":"OK","sign":"95E32C1D27C2A59B435A35140C07D78B"}
[2017-05-15 09:52:37][debug] begin notify
[2017-05-15 09:52:37][debug] call back:{"appid":"wxd46e99b7f83183e1","bank_type":"CFT","cash_fee":"1","fee_type":"CNY","is_subscribe":"Y","mch_id":"1383580102","nonce_str":"3a4qejjwace5aroon044dpu671smawc9","openid":"ovxXWv0E3d57KcmAN_MIEbzMU78w","out_trade_no":"2017051509515580","result_code":"SUCCESS","return_code":"SUCCESS","sign":"D027542886997EB965CA89BFC4E89813","time_end":"20170515095206","total_fee":"1","trade_type":"JSAPI","transaction_id":"4003812001201705150898046208"}
[2017-05-15 09:52:38][debug] query:{"appid":"wxd46e99b7f83183e1","err_code":"ORDERNOTEXIST","err_code_des":"order not exist","mch_id":"1383580102","nonce_str":"wImP8u91cloN1BgH","result_code":"FAIL","return_code":"SUCCESS","return_msg":"OK","sign":"42840E44B7390B01CD631018FE183B59"}
[2017-05-15 09:53:09][debug] begin notify
[2017-05-15 09:53:09][debug] call back:{"appid":"wxd46e99b7f83183e1","bank_type":"CFT","cash_fee":"1","fee_type":"CNY","is_subscribe":"Y","mch_id":"1383580102","nonce_str":"3a4qejjwace5aroon044dpu671smawc9","openid":"ovxXWv0E3d57KcmAN_MIEbzMU78w","out_trade_no":"2017051509515580","result_code":"SUCCESS","return_code":"SUCCESS","sign":"D027542886997EB965CA89BFC4E89813","time_end":"20170515095206","total_fee":"1","trade_type":"JSAPI","transaction_id":"4003812001201705150898046208"}
[2017-05-15 09:53:11][debug] query:{"appid":"wxd46e99b7f83183e1","err_code":"ORDERNOTEXIST","err_code_des":"order not exist","mch_id":"1383580102","nonce_str":"TO5BzwayfngOYSXp","result_code":"FAIL","return_code":"SUCCESS","return_msg":"OK","sign":"67DF0ABC745946604644420AEFD099E7"}
[2017-05-15 09:56:12][debug] begin notify
[2017-05-15 09:56:12][debug] call back:{"appid":"wxd46e99b7f83183e1","bank_type":"CFT","cash_fee":"1","fee_type":"CNY","is_subscribe":"Y","mch_id":"1383580102","nonce_str":"3a4qejjwace5aroon044dpu671smawc9","openid":"ovxXWv0E3d57KcmAN_MIEbzMU78w","out_trade_no":"2017051509515580","result_code":"SUCCESS","return_code":"SUCCESS","sign":"D027542886997EB965CA89BFC4E89813","time_end":"20170515095206","total_fee":"1","trade_type":"JSAPI","transaction_id":"4003812001201705150898046208"}
[2017-05-15 09:56:12][debug] query:{"appid":"wxd46e99b7f83183e1","err_code":"ORDERNOTEXIST","err_code_des":"order not exist","mch_id":"1383580102","nonce_str":"vvCLBy4CgsqSAVjm","result_code":"FAIL","return_code":"SUCCESS","return_msg":"OK","sign":"62BECD6992ACF13631F8136F648C4F90"}
[2017-05-15 10:15:56][debug] begin notify
[2017-05-15 10:15:56][debug] call back:{"appid":"wxd46e99b7f83183e1","bank_type":"CMBC_CREDIT","cash_fee":"1","fee_type":"CNY","is_subscribe":"Y","mch_id":"1383580102","nonce_str":"asiahz630r50pv03kt1shtvfl4mol5ov","openid":"ovxXWv3CHJLsugBLuDQiCAxREFtE","out_trade_no":"2017051509413201","result_code":"SUCCESS","return_code":"SUCCESS","sign":"481105B3420D209DDBA440984E3211A5","time_end":"20170515094142","total_fee":"1","trade_type":"JSAPI","transaction_id":"4002902001201705150900376102"}
[2017-05-15 10:15:57][debug] query:{"appid":"wxd46e99b7f83183e1","err_code":"ORDERNOTEXIST","err_code_des":"order not exist","mch_id":"1383580102","nonce_str":"YIvcIouQ6tHYHOF2","result_code":"FAIL","return_code":"SUCCESS","return_msg":"OK","sign":"05C46F2B5259585A795319609C6CA55B"}
[2017-05-15 10:26:13][debug] begin notify
[2017-05-15 10:26:13][debug] call back:{"appid":"wxd46e99b7f83183e1","bank_type":"CFT","cash_fee":"1","fee_type":"CNY","is_subscribe":"Y","mch_id":"1383580102","nonce_str":"3a4qejjwace5aroon044dpu671smawc9","openid":"ovxXWv0E3d57KcmAN_MIEbzMU78w","out_trade_no":"2017051509515580","result_code":"SUCCESS","return_code":"SUCCESS","sign":"D027542886997EB965CA89BFC4E89813","time_end":"20170515095206","total_fee":"1","trade_type":"JSAPI","transaction_id":"4003812001201705150898046208"}
[2017-05-15 10:26:15][debug] query:{"appid":"wxd46e99b7f83183e1","err_code":"ORDERNOTEXIST","err_code_des":"order not exist","mch_id":"1383580102","nonce_str":"V8VoPm3K0P8U8Xiy","result_code":"FAIL","return_code":"SUCCESS","return_msg":"OK","sign":"DAB5A3DF5A4C20E403F7FB5249EBE8BB"}
[2017-05-15 10:45:59][debug] begin notify
[2017-05-15 10:45:59][debug] call back:{"appid":"wxd46e99b7f83183e1","bank_type":"CMBC_CREDIT","cash_fee":"1","fee_type":"CNY","is_subscribe":"Y","mch_id":"1383580102","nonce_str":"asiahz630r50pv03kt1shtvfl4mol5ov","openid":"ovxXWv3CHJLsugBLuDQiCAxREFtE","out_trade_no":"2017051509413201","result_code":"SUCCESS","return_code":"SUCCESS","sign":"481105B3420D209DDBA440984E3211A5","time_end":"20170515094142","total_fee":"1","trade_type":"JSAPI","transaction_id":"4002902001201705150900376102"}
[2017-05-15 10:45:59][debug] query:{"appid":"wxd46e99b7f83183e1","err_code":"ORDERNOTEXIST","err_code_des":"order not exist","mch_id":"1383580102","nonce_str":"yO0To27gpHa2J6nI","result_code":"FAIL","return_code":"SUCCESS","return_msg":"OK","sign":"4DE7075691824556D6C03E5CBBCF5ADF"}
[2017-05-15 10:56:16][debug] begin notify
[2017-05-15 10:56:16][debug] call back:{"appid":"wxd46e99b7f83183e1","bank_type":"CFT","cash_fee":"1","fee_type":"CNY","is_subscribe":"Y","mch_id":"1383580102","nonce_str":"3a4qejjwace5aroon044dpu671smawc9","openid":"ovxXWv0E3d57KcmAN_MIEbzMU78w","out_trade_no":"2017051509515580","result_code":"SUCCESS","return_code":"SUCCESS","sign":"D027542886997EB965CA89BFC4E89813","time_end":"20170515095206","total_fee":"1","trade_type":"JSAPI","transaction_id":"4003812001201705150898046208"}
[2017-05-15 10:56:16][debug] query:{"appid":"wxd46e99b7f83183e1","err_code":"ORDERNOTEXIST","err_code_des":"order not exist","mch_id":"1383580102","nonce_str":"6SyGTvxCzTBfZY9y","result_code":"FAIL","return_code":"SUCCESS","return_msg":"OK","sign":"8FAD0FDE62F356BB9D39E41D44E58A03"}
[2017-05-15 11:16:02][debug] begin notify
[2017-05-15 11:16:02][debug] call back:{"appid":"wxd46e99b7f83183e1","bank_type":"CMBC_CREDIT","cash_fee":"1","fee_type":"CNY","is_subscribe":"Y","mch_id":"1383580102","nonce_str":"asiahz630r50pv03kt1shtvfl4mol5ov","openid":"ovxXWv3CHJLsugBLuDQiCAxREFtE","out_trade_no":"2017051509413201","result_code":"SUCCESS","return_code":"SUCCESS","sign":"481105B3420D209DDBA440984E3211A5","time_end":"20170515094142","total_fee":"1","trade_type":"JSAPI","transaction_id":"4002902001201705150900376102"}
[2017-05-15 11:16:04][debug] query:{"appid":"wxd46e99b7f83183e1","err_code":"ORDERNOTEXIST","err_code_des":"order not exist","mch_id":"1383580102","nonce_str":"EZ9c4CUnfdzrfL99","result_code":"FAIL","return_code":"SUCCESS","return_msg":"OK","sign":"8D24EEA3A7CDF630D3FB126915302823"}
[2017-05-15 11:26:17][debug] begin notify
[2017-05-15 11:26:17][debug] call back:{"appid":"wxd46e99b7f83183e1","bank_type":"CFT","cash_fee":"1","fee_type":"CNY","is_subscribe":"Y","mch_id":"1383580102","nonce_str":"3a4qejjwace5aroon044dpu671smawc9","openid":"ovxXWv0E3d57KcmAN_MIEbzMU78w","out_trade_no":"2017051509515580","result_code":"SUCCESS","return_code":"SUCCESS","sign":"D027542886997EB965CA89BFC4E89813","time_end":"20170515095206","total_fee":"1","trade_type":"JSAPI","transaction_id":"4003812001201705150898046208"}
[2017-05-15 11:26:19][debug] query:{"appid":"wxd46e99b7f83183e1","err_code":"ORDERNOTEXIST","err_code_des":"order not exist","mch_id":"1383580102","nonce_str":"WepQrdYLxoucjLCG","result_code":"FAIL","return_code":"SUCCESS","return_msg":"OK","sign":"53EBC6023081046B4315E89C4C7CF4B9"}
[2017-05-15 11:46:06][debug] begin notify
[2017-05-15 11:46:06][debug] call back:{"appid":"wxd46e99b7f83183e1","bank_type":"CMBC_CREDIT","cash_fee":"1","fee_type":"CNY","is_subscribe":"Y","mch_id":"1383580102","nonce_str":"asiahz630r50pv03kt1shtvfl4mol5ov","openid":"ovxXWv3CHJLsugBLuDQiCAxREFtE","out_trade_no":"2017051509413201","result_code":"SUCCESS","return_code":"SUCCESS","sign":"481105B3420D209DDBA440984E3211A5","time_end":"20170515094142","total_fee":"1","trade_type":"JSAPI","transaction_id":"4002902001201705150900376102"}
[2017-05-15 11:46:08][debug] query:{"appid":"wxd46e99b7f83183e1","err_code":"ORDERNOTEXIST","err_code_des":"order not exist","mch_id":"1383580102","nonce_str":"kEF2PcogH9zyNAof","result_code":"FAIL","return_code":"SUCCESS","return_msg":"OK","sign":"18C949E2C325A91D8D1CE92BC927AEE4"}
[2017-05-15 11:56:21][debug] begin notify
[2017-05-15 11:56:21][debug] call back:{"appid":"wxd46e99b7f83183e1","bank_type":"CFT","cash_fee":"1","fee_type":"CNY","is_subscribe":"Y","mch_id":"1383580102","nonce_str":"3a4qejjwace5aroon044dpu671smawc9","openid":"ovxXWv0E3d57KcmAN_MIEbzMU78w","out_trade_no":"2017051509515580","result_code":"SUCCESS","return_code":"SUCCESS","sign":"D027542886997EB965CA89BFC4E89813","time_end":"20170515095206","total_fee":"1","trade_type":"JSAPI","transaction_id":"4003812001201705150898046208"}
[2017-05-15 11:56:21][debug] query:{"appid":"wxd46e99b7f83183e1","err_code":"ORDERNOTEXIST","err_code_des":"order not exist","mch_id":"1383580102","nonce_str":"fxx0yfWCoFCS6ewF","result_code":"FAIL","return_code":"SUCCESS","return_msg":"OK","sign":"90922F7FB430E6F0295F7AEC484E896B"}
[2017-05-15 12:46:10][debug] begin notify
[2017-05-15 12:46:10][debug] call back:{"appid":"wxd46e99b7f83183e1","bank_type":"CMBC_CREDIT","cash_fee":"1","fee_type":"CNY","is_subscribe":"Y","mch_id":"1383580102","nonce_str":"asiahz630r50pv03kt1shtvfl4mol5ov","openid":"ovxXWv3CHJLsugBLuDQiCAxREFtE","out_trade_no":"2017051509413201","result_code":"SUCCESS","return_code":"SUCCESS","sign":"481105B3420D209DDBA440984E3211A5","time_end":"20170515094142","total_fee":"1","trade_type":"JSAPI","transaction_id":"4002902001201705150900376102"}
[2017-05-15 12:46:12][debug] query:{"appid":"wxd46e99b7f83183e1","err_code":"ORDERNOTEXIST","err_code_des":"order not exist","mch_id":"1383580102","nonce_str":"Zud8PkItT5LBgrKP","result_code":"FAIL","return_code":"SUCCESS","return_msg":"OK","sign":"E3E89859205119CE81F9E5A410F66218"}
[2017-05-15 12:56:23][debug] begin notify
[2017-05-15 12:56:23][debug] call back:{"appid":"wxd46e99b7f83183e1","bank_type":"CFT","cash_fee":"1","fee_type":"CNY","is_subscribe":"Y","mch_id":"1383580102","nonce_str":"3a4qejjwace5aroon044dpu671smawc9","openid":"ovxXWv0E3d57KcmAN_MIEbzMU78w","out_trade_no":"2017051509515580","result_code":"SUCCESS","return_code":"SUCCESS","sign":"D027542886997EB965CA89BFC4E89813","time_end":"20170515095206","total_fee":"1","trade_type":"JSAPI","transaction_id":"4003812001201705150898046208"}
[2017-05-15 12:56:25][debug] query:{"appid":"wxd46e99b7f83183e1","err_code":"ORDERNOTEXIST","err_code_des":"order not exist","mch_id":"1383580102","nonce_str":"hZwnpZIZVniDLXxQ","result_code":"FAIL","return_code":"SUCCESS","return_msg":"OK","sign":"31976B1755A1DDA7EDC06229048ACDA1"}
[2017-05-15 14:04:00][debug] begin notify
[2017-05-15 14:04:00][debug] call back:{"appid":"wxd46e99b7f83183e1","bank_type":"CFT","cash_fee":"10","fee_type":"CNY","is_subscribe":"Y","mch_id":"1383580102","nonce_str":"pqd9q4kvfpfavxtr42zgspehwshd84la","openid":"ovxXWv5Ldfh1B4nho4C-Jz6Kgma0","out_trade_no":"201705151403518516","result_code":"SUCCESS","return_code":"SUCCESS","sign":"8977B72DBA58A024A1E6CD3C1469A681","time_end":"20170515140359","total_fee":"10","trade_type":"JSAPI","transaction_id":"4005242001201705150927940184"}
[2017-05-15 14:04:01][debug] query:{"appid":"wxd46e99b7f83183e1","err_code":"ORDERNOTEXIST","err_code_des":"order not exist","mch_id":"1383580102","nonce_str":"yEl2EcO6eO3wUdMt","result_code":"FAIL","return_code":"SUCCESS","return_msg":"OK","sign":"6178F4FB61798BFE1B3E7198CEDCD164"}
[2017-05-15 14:04:03][debug] begin notify
[2017-05-15 14:04:03][debug] query:{"appid":"wxd46e99b7f83183e1","attach":[],"bank_type":"CFT","cash_fee":"10","fee_type":"CNY","is_subscribe":"Y","mch_id":"1383580102","nonce_str":"xEgFUTw3svvHMwXx","openid":"ovxXWv5Ldfh1B4nho4C-Jz6Kgma0","out_trade_no":"201705151403518516","result_code":"SUCCESS","return_code":"SUCCESS","return_msg":"OK","sign":"6E2B05573331915E50E210AF491BB69D","time_end":"20170515140359","total_fee":"10","trade_state":"SUCCESS","trade_type":"JSAPI","transaction_id":"4005242001201705150927940184"}
[2017-05-15 14:04:11][debug] begin notify
[2017-05-15 14:04:11][debug] call back:{"appid":"wxd46e99b7f83183e1","bank_type":"CFT","cash_fee":"10","fee_type":"CNY","is_subscribe":"Y","mch_id":"1383580102","nonce_str":"pqd9q4kvfpfavxtr42zgspehwshd84la","openid":"ovxXWv5Ldfh1B4nho4C-Jz6Kgma0","out_trade_no":"201705151403518516","result_code":"SUCCESS","return_code":"SUCCESS","sign":"8977B72DBA58A024A1E6CD3C1469A681","time_end":"20170515140359","total_fee":"10","trade_type":"JSAPI","transaction_id":"4005242001201705150927940184"}
[2017-05-15 14:04:13][debug] query:{"appid":"wxd46e99b7f83183e1","err_code":"ORDERNOTEXIST","err_code_des":"order not exist","mch_id":"1383580102","nonce_str":"A12acVCHJTRVSFfU","result_code":"FAIL","return_code":"SUCCESS","return_msg":"OK","sign":"6C7EA03B78310F6E23809C3912FDE906"}
[2017-05-15 14:04:30][debug] begin notify
[2017-05-15 14:04:30][debug] call back:{"appid":"wxd46e99b7f83183e1","bank_type":"CFT","cash_fee":"10","fee_type":"CNY","is_subscribe":"Y","mch_id":"1383580102","nonce_str":"pqd9q4kvfpfavxtr42zgspehwshd84la","openid":"ovxXWv5Ldfh1B4nho4C-Jz6Kgma0","out_trade_no":"201705151403518516","result_code":"SUCCESS","return_code":"SUCCESS","sign":"8977B72DBA58A024A1E6CD3C1469A681","time_end":"20170515140359","total_fee":"10","trade_type":"JSAPI","transaction_id":"4005242001201705150927940184"}
[2017-05-15 14:04:30][debug] query:{"appid":"wxd46e99b7f83183e1","err_code":"ORDERNOTEXIST","err_code_des":"order not exist","mch_id":"1383580102","nonce_str":"wtM19A9ee8WT6sEw","result_code":"FAIL","return_code":"SUCCESS","return_msg":"OK","sign":"25512BEE432D3EA9F2432B90AED1129B"}
[2017-05-15 14:05:02][debug] begin notify
[2017-05-15 14:05:02][debug] call back:{"appid":"wxd46e99b7f83183e1","bank_type":"CFT","cash_fee":"10","fee_type":"CNY","is_subscribe":"Y","mch_id":"1383580102","nonce_str":"pqd9q4kvfpfavxtr42zgspehwshd84la","openid":"ovxXWv5Ldfh1B4nho4C-Jz6Kgma0","out_trade_no":"201705151403518516","result_code":"SUCCESS","return_code":"SUCCESS","sign":"8977B72DBA58A024A1E6CD3C1469A681","time_end":"20170515140359","total_fee":"10","trade_type":"JSAPI","transaction_id":"4005242001201705150927940184"}
[2017-05-15 14:05:02][debug] query:{"appid":"wxd46e99b7f83183e1","err_code":"ORDERNOTEXIST","err_code_des":"order not exist","mch_id":"1383580102","nonce_str":"Av3wyH2b7YdmPcMU","result_code":"FAIL","return_code":"SUCCESS","return_msg":"OK","sign":"BDB20E3C15BA272BF4FE8A39D0EF1D91"}
[2017-05-15 14:08:04][debug] begin notify
[2017-05-15 14:08:04][debug] call back:{"appid":"wxd46e99b7f83183e1","bank_type":"CFT","cash_fee":"10","fee_type":"CNY","is_subscribe":"Y","mch_id":"1383580102","nonce_str":"pqd9q4kvfpfavxtr42zgspehwshd84la","openid":"ovxXWv5Ldfh1B4nho4C-Jz6Kgma0","out_trade_no":"201705151403518516","result_code":"SUCCESS","return_code":"SUCCESS","sign":"8977B72DBA58A024A1E6CD3C1469A681","time_end":"20170515140359","total_fee":"10","trade_type":"JSAPI","transaction_id":"4005242001201705150927940184"}
[2017-05-15 14:08:04][debug] query:{"appid":"wxd46e99b7f83183e1","err_code":"ORDERNOTEXIST","err_code_des":"order not exist","mch_id":"1383580102","nonce_str":"Hs8P4jr2eNGmTObZ","result_code":"FAIL","return_code":"SUCCESS","return_msg":"OK","sign":"4B2161D9667F91A8B72CA2905C178F15"}
[2017-05-15 14:19:54][debug] begin notify
[2017-05-15 14:19:54][debug] call back:{"appid":"wxd46e99b7f83183e1","bank_type":"CFT","cash_fee":"1","fee_type":"CNY","is_subscribe":"Y","mch_id":"1383580102","nonce_str":"r8ld6jbhs1hy6ga444q4zayk9wot7fyg","openid":"ovxXWv5Ldfh1B4nho4C-Jz6Kgma0","out_trade_no":"201705151419388156","result_code":"SUCCESS","return_code":"SUCCESS","sign":"672623B1D713668DA5887AAB37AE82B5","time_end":"20170515141953","total_fee":"1","trade_type":"JSAPI","transaction_id":"4005242001201705150934369135"}
[2017-05-15 14:19:55][debug] begin notify
[2017-05-15 14:19:56][debug] query:{"appid":"wxd46e99b7f83183e1","err_code":"ORDERNOTEXIST","err_code_des":"order not exist","mch_id":"1383580102","nonce_str":"wgcpILepCT8F6jtp","result_code":"FAIL","return_code":"SUCCESS","return_msg":"OK","sign":"25DD25099BD5D2A3B70E4BDFCEB12777"}
[2017-05-15 14:19:57][debug] query:{"appid":"wxd46e99b7f83183e1","attach":[],"bank_type":"CFT","cash_fee":"1","fee_type":"CNY","is_subscribe":"Y","mch_id":"1383580102","nonce_str":"i7FIQjFVZ5Slgzdz","openid":"ovxXWv5Ldfh1B4nho4C-Jz6Kgma0","out_trade_no":"201705151419388156","result_code":"SUCCESS","return_code":"SUCCESS","return_msg":"OK","sign":"9D84FC67E7E0194BC582684BBEC68818","time_end":"20170515141953","total_fee":"1","trade_state":"SUCCESS","trade_type":"JSAPI","transaction_id":"4005242001201705150934369135"}
[2017-05-15 14:20:11][debug] begin notify
[2017-05-15 14:20:11][debug] call back:{"appid":"wxd46e99b7f83183e1","bank_type":"CFT","cash_fee":"1","fee_type":"CNY","is_subscribe":"Y","mch_id":"1383580102","nonce_str":"r8ld6jbhs1hy6ga444q4zayk9wot7fyg","openid":"ovxXWv5Ldfh1B4nho4C-Jz6Kgma0","out_trade_no":"201705151419388156","result_code":"SUCCESS","return_code":"SUCCESS","sign":"672623B1D713668DA5887AAB37AE82B5","time_end":"20170515141953","total_fee":"1","trade_type":"JSAPI","transaction_id":"4005242001201705150934369135"}
[2017-05-15 14:20:11][debug] query:{"appid":"wxd46e99b7f83183e1","err_code":"ORDERNOTEXIST","err_code_des":"order not exist","mch_id":"1383580102","nonce_str":"5knT6TMNZZT5Q6lE","result_code":"FAIL","return_code":"SUCCESS","return_msg":"OK","sign":"303177BF345A367A03518C7AD39E7CFE"}
[2017-05-15 14:20:27][debug] begin notify
[2017-05-15 14:20:27][debug] call back:{"appid":"wxd46e99b7f83183e1","bank_type":"CFT","cash_fee":"1","fee_type":"CNY","is_subscribe":"Y","mch_id":"1383580102","nonce_str":"r8ld6jbhs1hy6ga444q4zayk9wot7fyg","openid":"ovxXWv5Ldfh1B4nho4C-Jz6Kgma0","out_trade_no":"201705151419388156","result_code":"SUCCESS","return_code":"SUCCESS","sign":"672623B1D713668DA5887AAB37AE82B5","time_end":"20170515141953","total_fee":"1","trade_type":"JSAPI","transaction_id":"4005242001201705150934369135"}
[2017-05-15 14:20:28][debug] query:{"appid":"wxd46e99b7f83183e1","err_code":"ORDERNOTEXIST","err_code_des":"order not exist","mch_id":"1383580102","nonce_str":"YccktoFKe0HwDZaK","result_code":"FAIL","return_code":"SUCCESS","return_msg":"OK","sign":"D0BF90B1209C428181EA2F1A939BEFE6"}
[2017-05-15 14:21:00][debug] begin notify
[2017-05-15 14:21:00][debug] call back:{"appid":"wxd46e99b7f83183e1","bank_type":"CFT","cash_fee":"1","fee_type":"CNY","is_subscribe":"Y","mch_id":"1383580102","nonce_str":"r8ld6jbhs1hy6ga444q4zayk9wot7fyg","openid":"ovxXWv5Ldfh1B4nho4C-Jz6Kgma0","out_trade_no":"201705151419388156","result_code":"SUCCESS","return_code":"SUCCESS","sign":"672623B1D713668DA5887AAB37AE82B5","time_end":"20170515141953","total_fee":"1","trade_type":"JSAPI","transaction_id":"4005242001201705150934369135"}
[2017-05-15 14:21:01][debug] query:{"appid":"wxd46e99b7f83183e1","err_code":"ORDERNOTEXIST","err_code_des":"order not exist","mch_id":"1383580102","nonce_str":"IGSsavCyxJ5JJHUM","result_code":"FAIL","return_code":"SUCCESS","return_msg":"OK","sign":"2F7E83B20A2D661F3C1852ED8FD7F253"}
[2017-05-15 14:24:04][debug] begin notify
[2017-05-15 14:24:04][debug] call back:{"appid":"wxd46e99b7f83183e1","bank_type":"CFT","cash_fee":"1","fee_type":"CNY","is_subscribe":"Y","mch_id":"1383580102","nonce_str":"r8ld6jbhs1hy6ga444q4zayk9wot7fyg","openid":"ovxXWv5Ldfh1B4nho4C-Jz6Kgma0","out_trade_no":"201705151419388156","result_code":"SUCCESS","return_code":"SUCCESS","sign":"672623B1D713668DA5887AAB37AE82B5","time_end":"20170515141953","total_fee":"1","trade_type":"JSAPI","transaction_id":"4005242001201705150934369135"}
[2017-05-15 14:24:04][debug] query:{"appid":"wxd46e99b7f83183e1","err_code":"ORDERNOTEXIST","err_code_des":"order not exist","mch_id":"1383580102","nonce_str":"xz5H80gwlEUU98Ly","result_code":"FAIL","return_code":"SUCCESS","return_msg":"OK","sign":"04C7A0EC6627DB2CD82EB36E12F511C7"}
[2017-05-15 14:32:12][debug] begin notify
[2017-05-15 14:32:12][debug] call back:{"appid":"wxd46e99b7f83183e1","bank_type":"CFT","cash_fee":"1","fee_type":"CNY","is_subscribe":"Y","mch_id":"1383580102","nonce_str":"l7v1td6u2wgghyw40ootthj8itnvm2ol","openid":"ovxXWv0E3d57KcmAN_MIEbzMU78w","out_trade_no":"201705151431331347","result_code":"SUCCESS","return_code":"SUCCESS","sign":"B108BC433507344EDBB244299E0F83DB","time_end":"20170515143212","total_fee":"1","trade_type":"JSAPI","transaction_id":"4003812001201705150931878046"}
[2017-05-15 14:32:14][debug] query:{"appid":"wxd46e99b7f83183e1","err_code":"ORDERNOTEXIST","err_code_des":"order not exist","mch_id":"1383580102","nonce_str":"n8jX0vLaYUzoi1OZ","result_code":"FAIL","return_code":"SUCCESS","return_msg":"OK","sign":"942C6A83DFABF4F7B4F2F84C45CDB17C"}
[2017-05-15 14:32:15][debug] begin notify
[2017-05-15 14:32:16][debug] query:{"appid":"wxd46e99b7f83183e1","attach":[],"bank_type":"CFT","cash_fee":"1","fee_type":"CNY","is_subscribe":"Y","mch_id":"1383580102","nonce_str":"ZXQLhN2NmXYjeZez","openid":"ovxXWv0E3d57KcmAN_MIEbzMU78w","out_trade_no":"201705151431331347","result_code":"SUCCESS","return_code":"SUCCESS","return_msg":"OK","sign":"1DB311B1285BC626499C0494812A6700","time_end":"20170515143212","total_fee":"1","trade_state":"SUCCESS","trade_type":"JSAPI","transaction_id":"4003812001201705150931878046"}
[2017-05-15 14:32:29][debug] begin notify
[2017-05-15 14:32:29][debug] call back:{"appid":"wxd46e99b7f83183e1","bank_type":"CFT","cash_fee":"1","fee_type":"CNY","is_subscribe":"Y","mch_id":"1383580102","nonce_str":"l7v1td6u2wgghyw40ootthj8itnvm2ol","openid":"ovxXWv0E3d57KcmAN_MIEbzMU78w","out_trade_no":"201705151431331347","result_code":"SUCCESS","return_code":"SUCCESS","sign":"B108BC433507344EDBB244299E0F83DB","time_end":"20170515143212","total_fee":"1","trade_type":"JSAPI","transaction_id":"4003812001201705150931878046"}
[2017-05-15 14:32:29][debug] query:{"appid":"wxd46e99b7f83183e1","err_code":"ORDERNOTEXIST","err_code_des":"order not exist","mch_id":"1383580102","nonce_str":"5iFyUxwoQK6644zl","result_code":"FAIL","return_code":"SUCCESS","return_msg":"OK","sign":"FE4CFF4B98EE23B6E71BDC4DE8457A5A"}
[2017-05-15 14:32:45][debug] begin notify
[2017-05-15 14:32:45][debug] call back:{"appid":"wxd46e99b7f83183e1","bank_type":"CFT","cash_fee":"1","fee_type":"CNY","is_subscribe":"Y","mch_id":"1383580102","nonce_str":"l7v1td6u2wgghyw40ootthj8itnvm2ol","openid":"ovxXWv0E3d57KcmAN_MIEbzMU78w","out_trade_no":"201705151431331347","result_code":"SUCCESS","return_code":"SUCCESS","sign":"B108BC433507344EDBB244299E0F83DB","time_end":"20170515143212","total_fee":"1","trade_type":"JSAPI","transaction_id":"4003812001201705150931878046"}
[2017-05-15 14:32:47][debug] query:{"appid":"wxd46e99b7f83183e1","err_code":"ORDERNOTEXIST","err_code_des":"order not exist","mch_id":"1383580102","nonce_str":"oCASmyHsdVKzITug","result_code":"FAIL","return_code":"SUCCESS","return_msg":"OK","sign":"C25118B1164F16029FB0F6C9C2746950"}
[2017-05-15 14:33:18][debug] begin notify
[2017-05-15 14:33:18][debug] call back:{"appid":"wxd46e99b7f83183e1","bank_type":"CFT","cash_fee":"1","fee_type":"CNY","is_subscribe":"Y","mch_id":"1383580102","nonce_str":"l7v1td6u2wgghyw40ootthj8itnvm2ol","openid":"ovxXWv0E3d57KcmAN_MIEbzMU78w","out_trade_no":"201705151431331347","result_code":"SUCCESS","return_code":"SUCCESS","sign":"B108BC433507344EDBB244299E0F83DB","time_end":"20170515143212","total_fee":"1","trade_type":"JSAPI","transaction_id":"4003812001201705150931878046"}
[2017-05-15 14:33:18][debug] query:{"appid":"wxd46e99b7f83183e1","err_code":"ORDERNOTEXIST","err_code_des":"order not exist","mch_id":"1383580102","nonce_str":"L6P5yhci6kVe7eca","result_code":"FAIL","return_code":"SUCCESS","return_msg":"OK","sign":"D2277428E7082FAF868D4414028CCE32"}
[2017-05-15 14:34:44][debug] begin notify
[2017-05-15 14:34:44][debug] call back:{"appid":"wxd46e99b7f83183e1","bank_type":"CFT","cash_fee":"1","fee_type":"CNY","is_subscribe":"Y","mch_id":"1383580102","nonce_str":"ci0oc78osu8qhfpb0zg8npzrfyltuqkg","openid":"ovxXWv0E3d57KcmAN_MIEbzMU78w","out_trade_no":"201705151434368123","result_code":"SUCCESS","return_code":"SUCCESS","sign":"8DC1A5F2A4315D445C8E8BCF5DA12FF9","time_end":"20170515143444","total_fee":"1","trade_type":"JSAPI","transaction_id":"4003812001201705150936476451"}
[2017-05-15 14:34:44][debug] query:{"appid":"wxd46e99b7f83183e1","err_code":"ORDERNOTEXIST","err_code_des":"order not exist","mch_id":"1383580102","nonce_str":"IDM8r7oUQO4z7rZd","result_code":"FAIL","return_code":"SUCCESS","return_msg":"OK","sign":"84B010EF32B6E649FAC6302C0C08B0AC"}
[2017-05-15 14:34:51][debug] begin notify
[2017-05-15 14:34:51][debug] query:{"appid":"wxd46e99b7f83183e1","attach":[],"bank_type":"CFT","cash_fee":"1","fee_type":"CNY","is_subscribe":"Y","mch_id":"1383580102","nonce_str":"CpqB1BM6qnuA5uTE","openid":"ovxXWv0E3d57KcmAN_MIEbzMU78w","out_trade_no":"201705151434368123","result_code":"SUCCESS","return_code":"SUCCESS","return_msg":"OK","sign":"FD24823EBD36012E4B059DB515735720","time_end":"20170515143444","total_fee":"1","trade_state":"SUCCESS","trade_type":"JSAPI","transaction_id":"4003812001201705150936476451"}
[2017-05-15 14:35:00][debug] begin notify
[2017-05-15 14:35:00][debug] call back:{"appid":"wxd46e99b7f83183e1","bank_type":"CFT","cash_fee":"1","fee_type":"CNY","is_subscribe":"Y","mch_id":"1383580102","nonce_str":"ci0oc78osu8qhfpb0zg8npzrfyltuqkg","openid":"ovxXWv0E3d57KcmAN_MIEbzMU78w","out_trade_no":"201705151434368123","result_code":"SUCCESS","return_code":"SUCCESS","sign":"8DC1A5F2A4315D445C8E8BCF5DA12FF9","time_end":"20170515143444","total_fee":"1","trade_type":"JSAPI","transaction_id":"4003812001201705150936476451"}
[2017-05-15 14:35:00][debug] query:{"appid":"wxd46e99b7f83183e1","err_code":"ORDERNOTEXIST","err_code_des":"order not exist","mch_id":"1383580102","nonce_str":"J3Ic0pfAZGdblJWE","result_code":"FAIL","return_code":"SUCCESS","return_msg":"OK","sign":"240992B79FDC624F7D00EF0563931FC9"}
[2017-05-15 14:35:17][debug] begin notify
[2017-05-15 14:35:17][debug] call back:{"appid":"wxd46e99b7f83183e1","bank_type":"CFT","cash_fee":"1","fee_type":"CNY","is_subscribe":"Y","mch_id":"1383580102","nonce_str":"ci0oc78osu8qhfpb0zg8npzrfyltuqkg","openid":"ovxXWv0E3d57KcmAN_MIEbzMU78w","out_trade_no":"201705151434368123","result_code":"SUCCESS","return_code":"SUCCESS","sign":"8DC1A5F2A4315D445C8E8BCF5DA12FF9","time_end":"20170515143444","total_fee":"1","trade_type":"JSAPI","transaction_id":"4003812001201705150936476451"}
[2017-05-15 14:35:18][debug] query:{"appid":"wxd46e99b7f83183e1","err_code":"ORDERNOTEXIST","err_code_des":"order not exist","mch_id":"1383580102","nonce_str":"eyWQ7EttXlfDRm0U","result_code":"FAIL","return_code":"SUCCESS","return_msg":"OK","sign":"EFDDAF9EA5A802A40123A7CEB99D7287"}
[2017-05-15 14:35:49][debug] begin notify
[2017-05-15 14:35:49][debug] call back:{"appid":"wxd46e99b7f83183e1","bank_type":"CFT","cash_fee":"1","fee_type":"CNY","is_subscribe":"Y","mch_id":"1383580102","nonce_str":"ci0oc78osu8qhfpb0zg8npzrfyltuqkg","openid":"ovxXWv0E3d57KcmAN_MIEbzMU78w","out_trade_no":"201705151434368123","result_code":"SUCCESS","return_code":"SUCCESS","sign":"8DC1A5F2A4315D445C8E8BCF5DA12FF9","time_end":"20170515143444","total_fee":"1","trade_type":"JSAPI","transaction_id":"4003812001201705150936476451"}
[2017-05-15 14:35:51][debug] query:{"appid":"wxd46e99b7f83183e1","err_code":"ORDERNOTEXIST","err_code_des":"order not exist","mch_id":"1383580102","nonce_str":"U4E1ciBWhlFcdfed","result_code":"FAIL","return_code":"SUCCESS","return_msg":"OK","sign":"BB5C29D51D63D6E66767EF1A8192E81A"}
[2017-05-15 14:36:21][debug] begin notify
[2017-05-15 14:36:21][debug] call back:{"appid":"wxd46e99b7f83183e1","bank_type":"CFT","cash_fee":"1","fee_type":"CNY","is_subscribe":"Y","mch_id":"1383580102","nonce_str":"l7v1td6u2wgghyw40ootthj8itnvm2ol","openid":"ovxXWv0E3d57KcmAN_MIEbzMU78w","out_trade_no":"201705151431331347","result_code":"SUCCESS","return_code":"SUCCESS","sign":"B108BC433507344EDBB244299E0F83DB","time_end":"20170515143212","total_fee":"1","trade_type":"JSAPI","transaction_id":"4003812001201705150931878046"}
[2017-05-15 14:36:21][debug] query:{"appid":"wxd46e99b7f83183e1","err_code":"ORDERNOTEXIST","err_code_des":"order not exist","mch_id":"1383580102","nonce_str":"pKqqUN8FpDTUjJlK","result_code":"FAIL","return_code":"SUCCESS","return_msg":"OK","sign":"04348B1909B6CA318925AEA0DB8C9A60"}
[2017-05-15 14:38:06][debug] begin notify
[2017-05-15 14:38:06][debug] call back:{"appid":"wxd46e99b7f83183e1","bank_type":"CFT","cash_fee":"10","fee_type":"CNY","is_subscribe":"Y","mch_id":"1383580102","nonce_str":"pqd9q4kvfpfavxtr42zgspehwshd84la","openid":"ovxXWv5Ldfh1B4nho4C-Jz6Kgma0","out_trade_no":"201705151403518516","result_code":"SUCCESS","return_code":"SUCCESS","sign":"8977B72DBA58A024A1E6CD3C1469A681","time_end":"20170515140359","total_fee":"10","trade_type":"JSAPI","transaction_id":"4005242001201705150927940184"}
[2017-05-15 14:38:06][debug] query:{"appid":"wxd46e99b7f83183e1","err_code":"ORDERNOTEXIST","err_code_des":"order not exist","mch_id":"1383580102","nonce_str":"eBRrGodnuhuj32cb","result_code":"FAIL","return_code":"SUCCESS","return_msg":"OK","sign":"830CBA0292A7764E2B22140DD6A18F8F"}
[2017-05-15 14:38:53][debug] begin notify
[2017-05-15 14:38:53][debug] call back:{"appid":"wxd46e99b7f83183e1","bank_type":"CFT","cash_fee":"1","fee_type":"CNY","is_subscribe":"Y","mch_id":"1383580102","nonce_str":"ci0oc78osu8qhfpb0zg8npzrfyltuqkg","openid":"ovxXWv0E3d57KcmAN_MIEbzMU78w","out_trade_no":"201705151434368123","result_code":"SUCCESS","return_code":"SUCCESS","sign":"8DC1A5F2A4315D445C8E8BCF5DA12FF9","time_end":"20170515143444","total_fee":"1","trade_type":"JSAPI","transaction_id":"4003812001201705150936476451"}
[2017-05-15 14:38:53][debug] query:{"appid":"wxd46e99b7f83183e1","err_code":"ORDERNOTEXIST","err_code_des":"order not exist","mch_id":"1383580102","nonce_str":"eDRprBG9DREvXQ8m","result_code":"FAIL","return_code":"SUCCESS","return_msg":"OK","sign":"CF7323E2DA6E2C306697A115EA3E4677"}
[2017-05-15 14:54:06][debug] begin notify
[2017-05-15 14:54:06][debug] call back:{"appid":"wxd46e99b7f83183e1","bank_type":"CFT","cash_fee":"1","fee_type":"CNY","is_subscribe":"Y","mch_id":"1383580102","nonce_str":"r8ld6jbhs1hy6ga444q4zayk9wot7fyg","openid":"ovxXWv5Ldfh1B4nho4C-Jz6Kgma0","out_trade_no":"201705151419388156","result_code":"SUCCESS","return_code":"SUCCESS","sign":"672623B1D713668DA5887AAB37AE82B5","time_end":"20170515141953","total_fee":"1","trade_type":"JSAPI","transaction_id":"4005242001201705150934369135"}
[2017-05-15 14:54:06][debug] query:{"appid":"wxd46e99b7f83183e1","err_code":"ORDERNOTEXIST","err_code_des":"order not exist","mch_id":"1383580102","nonce_str":"yJPm0k1KMWsIoR3K","result_code":"FAIL","return_code":"SUCCESS","return_msg":"OK","sign":"729C0FA1C1681917EADC2462200F26C1"}
[2017-05-15 15:06:23][debug] begin notify
[2017-05-15 15:06:23][debug] call back:{"appid":"wxd46e99b7f83183e1","bank_type":"CFT","cash_fee":"1","fee_type":"CNY","is_subscribe":"Y","mch_id":"1383580102","nonce_str":"l7v1td6u2wgghyw40ootthj8itnvm2ol","openid":"ovxXWv0E3d57KcmAN_MIEbzMU78w","out_trade_no":"201705151431331347","result_code":"SUCCESS","return_code":"SUCCESS","sign":"B108BC433507344EDBB244299E0F83DB","time_end":"20170515143212","total_fee":"1","trade_type":"JSAPI","transaction_id":"4003812001201705150931878046"}
[2017-05-15 15:06:24][debug] query:{"appid":"wxd46e99b7f83183e1","err_code":"ORDERNOTEXIST","err_code_des":"order not exist","mch_id":"1383580102","nonce_str":"HBnOAaDyj203CKl7","result_code":"FAIL","return_code":"SUCCESS","return_msg":"OK","sign":"9AD4FA47E325AB11A8442C16CE64069D"}
[2017-05-15 15:08:08][debug] begin notify
[2017-05-15 15:08:08][debug] call back:{"appid":"wxd46e99b7f83183e1","bank_type":"CFT","cash_fee":"10","fee_type":"CNY","is_subscribe":"Y","mch_id":"1383580102","nonce_str":"pqd9q4kvfpfavxtr42zgspehwshd84la","openid":"ovxXWv5Ldfh1B4nho4C-Jz6Kgma0","out_trade_no":"201705151403518516","result_code":"SUCCESS","return_code":"SUCCESS","sign":"8977B72DBA58A024A1E6CD3C1469A681","time_end":"20170515140359","total_fee":"10","trade_type":"JSAPI","transaction_id":"4005242001201705150927940184"}
[2017-05-15 15:08:09][debug] query:{"appid":"wxd46e99b7f83183e1","err_code":"ORDERNOTEXIST","err_code_des":"order not exist","mch_id":"1383580102","nonce_str":"E4Plg0fdtcw0BOCr","result_code":"FAIL","return_code":"SUCCESS","return_msg":"OK","sign":"82DF6FCDBA3BAEE598FA1DD95C7BE73F"}
[2017-05-15 15:08:54][debug] begin notify
[2017-05-15 15:08:54][debug] call back:{"appid":"wxd46e99b7f83183e1","bank_type":"CFT","cash_fee":"1","fee_type":"CNY","is_subscribe":"Y","mch_id":"1383580102","nonce_str":"ci0oc78osu8qhfpb0zg8npzrfyltuqkg","openid":"ovxXWv0E3d57KcmAN_MIEbzMU78w","out_trade_no":"201705151434368123","result_code":"SUCCESS","return_code":"SUCCESS","sign":"8DC1A5F2A4315D445C8E8BCF5DA12FF9","time_end":"20170515143444","total_fee":"1","trade_type":"JSAPI","transaction_id":"4003812001201705150936476451"}
[2017-05-15 15:08:56][debug] query:{"appid":"wxd46e99b7f83183e1","err_code":"ORDERNOTEXIST","err_code_des":"order not exist","mch_id":"1383580102","nonce_str":"4cyqvC3IVLmxXjDf","result_code":"FAIL","return_code":"SUCCESS","return_msg":"OK","sign":"0D73DA18BCA7CBC587D29733C35C86A1"}
[2017-05-15 15:24:08][debug] begin notify
[2017-05-15 15:24:08][debug] call back:{"appid":"wxd46e99b7f83183e1","bank_type":"CFT","cash_fee":"1","fee_type":"CNY","is_subscribe":"Y","mch_id":"1383580102","nonce_str":"r8ld6jbhs1hy6ga444q4zayk9wot7fyg","openid":"ovxXWv5Ldfh1B4nho4C-Jz6Kgma0","out_trade_no":"201705151419388156","result_code":"SUCCESS","return_code":"SUCCESS","sign":"672623B1D713668DA5887AAB37AE82B5","time_end":"20170515141953","total_fee":"1","trade_type":"JSAPI","transaction_id":"4005242001201705150934369135"}
[2017-05-15 15:24:09][debug] query:{"appid":"wxd46e99b7f83183e1","err_code":"ORDERNOTEXIST","err_code_des":"order not exist","mch_id":"1383580102","nonce_str":"TEa21s27hR6y2X83","result_code":"FAIL","return_code":"SUCCESS","return_msg":"OK","sign":"DD778803A916B7A0CA745B48053461D5"}
[2017-05-15 15:31:39][debug] begin notify
[2017-05-15 15:31:39][debug] call back:{"appid":"wxd46e99b7f83183e1","bank_type":"CFT","cash_fee":"1","fee_type":"CNY","is_subscribe":"Y","mch_id":"1383580102","nonce_str":"2nvdk6haddi6v6gysuf6mtf6mu7ub6yz","openid":"ovxXWv5Ldfh1B4nho4C-Jz6Kgma0","out_trade_no":"201705151531308431","result_code":"SUCCESS","return_code":"SUCCESS","sign":"7E17BA98685C371A30D69B29FC8A9D71","time_end":"20170515153139","total_fee":"1","trade_type":"JSAPI","transaction_id":"4005242001201705150936194383"}
[2017-05-15 15:31:41][debug] query:{"appid":"wxd46e99b7f83183e1","err_code":"ORDERNOTEXIST","err_code_des":"order not exist","mch_id":"1383580102","nonce_str":"SqPeBsPaHPp2SjYl","result_code":"FAIL","return_code":"SUCCESS","return_msg":"OK","sign":"80111166455C7298016EACC8D38EC803"}
[2017-05-15 15:31:43][debug] begin notify
[2017-05-15 15:31:44][debug] query:{"appid":"wxd46e99b7f83183e1","attach":[],"bank_type":"CFT","cash_fee":"1","fee_type":"CNY","is_subscribe":"Y","mch_id":"1383580102","nonce_str":"c5s43lNJjsIx7egW","openid":"ovxXWv5Ldfh1B4nho4C-Jz6Kgma0","out_trade_no":"201705151531308431","result_code":"SUCCESS","return_code":"SUCCESS","return_msg":"OK","sign":"9E000D9481A4215B1C89C6AF7D48AD12","time_end":"20170515153139","total_fee":"1","trade_state":"SUCCESS","trade_type":"JSAPI","transaction_id":"4005242001201705150936194383"}
[2017-05-15 15:31:55][debug] begin notify
[2017-05-15 15:31:55][debug] call back:{"appid":"wxd46e99b7f83183e1","bank_type":"CFT","cash_fee":"1","fee_type":"CNY","is_subscribe":"Y","mch_id":"1383580102","nonce_str":"2nvdk6haddi6v6gysuf6mtf6mu7ub6yz","openid":"ovxXWv5Ldfh1B4nho4C-Jz6Kgma0","out_trade_no":"201705151531308431","result_code":"SUCCESS","return_code":"SUCCESS","sign":"7E17BA98685C371A30D69B29FC8A9D71","time_end":"20170515153139","total_fee":"1","trade_type":"JSAPI","transaction_id":"4005242001201705150936194383"}
[2017-05-15 15:31:55][debug] query:{"appid":"wxd46e99b7f83183e1","err_code":"ORDERNOTEXIST","err_code_des":"order not exist","mch_id":"1383580102","nonce_str":"fYUy8v5LK0qYMrZ6","result_code":"FAIL","return_code":"SUCCESS","return_msg":"OK","sign":"95BDE894837EE826A6E419724ED4B852"}
[2017-05-15 15:32:11][debug] begin notify
[2017-05-15 15:32:11][debug] call back:{"appid":"wxd46e99b7f83183e1","bank_type":"CFT","cash_fee":"1","fee_type":"CNY","is_subscribe":"Y","mch_id":"1383580102","nonce_str":"2nvdk6haddi6v6gysuf6mtf6mu7ub6yz","openid":"ovxXWv5Ldfh1B4nho4C-Jz6Kgma0","out_trade_no":"201705151531308431","result_code":"SUCCESS","return_code":"SUCCESS","sign":"7E17BA98685C371A30D69B29FC8A9D71","time_end":"20170515153139","total_fee":"1","trade_type":"JSAPI","transaction_id":"4005242001201705150936194383"}
[2017-05-15 15:32:13][debug] query:{"appid":"wxd46e99b7f83183e1","err_code":"ORDERNOTEXIST","err_code_des":"order not exist","mch_id":"1383580102","nonce_str":"2wjXOcSpYPAMWHcS","result_code":"FAIL","return_code":"SUCCESS","return_msg":"OK","sign":"4C4D11C4B3ABE8F43F72E52E594AF681"}
[2017-05-15 15:32:44][debug] begin notify
[2017-05-15 15:32:44][debug] call back:{"appid":"wxd46e99b7f83183e1","bank_type":"CFT","cash_fee":"1","fee_type":"CNY","is_subscribe":"Y","mch_id":"1383580102","nonce_str":"2nvdk6haddi6v6gysuf6mtf6mu7ub6yz","openid":"ovxXWv5Ldfh1B4nho4C-Jz6Kgma0","out_trade_no":"201705151531308431","result_code":"SUCCESS","return_code":"SUCCESS","sign":"7E17BA98685C371A30D69B29FC8A9D71","time_end":"20170515153139","total_fee":"1","trade_type":"JSAPI","transaction_id":"4005242001201705150936194383"}
[2017-05-15 15:32:45][debug] query:{"appid":"wxd46e99b7f83183e1","err_code":"ORDERNOTEXIST","err_code_des":"order not exist","mch_id":"1383580102","nonce_str":"vXw4VPt5Nw4Vt2Bx","result_code":"FAIL","return_code":"SUCCESS","return_msg":"OK","sign":"600689DE2C8CD1A52C25276F96B929AB"}
[2017-05-15 15:35:46][debug] begin notify
[2017-05-15 15:35:46][debug] call back:{"appid":"wxd46e99b7f83183e1","bank_type":"CFT","cash_fee":"1","fee_type":"CNY","is_subscribe":"Y","mch_id":"1383580102","nonce_str":"2nvdk6haddi6v6gysuf6mtf6mu7ub6yz","openid":"ovxXWv5Ldfh1B4nho4C-Jz6Kgma0","out_trade_no":"201705151531308431","result_code":"SUCCESS","return_code":"SUCCESS","sign":"7E17BA98685C371A30D69B29FC8A9D71","time_end":"20170515153139","total_fee":"1","trade_type":"JSAPI","transaction_id":"4005242001201705150936194383"}
[2017-05-15 15:35:48][debug] query:{"appid":"wxd46e99b7f83183e1","err_code":"ORDERNOTEXIST","err_code_des":"order not exist","mch_id":"1383580102","nonce_str":"h1v8vaJNEVqWKL1P","result_code":"FAIL","return_code":"SUCCESS","return_msg":"OK","sign":"888DBDB9FDADA8DA012A07EBC7FE996E"}
[2017-05-15 15:36:25][debug] begin notify
[2017-05-15 15:36:25][debug] call back:{"appid":"wxd46e99b7f83183e1","bank_type":"CFT","cash_fee":"1","fee_type":"CNY","is_subscribe":"Y","mch_id":"1383580102","nonce_str":"l7v1td6u2wgghyw40ootthj8itnvm2ol","openid":"ovxXWv0E3d57KcmAN_MIEbzMU78w","out_trade_no":"201705151431331347","result_code":"SUCCESS","return_code":"SUCCESS","sign":"B108BC433507344EDBB244299E0F83DB","time_end":"20170515143212","total_fee":"1","trade_type":"JSAPI","transaction_id":"4003812001201705150931878046"}
[2017-05-15 15:36:27][debug] query:{"appid":"wxd46e99b7f83183e1","err_code":"ORDERNOTEXIST","err_code_des":"order not exist","mch_id":"1383580102","nonce_str":"GUFHofEprw4FXpXQ","result_code":"FAIL","return_code":"SUCCESS","return_msg":"OK","sign":"B6A73CDF52FB8C80AA5B2DC8B65E29E7"}
[2017-05-15 15:38:11][debug] begin notify
[2017-05-15 15:38:11][debug] call back:{"appid":"wxd46e99b7f83183e1","bank_type":"CFT","cash_fee":"10","fee_type":"CNY","is_subscribe":"Y","mch_id":"1383580102","nonce_str":"pqd9q4kvfpfavxtr42zgspehwshd84la","openid":"ovxXWv5Ldfh1B4nho4C-Jz6Kgma0","out_trade_no":"201705151403518516","result_code":"SUCCESS","return_code":"SUCCESS","sign":"8977B72DBA58A024A1E6CD3C1469A681","time_end":"20170515140359","total_fee":"10","trade_type":"JSAPI","transaction_id":"4005242001201705150927940184"}
[2017-05-15 15:38:13][debug] query:{"appid":"wxd46e99b7f83183e1","err_code":"ORDERNOTEXIST","err_code_des":"order not exist","mch_id":"1383580102","nonce_str":"zijDjlk8b8N9J1RL","result_code":"FAIL","return_code":"SUCCESS","return_msg":"OK","sign":"CD7863012E2ADA66B682CC8A488FF97E"}
[2017-05-15 15:38:58][debug] begin notify
[2017-05-15 15:38:58][debug] call back:{"appid":"wxd46e99b7f83183e1","bank_type":"CFT","cash_fee":"1","fee_type":"CNY","is_subscribe":"Y","mch_id":"1383580102","nonce_str":"ci0oc78osu8qhfpb0zg8npzrfyltuqkg","openid":"ovxXWv0E3d57KcmAN_MIEbzMU78w","out_trade_no":"201705151434368123","result_code":"SUCCESS","return_code":"SUCCESS","sign":"8DC1A5F2A4315D445C8E8BCF5DA12FF9","time_end":"20170515143444","total_fee":"1","trade_type":"JSAPI","transaction_id":"4003812001201705150936476451"}
[2017-05-15 15:38:58][debug] query:{"appid":"wxd46e99b7f83183e1","err_code":"ORDERNOTEXIST","err_code_des":"order not exist","mch_id":"1383580102","nonce_str":"0tmLSc2VQjk0RC6D","result_code":"FAIL","return_code":"SUCCESS","return_msg":"OK","sign":"E3F2C78CA6C5FAAE3E81388DBCCA2C9B"}
[2017-05-15 15:54:11][debug] begin notify
[2017-05-15 15:54:11][debug] call back:{"appid":"wxd46e99b7f83183e1","bank_type":"CFT","cash_fee":"1","fee_type":"CNY","is_subscribe":"Y","mch_id":"1383580102","nonce_str":"r8ld6jbhs1hy6ga444q4zayk9wot7fyg","openid":"ovxXWv5Ldfh1B4nho4C-Jz6Kgma0","out_trade_no":"201705151419388156","result_code":"SUCCESS","return_code":"SUCCESS","sign":"672623B1D713668DA5887AAB37AE82B5","time_end":"20170515141953","total_fee":"1","trade_type":"JSAPI","transaction_id":"4005242001201705150934369135"}
[2017-05-15 15:54:11][debug] query:{"appid":"wxd46e99b7f83183e1","err_code":"ORDERNOTEXIST","err_code_des":"order not exist","mch_id":"1383580102","nonce_str":"6ZcFYQrNfqiAAWTx","result_code":"FAIL","return_code":"SUCCESS","return_msg":"OK","sign":"A8AB0A6E0ED2E3E38B8341127577E1C4"}
[2017-05-15 15:59:35][debug] begin notify
[2017-05-15 15:59:35][debug] call back:{"appid":"wxd46e99b7f83183e1","bank_type":"CFT","cash_fee":"1","fee_type":"CNY","is_subscribe":"Y","mch_id":"1383580102","nonce_str":"1hnl3igth9f2ki7i1xq19alxex6ef35u","openid":"ovxXWv0E3d57KcmAN_MIEbzMU78w","out_trade_no":"201705151559198280","result_code":"SUCCESS","return_code":"SUCCESS","sign":"038401879CA15814617BB3E840861A76","time_end":"20170515155935","total_fee":"1","trade_type":"JSAPI","transaction_id":"4003812001201705150941823666"}
[2017-05-15 15:59:35][debug] query:{"appid":"wxd46e99b7f83183e1","err_code":"ORDERNOTEXIST","err_code_des":"order not exist","mch_id":"1383580102","nonce_str":"BnsIvEEATAPivXlp","result_code":"FAIL","return_code":"SUCCESS","return_msg":"OK","sign":"F44CFBAE5871771E1907D463453F80CC"}
[2017-05-15 15:59:37][debug] begin notify
[2017-05-15 15:59:38][debug] query:{"appid":"wxd46e99b7f83183e1","attach":[],"bank_type":"CFT","cash_fee":"1","fee_type":"CNY","is_subscribe":"Y","mch_id":"1383580102","nonce_str":"Fnd3TtaihQQN0C8e","openid":"ovxXWv0E3d57KcmAN_MIEbzMU78w","out_trade_no":"201705151559198280","result_code":"SUCCESS","return_code":"SUCCESS","return_msg":"OK","sign":"315E87A1777893C9F060A228C8A7E874","time_end":"20170515155935","total_fee":"1","trade_state":"SUCCESS","trade_type":"JSAPI","transaction_id":"4003812001201705150941823666"}
[2017-05-15 15:59:48][debug] begin notify
[2017-05-15 15:59:48][debug] call back:{"appid":"wxd46e99b7f83183e1","bank_type":"CFT","cash_fee":"1","fee_type":"CNY","is_subscribe":"Y","mch_id":"1383580102","nonce_str":"1hnl3igth9f2ki7i1xq19alxex6ef35u","openid":"ovxXWv0E3d57KcmAN_MIEbzMU78w","out_trade_no":"201705151559198280","result_code":"SUCCESS","return_code":"SUCCESS","sign":"038401879CA15814617BB3E840861A76","time_end":"20170515155935","total_fee":"1","trade_type":"JSAPI","transaction_id":"4003812001201705150941823666"}
[2017-05-15 15:59:48][debug] query:{"appid":"wxd46e99b7f83183e1","err_code":"ORDERNOTEXIST","err_code_des":"order not exist","mch_id":"1383580102","nonce_str":"DRx7icVpl19ojyYh","result_code":"FAIL","return_code":"SUCCESS","return_msg":"OK","sign":"F0A746A977C88A503552EEC3CD0A18D9"}
[2017-05-15 16:00:04][debug] begin notify
[2017-05-15 16:00:04][debug] call back:{"appid":"wxd46e99b7f83183e1","bank_type":"CFT","cash_fee":"1","fee_type":"CNY","is_subscribe":"Y","mch_id":"1383580102","nonce_str":"1hnl3igth9f2ki7i1xq19alxex6ef35u","openid":"ovxXWv0E3d57KcmAN_MIEbzMU78w","out_trade_no":"201705151559198280","result_code":"SUCCESS","return_code":"SUCCESS","sign":"038401879CA15814617BB3E840861A76","time_end":"20170515155935","total_fee":"1","trade_type":"JSAPI","transaction_id":"4003812001201705150941823666"}
[2017-05-15 16:00:06][debug] query:{"appid":"wxd46e99b7f83183e1","err_code":"ORDERNOTEXIST","err_code_des":"order not exist","mch_id":"1383580102","nonce_str":"5cdXwMP2SAKGBxqA","result_code":"FAIL","return_code":"SUCCESS","return_msg":"OK","sign":"40E8E0A100A03E9AD7E45BD851F209B1"}
[2017-05-15 16:00:37][debug] begin notify
[2017-05-15 16:00:37][debug] call back:{"appid":"wxd46e99b7f83183e1","bank_type":"CFT","cash_fee":"1","fee_type":"CNY","is_subscribe":"Y","mch_id":"1383580102","nonce_str":"1hnl3igth9f2ki7i1xq19alxex6ef35u","openid":"ovxXWv0E3d57KcmAN_MIEbzMU78w","out_trade_no":"201705151559198280","result_code":"SUCCESS","return_code":"SUCCESS","sign":"038401879CA15814617BB3E840861A76","time_end":"20170515155935","total_fee":"1","trade_type":"JSAPI","transaction_id":"4003812001201705150941823666"}
[2017-05-15 16:00:39][debug] query:{"appid":"wxd46e99b7f83183e1","err_code":"ORDERNOTEXIST","err_code_des":"order not exist","mch_id":"1383580102","nonce_str":"6h00bBTExyvuhDxr","result_code":"FAIL","return_code":"SUCCESS","return_msg":"OK","sign":"A7BE04562868D0C1DBB3FC0584326E29"}
[2017-05-15 16:02:21][debug] begin notify
[2017-05-15 16:02:21][debug] call back:{"appid":"wxd46e99b7f83183e1","bank_type":"CFT","cash_fee":"1","fee_type":"CNY","is_subscribe":"Y","mch_id":"1383580102","nonce_str":"50a5m1ow72ajnibpvpq42fnx24x1j89o","openid":"ovxXWv0E3d57KcmAN_MIEbzMU78w","out_trade_no":"201705151602122402","result_code":"SUCCESS","return_code":"SUCCESS","sign":"8EE38C3A0D5755166F8BCE1FAFAD63A9","time_end":"20170515160220","total_fee":"1","trade_type":"JSAPI","transaction_id":"4003812001201705150943048643"}
[2017-05-15 16:02:21][debug] query:{"appid":"wxd46e99b7f83183e1","err_code":"ORDERNOTEXIST","err_code_des":"order not exist","mch_id":"1383580102","nonce_str":"yUhJzt8Urw0AAhMm","result_code":"FAIL","return_code":"SUCCESS","return_msg":"OK","sign":"A01D91F71F6FFDE893DC601A0E70C275"}
[2017-05-15 16:02:35][debug] begin notify
[2017-05-15 16:02:35][debug] call back:{"appid":"wxd46e99b7f83183e1","bank_type":"CFT","cash_fee":"1","fee_type":"CNY","is_subscribe":"Y","mch_id":"1383580102","nonce_str":"50a5m1ow72ajnibpvpq42fnx24x1j89o","openid":"ovxXWv0E3d57KcmAN_MIEbzMU78w","out_trade_no":"201705151602122402","result_code":"SUCCESS","return_code":"SUCCESS","sign":"8EE38C3A0D5755166F8BCE1FAFAD63A9","time_end":"20170515160220","total_fee":"1","trade_type":"JSAPI","transaction_id":"4003812001201705150943048643"}
[2017-05-15 16:02:37][debug] query:{"appid":"wxd46e99b7f83183e1","err_code":"ORDERNOTEXIST","err_code_des":"order not exist","mch_id":"1383580102","nonce_str":"daBI3TmdMNGcfbxx","result_code":"FAIL","return_code":"SUCCESS","return_msg":"OK","sign":"D9147A684C51A6486A5287C119AF7EA7"}
[2017-05-15 16:02:53][debug] begin notify
[2017-05-15 16:02:53][debug] call back:{"appid":"wxd46e99b7f83183e1","bank_type":"CFT","cash_fee":"1","fee_type":"CNY","is_subscribe":"Y","mch_id":"1383580102","nonce_str":"50a5m1ow72ajnibpvpq42fnx24x1j89o","openid":"ovxXWv0E3d57KcmAN_MIEbzMU78w","out_trade_no":"201705151602122402","result_code":"SUCCESS","return_code":"SUCCESS","sign":"8EE38C3A0D5755166F8BCE1FAFAD63A9","time_end":"20170515160220","total_fee":"1","trade_type":"JSAPI","transaction_id":"4003812001201705150943048643"}
[2017-05-15 16:02:54][debug] query:{"appid":"wxd46e99b7f83183e1","err_code":"ORDERNOTEXIST","err_code_des":"order not exist","mch_id":"1383580102","nonce_str":"IVdrQCJFcUAD2lNO","result_code":"FAIL","return_code":"SUCCESS","return_msg":"OK","sign":"84E962211363C9D1F3CF37E4A304569A"}
[2017-05-15 16:03:21][debug] begin notify
[2017-05-15 16:03:23][debug] query:{"appid":"wxd46e99b7f83183e1","attach":[],"bank_type":"CFT","cash_fee":"1","fee_type":"CNY","is_subscribe":"Y","mch_id":"1383580102","nonce_str":"Ez3DSPp4U2XwPVPh","openid":"ovxXWv0E3d57KcmAN_MIEbzMU78w","out_trade_no":"201705151602122402","result_code":"SUCCESS","return_code":"SUCCESS","return_msg":"OK","sign":"452A5A26CE0F241E08409FEF67A41C63","time_end":"20170515160220","total_fee":"1","trade_state":"SUCCESS","trade_type":"JSAPI","transaction_id":"4003812001201705150943048643"}
[2017-05-15 16:03:26][debug] begin notify
[2017-05-15 16:03:26][debug] call back:{"appid":"wxd46e99b7f83183e1","bank_type":"CFT","cash_fee":"1","fee_type":"CNY","is_subscribe":"Y","mch_id":"1383580102","nonce_str":"50a5m1ow72ajnibpvpq42fnx24x1j89o","openid":"ovxXWv0E3d57KcmAN_MIEbzMU78w","out_trade_no":"201705151602122402","result_code":"SUCCESS","return_code":"SUCCESS","sign":"8EE38C3A0D5755166F8BCE1FAFAD63A9","time_end":"20170515160220","total_fee":"1","trade_type":"JSAPI","transaction_id":"4003812001201705150943048643"}
[2017-05-15 16:03:28][debug] query:{"appid":"wxd46e99b7f83183e1","err_code":"ORDERNOTEXIST","err_code_des":"order not exist","mch_id":"1383580102","nonce_str":"JC0q39exdT8vBTTM","result_code":"FAIL","return_code":"SUCCESS","return_msg":"OK","sign":"E7F91E60F2926E37CE4FE920D109AAA2"}
[2017-05-15 16:03:40][debug] begin notify
[2017-05-15 16:03:40][debug] call back:{"appid":"wxd46e99b7f83183e1","bank_type":"CFT","cash_fee":"1","fee_type":"CNY","is_subscribe":"Y","mch_id":"1383580102","nonce_str":"1hnl3igth9f2ki7i1xq19alxex6ef35u","openid":"ovxXWv0E3d57KcmAN_MIEbzMU78w","out_trade_no":"201705151559198280","result_code":"SUCCESS","return_code":"SUCCESS","sign":"038401879CA15814617BB3E840861A76","time_end":"20170515155935","total_fee":"1","trade_type":"JSAPI","transaction_id":"4003812001201705150941823666"}
[2017-05-15 16:03:42][debug] query:{"appid":"wxd46e99b7f83183e1","err_code":"ORDERNOTEXIST","err_code_des":"order not exist","mch_id":"1383580102","nonce_str":"Xqnbw3UfH7sVOm3t","result_code":"FAIL","return_code":"SUCCESS","return_msg":"OK","sign":"EF0B4451922F52B3A44397A66BA652B3"}
[2017-05-15 16:05:50][debug] begin notify
[2017-05-15 16:05:50][debug] call back:{"appid":"wxd46e99b7f83183e1","bank_type":"CFT","cash_fee":"1","fee_type":"CNY","is_subscribe":"Y","mch_id":"1383580102","nonce_str":"2nvdk6haddi6v6gysuf6mtf6mu7ub6yz","openid":"ovxXWv5Ldfh1B4nho4C-Jz6Kgma0","out_trade_no":"201705151531308431","result_code":"SUCCESS","return_code":"SUCCESS","sign":"7E17BA98685C371A30D69B29FC8A9D71","time_end":"20170515153139","total_fee":"1","trade_type":"JSAPI","transaction_id":"4005242001201705150936194383"}
[2017-05-15 16:05:52][debug] query:{"appid":"wxd46e99b7f83183e1","err_code":"ORDERNOTEXIST","err_code_des":"order not exist","mch_id":"1383580102","nonce_str":"sJQOyU1h9j3yeIGC","result_code":"FAIL","return_code":"SUCCESS","return_msg":"OK","sign":"68016EE4AD6F8D9D0A4FA6299EA24AEC"}
[2017-05-15 16:06:28][debug] begin notify
[2017-05-15 16:06:28][debug] call back:{"appid":"wxd46e99b7f83183e1","bank_type":"CFT","cash_fee":"1","fee_type":"CNY","is_subscribe":"Y","mch_id":"1383580102","nonce_str":"l7v1td6u2wgghyw40ootthj8itnvm2ol","openid":"ovxXWv0E3d57KcmAN_MIEbzMU78w","out_trade_no":"201705151431331347","result_code":"SUCCESS","return_code":"SUCCESS","sign":"B108BC433507344EDBB244299E0F83DB","time_end":"20170515143212","total_fee":"1","trade_type":"JSAPI","transaction_id":"4003812001201705150931878046"}
[2017-05-15 16:06:30][debug] query:{"appid":"wxd46e99b7f83183e1","err_code":"ORDERNOTEXIST","err_code_des":"order not exist","mch_id":"1383580102","nonce_str":"KNgGahkkZxSyIykV","result_code":"FAIL","return_code":"SUCCESS","return_msg":"OK","sign":"8702F47430B7F5C206E83EAAA666585A"}
[2017-05-15 16:06:30][debug] begin notify
[2017-05-15 16:06:30][debug] call back:{"appid":"wxd46e99b7f83183e1","bank_type":"CFT","cash_fee":"1","fee_type":"CNY","is_subscribe":"Y","mch_id":"1383580102","nonce_str":"50a5m1ow72ajnibpvpq42fnx24x1j89o","openid":"ovxXWv0E3d57KcmAN_MIEbzMU78w","out_trade_no":"201705151602122402","result_code":"SUCCESS","return_code":"SUCCESS","sign":"8EE38C3A0D5755166F8BCE1FAFAD63A9","time_end":"20170515160220","total_fee":"1","trade_type":"JSAPI","transaction_id":"4003812001201705150943048643"}
[2017-05-15 16:06:30][debug] query:{"appid":"wxd46e99b7f83183e1","err_code":"ORDERNOTEXIST","err_code_des":"order not exist","mch_id":"1383580102","nonce_str":"wm7L6k5RPnIyqOt4","result_code":"FAIL","return_code":"SUCCESS","return_msg":"OK","sign":"6E1CF5B6F3F42944C48969FF1A27AB71"}
[2017-05-15 16:08:14][debug] begin notify
[2017-05-15 16:08:14][debug] call back:{"appid":"wxd46e99b7f83183e1","bank_type":"CFT","cash_fee":"10","fee_type":"CNY","is_subscribe":"Y","mch_id":"1383580102","nonce_str":"pqd9q4kvfpfavxtr42zgspehwshd84la","openid":"ovxXWv5Ldfh1B4nho4C-Jz6Kgma0","out_trade_no":"201705151403518516","result_code":"SUCCESS","return_code":"SUCCESS","sign":"8977B72DBA58A024A1E6CD3C1469A681","time_end":"20170515140359","total_fee":"10","trade_type":"JSAPI","transaction_id":"4005242001201705150927940184"}
[2017-05-15 16:08:16][debug] query:{"appid":"wxd46e99b7f83183e1","err_code":"ORDERNOTEXIST","err_code_des":"order not exist","mch_id":"1383580102","nonce_str":"6lPYNp3NkAM1RX51","result_code":"FAIL","return_code":"SUCCESS","return_msg":"OK","sign":"66F22C026071963D1DA4BEE075D273A0"}
[2017-05-15 16:08:59][debug] begin notify
[2017-05-15 16:08:59][debug] call back:{"appid":"wxd46e99b7f83183e1","bank_type":"CFT","cash_fee":"1","fee_type":"CNY","is_subscribe":"Y","mch_id":"1383580102","nonce_str":"ci0oc78osu8qhfpb0zg8npzrfyltuqkg","openid":"ovxXWv0E3d57KcmAN_MIEbzMU78w","out_trade_no":"201705151434368123","result_code":"SUCCESS","return_code":"SUCCESS","sign":"8DC1A5F2A4315D445C8E8BCF5DA12FF9","time_end":"20170515143444","total_fee":"1","trade_type":"JSAPI","transaction_id":"4003812001201705150936476451"}
[2017-05-15 16:08:59][debug] query:{"appid":"wxd46e99b7f83183e1","err_code":"ORDERNOTEXIST","err_code_des":"order not exist","mch_id":"1383580102","nonce_str":"fgYSP2RmAsFba3Un","result_code":"FAIL","return_code":"SUCCESS","return_msg":"OK","sign":"8E72D8E71FB8FADEAF312B2E703EF135"}
[2017-05-15 16:24:13][debug] begin notify
[2017-05-15 16:24:13][debug] call back:{"appid":"wxd46e99b7f83183e1","bank_type":"CFT","cash_fee":"1","fee_type":"CNY","is_subscribe":"Y","mch_id":"1383580102","nonce_str":"r8ld6jbhs1hy6ga444q4zayk9wot7fyg","openid":"ovxXWv5Ldfh1B4nho4C-Jz6Kgma0","out_trade_no":"201705151419388156","result_code":"SUCCESS","return_code":"SUCCESS","sign":"672623B1D713668DA5887AAB37AE82B5","time_end":"20170515141953","total_fee":"1","trade_type":"JSAPI","transaction_id":"4005242001201705150934369135"}
[2017-05-15 16:24:13][debug] query:{"appid":"wxd46e99b7f83183e1","err_code":"ORDERNOTEXIST","err_code_des":"order not exist","mch_id":"1383580102","nonce_str":"kX4h4Oe30Dy5rvbD","result_code":"FAIL","return_code":"SUCCESS","return_msg":"OK","sign":"E2216D39BB3628D057DB813BE42AFD1D"}
[2017-05-15 16:33:43][debug] begin notify
[2017-05-15 16:33:43][debug] call back:{"appid":"wxd46e99b7f83183e1","bank_type":"CFT","cash_fee":"1","fee_type":"CNY","is_subscribe":"Y","mch_id":"1383580102","nonce_str":"1hnl3igth9f2ki7i1xq19alxex6ef35u","openid":"ovxXWv0E3d57KcmAN_MIEbzMU78w","out_trade_no":"201705151559198280","result_code":"SUCCESS","return_code":"SUCCESS","sign":"038401879CA15814617BB3E840861A76","time_end":"20170515155935","total_fee":"1","trade_type":"JSAPI","transaction_id":"4003812001201705150941823666"}
[2017-05-15 16:33:45][debug] query:{"appid":"wxd46e99b7f83183e1","err_code":"ORDERNOTEXIST","err_code_des":"order not exist","mch_id":"1383580102","nonce_str":"4c9kzndDbeq4e44d","result_code":"FAIL","return_code":"SUCCESS","return_msg":"OK","sign":"E280A468284FC16E0D3FC751EAB8AE3A"}
[2017-05-15 16:35:54][debug] begin notify
[2017-05-15 16:35:54][debug] call back:{"appid":"wxd46e99b7f83183e1","bank_type":"CFT","cash_fee":"1","fee_type":"CNY","is_subscribe":"Y","mch_id":"1383580102","nonce_str":"2nvdk6haddi6v6gysuf6mtf6mu7ub6yz","openid":"ovxXWv5Ldfh1B4nho4C-Jz6Kgma0","out_trade_no":"201705151531308431","result_code":"SUCCESS","return_code":"SUCCESS","sign":"7E17BA98685C371A30D69B29FC8A9D71","time_end":"20170515153139","total_fee":"1","trade_type":"JSAPI","transaction_id":"4005242001201705150936194383"}
[2017-05-15 16:35:55][debug] query:{"appid":"wxd46e99b7f83183e1","err_code":"ORDERNOTEXIST","err_code_des":"order not exist","mch_id":"1383580102","nonce_str":"fjChNFFNAr6D2d80","result_code":"FAIL","return_code":"SUCCESS","return_msg":"OK","sign":"4C437A41DA113EAF9847E50D0DC035A8"}
[2017-05-15 16:36:31][debug] begin notify
[2017-05-15 16:36:31][debug] call back:{"appid":"wxd46e99b7f83183e1","bank_type":"CFT","cash_fee":"1","fee_type":"CNY","is_subscribe":"Y","mch_id":"1383580102","nonce_str":"l7v1td6u2wgghyw40ootthj8itnvm2ol","openid":"ovxXWv0E3d57KcmAN_MIEbzMU78w","out_trade_no":"201705151431331347","result_code":"SUCCESS","return_code":"SUCCESS","sign":"B108BC433507344EDBB244299E0F83DB","time_end":"20170515143212","total_fee":"1","trade_type":"JSAPI","transaction_id":"4003812001201705150931878046"}
[2017-05-15 16:36:31][debug] begin notify
[2017-05-15 16:36:31][debug] call back:{"appid":"wxd46e99b7f83183e1","bank_type":"CFT","cash_fee":"1","fee_type":"CNY","is_subscribe":"Y","mch_id":"1383580102","nonce_str":"50a5m1ow72ajnibpvpq42fnx24x1j89o","openid":"ovxXWv0E3d57KcmAN_MIEbzMU78w","out_trade_no":"201705151602122402","result_code":"SUCCESS","return_code":"SUCCESS","sign":"8EE38C3A0D5755166F8BCE1FAFAD63A9","time_end":"20170515160220","total_fee":"1","trade_type":"JSAPI","transaction_id":"4003812001201705150943048643"}
[2017-05-15 16:36:33][debug] query:{"appid":"wxd46e99b7f83183e1","err_code":"ORDERNOTEXIST","err_code_des":"order not exist","mch_id":"1383580102","nonce_str":"pHOOANZDEAegdPHA","result_code":"FAIL","return_code":"SUCCESS","return_msg":"OK","sign":"6470223D13BE8C8B4FB728ED4288E779"}
[2017-05-15 16:36:33][debug] query:{"appid":"wxd46e99b7f83183e1","err_code":"ORDERNOTEXIST","err_code_des":"order not exist","mch_id":"1383580102","nonce_str":"mjDUxw03IZFNKRnN","result_code":"FAIL","return_code":"SUCCESS","return_msg":"OK","sign":"EF949C87D91FCFC9A208846DF2D096FC"}
[2017-05-15 16:39:01][debug] begin notify
[2017-05-15 16:39:01][debug] call back:{"appid":"wxd46e99b7f83183e1","bank_type":"CFT","cash_fee":"1","fee_type":"CNY","is_subscribe":"Y","mch_id":"1383580102","nonce_str":"ci0oc78osu8qhfpb0zg8npzrfyltuqkg","openid":"ovxXWv0E3d57KcmAN_MIEbzMU78w","out_trade_no":"201705151434368123","result_code":"SUCCESS","return_code":"SUCCESS","sign":"8DC1A5F2A4315D445C8E8BCF5DA12FF9","time_end":"20170515143444","total_fee":"1","trade_type":"JSAPI","transaction_id":"4003812001201705150936476451"}
[2017-05-15 16:39:01][debug] query:{"appid":"wxd46e99b7f83183e1","err_code":"ORDERNOTEXIST","err_code_des":"order not exist","mch_id":"1383580102","nonce_str":"Cy7GxJhB9BqRZarf","result_code":"FAIL","return_code":"SUCCESS","return_msg":"OK","sign":"FE60015EC7B4D51EC05F616865268017"}
[2017-05-15 17:03:46][debug] begin notify
[2017-05-15 17:03:46][debug] call back:{"appid":"wxd46e99b7f83183e1","bank_type":"CFT","cash_fee":"1","fee_type":"CNY","is_subscribe":"Y","mch_id":"1383580102","nonce_str":"1hnl3igth9f2ki7i1xq19alxex6ef35u","openid":"ovxXWv0E3d57KcmAN_MIEbzMU78w","out_trade_no":"201705151559198280","result_code":"SUCCESS","return_code":"SUCCESS","sign":"038401879CA15814617BB3E840861A76","time_end":"20170515155935","total_fee":"1","trade_type":"JSAPI","transaction_id":"4003812001201705150941823666"}
[2017-05-15 17:03:46][debug] query:{"appid":"wxd46e99b7f83183e1","err_code":"ORDERNOTEXIST","err_code_des":"order not exist","mch_id":"1383580102","nonce_str":"TBAWX15QDyLdAt0n","result_code":"FAIL","return_code":"SUCCESS","return_msg":"OK","sign":"942D6129109A7D12986A0CBCFB870938"}
[2017-05-15 17:05:57][debug] begin notify
[2017-05-15 17:05:57][debug] call back:{"appid":"wxd46e99b7f83183e1","bank_type":"CFT","cash_fee":"1","fee_type":"CNY","is_subscribe":"Y","mch_id":"1383580102","nonce_str":"2nvdk6haddi6v6gysuf6mtf6mu7ub6yz","openid":"ovxXWv5Ldfh1B4nho4C-Jz6Kgma0","out_trade_no":"201705151531308431","result_code":"SUCCESS","return_code":"SUCCESS","sign":"7E17BA98685C371A30D69B29FC8A9D71","time_end":"20170515153139","total_fee":"1","trade_type":"JSAPI","transaction_id":"4005242001201705150936194383"}
[2017-05-15 17:05:57][debug] query:{"appid":"wxd46e99b7f83183e1","err_code":"ORDERNOTEXIST","err_code_des":"order not exist","mch_id":"1383580102","nonce_str":"uGydIUmUxDgu6v4i","result_code":"FAIL","return_code":"SUCCESS","return_msg":"OK","sign":"5DF9C3CEBDD0E81A731929F1371D0D5E"}
[2017-05-15 17:06:36][debug] begin notify
[2017-05-15 17:06:36][debug] call back:{"appid":"wxd46e99b7f83183e1","bank_type":"CFT","cash_fee":"1","fee_type":"CNY","is_subscribe":"Y","mch_id":"1383580102","nonce_str":"50a5m1ow72ajnibpvpq42fnx24x1j89o","openid":"ovxXWv0E3d57KcmAN_MIEbzMU78w","out_trade_no":"201705151602122402","result_code":"SUCCESS","return_code":"SUCCESS","sign":"8EE38C3A0D5755166F8BCE1FAFAD63A9","time_end":"20170515160220","total_fee":"1","trade_type":"JSAPI","transaction_id":"4003812001201705150943048643"}
[2017-05-15 17:06:37][debug] query:{"appid":"wxd46e99b7f83183e1","err_code":"ORDERNOTEXIST","err_code_des":"order not exist","mch_id":"1383580102","nonce_str":"lmwbeIpll6oQ6ECZ","result_code":"FAIL","return_code":"SUCCESS","return_msg":"OK","sign":"81834DACD43B962A1A3D56824BE5BFA1"}
[2017-05-15 17:08:18][debug] begin notify
[2017-05-15 17:08:18][debug] call back:{"appid":"wxd46e99b7f83183e1","bank_type":"CFT","cash_fee":"10","fee_type":"CNY","is_subscribe":"Y","mch_id":"1383580102","nonce_str":"pqd9q4kvfpfavxtr42zgspehwshd84la","openid":"ovxXWv5Ldfh1B4nho4C-Jz6Kgma0","out_trade_no":"201705151403518516","result_code":"SUCCESS","return_code":"SUCCESS","sign":"8977B72DBA58A024A1E6CD3C1469A681","time_end":"20170515140359","total_fee":"10","trade_type":"JSAPI","transaction_id":"4005242001201705150927940184"}
[2017-05-15 17:08:19][debug] query:{"appid":"wxd46e99b7f83183e1","err_code":"ORDERNOTEXIST","err_code_des":"order not exist","mch_id":"1383580102","nonce_str":"Muq7Ma01C43avctM","result_code":"FAIL","return_code":"SUCCESS","return_msg":"OK","sign":"2FCFF572AC3B99241F40D8FA03D954C5"}
[2017-05-15 17:24:14][debug] begin notify
[2017-05-15 17:24:14][debug] call back:{"appid":"wxd46e99b7f83183e1","bank_type":"CFT","cash_fee":"1","fee_type":"CNY","is_subscribe":"Y","mch_id":"1383580102","nonce_str":"r8ld6jbhs1hy6ga444q4zayk9wot7fyg","openid":"ovxXWv5Ldfh1B4nho4C-Jz6Kgma0","out_trade_no":"201705151419388156","result_code":"SUCCESS","return_code":"SUCCESS","sign":"672623B1D713668DA5887AAB37AE82B5","time_end":"20170515141953","total_fee":"1","trade_type":"JSAPI","transaction_id":"4005242001201705150934369135"}
[2017-05-15 17:24:16][debug] query:{"appid":"wxd46e99b7f83183e1","err_code":"ORDERNOTEXIST","err_code_des":"order not exist","mch_id":"1383580102","nonce_str":"DiA8m4inzz5qHRxd","result_code":"FAIL","return_code":"SUCCESS","return_msg":"OK","sign":"55D55C460D50083D3E5DF80265ACA396"}
[2017-05-15 17:33:48][debug] begin notify
[2017-05-15 17:33:48][debug] call back:{"appid":"wxd46e99b7f83183e1","bank_type":"CFT","cash_fee":"1","fee_type":"CNY","is_subscribe":"Y","mch_id":"1383580102","nonce_str":"1hnl3igth9f2ki7i1xq19alxex6ef35u","openid":"ovxXWv0E3d57KcmAN_MIEbzMU78w","out_trade_no":"201705151559198280","result_code":"SUCCESS","return_code":"SUCCESS","sign":"038401879CA15814617BB3E840861A76","time_end":"20170515155935","total_fee":"1","trade_type":"JSAPI","transaction_id":"4003812001201705150941823666"}
[2017-05-15 17:33:49][debug] query:{"appid":"wxd46e99b7f83183e1","err_code":"ORDERNOTEXIST","err_code_des":"order not exist","mch_id":"1383580102","nonce_str":"j8W474uqZGMUMpLv","result_code":"FAIL","return_code":"SUCCESS","return_msg":"OK","sign":"90D46E944EAEEDF4FB409B1EE482D5B6"}
[2017-05-15 17:35:59][debug] begin notify
[2017-05-15 17:35:59][debug] call back:{"appid":"wxd46e99b7f83183e1","bank_type":"CFT","cash_fee":"1","fee_type":"CNY","is_subscribe":"Y","mch_id":"1383580102","nonce_str":"2nvdk6haddi6v6gysuf6mtf6mu7ub6yz","openid":"ovxXWv5Ldfh1B4nho4C-Jz6Kgma0","out_trade_no":"201705151531308431","result_code":"SUCCESS","return_code":"SUCCESS","sign":"7E17BA98685C371A30D69B29FC8A9D71","time_end":"20170515153139","total_fee":"1","trade_type":"JSAPI","transaction_id":"4005242001201705150936194383"}
[2017-05-15 17:36:01][debug] query:{"appid":"wxd46e99b7f83183e1","err_code":"ORDERNOTEXIST","err_code_des":"order not exist","mch_id":"1383580102","nonce_str":"1ynTLLTpXnE81J0I","result_code":"FAIL","return_code":"SUCCESS","return_msg":"OK","sign":"977B95667D18088B747E37B88E0ED4AE"}
[2017-05-15 17:36:35][debug] begin notify
[2017-05-15 17:36:35][debug] call back:{"appid":"wxd46e99b7f83183e1","bank_type":"CFT","cash_fee":"1","fee_type":"CNY","is_subscribe":"Y","mch_id":"1383580102","nonce_str":"l7v1td6u2wgghyw40ootthj8itnvm2ol","openid":"ovxXWv0E3d57KcmAN_MIEbzMU78w","out_trade_no":"201705151431331347","result_code":"SUCCESS","return_code":"SUCCESS","sign":"B108BC433507344EDBB244299E0F83DB","time_end":"20170515143212","total_fee":"1","trade_type":"JSAPI","transaction_id":"4003812001201705150931878046"}
[2017-05-15 17:36:35][debug] query:{"appid":"wxd46e99b7f83183e1","err_code":"ORDERNOTEXIST","err_code_des":"order not exist","mch_id":"1383580102","nonce_str":"rFfuAsUi6d36QiYl","result_code":"FAIL","return_code":"SUCCESS","return_msg":"OK","sign":"2BD074F6C70A9D99FA4D03BBE9876C45"}
[2017-05-15 17:36:39][debug] begin notify
[2017-05-15 17:36:39][debug] call back:{"appid":"wxd46e99b7f83183e1","bank_type":"CFT","cash_fee":"1","fee_type":"CNY","is_subscribe":"Y","mch_id":"1383580102","nonce_str":"50a5m1ow72ajnibpvpq42fnx24x1j89o","openid":"ovxXWv0E3d57KcmAN_MIEbzMU78w","out_trade_no":"201705151602122402","result_code":"SUCCESS","return_code":"SUCCESS","sign":"8EE38C3A0D5755166F8BCE1FAFAD63A9","time_end":"20170515160220","total_fee":"1","trade_type":"JSAPI","transaction_id":"4003812001201705150943048643"}
[2017-05-15 17:36:40][debug] query:{"appid":"wxd46e99b7f83183e1","err_code":"ORDERNOTEXIST","err_code_des":"order not exist","mch_id":"1383580102","nonce_str":"MG9yFt0hG5jeSG4f","result_code":"FAIL","return_code":"SUCCESS","return_msg":"OK","sign":"55D611E321598A749E1718E06C0DE5C8"}
[2017-05-15 17:39:04][debug] begin notify
[2017-05-15 17:39:04][debug] call back:{"appid":"wxd46e99b7f83183e1","bank_type":"CFT","cash_fee":"1","fee_type":"CNY","is_subscribe":"Y","mch_id":"1383580102","nonce_str":"ci0oc78osu8qhfpb0zg8npzrfyltuqkg","openid":"ovxXWv0E3d57KcmAN_MIEbzMU78w","out_trade_no":"201705151434368123","result_code":"SUCCESS","return_code":"SUCCESS","sign":"8DC1A5F2A4315D445C8E8BCF5DA12FF9","time_end":"20170515143444","total_fee":"1","trade_type":"JSAPI","transaction_id":"4003812001201705150936476451"}
[2017-05-15 17:39:04][debug] query:{"appid":"wxd46e99b7f83183e1","err_code":"ORDERNOTEXIST","err_code_des":"order not exist","mch_id":"1383580102","nonce_str":"LMpu6qDuwFVgYScX","result_code":"FAIL","return_code":"SUCCESS","return_msg":"OK","sign":"97297C955F985A4DA66545562D68DA4B"}
[2017-05-15 18:03:51][debug] begin notify
[2017-05-15 18:03:51][debug] call back:{"appid":"wxd46e99b7f83183e1","bank_type":"CFT","cash_fee":"1","fee_type":"CNY","is_subscribe":"Y","mch_id":"1383580102","nonce_str":"1hnl3igth9f2ki7i1xq19alxex6ef35u","openid":"ovxXWv0E3d57KcmAN_MIEbzMU78w","out_trade_no":"201705151559198280","result_code":"SUCCESS","return_code":"SUCCESS","sign":"038401879CA15814617BB3E840861A76","time_end":"20170515155935","total_fee":"1","trade_type":"JSAPI","transaction_id":"4003812001201705150941823666"}
[2017-05-15 18:03:51][debug] query:{"appid":"wxd46e99b7f83183e1","err_code":"ORDERNOTEXIST","err_code_des":"order not exist","mch_id":"1383580102","nonce_str":"j8kI7iUo26D8YXhw","result_code":"FAIL","return_code":"SUCCESS","return_msg":"OK","sign":"4A1CEF793880682A1700379BE0FBC0A6"}
[2017-05-15 18:06:42][debug] begin notify
[2017-05-15 18:06:42][debug] call back:{"appid":"wxd46e99b7f83183e1","bank_type":"CFT","cash_fee":"1","fee_type":"CNY","is_subscribe":"Y","mch_id":"1383580102","nonce_str":"50a5m1ow72ajnibpvpq42fnx24x1j89o","openid":"ovxXWv0E3d57KcmAN_MIEbzMU78w","out_trade_no":"201705151602122402","result_code":"SUCCESS","return_code":"SUCCESS","sign":"8EE38C3A0D5755166F8BCE1FAFAD63A9","time_end":"20170515160220","total_fee":"1","trade_type":"JSAPI","transaction_id":"4003812001201705150943048643"}
[2017-05-15 18:06:42][debug] query:{"appid":"wxd46e99b7f83183e1","err_code":"ORDERNOTEXIST","err_code_des":"order not exist","mch_id":"1383580102","nonce_str":"6U13Lk2Jx0HFH8sQ","result_code":"FAIL","return_code":"SUCCESS","return_msg":"OK","sign":"FC3A16874024768464C772BA9C181E0E"}
[2017-05-15 18:36:02][debug] begin notify
[2017-05-15 18:36:02][debug] call back:{"appid":"wxd46e99b7f83183e1","bank_type":"CFT","cash_fee":"1","fee_type":"CNY","is_subscribe":"Y","mch_id":"1383580102","nonce_str":"2nvdk6haddi6v6gysuf6mtf6mu7ub6yz","openid":"ovxXWv5Ldfh1B4nho4C-Jz6Kgma0","out_trade_no":"201705151531308431","result_code":"SUCCESS","return_code":"SUCCESS","sign":"7E17BA98685C371A30D69B29FC8A9D71","time_end":"20170515153139","total_fee":"1","trade_type":"JSAPI","transaction_id":"4005242001201705150936194383"}
[2017-05-15 18:36:04][debug] query:{"appid":"wxd46e99b7f83183e1","err_code":"ORDERNOTEXIST","err_code_des":"order not exist","mch_id":"1383580102","nonce_str":"lHacLjxlNIfPSJ41","result_code":"FAIL","return_code":"SUCCESS","return_msg":"OK","sign":"91E72584E60AA8CC2482F3A2E2F20C71"}
[2017-05-15 19:03:55][debug] begin notify
[2017-05-15 19:03:55][debug] call back:{"appid":"wxd46e99b7f83183e1","bank_type":"CFT","cash_fee":"1","fee_type":"CNY","is_subscribe":"Y","mch_id":"1383580102","nonce_str":"1hnl3igth9f2ki7i1xq19alxex6ef35u","openid":"ovxXWv0E3d57KcmAN_MIEbzMU78w","out_trade_no":"201705151559198280","result_code":"SUCCESS","return_code":"SUCCESS","sign":"038401879CA15814617BB3E840861A76","time_end":"20170515155935","total_fee":"1","trade_type":"JSAPI","transaction_id":"4003812001201705150941823666"}
[2017-05-15 19:03:55][debug] query:{"appid":"wxd46e99b7f83183e1","err_code":"ORDERNOTEXIST","err_code_des":"order not exist","mch_id":"1383580102","nonce_str":"yHBhVtGnh5dsojd1","result_code":"FAIL","return_code":"SUCCESS","return_msg":"OK","sign":"51F1100E76069982D3907F99E6D4A515"}
[2017-05-15 19:06:44][debug] begin notify
[2017-05-15 19:06:44][debug] call back:{"appid":"wxd46e99b7f83183e1","bank_type":"CFT","cash_fee":"1","fee_type":"CNY","is_subscribe":"Y","mch_id":"1383580102","nonce_str":"50a5m1ow72ajnibpvpq42fnx24x1j89o","openid":"ovxXWv0E3d57KcmAN_MIEbzMU78w","out_trade_no":"201705151602122402","result_code":"SUCCESS","return_code":"SUCCESS","sign":"8EE38C3A0D5755166F8BCE1FAFAD63A9","time_end":"20170515160220","total_fee":"1","trade_type":"JSAPI","transaction_id":"4003812001201705150943048643"}
[2017-05-15 19:06:44][debug] query:{"appid":"wxd46e99b7f83183e1","err_code":"ORDERNOTEXIST","err_code_des":"order not exist","mch_id":"1383580102","nonce_str":"xSSgswCB7bCwcG9W","result_code":"FAIL","return_code":"SUCCESS","return_msg":"OK","sign":"C2A0AE09D0C18FD3BFD6156F2F297E3D"}
[2017-05-15 20:09:04][debug] begin notify
[2017-05-15 20:09:04][debug] call back:{"appid":"wxd46e99b7f83183e1","bank_type":"CFT","cash_fee":"1","fee_type":"CNY","is_subscribe":"Y","mch_id":"1383580102","nonce_str":"3v3j7i4c8eba9twq649mg0cf3yje9x03","openid":"ovxXWv0E3d57KcmAN_MIEbzMU78w","out_trade_no":"201705152008482323","result_code":"SUCCESS","return_code":"SUCCESS","sign":"B5631E60E6DC5123881342B702A5F297","time_end":"20170515200904","total_fee":"1","trade_type":"JSAPI","transaction_id":"4003812001201705150980052683"}
[2017-05-15 20:09:06][debug] query:{"appid":"wxd46e99b7f83183e1","err_code":"ORDERNOTEXIST","err_code_des":"order not exist","mch_id":"1383580102","nonce_str":"R1rBc5o5eeU5z4Lf","result_code":"FAIL","return_code":"SUCCESS","return_msg":"OK","sign":"3C16224CA0AC708043665A0C602484B8"}
[2017-05-15 20:09:16][debug] begin notify
[2017-05-15 20:09:16][debug] query:{"appid":"wxd46e99b7f83183e1","attach":[],"bank_type":"CFT","cash_fee":"1","fee_type":"CNY","is_subscribe":"Y","mch_id":"1383580102","nonce_str":"4OV5c2xcDZsrwR8K","openid":"ovxXWv0E3d57KcmAN_MIEbzMU78w","out_trade_no":"201705152008482323","result_code":"SUCCESS","return_code":"SUCCESS","return_msg":"OK","sign":"EC1311F9E4A72D321DB00C16A62B3B7D","time_end":"20170515200904","total_fee":"1","trade_state":"SUCCESS","trade_type":"JSAPI","transaction_id":"4003812001201705150980052683"}
[2017-05-15 20:09:17][debug] begin notify
[2017-05-15 20:09:17][debug] call back:{"appid":"wxd46e99b7f83183e1","bank_type":"CFT","cash_fee":"1","fee_type":"CNY","is_subscribe":"Y","mch_id":"1383580102","nonce_str":"3v3j7i4c8eba9twq649mg0cf3yje9x03","openid":"ovxXWv0E3d57KcmAN_MIEbzMU78w","out_trade_no":"201705152008482323","result_code":"SUCCESS","return_code":"SUCCESS","sign":"B5631E60E6DC5123881342B702A5F297","time_end":"20170515200904","total_fee":"1","trade_type":"JSAPI","transaction_id":"4003812001201705150980052683"}
[2017-05-15 20:09:19][debug] query:{"appid":"wxd46e99b7f83183e1","err_code":"ORDERNOTEXIST","err_code_des":"order not exist","mch_id":"1383580102","nonce_str":"nEm9jCyjNa2iad14","result_code":"FAIL","return_code":"SUCCESS","return_msg":"OK","sign":"85A8EDC6447FFF91AE627C2ABBBF1BA2"}
[2017-05-15 20:09:36][debug] begin notify
[2017-05-15 20:09:36][debug] call back:{"appid":"wxd46e99b7f83183e1","bank_type":"CFT","cash_fee":"1","fee_type":"CNY","is_subscribe":"Y","mch_id":"1383580102","nonce_str":"3v3j7i4c8eba9twq649mg0cf3yje9x03","openid":"ovxXWv0E3d57KcmAN_MIEbzMU78w","out_trade_no":"201705152008482323","result_code":"SUCCESS","return_code":"SUCCESS","sign":"B5631E60E6DC5123881342B702A5F297","time_end":"20170515200904","total_fee":"1","trade_type":"JSAPI","transaction_id":"4003812001201705150980052683"}
[2017-05-15 20:09:37][debug] query:{"appid":"wxd46e99b7f83183e1","err_code":"ORDERNOTEXIST","err_code_des":"order not exist","mch_id":"1383580102","nonce_str":"5iLnarNICNrDVwh3","result_code":"FAIL","return_code":"SUCCESS","return_msg":"OK","sign":"4FB11761A56660E14EFB031AE53CCB0A"}
[2017-05-15 20:10:09][debug] begin notify
[2017-05-15 20:10:09][debug] call back:{"appid":"wxd46e99b7f83183e1","bank_type":"CFT","cash_fee":"1","fee_type":"CNY","is_subscribe":"Y","mch_id":"1383580102","nonce_str":"3v3j7i4c8eba9twq649mg0cf3yje9x03","openid":"ovxXWv0E3d57KcmAN_MIEbzMU78w","out_trade_no":"201705152008482323","result_code":"SUCCESS","return_code":"SUCCESS","sign":"B5631E60E6DC5123881342B702A5F297","time_end":"20170515200904","total_fee":"1","trade_type":"JSAPI","transaction_id":"4003812001201705150980052683"}
[2017-05-15 20:10:09][debug] query:{"appid":"wxd46e99b7f83183e1","err_code":"ORDERNOTEXIST","err_code_des":"order not exist","mch_id":"1383580102","nonce_str":"97akXZk5aKFKfyAo","result_code":"FAIL","return_code":"SUCCESS","return_msg":"OK","sign":"2EE2AEECB065919A47773DB66B71F57B"}
[2017-05-15 20:13:11][debug] begin notify
[2017-05-15 20:13:11][debug] call back:{"appid":"wxd46e99b7f83183e1","bank_type":"CFT","cash_fee":"1","fee_type":"CNY","is_subscribe":"Y","mch_id":"1383580102","nonce_str":"3v3j7i4c8eba9twq649mg0cf3yje9x03","openid":"ovxXWv0E3d57KcmAN_MIEbzMU78w","out_trade_no":"201705152008482323","result_code":"SUCCESS","return_code":"SUCCESS","sign":"B5631E60E6DC5123881342B702A5F297","time_end":"20170515200904","total_fee":"1","trade_type":"JSAPI","transaction_id":"4003812001201705150980052683"}
[2017-05-15 20:13:12][debug] query:{"appid":"wxd46e99b7f83183e1","err_code":"ORDERNOTEXIST","err_code_des":"order not exist","mch_id":"1383580102","nonce_str":"KGNW5WW6U6xraN0O","result_code":"FAIL","return_code":"SUCCESS","return_msg":"OK","sign":"BFDAE48438104054E136DB40E9C93CED"}
[2017-05-15 20:43:13][debug] begin notify
[2017-05-15 20:43:13][debug] call back:{"appid":"wxd46e99b7f83183e1","bank_type":"CFT","cash_fee":"1","fee_type":"CNY","is_subscribe":"Y","mch_id":"1383580102","nonce_str":"3v3j7i4c8eba9twq649mg0cf3yje9x03","openid":"ovxXWv0E3d57KcmAN_MIEbzMU78w","out_trade_no":"201705152008482323","result_code":"SUCCESS","return_code":"SUCCESS","sign":"B5631E60E6DC5123881342B702A5F297","time_end":"20170515200904","total_fee":"1","trade_type":"JSAPI","transaction_id":"4003812001201705150980052683"}
[2017-05-15 20:43:13][debug] query:{"appid":"wxd46e99b7f83183e1","err_code":"ORDERNOTEXIST","err_code_des":"order not exist","mch_id":"1383580102","nonce_str":"y3jam2N8tp7yER2H","result_code":"FAIL","return_code":"SUCCESS","return_msg":"OK","sign":"2538CA8CE122463D57A34C7236F015A9"}
[2017-05-15 21:13:15][debug] begin notify
[2017-05-15 21:13:15][debug] call back:{"appid":"wxd46e99b7f83183e1","bank_type":"CFT","cash_fee":"1","fee_type":"CNY","is_subscribe":"Y","mch_id":"1383580102","nonce_str":"3v3j7i4c8eba9twq649mg0cf3yje9x03","openid":"ovxXWv0E3d57KcmAN_MIEbzMU78w","out_trade_no":"201705152008482323","result_code":"SUCCESS","return_code":"SUCCESS","sign":"B5631E60E6DC5123881342B702A5F297","time_end":"20170515200904","total_fee":"1","trade_type":"JSAPI","transaction_id":"4003812001201705150980052683"}
[2017-05-15 21:13:17][debug] query:{"appid":"wxd46e99b7f83183e1","err_code":"ORDERNOTEXIST","err_code_des":"order not exist","mch_id":"1383580102","nonce_str":"R2Cqf5iFJnXG8wg0","result_code":"FAIL","return_code":"SUCCESS","return_msg":"OK","sign":"AD09D57D4932248D6478F3569E75B71C"}
[2017-05-15 21:43:18][debug] begin notify
[2017-05-15 21:43:18][debug] call back:{"appid":"wxd46e99b7f83183e1","bank_type":"CFT","cash_fee":"1","fee_type":"CNY","is_subscribe":"Y","mch_id":"1383580102","nonce_str":"3v3j7i4c8eba9twq649mg0cf3yje9x03","openid":"ovxXWv0E3d57KcmAN_MIEbzMU78w","out_trade_no":"201705152008482323","result_code":"SUCCESS","return_code":"SUCCESS","sign":"B5631E60E6DC5123881342B702A5F297","time_end":"20170515200904","total_fee":"1","trade_type":"JSAPI","transaction_id":"4003812001201705150980052683"}
[2017-05-15 21:43:18][debug] query:{"appid":"wxd46e99b7f83183e1","err_code":"ORDERNOTEXIST","err_code_des":"order not exist","mch_id":"1383580102","nonce_str":"eFtOYNwqF65xX7iH","result_code":"FAIL","return_code":"SUCCESS","return_msg":"OK","sign":"23F6323C92608FB5A8D5156FF5268CEB"}
[2017-05-15 22:13:21][debug] begin notify
[2017-05-15 22:13:21][debug] call back:{"appid":"wxd46e99b7f83183e1","bank_type":"CFT","cash_fee":"1","fee_type":"CNY","is_subscribe":"Y","mch_id":"1383580102","nonce_str":"3v3j7i4c8eba9twq649mg0cf3yje9x03","openid":"ovxXWv0E3d57KcmAN_MIEbzMU78w","out_trade_no":"201705152008482323","result_code":"SUCCESS","return_code":"SUCCESS","sign":"B5631E60E6DC5123881342B702A5F297","time_end":"20170515200904","total_fee":"1","trade_type":"JSAPI","transaction_id":"4003812001201705150980052683"}
[2017-05-15 22:13:22][debug] query:{"appid":"wxd46e99b7f83183e1","err_code":"ORDERNOTEXIST","err_code_des":"order not exist","mch_id":"1383580102","nonce_str":"Z9kdtDhT3qZTdYYW","result_code":"FAIL","return_code":"SUCCESS","return_msg":"OK","sign":"3F51A766000B3F69D6431083A4E91729"}
[2017-05-15 23:13:23][debug] begin notify
[2017-05-15 23:13:23][debug] call back:{"appid":"wxd46e99b7f83183e1","bank_type":"CFT","cash_fee":"1","fee_type":"CNY","is_subscribe":"Y","mch_id":"1383580102","nonce_str":"3v3j7i4c8eba9twq649mg0cf3yje9x03","openid":"ovxXWv0E3d57KcmAN_MIEbzMU78w","out_trade_no":"201705152008482323","result_code":"SUCCESS","return_code":"SUCCESS","sign":"B5631E60E6DC5123881342B702A5F297","time_end":"20170515200904","total_fee":"1","trade_type":"JSAPI","transaction_id":"4003812001201705150980052683"}
[2017-05-15 23:13:25][debug] query:{"appid":"wxd46e99b7f83183e1","err_code":"ORDERNOTEXIST","err_code_des":"order not exist","mch_id":"1383580102","nonce_str":"wSqTzSSgQwRAgkPJ","result_code":"FAIL","return_code":"SUCCESS","return_msg":"OK","sign":"B7055BA69711624D5CF06F02A5FFA109"}
