[2017-06-16 15:26:55][debug] begin notify
[2017-06-16 15:26:55][debug] call back:{"appid":"wxd46e99b7f83183e1","bank_type":"CFT","cash_fee":"1","fee_type":"CNY","is_subscribe":"Y","mch_id":"1383580102","nonce_str":"zsxxdrvnzv10beewkcek3kr1fo2hjpyd","openid":"ovxXWv5Ldfh1B4nho4C-Jz6Kgma0","out_trade_no":"2017061615263188","result_code":"SUCCESS","return_code":"SUCCESS","sign":"F361B744657D555960538D77DEF0E0C6","time_end":"20170616152653","total_fee":"1","trade_type":"JSAPI","transaction_id":"4005242001201706165986420685"}
[2017-06-16 15:26:55][debug] query:{"appid":"wxd46e99b7f83183e1","err_code":"ORDERNOTEXIST","err_code_des":"order not exist","mch_id":"1383580102","nonce_str":"LSWBMzsSNvqeROkZ","result_code":"FAIL","return_code":"SUCCESS","return_msg":"OK","sign":"B303EE1ED7D0CF759C002F543B7A5CD1"}
[2017-06-16 15:27:00][debug] begin notify
[2017-06-16 15:27:01][debug] query:{"appid":"wxd46e99b7f83183e1","attach":[],"bank_type":"CFT","cash_fee":"1","fee_type":"CNY","is_subscribe":"Y","mch_id":"1383580102","nonce_str":"4q7iCuAwo89MLdzb","openid":"ovxXWv5Ldfh1B4nho4C-Jz6Kgma0","out_trade_no":"2017061615263188","result_code":"SUCCESS","return_code":"SUCCESS","return_msg":"OK","sign":"FD194B57E65957CCE13334B76BED06CE","time_end":"20170616152653","total_fee":"1","trade_state":"SUCCESS","trade_type":"JSAPI","transaction_id":"4005242001201706165986420685"}
[2017-06-16 15:27:10][debug] begin notify
[2017-06-16 15:27:10][debug] call back:{"appid":"wxd46e99b7f83183e1","bank_type":"CFT","cash_fee":"1","fee_type":"CNY","is_subscribe":"Y","mch_id":"1383580102","nonce_str":"zsxxdrvnzv10beewkcek3kr1fo2hjpyd","openid":"ovxXWv5Ldfh1B4nho4C-Jz6Kgma0","out_trade_no":"2017061615263188","result_code":"SUCCESS","return_code":"SUCCESS","sign":"F361B744657D555960538D77DEF0E0C6","time_end":"20170616152653","total_fee":"1","trade_type":"JSAPI","transaction_id":"4005242001201706165986420685"}
[2017-06-16 15:27:10][debug] query:{"appid":"wxd46e99b7f83183e1","err_code":"ORDERNOTEXIST","err_code_des":"order not exist","mch_id":"1383580102","nonce_str":"hnWqgARH963yrvSf","result_code":"FAIL","return_code":"SUCCESS","return_msg":"OK","sign":"6E6B8D569A7FDD727B337CE92144FB43"}
[2017-06-16 15:27:28][debug] begin notify
[2017-06-16 15:27:28][debug] call back:{"appid":"wxd46e99b7f83183e1","bank_type":"CFT","cash_fee":"1","fee_type":"CNY","is_subscribe":"Y","mch_id":"1383580102","nonce_str":"zsxxdrvnzv10beewkcek3kr1fo2hjpyd","openid":"ovxXWv5Ldfh1B4nho4C-Jz6Kgma0","out_trade_no":"2017061615263188","result_code":"SUCCESS","return_code":"SUCCESS","sign":"F361B744657D555960538D77DEF0E0C6","time_end":"20170616152653","total_fee":"1","trade_type":"JSAPI","transaction_id":"4005242001201706165986420685"}
[2017-06-16 15:27:28][debug] query:{"appid":"wxd46e99b7f83183e1","err_code":"ORDERNOTEXIST","err_code_des":"order not exist","mch_id":"1383580102","nonce_str":"IPgEtHvixwy0Il5W","result_code":"FAIL","return_code":"SUCCESS","return_msg":"OK","sign":"6FF4D75AF0607E6C32361320CCDFDBBA"}
[2017-06-16 15:27:32][debug] begin notify
[2017-06-16 15:27:32][debug] call back:{"appid":"wxd46e99b7f83183e1","bank_type":"CFT","cash_fee":"1","fee_type":"CNY","is_subscribe":"Y","mch_id":"1383580102","nonce_str":"pi0yu26zmgtimem6168rm961eb8jultl","openid":"ovxXWv5Ldfh1B4nho4C-Jz6Kgma0","out_trade_no":"2017061615277354","result_code":"SUCCESS","return_code":"SUCCESS","sign":"5D6A6800F0747150EA9161E0DEB32E0A","time_end":"20170616152732","total_fee":"1","trade_type":"JSAPI","transaction_id":"4005242001201706165983511283"}
[2017-06-16 15:27:32][debug] query:{"appid":"wxd46e99b7f83183e1","err_code":"ORDERNOTEXIST","err_code_des":"order not exist","mch_id":"1383580102","nonce_str":"51zToJPqBrtYL9es","result_code":"FAIL","return_code":"SUCCESS","return_msg":"OK","sign":"ACC1226938B251FE27F9C15E6F5C10B9"}
[2017-06-16 15:27:33][debug] begin notify
[2017-06-16 15:27:33][debug] query:{"appid":"wxd46e99b7f83183e1","attach":[],"bank_type":"CFT","cash_fee":"1","fee_type":"CNY","is_subscribe":"Y","mch_id":"1383580102","nonce_str":"2jrUJXsQiKkgXjiZ","openid":"ovxXWv5Ldfh1B4nho4C-Jz6Kgma0","out_trade_no":"2017061615277354","result_code":"SUCCESS","return_code":"SUCCESS","return_msg":"OK","sign":"F1499545FCF85D9190ADA50076E93139","time_end":"20170616152732","total_fee":"1","trade_state":"SUCCESS","trade_type":"JSAPI","transaction_id":"4005242001201706165983511283"}
[2017-06-16 15:27:42][debug] begin notify
[2017-06-16 15:27:42][debug] call back:{"appid":"wxd46e99b7f83183e1","bank_type":"CFT","cash_fee":"1","fee_type":"CNY","is_subscribe":"Y","mch_id":"1383580102","nonce_str":"pi0yu26zmgtimem6168rm961eb8jultl","openid":"ovxXWv5Ldfh1B4nho4C-Jz6Kgma0","out_trade_no":"2017061615277354","result_code":"SUCCESS","return_code":"SUCCESS","sign":"5D6A6800F0747150EA9161E0DEB32E0A","time_end":"20170616152732","total_fee":"1","trade_type":"JSAPI","transaction_id":"4005242001201706165983511283"}
[2017-06-16 15:27:42][debug] query:{"appid":"wxd46e99b7f83183e1","err_code":"ORDERNOTEXIST","err_code_des":"order not exist","mch_id":"1383580102","nonce_str":"Q4sNkdAoBqmTHhVZ","result_code":"FAIL","return_code":"SUCCESS","return_msg":"OK","sign":"B7D1C7E5E57BE1F9C8EA62686A98A7C8"}
[2017-06-16 15:27:59][debug] begin notify
[2017-06-16 15:27:59][debug] call back:{"appid":"wxd46e99b7f83183e1","bank_type":"CFT","cash_fee":"1","fee_type":"CNY","is_subscribe":"Y","mch_id":"1383580102","nonce_str":"pi0yu26zmgtimem6168rm961eb8jultl","openid":"ovxXWv5Ldfh1B4nho4C-Jz6Kgma0","out_trade_no":"2017061615277354","result_code":"SUCCESS","return_code":"SUCCESS","sign":"5D6A6800F0747150EA9161E0DEB32E0A","time_end":"20170616152732","total_fee":"1","trade_type":"JSAPI","transaction_id":"4005242001201706165983511283"}
[2017-06-16 15:27:59][debug] query:{"appid":"wxd46e99b7f83183e1","err_code":"ORDERNOTEXIST","err_code_des":"order not exist","mch_id":"1383580102","nonce_str":"AZowdP6J7kYZvBJw","result_code":"FAIL","return_code":"SUCCESS","return_msg":"OK","sign":"BBA788F1C7D98D6F3F1AD0105D593298"}
[2017-06-16 15:28:00][debug] begin notify
[2017-06-16 15:28:00][debug] call back:{"appid":"wxd46e99b7f83183e1","bank_type":"CFT","cash_fee":"1","fee_type":"CNY","is_subscribe":"Y","mch_id":"1383580102","nonce_str":"zsxxdrvnzv10beewkcek3kr1fo2hjpyd","openid":"ovxXWv5Ldfh1B4nho4C-Jz6Kgma0","out_trade_no":"2017061615263188","result_code":"SUCCESS","return_code":"SUCCESS","sign":"F361B744657D555960538D77DEF0E0C6","time_end":"20170616152653","total_fee":"1","trade_type":"JSAPI","transaction_id":"4005242001201706165986420685"}
[2017-06-16 15:28:00][debug] query:{"appid":"wxd46e99b7f83183e1","err_code":"ORDERNOTEXIST","err_code_des":"order not exist","mch_id":"1383580102","nonce_str":"SVkxYDkQzH2P3jEf","result_code":"FAIL","return_code":"SUCCESS","return_msg":"OK","sign":"DC332EDFB3BB5527B1722F1B0BC8812C"}
[2017-06-16 15:28:31][debug] begin notify
[2017-06-16 15:28:31][debug] call back:{"appid":"wxd46e99b7f83183e1","bank_type":"CFT","cash_fee":"1","fee_type":"CNY","is_subscribe":"Y","mch_id":"1383580102","nonce_str":"pi0yu26zmgtimem6168rm961eb8jultl","openid":"ovxXWv5Ldfh1B4nho4C-Jz6Kgma0","out_trade_no":"2017061615277354","result_code":"SUCCESS","return_code":"SUCCESS","sign":"5D6A6800F0747150EA9161E0DEB32E0A","time_end":"20170616152732","total_fee":"1","trade_type":"JSAPI","transaction_id":"4005242001201706165983511283"}
[2017-06-16 15:28:31][debug] query:{"appid":"wxd46e99b7f83183e1","err_code":"ORDERNOTEXIST","err_code_des":"order not exist","mch_id":"1383580102","nonce_str":"FPOTzlQCyy9GxLq2","result_code":"FAIL","return_code":"SUCCESS","return_msg":"OK","sign":"88D13AB16205793C85F464DEF68B169F"}
[2017-06-16 15:31:01][debug] begin notify
[2017-06-16 15:31:01][debug] call back:{"appid":"wxd46e99b7f83183e1","bank_type":"CFT","cash_fee":"1","fee_type":"CNY","is_subscribe":"Y","mch_id":"1383580102","nonce_str":"zsxxdrvnzv10beewkcek3kr1fo2hjpyd","openid":"ovxXWv5Ldfh1B4nho4C-Jz6Kgma0","out_trade_no":"2017061615263188","result_code":"SUCCESS","return_code":"SUCCESS","sign":"F361B744657D555960538D77DEF0E0C6","time_end":"20170616152653","total_fee":"1","trade_type":"JSAPI","transaction_id":"4005242001201706165986420685"}
[2017-06-16 15:31:01][debug] query:{"appid":"wxd46e99b7f83183e1","err_code":"ORDERNOTEXIST","err_code_des":"order not exist","mch_id":"1383580102","nonce_str":"ClkokE027gtqjkUh","result_code":"FAIL","return_code":"SUCCESS","return_msg":"OK","sign":"27E03A45D732551B5C41172240617EEE"}
[2017-06-16 15:31:33][debug] begin notify
[2017-06-16 15:31:33][debug] call back:{"appid":"wxd46e99b7f83183e1","bank_type":"CFT","cash_fee":"1","fee_type":"CNY","is_subscribe":"Y","mch_id":"1383580102","nonce_str":"pi0yu26zmgtimem6168rm961eb8jultl","openid":"ovxXWv5Ldfh1B4nho4C-Jz6Kgma0","out_trade_no":"2017061615277354","result_code":"SUCCESS","return_code":"SUCCESS","sign":"5D6A6800F0747150EA9161E0DEB32E0A","time_end":"20170616152732","total_fee":"1","trade_type":"JSAPI","transaction_id":"4005242001201706165983511283"}
[2017-06-16 15:31:33][debug] query:{"appid":"wxd46e99b7f83183e1","err_code":"ORDERNOTEXIST","err_code_des":"order not exist","mch_id":"1383580102","nonce_str":"dP4l2SfXSxsGC5By","result_code":"FAIL","return_code":"SUCCESS","return_msg":"OK","sign":"D3183456AB911D32B9ED7BF282DD5131"}
[2017-06-16 16:01:03][debug] begin notify
[2017-06-16 16:01:03][debug] call back:{"appid":"wxd46e99b7f83183e1","bank_type":"CFT","cash_fee":"1","fee_type":"CNY","is_subscribe":"Y","mch_id":"1383580102","nonce_str":"zsxxdrvnzv10beewkcek3kr1fo2hjpyd","openid":"ovxXWv5Ldfh1B4nho4C-Jz6Kgma0","out_trade_no":"2017061615263188","result_code":"SUCCESS","return_code":"SUCCESS","sign":"F361B744657D555960538D77DEF0E0C6","time_end":"20170616152653","total_fee":"1","trade_type":"JSAPI","transaction_id":"4005242001201706165986420685"}
[2017-06-16 16:01:03][debug] query:{"appid":"wxd46e99b7f83183e1","err_code":"ORDERNOTEXIST","err_code_des":"order not exist","mch_id":"1383580102","nonce_str":"pv9EKbHnLjUdGWSK","result_code":"FAIL","return_code":"SUCCESS","return_msg":"OK","sign":"18DF03C6795BF67E05F270D6916E96D2"}
[2017-06-16 16:01:34][debug] begin notify
[2017-06-16 16:01:34][debug] call back:{"appid":"wxd46e99b7f83183e1","bank_type":"CFT","cash_fee":"1","fee_type":"CNY","is_subscribe":"Y","mch_id":"1383580102","nonce_str":"pi0yu26zmgtimem6168rm961eb8jultl","openid":"ovxXWv5Ldfh1B4nho4C-Jz6Kgma0","out_trade_no":"2017061615277354","result_code":"SUCCESS","return_code":"SUCCESS","sign":"5D6A6800F0747150EA9161E0DEB32E0A","time_end":"20170616152732","total_fee":"1","trade_type":"JSAPI","transaction_id":"4005242001201706165983511283"}
[2017-06-16 16:01:35][debug] query:{"appid":"wxd46e99b7f83183e1","err_code":"ORDERNOTEXIST","err_code_des":"order not exist","mch_id":"1383580102","nonce_str":"YMr0jKUABKpPi8ni","result_code":"FAIL","return_code":"SUCCESS","return_msg":"OK","sign":"B23C4C5EACA781E74A3912178E7BCE9C"}
[2017-06-16 16:31:05][debug] begin notify
[2017-06-16 16:31:05][debug] call back:{"appid":"wxd46e99b7f83183e1","bank_type":"CFT","cash_fee":"1","fee_type":"CNY","is_subscribe":"Y","mch_id":"1383580102","nonce_str":"zsxxdrvnzv10beewkcek3kr1fo2hjpyd","openid":"ovxXWv5Ldfh1B4nho4C-Jz6Kgma0","out_trade_no":"2017061615263188","result_code":"SUCCESS","return_code":"SUCCESS","sign":"F361B744657D555960538D77DEF0E0C6","time_end":"20170616152653","total_fee":"1","trade_type":"JSAPI","transaction_id":"4005242001201706165986420685"}
[2017-06-16 16:31:05][debug] query:{"appid":"wxd46e99b7f83183e1","err_code":"ORDERNOTEXIST","err_code_des":"order not exist","mch_id":"1383580102","nonce_str":"xQrMDeixw5imCat3","result_code":"FAIL","return_code":"SUCCESS","return_msg":"OK","sign":"7E9342EADB7B32F1C36CF39EED46CC5F"}
[2017-06-16 16:31:37][debug] begin notify
[2017-06-16 16:31:37][debug] call back:{"appid":"wxd46e99b7f83183e1","bank_type":"CFT","cash_fee":"1","fee_type":"CNY","is_subscribe":"Y","mch_id":"1383580102","nonce_str":"pi0yu26zmgtimem6168rm961eb8jultl","openid":"ovxXWv5Ldfh1B4nho4C-Jz6Kgma0","out_trade_no":"2017061615277354","result_code":"SUCCESS","return_code":"SUCCESS","sign":"5D6A6800F0747150EA9161E0DEB32E0A","time_end":"20170616152732","total_fee":"1","trade_type":"JSAPI","transaction_id":"4005242001201706165983511283"}
[2017-06-16 16:31:37][debug] query:{"appid":"wxd46e99b7f83183e1","err_code":"ORDERNOTEXIST","err_code_des":"order not exist","mch_id":"1383580102","nonce_str":"6AhzccMukCxmdVWI","result_code":"FAIL","return_code":"SUCCESS","return_msg":"OK","sign":"B968096690DD9F3CF4504DFFDE14DDBD"}
[2017-06-16 17:01:07][debug] begin notify
[2017-06-16 17:01:07][debug] call back:{"appid":"wxd46e99b7f83183e1","bank_type":"CFT","cash_fee":"1","fee_type":"CNY","is_subscribe":"Y","mch_id":"1383580102","nonce_str":"zsxxdrvnzv10beewkcek3kr1fo2hjpyd","openid":"ovxXWv5Ldfh1B4nho4C-Jz6Kgma0","out_trade_no":"2017061615263188","result_code":"SUCCESS","return_code":"SUCCESS","sign":"F361B744657D555960538D77DEF0E0C6","time_end":"20170616152653","total_fee":"1","trade_type":"JSAPI","transaction_id":"4005242001201706165986420685"}
[2017-06-16 17:01:07][debug] query:{"appid":"wxd46e99b7f83183e1","err_code":"ORDERNOTEXIST","err_code_des":"order not exist","mch_id":"1383580102","nonce_str":"W8e8om9yN1QUPnRg","result_code":"FAIL","return_code":"SUCCESS","return_msg":"OK","sign":"26BB16F09C86BB2BED57B27AB0F0CD9B"}
[2017-06-16 17:01:39][debug] begin notify
[2017-06-16 17:01:39][debug] call back:{"appid":"wxd46e99b7f83183e1","bank_type":"CFT","cash_fee":"1","fee_type":"CNY","is_subscribe":"Y","mch_id":"1383580102","nonce_str":"pi0yu26zmgtimem6168rm961eb8jultl","openid":"ovxXWv5Ldfh1B4nho4C-Jz6Kgma0","out_trade_no":"2017061615277354","result_code":"SUCCESS","return_code":"SUCCESS","sign":"5D6A6800F0747150EA9161E0DEB32E0A","time_end":"20170616152732","total_fee":"1","trade_type":"JSAPI","transaction_id":"4005242001201706165983511283"}
[2017-06-16 17:01:39][debug] query:{"appid":"wxd46e99b7f83183e1","err_code":"ORDERNOTEXIST","err_code_des":"order not exist","mch_id":"1383580102","nonce_str":"CvgjpfeM5iZXAoRS","result_code":"FAIL","return_code":"SUCCESS","return_msg":"OK","sign":"5430B91816E8B126EBCBEC86A9F1F222"}
[2017-06-16 17:31:08][debug] begin notify
[2017-06-16 17:31:08][debug] call back:{"appid":"wxd46e99b7f83183e1","bank_type":"CFT","cash_fee":"1","fee_type":"CNY","is_subscribe":"Y","mch_id":"1383580102","nonce_str":"zsxxdrvnzv10beewkcek3kr1fo2hjpyd","openid":"ovxXWv5Ldfh1B4nho4C-Jz6Kgma0","out_trade_no":"2017061615263188","result_code":"SUCCESS","return_code":"SUCCESS","sign":"F361B744657D555960538D77DEF0E0C6","time_end":"20170616152653","total_fee":"1","trade_type":"JSAPI","transaction_id":"4005242001201706165986420685"}
[2017-06-16 17:31:08][debug] query:{"appid":"wxd46e99b7f83183e1","err_code":"ORDERNOTEXIST","err_code_des":"order not exist","mch_id":"1383580102","nonce_str":"3RiCjWMBLf8K60Du","result_code":"FAIL","return_code":"SUCCESS","return_msg":"OK","sign":"03B6A1294009E1D8BA2505F8AD70C878"}
[2017-06-16 17:31:43][debug] begin notify
[2017-06-16 17:31:43][debug] call back:{"appid":"wxd46e99b7f83183e1","bank_type":"CFT","cash_fee":"1","fee_type":"CNY","is_subscribe":"Y","mch_id":"1383580102","nonce_str":"pi0yu26zmgtimem6168rm961eb8jultl","openid":"ovxXWv5Ldfh1B4nho4C-Jz6Kgma0","out_trade_no":"2017061615277354","result_code":"SUCCESS","return_code":"SUCCESS","sign":"5D6A6800F0747150EA9161E0DEB32E0A","time_end":"20170616152732","total_fee":"1","trade_type":"JSAPI","transaction_id":"4005242001201706165983511283"}
[2017-06-16 17:31:43][debug] query:{"appid":"wxd46e99b7f83183e1","err_code":"ORDERNOTEXIST","err_code_des":"order not exist","mch_id":"1383580102","nonce_str":"EOCtKwmNzpZ9j6qz","result_code":"FAIL","return_code":"SUCCESS","return_msg":"OK","sign":"57F4C1911C83446836F62D9D160BB43B"}
[2017-06-16 18:31:11][debug] begin notify
[2017-06-16 18:31:11][debug] call back:{"appid":"wxd46e99b7f83183e1","bank_type":"CFT","cash_fee":"1","fee_type":"CNY","is_subscribe":"Y","mch_id":"1383580102","nonce_str":"zsxxdrvnzv10beewkcek3kr1fo2hjpyd","openid":"ovxXWv5Ldfh1B4nho4C-Jz6Kgma0","out_trade_no":"2017061615263188","result_code":"SUCCESS","return_code":"SUCCESS","sign":"F361B744657D555960538D77DEF0E0C6","time_end":"20170616152653","total_fee":"1","trade_type":"JSAPI","transaction_id":"4005242001201706165986420685"}
[2017-06-16 18:31:11][debug] query:{"appid":"wxd46e99b7f83183e1","err_code":"ORDERNOTEXIST","err_code_des":"order not exist","mch_id":"1383580102","nonce_str":"w2Rqr9feNXste1g4","result_code":"FAIL","return_code":"SUCCESS","return_msg":"OK","sign":"0F3D686E03567AA2CA1E309DC6826B54"}
[2017-06-16 18:31:45][debug] begin notify
[2017-06-16 18:31:45][debug] call back:{"appid":"wxd46e99b7f83183e1","bank_type":"CFT","cash_fee":"1","fee_type":"CNY","is_subscribe":"Y","mch_id":"1383580102","nonce_str":"pi0yu26zmgtimem6168rm961eb8jultl","openid":"ovxXWv5Ldfh1B4nho4C-Jz6Kgma0","out_trade_no":"2017061615277354","result_code":"SUCCESS","return_code":"SUCCESS","sign":"5D6A6800F0747150EA9161E0DEB32E0A","time_end":"20170616152732","total_fee":"1","trade_type":"JSAPI","transaction_id":"4005242001201706165983511283"}
[2017-06-16 18:31:45][debug] query:{"appid":"wxd46e99b7f83183e1","err_code":"ORDERNOTEXIST","err_code_des":"order not exist","mch_id":"1383580102","nonce_str":"ZvPLmx23AwYlyJch","result_code":"FAIL","return_code":"SUCCESS","return_msg":"OK","sign":"77EE15E0FB1330FA6C4C68106B56EA06"}
