[2017-05-17 00:15:21][debug] begin notify
[2017-05-17 00:15:21][debug] call back:{"appid":"wxd46e99b7f83183e1","bank_type":"GDB_CREDIT","cash_fee":"1","fee_type":"CNY","is_subscribe":"Y","mch_id":"1383580102","nonce_str":"2s5hr9l0rx7vkcj4iukjj6ydt4jbyupu","openid":"ovxXWv3CHJLsugBLuDQiCAxREFtE","out_trade_no":"2017051622105408","result_code":"SUCCESS","return_code":"SUCCESS","sign":"FB500B2D69C93C3A8C0CE1D96A97ED7A","time_end":"20170516221056","total_fee":"1","trade_type":"JSAPI","transaction_id":"4002902001201705161136313673"}
[2017-05-17 00:15:23][debug] query:{"appid":"wxd46e99b7f83183e1","err_code":"ORDERNOTEXIST","err_code_des":"order not exist","mch_id":"1383580102","nonce_str":"lk1c48aYCDb7JuHz","result_code":"FAIL","return_code":"SUCCESS","return_msg":"OK","sign":"F65558718EAEA9DB0A25B3404A263F8A"}
[2017-05-17 11:06:55][debug] begin notify
[2017-05-17 11:06:55][debug] call back:{"appid":"wxd46e99b7f83183e1","bank_type":"CFT","cash_fee":"1","fee_type":"CNY","is_subscribe":"Y","mch_id":"1383580102","nonce_str":"nvafc3051efs9nhhmttzx8gowjyoboy3","openid":"ovxXWv5Ldfh1B4nho4C-Jz6Kgma0","out_trade_no":"201705171106383935","result_code":"SUCCESS","return_code":"SUCCESS","sign":"E61A03D7F0611E29E7808AB59C0CA01F","time_end":"20170517110654","total_fee":"1","trade_type":"JSAPI","transaction_id":"4005242001201705171201532232"}
[2017-05-17 11:06:57][debug] query:{"appid":"wxd46e99b7f83183e1","err_code":"ORDERNOTEXIST","err_code_des":"order not exist","mch_id":"1383580102","nonce_str":"nlERl2EXyKUwYPiE","result_code":"FAIL","return_code":"SUCCESS","return_msg":"OK","sign":"398762F98CA6143A729CB442658DB8AF"}
[2017-05-17 11:07:09][debug] begin notify
[2017-05-17 11:07:09][debug] call back:{"appid":"wxd46e99b7f83183e1","bank_type":"CFT","cash_fee":"1","fee_type":"CNY","is_subscribe":"Y","mch_id":"1383580102","nonce_str":"nvafc3051efs9nhhmttzx8gowjyoboy3","openid":"ovxXWv5Ldfh1B4nho4C-Jz6Kgma0","out_trade_no":"201705171106383935","result_code":"SUCCESS","return_code":"SUCCESS","sign":"E61A03D7F0611E29E7808AB59C0CA01F","time_end":"20170517110654","total_fee":"1","trade_type":"JSAPI","transaction_id":"4005242001201705171201532232"}
[2017-05-17 11:07:11][debug] query:{"appid":"wxd46e99b7f83183e1","err_code":"ORDERNOTEXIST","err_code_des":"order not exist","mch_id":"1383580102","nonce_str":"20auK6egOaJBWAP3","result_code":"FAIL","return_code":"SUCCESS","return_msg":"OK","sign":"D5AE3B2C51D3EF1547B4AA1EA325BB15"}
[2017-05-17 11:07:27][debug] begin notify
[2017-05-17 11:07:27][debug] call back:{"appid":"wxd46e99b7f83183e1","bank_type":"CFT","cash_fee":"1","fee_type":"CNY","is_subscribe":"Y","mch_id":"1383580102","nonce_str":"nvafc3051efs9nhhmttzx8gowjyoboy3","openid":"ovxXWv5Ldfh1B4nho4C-Jz6Kgma0","out_trade_no":"201705171106383935","result_code":"SUCCESS","return_code":"SUCCESS","sign":"E61A03D7F0611E29E7808AB59C0CA01F","time_end":"20170517110654","total_fee":"1","trade_type":"JSAPI","transaction_id":"4005242001201705171201532232"}
[2017-05-17 11:07:29][debug] query:{"appid":"wxd46e99b7f83183e1","err_code":"ORDERNOTEXIST","err_code_des":"order not exist","mch_id":"1383580102","nonce_str":"MLmMFLm7Q3A91tHP","result_code":"FAIL","return_code":"SUCCESS","return_msg":"OK","sign":"D6F4575CA4CA5350B0ACA89FEE4C756D"}
[2017-05-17 11:08:00][debug] begin notify
[2017-05-17 11:08:00][debug] call back:{"appid":"wxd46e99b7f83183e1","bank_type":"CFT","cash_fee":"1","fee_type":"CNY","is_subscribe":"Y","mch_id":"1383580102","nonce_str":"nvafc3051efs9nhhmttzx8gowjyoboy3","openid":"ovxXWv5Ldfh1B4nho4C-Jz6Kgma0","out_trade_no":"201705171106383935","result_code":"SUCCESS","return_code":"SUCCESS","sign":"E61A03D7F0611E29E7808AB59C0CA01F","time_end":"20170517110654","total_fee":"1","trade_type":"JSAPI","transaction_id":"4005242001201705171201532232"}
[2017-05-17 11:08:02][debug] query:{"appid":"wxd46e99b7f83183e1","err_code":"ORDERNOTEXIST","err_code_des":"order not exist","mch_id":"1383580102","nonce_str":"vV6yx9b8QbfhSH37","result_code":"FAIL","return_code":"SUCCESS","return_msg":"OK","sign":"83BE81ADC8CA388C3BF6E2802BE8C297"}
[2017-05-17 11:11:04][debug] begin notify
[2017-05-17 11:11:04][debug] call back:{"appid":"wxd46e99b7f83183e1","bank_type":"CFT","cash_fee":"1","fee_type":"CNY","is_subscribe":"Y","mch_id":"1383580102","nonce_str":"nvafc3051efs9nhhmttzx8gowjyoboy3","openid":"ovxXWv5Ldfh1B4nho4C-Jz6Kgma0","out_trade_no":"201705171106383935","result_code":"SUCCESS","return_code":"SUCCESS","sign":"E61A03D7F0611E29E7808AB59C0CA01F","time_end":"20170517110654","total_fee":"1","trade_type":"JSAPI","transaction_id":"4005242001201705171201532232"}
[2017-05-17 11:11:06][debug] query:{"appid":"wxd46e99b7f83183e1","err_code":"ORDERNOTEXIST","err_code_des":"order not exist","mch_id":"1383580102","nonce_str":"qGQqlsvuEfGdUbx0","result_code":"FAIL","return_code":"SUCCESS","return_msg":"OK","sign":"09295EA9E21DBFA569B7B6A92441F843"}
[2017-05-17 11:41:08][debug] begin notify
[2017-05-17 11:41:08][debug] call back:{"appid":"wxd46e99b7f83183e1","bank_type":"CFT","cash_fee":"1","fee_type":"CNY","is_subscribe":"Y","mch_id":"1383580102","nonce_str":"nvafc3051efs9nhhmttzx8gowjyoboy3","openid":"ovxXWv5Ldfh1B4nho4C-Jz6Kgma0","out_trade_no":"201705171106383935","result_code":"SUCCESS","return_code":"SUCCESS","sign":"E61A03D7F0611E29E7808AB59C0CA01F","time_end":"20170517110654","total_fee":"1","trade_type":"JSAPI","transaction_id":"4005242001201705171201532232"}
[2017-05-17 11:41:10][debug] query:{"appid":"wxd46e99b7f83183e1","err_code":"ORDERNOTEXIST","err_code_des":"order not exist","mch_id":"1383580102","nonce_str":"4mnmdy8fiSAzYMvd","result_code":"FAIL","return_code":"SUCCESS","return_msg":"OK","sign":"D5162B297115769FD4CFA9E59B7FB8DB"}
[2017-05-17 12:11:11][debug] begin notify
[2017-05-17 12:11:11][debug] call back:{"appid":"wxd46e99b7f83183e1","bank_type":"CFT","cash_fee":"1","fee_type":"CNY","is_subscribe":"Y","mch_id":"1383580102","nonce_str":"nvafc3051efs9nhhmttzx8gowjyoboy3","openid":"ovxXWv5Ldfh1B4nho4C-Jz6Kgma0","out_trade_no":"201705171106383935","result_code":"SUCCESS","return_code":"SUCCESS","sign":"E61A03D7F0611E29E7808AB59C0CA01F","time_end":"20170517110654","total_fee":"1","trade_type":"JSAPI","transaction_id":"4005242001201705171201532232"}
[2017-05-17 12:11:13][debug] query:{"appid":"wxd46e99b7f83183e1","err_code":"ORDERNOTEXIST","err_code_des":"order not exist","mch_id":"1383580102","nonce_str":"vFeWrBQwq8yrtnDd","result_code":"FAIL","return_code":"SUCCESS","return_msg":"OK","sign":"E9245129E1C4F3D552D3310038E622A5"}
[2017-05-17 12:41:15][debug] begin notify
[2017-05-17 12:41:15][debug] call back:{"appid":"wxd46e99b7f83183e1","bank_type":"CFT","cash_fee":"1","fee_type":"CNY","is_subscribe":"Y","mch_id":"1383580102","nonce_str":"nvafc3051efs9nhhmttzx8gowjyoboy3","openid":"ovxXWv5Ldfh1B4nho4C-Jz6Kgma0","out_trade_no":"201705171106383935","result_code":"SUCCESS","return_code":"SUCCESS","sign":"E61A03D7F0611E29E7808AB59C0CA01F","time_end":"20170517110654","total_fee":"1","trade_type":"JSAPI","transaction_id":"4005242001201705171201532232"}
[2017-05-17 12:41:17][debug] query:{"appid":"wxd46e99b7f83183e1","err_code":"ORDERNOTEXIST","err_code_des":"order not exist","mch_id":"1383580102","nonce_str":"OItHGpPiEkKrpJkl","result_code":"FAIL","return_code":"SUCCESS","return_msg":"OK","sign":"2CFFA05ECA1FDA1D72138FD0E60F58C9"}
[2017-05-17 13:11:18][debug] begin notify
[2017-05-17 13:11:18][debug] call back:{"appid":"wxd46e99b7f83183e1","bank_type":"CFT","cash_fee":"1","fee_type":"CNY","is_subscribe":"Y","mch_id":"1383580102","nonce_str":"nvafc3051efs9nhhmttzx8gowjyoboy3","openid":"ovxXWv5Ldfh1B4nho4C-Jz6Kgma0","out_trade_no":"201705171106383935","result_code":"SUCCESS","return_code":"SUCCESS","sign":"E61A03D7F0611E29E7808AB59C0CA01F","time_end":"20170517110654","total_fee":"1","trade_type":"JSAPI","transaction_id":"4005242001201705171201532232"}
[2017-05-17 13:11:20][debug] query:{"appid":"wxd46e99b7f83183e1","err_code":"ORDERNOTEXIST","err_code_des":"order not exist","mch_id":"1383580102","nonce_str":"zAkAtAb3H8zOy0II","result_code":"FAIL","return_code":"SUCCESS","return_msg":"OK","sign":"4DB56C00CAC5DE86091EB5A78E9211C4"}
[2017-05-17 14:11:21][debug] begin notify
[2017-05-17 14:11:21][debug] call back:{"appid":"wxd46e99b7f83183e1","bank_type":"CFT","cash_fee":"1","fee_type":"CNY","is_subscribe":"Y","mch_id":"1383580102","nonce_str":"nvafc3051efs9nhhmttzx8gowjyoboy3","openid":"ovxXWv5Ldfh1B4nho4C-Jz6Kgma0","out_trade_no":"201705171106383935","result_code":"SUCCESS","return_code":"SUCCESS","sign":"E61A03D7F0611E29E7808AB59C0CA01F","time_end":"20170517110654","total_fee":"1","trade_type":"JSAPI","transaction_id":"4005242001201705171201532232"}
[2017-05-17 14:11:23][debug] query:{"appid":"wxd46e99b7f83183e1","err_code":"ORDERNOTEXIST","err_code_des":"order not exist","mch_id":"1383580102","nonce_str":"gF1gxFRkDeVNGL99","result_code":"FAIL","return_code":"SUCCESS","return_msg":"OK","sign":"3C42C9BB6574C581617CB4BB6A0614E8"}
[2017-05-17 18:08:57][debug] begin notify
[2017-05-17 18:08:57][debug] call back:{"appid":"wxd46e99b7f83183e1","bank_type":"CFT","cash_fee":"1","fee_type":"CNY","is_subscribe":"Y","mch_id":"1383580102","nonce_str":"6r6lxzsbqt644dfabpoywov5qfxf33a5","openid":"ovxXWv5Ldfh1B4nho4C-Jz6Kgma0","out_trade_no":"201705171808463629","result_code":"SUCCESS","return_code":"SUCCESS","sign":"50857148C5B91DE1860B97AEBD10EB3F","time_end":"20170517180856","total_fee":"1","trade_type":"JSAPI","transaction_id":"4005242001201705171254944060"}
[2017-05-17 18:08:59][debug] query:{"appid":"wxd46e99b7f83183e1","err_code":"ORDERNOTEXIST","err_code_des":"order not exist","mch_id":"1383580102","nonce_str":"xXc3i1GK56EzMFFV","result_code":"FAIL","return_code":"SUCCESS","return_msg":"OK","sign":"6027877B3619397C8B359A2F5020C9AE"}
[2017-05-17 18:09:01][debug] begin notify
[2017-05-17 18:09:03][debug] query:{"appid":"wxd46e99b7f83183e1","attach":[],"bank_type":"CFT","cash_fee":"1","fee_type":"CNY","is_subscribe":"Y","mch_id":"1383580102","nonce_str":"3KgCcokTAxoT7ugU","openid":"ovxXWv5Ldfh1B4nho4C-Jz6Kgma0","out_trade_no":"201705171808463629","result_code":"SUCCESS","return_code":"SUCCESS","return_msg":"OK","sign":"F0572B4E9ABD53F36C87123665CA946F","time_end":"20170517180856","total_fee":"1","trade_state":"SUCCESS","trade_type":"JSAPI","transaction_id":"4005242001201705171254944060"}
[2017-05-17 18:09:15][debug] begin notify
[2017-05-17 18:09:15][debug] call back:{"appid":"wxd46e99b7f83183e1","bank_type":"CFT","cash_fee":"1","fee_type":"CNY","is_subscribe":"Y","mch_id":"1383580102","nonce_str":"6r6lxzsbqt644dfabpoywov5qfxf33a5","openid":"ovxXWv5Ldfh1B4nho4C-Jz6Kgma0","out_trade_no":"201705171808463629","result_code":"SUCCESS","return_code":"SUCCESS","sign":"50857148C5B91DE1860B97AEBD10EB3F","time_end":"20170517180856","total_fee":"1","trade_type":"JSAPI","transaction_id":"4005242001201705171254944060"}
[2017-05-17 18:09:16][debug] query:{"appid":"wxd46e99b7f83183e1","err_code":"ORDERNOTEXIST","err_code_des":"order not exist","mch_id":"1383580102","nonce_str":"7wmDfkFp5DZr8nJO","result_code":"FAIL","return_code":"SUCCESS","return_msg":"OK","sign":"9E96C6C021BA6CF188F6A69A47A4452B"}
[2017-05-17 18:09:32][debug] begin notify
[2017-05-17 18:09:32][debug] call back:{"appid":"wxd46e99b7f83183e1","bank_type":"CFT","cash_fee":"1","fee_type":"CNY","is_subscribe":"Y","mch_id":"1383580102","nonce_str":"6r6lxzsbqt644dfabpoywov5qfxf33a5","openid":"ovxXWv5Ldfh1B4nho4C-Jz6Kgma0","out_trade_no":"201705171808463629","result_code":"SUCCESS","return_code":"SUCCESS","sign":"50857148C5B91DE1860B97AEBD10EB3F","time_end":"20170517180856","total_fee":"1","trade_type":"JSAPI","transaction_id":"4005242001201705171254944060"}
[2017-05-17 18:09:34][debug] query:{"appid":"wxd46e99b7f83183e1","err_code":"ORDERNOTEXIST","err_code_des":"order not exist","mch_id":"1383580102","nonce_str":"8kCSVkpb7gfJTs8p","result_code":"FAIL","return_code":"SUCCESS","return_msg":"OK","sign":"7A182E7D69EE7F2D79003158C91AA8D2"}
[2017-05-17 18:10:06][debug] begin notify
[2017-05-17 18:10:06][debug] call back:{"appid":"wxd46e99b7f83183e1","bank_type":"CFT","cash_fee":"1","fee_type":"CNY","is_subscribe":"Y","mch_id":"1383580102","nonce_str":"6r6lxzsbqt644dfabpoywov5qfxf33a5","openid":"ovxXWv5Ldfh1B4nho4C-Jz6Kgma0","out_trade_no":"201705171808463629","result_code":"SUCCESS","return_code":"SUCCESS","sign":"50857148C5B91DE1860B97AEBD10EB3F","time_end":"20170517180856","total_fee":"1","trade_type":"JSAPI","transaction_id":"4005242001201705171254944060"}
[2017-05-17 18:10:07][debug] query:{"appid":"wxd46e99b7f83183e1","err_code":"ORDERNOTEXIST","err_code_des":"order not exist","mch_id":"1383580102","nonce_str":"8vzmh2EOoOPvs0nt","result_code":"FAIL","return_code":"SUCCESS","return_msg":"OK","sign":"E85CA8926BC51C970CED511BCD649703"}
[2017-05-17 18:10:18][debug] begin notify
[2017-05-17 18:10:18][debug] call back:{"appid":"wxd46e99b7f83183e1","bank_type":"CFT","cash_fee":"1","fee_type":"CNY","is_subscribe":"Y","mch_id":"1383580102","nonce_str":"9l9qmxk8yvo38z9xvb6scfej7gmktraf","openid":"ovxXWv5Ldfh1B4nho4C-Jz6Kgma0","out_trade_no":"201705171810089487","result_code":"SUCCESS","return_code":"SUCCESS","sign":"E9E717DC1769344D72EF585043F7776B","time_end":"20170517181017","total_fee":"1","trade_type":"JSAPI","transaction_id":"4005242001201705171253896048"}
[2017-05-17 18:10:19][debug] begin notify
[2017-05-17 18:10:19][debug] query:{"appid":"wxd46e99b7f83183e1","err_code":"ORDERNOTEXIST","err_code_des":"order not exist","mch_id":"1383580102","nonce_str":"jpITM1FWOtgmHpeJ","result_code":"FAIL","return_code":"SUCCESS","return_msg":"OK","sign":"889BB4EDE0D640E10E33AF51CF6F3817"}
[2017-05-17 18:10:21][debug] query:{"appid":"wxd46e99b7f83183e1","attach":[],"bank_type":"CFT","cash_fee":"1","fee_type":"CNY","is_subscribe":"Y","mch_id":"1383580102","nonce_str":"VQZawIzPrCMy7wKR","openid":"ovxXWv5Ldfh1B4nho4C-Jz6Kgma0","out_trade_no":"201705171810089487","result_code":"SUCCESS","return_code":"SUCCESS","return_msg":"OK","sign":"7CEC18243CE0A6D29CDBB50E16A0CE14","time_end":"20170517181017","total_fee":"1","trade_state":"SUCCESS","trade_type":"JSAPI","transaction_id":"4005242001201705171253896048"}
[2017-05-17 18:10:35][debug] begin notify
[2017-05-17 18:10:35][debug] call back:{"appid":"wxd46e99b7f83183e1","bank_type":"CFT","cash_fee":"1","fee_type":"CNY","is_subscribe":"Y","mch_id":"1383580102","nonce_str":"9l9qmxk8yvo38z9xvb6scfej7gmktraf","openid":"ovxXWv5Ldfh1B4nho4C-Jz6Kgma0","out_trade_no":"201705171810089487","result_code":"SUCCESS","return_code":"SUCCESS","sign":"E9E717DC1769344D72EF585043F7776B","time_end":"20170517181017","total_fee":"1","trade_type":"JSAPI","transaction_id":"4005242001201705171253896048"}
[2017-05-17 18:10:37][debug] query:{"appid":"wxd46e99b7f83183e1","err_code":"ORDERNOTEXIST","err_code_des":"order not exist","mch_id":"1383580102","nonce_str":"eK0z04dlM5gREKh4","result_code":"FAIL","return_code":"SUCCESS","return_msg":"OK","sign":"47F9B272CE77B9FE4F3643AB1C753203"}
[2017-05-17 18:10:54][debug] begin notify
[2017-05-17 18:10:54][debug] call back:{"appid":"wxd46e99b7f83183e1","bank_type":"CFT","cash_fee":"1","fee_type":"CNY","is_subscribe":"Y","mch_id":"1383580102","nonce_str":"9l9qmxk8yvo38z9xvb6scfej7gmktraf","openid":"ovxXWv5Ldfh1B4nho4C-Jz6Kgma0","out_trade_no":"201705171810089487","result_code":"SUCCESS","return_code":"SUCCESS","sign":"E9E717DC1769344D72EF585043F7776B","time_end":"20170517181017","total_fee":"1","trade_type":"JSAPI","transaction_id":"4005242001201705171253896048"}
[2017-05-17 18:10:56][debug] query:{"appid":"wxd46e99b7f83183e1","err_code":"ORDERNOTEXIST","err_code_des":"order not exist","mch_id":"1383580102","nonce_str":"Iq5kQT70pfTHH45T","result_code":"FAIL","return_code":"SUCCESS","return_msg":"OK","sign":"1CD8CEA61BAF3E38CFC9CD6550D32685"}
[2017-05-17 18:11:29][debug] begin notify
[2017-05-17 18:11:29][debug] call back:{"appid":"wxd46e99b7f83183e1","bank_type":"CFT","cash_fee":"1","fee_type":"CNY","is_subscribe":"Y","mch_id":"1383580102","nonce_str":"9l9qmxk8yvo38z9xvb6scfej7gmktraf","openid":"ovxXWv5Ldfh1B4nho4C-Jz6Kgma0","out_trade_no":"201705171810089487","result_code":"SUCCESS","return_code":"SUCCESS","sign":"E9E717DC1769344D72EF585043F7776B","time_end":"20170517181017","total_fee":"1","trade_type":"JSAPI","transaction_id":"4005242001201705171253896048"}
[2017-05-17 18:11:30][debug] query:{"appid":"wxd46e99b7f83183e1","err_code":"ORDERNOTEXIST","err_code_des":"order not exist","mch_id":"1383580102","nonce_str":"cScplvG2I99gzvpT","result_code":"FAIL","return_code":"SUCCESS","return_msg":"OK","sign":"7C4C69A9BA2D1160F46BCEE33E2D4180"}
[2017-05-17 18:13:09][debug] begin notify
[2017-05-17 18:13:09][debug] call back:{"appid":"wxd46e99b7f83183e1","bank_type":"CFT","cash_fee":"1","fee_type":"CNY","is_subscribe":"Y","mch_id":"1383580102","nonce_str":"6r6lxzsbqt644dfabpoywov5qfxf33a5","openid":"ovxXWv5Ldfh1B4nho4C-Jz6Kgma0","out_trade_no":"201705171808463629","result_code":"SUCCESS","return_code":"SUCCESS","sign":"50857148C5B91DE1860B97AEBD10EB3F","time_end":"20170517180856","total_fee":"1","trade_type":"JSAPI","transaction_id":"4005242001201705171254944060"}
[2017-05-17 18:13:11][debug] query:{"appid":"wxd46e99b7f83183e1","err_code":"ORDERNOTEXIST","err_code_des":"order not exist","mch_id":"1383580102","nonce_str":"ZUEUNzhhRw4aaZSF","result_code":"FAIL","return_code":"SUCCESS","return_msg":"OK","sign":"297DB212B7DF5CB0F29277BACC5E1F43"}
[2017-05-17 18:14:31][debug] begin notify
[2017-05-17 18:14:32][debug] call back:{"appid":"wxd46e99b7f83183e1","bank_type":"CFT","cash_fee":"1","fee_type":"CNY","is_subscribe":"Y","mch_id":"1383580102","nonce_str":"9l9qmxk8yvo38z9xvb6scfej7gmktraf","openid":"ovxXWv5Ldfh1B4nho4C-Jz6Kgma0","out_trade_no":"201705171810089487","result_code":"SUCCESS","return_code":"SUCCESS","sign":"E9E717DC1769344D72EF585043F7776B","time_end":"20170517181017","total_fee":"1","trade_type":"JSAPI","transaction_id":"4005242001201705171253896048"}
[2017-05-17 18:14:33][debug] query:{"appid":"wxd46e99b7f83183e1","err_code":"ORDERNOTEXIST","err_code_des":"order not exist","mch_id":"1383580102","nonce_str":"aGRYjVd0s9wOiFLb","result_code":"FAIL","return_code":"SUCCESS","return_msg":"OK","sign":"78C88BBF180898B6E20AEEF34F6354FB"}
[2017-05-17 18:14:36][debug] begin notify
[2017-05-17 18:14:36][debug] call back:{"appid":"wxd46e99b7f83183e1","bank_type":"CFT","cash_fee":"1","fee_type":"CNY","is_subscribe":"Y","mch_id":"1383580102","nonce_str":"gh2sbih8l8mn44cnw6gr5bwykvkdk7t3","openid":"ovxXWv5Ldfh1B4nho4C-Jz6Kgma0","out_trade_no":"201705171814279349","result_code":"SUCCESS","return_code":"SUCCESS","sign":"7BD9761D11E236084E4D8F3B4550BAFC","time_end":"20170517181435","total_fee":"1","trade_type":"JSAPI","transaction_id":"4005242001201705171257047964"}
[2017-05-17 18:14:37][debug] begin notify
[2017-05-17 18:14:38][debug] query:{"appid":"wxd46e99b7f83183e1","err_code":"ORDERNOTEXIST","err_code_des":"order not exist","mch_id":"1383580102","nonce_str":"MVaGedqBy7ZHNRON","result_code":"FAIL","return_code":"SUCCESS","return_msg":"OK","sign":"88E0F7B2A01A709D6788715BE8ADC908"}
[2017-05-17 18:14:39][debug] query:{"appid":"wxd46e99b7f83183e1","attach":[],"bank_type":"CFT","cash_fee":"1","fee_type":"CNY","is_subscribe":"Y","mch_id":"1383580102","nonce_str":"uuwKxuTgt2uzhf87","openid":"ovxXWv5Ldfh1B4nho4C-Jz6Kgma0","out_trade_no":"201705171814279349","result_code":"SUCCESS","return_code":"SUCCESS","return_msg":"OK","sign":"CEE8A3816F52A3A82C1F28DC07036F8D","time_end":"20170517181435","total_fee":"1","trade_state":"SUCCESS","trade_type":"JSAPI","transaction_id":"4005242001201705171257047964"}
[2017-05-17 18:14:51][debug] begin notify
[2017-05-17 18:14:51][debug] call back:{"appid":"wxd46e99b7f83183e1","bank_type":"CFT","cash_fee":"1","fee_type":"CNY","is_subscribe":"Y","mch_id":"1383580102","nonce_str":"gh2sbih8l8mn44cnw6gr5bwykvkdk7t3","openid":"ovxXWv5Ldfh1B4nho4C-Jz6Kgma0","out_trade_no":"201705171814279349","result_code":"SUCCESS","return_code":"SUCCESS","sign":"7BD9761D11E236084E4D8F3B4550BAFC","time_end":"20170517181435","total_fee":"1","trade_type":"JSAPI","transaction_id":"4005242001201705171257047964"}
[2017-05-17 18:14:53][debug] query:{"appid":"wxd46e99b7f83183e1","err_code":"ORDERNOTEXIST","err_code_des":"order not exist","mch_id":"1383580102","nonce_str":"vadLHfOGEg3Yke33","result_code":"FAIL","return_code":"SUCCESS","return_msg":"OK","sign":"E123349D280C45F5286C1D2745897E17"}
[2017-05-17 18:15:10][debug] begin notify
[2017-05-17 18:15:10][debug] call back:{"appid":"wxd46e99b7f83183e1","bank_type":"CFT","cash_fee":"1","fee_type":"CNY","is_subscribe":"Y","mch_id":"1383580102","nonce_str":"gh2sbih8l8mn44cnw6gr5bwykvkdk7t3","openid":"ovxXWv5Ldfh1B4nho4C-Jz6Kgma0","out_trade_no":"201705171814279349","result_code":"SUCCESS","return_code":"SUCCESS","sign":"7BD9761D11E236084E4D8F3B4550BAFC","time_end":"20170517181435","total_fee":"1","trade_type":"JSAPI","transaction_id":"4005242001201705171257047964"}
[2017-05-17 18:15:12][debug] query:{"appid":"wxd46e99b7f83183e1","err_code":"ORDERNOTEXIST","err_code_des":"order not exist","mch_id":"1383580102","nonce_str":"daWpwRf1PwDYeh5a","result_code":"FAIL","return_code":"SUCCESS","return_msg":"OK","sign":"5BDD37E81CC537331A3102487D92EF9F"}
[2017-05-17 18:15:43][debug] begin notify
[2017-05-17 18:15:43][debug] call back:{"appid":"wxd46e99b7f83183e1","bank_type":"CFT","cash_fee":"1","fee_type":"CNY","is_subscribe":"Y","mch_id":"1383580102","nonce_str":"gh2sbih8l8mn44cnw6gr5bwykvkdk7t3","openid":"ovxXWv5Ldfh1B4nho4C-Jz6Kgma0","out_trade_no":"201705171814279349","result_code":"SUCCESS","return_code":"SUCCESS","sign":"7BD9761D11E236084E4D8F3B4550BAFC","time_end":"20170517181435","total_fee":"1","trade_type":"JSAPI","transaction_id":"4005242001201705171257047964"}
[2017-05-17 18:15:45][debug] query:{"appid":"wxd46e99b7f83183e1","err_code":"ORDERNOTEXIST","err_code_des":"order not exist","mch_id":"1383580102","nonce_str":"MLo1A37L02ae8abt","result_code":"FAIL","return_code":"SUCCESS","return_msg":"OK","sign":"8E4A685098F39F809F91685A4E03955E"}
[2017-05-17 18:18:47][debug] begin notify
[2017-05-17 18:18:47][debug] call back:{"appid":"wxd46e99b7f83183e1","bank_type":"CFT","cash_fee":"1","fee_type":"CNY","is_subscribe":"Y","mch_id":"1383580102","nonce_str":"gh2sbih8l8mn44cnw6gr5bwykvkdk7t3","openid":"ovxXWv5Ldfh1B4nho4C-Jz6Kgma0","out_trade_no":"201705171814279349","result_code":"SUCCESS","return_code":"SUCCESS","sign":"7BD9761D11E236084E4D8F3B4550BAFC","time_end":"20170517181435","total_fee":"1","trade_type":"JSAPI","transaction_id":"4005242001201705171257047964"}
[2017-05-17 18:18:49][debug] query:{"appid":"wxd46e99b7f83183e1","err_code":"ORDERNOTEXIST","err_code_des":"order not exist","mch_id":"1383580102","nonce_str":"rTpM06sE59arNGGR","result_code":"FAIL","return_code":"SUCCESS","return_msg":"OK","sign":"7BFA3DF25F4E1BFA035498FA1D37462A"}
[2017-05-17 18:43:12][debug] begin notify
[2017-05-17 18:43:12][debug] call back:{"appid":"wxd46e99b7f83183e1","bank_type":"CFT","cash_fee":"1","fee_type":"CNY","is_subscribe":"Y","mch_id":"1383580102","nonce_str":"6r6lxzsbqt644dfabpoywov5qfxf33a5","openid":"ovxXWv5Ldfh1B4nho4C-Jz6Kgma0","out_trade_no":"201705171808463629","result_code":"SUCCESS","return_code":"SUCCESS","sign":"50857148C5B91DE1860B97AEBD10EB3F","time_end":"20170517180856","total_fee":"1","trade_type":"JSAPI","transaction_id":"4005242001201705171254944060"}
[2017-05-17 18:43:14][debug] query:{"appid":"wxd46e99b7f83183e1","err_code":"ORDERNOTEXIST","err_code_des":"order not exist","mch_id":"1383580102","nonce_str":"5VuthL10PGA0LuYP","result_code":"FAIL","return_code":"SUCCESS","return_msg":"OK","sign":"A0383907A6AEBD040D911F571EEEB844"}
[2017-05-17 18:44:34][debug] begin notify
[2017-05-17 18:44:34][debug] call back:{"appid":"wxd46e99b7f83183e1","bank_type":"CFT","cash_fee":"1","fee_type":"CNY","is_subscribe":"Y","mch_id":"1383580102","nonce_str":"9l9qmxk8yvo38z9xvb6scfej7gmktraf","openid":"ovxXWv5Ldfh1B4nho4C-Jz6Kgma0","out_trade_no":"201705171810089487","result_code":"SUCCESS","return_code":"SUCCESS","sign":"E9E717DC1769344D72EF585043F7776B","time_end":"20170517181017","total_fee":"1","trade_type":"JSAPI","transaction_id":"4005242001201705171253896048"}
[2017-05-17 18:44:35][debug] query:{"appid":"wxd46e99b7f83183e1","err_code":"ORDERNOTEXIST","err_code_des":"order not exist","mch_id":"1383580102","nonce_str":"lw3yjFR8kwxiuCRr","result_code":"FAIL","return_code":"SUCCESS","return_msg":"OK","sign":"9D83F48AF74F2E43E6A86286D9BFAAA4"}
[2017-05-17 18:48:02][debug] begin notify
[2017-05-17 18:48:02][debug] call back:{"appid":"wxd46e99b7f83183e1","bank_type":"CFT","cash_fee":"1","fee_type":"CNY","is_subscribe":"Y","mch_id":"1383580102","nonce_str":"4zu5c8jmynw2hrr6buc5zc3hnrwyz40z","openid":"ovxXWv5Ldfh1B4nho4C-Jz6Kgma0","out_trade_no":"201705171847518350","result_code":"SUCCESS","return_code":"SUCCESS","sign":"B394A796E8AE1F881618A7B7FE18CC22","time_end":"20170517184801","total_fee":"1","trade_type":"JSAPI","transaction_id":"4005242001201705171264325016"}
[2017-05-17 18:48:03][debug] query:{"appid":"wxd46e99b7f83183e1","err_code":"ORDERNOTEXIST","err_code_des":"order not exist","mch_id":"1383580102","nonce_str":"K5K0BsrLa4hPi4nH","result_code":"FAIL","return_code":"SUCCESS","return_msg":"OK","sign":"864C6F03DDC7EB52E85C5189231CA38A"}
[2017-05-17 18:48:04][debug] begin notify
[2017-05-17 18:48:06][debug] query:{"appid":"wxd46e99b7f83183e1","attach":[],"bank_type":"CFT","cash_fee":"1","fee_type":"CNY","is_subscribe":"Y","mch_id":"1383580102","nonce_str":"XAljs4r04Y80jFdP","openid":"ovxXWv5Ldfh1B4nho4C-Jz6Kgma0","out_trade_no":"201705171847518350","result_code":"SUCCESS","return_code":"SUCCESS","return_msg":"OK","sign":"F3DC145D3287FC73D0A5B74668ABA1EF","time_end":"20170517184801","total_fee":"1","trade_state":"SUCCESS","trade_type":"JSAPI","transaction_id":"4005242001201705171264325016"}
[2017-05-17 18:48:18][debug] begin notify
[2017-05-17 18:48:18][debug] call back:{"appid":"wxd46e99b7f83183e1","bank_type":"CFT","cash_fee":"1","fee_type":"CNY","is_subscribe":"Y","mch_id":"1383580102","nonce_str":"4zu5c8jmynw2hrr6buc5zc3hnrwyz40z","openid":"ovxXWv5Ldfh1B4nho4C-Jz6Kgma0","out_trade_no":"201705171847518350","result_code":"SUCCESS","return_code":"SUCCESS","sign":"B394A796E8AE1F881618A7B7FE18CC22","time_end":"20170517184801","total_fee":"1","trade_type":"JSAPI","transaction_id":"4005242001201705171264325016"}
[2017-05-17 18:48:20][debug] query:{"appid":"wxd46e99b7f83183e1","err_code":"ORDERNOTEXIST","err_code_des":"order not exist","mch_id":"1383580102","nonce_str":"LDph0oy3DNuOpB4P","result_code":"FAIL","return_code":"SUCCESS","return_msg":"OK","sign":"132DFEE703C023AB49616031EAD15C53"}
[2017-05-17 18:48:37][debug] begin notify
[2017-05-17 18:48:37][debug] call back:{"appid":"wxd46e99b7f83183e1","bank_type":"CFT","cash_fee":"1","fee_type":"CNY","is_subscribe":"Y","mch_id":"1383580102","nonce_str":"4zu5c8jmynw2hrr6buc5zc3hnrwyz40z","openid":"ovxXWv5Ldfh1B4nho4C-Jz6Kgma0","out_trade_no":"201705171847518350","result_code":"SUCCESS","return_code":"SUCCESS","sign":"B394A796E8AE1F881618A7B7FE18CC22","time_end":"20170517184801","total_fee":"1","trade_type":"JSAPI","transaction_id":"4005242001201705171264325016"}
[2017-05-17 18:48:37][debug] query:{"appid":"wxd46e99b7f83183e1","err_code":"ORDERNOTEXIST","err_code_des":"order not exist","mch_id":"1383580102","nonce_str":"UwFqY5srFZyFfjQM","result_code":"FAIL","return_code":"SUCCESS","return_msg":"OK","sign":"09002B2E6EF6873B8AD22590D6FFF767"}
[2017-05-17 18:48:51][debug] begin notify
[2017-05-17 18:48:51][debug] call back:{"appid":"wxd46e99b7f83183e1","bank_type":"CFT","cash_fee":"1","fee_type":"CNY","is_subscribe":"Y","mch_id":"1383580102","nonce_str":"gh2sbih8l8mn44cnw6gr5bwykvkdk7t3","openid":"ovxXWv5Ldfh1B4nho4C-Jz6Kgma0","out_trade_no":"201705171814279349","result_code":"SUCCESS","return_code":"SUCCESS","sign":"7BD9761D11E236084E4D8F3B4550BAFC","time_end":"20170517181435","total_fee":"1","trade_type":"JSAPI","transaction_id":"4005242001201705171257047964"}
[2017-05-17 18:48:53][debug] query:{"appid":"wxd46e99b7f83183e1","err_code":"ORDERNOTEXIST","err_code_des":"order not exist","mch_id":"1383580102","nonce_str":"3801VwJaDTztjB14","result_code":"FAIL","return_code":"SUCCESS","return_msg":"OK","sign":"1210524CFE401FABBDA44A98D33F4B25"}
[2017-05-17 18:49:08][debug] begin notify
[2017-05-17 18:49:08][debug] call back:{"appid":"wxd46e99b7f83183e1","bank_type":"CFT","cash_fee":"1","fee_type":"CNY","is_subscribe":"Y","mch_id":"1383580102","nonce_str":"4zu5c8jmynw2hrr6buc5zc3hnrwyz40z","openid":"ovxXWv5Ldfh1B4nho4C-Jz6Kgma0","out_trade_no":"201705171847518350","result_code":"SUCCESS","return_code":"SUCCESS","sign":"B394A796E8AE1F881618A7B7FE18CC22","time_end":"20170517184801","total_fee":"1","trade_type":"JSAPI","transaction_id":"4005242001201705171264325016"}
[2017-05-17 18:49:10][debug] query:{"appid":"wxd46e99b7f83183e1","err_code":"ORDERNOTEXIST","err_code_des":"order not exist","mch_id":"1383580102","nonce_str":"oDrBgYNcoLBfAjnT","result_code":"FAIL","return_code":"SUCCESS","return_msg":"OK","sign":"F437DDD21CB23688F23C5489FD1F487D"}
[2017-05-17 18:52:11][debug] begin notify
[2017-05-17 18:52:11][debug] call back:{"appid":"wxd46e99b7f83183e1","bank_type":"CFT","cash_fee":"1","fee_type":"CNY","is_subscribe":"Y","mch_id":"1383580102","nonce_str":"4zu5c8jmynw2hrr6buc5zc3hnrwyz40z","openid":"ovxXWv5Ldfh1B4nho4C-Jz6Kgma0","out_trade_no":"201705171847518350","result_code":"SUCCESS","return_code":"SUCCESS","sign":"B394A796E8AE1F881618A7B7FE18CC22","time_end":"20170517184801","total_fee":"1","trade_type":"JSAPI","transaction_id":"4005242001201705171264325016"}
[2017-05-17 18:52:12][debug] query:{"appid":"wxd46e99b7f83183e1","err_code":"ORDERNOTEXIST","err_code_des":"order not exist","mch_id":"1383580102","nonce_str":"Eabt1QEmQoDnFD8r","result_code":"FAIL","return_code":"SUCCESS","return_msg":"OK","sign":"BF50FBA74935517F39F9BE722197E74D"}
[2017-05-17 19:13:16][debug] begin notify
[2017-05-17 19:13:16][debug] call back:{"appid":"wxd46e99b7f83183e1","bank_type":"CFT","cash_fee":"1","fee_type":"CNY","is_subscribe":"Y","mch_id":"1383580102","nonce_str":"6r6lxzsbqt644dfabpoywov5qfxf33a5","openid":"ovxXWv5Ldfh1B4nho4C-Jz6Kgma0","out_trade_no":"201705171808463629","result_code":"SUCCESS","return_code":"SUCCESS","sign":"50857148C5B91DE1860B97AEBD10EB3F","time_end":"20170517180856","total_fee":"1","trade_type":"JSAPI","transaction_id":"4005242001201705171254944060"}
[2017-05-17 19:13:18][debug] query:{"appid":"wxd46e99b7f83183e1","err_code":"ORDERNOTEXIST","err_code_des":"order not exist","mch_id":"1383580102","nonce_str":"HSk1CsXSZxogLDFG","result_code":"FAIL","return_code":"SUCCESS","return_msg":"OK","sign":"22D7FFDA64B5A96F7336EFFD60C4041B"}
[2017-05-17 19:14:37][debug] begin notify
[2017-05-17 19:14:37][debug] call back:{"appid":"wxd46e99b7f83183e1","bank_type":"CFT","cash_fee":"1","fee_type":"CNY","is_subscribe":"Y","mch_id":"1383580102","nonce_str":"9l9qmxk8yvo38z9xvb6scfej7gmktraf","openid":"ovxXWv5Ldfh1B4nho4C-Jz6Kgma0","out_trade_no":"201705171810089487","result_code":"SUCCESS","return_code":"SUCCESS","sign":"E9E717DC1769344D72EF585043F7776B","time_end":"20170517181017","total_fee":"1","trade_type":"JSAPI","transaction_id":"4005242001201705171253896048"}
[2017-05-17 19:14:38][debug] query:{"appid":"wxd46e99b7f83183e1","err_code":"ORDERNOTEXIST","err_code_des":"order not exist","mch_id":"1383580102","nonce_str":"Ug1mSG5la1dR73ra","result_code":"FAIL","return_code":"SUCCESS","return_msg":"OK","sign":"3942AA6700F4FAD8CBEB9C562FFCBBA0"}
[2017-05-17 19:18:55][debug] begin notify
[2017-05-17 19:18:55][debug] call back:{"appid":"wxd46e99b7f83183e1","bank_type":"CFT","cash_fee":"1","fee_type":"CNY","is_subscribe":"Y","mch_id":"1383580102","nonce_str":"gh2sbih8l8mn44cnw6gr5bwykvkdk7t3","openid":"ovxXWv5Ldfh1B4nho4C-Jz6Kgma0","out_trade_no":"201705171814279349","result_code":"SUCCESS","return_code":"SUCCESS","sign":"7BD9761D11E236084E4D8F3B4550BAFC","time_end":"20170517181435","total_fee":"1","trade_type":"JSAPI","transaction_id":"4005242001201705171257047964"}
[2017-05-17 19:18:56][debug] query:{"appid":"wxd46e99b7f83183e1","err_code":"ORDERNOTEXIST","err_code_des":"order not exist","mch_id":"1383580102","nonce_str":"8JPuGsQRlY9LCSnQ","result_code":"FAIL","return_code":"SUCCESS","return_msg":"OK","sign":"7602462138F4E0EBDCB7AA23253F591D"}
[2017-05-17 19:22:14][debug] begin notify
[2017-05-17 19:22:14][debug] call back:{"appid":"wxd46e99b7f83183e1","bank_type":"CFT","cash_fee":"1","fee_type":"CNY","is_subscribe":"Y","mch_id":"1383580102","nonce_str":"4zu5c8jmynw2hrr6buc5zc3hnrwyz40z","openid":"ovxXWv5Ldfh1B4nho4C-Jz6Kgma0","out_trade_no":"201705171847518350","result_code":"SUCCESS","return_code":"SUCCESS","sign":"B394A796E8AE1F881618A7B7FE18CC22","time_end":"20170517184801","total_fee":"1","trade_type":"JSAPI","transaction_id":"4005242001201705171264325016"}
[2017-05-17 19:22:16][debug] query:{"appid":"wxd46e99b7f83183e1","err_code":"ORDERNOTEXIST","err_code_des":"order not exist","mch_id":"1383580102","nonce_str":"7v5U72Ui5PSDFJmt","result_code":"FAIL","return_code":"SUCCESS","return_msg":"OK","sign":"F5BB70D74A2AFB8591D76636D5C67BF5"}
[2017-05-17 19:43:20][debug] begin notify
[2017-05-17 19:43:20][debug] call back:{"appid":"wxd46e99b7f83183e1","bank_type":"CFT","cash_fee":"1","fee_type":"CNY","is_subscribe":"Y","mch_id":"1383580102","nonce_str":"6r6lxzsbqt644dfabpoywov5qfxf33a5","openid":"ovxXWv5Ldfh1B4nho4C-Jz6Kgma0","out_trade_no":"201705171808463629","result_code":"SUCCESS","return_code":"SUCCESS","sign":"50857148C5B91DE1860B97AEBD10EB3F","time_end":"20170517180856","total_fee":"1","trade_type":"JSAPI","transaction_id":"4005242001201705171254944060"}
[2017-05-17 19:43:22][debug] query:{"appid":"wxd46e99b7f83183e1","err_code":"ORDERNOTEXIST","err_code_des":"order not exist","mch_id":"1383580102","nonce_str":"C7z49gmV891HIh11","result_code":"FAIL","return_code":"SUCCESS","return_msg":"OK","sign":"3E9DC03189E3DC549C0CE59F876891E3"}
[2017-05-17 19:44:40][debug] begin notify
[2017-05-17 19:44:40][debug] call back:{"appid":"wxd46e99b7f83183e1","bank_type":"CFT","cash_fee":"1","fee_type":"CNY","is_subscribe":"Y","mch_id":"1383580102","nonce_str":"9l9qmxk8yvo38z9xvb6scfej7gmktraf","openid":"ovxXWv5Ldfh1B4nho4C-Jz6Kgma0","out_trade_no":"201705171810089487","result_code":"SUCCESS","return_code":"SUCCESS","sign":"E9E717DC1769344D72EF585043F7776B","time_end":"20170517181017","total_fee":"1","trade_type":"JSAPI","transaction_id":"4005242001201705171253896048"}
[2017-05-17 19:44:42][debug] query:{"appid":"wxd46e99b7f83183e1","err_code":"ORDERNOTEXIST","err_code_des":"order not exist","mch_id":"1383580102","nonce_str":"1AjdN3et4lYDQZfx","result_code":"FAIL","return_code":"SUCCESS","return_msg":"OK","sign":"DEA40446649BF4CB33021193B1E2E563"}
[2017-05-17 19:48:57][debug] begin notify
[2017-05-17 19:48:57][debug] call back:{"appid":"wxd46e99b7f83183e1","bank_type":"CFT","cash_fee":"1","fee_type":"CNY","is_subscribe":"Y","mch_id":"1383580102","nonce_str":"gh2sbih8l8mn44cnw6gr5bwykvkdk7t3","openid":"ovxXWv5Ldfh1B4nho4C-Jz6Kgma0","out_trade_no":"201705171814279349","result_code":"SUCCESS","return_code":"SUCCESS","sign":"7BD9761D11E236084E4D8F3B4550BAFC","time_end":"20170517181435","total_fee":"1","trade_type":"JSAPI","transaction_id":"4005242001201705171257047964"}
[2017-05-17 19:48:59][debug] query:{"appid":"wxd46e99b7f83183e1","err_code":"ORDERNOTEXIST","err_code_des":"order not exist","mch_id":"1383580102","nonce_str":"3bFmSuWdTKsbsFOl","result_code":"FAIL","return_code":"SUCCESS","return_msg":"OK","sign":"2068C002188BEFC353B36178C0DFA485"}
[2017-05-17 19:52:17][debug] begin notify
[2017-05-17 19:52:17][debug] call back:{"appid":"wxd46e99b7f83183e1","bank_type":"CFT","cash_fee":"1","fee_type":"CNY","is_subscribe":"Y","mch_id":"1383580102","nonce_str":"4zu5c8jmynw2hrr6buc5zc3hnrwyz40z","openid":"ovxXWv5Ldfh1B4nho4C-Jz6Kgma0","out_trade_no":"201705171847518350","result_code":"SUCCESS","return_code":"SUCCESS","sign":"B394A796E8AE1F881618A7B7FE18CC22","time_end":"20170517184801","total_fee":"1","trade_type":"JSAPI","transaction_id":"4005242001201705171264325016"}
[2017-05-17 19:52:19][debug] query:{"appid":"wxd46e99b7f83183e1","err_code":"ORDERNOTEXIST","err_code_des":"order not exist","mch_id":"1383580102","nonce_str":"4oP6lEnOYgWV9PNL","result_code":"FAIL","return_code":"SUCCESS","return_msg":"OK","sign":"962B0094DF6988157DD5E3561260E300"}
[2017-05-17 20:13:24][debug] begin notify
[2017-05-17 20:13:24][debug] call back:{"appid":"wxd46e99b7f83183e1","bank_type":"CFT","cash_fee":"1","fee_type":"CNY","is_subscribe":"Y","mch_id":"1383580102","nonce_str":"6r6lxzsbqt644dfabpoywov5qfxf33a5","openid":"ovxXWv5Ldfh1B4nho4C-Jz6Kgma0","out_trade_no":"201705171808463629","result_code":"SUCCESS","return_code":"SUCCESS","sign":"50857148C5B91DE1860B97AEBD10EB3F","time_end":"20170517180856","total_fee":"1","trade_type":"JSAPI","transaction_id":"4005242001201705171254944060"}
[2017-05-17 20:13:25][debug] query:{"appid":"wxd46e99b7f83183e1","err_code":"ORDERNOTEXIST","err_code_des":"order not exist","mch_id":"1383580102","nonce_str":"BJ43oqVyppu0h3R2","result_code":"FAIL","return_code":"SUCCESS","return_msg":"OK","sign":"AA4D5826E9A8296F0007F9553A246737"}
[2017-05-17 20:14:44][debug] begin notify
[2017-05-17 20:14:44][debug] call back:{"appid":"wxd46e99b7f83183e1","bank_type":"CFT","cash_fee":"1","fee_type":"CNY","is_subscribe":"Y","mch_id":"1383580102","nonce_str":"9l9qmxk8yvo38z9xvb6scfej7gmktraf","openid":"ovxXWv5Ldfh1B4nho4C-Jz6Kgma0","out_trade_no":"201705171810089487","result_code":"SUCCESS","return_code":"SUCCESS","sign":"E9E717DC1769344D72EF585043F7776B","time_end":"20170517181017","total_fee":"1","trade_type":"JSAPI","transaction_id":"4005242001201705171253896048"}
[2017-05-17 20:14:46][debug] query:{"appid":"wxd46e99b7f83183e1","err_code":"ORDERNOTEXIST","err_code_des":"order not exist","mch_id":"1383580102","nonce_str":"O8vCmauNfkIXyJPV","result_code":"FAIL","return_code":"SUCCESS","return_msg":"OK","sign":"3527B04F0327575B4E3A0C9EB0E65941"}
[2017-05-17 20:19:02][debug] begin notify
[2017-05-17 20:19:02][debug] call back:{"appid":"wxd46e99b7f83183e1","bank_type":"CFT","cash_fee":"1","fee_type":"CNY","is_subscribe":"Y","mch_id":"1383580102","nonce_str":"gh2sbih8l8mn44cnw6gr5bwykvkdk7t3","openid":"ovxXWv5Ldfh1B4nho4C-Jz6Kgma0","out_trade_no":"201705171814279349","result_code":"SUCCESS","return_code":"SUCCESS","sign":"7BD9761D11E236084E4D8F3B4550BAFC","time_end":"20170517181435","total_fee":"1","trade_type":"JSAPI","transaction_id":"4005242001201705171257047964"}
[2017-05-17 20:19:03][debug] query:{"appid":"wxd46e99b7f83183e1","err_code":"ORDERNOTEXIST","err_code_des":"order not exist","mch_id":"1383580102","nonce_str":"o3PaFiQAMnFc8UWP","result_code":"FAIL","return_code":"SUCCESS","return_msg":"OK","sign":"9174EA28A6BBFCB24F56553C457DCCBA"}
[2017-05-17 20:22:21][debug] begin notify
[2017-05-17 20:22:21][debug] call back:{"appid":"wxd46e99b7f83183e1","bank_type":"CFT","cash_fee":"1","fee_type":"CNY","is_subscribe":"Y","mch_id":"1383580102","nonce_str":"4zu5c8jmynw2hrr6buc5zc3hnrwyz40z","openid":"ovxXWv5Ldfh1B4nho4C-Jz6Kgma0","out_trade_no":"201705171847518350","result_code":"SUCCESS","return_code":"SUCCESS","sign":"B394A796E8AE1F881618A7B7FE18CC22","time_end":"20170517184801","total_fee":"1","trade_type":"JSAPI","transaction_id":"4005242001201705171264325016"}
[2017-05-17 20:22:23][debug] query:{"appid":"wxd46e99b7f83183e1","err_code":"ORDERNOTEXIST","err_code_des":"order not exist","mch_id":"1383580102","nonce_str":"wUgqFgg5YVT3FVXf","result_code":"FAIL","return_code":"SUCCESS","return_msg":"OK","sign":"9293721275E45AC7C630344908EAC36C"}
[2017-05-17 20:52:25][debug] begin notify
[2017-05-17 20:52:25][debug] call back:{"appid":"wxd46e99b7f83183e1","bank_type":"CFT","cash_fee":"1","fee_type":"CNY","is_subscribe":"Y","mch_id":"1383580102","nonce_str":"4zu5c8jmynw2hrr6buc5zc3hnrwyz40z","openid":"ovxXWv5Ldfh1B4nho4C-Jz6Kgma0","out_trade_no":"201705171847518350","result_code":"SUCCESS","return_code":"SUCCESS","sign":"B394A796E8AE1F881618A7B7FE18CC22","time_end":"20170517184801","total_fee":"1","trade_type":"JSAPI","transaction_id":"4005242001201705171264325016"}
[2017-05-17 20:52:26][debug] query:{"appid":"wxd46e99b7f83183e1","err_code":"ORDERNOTEXIST","err_code_des":"order not exist","mch_id":"1383580102","nonce_str":"6OraKZb8zOU4EOyA","result_code":"FAIL","return_code":"SUCCESS","return_msg":"OK","sign":"11AF237407FEAB209A3E366392ADF4B2"}
[2017-05-17 21:13:28][debug] begin notify
[2017-05-17 21:13:28][debug] call back:{"appid":"wxd46e99b7f83183e1","bank_type":"CFT","cash_fee":"1","fee_type":"CNY","is_subscribe":"Y","mch_id":"1383580102","nonce_str":"6r6lxzsbqt644dfabpoywov5qfxf33a5","openid":"ovxXWv5Ldfh1B4nho4C-Jz6Kgma0","out_trade_no":"201705171808463629","result_code":"SUCCESS","return_code":"SUCCESS","sign":"50857148C5B91DE1860B97AEBD10EB3F","time_end":"20170517180856","total_fee":"1","trade_type":"JSAPI","transaction_id":"4005242001201705171254944060"}
[2017-05-17 21:13:30][debug] query:{"appid":"wxd46e99b7f83183e1","err_code":"ORDERNOTEXIST","err_code_des":"order not exist","mch_id":"1383580102","nonce_str":"HB5e1rHyV9A7kGJ4","result_code":"FAIL","return_code":"SUCCESS","return_msg":"OK","sign":"E9335AAACE03D43F92A90797EB95D52B"}
[2017-05-17 21:14:47][debug] begin notify
[2017-05-17 21:14:47][debug] call back:{"appid":"wxd46e99b7f83183e1","bank_type":"CFT","cash_fee":"1","fee_type":"CNY","is_subscribe":"Y","mch_id":"1383580102","nonce_str":"9l9qmxk8yvo38z9xvb6scfej7gmktraf","openid":"ovxXWv5Ldfh1B4nho4C-Jz6Kgma0","out_trade_no":"201705171810089487","result_code":"SUCCESS","return_code":"SUCCESS","sign":"E9E717DC1769344D72EF585043F7776B","time_end":"20170517181017","total_fee":"1","trade_type":"JSAPI","transaction_id":"4005242001201705171253896048"}
[2017-05-17 21:14:48][debug] query:{"appid":"wxd46e99b7f83183e1","err_code":"ORDERNOTEXIST","err_code_des":"order not exist","mch_id":"1383580102","nonce_str":"6v0u0cOnFyO6b4AS","result_code":"FAIL","return_code":"SUCCESS","return_msg":"OK","sign":"41A40B470EE26C51324D1857605A671B"}
[2017-05-17 21:19:05][debug] begin notify
[2017-05-17 21:19:05][debug] call back:{"appid":"wxd46e99b7f83183e1","bank_type":"CFT","cash_fee":"1","fee_type":"CNY","is_subscribe":"Y","mch_id":"1383580102","nonce_str":"gh2sbih8l8mn44cnw6gr5bwykvkdk7t3","openid":"ovxXWv5Ldfh1B4nho4C-Jz6Kgma0","out_trade_no":"201705171814279349","result_code":"SUCCESS","return_code":"SUCCESS","sign":"7BD9761D11E236084E4D8F3B4550BAFC","time_end":"20170517181435","total_fee":"1","trade_type":"JSAPI","transaction_id":"4005242001201705171257047964"}
[2017-05-17 21:19:06][debug] query:{"appid":"wxd46e99b7f83183e1","err_code":"ORDERNOTEXIST","err_code_des":"order not exist","mch_id":"1383580102","nonce_str":"AVRkXs8RmkTz0wr0","result_code":"FAIL","return_code":"SUCCESS","return_msg":"OK","sign":"D49AA276FDC05FF00B8E01C0D7448CA8"}
[2017-05-17 21:52:28][debug] begin notify
[2017-05-17 21:52:28][debug] call back:{"appid":"wxd46e99b7f83183e1","bank_type":"CFT","cash_fee":"1","fee_type":"CNY","is_subscribe":"Y","mch_id":"1383580102","nonce_str":"4zu5c8jmynw2hrr6buc5zc3hnrwyz40z","openid":"ovxXWv5Ldfh1B4nho4C-Jz6Kgma0","out_trade_no":"201705171847518350","result_code":"SUCCESS","return_code":"SUCCESS","sign":"B394A796E8AE1F881618A7B7FE18CC22","time_end":"20170517184801","total_fee":"1","trade_type":"JSAPI","transaction_id":"4005242001201705171264325016"}
[2017-05-17 21:52:30][debug] query:{"appid":"wxd46e99b7f83183e1","err_code":"ORDERNOTEXIST","err_code_des":"order not exist","mch_id":"1383580102","nonce_str":"bKV4d83jScPFlUcU","result_code":"FAIL","return_code":"SUCCESS","return_msg":"OK","sign":"2656101491335F7C5CDA7E79948E2D5A"}
