[2017-07-02 14:33:42][debug] begin notify
[2017-07-02 14:33:42][debug] call back:{"appid":"wxd46e99b7f83183e1","bank_type":"CFT","cash_fee":"100","fee_type":"CNY","is_subscribe":"Y","mch_id":"1383580102","nonce_str":"os2nns8rlwtdkvh947tdtw0kfmfhr1l5","openid":"ovxXWv5Ldfh1B4nho4C-Jz6Kgma0","out_trade_no":"2017070214334107","result_code":"SUCCESS","return_code":"SUCCESS","sign":"89CCD0D6C6E7162591DCF65514E47689","time_end":"20170702143342","total_fee":"100","trade_type":"JSAPI","transaction_id":"4005242001201707028498931787"}
[2017-07-02 14:33:42][debug] query:{"appid":"wxd46e99b7f83183e1","err_code":"ORDERNOTEXIST","err_code_des":"order not exist","mch_id":"1383580102","nonce_str":"pPjzQmBmFMyedk0F","result_code":"FAIL","return_code":"SUCCESS","return_msg":"OK","sign":"0EB1A47B03E78DE9C163019F602484FB"}
[2017-07-02 14:33:44][debug] begin notify
[2017-07-02 14:33:44][debug] query:{"appid":"wxd46e99b7f83183e1","attach":[],"bank_type":"CFT","cash_fee":"100","fee_type":"CNY","is_subscribe":"Y","mch_id":"1383580102","nonce_str":"5xadpwYtGA3pg5Sk","openid":"ovxXWv5Ldfh1B4nho4C-Jz6Kgma0","out_trade_no":"2017070214334107","result_code":"SUCCESS","return_code":"SUCCESS","return_msg":"OK","sign":"BA38D4384C4F68B4CFDD72B3D6F14C69","time_end":"20170702143342","total_fee":"100","trade_state":"SUCCESS","trade_type":"JSAPI","transaction_id":"4005242001201707028498931787"}
[2017-07-02 14:33:58][debug] begin notify
[2017-07-02 14:33:58][debug] call back:{"appid":"wxd46e99b7f83183e1","bank_type":"CFT","cash_fee":"100","fee_type":"CNY","is_subscribe":"Y","mch_id":"1383580102","nonce_str":"os2nns8rlwtdkvh947tdtw0kfmfhr1l5","openid":"ovxXWv5Ldfh1B4nho4C-Jz6Kgma0","out_trade_no":"2017070214334107","result_code":"SUCCESS","return_code":"SUCCESS","sign":"89CCD0D6C6E7162591DCF65514E47689","time_end":"20170702143342","total_fee":"100","trade_type":"JSAPI","transaction_id":"4005242001201707028498931787"}
[2017-07-02 14:33:59][debug] query:{"appid":"wxd46e99b7f83183e1","err_code":"ORDERNOTEXIST","err_code_des":"order not exist","mch_id":"1383580102","nonce_str":"lKfjAsyzinfgrCrT","result_code":"FAIL","return_code":"SUCCESS","return_msg":"OK","sign":"A1EF2A9260ACD163D1AFAFFDE76E9A2D"}
[2017-07-02 14:34:16][debug] begin notify
[2017-07-02 14:34:16][debug] call back:{"appid":"wxd46e99b7f83183e1","bank_type":"CFT","cash_fee":"100","fee_type":"CNY","is_subscribe":"Y","mch_id":"1383580102","nonce_str":"os2nns8rlwtdkvh947tdtw0kfmfhr1l5","openid":"ovxXWv5Ldfh1B4nho4C-Jz6Kgma0","out_trade_no":"2017070214334107","result_code":"SUCCESS","return_code":"SUCCESS","sign":"89CCD0D6C6E7162591DCF65514E47689","time_end":"20170702143342","total_fee":"100","trade_type":"JSAPI","transaction_id":"4005242001201707028498931787"}
[2017-07-02 14:34:16][debug] query:{"appid":"wxd46e99b7f83183e1","err_code":"ORDERNOTEXIST","err_code_des":"order not exist","mch_id":"1383580102","nonce_str":"FliijQjyyNHVrNfI","result_code":"FAIL","return_code":"SUCCESS","return_msg":"OK","sign":"678340E85C1181A1FD5B4E534093B4AE"}
[2017-07-02 14:34:48][debug] begin notify
[2017-07-02 14:34:48][debug] call back:{"appid":"wxd46e99b7f83183e1","bank_type":"CFT","cash_fee":"100","fee_type":"CNY","is_subscribe":"Y","mch_id":"1383580102","nonce_str":"os2nns8rlwtdkvh947tdtw0kfmfhr1l5","openid":"ovxXWv5Ldfh1B4nho4C-Jz6Kgma0","out_trade_no":"2017070214334107","result_code":"SUCCESS","return_code":"SUCCESS","sign":"89CCD0D6C6E7162591DCF65514E47689","time_end":"20170702143342","total_fee":"100","trade_type":"JSAPI","transaction_id":"4005242001201707028498931787"}
[2017-07-02 14:34:48][debug] query:{"appid":"wxd46e99b7f83183e1","err_code":"ORDERNOTEXIST","err_code_des":"order not exist","mch_id":"1383580102","nonce_str":"X2HtHfrlbO6rrE0g","result_code":"FAIL","return_code":"SUCCESS","return_msg":"OK","sign":"7E4403BBE852C64C2FB1337A4D9DDD10"}
[2017-07-02 14:37:50][debug] begin notify
[2017-07-02 14:37:50][debug] call back:{"appid":"wxd46e99b7f83183e1","bank_type":"CFT","cash_fee":"100","fee_type":"CNY","is_subscribe":"Y","mch_id":"1383580102","nonce_str":"os2nns8rlwtdkvh947tdtw0kfmfhr1l5","openid":"ovxXWv5Ldfh1B4nho4C-Jz6Kgma0","out_trade_no":"2017070214334107","result_code":"SUCCESS","return_code":"SUCCESS","sign":"89CCD0D6C6E7162591DCF65514E47689","time_end":"20170702143342","total_fee":"100","trade_type":"JSAPI","transaction_id":"4005242001201707028498931787"}
[2017-07-02 14:37:51][debug] query:{"appid":"wxd46e99b7f83183e1","err_code":"ORDERNOTEXIST","err_code_des":"order not exist","mch_id":"1383580102","nonce_str":"m5BcisSAi0q9H3sU","result_code":"FAIL","return_code":"SUCCESS","return_msg":"OK","sign":"E0F296301EDEC5FEDC2B4A76A5BACA10"}
[2017-07-02 14:47:07][debug] begin notify
[2017-07-02 14:47:07][debug] call back:{"appid":"wxd46e99b7f83183e1","bank_type":"CFT","cash_fee":"100","fee_type":"CNY","is_subscribe":"Y","mch_id":"1383580102","nonce_str":"8erg2xemxahb1r29g7x8chcdh91evbfn","openid":"ovxXWv5Ldfh1B4nho4C-Jz6Kgma0","out_trade_no":"2017070214472375","result_code":"SUCCESS","return_code":"SUCCESS","sign":"8BD0F124B0D6BB4873C20DA461AADA3E","time_end":"20170702144707","total_fee":"100","trade_type":"JSAPI","transaction_id":"4005242001201707028501345302"}
[2017-07-02 14:47:08][debug] query:{"appid":"wxd46e99b7f83183e1","err_code":"ORDERNOTEXIST","err_code_des":"order not exist","mch_id":"1383580102","nonce_str":"B36knVIAKR6jFkqJ","result_code":"FAIL","return_code":"SUCCESS","return_msg":"OK","sign":"28B3FBF84FA2C6CB47393F6A8070FA20"}
[2017-07-02 14:47:09][debug] begin notify
[2017-07-02 14:47:09][debug] query:{"appid":"wxd46e99b7f83183e1","attach":[],"bank_type":"CFT","cash_fee":"100","fee_type":"CNY","is_subscribe":"Y","mch_id":"1383580102","nonce_str":"vdHMY6qRdBzeB01m","openid":"ovxXWv5Ldfh1B4nho4C-Jz6Kgma0","out_trade_no":"2017070214472375","result_code":"SUCCESS","return_code":"SUCCESS","return_msg":"OK","sign":"8604FA5175CC11EED28B8673C0583A69","time_end":"20170702144707","total_fee":"100","trade_state":"SUCCESS","trade_type":"JSAPI","transaction_id":"4005242001201707028501345302"}
[2017-07-02 14:47:18][debug] begin notify
[2017-07-02 14:47:18][debug] call back:{"appid":"wxd46e99b7f83183e1","bank_type":"CFT","cash_fee":"100","fee_type":"CNY","is_subscribe":"Y","mch_id":"1383580102","nonce_str":"8erg2xemxahb1r29g7x8chcdh91evbfn","openid":"ovxXWv5Ldfh1B4nho4C-Jz6Kgma0","out_trade_no":"2017070214472375","result_code":"SUCCESS","return_code":"SUCCESS","sign":"8BD0F124B0D6BB4873C20DA461AADA3E","time_end":"20170702144707","total_fee":"100","trade_type":"JSAPI","transaction_id":"4005242001201707028501345302"}
[2017-07-02 14:47:19][debug] query:{"appid":"wxd46e99b7f83183e1","err_code":"ORDERNOTEXIST","err_code_des":"order not exist","mch_id":"1383580102","nonce_str":"T9P6xgwkpFTkfSYN","result_code":"FAIL","return_code":"SUCCESS","return_msg":"OK","sign":"26175F3DD1D77FFDF4D7591F9FDEF022"}
[2017-07-02 14:47:36][debug] begin notify
[2017-07-02 14:47:36][debug] call back:{"appid":"wxd46e99b7f83183e1","bank_type":"CFT","cash_fee":"100","fee_type":"CNY","is_subscribe":"Y","mch_id":"1383580102","nonce_str":"8erg2xemxahb1r29g7x8chcdh91evbfn","openid":"ovxXWv5Ldfh1B4nho4C-Jz6Kgma0","out_trade_no":"2017070214472375","result_code":"SUCCESS","return_code":"SUCCESS","sign":"8BD0F124B0D6BB4873C20DA461AADA3E","time_end":"20170702144707","total_fee":"100","trade_type":"JSAPI","transaction_id":"4005242001201707028501345302"}
[2017-07-02 14:47:36][debug] query:{"appid":"wxd46e99b7f83183e1","err_code":"ORDERNOTEXIST","err_code_des":"order not exist","mch_id":"1383580102","nonce_str":"bDazGQGPIxTIRY2T","result_code":"FAIL","return_code":"SUCCESS","return_msg":"OK","sign":"626733361E10BD4FA0D99B2D8163A0D4"}
[2017-07-02 14:48:09][debug] begin notify
[2017-07-02 14:48:09][debug] call back:{"appid":"wxd46e99b7f83183e1","bank_type":"CFT","cash_fee":"100","fee_type":"CNY","is_subscribe":"Y","mch_id":"1383580102","nonce_str":"8erg2xemxahb1r29g7x8chcdh91evbfn","openid":"ovxXWv5Ldfh1B4nho4C-Jz6Kgma0","out_trade_no":"2017070214472375","result_code":"SUCCESS","return_code":"SUCCESS","sign":"8BD0F124B0D6BB4873C20DA461AADA3E","time_end":"20170702144707","total_fee":"100","trade_type":"JSAPI","transaction_id":"4005242001201707028501345302"}
[2017-07-02 14:48:09][debug] query:{"appid":"wxd46e99b7f83183e1","err_code":"ORDERNOTEXIST","err_code_des":"order not exist","mch_id":"1383580102","nonce_str":"wWZpqqY1mCJSmfSI","result_code":"FAIL","return_code":"SUCCESS","return_msg":"OK","sign":"6E4D50B63EC8136412EE8D6AEF4A2598"}
[2017-07-02 14:51:11][debug] begin notify
[2017-07-02 14:51:11][debug] call back:{"appid":"wxd46e99b7f83183e1","bank_type":"CFT","cash_fee":"100","fee_type":"CNY","is_subscribe":"Y","mch_id":"1383580102","nonce_str":"8erg2xemxahb1r29g7x8chcdh91evbfn","openid":"ovxXWv5Ldfh1B4nho4C-Jz6Kgma0","out_trade_no":"2017070214472375","result_code":"SUCCESS","return_code":"SUCCESS","sign":"8BD0F124B0D6BB4873C20DA461AADA3E","time_end":"20170702144707","total_fee":"100","trade_type":"JSAPI","transaction_id":"4005242001201707028501345302"}
[2017-07-02 14:51:12][debug] query:{"appid":"wxd46e99b7f83183e1","err_code":"ORDERNOTEXIST","err_code_des":"order not exist","mch_id":"1383580102","nonce_str":"Ma6byOx7RSyqlsWm","result_code":"FAIL","return_code":"SUCCESS","return_msg":"OK","sign":"96DDDD07AD3F2ED7F39E18014EA453C3"}
[2017-07-02 15:04:10][debug] begin notify
[2017-07-02 15:04:11][debug] query:{"appid":"wxd46e99b7f83183e1","attach":[],"bank_type":"CFT","cash_fee":"100","fee_type":"CNY","is_subscribe":"Y","mch_id":"1383580102","nonce_str":"6zEClJmcnyiiJsLf","openid":"ovxXWv5Ldfh1B4nho4C-Jz6Kgma0","out_trade_no":"2017070214472375","result_code":"SUCCESS","return_code":"SUCCESS","return_msg":"OK","sign":"FBD7A7C739DFC290013B403EC6756D2C","time_end":"20170702144707","total_fee":"100","trade_state":"SUCCESS","trade_type":"JSAPI","transaction_id":"4005242001201707028501345302"}
[2017-07-02 15:07:53][debug] begin notify
[2017-07-02 15:07:53][debug] call back:{"appid":"wxd46e99b7f83183e1","bank_type":"CFT","cash_fee":"100","fee_type":"CNY","is_subscribe":"Y","mch_id":"1383580102","nonce_str":"os2nns8rlwtdkvh947tdtw0kfmfhr1l5","openid":"ovxXWv5Ldfh1B4nho4C-Jz6Kgma0","out_trade_no":"2017070214334107","result_code":"SUCCESS","return_code":"SUCCESS","sign":"89CCD0D6C6E7162591DCF65514E47689","time_end":"20170702143342","total_fee":"100","trade_type":"JSAPI","transaction_id":"4005242001201707028498931787"}
[2017-07-02 15:07:53][debug] query:{"appid":"wxd46e99b7f83183e1","err_code":"ORDERNOTEXIST","err_code_des":"order not exist","mch_id":"1383580102","nonce_str":"vOywNeAgxfz30Nqw","result_code":"FAIL","return_code":"SUCCESS","return_msg":"OK","sign":"9C1CBA21930FEA7F164483E31AD909E4"}
[2017-07-02 15:21:13][debug] begin notify
[2017-07-02 15:21:13][debug] call back:{"appid":"wxd46e99b7f83183e1","bank_type":"CFT","cash_fee":"100","fee_type":"CNY","is_subscribe":"Y","mch_id":"1383580102","nonce_str":"8erg2xemxahb1r29g7x8chcdh91evbfn","openid":"ovxXWv5Ldfh1B4nho4C-Jz6Kgma0","out_trade_no":"2017070214472375","result_code":"SUCCESS","return_code":"SUCCESS","sign":"8BD0F124B0D6BB4873C20DA461AADA3E","time_end":"20170702144707","total_fee":"100","trade_type":"JSAPI","transaction_id":"4005242001201707028501345302"}
[2017-07-02 15:21:13][debug] query:{"appid":"wxd46e99b7f83183e1","err_code":"ORDERNOTEXIST","err_code_des":"order not exist","mch_id":"1383580102","nonce_str":"cPoykH3Z2tzhs1bc","result_code":"FAIL","return_code":"SUCCESS","return_msg":"OK","sign":"1E0CA682719084C6AB195B4E947B6C0C"}
[2017-07-02 15:37:54][debug] begin notify
[2017-07-02 15:37:54][debug] call back:{"appid":"wxd46e99b7f83183e1","bank_type":"CFT","cash_fee":"100","fee_type":"CNY","is_subscribe":"Y","mch_id":"1383580102","nonce_str":"os2nns8rlwtdkvh947tdtw0kfmfhr1l5","openid":"ovxXWv5Ldfh1B4nho4C-Jz6Kgma0","out_trade_no":"2017070214334107","result_code":"SUCCESS","return_code":"SUCCESS","sign":"89CCD0D6C6E7162591DCF65514E47689","time_end":"20170702143342","total_fee":"100","trade_type":"JSAPI","transaction_id":"4005242001201707028498931787"}
[2017-07-02 15:37:54][debug] query:{"appid":"wxd46e99b7f83183e1","err_code":"ORDERNOTEXIST","err_code_des":"order not exist","mch_id":"1383580102","nonce_str":"4hGOknlMwH577tBZ","result_code":"FAIL","return_code":"SUCCESS","return_msg":"OK","sign":"D519FC140C207758CDCB116FD378AE9E"}
[2017-07-02 15:51:16][debug] begin notify
[2017-07-02 15:51:16][debug] call back:{"appid":"wxd46e99b7f83183e1","bank_type":"CFT","cash_fee":"100","fee_type":"CNY","is_subscribe":"Y","mch_id":"1383580102","nonce_str":"8erg2xemxahb1r29g7x8chcdh91evbfn","openid":"ovxXWv5Ldfh1B4nho4C-Jz6Kgma0","out_trade_no":"2017070214472375","result_code":"SUCCESS","return_code":"SUCCESS","sign":"8BD0F124B0D6BB4873C20DA461AADA3E","time_end":"20170702144707","total_fee":"100","trade_type":"JSAPI","transaction_id":"4005242001201707028501345302"}
[2017-07-02 15:51:16][debug] query:{"appid":"wxd46e99b7f83183e1","err_code":"ORDERNOTEXIST","err_code_des":"order not exist","mch_id":"1383580102","nonce_str":"Tuz1nVWQGA9xJ2D5","result_code":"FAIL","return_code":"SUCCESS","return_msg":"OK","sign":"B08F7A4798488742C4552A8F19A2756B"}
[2017-07-02 16:07:57][debug] begin notify
[2017-07-02 16:07:57][debug] call back:{"appid":"wxd46e99b7f83183e1","bank_type":"CFT","cash_fee":"100","fee_type":"CNY","is_subscribe":"Y","mch_id":"1383580102","nonce_str":"os2nns8rlwtdkvh947tdtw0kfmfhr1l5","openid":"ovxXWv5Ldfh1B4nho4C-Jz6Kgma0","out_trade_no":"2017070214334107","result_code":"SUCCESS","return_code":"SUCCESS","sign":"89CCD0D6C6E7162591DCF65514E47689","time_end":"20170702143342","total_fee":"100","trade_type":"JSAPI","transaction_id":"4005242001201707028498931787"}
[2017-07-02 16:07:57][debug] query:{"appid":"wxd46e99b7f83183e1","err_code":"ORDERNOTEXIST","err_code_des":"order not exist","mch_id":"1383580102","nonce_str":"4b8DjMKO3wnmriUz","result_code":"FAIL","return_code":"SUCCESS","return_msg":"OK","sign":"38C3F91BDD2393DD161AD5D1E83F5B67"}
[2017-07-02 16:12:18][debug] begin notify
[2017-07-02 16:12:18][debug] query:{"appid":"wxd46e99b7f83183e1","attach":[],"bank_type":"CFT","cash_fee":"100","fee_type":"CNY","is_subscribe":"Y","mch_id":"1383580102","nonce_str":"vf5A0l37EHwxxzVu","openid":"ovxXWv5Ldfh1B4nho4C-Jz6Kgma0","out_trade_no":"2017070214472375","result_code":"SUCCESS","return_code":"SUCCESS","return_msg":"OK","sign":"7DBBA9BD7C00F66F4B8F07D47BD710E0","time_end":"20170702144707","total_fee":"100","trade_state":"SUCCESS","trade_type":"JSAPI","transaction_id":"4005242001201707028501345302"}
[2017-07-02 16:19:37][debug] begin notify
[2017-07-02 16:19:37][debug] query:{"appid":"wxd46e99b7f83183e1","attach":[],"bank_type":"CFT","cash_fee":"100","fee_type":"CNY","is_subscribe":"Y","mch_id":"1383580102","nonce_str":"QSweq8jN7kO7eMsJ","openid":"ovxXWv5Ldfh1B4nho4C-Jz6Kgma0","out_trade_no":"2017070214472375","result_code":"SUCCESS","return_code":"SUCCESS","return_msg":"OK","sign":"591642CB5B38AF5D9891DF2748C089CC","time_end":"20170702144707","total_fee":"100","trade_state":"SUCCESS","trade_type":"JSAPI","transaction_id":"4005242001201707028501345302"}
[2017-07-02 16:21:19][debug] begin notify
[2017-07-02 16:21:19][debug] call back:{"appid":"wxd46e99b7f83183e1","bank_type":"CFT","cash_fee":"100","fee_type":"CNY","is_subscribe":"Y","mch_id":"1383580102","nonce_str":"8erg2xemxahb1r29g7x8chcdh91evbfn","openid":"ovxXWv5Ldfh1B4nho4C-Jz6Kgma0","out_trade_no":"2017070214472375","result_code":"SUCCESS","return_code":"SUCCESS","sign":"8BD0F124B0D6BB4873C20DA461AADA3E","time_end":"20170702144707","total_fee":"100","trade_type":"JSAPI","transaction_id":"4005242001201707028501345302"}
[2017-07-02 16:21:19][debug] query:{"appid":"wxd46e99b7f83183e1","err_code":"ORDERNOTEXIST","err_code_des":"order not exist","mch_id":"1383580102","nonce_str":"oTa9Z9fnk8tHEfIQ","result_code":"FAIL","return_code":"SUCCESS","return_msg":"OK","sign":"76A121B8CC77C57B3CC9F66DE47CE290"}
[2017-07-02 16:21:48][debug] begin notify
[2017-07-02 16:21:48][debug] query:{"appid":"wxd46e99b7f83183e1","attach":[],"bank_type":"CFT","cash_fee":"100","fee_type":"CNY","is_subscribe":"Y","mch_id":"1383580102","nonce_str":"C9zYkbDqMtRQeOQI","openid":"ovxXWv5Ldfh1B4nho4C-Jz6Kgma0","out_trade_no":"2017070214472375","result_code":"SUCCESS","return_code":"SUCCESS","return_msg":"OK","sign":"075A9892F9EAFD22D0205435096D1306","time_end":"20170702144707","total_fee":"100","trade_state":"SUCCESS","trade_type":"JSAPI","transaction_id":"4005242001201707028501345302"}
[2017-07-02 16:26:02][debug] begin notify
[2017-07-02 16:26:03][debug] query:{"appid":"wxd46e99b7f83183e1","attach":[],"bank_type":"CFT","cash_fee":"100","fee_type":"CNY","is_subscribe":"Y","mch_id":"1383580102","nonce_str":"v2gCd5mGMxZP7AM4","openid":"ovxXWv5Ldfh1B4nho4C-Jz6Kgma0","out_trade_no":"2017070214472375","result_code":"SUCCESS","return_code":"SUCCESS","return_msg":"OK","sign":"7D086BD06A846440849C0EA5864084A3","time_end":"20170702144707","total_fee":"100","trade_state":"SUCCESS","trade_type":"JSAPI","transaction_id":"4005242001201707028501345302"}
[2017-07-02 16:28:30][debug] begin notify
[2017-07-02 16:28:31][debug] query:{"appid":"wxd46e99b7f83183e1","attach":[],"bank_type":"CFT","cash_fee":"100","fee_type":"CNY","is_subscribe":"Y","mch_id":"1383580102","nonce_str":"pI6RcGr1hDwQOpmS","openid":"ovxXWv5Ldfh1B4nho4C-Jz6Kgma0","out_trade_no":"2017070214472375","result_code":"SUCCESS","return_code":"SUCCESS","return_msg":"OK","sign":"ECBAD835C6A6DD4AC75F99648922A895","time_end":"20170702144707","total_fee":"100","trade_state":"SUCCESS","trade_type":"JSAPI","transaction_id":"4005242001201707028501345302"}
[2017-07-02 16:29:08][debug] begin notify
[2017-07-02 16:29:08][debug] query:{"appid":"wxd46e99b7f83183e1","attach":[],"bank_type":"CFT","cash_fee":"100","fee_type":"CNY","is_subscribe":"Y","mch_id":"1383580102","nonce_str":"krFb4VndXMGgVrXy","openid":"ovxXWv5Ldfh1B4nho4C-Jz6Kgma0","out_trade_no":"2017070214472375","result_code":"SUCCESS","return_code":"SUCCESS","return_msg":"OK","sign":"DA380691DB2A7FFCC2B6C2E29247268B","time_end":"20170702144707","total_fee":"100","trade_state":"SUCCESS","trade_type":"JSAPI","transaction_id":"4005242001201707028501345302"}
[2017-07-02 16:30:55][debug] begin notify
[2017-07-02 16:30:55][debug] query:{"appid":"wxd46e99b7f83183e1","attach":[],"bank_type":"CFT","cash_fee":"100","fee_type":"CNY","is_subscribe":"Y","mch_id":"1383580102","nonce_str":"uOWgbOf3T2knzbr0","openid":"ovxXWv5Ldfh1B4nho4C-Jz6Kgma0","out_trade_no":"2017070214472375","result_code":"SUCCESS","return_code":"SUCCESS","return_msg":"OK","sign":"6C18E8EF77FEA3A580F957C03C9E0E5F","time_end":"20170702144707","total_fee":"100","trade_state":"SUCCESS","trade_type":"JSAPI","transaction_id":"4005242001201707028501345302"}
[2017-07-02 16:37:59][debug] begin notify
[2017-07-02 16:37:59][debug] call back:{"appid":"wxd46e99b7f83183e1","bank_type":"CFT","cash_fee":"100","fee_type":"CNY","is_subscribe":"Y","mch_id":"1383580102","nonce_str":"os2nns8rlwtdkvh947tdtw0kfmfhr1l5","openid":"ovxXWv5Ldfh1B4nho4C-Jz6Kgma0","out_trade_no":"2017070214334107","result_code":"SUCCESS","return_code":"SUCCESS","sign":"89CCD0D6C6E7162591DCF65514E47689","time_end":"20170702143342","total_fee":"100","trade_type":"JSAPI","transaction_id":"4005242001201707028498931787"}
[2017-07-02 16:37:59][debug] query:{"appid":"wxd46e99b7f83183e1","err_code":"ORDERNOTEXIST","err_code_des":"order not exist","mch_id":"1383580102","nonce_str":"mgfes2ymWp4BAmIc","result_code":"FAIL","return_code":"SUCCESS","return_msg":"OK","sign":"4ACDE2CB070CCD4A0A2818C74316C7A6"}
[2017-07-02 16:43:33][debug] begin notify
[2017-07-02 16:43:33][debug] call back:{"appid":"wxd46e99b7f83183e1","bank_type":"CFT","cash_fee":"100","fee_type":"CNY","is_subscribe":"Y","mch_id":"1383580102","nonce_str":"uoh2rfy3iwsaiq10djsm1q4zwnuqq6rx","openid":"ovxXWv5Ldfh1B4nho4C-Jz6Kgma0","out_trade_no":"201707021643244133","result_code":"SUCCESS","return_code":"SUCCESS","sign":"8085A495A9F51C2958EF0368F9DE6A63","time_end":"20170702164333","total_fee":"100","trade_type":"JSAPI","transaction_id":"4005242001201707028520480539"}
[2017-07-02 16:43:33][debug] query:{"appid":"wxd46e99b7f83183e1","err_code":"ORDERNOTEXIST","err_code_des":"order not exist","mch_id":"1383580102","nonce_str":"6fSfdFPhyatDoup4","result_code":"FAIL","return_code":"SUCCESS","return_msg":"OK","sign":"93D508FA7D537670D3AF5F644F8BDBA3"}
[2017-07-02 16:43:35][debug] begin notify
[2017-07-02 16:43:35][debug] query:{"appid":"wxd46e99b7f83183e1","attach":[],"bank_type":"CFT","cash_fee":"100","fee_type":"CNY","is_subscribe":"Y","mch_id":"1383580102","nonce_str":"m97JN6aopfpkojkY","openid":"ovxXWv5Ldfh1B4nho4C-Jz6Kgma0","out_trade_no":"201707021643244133","result_code":"SUCCESS","return_code":"SUCCESS","return_msg":"OK","sign":"3B28684DD6EB21E958AF734FC1E838EA","time_end":"20170702164333","total_fee":"100","trade_state":"SUCCESS","trade_type":"JSAPI","transaction_id":"4005242001201707028520480539"}
[2017-07-02 16:43:42][debug] begin notify
[2017-07-02 16:43:42][debug] call back:{"appid":"wxd46e99b7f83183e1","bank_type":"CFT","cash_fee":"100","fee_type":"CNY","is_subscribe":"Y","mch_id":"1383580102","nonce_str":"uoh2rfy3iwsaiq10djsm1q4zwnuqq6rx","openid":"ovxXWv5Ldfh1B4nho4C-Jz6Kgma0","out_trade_no":"201707021643244133","result_code":"SUCCESS","return_code":"SUCCESS","sign":"8085A495A9F51C2958EF0368F9DE6A63","time_end":"20170702164333","total_fee":"100","trade_type":"JSAPI","transaction_id":"4005242001201707028520480539"}
[2017-07-02 16:43:42][debug] query:{"appid":"wxd46e99b7f83183e1","err_code":"ORDERNOTEXIST","err_code_des":"order not exist","mch_id":"1383580102","nonce_str":"gnDVBTiSXVzJGUOd","result_code":"FAIL","return_code":"SUCCESS","return_msg":"OK","sign":"F78990AF0F508E6570474E21DA06773A"}
[2017-07-02 16:43:58][debug] begin notify
[2017-07-02 16:43:58][debug] call back:{"appid":"wxd46e99b7f83183e1","bank_type":"CFT","cash_fee":"100","fee_type":"CNY","is_subscribe":"Y","mch_id":"1383580102","nonce_str":"uoh2rfy3iwsaiq10djsm1q4zwnuqq6rx","openid":"ovxXWv5Ldfh1B4nho4C-Jz6Kgma0","out_trade_no":"201707021643244133","result_code":"SUCCESS","return_code":"SUCCESS","sign":"8085A495A9F51C2958EF0368F9DE6A63","time_end":"20170702164333","total_fee":"100","trade_type":"JSAPI","transaction_id":"4005242001201707028520480539"}
[2017-07-02 16:43:58][debug] query:{"appid":"wxd46e99b7f83183e1","err_code":"ORDERNOTEXIST","err_code_des":"order not exist","mch_id":"1383580102","nonce_str":"sNedmKGHkU8S01T5","result_code":"FAIL","return_code":"SUCCESS","return_msg":"OK","sign":"3754E38C7FFCB91857D045FCEC5E5AF5"}
[2017-07-02 16:44:30][debug] begin notify
[2017-07-02 16:44:30][debug] call back:{"appid":"wxd46e99b7f83183e1","bank_type":"CFT","cash_fee":"100","fee_type":"CNY","is_subscribe":"Y","mch_id":"1383580102","nonce_str":"uoh2rfy3iwsaiq10djsm1q4zwnuqq6rx","openid":"ovxXWv5Ldfh1B4nho4C-Jz6Kgma0","out_trade_no":"201707021643244133","result_code":"SUCCESS","return_code":"SUCCESS","sign":"8085A495A9F51C2958EF0368F9DE6A63","time_end":"20170702164333","total_fee":"100","trade_type":"JSAPI","transaction_id":"4005242001201707028520480539"}
[2017-07-02 16:44:30][debug] query:{"appid":"wxd46e99b7f83183e1","err_code":"ORDERNOTEXIST","err_code_des":"order not exist","mch_id":"1383580102","nonce_str":"6dUSHZ2mbEvtqr5b","result_code":"FAIL","return_code":"SUCCESS","return_msg":"OK","sign":"F319EEEEC3C444F5EBFCF323BAD90C08"}
[2017-07-02 16:47:33][debug] begin notify
[2017-07-02 16:47:33][debug] call back:{"appid":"wxd46e99b7f83183e1","bank_type":"CFT","cash_fee":"100","fee_type":"CNY","is_subscribe":"Y","mch_id":"1383580102","nonce_str":"uoh2rfy3iwsaiq10djsm1q4zwnuqq6rx","openid":"ovxXWv5Ldfh1B4nho4C-Jz6Kgma0","out_trade_no":"201707021643244133","result_code":"SUCCESS","return_code":"SUCCESS","sign":"8085A495A9F51C2958EF0368F9DE6A63","time_end":"20170702164333","total_fee":"100","trade_type":"JSAPI","transaction_id":"4005242001201707028520480539"}
[2017-07-02 16:47:33][debug] query:{"appid":"wxd46e99b7f83183e1","err_code":"ORDERNOTEXIST","err_code_des":"order not exist","mch_id":"1383580102","nonce_str":"wE0ZI5e4Y7MM2ynQ","result_code":"FAIL","return_code":"SUCCESS","return_msg":"OK","sign":"A83509AB520EA363D8F9DF90D4A68E33"}
[2017-07-02 16:51:20][debug] begin notify
[2017-07-02 16:51:20][debug] call back:{"appid":"wxd46e99b7f83183e1","bank_type":"CFT","cash_fee":"100","fee_type":"CNY","is_subscribe":"Y","mch_id":"1383580102","nonce_str":"8erg2xemxahb1r29g7x8chcdh91evbfn","openid":"ovxXWv5Ldfh1B4nho4C-Jz6Kgma0","out_trade_no":"2017070214472375","result_code":"SUCCESS","return_code":"SUCCESS","sign":"8BD0F124B0D6BB4873C20DA461AADA3E","time_end":"20170702144707","total_fee":"100","trade_type":"JSAPI","transaction_id":"4005242001201707028501345302"}
[2017-07-02 16:51:20][debug] query:{"appid":"wxd46e99b7f83183e1","err_code":"ORDERNOTEXIST","err_code_des":"order not exist","mch_id":"1383580102","nonce_str":"UnZhGXckkHHSl1Ut","result_code":"FAIL","return_code":"SUCCESS","return_msg":"OK","sign":"D3AC6A44BA92F0C8913A9C6BD5A195B1"}
[2017-07-02 17:17:36][debug] begin notify
[2017-07-02 17:17:36][debug] call back:{"appid":"wxd46e99b7f83183e1","bank_type":"CFT","cash_fee":"100","fee_type":"CNY","is_subscribe":"Y","mch_id":"1383580102","nonce_str":"uoh2rfy3iwsaiq10djsm1q4zwnuqq6rx","openid":"ovxXWv5Ldfh1B4nho4C-Jz6Kgma0","out_trade_no":"201707021643244133","result_code":"SUCCESS","return_code":"SUCCESS","sign":"8085A495A9F51C2958EF0368F9DE6A63","time_end":"20170702164333","total_fee":"100","trade_type":"JSAPI","transaction_id":"4005242001201707028520480539"}
[2017-07-02 17:17:36][debug] query:{"appid":"wxd46e99b7f83183e1","err_code":"ORDERNOTEXIST","err_code_des":"order not exist","mch_id":"1383580102","nonce_str":"SwiK533iNDkmwNQy","result_code":"FAIL","return_code":"SUCCESS","return_msg":"OK","sign":"3AD5EA961E7D15E6A7A3B428A2F61C80"}
[2017-07-02 17:38:01][debug] begin notify
[2017-07-02 17:38:01][debug] call back:{"appid":"wxd46e99b7f83183e1","bank_type":"CFT","cash_fee":"100","fee_type":"CNY","is_subscribe":"Y","mch_id":"1383580102","nonce_str":"os2nns8rlwtdkvh947tdtw0kfmfhr1l5","openid":"ovxXWv5Ldfh1B4nho4C-Jz6Kgma0","out_trade_no":"2017070214334107","result_code":"SUCCESS","return_code":"SUCCESS","sign":"89CCD0D6C6E7162591DCF65514E47689","time_end":"20170702143342","total_fee":"100","trade_type":"JSAPI","transaction_id":"4005242001201707028498931787"}
[2017-07-02 17:38:02][debug] query:{"appid":"wxd46e99b7f83183e1","err_code":"ORDERNOTEXIST","err_code_des":"order not exist","mch_id":"1383580102","nonce_str":"mxTGIcuocOGHKCDo","result_code":"FAIL","return_code":"SUCCESS","return_msg":"OK","sign":"B8BCE2D37ACE68DF7A92EFCF0F836F88"}
[2017-07-02 17:47:38][debug] begin notify
[2017-07-02 17:47:38][debug] call back:{"appid":"wxd46e99b7f83183e1","bank_type":"CFT","cash_fee":"100","fee_type":"CNY","is_subscribe":"Y","mch_id":"1383580102","nonce_str":"uoh2rfy3iwsaiq10djsm1q4zwnuqq6rx","openid":"ovxXWv5Ldfh1B4nho4C-Jz6Kgma0","out_trade_no":"201707021643244133","result_code":"SUCCESS","return_code":"SUCCESS","sign":"8085A495A9F51C2958EF0368F9DE6A63","time_end":"20170702164333","total_fee":"100","trade_type":"JSAPI","transaction_id":"4005242001201707028520480539"}
[2017-07-02 17:47:38][debug] query:{"appid":"wxd46e99b7f83183e1","err_code":"ORDERNOTEXIST","err_code_des":"order not exist","mch_id":"1383580102","nonce_str":"Ecp1YLzVSWibn91G","result_code":"FAIL","return_code":"SUCCESS","return_msg":"OK","sign":"CABA50739BE202F76E3FAB8DFB55E721"}
[2017-07-02 17:51:21][debug] begin notify
[2017-07-02 17:51:21][debug] call back:{"appid":"wxd46e99b7f83183e1","bank_type":"CFT","cash_fee":"100","fee_type":"CNY","is_subscribe":"Y","mch_id":"1383580102","nonce_str":"8erg2xemxahb1r29g7x8chcdh91evbfn","openid":"ovxXWv5Ldfh1B4nho4C-Jz6Kgma0","out_trade_no":"2017070214472375","result_code":"SUCCESS","return_code":"SUCCESS","sign":"8BD0F124B0D6BB4873C20DA461AADA3E","time_end":"20170702144707","total_fee":"100","trade_type":"JSAPI","transaction_id":"4005242001201707028501345302"}
[2017-07-02 17:51:21][debug] query:{"appid":"wxd46e99b7f83183e1","err_code":"ORDERNOTEXIST","err_code_des":"order not exist","mch_id":"1383580102","nonce_str":"zMHtMRTZp7fflsaN","result_code":"FAIL","return_code":"SUCCESS","return_msg":"OK","sign":"06D0858C53DA50547288193A2D194BAC"}
[2017-07-02 18:17:40][debug] begin notify
[2017-07-02 18:17:40][debug] call back:{"appid":"wxd46e99b7f83183e1","bank_type":"CFT","cash_fee":"100","fee_type":"CNY","is_subscribe":"Y","mch_id":"1383580102","nonce_str":"uoh2rfy3iwsaiq10djsm1q4zwnuqq6rx","openid":"ovxXWv5Ldfh1B4nho4C-Jz6Kgma0","out_trade_no":"201707021643244133","result_code":"SUCCESS","return_code":"SUCCESS","sign":"8085A495A9F51C2958EF0368F9DE6A63","time_end":"20170702164333","total_fee":"100","trade_type":"JSAPI","transaction_id":"4005242001201707028520480539"}
[2017-07-02 18:17:40][debug] query:{"appid":"wxd46e99b7f83183e1","err_code":"ORDERNOTEXIST","err_code_des":"order not exist","mch_id":"1383580102","nonce_str":"dVmykNIr0KBhwUI1","result_code":"FAIL","return_code":"SUCCESS","return_msg":"OK","sign":"C371BBEB4230DA5E3B8E4B634066F6DB"}
[2017-07-02 18:31:13][debug] begin notify
[2017-07-02 18:31:13][debug] call back:{"appid":"wxd46e99b7f83183e1","bank_type":"CFT","cash_fee":"100","fee_type":"CNY","is_subscribe":"Y","mch_id":"1383580102","nonce_str":"927junx5mgh4wrbz7lm552ar5b2r4sln","openid":"ovxXWv5Ldfh1B4nho4C-Jz6Kgma0","out_trade_no":"201707021831086944","result_code":"SUCCESS","return_code":"SUCCESS","sign":"39C3C73150B2E6E2EF77741C5E8BCD15","time_end":"20170702183112","total_fee":"100","trade_type":"JSAPI","transaction_id":"4005242001201707028539411380"}
[2017-07-02 18:31:13][debug] query:{"appid":"wxd46e99b7f83183e1","err_code":"ORDERNOTEXIST","err_code_des":"order not exist","mch_id":"1383580102","nonce_str":"zJWKqSXSBmG5OwQC","result_code":"FAIL","return_code":"SUCCESS","return_msg":"OK","sign":"B9498027A08CA4F9EA462AF8A6111FFE"}
[2017-07-02 18:31:14][debug] begin notify
[2017-07-02 18:31:14][debug] query:{"appid":"wxd46e99b7f83183e1","attach":[],"bank_type":"CFT","cash_fee":"100","fee_type":"CNY","is_subscribe":"Y","mch_id":"1383580102","nonce_str":"aT59PiDPCeeUIEja","openid":"ovxXWv5Ldfh1B4nho4C-Jz6Kgma0","out_trade_no":"201707021831086944","result_code":"SUCCESS","return_code":"SUCCESS","return_msg":"OK","sign":"F3735603D28731927B6989F0AEA21A37","time_end":"20170702183112","total_fee":"100","trade_state":"SUCCESS","trade_type":"JSAPI","transaction_id":"4005242001201707028539411380"}
[2017-07-02 18:31:27][debug] begin notify
[2017-07-02 18:31:27][debug] call back:{"appid":"wxd46e99b7f83183e1","bank_type":"CFT","cash_fee":"100","fee_type":"CNY","is_subscribe":"Y","mch_id":"1383580102","nonce_str":"927junx5mgh4wrbz7lm552ar5b2r4sln","openid":"ovxXWv5Ldfh1B4nho4C-Jz6Kgma0","out_trade_no":"201707021831086944","result_code":"SUCCESS","return_code":"SUCCESS","sign":"39C3C73150B2E6E2EF77741C5E8BCD15","time_end":"20170702183112","total_fee":"100","trade_type":"JSAPI","transaction_id":"4005242001201707028539411380"}
[2017-07-02 18:31:27][debug] query:{"appid":"wxd46e99b7f83183e1","err_code":"ORDERNOTEXIST","err_code_des":"order not exist","mch_id":"1383580102","nonce_str":"0E8REdAfbODNEFn6","result_code":"FAIL","return_code":"SUCCESS","return_msg":"OK","sign":"C731A4B9AAB9F45A8A96068EDFA8E5CD"}
[2017-07-02 18:31:45][debug] begin notify
[2017-07-02 18:31:45][debug] call back:{"appid":"wxd46e99b7f83183e1","bank_type":"CFT","cash_fee":"100","fee_type":"CNY","is_subscribe":"Y","mch_id":"1383580102","nonce_str":"927junx5mgh4wrbz7lm552ar5b2r4sln","openid":"ovxXWv5Ldfh1B4nho4C-Jz6Kgma0","out_trade_no":"201707021831086944","result_code":"SUCCESS","return_code":"SUCCESS","sign":"39C3C73150B2E6E2EF77741C5E8BCD15","time_end":"20170702183112","total_fee":"100","trade_type":"JSAPI","transaction_id":"4005242001201707028539411380"}
[2017-07-02 18:31:45][debug] query:{"appid":"wxd46e99b7f83183e1","err_code":"ORDERNOTEXIST","err_code_des":"order not exist","mch_id":"1383580102","nonce_str":"MlvmmbSrO3YBHNh3","result_code":"FAIL","return_code":"SUCCESS","return_msg":"OK","sign":"E22497D430D3C0D5B16BC30A8F629325"}
[2017-07-02 18:32:17][debug] begin notify
[2017-07-02 18:32:17][debug] call back:{"appid":"wxd46e99b7f83183e1","bank_type":"CFT","cash_fee":"100","fee_type":"CNY","is_subscribe":"Y","mch_id":"1383580102","nonce_str":"927junx5mgh4wrbz7lm552ar5b2r4sln","openid":"ovxXWv5Ldfh1B4nho4C-Jz6Kgma0","out_trade_no":"201707021831086944","result_code":"SUCCESS","return_code":"SUCCESS","sign":"39C3C73150B2E6E2EF77741C5E8BCD15","time_end":"20170702183112","total_fee":"100","trade_type":"JSAPI","transaction_id":"4005242001201707028539411380"}
[2017-07-02 18:32:17][debug] query:{"appid":"wxd46e99b7f83183e1","err_code":"ORDERNOTEXIST","err_code_des":"order not exist","mch_id":"1383580102","nonce_str":"c2NY2146zBad2qHd","result_code":"FAIL","return_code":"SUCCESS","return_msg":"OK","sign":"BA6DF32877719B7EBDFF786672E61C2D"}
[2017-07-02 18:35:20][debug] begin notify
[2017-07-02 18:35:20][debug] call back:{"appid":"wxd46e99b7f83183e1","bank_type":"CFT","cash_fee":"100","fee_type":"CNY","is_subscribe":"Y","mch_id":"1383580102","nonce_str":"927junx5mgh4wrbz7lm552ar5b2r4sln","openid":"ovxXWv5Ldfh1B4nho4C-Jz6Kgma0","out_trade_no":"201707021831086944","result_code":"SUCCESS","return_code":"SUCCESS","sign":"39C3C73150B2E6E2EF77741C5E8BCD15","time_end":"20170702183112","total_fee":"100","trade_type":"JSAPI","transaction_id":"4005242001201707028539411380"}
[2017-07-02 18:35:20][debug] query:{"appid":"wxd46e99b7f83183e1","err_code":"ORDERNOTEXIST","err_code_des":"order not exist","mch_id":"1383580102","nonce_str":"NSIEuVg02yz6BENp","result_code":"FAIL","return_code":"SUCCESS","return_msg":"OK","sign":"0BB7CEFB797B4676ABED61B345A11B8D"}
[2017-07-02 18:47:41][debug] begin notify
[2017-07-02 18:47:41][debug] call back:{"appid":"wxd46e99b7f83183e1","bank_type":"CFT","cash_fee":"100","fee_type":"CNY","is_subscribe":"Y","mch_id":"1383580102","nonce_str":"uoh2rfy3iwsaiq10djsm1q4zwnuqq6rx","openid":"ovxXWv5Ldfh1B4nho4C-Jz6Kgma0","out_trade_no":"201707021643244133","result_code":"SUCCESS","return_code":"SUCCESS","sign":"8085A495A9F51C2958EF0368F9DE6A63","time_end":"20170702164333","total_fee":"100","trade_type":"JSAPI","transaction_id":"4005242001201707028520480539"}
[2017-07-02 18:47:42][debug] query:{"appid":"wxd46e99b7f83183e1","err_code":"ORDERNOTEXIST","err_code_des":"order not exist","mch_id":"1383580102","nonce_str":"XiS4Dqe6WqQHIOYA","result_code":"FAIL","return_code":"SUCCESS","return_msg":"OK","sign":"5C26CECADE28DA5F66A65A8CEF52FA75"}
[2017-07-02 19:05:22][debug] begin notify
[2017-07-02 19:05:22][debug] call back:{"appid":"wxd46e99b7f83183e1","bank_type":"CFT","cash_fee":"100","fee_type":"CNY","is_subscribe":"Y","mch_id":"1383580102","nonce_str":"927junx5mgh4wrbz7lm552ar5b2r4sln","openid":"ovxXWv5Ldfh1B4nho4C-Jz6Kgma0","out_trade_no":"201707021831086944","result_code":"SUCCESS","return_code":"SUCCESS","sign":"39C3C73150B2E6E2EF77741C5E8BCD15","time_end":"20170702183112","total_fee":"100","trade_type":"JSAPI","transaction_id":"4005242001201707028539411380"}
[2017-07-02 19:05:22][debug] query:{"appid":"wxd46e99b7f83183e1","err_code":"ORDERNOTEXIST","err_code_des":"order not exist","mch_id":"1383580102","nonce_str":"x6QHaAmX3HYvjrvi","result_code":"FAIL","return_code":"SUCCESS","return_msg":"OK","sign":"4A049123BC3B21790CF68C29E03E3DC8"}
[2017-07-02 19:35:24][debug] begin notify
[2017-07-02 19:35:24][debug] call back:{"appid":"wxd46e99b7f83183e1","bank_type":"CFT","cash_fee":"100","fee_type":"CNY","is_subscribe":"Y","mch_id":"1383580102","nonce_str":"927junx5mgh4wrbz7lm552ar5b2r4sln","openid":"ovxXWv5Ldfh1B4nho4C-Jz6Kgma0","out_trade_no":"201707021831086944","result_code":"SUCCESS","return_code":"SUCCESS","sign":"39C3C73150B2E6E2EF77741C5E8BCD15","time_end":"20170702183112","total_fee":"100","trade_type":"JSAPI","transaction_id":"4005242001201707028539411380"}
[2017-07-02 19:35:25][debug] query:{"appid":"wxd46e99b7f83183e1","err_code":"ORDERNOTEXIST","err_code_des":"order not exist","mch_id":"1383580102","nonce_str":"BPxnvPBxU1iiZawq","result_code":"FAIL","return_code":"SUCCESS","return_msg":"OK","sign":"7A7F19ECE6E1BBDE92FE872BF9AB509F"}
[2017-07-02 19:47:44][debug] begin notify
[2017-07-02 19:47:44][debug] call back:{"appid":"wxd46e99b7f83183e1","bank_type":"CFT","cash_fee":"100","fee_type":"CNY","is_subscribe":"Y","mch_id":"1383580102","nonce_str":"uoh2rfy3iwsaiq10djsm1q4zwnuqq6rx","openid":"ovxXWv5Ldfh1B4nho4C-Jz6Kgma0","out_trade_no":"201707021643244133","result_code":"SUCCESS","return_code":"SUCCESS","sign":"8085A495A9F51C2958EF0368F9DE6A63","time_end":"20170702164333","total_fee":"100","trade_type":"JSAPI","transaction_id":"4005242001201707028520480539"}
[2017-07-02 19:47:44][debug] query:{"appid":"wxd46e99b7f83183e1","err_code":"ORDERNOTEXIST","err_code_des":"order not exist","mch_id":"1383580102","nonce_str":"H8uRbVzL6vFNIdv8","result_code":"FAIL","return_code":"SUCCESS","return_msg":"OK","sign":"4CDDBE7D3BA2427987261FEA1EFE53AE"}
[2017-07-02 20:00:47][debug] begin notify
[2017-07-02 20:00:47][debug] call back:{"appid":"wxd46e99b7f83183e1","bank_type":"CFT","cash_fee":"100","fee_type":"CNY","is_subscribe":"Y","mch_id":"1383580102","nonce_str":"9e707bgucn9ckppkr9coyqbnj4u3fvyc","openid":"ovxXWv3CHJLsugBLuDQiCAxREFtE","out_trade_no":"2017070220001762","result_code":"SUCCESS","return_code":"SUCCESS","sign":"9C937A1317FED1533B487235E6504605","time_end":"20170702200046","total_fee":"100","trade_type":"JSAPI","transaction_id":"4002902001201707028553647282"}
[2017-07-02 20:00:47][debug] query:{"appid":"wxd46e99b7f83183e1","err_code":"ORDERNOTEXIST","err_code_des":"order not exist","mch_id":"1383580102","nonce_str":"tcGxAvwwbIaQr7ga","result_code":"FAIL","return_code":"SUCCESS","return_msg":"OK","sign":"CBB30976B978464159F0297F7D77A2A5"}
[2017-07-02 20:00:48][debug] begin notify
[2017-07-02 20:00:48][debug] query:{"appid":"wxd46e99b7f83183e1","attach":[],"bank_type":"CFT","cash_fee":"100","fee_type":"CNY","is_subscribe":"Y","mch_id":"1383580102","nonce_str":"BChRkOJZS0BeqoqQ","openid":"ovxXWv3CHJLsugBLuDQiCAxREFtE","out_trade_no":"2017070220001762","result_code":"SUCCESS","return_code":"SUCCESS","return_msg":"OK","sign":"0FA1528A0A0AA22EAA37DBF39C32B6FE","time_end":"20170702200046","total_fee":"100","trade_state":"SUCCESS","trade_type":"JSAPI","transaction_id":"4002902001201707028553647282"}
[2017-07-02 20:01:00][debug] begin notify
[2017-07-02 20:01:00][debug] call back:{"appid":"wxd46e99b7f83183e1","bank_type":"CFT","cash_fee":"100","fee_type":"CNY","is_subscribe":"Y","mch_id":"1383580102","nonce_str":"9e707bgucn9ckppkr9coyqbnj4u3fvyc","openid":"ovxXWv3CHJLsugBLuDQiCAxREFtE","out_trade_no":"2017070220001762","result_code":"SUCCESS","return_code":"SUCCESS","sign":"9C937A1317FED1533B487235E6504605","time_end":"20170702200046","total_fee":"100","trade_type":"JSAPI","transaction_id":"4002902001201707028553647282"}
[2017-07-02 20:01:00][debug] query:{"appid":"wxd46e99b7f83183e1","err_code":"ORDERNOTEXIST","err_code_des":"order not exist","mch_id":"1383580102","nonce_str":"dGRSIDsArnp7RGOY","result_code":"FAIL","return_code":"SUCCESS","return_msg":"OK","sign":"F1FCF2305F06A75259F76C325D029723"}
[2017-07-02 20:01:16][debug] begin notify
[2017-07-02 20:01:16][debug] call back:{"appid":"wxd46e99b7f83183e1","bank_type":"CFT","cash_fee":"100","fee_type":"CNY","is_subscribe":"Y","mch_id":"1383580102","nonce_str":"9e707bgucn9ckppkr9coyqbnj4u3fvyc","openid":"ovxXWv3CHJLsugBLuDQiCAxREFtE","out_trade_no":"2017070220001762","result_code":"SUCCESS","return_code":"SUCCESS","sign":"9C937A1317FED1533B487235E6504605","time_end":"20170702200046","total_fee":"100","trade_type":"JSAPI","transaction_id":"4002902001201707028553647282"}
[2017-07-02 20:01:16][debug] query:{"appid":"wxd46e99b7f83183e1","err_code":"ORDERNOTEXIST","err_code_des":"order not exist","mch_id":"1383580102","nonce_str":"Dy2hMz7e5nOdR1SH","result_code":"FAIL","return_code":"SUCCESS","return_msg":"OK","sign":"40B6C23CEF0EB311F261CDA4BA709387"}
[2017-07-02 20:01:48][debug] begin notify
[2017-07-02 20:01:48][debug] call back:{"appid":"wxd46e99b7f83183e1","bank_type":"CFT","cash_fee":"100","fee_type":"CNY","is_subscribe":"Y","mch_id":"1383580102","nonce_str":"9e707bgucn9ckppkr9coyqbnj4u3fvyc","openid":"ovxXWv3CHJLsugBLuDQiCAxREFtE","out_trade_no":"2017070220001762","result_code":"SUCCESS","return_code":"SUCCESS","sign":"9C937A1317FED1533B487235E6504605","time_end":"20170702200046","total_fee":"100","trade_type":"JSAPI","transaction_id":"4002902001201707028553647282"}
[2017-07-02 20:01:48][debug] query:{"appid":"wxd46e99b7f83183e1","err_code":"ORDERNOTEXIST","err_code_des":"order not exist","mch_id":"1383580102","nonce_str":"4L3xya6lBaQnYnpZ","result_code":"FAIL","return_code":"SUCCESS","return_msg":"OK","sign":"B63C67CF659EF9B8B3E33D5DB187EDE7"}
[2017-07-02 20:02:42][debug] begin notify
[2017-07-02 20:02:42][debug] call back:{"appid":"wxd46e99b7f83183e1","bank_type":"ICBC_DEBIT","cash_fee":"100","fee_type":"CNY","is_subscribe":"Y","mch_id":"1383580102","nonce_str":"zkqhb2ugbf03zp9hp0cm1ksmxle218qw","openid":"ovxXWvxyv93ZrijzHey2ZZO4qc6o","out_trade_no":"2017070220029402","result_code":"SUCCESS","return_code":"SUCCESS","sign":"9041B9F09C6F819DB609A8F1E4FDBB78","time_end":"20170702200242","total_fee":"100","trade_type":"JSAPI","transaction_id":"4003232001201707028555691133"}
[2017-07-02 20:02:43][debug] query:{"appid":"wxd46e99b7f83183e1","err_code":"ORDERNOTEXIST","err_code_des":"order not exist","mch_id":"1383580102","nonce_str":"AUmJBNVlWMfCSXm1","result_code":"FAIL","return_code":"SUCCESS","return_msg":"OK","sign":"4D3EB83474EB7F820F4A7C388B553BF2"}
[2017-07-02 20:02:44][debug] begin notify
[2017-07-02 20:02:44][debug] query:{"appid":"wxd46e99b7f83183e1","attach":[],"bank_type":"ICBC_DEBIT","cash_fee":"100","fee_type":"CNY","is_subscribe":"Y","mch_id":"1383580102","nonce_str":"YPjvXvKulBmHg8rD","openid":"ovxXWvxyv93ZrijzHey2ZZO4qc6o","out_trade_no":"2017070220029402","result_code":"SUCCESS","return_code":"SUCCESS","return_msg":"OK","sign":"DD6C505148DBADA05DFECF29BE4E031A","time_end":"20170702200242","total_fee":"100","trade_state":"SUCCESS","trade_type":"JSAPI","transaction_id":"4003232001201707028555691133"}
[2017-07-02 20:03:04][debug] begin notify
[2017-07-02 20:03:04][debug] call back:{"appid":"wxd46e99b7f83183e1","bank_type":"ICBC_DEBIT","cash_fee":"100","fee_type":"CNY","is_subscribe":"Y","mch_id":"1383580102","nonce_str":"zkqhb2ugbf03zp9hp0cm1ksmxle218qw","openid":"ovxXWvxyv93ZrijzHey2ZZO4qc6o","out_trade_no":"2017070220029402","result_code":"SUCCESS","return_code":"SUCCESS","sign":"9041B9F09C6F819DB609A8F1E4FDBB78","time_end":"20170702200242","total_fee":"100","trade_type":"JSAPI","transaction_id":"4003232001201707028555691133"}
[2017-07-02 20:03:04][debug] query:{"appid":"wxd46e99b7f83183e1","err_code":"ORDERNOTEXIST","err_code_des":"order not exist","mch_id":"1383580102","nonce_str":"O7Yos3PnnHjKlx0q","result_code":"FAIL","return_code":"SUCCESS","return_msg":"OK","sign":"130BCDE82189FB4DD9D30BB8881D8A07"}
[2017-07-02 20:03:21][debug] begin notify
[2017-07-02 20:03:21][debug] call back:{"appid":"wxd46e99b7f83183e1","bank_type":"ICBC_DEBIT","cash_fee":"100","fee_type":"CNY","is_subscribe":"Y","mch_id":"1383580102","nonce_str":"zkqhb2ugbf03zp9hp0cm1ksmxle218qw","openid":"ovxXWvxyv93ZrijzHey2ZZO4qc6o","out_trade_no":"2017070220029402","result_code":"SUCCESS","return_code":"SUCCESS","sign":"9041B9F09C6F819DB609A8F1E4FDBB78","time_end":"20170702200242","total_fee":"100","trade_type":"JSAPI","transaction_id":"4003232001201707028555691133"}
[2017-07-02 20:03:22][debug] query:{"appid":"wxd46e99b7f83183e1","err_code":"ORDERNOTEXIST","err_code_des":"order not exist","mch_id":"1383580102","nonce_str":"tZoA6O5iBh8HlPi3","result_code":"FAIL","return_code":"SUCCESS","return_msg":"OK","sign":"95DD47B7BB6950EF266B25FD9A6CA1ED"}
[2017-07-02 20:03:54][debug] begin notify
[2017-07-02 20:03:54][debug] call back:{"appid":"wxd46e99b7f83183e1","bank_type":"ICBC_DEBIT","cash_fee":"100","fee_type":"CNY","is_subscribe":"Y","mch_id":"1383580102","nonce_str":"zkqhb2ugbf03zp9hp0cm1ksmxle218qw","openid":"ovxXWvxyv93ZrijzHey2ZZO4qc6o","out_trade_no":"2017070220029402","result_code":"SUCCESS","return_code":"SUCCESS","sign":"9041B9F09C6F819DB609A8F1E4FDBB78","time_end":"20170702200242","total_fee":"100","trade_type":"JSAPI","transaction_id":"4003232001201707028555691133"}
[2017-07-02 20:03:54][debug] query:{"appid":"wxd46e99b7f83183e1","err_code":"ORDERNOTEXIST","err_code_des":"order not exist","mch_id":"1383580102","nonce_str":"BqfaVa5MqjBvMm49","result_code":"FAIL","return_code":"SUCCESS","return_msg":"OK","sign":"8D5DE9280081036ECE8F8C7A5EBF03AF"}
[2017-07-02 20:04:51][debug] begin notify
[2017-07-02 20:04:51][debug] call back:{"appid":"wxd46e99b7f83183e1","bank_type":"CFT","cash_fee":"100","fee_type":"CNY","is_subscribe":"Y","mch_id":"1383580102","nonce_str":"9e707bgucn9ckppkr9coyqbnj4u3fvyc","openid":"ovxXWv3CHJLsugBLuDQiCAxREFtE","out_trade_no":"2017070220001762","result_code":"SUCCESS","return_code":"SUCCESS","sign":"9C937A1317FED1533B487235E6504605","time_end":"20170702200046","total_fee":"100","trade_type":"JSAPI","transaction_id":"4002902001201707028553647282"}
[2017-07-02 20:04:51][debug] query:{"appid":"wxd46e99b7f83183e1","err_code":"ORDERNOTEXIST","err_code_des":"order not exist","mch_id":"1383580102","nonce_str":"tT6MRYLzrxZawR3t","result_code":"FAIL","return_code":"SUCCESS","return_msg":"OK","sign":"0DF42C72349A82C82F0D9CF131CF1571"}
[2017-07-02 20:05:28][debug] begin notify
[2017-07-02 20:05:28][debug] call back:{"appid":"wxd46e99b7f83183e1","bank_type":"CFT","cash_fee":"100","fee_type":"CNY","is_subscribe":"Y","mch_id":"1383580102","nonce_str":"927junx5mgh4wrbz7lm552ar5b2r4sln","openid":"ovxXWv5Ldfh1B4nho4C-Jz6Kgma0","out_trade_no":"201707021831086944","result_code":"SUCCESS","return_code":"SUCCESS","sign":"39C3C73150B2E6E2EF77741C5E8BCD15","time_end":"20170702183112","total_fee":"100","trade_type":"JSAPI","transaction_id":"4005242001201707028539411380"}
[2017-07-02 20:05:28][debug] query:{"appid":"wxd46e99b7f83183e1","err_code":"ORDERNOTEXIST","err_code_des":"order not exist","mch_id":"1383580102","nonce_str":"5qTPegBdGupJykxG","result_code":"FAIL","return_code":"SUCCESS","return_msg":"OK","sign":"04B7C294F6A2F88DBEC84ECD98296427"}
[2017-07-02 20:06:55][debug] begin notify
[2017-07-02 20:06:55][debug] call back:{"appid":"wxd46e99b7f83183e1","bank_type":"ICBC_DEBIT","cash_fee":"100","fee_type":"CNY","is_subscribe":"Y","mch_id":"1383580102","nonce_str":"zkqhb2ugbf03zp9hp0cm1ksmxle218qw","openid":"ovxXWvxyv93ZrijzHey2ZZO4qc6o","out_trade_no":"2017070220029402","result_code":"SUCCESS","return_code":"SUCCESS","sign":"9041B9F09C6F819DB609A8F1E4FDBB78","time_end":"20170702200242","total_fee":"100","trade_type":"JSAPI","transaction_id":"4003232001201707028555691133"}
[2017-07-02 20:06:56][debug] query:{"appid":"wxd46e99b7f83183e1","err_code":"ORDERNOTEXIST","err_code_des":"order not exist","mch_id":"1383580102","nonce_str":"iBLbRU1fNXpEGANV","result_code":"FAIL","return_code":"SUCCESS","return_msg":"OK","sign":"1A6131438A702469473FDC431AB90ECE"}
[2017-07-02 20:34:52][debug] begin notify
[2017-07-02 20:34:52][debug] call back:{"appid":"wxd46e99b7f83183e1","bank_type":"CFT","cash_fee":"100","fee_type":"CNY","is_subscribe":"Y","mch_id":"1383580102","nonce_str":"9e707bgucn9ckppkr9coyqbnj4u3fvyc","openid":"ovxXWv3CHJLsugBLuDQiCAxREFtE","out_trade_no":"2017070220001762","result_code":"SUCCESS","return_code":"SUCCESS","sign":"9C937A1317FED1533B487235E6504605","time_end":"20170702200046","total_fee":"100","trade_type":"JSAPI","transaction_id":"4002902001201707028553647282"}
[2017-07-02 20:34:52][debug] query:{"appid":"wxd46e99b7f83183e1","err_code":"ORDERNOTEXIST","err_code_des":"order not exist","mch_id":"1383580102","nonce_str":"6GBOYTX6SyUOqFeJ","result_code":"FAIL","return_code":"SUCCESS","return_msg":"OK","sign":"F1FE83BA96ED2BDEA4ACACC88A06448B"}
[2017-07-02 20:35:31][debug] begin notify
[2017-07-02 20:35:31][debug] call back:{"appid":"wxd46e99b7f83183e1","bank_type":"CFT","cash_fee":"100","fee_type":"CNY","is_subscribe":"Y","mch_id":"1383580102","nonce_str":"927junx5mgh4wrbz7lm552ar5b2r4sln","openid":"ovxXWv5Ldfh1B4nho4C-Jz6Kgma0","out_trade_no":"201707021831086944","result_code":"SUCCESS","return_code":"SUCCESS","sign":"39C3C73150B2E6E2EF77741C5E8BCD15","time_end":"20170702183112","total_fee":"100","trade_type":"JSAPI","transaction_id":"4005242001201707028539411380"}
[2017-07-02 20:35:32][debug] query:{"appid":"wxd46e99b7f83183e1","err_code":"ORDERNOTEXIST","err_code_des":"order not exist","mch_id":"1383580102","nonce_str":"sxNxd5TdeUh1zDRn","result_code":"FAIL","return_code":"SUCCESS","return_msg":"OK","sign":"3DF50210A70CBF2C2BC1EEC749CBDFB2"}
[2017-07-02 20:36:58][debug] begin notify
[2017-07-02 20:36:58][debug] call back:{"appid":"wxd46e99b7f83183e1","bank_type":"ICBC_DEBIT","cash_fee":"100","fee_type":"CNY","is_subscribe":"Y","mch_id":"1383580102","nonce_str":"zkqhb2ugbf03zp9hp0cm1ksmxle218qw","openid":"ovxXWvxyv93ZrijzHey2ZZO4qc6o","out_trade_no":"2017070220029402","result_code":"SUCCESS","return_code":"SUCCESS","sign":"9041B9F09C6F819DB609A8F1E4FDBB78","time_end":"20170702200242","total_fee":"100","trade_type":"JSAPI","transaction_id":"4003232001201707028555691133"}
[2017-07-02 20:36:58][debug] query:{"appid":"wxd46e99b7f83183e1","err_code":"ORDERNOTEXIST","err_code_des":"order not exist","mch_id":"1383580102","nonce_str":"sFDTxU8iLQYynO1l","result_code":"FAIL","return_code":"SUCCESS","return_msg":"OK","sign":"5BE3BE278FA29642B47F1E3EB0A433C0"}
[2017-07-02 21:04:54][debug] begin notify
[2017-07-02 21:04:54][debug] call back:{"appid":"wxd46e99b7f83183e1","bank_type":"CFT","cash_fee":"100","fee_type":"CNY","is_subscribe":"Y","mch_id":"1383580102","nonce_str":"9e707bgucn9ckppkr9coyqbnj4u3fvyc","openid":"ovxXWv3CHJLsugBLuDQiCAxREFtE","out_trade_no":"2017070220001762","result_code":"SUCCESS","return_code":"SUCCESS","sign":"9C937A1317FED1533B487235E6504605","time_end":"20170702200046","total_fee":"100","trade_type":"JSAPI","transaction_id":"4002902001201707028553647282"}
[2017-07-02 21:04:54][debug] query:{"appid":"wxd46e99b7f83183e1","err_code":"ORDERNOTEXIST","err_code_des":"order not exist","mch_id":"1383580102","nonce_str":"0tzslcc6cTEf4Eud","result_code":"FAIL","return_code":"SUCCESS","return_msg":"OK","sign":"1EAE3BEFBEFDF2B324794AB3E2674065"}
[2017-07-02 21:06:59][debug] begin notify
[2017-07-02 21:06:59][debug] call back:{"appid":"wxd46e99b7f83183e1","bank_type":"ICBC_DEBIT","cash_fee":"100","fee_type":"CNY","is_subscribe":"Y","mch_id":"1383580102","nonce_str":"zkqhb2ugbf03zp9hp0cm1ksmxle218qw","openid":"ovxXWvxyv93ZrijzHey2ZZO4qc6o","out_trade_no":"2017070220029402","result_code":"SUCCESS","return_code":"SUCCESS","sign":"9041B9F09C6F819DB609A8F1E4FDBB78","time_end":"20170702200242","total_fee":"100","trade_type":"JSAPI","transaction_id":"4003232001201707028555691133"}
[2017-07-02 21:07:00][debug] query:{"appid":"wxd46e99b7f83183e1","err_code":"ORDERNOTEXIST","err_code_des":"order not exist","mch_id":"1383580102","nonce_str":"fruNlG3YpC18gPSv","result_code":"FAIL","return_code":"SUCCESS","return_msg":"OK","sign":"E11DAA0402E34779CD6749848D8EAA98"}
[2017-07-02 21:34:56][debug] begin notify
[2017-07-02 21:34:56][debug] call back:{"appid":"wxd46e99b7f83183e1","bank_type":"CFT","cash_fee":"100","fee_type":"CNY","is_subscribe":"Y","mch_id":"1383580102","nonce_str":"9e707bgucn9ckppkr9coyqbnj4u3fvyc","openid":"ovxXWv3CHJLsugBLuDQiCAxREFtE","out_trade_no":"2017070220001762","result_code":"SUCCESS","return_code":"SUCCESS","sign":"9C937A1317FED1533B487235E6504605","time_end":"20170702200046","total_fee":"100","trade_type":"JSAPI","transaction_id":"4002902001201707028553647282"}
[2017-07-02 21:34:57][debug] query:{"appid":"wxd46e99b7f83183e1","err_code":"ORDERNOTEXIST","err_code_des":"order not exist","mch_id":"1383580102","nonce_str":"lo9tuipPIBDLAZIH","result_code":"FAIL","return_code":"SUCCESS","return_msg":"OK","sign":"983D8BF5FBD4A674BC91786AF50C8BFD"}
[2017-07-02 21:35:35][debug] begin notify
[2017-07-02 21:35:35][debug] call back:{"appid":"wxd46e99b7f83183e1","bank_type":"CFT","cash_fee":"100","fee_type":"CNY","is_subscribe":"Y","mch_id":"1383580102","nonce_str":"927junx5mgh4wrbz7lm552ar5b2r4sln","openid":"ovxXWv5Ldfh1B4nho4C-Jz6Kgma0","out_trade_no":"201707021831086944","result_code":"SUCCESS","return_code":"SUCCESS","sign":"39C3C73150B2E6E2EF77741C5E8BCD15","time_end":"20170702183112","total_fee":"100","trade_type":"JSAPI","transaction_id":"4005242001201707028539411380"}
[2017-07-02 21:35:35][debug] query:{"appid":"wxd46e99b7f83183e1","err_code":"ORDERNOTEXIST","err_code_des":"order not exist","mch_id":"1383580102","nonce_str":"Zyz5ncAbgdfAfnic","result_code":"FAIL","return_code":"SUCCESS","return_msg":"OK","sign":"716BF06D4B693115E39AF394B99B9C54"}
[2017-07-02 21:37:01][debug] begin notify
[2017-07-02 21:37:01][debug] call back:{"appid":"wxd46e99b7f83183e1","bank_type":"ICBC_DEBIT","cash_fee":"100","fee_type":"CNY","is_subscribe":"Y","mch_id":"1383580102","nonce_str":"zkqhb2ugbf03zp9hp0cm1ksmxle218qw","openid":"ovxXWvxyv93ZrijzHey2ZZO4qc6o","out_trade_no":"2017070220029402","result_code":"SUCCESS","return_code":"SUCCESS","sign":"9041B9F09C6F819DB609A8F1E4FDBB78","time_end":"20170702200242","total_fee":"100","trade_type":"JSAPI","transaction_id":"4003232001201707028555691133"}
[2017-07-02 21:37:01][debug] query:{"appid":"wxd46e99b7f83183e1","err_code":"ORDERNOTEXIST","err_code_des":"order not exist","mch_id":"1383580102","nonce_str":"lfKkQ2C23eQvCGmt","result_code":"FAIL","return_code":"SUCCESS","return_msg":"OK","sign":"8D106CF8D8BB0FF7EC033721333DECA1"}
[2017-07-02 22:04:58][debug] begin notify
[2017-07-02 22:04:58][debug] call back:{"appid":"wxd46e99b7f83183e1","bank_type":"CFT","cash_fee":"100","fee_type":"CNY","is_subscribe":"Y","mch_id":"1383580102","nonce_str":"9e707bgucn9ckppkr9coyqbnj4u3fvyc","openid":"ovxXWv3CHJLsugBLuDQiCAxREFtE","out_trade_no":"2017070220001762","result_code":"SUCCESS","return_code":"SUCCESS","sign":"9C937A1317FED1533B487235E6504605","time_end":"20170702200046","total_fee":"100","trade_type":"JSAPI","transaction_id":"4002902001201707028553647282"}
[2017-07-02 22:04:59][debug] query:{"appid":"wxd46e99b7f83183e1","err_code":"ORDERNOTEXIST","err_code_des":"order not exist","mch_id":"1383580102","nonce_str":"Mg7zOxPmdpfxFh96","result_code":"FAIL","return_code":"SUCCESS","return_msg":"OK","sign":"ED9B3F07A9ABE6E001073D28643FD719"}
[2017-07-02 22:07:03][debug] begin notify
[2017-07-02 22:07:03][debug] call back:{"appid":"wxd46e99b7f83183e1","bank_type":"ICBC_DEBIT","cash_fee":"100","fee_type":"CNY","is_subscribe":"Y","mch_id":"1383580102","nonce_str":"zkqhb2ugbf03zp9hp0cm1ksmxle218qw","openid":"ovxXWvxyv93ZrijzHey2ZZO4qc6o","out_trade_no":"2017070220029402","result_code":"SUCCESS","return_code":"SUCCESS","sign":"9041B9F09C6F819DB609A8F1E4FDBB78","time_end":"20170702200242","total_fee":"100","trade_type":"JSAPI","transaction_id":"4003232001201707028555691133"}
[2017-07-02 22:07:03][debug] query:{"appid":"wxd46e99b7f83183e1","err_code":"ORDERNOTEXIST","err_code_des":"order not exist","mch_id":"1383580102","nonce_str":"jQsloklEShFrqUdB","result_code":"FAIL","return_code":"SUCCESS","return_msg":"OK","sign":"5D744C395A05C71386C64CCBE29146DD"}
[2017-07-02 23:05:01][debug] begin notify
[2017-07-02 23:05:01][debug] call back:{"appid":"wxd46e99b7f83183e1","bank_type":"CFT","cash_fee":"100","fee_type":"CNY","is_subscribe":"Y","mch_id":"1383580102","nonce_str":"9e707bgucn9ckppkr9coyqbnj4u3fvyc","openid":"ovxXWv3CHJLsugBLuDQiCAxREFtE","out_trade_no":"2017070220001762","result_code":"SUCCESS","return_code":"SUCCESS","sign":"9C937A1317FED1533B487235E6504605","time_end":"20170702200046","total_fee":"100","trade_type":"JSAPI","transaction_id":"4002902001201707028553647282"}
[2017-07-02 23:05:01][debug] query:{"appid":"wxd46e99b7f83183e1","err_code":"ORDERNOTEXIST","err_code_des":"order not exist","mch_id":"1383580102","nonce_str":"mTGtD3KSaLDAJ0Jt","result_code":"FAIL","return_code":"SUCCESS","return_msg":"OK","sign":"BB542E000A98814B49292D4E02B1A294"}
[2017-07-02 23:07:05][debug] begin notify
[2017-07-02 23:07:05][debug] call back:{"appid":"wxd46e99b7f83183e1","bank_type":"ICBC_DEBIT","cash_fee":"100","fee_type":"CNY","is_subscribe":"Y","mch_id":"1383580102","nonce_str":"zkqhb2ugbf03zp9hp0cm1ksmxle218qw","openid":"ovxXWvxyv93ZrijzHey2ZZO4qc6o","out_trade_no":"2017070220029402","result_code":"SUCCESS","return_code":"SUCCESS","sign":"9041B9F09C6F819DB609A8F1E4FDBB78","time_end":"20170702200242","total_fee":"100","trade_type":"JSAPI","transaction_id":"4003232001201707028555691133"}
[2017-07-02 23:07:06][debug] query:{"appid":"wxd46e99b7f83183e1","err_code":"ORDERNOTEXIST","err_code_des":"order not exist","mch_id":"1383580102","nonce_str":"U3yMv3v0cS0NXuDO","result_code":"FAIL","return_code":"SUCCESS","return_msg":"OK","sign":"42E34718B02C9E4A7D6AD7C022C95CE2"}
