[2017-06-23 11:17:14][debug] begin notify
[2017-06-23 11:17:15][debug] query:{"appid":"wxd46e99b7f83183e1","attach":[],"bank_type":"CFT","cash_fee":"100","fee_type":"CNY","is_subscribe":"Y","mch_id":"1383580102","nonce_str":"nQLckipt2bipkGNY","openid":"ovxXWv5Ldfh1B4nho4C-Jz6Kgma0","out_trade_no":"2017062311175801","result_code":"SUCCESS","return_code":"SUCCESS","return_msg":"OK","sign":"2E6E905774C1734115C7C00906AF8BD6","time_end":"20170623111713","total_fee":"100","trade_state":"SUCCESS","trade_type":"JSAPI","transaction_id":"4005242001201706237012885121"}
[2017-06-23 12:50:03][debug] begin notify
[2017-06-23 12:50:04][debug] query:{"appid":"wxd46e99b7f83183e1","mch_id":"1383580102","nonce_str":"RsOzN92CLUg3MCaD","out_trade_no":"201706231208278151","result_code":"SUCCESS","return_code":"SUCCESS","return_msg":"OK","sign":"709BF2ADE124BC5CEE808F2DD88A1EAB","trade_state":"NOTPAY","trade_state_desc":"\u8ba2\u5355\u672a\u652f\u4ed8"}
[2017-06-23 17:23:59][debug] begin notify
[2017-06-23 17:23:59][debug] call back:{"appid":"wxd46e99b7f83183e1","bank_type":"CFT","cash_fee":"100","fee_type":"CNY","is_subscribe":"Y","mch_id":"1383580102","nonce_str":"a61rv51ybqm414ww86qzquw33vu91jli","openid":"ovxXWv5Ldfh1B4nho4C-Jz6Kgma0","out_trade_no":"2017062317238822","result_code":"SUCCESS","return_code":"SUCCESS","sign":"0100AA79199EAC5911360F733EC3B2B5","time_end":"20170623172359","total_fee":"100","trade_type":"JSAPI","transaction_id":"4005242001201706237065405611"}
[2017-06-23 17:23:59][debug] query:{"appid":"wxd46e99b7f83183e1","err_code":"ORDERNOTEXIST","err_code_des":"order not exist","mch_id":"1383580102","nonce_str":"hdqRpdl3OLxOHcWF","result_code":"FAIL","return_code":"SUCCESS","return_msg":"OK","sign":"1179194B8200AAF306905CF207774302"}
[2017-06-23 17:24:03][debug] begin notify
[2017-06-23 17:24:03][debug] query:{"appid":"wxd46e99b7f83183e1","attach":[],"bank_type":"CFT","cash_fee":"100","fee_type":"CNY","is_subscribe":"Y","mch_id":"1383580102","nonce_str":"4vY9eu0y6bIjJdYt","openid":"ovxXWv5Ldfh1B4nho4C-Jz6Kgma0","out_trade_no":"2017062317238822","result_code":"SUCCESS","return_code":"SUCCESS","return_msg":"OK","sign":"2411DEC0F23AA570797AD7DE4C151316","time_end":"20170623172359","total_fee":"100","trade_state":"SUCCESS","trade_type":"JSAPI","transaction_id":"4005242001201706237065405611"}
[2017-06-23 17:24:14][debug] begin notify
[2017-06-23 17:24:14][debug] call back:{"appid":"wxd46e99b7f83183e1","bank_type":"CFT","cash_fee":"100","fee_type":"CNY","is_subscribe":"Y","mch_id":"1383580102","nonce_str":"a61rv51ybqm414ww86qzquw33vu91jli","openid":"ovxXWv5Ldfh1B4nho4C-Jz6Kgma0","out_trade_no":"2017062317238822","result_code":"SUCCESS","return_code":"SUCCESS","sign":"0100AA79199EAC5911360F733EC3B2B5","time_end":"20170623172359","total_fee":"100","trade_type":"JSAPI","transaction_id":"4005242001201706237065405611"}
[2017-06-23 17:24:14][debug] query:{"appid":"wxd46e99b7f83183e1","err_code":"ORDERNOTEXIST","err_code_des":"order not exist","mch_id":"1383580102","nonce_str":"gwXXysMUQCdiAU1t","result_code":"FAIL","return_code":"SUCCESS","return_msg":"OK","sign":"038F9898FE1A88E867D0E7A1C6187928"}
[2017-06-23 17:24:31][debug] begin notify
[2017-06-23 17:24:31][debug] call back:{"appid":"wxd46e99b7f83183e1","bank_type":"CFT","cash_fee":"100","fee_type":"CNY","is_subscribe":"Y","mch_id":"1383580102","nonce_str":"a61rv51ybqm414ww86qzquw33vu91jli","openid":"ovxXWv5Ldfh1B4nho4C-Jz6Kgma0","out_trade_no":"2017062317238822","result_code":"SUCCESS","return_code":"SUCCESS","sign":"0100AA79199EAC5911360F733EC3B2B5","time_end":"20170623172359","total_fee":"100","trade_type":"JSAPI","transaction_id":"4005242001201706237065405611"}
[2017-06-23 17:24:31][debug] query:{"appid":"wxd46e99b7f83183e1","err_code":"ORDERNOTEXIST","err_code_des":"order not exist","mch_id":"1383580102","nonce_str":"jNZ1dtoxsUyuMdao","result_code":"FAIL","return_code":"SUCCESS","return_msg":"OK","sign":"7D32FDBB7269435E48727B947927972B"}
[2017-06-23 17:25:02][debug] begin notify
[2017-06-23 17:25:02][debug] call back:{"appid":"wxd46e99b7f83183e1","bank_type":"CFT","cash_fee":"100","fee_type":"CNY","is_subscribe":"Y","mch_id":"1383580102","nonce_str":"a61rv51ybqm414ww86qzquw33vu91jli","openid":"ovxXWv5Ldfh1B4nho4C-Jz6Kgma0","out_trade_no":"2017062317238822","result_code":"SUCCESS","return_code":"SUCCESS","sign":"0100AA79199EAC5911360F733EC3B2B5","time_end":"20170623172359","total_fee":"100","trade_type":"JSAPI","transaction_id":"4005242001201706237065405611"}
[2017-06-23 17:25:02][debug] query:{"appid":"wxd46e99b7f83183e1","err_code":"ORDERNOTEXIST","err_code_des":"order not exist","mch_id":"1383580102","nonce_str":"J6Cfemgk6FhK8VFF","result_code":"FAIL","return_code":"SUCCESS","return_msg":"OK","sign":"47F43EE55E79546E2AEB62E7BA990190"}
[2017-06-23 17:26:27][debug] begin notify
[2017-06-23 17:26:28][debug] query:{"appid":"wxd46e99b7f83183e1","attach":[],"bank_type":"CFT","cash_fee":"100","fee_type":"CNY","is_subscribe":"Y","mch_id":"1383580102","nonce_str":"dRvbL5zaKzNnmJA9","openid":"ovxXWv5Ldfh1B4nho4C-Jz6Kgma0","out_trade_no":"2017062317238822","result_code":"SUCCESS","return_code":"SUCCESS","return_msg":"OK","sign":"DFFF7E6F103716D632210FED24157ECE","time_end":"20170623172359","total_fee":"100","trade_state":"SUCCESS","trade_type":"JSAPI","transaction_id":"4005242001201706237065405611"}
[2017-06-23 17:26:54][debug] begin notify
[2017-06-23 17:26:54][debug] query:{"appid":"wxd46e99b7f83183e1","attach":[],"bank_type":"CFT","cash_fee":"100","fee_type":"CNY","is_subscribe":"Y","mch_id":"1383580102","nonce_str":"FkVJ6YlL7yZtTzlo","openid":"ovxXWv5Ldfh1B4nho4C-Jz6Kgma0","out_trade_no":"2017062317238822","result_code":"SUCCESS","return_code":"SUCCESS","return_msg":"OK","sign":"9028287C7C192C1169CC572247CB154C","time_end":"20170623172359","total_fee":"100","trade_state":"SUCCESS","trade_type":"JSAPI","transaction_id":"4005242001201706237065405611"}
[2017-06-23 17:27:15][debug] begin notify
[2017-06-23 17:27:16][debug] query:{"appid":"wxd46e99b7f83183e1","attach":[],"bank_type":"CFT","cash_fee":"100","fee_type":"CNY","is_subscribe":"Y","mch_id":"1383580102","nonce_str":"LJvDi8H2GUDJwFvE","openid":"ovxXWv5Ldfh1B4nho4C-Jz6Kgma0","out_trade_no":"2017062317238822","result_code":"SUCCESS","return_code":"SUCCESS","return_msg":"OK","sign":"28B895F33BD23DFF4A0D4A33B452944E","time_end":"20170623172359","total_fee":"100","trade_state":"SUCCESS","trade_type":"JSAPI","transaction_id":"4005242001201706237065405611"}
[2017-06-23 17:28:05][debug] begin notify
[2017-06-23 17:28:05][debug] call back:{"appid":"wxd46e99b7f83183e1","bank_type":"CFT","cash_fee":"100","fee_type":"CNY","is_subscribe":"Y","mch_id":"1383580102","nonce_str":"a61rv51ybqm414ww86qzquw33vu91jli","openid":"ovxXWv5Ldfh1B4nho4C-Jz6Kgma0","out_trade_no":"2017062317238822","result_code":"SUCCESS","return_code":"SUCCESS","sign":"0100AA79199EAC5911360F733EC3B2B5","time_end":"20170623172359","total_fee":"100","trade_type":"JSAPI","transaction_id":"4005242001201706237065405611"}
[2017-06-23 17:28:05][debug] query:{"appid":"wxd46e99b7f83183e1","err_code":"ORDERNOTEXIST","err_code_des":"order not exist","mch_id":"1383580102","nonce_str":"vPJEvwCXwZtYlcSQ","result_code":"FAIL","return_code":"SUCCESS","return_msg":"OK","sign":"2B6E41576F03734BBF8D1658C0AC25D2"}
[2017-06-23 17:28:46][debug] begin notify
[2017-06-23 17:28:46][debug] query:{"appid":"wxd46e99b7f83183e1","attach":[],"bank_type":"CFT","cash_fee":"100","fee_type":"CNY","is_subscribe":"Y","mch_id":"1383580102","nonce_str":"cWZzRhimjxQjG4LR","openid":"ovxXWv5Ldfh1B4nho4C-Jz6Kgma0","out_trade_no":"2017062317238822","result_code":"SUCCESS","return_code":"SUCCESS","return_msg":"OK","sign":"13AF7A17540316C6BC2B7A0D3253AADF","time_end":"20170623172359","total_fee":"100","trade_state":"SUCCESS","trade_type":"JSAPI","transaction_id":"4005242001201706237065405611"}
[2017-06-23 17:36:02][debug] begin notify
[2017-06-23 17:36:02][debug] query:{"appid":"wxd46e99b7f83183e1","mch_id":"1383580102","nonce_str":"ZMS2N9bObNDkvyCJ","out_trade_no":"201706231524368123","result_code":"SUCCESS","return_code":"SUCCESS","return_msg":"OK","sign":"FC9BE47A5E0672142320B9F3F86ABFF1","trade_state":"NOTPAY","trade_state_desc":"\u8ba2\u5355\u672a\u652f\u4ed8"}
[2017-06-23 17:36:12][debug] begin notify
[2017-06-23 17:36:12][debug] query:{"appid":"wxd46e99b7f83183e1","mch_id":"1383580102","nonce_str":"O4AZO3h5x4mgPwIX","out_trade_no":"201706231524368123","result_code":"SUCCESS","return_code":"SUCCESS","return_msg":"OK","sign":"1CDDC240DF1CD396303EA9BDE4490D79","trade_state":"NOTPAY","trade_state_desc":"\u8ba2\u5355\u672a\u652f\u4ed8"}
[2017-06-23 17:38:01][debug] begin notify
[2017-06-23 17:38:01][debug] query:{"appid":"wxd46e99b7f83183e1","attach":[],"bank_type":"CFT","cash_fee":"100","fee_type":"CNY","is_subscribe":"Y","mch_id":"1383580102","nonce_str":"pVxJu1t1PnBvCf6U","openid":"ovxXWv5Ldfh1B4nho4C-Jz6Kgma0","out_trade_no":"2017062317238822","result_code":"SUCCESS","return_code":"SUCCESS","return_msg":"OK","sign":"491985BC5719AA68400326FC9A47909F","time_end":"20170623172359","total_fee":"100","trade_state":"SUCCESS","trade_type":"JSAPI","transaction_id":"4005242001201706237065405611"}
[2017-06-23 17:42:20][debug] begin notify
[2017-06-23 17:42:20][debug] query:{"appid":"wxd46e99b7f83183e1","mch_id":"1383580102","nonce_str":"7hhiaw06mEncnWs9","out_trade_no":"201706231524368123","result_code":"SUCCESS","return_code":"SUCCESS","return_msg":"OK","sign":"F991CE54EED43BAED58B97C714E56F88","trade_state":"NOTPAY","trade_state_desc":"\u8ba2\u5355\u672a\u652f\u4ed8"}
[2017-06-23 17:43:48][debug] begin notify
[2017-06-23 17:43:48][debug] query:{"appid":"wxd46e99b7f83183e1","attach":[],"bank_type":"CFT","cash_fee":"100","fee_type":"CNY","is_subscribe":"Y","mch_id":"1383580102","nonce_str":"QtTHhyx7REG86WVr","openid":"ovxXWv5Ldfh1B4nho4C-Jz6Kgma0","out_trade_no":"2017062317238822","result_code":"SUCCESS","return_code":"SUCCESS","return_msg":"OK","sign":"9A50EDAB31F3BCC651F355F2B2FF68AC","time_end":"20170623172359","total_fee":"100","trade_state":"SUCCESS","trade_type":"JSAPI","transaction_id":"4005242001201706237065405611"}
[2017-06-23 17:46:26][debug] begin notify
[2017-06-23 17:46:26][debug] query:{"appid":"wxd46e99b7f83183e1","mch_id":"1383580102","nonce_str":"DBlmWNdgPcWONafO","out_trade_no":"201706231745421357","result_code":"SUCCESS","return_code":"SUCCESS","return_msg":"OK","sign":"414D43E9CC51C0B8E409ED3BB54B1136","trade_state":"NOTPAY","trade_state_desc":"\u8ba2\u5355\u672a\u652f\u4ed8"}
[2017-06-23 17:54:12][debug] begin notify
[2017-06-23 17:54:12][debug] query:{"appid":"wxd46e99b7f83183e1","attach":[],"bank_type":"CFT","cash_fee":"100","fee_type":"CNY","is_subscribe":"Y","mch_id":"1383580102","nonce_str":"kcRFMrtdR6Be6oME","openid":"ovxXWv5Ldfh1B4nho4C-Jz6Kgma0","out_trade_no":"2017062317238822","result_code":"SUCCESS","return_code":"SUCCESS","return_msg":"OK","sign":"C52F764D2347FABB52D365FA32AB639E","time_end":"20170623172359","total_fee":"100","trade_state":"SUCCESS","trade_type":"JSAPI","transaction_id":"4005242001201706237065405611"}
[2017-06-23 17:56:34][debug] begin notify
[2017-06-23 17:56:34][debug] query:{"appid":"wxd46e99b7f83183e1","attach":[],"bank_type":"CFT","cash_fee":"100","fee_type":"CNY","is_subscribe":"Y","mch_id":"1383580102","nonce_str":"o0sSO1EXoeL1nPwl","openid":"ovxXWv5Ldfh1B4nho4C-Jz6Kgma0","out_trade_no":"2017062317238822","result_code":"SUCCESS","return_code":"SUCCESS","return_msg":"OK","sign":"054D8DFE67E29B95E07498D496F684FE","time_end":"20170623172359","total_fee":"100","trade_state":"SUCCESS","trade_type":"JSAPI","transaction_id":"4005242001201706237065405611"}
[2017-06-23 17:57:03][debug] begin notify
[2017-06-23 17:57:03][debug] query:{"appid":"wxd46e99b7f83183e1","attach":[],"bank_type":"CFT","cash_fee":"100","fee_type":"CNY","is_subscribe":"Y","mch_id":"1383580102","nonce_str":"4Tl57WflxBzNsW5N","openid":"ovxXWv5Ldfh1B4nho4C-Jz6Kgma0","out_trade_no":"2017062317238822","result_code":"SUCCESS","return_code":"SUCCESS","return_msg":"OK","sign":"0B29BD0C9E85C4FFA2056D2156130200","time_end":"20170623172359","total_fee":"100","trade_state":"SUCCESS","trade_type":"JSAPI","transaction_id":"4005242001201706237065405611"}
[2017-06-23 17:58:07][debug] begin notify
[2017-06-23 17:58:07][debug] call back:{"appid":"wxd46e99b7f83183e1","bank_type":"CFT","cash_fee":"100","fee_type":"CNY","is_subscribe":"Y","mch_id":"1383580102","nonce_str":"a61rv51ybqm414ww86qzquw33vu91jli","openid":"ovxXWv5Ldfh1B4nho4C-Jz6Kgma0","out_trade_no":"2017062317238822","result_code":"SUCCESS","return_code":"SUCCESS","sign":"0100AA79199EAC5911360F733EC3B2B5","time_end":"20170623172359","total_fee":"100","trade_type":"JSAPI","transaction_id":"4005242001201706237065405611"}
[2017-06-23 17:58:07][debug] query:{"appid":"wxd46e99b7f83183e1","err_code":"ORDERNOTEXIST","err_code_des":"order not exist","mch_id":"1383580102","nonce_str":"yUvyA8MezW6ZQ1u9","result_code":"FAIL","return_code":"SUCCESS","return_msg":"OK","sign":"58C71B9CF68E1D7CF03AC74A78917639"}
[2017-06-23 18:05:25][debug] begin notify
[2017-06-23 18:05:25][debug] call back:{"appid":"wxd46e99b7f83183e1","bank_type":"CFT","cash_fee":"100","fee_type":"CNY","is_subscribe":"Y","mch_id":"1383580102","nonce_str":"1m61dzhbyghwtmwfb1kd5gwox3x9uhfr","openid":"ovxXWv5Ldfh1B4nho4C-Jz6Kgma0","out_trade_no":"201706231805141182","result_code":"SUCCESS","return_code":"SUCCESS","sign":"BE3DD9BA060D43330697BDD627707B2E","time_end":"20170623180525","total_fee":"100","trade_type":"JSAPI","transaction_id":"4005242001201706237071465422"}
[2017-06-23 18:05:25][debug] query:{"appid":"wxd46e99b7f83183e1","err_code":"ORDERNOTEXIST","err_code_des":"order not exist","mch_id":"1383580102","nonce_str":"vzEHY6jswkY79V3u","result_code":"FAIL","return_code":"SUCCESS","return_msg":"OK","sign":"C2E28478E018659F91EA4F441865FB0A"}
[2017-06-23 18:05:28][debug] begin notify
[2017-06-23 18:05:28][debug] query:{"appid":"wxd46e99b7f83183e1","attach":[],"bank_type":"CFT","cash_fee":"100","fee_type":"CNY","is_subscribe":"Y","mch_id":"1383580102","nonce_str":"dBD7SeQEDc1h0Heo","openid":"ovxXWv5Ldfh1B4nho4C-Jz6Kgma0","out_trade_no":"201706231805141182","result_code":"SUCCESS","return_code":"SUCCESS","return_msg":"OK","sign":"38CE1955EF5C58E578E8AC8DEC35740F","time_end":"20170623180525","total_fee":"100","trade_state":"SUCCESS","trade_type":"JSAPI","transaction_id":"4005242001201706237071465422"}
[2017-06-23 18:05:35][debug] begin notify
[2017-06-23 18:05:35][debug] call back:{"appid":"wxd46e99b7f83183e1","bank_type":"CFT","cash_fee":"100","fee_type":"CNY","is_subscribe":"Y","mch_id":"1383580102","nonce_str":"1m61dzhbyghwtmwfb1kd5gwox3x9uhfr","openid":"ovxXWv5Ldfh1B4nho4C-Jz6Kgma0","out_trade_no":"201706231805141182","result_code":"SUCCESS","return_code":"SUCCESS","sign":"BE3DD9BA060D43330697BDD627707B2E","time_end":"20170623180525","total_fee":"100","trade_type":"JSAPI","transaction_id":"4005242001201706237071465422"}
[2017-06-23 18:05:35][debug] query:{"appid":"wxd46e99b7f83183e1","err_code":"ORDERNOTEXIST","err_code_des":"order not exist","mch_id":"1383580102","nonce_str":"lTYa4HQ3JP35AHK7","result_code":"FAIL","return_code":"SUCCESS","return_msg":"OK","sign":"99DA30FEAD22572ED42295BE59A43D54"}
[2017-06-23 18:05:51][debug] begin notify
[2017-06-23 18:05:51][debug] call back:{"appid":"wxd46e99b7f83183e1","bank_type":"CFT","cash_fee":"100","fee_type":"CNY","is_subscribe":"Y","mch_id":"1383580102","nonce_str":"1m61dzhbyghwtmwfb1kd5gwox3x9uhfr","openid":"ovxXWv5Ldfh1B4nho4C-Jz6Kgma0","out_trade_no":"201706231805141182","result_code":"SUCCESS","return_code":"SUCCESS","sign":"BE3DD9BA060D43330697BDD627707B2E","time_end":"20170623180525","total_fee":"100","trade_type":"JSAPI","transaction_id":"4005242001201706237071465422"}
[2017-06-23 18:05:52][debug] query:{"appid":"wxd46e99b7f83183e1","err_code":"ORDERNOTEXIST","err_code_des":"order not exist","mch_id":"1383580102","nonce_str":"zU6ICIYt6OiUx5FK","result_code":"FAIL","return_code":"SUCCESS","return_msg":"OK","sign":"204E9F05226E14ACEFF218DAA5445CE3"}
[2017-06-23 18:06:24][debug] begin notify
[2017-06-23 18:06:24][debug] call back:{"appid":"wxd46e99b7f83183e1","bank_type":"CFT","cash_fee":"100","fee_type":"CNY","is_subscribe":"Y","mch_id":"1383580102","nonce_str":"1m61dzhbyghwtmwfb1kd5gwox3x9uhfr","openid":"ovxXWv5Ldfh1B4nho4C-Jz6Kgma0","out_trade_no":"201706231805141182","result_code":"SUCCESS","return_code":"SUCCESS","sign":"BE3DD9BA060D43330697BDD627707B2E","time_end":"20170623180525","total_fee":"100","trade_type":"JSAPI","transaction_id":"4005242001201706237071465422"}
[2017-06-23 18:06:24][debug] query:{"appid":"wxd46e99b7f83183e1","err_code":"ORDERNOTEXIST","err_code_des":"order not exist","mch_id":"1383580102","nonce_str":"tBh0OOcOAB4xBfBF","result_code":"FAIL","return_code":"SUCCESS","return_msg":"OK","sign":"76CA5A4DE2D446F20239385D2BBFA797"}
[2017-06-23 18:09:28][debug] begin notify
[2017-06-23 18:09:28][debug] call back:{"appid":"wxd46e99b7f83183e1","bank_type":"CFT","cash_fee":"100","fee_type":"CNY","is_subscribe":"Y","mch_id":"1383580102","nonce_str":"1m61dzhbyghwtmwfb1kd5gwox3x9uhfr","openid":"ovxXWv5Ldfh1B4nho4C-Jz6Kgma0","out_trade_no":"201706231805141182","result_code":"SUCCESS","return_code":"SUCCESS","sign":"BE3DD9BA060D43330697BDD627707B2E","time_end":"20170623180525","total_fee":"100","trade_type":"JSAPI","transaction_id":"4005242001201706237071465422"}
[2017-06-23 18:09:28][debug] query:{"appid":"wxd46e99b7f83183e1","err_code":"ORDERNOTEXIST","err_code_des":"order not exist","mch_id":"1383580102","nonce_str":"E9C73o25Ztlmh49Q","result_code":"FAIL","return_code":"SUCCESS","return_msg":"OK","sign":"42B8BAA19B8C57BBC81C0F1064217298"}
[2017-06-23 18:11:11][debug] begin notify
[2017-06-23 18:11:11][debug] query:{"appid":"wxd46e99b7f83183e1","mch_id":"1383580102","nonce_str":"NW5N6z0kaAgGKT2u","out_trade_no":"201706231522008278","result_code":"SUCCESS","return_code":"SUCCESS","return_msg":"OK","sign":"64E41A022349090A170B66A31AB763C5","trade_state":"NOTPAY","trade_state_desc":"\u8ba2\u5355\u672a\u652f\u4ed8"}
[2017-06-23 18:13:55][debug] begin notify
[2017-06-23 18:13:55][debug] query:{"appid":"wxd46e99b7f83183e1","mch_id":"1383580102","nonce_str":"arDXrFKAhlXDWwCj","out_trade_no":"201706231813405350","result_code":"SUCCESS","return_code":"SUCCESS","return_msg":"OK","sign":"60843955E0F2DA8E800E3BE95FC20511","trade_state":"NOTPAY","trade_state_desc":"\u8ba2\u5355\u672a\u652f\u4ed8"}
[2017-06-23 18:28:09][debug] begin notify
[2017-06-23 18:28:09][debug] call back:{"appid":"wxd46e99b7f83183e1","bank_type":"CFT","cash_fee":"100","fee_type":"CNY","is_subscribe":"Y","mch_id":"1383580102","nonce_str":"a61rv51ybqm414ww86qzquw33vu91jli","openid":"ovxXWv5Ldfh1B4nho4C-Jz6Kgma0","out_trade_no":"2017062317238822","result_code":"SUCCESS","return_code":"SUCCESS","sign":"0100AA79199EAC5911360F733EC3B2B5","time_end":"20170623172359","total_fee":"100","trade_type":"JSAPI","transaction_id":"4005242001201706237065405611"}
[2017-06-23 18:28:09][debug] query:{"appid":"wxd46e99b7f83183e1","err_code":"ORDERNOTEXIST","err_code_des":"order not exist","mch_id":"1383580102","nonce_str":"ysVQDjRGkO7XS9zV","result_code":"FAIL","return_code":"SUCCESS","return_msg":"OK","sign":"CE22F06186D8EAF069BEEBB0540F1E88"}
[2017-06-23 18:39:30][debug] begin notify
[2017-06-23 18:39:30][debug] call back:{"appid":"wxd46e99b7f83183e1","bank_type":"CFT","cash_fee":"100","fee_type":"CNY","is_subscribe":"Y","mch_id":"1383580102","nonce_str":"1m61dzhbyghwtmwfb1kd5gwox3x9uhfr","openid":"ovxXWv5Ldfh1B4nho4C-Jz6Kgma0","out_trade_no":"201706231805141182","result_code":"SUCCESS","return_code":"SUCCESS","sign":"BE3DD9BA060D43330697BDD627707B2E","time_end":"20170623180525","total_fee":"100","trade_type":"JSAPI","transaction_id":"4005242001201706237071465422"}
[2017-06-23 18:39:30][debug] query:{"appid":"wxd46e99b7f83183e1","err_code":"ORDERNOTEXIST","err_code_des":"order not exist","mch_id":"1383580102","nonce_str":"XtohF1vNGPt0cuIx","result_code":"FAIL","return_code":"SUCCESS","return_msg":"OK","sign":"4372F0DEBCBA7FFDBD8A95C9251B680F"}
[2017-06-23 18:58:11][debug] begin notify
[2017-06-23 18:58:11][debug] call back:{"appid":"wxd46e99b7f83183e1","bank_type":"CFT","cash_fee":"100","fee_type":"CNY","is_subscribe":"Y","mch_id":"1383580102","nonce_str":"a61rv51ybqm414ww86qzquw33vu91jli","openid":"ovxXWv5Ldfh1B4nho4C-Jz6Kgma0","out_trade_no":"2017062317238822","result_code":"SUCCESS","return_code":"SUCCESS","sign":"0100AA79199EAC5911360F733EC3B2B5","time_end":"20170623172359","total_fee":"100","trade_type":"JSAPI","transaction_id":"4005242001201706237065405611"}
[2017-06-23 18:58:12][debug] query:{"appid":"wxd46e99b7f83183e1","err_code":"ORDERNOTEXIST","err_code_des":"order not exist","mch_id":"1383580102","nonce_str":"hfLmRkqdOWaxILu8","result_code":"FAIL","return_code":"SUCCESS","return_msg":"OK","sign":"DF327FD4A4370A82E2959935D1E4522D"}
[2017-06-23 19:09:31][debug] begin notify
[2017-06-23 19:09:31][debug] call back:{"appid":"wxd46e99b7f83183e1","bank_type":"CFT","cash_fee":"100","fee_type":"CNY","is_subscribe":"Y","mch_id":"1383580102","nonce_str":"1m61dzhbyghwtmwfb1kd5gwox3x9uhfr","openid":"ovxXWv5Ldfh1B4nho4C-Jz6Kgma0","out_trade_no":"201706231805141182","result_code":"SUCCESS","return_code":"SUCCESS","sign":"BE3DD9BA060D43330697BDD627707B2E","time_end":"20170623180525","total_fee":"100","trade_type":"JSAPI","transaction_id":"4005242001201706237071465422"}
[2017-06-23 19:09:31][debug] query:{"appid":"wxd46e99b7f83183e1","err_code":"ORDERNOTEXIST","err_code_des":"order not exist","mch_id":"1383580102","nonce_str":"J2HV76Ki1ptDf354","result_code":"FAIL","return_code":"SUCCESS","return_msg":"OK","sign":"B12F6721826BC83CFAA32BF9C133E4AF"}
[2017-06-23 19:28:13][debug] begin notify
[2017-06-23 19:28:13][debug] call back:{"appid":"wxd46e99b7f83183e1","bank_type":"CFT","cash_fee":"100","fee_type":"CNY","is_subscribe":"Y","mch_id":"1383580102","nonce_str":"a61rv51ybqm414ww86qzquw33vu91jli","openid":"ovxXWv5Ldfh1B4nho4C-Jz6Kgma0","out_trade_no":"2017062317238822","result_code":"SUCCESS","return_code":"SUCCESS","sign":"0100AA79199EAC5911360F733EC3B2B5","time_end":"20170623172359","total_fee":"100","trade_type":"JSAPI","transaction_id":"4005242001201706237065405611"}
[2017-06-23 19:28:14][debug] query:{"appid":"wxd46e99b7f83183e1","err_code":"ORDERNOTEXIST","err_code_des":"order not exist","mch_id":"1383580102","nonce_str":"CYvpBFVIgFBqBpts","result_code":"FAIL","return_code":"SUCCESS","return_msg":"OK","sign":"05B16C0591771780D1BBD16840898182"}
[2017-06-23 19:39:33][debug] begin notify
[2017-06-23 19:39:33][debug] call back:{"appid":"wxd46e99b7f83183e1","bank_type":"CFT","cash_fee":"100","fee_type":"CNY","is_subscribe":"Y","mch_id":"1383580102","nonce_str":"1m61dzhbyghwtmwfb1kd5gwox3x9uhfr","openid":"ovxXWv5Ldfh1B4nho4C-Jz6Kgma0","out_trade_no":"201706231805141182","result_code":"SUCCESS","return_code":"SUCCESS","sign":"BE3DD9BA060D43330697BDD627707B2E","time_end":"20170623180525","total_fee":"100","trade_type":"JSAPI","transaction_id":"4005242001201706237071465422"}
[2017-06-23 19:39:33][debug] query:{"appid":"wxd46e99b7f83183e1","err_code":"ORDERNOTEXIST","err_code_des":"order not exist","mch_id":"1383580102","nonce_str":"yqm9tgRvr4u7jmhu","result_code":"FAIL","return_code":"SUCCESS","return_msg":"OK","sign":"0F32C3EA83995D151D44C39AD93D33C7"}
[2017-06-23 20:09:36][debug] begin notify
[2017-06-23 20:09:36][debug] call back:{"appid":"wxd46e99b7f83183e1","bank_type":"CFT","cash_fee":"100","fee_type":"CNY","is_subscribe":"Y","mch_id":"1383580102","nonce_str":"1m61dzhbyghwtmwfb1kd5gwox3x9uhfr","openid":"ovxXWv5Ldfh1B4nho4C-Jz6Kgma0","out_trade_no":"201706231805141182","result_code":"SUCCESS","return_code":"SUCCESS","sign":"BE3DD9BA060D43330697BDD627707B2E","time_end":"20170623180525","total_fee":"100","trade_type":"JSAPI","transaction_id":"4005242001201706237071465422"}
[2017-06-23 20:09:36][debug] query:{"appid":"wxd46e99b7f83183e1","err_code":"ORDERNOTEXIST","err_code_des":"order not exist","mch_id":"1383580102","nonce_str":"rRvOxsIAyEoMC354","result_code":"FAIL","return_code":"SUCCESS","return_msg":"OK","sign":"431C420A1DB646DA3A671867CF3417A7"}
[2017-06-23 20:28:15][debug] begin notify
[2017-06-23 20:28:15][debug] call back:{"appid":"wxd46e99b7f83183e1","bank_type":"CFT","cash_fee":"100","fee_type":"CNY","is_subscribe":"Y","mch_id":"1383580102","nonce_str":"a61rv51ybqm414ww86qzquw33vu91jli","openid":"ovxXWv5Ldfh1B4nho4C-Jz6Kgma0","out_trade_no":"2017062317238822","result_code":"SUCCESS","return_code":"SUCCESS","sign":"0100AA79199EAC5911360F733EC3B2B5","time_end":"20170623172359","total_fee":"100","trade_type":"JSAPI","transaction_id":"4005242001201706237065405611"}
[2017-06-23 20:28:15][debug] query:{"appid":"wxd46e99b7f83183e1","err_code":"ORDERNOTEXIST","err_code_des":"order not exist","mch_id":"1383580102","nonce_str":"bBoKChe5ZKQKtiAv","result_code":"FAIL","return_code":"SUCCESS","return_msg":"OK","sign":"D75E3D665BC6A6C9EC193083C576588B"}
[2017-06-23 21:09:37][debug] begin notify
[2017-06-23 21:09:37][debug] call back:{"appid":"wxd46e99b7f83183e1","bank_type":"CFT","cash_fee":"100","fee_type":"CNY","is_subscribe":"Y","mch_id":"1383580102","nonce_str":"1m61dzhbyghwtmwfb1kd5gwox3x9uhfr","openid":"ovxXWv5Ldfh1B4nho4C-Jz6Kgma0","out_trade_no":"201706231805141182","result_code":"SUCCESS","return_code":"SUCCESS","sign":"BE3DD9BA060D43330697BDD627707B2E","time_end":"20170623180525","total_fee":"100","trade_type":"JSAPI","transaction_id":"4005242001201706237071465422"}
[2017-06-23 21:09:37][debug] query:{"appid":"wxd46e99b7f83183e1","err_code":"ORDERNOTEXIST","err_code_des":"order not exist","mch_id":"1383580102","nonce_str":"QrOR20gQXlQCAdZT","result_code":"FAIL","return_code":"SUCCESS","return_msg":"OK","sign":"7F70BC5CCDC2D9818521B4E7D79A3BA2"}
