[2017-05-11 19:42:11][debug] begin notify
[2017-05-11 19:42:11][debug] call back:{"appid":"wxd46e99b7f83183e1","bank_type":"CFT","cash_fee":"1","fee_type":"CNY","is_subscribe":"Y","mch_id":"1383580102","nonce_str":"nubngb4519fbral5h2xvonxvjump7h86","openid":"ovxXWv5Ldfh1B4nho4C-Jz6Kgma0","out_trade_no":"201705111942022249","result_code":"SUCCESS","return_code":"SUCCESS","sign":"49BD00B2E120980AFEADEDC52C3FDAA3","time_end":"20170511194210","total_fee":"1","trade_type":"JSAPI","transaction_id":"4005242001201705110449929099"}
[2017-05-11 19:42:11][debug] query:{"appid":"wxd46e99b7f83183e1","err_code":"ORDERNOTEXIST","err_code_des":"order not exist","mch_id":"1383580102","nonce_str":"vpt4fOSdwG8FwDqJ","result_code":"FAIL","return_code":"SUCCESS","return_msg":"OK","sign":"8C0AF8B367BDD0A3EE8E467A431F6F9B"}
[2017-05-11 19:42:15][debug] begin notify
[2017-05-11 19:42:15][debug] query:{"appid":"wxd46e99b7f83183e1","attach":[],"bank_type":"CFT","cash_fee":"1","fee_type":"CNY","is_subscribe":"Y","mch_id":"1383580102","nonce_str":"AdTrdSnkaLNcvFbP","openid":"ovxXWv5Ldfh1B4nho4C-Jz6Kgma0","out_trade_no":"201705111942022249","result_code":"SUCCESS","return_code":"SUCCESS","return_msg":"OK","sign":"C0AAB71755D1065ACE8E2D99A0EE4091","time_end":"20170511194211","total_fee":"1","trade_state":"SUCCESS","trade_type":"JSAPI","transaction_id":"4005242001201705110449929099"}
[2017-05-11 19:42:28][debug] begin notify
[2017-05-11 19:42:28][debug] call back:{"appid":"wxd46e99b7f83183e1","bank_type":"CFT","cash_fee":"1","fee_type":"CNY","is_subscribe":"Y","mch_id":"1383580102","nonce_str":"nubngb4519fbral5h2xvonxvjump7h86","openid":"ovxXWv5Ldfh1B4nho4C-Jz6Kgma0","out_trade_no":"201705111942022249","result_code":"SUCCESS","return_code":"SUCCESS","sign":"49BD00B2E120980AFEADEDC52C3FDAA3","time_end":"20170511194210","total_fee":"1","trade_type":"JSAPI","transaction_id":"4005242001201705110449929099"}
[2017-05-11 19:42:28][debug] query:{"appid":"wxd46e99b7f83183e1","err_code":"ORDERNOTEXIST","err_code_des":"order not exist","mch_id":"1383580102","nonce_str":"rsQkJf8G8NJn2ONi","result_code":"FAIL","return_code":"SUCCESS","return_msg":"OK","sign":"6B3BF3A9B740C1B3E16D897BB51A750A"}
[2017-05-11 19:42:45][debug] begin notify
[2017-05-11 19:42:45][debug] call back:{"appid":"wxd46e99b7f83183e1","bank_type":"CFT","cash_fee":"1","fee_type":"CNY","is_subscribe":"Y","mch_id":"1383580102","nonce_str":"nubngb4519fbral5h2xvonxvjump7h86","openid":"ovxXWv5Ldfh1B4nho4C-Jz6Kgma0","out_trade_no":"201705111942022249","result_code":"SUCCESS","return_code":"SUCCESS","sign":"49BD00B2E120980AFEADEDC52C3FDAA3","time_end":"20170511194210","total_fee":"1","trade_type":"JSAPI","transaction_id":"4005242001201705110449929099"}
[2017-05-11 19:42:47][debug] query:{"appid":"wxd46e99b7f83183e1","err_code":"ORDERNOTEXIST","err_code_des":"order not exist","mch_id":"1383580102","nonce_str":"3k9vNEZGxv9yQkM1","result_code":"FAIL","return_code":"SUCCESS","return_msg":"OK","sign":"B98988D3F7A5A59B1E59D35682FD0CC4"}
[2017-05-11 19:43:19][debug] begin notify
[2017-05-11 19:43:19][debug] call back:{"appid":"wxd46e99b7f83183e1","bank_type":"CFT","cash_fee":"1","fee_type":"CNY","is_subscribe":"Y","mch_id":"1383580102","nonce_str":"nubngb4519fbral5h2xvonxvjump7h86","openid":"ovxXWv5Ldfh1B4nho4C-Jz6Kgma0","out_trade_no":"201705111942022249","result_code":"SUCCESS","return_code":"SUCCESS","sign":"49BD00B2E120980AFEADEDC52C3FDAA3","time_end":"20170511194210","total_fee":"1","trade_type":"JSAPI","transaction_id":"4005242001201705110449929099"}
[2017-05-11 19:43:20][debug] query:{"appid":"wxd46e99b7f83183e1","err_code":"ORDERNOTEXIST","err_code_des":"order not exist","mch_id":"1383580102","nonce_str":"uN6vRC1RNpUgX4yK","result_code":"FAIL","return_code":"SUCCESS","return_msg":"OK","sign":"6916D2777D43C9F0575C1E05D8EC9191"}
[2017-05-11 19:46:21][debug] begin notify
[2017-05-11 19:46:21][debug] call back:{"appid":"wxd46e99b7f83183e1","bank_type":"CFT","cash_fee":"1","fee_type":"CNY","is_subscribe":"Y","mch_id":"1383580102","nonce_str":"nubngb4519fbral5h2xvonxvjump7h86","openid":"ovxXWv5Ldfh1B4nho4C-Jz6Kgma0","out_trade_no":"201705111942022249","result_code":"SUCCESS","return_code":"SUCCESS","sign":"49BD00B2E120980AFEADEDC52C3FDAA3","time_end":"20170511194210","total_fee":"1","trade_type":"JSAPI","transaction_id":"4005242001201705110449929099"}
[2017-05-11 19:46:21][debug] query:{"appid":"wxd46e99b7f83183e1","err_code":"ORDERNOTEXIST","err_code_des":"order not exist","mch_id":"1383580102","nonce_str":"08aZYEPJ9LPHHGye","result_code":"FAIL","return_code":"SUCCESS","return_msg":"OK","sign":"94CE941B8BF0C3649EF258F847D98D3D"}
[2017-05-11 20:16:24][debug] begin notify
[2017-05-11 20:16:24][debug] call back:{"appid":"wxd46e99b7f83183e1","bank_type":"CFT","cash_fee":"1","fee_type":"CNY","is_subscribe":"Y","mch_id":"1383580102","nonce_str":"nubngb4519fbral5h2xvonxvjump7h86","openid":"ovxXWv5Ldfh1B4nho4C-Jz6Kgma0","out_trade_no":"201705111942022249","result_code":"SUCCESS","return_code":"SUCCESS","sign":"49BD00B2E120980AFEADEDC52C3FDAA3","time_end":"20170511194210","total_fee":"1","trade_type":"JSAPI","transaction_id":"4005242001201705110449929099"}
[2017-05-11 20:16:24][debug] query:{"appid":"wxd46e99b7f83183e1","err_code":"ORDERNOTEXIST","err_code_des":"order not exist","mch_id":"1383580102","nonce_str":"iVyj1QKu6hAdpekR","result_code":"FAIL","return_code":"SUCCESS","return_msg":"OK","sign":"D1AB38778B8D15309D39B6126346CA1D"}
[2017-05-11 20:46:26][debug] begin notify
[2017-05-11 20:46:26][debug] call back:{"appid":"wxd46e99b7f83183e1","bank_type":"CFT","cash_fee":"1","fee_type":"CNY","is_subscribe":"Y","mch_id":"1383580102","nonce_str":"nubngb4519fbral5h2xvonxvjump7h86","openid":"ovxXWv5Ldfh1B4nho4C-Jz6Kgma0","out_trade_no":"201705111942022249","result_code":"SUCCESS","return_code":"SUCCESS","sign":"49BD00B2E120980AFEADEDC52C3FDAA3","time_end":"20170511194210","total_fee":"1","trade_type":"JSAPI","transaction_id":"4005242001201705110449929099"}
[2017-05-11 20:46:28][debug] query:{"appid":"wxd46e99b7f83183e1","err_code":"ORDERNOTEXIST","err_code_des":"order not exist","mch_id":"1383580102","nonce_str":"ipeP3aNjJKU5lzsr","result_code":"FAIL","return_code":"SUCCESS","return_msg":"OK","sign":"600EE96C9B9C15CED41CB768E5171D01"}
[2017-05-11 21:16:30][debug] begin notify
[2017-05-11 21:16:30][debug] call back:{"appid":"wxd46e99b7f83183e1","bank_type":"CFT","cash_fee":"1","fee_type":"CNY","is_subscribe":"Y","mch_id":"1383580102","nonce_str":"nubngb4519fbral5h2xvonxvjump7h86","openid":"ovxXWv5Ldfh1B4nho4C-Jz6Kgma0","out_trade_no":"201705111942022249","result_code":"SUCCESS","return_code":"SUCCESS","sign":"49BD00B2E120980AFEADEDC52C3FDAA3","time_end":"20170511194210","total_fee":"1","trade_type":"JSAPI","transaction_id":"4005242001201705110449929099"}
[2017-05-11 21:16:32][debug] query:{"appid":"wxd46e99b7f83183e1","err_code":"ORDERNOTEXIST","err_code_des":"order not exist","mch_id":"1383580102","nonce_str":"4ykvGxlnqWfNFd0s","result_code":"FAIL","return_code":"SUCCESS","return_msg":"OK","sign":"6FD4D667C4BEDB0A94CAB1DD0BAF85B0"}
[2017-05-11 21:46:33][debug] begin notify
[2017-05-11 21:46:33][debug] call back:{"appid":"wxd46e99b7f83183e1","bank_type":"CFT","cash_fee":"1","fee_type":"CNY","is_subscribe":"Y","mch_id":"1383580102","nonce_str":"nubngb4519fbral5h2xvonxvjump7h86","openid":"ovxXWv5Ldfh1B4nho4C-Jz6Kgma0","out_trade_no":"201705111942022249","result_code":"SUCCESS","return_code":"SUCCESS","sign":"49BD00B2E120980AFEADEDC52C3FDAA3","time_end":"20170511194210","total_fee":"1","trade_type":"JSAPI","transaction_id":"4005242001201705110449929099"}
[2017-05-11 21:46:34][debug] query:{"appid":"wxd46e99b7f83183e1","err_code":"ORDERNOTEXIST","err_code_des":"order not exist","mch_id":"1383580102","nonce_str":"JHotBACpJjCs6Pkj","result_code":"FAIL","return_code":"SUCCESS","return_msg":"OK","sign":"598CFC3E609286E9366EEE660DFC5CA6"}
[2017-05-11 22:46:35][debug] begin notify
[2017-05-11 22:46:35][debug] call back:{"appid":"wxd46e99b7f83183e1","bank_type":"CFT","cash_fee":"1","fee_type":"CNY","is_subscribe":"Y","mch_id":"1383580102","nonce_str":"nubngb4519fbral5h2xvonxvjump7h86","openid":"ovxXWv5Ldfh1B4nho4C-Jz6Kgma0","out_trade_no":"201705111942022249","result_code":"SUCCESS","return_code":"SUCCESS","sign":"49BD00B2E120980AFEADEDC52C3FDAA3","time_end":"20170511194210","total_fee":"1","trade_type":"JSAPI","transaction_id":"4005242001201705110449929099"}
[2017-05-11 22:46:35][debug] query:{"appid":"wxd46e99b7f83183e1","err_code":"ORDERNOTEXIST","err_code_des":"order not exist","mch_id":"1383580102","nonce_str":"pCK9x5pN6Mj8RjCQ","result_code":"FAIL","return_code":"SUCCESS","return_msg":"OK","sign":"5809B4048D88E5605C489D71FDFAD011"}
