[2017-06-06 06:20:12][debug] begin notify
[2017-06-06 06:20:12][debug] call back:{"appid":"wxd46e99b7f83183e1","bank_type":"CEB_CREDIT","cash_fee":"100","fee_type":"CNY","is_subscribe":"Y","mch_id":"1383580102","nonce_str":"p8z17wo6qow6xjpfxhwgh9hu00hws8mk","openid":"ovxXWv3CHJLsugBLuDQiCAxREFtE","out_trade_no":"201706060620052409","result_code":"SUCCESS","return_code":"SUCCESS","sign":"C3A994EB88B074866F98C405DFA0A956","time_end":"20170606062012","total_fee":"100","trade_type":"JSAPI","transaction_id":"4002902001201706064485184506"}
[2017-06-06 06:20:13][debug] query:{"appid":"wxd46e99b7f83183e1","err_code":"ORDERNOTEXIST","err_code_des":"order not exist","mch_id":"1383580102","nonce_str":"EPaNlUKvMn6ONXrB","result_code":"FAIL","return_code":"SUCCESS","return_msg":"OK","sign":"53A1CF9149BDB83A6AABAA3BDAC5D07B"}
[2017-06-06 06:20:14][debug] begin notify
[2017-06-06 06:20:15][debug] query:{"appid":"wxd46e99b7f83183e1","attach":[],"bank_type":"CEB_CREDIT","cash_fee":"100","fee_type":"CNY","is_subscribe":"Y","mch_id":"1383580102","nonce_str":"gZ3IlTIk4BX4lKhE","openid":"ovxXWv3CHJLsugBLuDQiCAxREFtE","out_trade_no":"201706060620052409","result_code":"SUCCESS","return_code":"SUCCESS","return_msg":"OK","sign":"469982640A22BD6A9F8668C8C396FCDD","time_end":"20170606062012","total_fee":"100","trade_state":"SUCCESS","trade_type":"JSAPI","transaction_id":"4002902001201706064485184506"}
[2017-06-06 06:20:22][debug] begin notify
[2017-06-06 06:20:22][debug] call back:{"appid":"wxd46e99b7f83183e1","bank_type":"CEB_CREDIT","cash_fee":"100","fee_type":"CNY","is_subscribe":"Y","mch_id":"1383580102","nonce_str":"p8z17wo6qow6xjpfxhwgh9hu00hws8mk","openid":"ovxXWv3CHJLsugBLuDQiCAxREFtE","out_trade_no":"201706060620052409","result_code":"SUCCESS","return_code":"SUCCESS","sign":"C3A994EB88B074866F98C405DFA0A956","time_end":"20170606062012","total_fee":"100","trade_type":"JSAPI","transaction_id":"4002902001201706064485184506"}
[2017-06-06 06:20:23][debug] query:{"appid":"wxd46e99b7f83183e1","err_code":"ORDERNOTEXIST","err_code_des":"order not exist","mch_id":"1383580102","nonce_str":"KWu6AcYTlxHLabRz","result_code":"FAIL","return_code":"SUCCESS","return_msg":"OK","sign":"79A0FD5CF670D51764BF40935E1B3418"}
[2017-06-06 06:20:41][debug] begin notify
[2017-06-06 06:20:41][debug] call back:{"appid":"wxd46e99b7f83183e1","bank_type":"CEB_CREDIT","cash_fee":"100","fee_type":"CNY","is_subscribe":"Y","mch_id":"1383580102","nonce_str":"p8z17wo6qow6xjpfxhwgh9hu00hws8mk","openid":"ovxXWv3CHJLsugBLuDQiCAxREFtE","out_trade_no":"201706060620052409","result_code":"SUCCESS","return_code":"SUCCESS","sign":"C3A994EB88B074866F98C405DFA0A956","time_end":"20170606062012","total_fee":"100","trade_type":"JSAPI","transaction_id":"4002902001201706064485184506"}
[2017-06-06 06:20:43][debug] query:{"appid":"wxd46e99b7f83183e1","err_code":"ORDERNOTEXIST","err_code_des":"order not exist","mch_id":"1383580102","nonce_str":"coakEOgn8Rb26IUB","result_code":"FAIL","return_code":"SUCCESS","return_msg":"OK","sign":"8BB0D2E0D5E264540A55489D9E081645"}
[2017-06-06 06:21:15][debug] begin notify
[2017-06-06 06:21:15][debug] call back:{"appid":"wxd46e99b7f83183e1","bank_type":"CEB_CREDIT","cash_fee":"100","fee_type":"CNY","is_subscribe":"Y","mch_id":"1383580102","nonce_str":"p8z17wo6qow6xjpfxhwgh9hu00hws8mk","openid":"ovxXWv3CHJLsugBLuDQiCAxREFtE","out_trade_no":"201706060620052409","result_code":"SUCCESS","return_code":"SUCCESS","sign":"C3A994EB88B074866F98C405DFA0A956","time_end":"20170606062012","total_fee":"100","trade_type":"JSAPI","transaction_id":"4002902001201706064485184506"}
[2017-06-06 06:21:16][debug] query:{"appid":"wxd46e99b7f83183e1","err_code":"ORDERNOTEXIST","err_code_des":"order not exist","mch_id":"1383580102","nonce_str":"qgQvqmMDc28j25Wp","result_code":"FAIL","return_code":"SUCCESS","return_msg":"OK","sign":"A184BDDBDC285F6B25D2B2BB5A317312"}
[2017-06-06 06:24:17][debug] begin notify
[2017-06-06 06:24:17][debug] call back:{"appid":"wxd46e99b7f83183e1","bank_type":"CEB_CREDIT","cash_fee":"100","fee_type":"CNY","is_subscribe":"Y","mch_id":"1383580102","nonce_str":"p8z17wo6qow6xjpfxhwgh9hu00hws8mk","openid":"ovxXWv3CHJLsugBLuDQiCAxREFtE","out_trade_no":"201706060620052409","result_code":"SUCCESS","return_code":"SUCCESS","sign":"C3A994EB88B074866F98C405DFA0A956","time_end":"20170606062012","total_fee":"100","trade_type":"JSAPI","transaction_id":"4002902001201706064485184506"}
[2017-06-06 06:24:17][debug] query:{"appid":"wxd46e99b7f83183e1","err_code":"ORDERNOTEXIST","err_code_des":"order not exist","mch_id":"1383580102","nonce_str":"osZfOir2n6zmT8MG","result_code":"FAIL","return_code":"SUCCESS","return_msg":"OK","sign":"7322E3FAE3CB111DC56624A36F299DBA"}
[2017-06-06 06:54:19][debug] begin notify
[2017-06-06 06:54:19][debug] call back:{"appid":"wxd46e99b7f83183e1","bank_type":"CEB_CREDIT","cash_fee":"100","fee_type":"CNY","is_subscribe":"Y","mch_id":"1383580102","nonce_str":"p8z17wo6qow6xjpfxhwgh9hu00hws8mk","openid":"ovxXWv3CHJLsugBLuDQiCAxREFtE","out_trade_no":"201706060620052409","result_code":"SUCCESS","return_code":"SUCCESS","sign":"C3A994EB88B074866F98C405DFA0A956","time_end":"20170606062012","total_fee":"100","trade_type":"JSAPI","transaction_id":"4002902001201706064485184506"}
[2017-06-06 06:54:21][debug] query:{"appid":"wxd46e99b7f83183e1","err_code":"ORDERNOTEXIST","err_code_des":"order not exist","mch_id":"1383580102","nonce_str":"sA8XJkHeWjedmETm","result_code":"FAIL","return_code":"SUCCESS","return_msg":"OK","sign":"E766A6FED939BCC65455DE873D48942A"}
[2017-06-06 07:24:23][debug] begin notify
[2017-06-06 07:24:23][debug] call back:{"appid":"wxd46e99b7f83183e1","bank_type":"CEB_CREDIT","cash_fee":"100","fee_type":"CNY","is_subscribe":"Y","mch_id":"1383580102","nonce_str":"p8z17wo6qow6xjpfxhwgh9hu00hws8mk","openid":"ovxXWv3CHJLsugBLuDQiCAxREFtE","out_trade_no":"201706060620052409","result_code":"SUCCESS","return_code":"SUCCESS","sign":"C3A994EB88B074866F98C405DFA0A956","time_end":"20170606062012","total_fee":"100","trade_type":"JSAPI","transaction_id":"4002902001201706064485184506"}
[2017-06-06 07:24:23][debug] query:{"appid":"wxd46e99b7f83183e1","err_code":"ORDERNOTEXIST","err_code_des":"order not exist","mch_id":"1383580102","nonce_str":"nPIb2O1zXbDkve62","result_code":"FAIL","return_code":"SUCCESS","return_msg":"OK","sign":"D8A7FE4ACA6051CB291BB7125502CB48"}
[2017-06-06 07:54:24][debug] begin notify
[2017-06-06 07:54:24][debug] call back:{"appid":"wxd46e99b7f83183e1","bank_type":"CEB_CREDIT","cash_fee":"100","fee_type":"CNY","is_subscribe":"Y","mch_id":"1383580102","nonce_str":"p8z17wo6qow6xjpfxhwgh9hu00hws8mk","openid":"ovxXWv3CHJLsugBLuDQiCAxREFtE","out_trade_no":"201706060620052409","result_code":"SUCCESS","return_code":"SUCCESS","sign":"C3A994EB88B074866F98C405DFA0A956","time_end":"20170606062012","total_fee":"100","trade_type":"JSAPI","transaction_id":"4002902001201706064485184506"}
[2017-06-06 07:54:26][debug] query:{"appid":"wxd46e99b7f83183e1","err_code":"ORDERNOTEXIST","err_code_des":"order not exist","mch_id":"1383580102","nonce_str":"32FNBLMd1kirIFl7","result_code":"FAIL","return_code":"SUCCESS","return_msg":"OK","sign":"88BEF23E86C3E971AA99D74268F0D812"}
[2017-06-06 08:24:27][debug] begin notify
[2017-06-06 08:24:27][debug] call back:{"appid":"wxd46e99b7f83183e1","bank_type":"CEB_CREDIT","cash_fee":"100","fee_type":"CNY","is_subscribe":"Y","mch_id":"1383580102","nonce_str":"p8z17wo6qow6xjpfxhwgh9hu00hws8mk","openid":"ovxXWv3CHJLsugBLuDQiCAxREFtE","out_trade_no":"201706060620052409","result_code":"SUCCESS","return_code":"SUCCESS","sign":"C3A994EB88B074866F98C405DFA0A956","time_end":"20170606062012","total_fee":"100","trade_type":"JSAPI","transaction_id":"4002902001201706064485184506"}
[2017-06-06 08:24:29][debug] query:{"appid":"wxd46e99b7f83183e1","err_code":"ORDERNOTEXIST","err_code_des":"order not exist","mch_id":"1383580102","nonce_str":"uEHdEF6nhkLwIzux","result_code":"FAIL","return_code":"SUCCESS","return_msg":"OK","sign":"2C557EA61BE938212E53CDEF376C672E"}
[2017-06-06 09:24:31][debug] begin notify
[2017-06-06 09:24:31][debug] call back:{"appid":"wxd46e99b7f83183e1","bank_type":"CEB_CREDIT","cash_fee":"100","fee_type":"CNY","is_subscribe":"Y","mch_id":"1383580102","nonce_str":"p8z17wo6qow6xjpfxhwgh9hu00hws8mk","openid":"ovxXWv3CHJLsugBLuDQiCAxREFtE","out_trade_no":"201706060620052409","result_code":"SUCCESS","return_code":"SUCCESS","sign":"C3A994EB88B074866F98C405DFA0A956","time_end":"20170606062012","total_fee":"100","trade_type":"JSAPI","transaction_id":"4002902001201706064485184506"}
[2017-06-06 09:24:32][debug] query:{"appid":"wxd46e99b7f83183e1","err_code":"ORDERNOTEXIST","err_code_des":"order not exist","mch_id":"1383580102","nonce_str":"yVvbyXDZSnNxZ9Lr","result_code":"FAIL","return_code":"SUCCESS","return_msg":"OK","sign":"8059A2AED6E34B29B4F73D542B1FD6C3"}
