[2017-05-27 11:36:31][debug] begin notify
[2017-05-27 11:36:31][debug] call back:{"appid":"wxd46e99b7f83183e1","bank_type":"CFT","cash_fee":"100","fee_type":"CNY","is_subscribe":"Y","mch_id":"1383580102","nonce_str":"3qvyziew3oyhroa0uscnh5qypp51e1fe","openid":"ovxXWvwz8SMTLTHeZpNyA-BjAtR0","out_trade_no":"201705271136214479","result_code":"SUCCESS","return_code":"SUCCESS","sign":"2C4A27B1375EA39D14E7A45C6C19D8AC","time_end":"20170527113630","total_fee":"100","trade_type":"JSAPI","transaction_id":"4010042001201705272817012599"}
[2017-05-27 11:36:32][debug] query:{"appid":"wxd46e99b7f83183e1","err_code":"ORDERNOTEXIST","err_code_des":"order not exist","mch_id":"1383580102","nonce_str":"WzjIRL3nT3VEzaC0","result_code":"FAIL","return_code":"SUCCESS","return_msg":"OK","sign":"2661B1240FD86853447588764107E554"}
[2017-05-27 11:36:34][debug] begin notify
[2017-05-27 11:36:34][debug] query:{"appid":"wxd46e99b7f83183e1","attach":[],"bank_type":"CFT","cash_fee":"100","fee_type":"CNY","is_subscribe":"Y","mch_id":"1383580102","nonce_str":"oFLqwoX86NVgz7He","openid":"ovxXWvwz8SMTLTHeZpNyA-BjAtR0","out_trade_no":"201705271136214479","result_code":"SUCCESS","return_code":"SUCCESS","return_msg":"OK","sign":"D1A3E731A30BB45684484A0B74C4CD68","time_end":"20170527113630","total_fee":"100","trade_state":"SUCCESS","trade_type":"JSAPI","transaction_id":"4010042001201705272817012599"}
[2017-05-27 11:36:47][debug] begin notify
[2017-05-27 11:36:47][debug] call back:{"appid":"wxd46e99b7f83183e1","bank_type":"CFT","cash_fee":"100","fee_type":"CNY","is_subscribe":"Y","mch_id":"1383580102","nonce_str":"3qvyziew3oyhroa0uscnh5qypp51e1fe","openid":"ovxXWvwz8SMTLTHeZpNyA-BjAtR0","out_trade_no":"201705271136214479","result_code":"SUCCESS","return_code":"SUCCESS","sign":"2C4A27B1375EA39D14E7A45C6C19D8AC","time_end":"20170527113630","total_fee":"100","trade_type":"JSAPI","transaction_id":"4010042001201705272817012599"}
[2017-05-27 11:36:48][debug] query:{"appid":"wxd46e99b7f83183e1","err_code":"ORDERNOTEXIST","err_code_des":"order not exist","mch_id":"1383580102","nonce_str":"eU0BCa2uQ3FRjj0L","result_code":"FAIL","return_code":"SUCCESS","return_msg":"OK","sign":"E6B9CB317E44FD80DD6B4CEA2269DDDA"}
[2017-05-27 11:37:06][debug] begin notify
[2017-05-27 11:37:06][debug] call back:{"appid":"wxd46e99b7f83183e1","bank_type":"CFT","cash_fee":"100","fee_type":"CNY","is_subscribe":"Y","mch_id":"1383580102","nonce_str":"3qvyziew3oyhroa0uscnh5qypp51e1fe","openid":"ovxXWvwz8SMTLTHeZpNyA-BjAtR0","out_trade_no":"201705271136214479","result_code":"SUCCESS","return_code":"SUCCESS","sign":"2C4A27B1375EA39D14E7A45C6C19D8AC","time_end":"20170527113630","total_fee":"100","trade_type":"JSAPI","transaction_id":"4010042001201705272817012599"}
[2017-05-27 11:37:07][debug] query:{"appid":"wxd46e99b7f83183e1","err_code":"ORDERNOTEXIST","err_code_des":"order not exist","mch_id":"1383580102","nonce_str":"kOyQm1REMPw66XJf","result_code":"FAIL","return_code":"SUCCESS","return_msg":"OK","sign":"479E0EB0504B1A1CC0D37C20472CFE47"}
[2017-05-27 11:37:40][debug] begin notify
[2017-05-27 11:37:40][debug] call back:{"appid":"wxd46e99b7f83183e1","bank_type":"CFT","cash_fee":"100","fee_type":"CNY","is_subscribe":"Y","mch_id":"1383580102","nonce_str":"3qvyziew3oyhroa0uscnh5qypp51e1fe","openid":"ovxXWvwz8SMTLTHeZpNyA-BjAtR0","out_trade_no":"201705271136214479","result_code":"SUCCESS","return_code":"SUCCESS","sign":"2C4A27B1375EA39D14E7A45C6C19D8AC","time_end":"20170527113630","total_fee":"100","trade_type":"JSAPI","transaction_id":"4010042001201705272817012599"}
[2017-05-27 11:37:42][debug] query:{"appid":"wxd46e99b7f83183e1","err_code":"ORDERNOTEXIST","err_code_des":"order not exist","mch_id":"1383580102","nonce_str":"KA8gTbC2p1YRaDG1","result_code":"FAIL","return_code":"SUCCESS","return_msg":"OK","sign":"AB53EC44A76020C6B047129CA7B69210"}
[2017-05-27 11:38:53][debug] begin notify
[2017-05-27 11:38:53][debug] call back:{"appid":"wxd46e99b7f83183e1","bank_type":"COMM_CREDIT","cash_fee":"100","fee_type":"CNY","is_subscribe":"Y","mch_id":"1383580102","nonce_str":"3qruiqdxtr6xi5jpr5pzt9jnd1atcov1","openid":"ovxXWv3CHJLsugBLuDQiCAxREFtE","out_trade_no":"201705271138403764","result_code":"SUCCESS","return_code":"SUCCESS","sign":"96BD809FB33D495EDFD1D5A607E039D8","time_end":"20170527113853","total_fee":"100","trade_type":"JSAPI","transaction_id":"4002902001201705272813904033"}
[2017-05-27 11:38:54][debug] query:{"appid":"wxd46e99b7f83183e1","err_code":"ORDERNOTEXIST","err_code_des":"order not exist","mch_id":"1383580102","nonce_str":"6mKcpLmPuBFaJZJz","result_code":"FAIL","return_code":"SUCCESS","return_msg":"OK","sign":"72117179FCB7A96F3691B40ECBD47778"}
[2017-05-27 11:38:55][debug] begin notify
[2017-05-27 11:38:56][debug] query:{"appid":"wxd46e99b7f83183e1","attach":[],"bank_type":"COMM_CREDIT","cash_fee":"100","fee_type":"CNY","is_subscribe":"Y","mch_id":"1383580102","nonce_str":"VhaHD9HkDH53FyLl","openid":"ovxXWv3CHJLsugBLuDQiCAxREFtE","out_trade_no":"201705271138403764","result_code":"SUCCESS","return_code":"SUCCESS","return_msg":"OK","sign":"D3DF681E796F6427F3BF0489523D6AB5","time_end":"20170527113853","total_fee":"100","trade_state":"SUCCESS","trade_type":"JSAPI","transaction_id":"4002902001201705272813904033"}
[2017-05-27 11:39:08][debug] begin notify
[2017-05-27 11:39:08][debug] call back:{"appid":"wxd46e99b7f83183e1","bank_type":"COMM_CREDIT","cash_fee":"100","fee_type":"CNY","is_subscribe":"Y","mch_id":"1383580102","nonce_str":"3qruiqdxtr6xi5jpr5pzt9jnd1atcov1","openid":"ovxXWv3CHJLsugBLuDQiCAxREFtE","out_trade_no":"201705271138403764","result_code":"SUCCESS","return_code":"SUCCESS","sign":"96BD809FB33D495EDFD1D5A607E039D8","time_end":"20170527113853","total_fee":"100","trade_type":"JSAPI","transaction_id":"4002902001201705272813904033"}
[2017-05-27 11:39:10][debug] query:{"appid":"wxd46e99b7f83183e1","err_code":"ORDERNOTEXIST","err_code_des":"order not exist","mch_id":"1383580102","nonce_str":"LrXbeEJUQMgBRkdb","result_code":"FAIL","return_code":"SUCCESS","return_msg":"OK","sign":"49E9E7C7F23E0517922AF10924346810"}
[2017-05-27 11:39:26][debug] begin notify
[2017-05-27 11:39:26][debug] call back:{"appid":"wxd46e99b7f83183e1","bank_type":"COMM_CREDIT","cash_fee":"100","fee_type":"CNY","is_subscribe":"Y","mch_id":"1383580102","nonce_str":"3qruiqdxtr6xi5jpr5pzt9jnd1atcov1","openid":"ovxXWv3CHJLsugBLuDQiCAxREFtE","out_trade_no":"201705271138403764","result_code":"SUCCESS","return_code":"SUCCESS","sign":"96BD809FB33D495EDFD1D5A607E039D8","time_end":"20170527113853","total_fee":"100","trade_type":"JSAPI","transaction_id":"4002902001201705272813904033"}
[2017-05-27 11:39:28][debug] query:{"appid":"wxd46e99b7f83183e1","err_code":"ORDERNOTEXIST","err_code_des":"order not exist","mch_id":"1383580102","nonce_str":"BPGvRsAhPhtL1QYT","result_code":"FAIL","return_code":"SUCCESS","return_msg":"OK","sign":"603D0EEC7DFEC435FCCC4C1C0C514E4F"}
[2017-05-27 11:39:59][debug] begin notify
[2017-05-27 11:39:59][debug] call back:{"appid":"wxd46e99b7f83183e1","bank_type":"COMM_CREDIT","cash_fee":"100","fee_type":"CNY","is_subscribe":"Y","mch_id":"1383580102","nonce_str":"3qruiqdxtr6xi5jpr5pzt9jnd1atcov1","openid":"ovxXWv3CHJLsugBLuDQiCAxREFtE","out_trade_no":"201705271138403764","result_code":"SUCCESS","return_code":"SUCCESS","sign":"96BD809FB33D495EDFD1D5A607E039D8","time_end":"20170527113853","total_fee":"100","trade_type":"JSAPI","transaction_id":"4002902001201705272813904033"}
[2017-05-27 11:40:01][debug] query:{"appid":"wxd46e99b7f83183e1","err_code":"ORDERNOTEXIST","err_code_des":"order not exist","mch_id":"1383580102","nonce_str":"7GTL8s3zHBJpFwxw","result_code":"FAIL","return_code":"SUCCESS","return_msg":"OK","sign":"1298DABC1148A0F0D205B41156A0B527"}
[2017-05-27 11:40:44][debug] begin notify
[2017-05-27 11:40:44][debug] call back:{"appid":"wxd46e99b7f83183e1","bank_type":"CFT","cash_fee":"100","fee_type":"CNY","is_subscribe":"Y","mch_id":"1383580102","nonce_str":"3qvyziew3oyhroa0uscnh5qypp51e1fe","openid":"ovxXWvwz8SMTLTHeZpNyA-BjAtR0","out_trade_no":"201705271136214479","result_code":"SUCCESS","return_code":"SUCCESS","sign":"2C4A27B1375EA39D14E7A45C6C19D8AC","time_end":"20170527113630","total_fee":"100","trade_type":"JSAPI","transaction_id":"4010042001201705272817012599"}
[2017-05-27 11:40:45][debug] query:{"appid":"wxd46e99b7f83183e1","err_code":"ORDERNOTEXIST","err_code_des":"order not exist","mch_id":"1383580102","nonce_str":"VapCBTey1WDpuNLh","result_code":"FAIL","return_code":"SUCCESS","return_msg":"OK","sign":"4EF5C5C703FE50B0EE65AAC8F6C9FD1A"}
[2017-05-27 11:41:23][debug] begin notify
[2017-05-27 11:41:23][debug] call back:{"appid":"wxd46e99b7f83183e1","bank_type":"CFT","cash_fee":"1100","fee_type":"CNY","is_subscribe":"Y","mch_id":"1383580102","nonce_str":"qzd8r0vrzpeugaoxnhwdoli9chdvdsgl","openid":"ovxXWvwz8SMTLTHeZpNyA-BjAtR0","out_trade_no":"201705271141158988","result_code":"SUCCESS","return_code":"SUCCESS","sign":"211032596CA451EDDFAD2329B006CA4E","time_end":"20170527114123","total_fee":"1100","trade_type":"JSAPI","transaction_id":"4010042001201705272815661965"}
[2017-05-27 11:41:25][debug] query:{"appid":"wxd46e99b7f83183e1","err_code":"ORDERNOTEXIST","err_code_des":"order not exist","mch_id":"1383580102","nonce_str":"Avrt63pilX1Kx7kj","result_code":"FAIL","return_code":"SUCCESS","return_msg":"OK","sign":"ED71A86E6DD31391A0609F1AC9796265"}
[2017-05-27 11:41:25][debug] begin notify
[2017-05-27 11:41:27][debug] query:{"appid":"wxd46e99b7f83183e1","attach":[],"bank_type":"CFT","cash_fee":"1100","fee_type":"CNY","is_subscribe":"Y","mch_id":"1383580102","nonce_str":"n0B8JPXHZAl6hATI","openid":"ovxXWvwz8SMTLTHeZpNyA-BjAtR0","out_trade_no":"201705271141158988","result_code":"SUCCESS","return_code":"SUCCESS","return_msg":"OK","sign":"061F7C745DBA60F8319ED6C80A92CF1F","time_end":"20170527114123","total_fee":"1100","trade_state":"SUCCESS","trade_type":"JSAPI","transaction_id":"4010042001201705272815661965"}
[2017-05-27 11:41:36][debug] begin notify
[2017-05-27 11:41:36][debug] call back:{"appid":"wxd46e99b7f83183e1","bank_type":"CFT","cash_fee":"1100","fee_type":"CNY","is_subscribe":"Y","mch_id":"1383580102","nonce_str":"qzd8r0vrzpeugaoxnhwdoli9chdvdsgl","openid":"ovxXWvwz8SMTLTHeZpNyA-BjAtR0","out_trade_no":"201705271141158988","result_code":"SUCCESS","return_code":"SUCCESS","sign":"211032596CA451EDDFAD2329B006CA4E","time_end":"20170527114123","total_fee":"1100","trade_type":"JSAPI","transaction_id":"4010042001201705272815661965"}
[2017-05-27 11:41:38][debug] query:{"appid":"wxd46e99b7f83183e1","err_code":"ORDERNOTEXIST","err_code_des":"order not exist","mch_id":"1383580102","nonce_str":"qlVGS4JtuIivkXXL","result_code":"FAIL","return_code":"SUCCESS","return_msg":"OK","sign":"98D13C830639242C0E8D2DFA766B9D68"}
[2017-05-27 11:41:54][debug] begin notify
[2017-05-27 11:41:54][debug] call back:{"appid":"wxd46e99b7f83183e1","bank_type":"CFT","cash_fee":"1100","fee_type":"CNY","is_subscribe":"Y","mch_id":"1383580102","nonce_str":"qzd8r0vrzpeugaoxnhwdoli9chdvdsgl","openid":"ovxXWvwz8SMTLTHeZpNyA-BjAtR0","out_trade_no":"201705271141158988","result_code":"SUCCESS","return_code":"SUCCESS","sign":"211032596CA451EDDFAD2329B006CA4E","time_end":"20170527114123","total_fee":"1100","trade_type":"JSAPI","transaction_id":"4010042001201705272815661965"}
[2017-05-27 11:41:56][debug] query:{"appid":"wxd46e99b7f83183e1","err_code":"ORDERNOTEXIST","err_code_des":"order not exist","mch_id":"1383580102","nonce_str":"XSeUH11C6nhC4UPW","result_code":"FAIL","return_code":"SUCCESS","return_msg":"OK","sign":"8B0A8FF2B8C008B1DA6B5DE9B6959A5B"}
[2017-05-27 11:42:28][debug] begin notify
[2017-05-27 11:42:28][debug] call back:{"appid":"wxd46e99b7f83183e1","bank_type":"CFT","cash_fee":"1100","fee_type":"CNY","is_subscribe":"Y","mch_id":"1383580102","nonce_str":"qzd8r0vrzpeugaoxnhwdoli9chdvdsgl","openid":"ovxXWvwz8SMTLTHeZpNyA-BjAtR0","out_trade_no":"201705271141158988","result_code":"SUCCESS","return_code":"SUCCESS","sign":"211032596CA451EDDFAD2329B006CA4E","time_end":"20170527114123","total_fee":"1100","trade_type":"JSAPI","transaction_id":"4010042001201705272815661965"}
[2017-05-27 11:42:30][debug] query:{"appid":"wxd46e99b7f83183e1","err_code":"ORDERNOTEXIST","err_code_des":"order not exist","mch_id":"1383580102","nonce_str":"QWWhoOcuIQhslF5z","result_code":"FAIL","return_code":"SUCCESS","return_msg":"OK","sign":"3F4F72823601FA80CDD1D2CF22263BB9"}
[2017-05-27 11:43:02][debug] begin notify
[2017-05-27 11:43:02][debug] call back:{"appid":"wxd46e99b7f83183e1","bank_type":"COMM_CREDIT","cash_fee":"100","fee_type":"CNY","is_subscribe":"Y","mch_id":"1383580102","nonce_str":"3qruiqdxtr6xi5jpr5pzt9jnd1atcov1","openid":"ovxXWv3CHJLsugBLuDQiCAxREFtE","out_trade_no":"201705271138403764","result_code":"SUCCESS","return_code":"SUCCESS","sign":"96BD809FB33D495EDFD1D5A607E039D8","time_end":"20170527113853","total_fee":"100","trade_type":"JSAPI","transaction_id":"4002902001201705272813904033"}
[2017-05-27 11:43:04][debug] query:{"appid":"wxd46e99b7f83183e1","err_code":"ORDERNOTEXIST","err_code_des":"order not exist","mch_id":"1383580102","nonce_str":"2mleEtzQsEvOgI8W","result_code":"FAIL","return_code":"SUCCESS","return_msg":"OK","sign":"4C3CF237E49ADA319B445293B2BC739F"}
[2017-05-27 11:43:39][debug] begin notify
[2017-05-27 11:43:39][debug] call back:{"appid":"wxd46e99b7f83183e1","bank_type":"COMM_CREDIT","cash_fee":"110","fee_type":"CNY","is_subscribe":"Y","mch_id":"1383580102","nonce_str":"fc11f0csvquai3bf7uz8ojk2e9seu2x1","openid":"ovxXWv3CHJLsugBLuDQiCAxREFtE","out_trade_no":"201705271143227108","result_code":"SUCCESS","return_code":"SUCCESS","sign":"4E2A1C952A09F80EF09403468EAD8C34","time_end":"20170527114339","total_fee":"110","trade_type":"JSAPI","transaction_id":"4002902001201705272814086454"}
[2017-05-27 11:43:41][debug] query:{"appid":"wxd46e99b7f83183e1","err_code":"ORDERNOTEXIST","err_code_des":"order not exist","mch_id":"1383580102","nonce_str":"I8fCONUGvbT7uaAb","result_code":"FAIL","return_code":"SUCCESS","return_msg":"OK","sign":"210B14B5EB9C0DC2905654A071AD7C71"}
[2017-05-27 11:43:42][debug] begin notify
[2017-05-27 11:43:44][debug] query:{"appid":"wxd46e99b7f83183e1","attach":[],"bank_type":"COMM_CREDIT","cash_fee":"110","fee_type":"CNY","is_subscribe":"Y","mch_id":"1383580102","nonce_str":"FndQPnkha8QuJJAR","openid":"ovxXWv3CHJLsugBLuDQiCAxREFtE","out_trade_no":"201705271143227108","result_code":"SUCCESS","return_code":"SUCCESS","return_msg":"OK","sign":"F14A7CEEDAFC7CDBCF6477A17A6BBB9C","time_end":"20170527114339","total_fee":"110","trade_state":"SUCCESS","trade_type":"JSAPI","transaction_id":"4002902001201705272814086454"}
[2017-05-27 11:43:57][debug] begin notify
[2017-05-27 11:43:57][debug] call back:{"appid":"wxd46e99b7f83183e1","bank_type":"COMM_CREDIT","cash_fee":"110","fee_type":"CNY","is_subscribe":"Y","mch_id":"1383580102","nonce_str":"fc11f0csvquai3bf7uz8ojk2e9seu2x1","openid":"ovxXWv3CHJLsugBLuDQiCAxREFtE","out_trade_no":"201705271143227108","result_code":"SUCCESS","return_code":"SUCCESS","sign":"4E2A1C952A09F80EF09403468EAD8C34","time_end":"20170527114339","total_fee":"110","trade_type":"JSAPI","transaction_id":"4002902001201705272814086454"}
[2017-05-27 11:43:57][debug] query:{"appid":"wxd46e99b7f83183e1","err_code":"ORDERNOTEXIST","err_code_des":"order not exist","mch_id":"1383580102","nonce_str":"34hLa8f0KVFjUKSb","result_code":"FAIL","return_code":"SUCCESS","return_msg":"OK","sign":"53BE3CF210E02AE4AE5E00584F9FE28C"}
[2017-05-27 11:44:14][debug] begin notify
[2017-05-27 11:44:14][debug] call back:{"appid":"wxd46e99b7f83183e1","bank_type":"COMM_CREDIT","cash_fee":"110","fee_type":"CNY","is_subscribe":"Y","mch_id":"1383580102","nonce_str":"fc11f0csvquai3bf7uz8ojk2e9seu2x1","openid":"ovxXWv3CHJLsugBLuDQiCAxREFtE","out_trade_no":"201705271143227108","result_code":"SUCCESS","return_code":"SUCCESS","sign":"4E2A1C952A09F80EF09403468EAD8C34","time_end":"20170527114339","total_fee":"110","trade_type":"JSAPI","transaction_id":"4002902001201705272814086454"}
[2017-05-27 11:44:15][debug] query:{"appid":"wxd46e99b7f83183e1","err_code":"ORDERNOTEXIST","err_code_des":"order not exist","mch_id":"1383580102","nonce_str":"x9WGn0gUvhR8oUEf","result_code":"FAIL","return_code":"SUCCESS","return_msg":"OK","sign":"4B9C81FCD3FBAC43D604279343044A6F"}
[2017-05-27 11:44:48][debug] begin notify
[2017-05-27 11:44:48][debug] call back:{"appid":"wxd46e99b7f83183e1","bank_type":"COMM_CREDIT","cash_fee":"110","fee_type":"CNY","is_subscribe":"Y","mch_id":"1383580102","nonce_str":"fc11f0csvquai3bf7uz8ojk2e9seu2x1","openid":"ovxXWv3CHJLsugBLuDQiCAxREFtE","out_trade_no":"201705271143227108","result_code":"SUCCESS","return_code":"SUCCESS","sign":"4E2A1C952A09F80EF09403468EAD8C34","time_end":"20170527114339","total_fee":"110","trade_type":"JSAPI","transaction_id":"4002902001201705272814086454"}
[2017-05-27 11:44:50][debug] query:{"appid":"wxd46e99b7f83183e1","err_code":"ORDERNOTEXIST","err_code_des":"order not exist","mch_id":"1383580102","nonce_str":"okiY9Gaw2DmcyqBg","result_code":"FAIL","return_code":"SUCCESS","return_msg":"OK","sign":"744416D6B038F9030A5C80D232862E27"}
[2017-05-27 11:45:32][debug] begin notify
[2017-05-27 11:45:32][debug] call back:{"appid":"wxd46e99b7f83183e1","bank_type":"CFT","cash_fee":"1100","fee_type":"CNY","is_subscribe":"Y","mch_id":"1383580102","nonce_str":"qzd8r0vrzpeugaoxnhwdoli9chdvdsgl","openid":"ovxXWvwz8SMTLTHeZpNyA-BjAtR0","out_trade_no":"201705271141158988","result_code":"SUCCESS","return_code":"SUCCESS","sign":"211032596CA451EDDFAD2329B006CA4E","time_end":"20170527114123","total_fee":"1100","trade_type":"JSAPI","transaction_id":"4010042001201705272815661965"}
[2017-05-27 11:45:34][debug] query:{"appid":"wxd46e99b7f83183e1","err_code":"ORDERNOTEXIST","err_code_des":"order not exist","mch_id":"1383580102","nonce_str":"qqkTZOnA6EQR8HvV","result_code":"FAIL","return_code":"SUCCESS","return_msg":"OK","sign":"3C87B7F912082B8B7FDFF5D152B336B7"}
[2017-05-27 11:47:51][debug] begin notify
[2017-05-27 11:47:51][debug] call back:{"appid":"wxd46e99b7f83183e1","bank_type":"COMM_CREDIT","cash_fee":"110","fee_type":"CNY","is_subscribe":"Y","mch_id":"1383580102","nonce_str":"fc11f0csvquai3bf7uz8ojk2e9seu2x1","openid":"ovxXWv3CHJLsugBLuDQiCAxREFtE","out_trade_no":"201705271143227108","result_code":"SUCCESS","return_code":"SUCCESS","sign":"4E2A1C952A09F80EF09403468EAD8C34","time_end":"20170527114339","total_fee":"110","trade_type":"JSAPI","transaction_id":"4002902001201705272814086454"}
[2017-05-27 11:47:53][debug] query:{"appid":"wxd46e99b7f83183e1","err_code":"ORDERNOTEXIST","err_code_des":"order not exist","mch_id":"1383580102","nonce_str":"hQlUCG4uqOzm8JjU","result_code":"FAIL","return_code":"SUCCESS","return_msg":"OK","sign":"AB4B128A829F2F2148F67A338356A23C"}
[2017-05-27 12:10:48][debug] begin notify
[2017-05-27 12:10:48][debug] call back:{"appid":"wxd46e99b7f83183e1","bank_type":"CFT","cash_fee":"100","fee_type":"CNY","is_subscribe":"Y","mch_id":"1383580102","nonce_str":"3qvyziew3oyhroa0uscnh5qypp51e1fe","openid":"ovxXWvwz8SMTLTHeZpNyA-BjAtR0","out_trade_no":"201705271136214479","result_code":"SUCCESS","return_code":"SUCCESS","sign":"2C4A27B1375EA39D14E7A45C6C19D8AC","time_end":"20170527113630","total_fee":"100","trade_type":"JSAPI","transaction_id":"4010042001201705272817012599"}
[2017-05-27 12:10:49][debug] query:{"appid":"wxd46e99b7f83183e1","err_code":"ORDERNOTEXIST","err_code_des":"order not exist","mch_id":"1383580102","nonce_str":"32AtImlBTCcAWLRG","result_code":"FAIL","return_code":"SUCCESS","return_msg":"OK","sign":"C5F1B8479230E10BB48CDFF1B8BD878E"}
[2017-05-27 12:13:05][debug] begin notify
[2017-05-27 12:13:05][debug] call back:{"appid":"wxd46e99b7f83183e1","bank_type":"COMM_CREDIT","cash_fee":"100","fee_type":"CNY","is_subscribe":"Y","mch_id":"1383580102","nonce_str":"3qruiqdxtr6xi5jpr5pzt9jnd1atcov1","openid":"ovxXWv3CHJLsugBLuDQiCAxREFtE","out_trade_no":"201705271138403764","result_code":"SUCCESS","return_code":"SUCCESS","sign":"96BD809FB33D495EDFD1D5A607E039D8","time_end":"20170527113853","total_fee":"100","trade_type":"JSAPI","transaction_id":"4002902001201705272813904033"}
[2017-05-27 12:13:07][debug] query:{"appid":"wxd46e99b7f83183e1","err_code":"ORDERNOTEXIST","err_code_des":"order not exist","mch_id":"1383580102","nonce_str":"JdUtMBnEFWhm5Boq","result_code":"FAIL","return_code":"SUCCESS","return_msg":"OK","sign":"120D6163644434350E94C00880E2FA79"}
[2017-05-27 12:15:37][debug] begin notify
[2017-05-27 12:15:37][debug] call back:{"appid":"wxd46e99b7f83183e1","bank_type":"CFT","cash_fee":"1100","fee_type":"CNY","is_subscribe":"Y","mch_id":"1383580102","nonce_str":"qzd8r0vrzpeugaoxnhwdoli9chdvdsgl","openid":"ovxXWvwz8SMTLTHeZpNyA-BjAtR0","out_trade_no":"201705271141158988","result_code":"SUCCESS","return_code":"SUCCESS","sign":"211032596CA451EDDFAD2329B006CA4E","time_end":"20170527114123","total_fee":"1100","trade_type":"JSAPI","transaction_id":"4010042001201705272815661965"}
[2017-05-27 12:15:38][debug] query:{"appid":"wxd46e99b7f83183e1","err_code":"ORDERNOTEXIST","err_code_des":"order not exist","mch_id":"1383580102","nonce_str":"xeKTbqmVUMuIgwFA","result_code":"FAIL","return_code":"SUCCESS","return_msg":"OK","sign":"7C0555554C002947863264BCA51FCB4A"}
[2017-05-27 12:17:54][debug] begin notify
[2017-05-27 12:17:54][debug] call back:{"appid":"wxd46e99b7f83183e1","bank_type":"COMM_CREDIT","cash_fee":"110","fee_type":"CNY","is_subscribe":"Y","mch_id":"1383580102","nonce_str":"fc11f0csvquai3bf7uz8ojk2e9seu2x1","openid":"ovxXWv3CHJLsugBLuDQiCAxREFtE","out_trade_no":"201705271143227108","result_code":"SUCCESS","return_code":"SUCCESS","sign":"4E2A1C952A09F80EF09403468EAD8C34","time_end":"20170527114339","total_fee":"110","trade_type":"JSAPI","transaction_id":"4002902001201705272814086454"}
[2017-05-27 12:17:56][debug] query:{"appid":"wxd46e99b7f83183e1","err_code":"ORDERNOTEXIST","err_code_des":"order not exist","mch_id":"1383580102","nonce_str":"W40TvZCHsPXTOwW6","result_code":"FAIL","return_code":"SUCCESS","return_msg":"OK","sign":"3D42E59AFCC85B2E1A9E40ACA62C8A02"}
[2017-05-27 12:40:51][debug] begin notify
[2017-05-27 12:40:51][debug] call back:{"appid":"wxd46e99b7f83183e1","bank_type":"CFT","cash_fee":"100","fee_type":"CNY","is_subscribe":"Y","mch_id":"1383580102","nonce_str":"3qvyziew3oyhroa0uscnh5qypp51e1fe","openid":"ovxXWvwz8SMTLTHeZpNyA-BjAtR0","out_trade_no":"201705271136214479","result_code":"SUCCESS","return_code":"SUCCESS","sign":"2C4A27B1375EA39D14E7A45C6C19D8AC","time_end":"20170527113630","total_fee":"100","trade_type":"JSAPI","transaction_id":"4010042001201705272817012599"}
[2017-05-27 12:40:53][debug] query:{"appid":"wxd46e99b7f83183e1","err_code":"ORDERNOTEXIST","err_code_des":"order not exist","mch_id":"1383580102","nonce_str":"lth96gxV0taTWdZD","result_code":"FAIL","return_code":"SUCCESS","return_msg":"OK","sign":"E126B0D227E258BA5738AE5FAFE2EADC"}
[2017-05-27 12:43:09][debug] begin notify
[2017-05-27 12:43:09][debug] call back:{"appid":"wxd46e99b7f83183e1","bank_type":"COMM_CREDIT","cash_fee":"100","fee_type":"CNY","is_subscribe":"Y","mch_id":"1383580102","nonce_str":"3qruiqdxtr6xi5jpr5pzt9jnd1atcov1","openid":"ovxXWv3CHJLsugBLuDQiCAxREFtE","out_trade_no":"201705271138403764","result_code":"SUCCESS","return_code":"SUCCESS","sign":"96BD809FB33D495EDFD1D5A607E039D8","time_end":"20170527113853","total_fee":"100","trade_type":"JSAPI","transaction_id":"4002902001201705272813904033"}
[2017-05-27 12:43:10][debug] query:{"appid":"wxd46e99b7f83183e1","err_code":"ORDERNOTEXIST","err_code_des":"order not exist","mch_id":"1383580102","nonce_str":"gDQJn2eQWpSzgnFa","result_code":"FAIL","return_code":"SUCCESS","return_msg":"OK","sign":"B52C7A25A2DBE432C4AEC13D4445760C"}
[2017-05-27 12:45:39][debug] begin notify
[2017-05-27 12:45:39][debug] call back:{"appid":"wxd46e99b7f83183e1","bank_type":"CFT","cash_fee":"1100","fee_type":"CNY","is_subscribe":"Y","mch_id":"1383580102","nonce_str":"qzd8r0vrzpeugaoxnhwdoli9chdvdsgl","openid":"ovxXWvwz8SMTLTHeZpNyA-BjAtR0","out_trade_no":"201705271141158988","result_code":"SUCCESS","return_code":"SUCCESS","sign":"211032596CA451EDDFAD2329B006CA4E","time_end":"20170527114123","total_fee":"1100","trade_type":"JSAPI","transaction_id":"4010042001201705272815661965"}
[2017-05-27 12:45:41][debug] query:{"appid":"wxd46e99b7f83183e1","err_code":"ORDERNOTEXIST","err_code_des":"order not exist","mch_id":"1383580102","nonce_str":"pkv5ELSmOO9UFJwh","result_code":"FAIL","return_code":"SUCCESS","return_msg":"OK","sign":"7577DF84D5F185640DE6DB7418767234"}
[2017-05-27 12:47:57][debug] begin notify
[2017-05-27 12:47:57][debug] call back:{"appid":"wxd46e99b7f83183e1","bank_type":"COMM_CREDIT","cash_fee":"110","fee_type":"CNY","is_subscribe":"Y","mch_id":"1383580102","nonce_str":"fc11f0csvquai3bf7uz8ojk2e9seu2x1","openid":"ovxXWv3CHJLsugBLuDQiCAxREFtE","out_trade_no":"201705271143227108","result_code":"SUCCESS","return_code":"SUCCESS","sign":"4E2A1C952A09F80EF09403468EAD8C34","time_end":"20170527114339","total_fee":"110","trade_type":"JSAPI","transaction_id":"4002902001201705272814086454"}
[2017-05-27 12:47:59][debug] query:{"appid":"wxd46e99b7f83183e1","err_code":"ORDERNOTEXIST","err_code_des":"order not exist","mch_id":"1383580102","nonce_str":"hYEsKUaCxeJvyxhS","result_code":"FAIL","return_code":"SUCCESS","return_msg":"OK","sign":"20D88352BE4D7787A5B24C99EB55608D"}
[2017-05-27 13:10:55][debug] begin notify
[2017-05-27 13:10:55][debug] call back:{"appid":"wxd46e99b7f83183e1","bank_type":"CFT","cash_fee":"100","fee_type":"CNY","is_subscribe":"Y","mch_id":"1383580102","nonce_str":"3qvyziew3oyhroa0uscnh5qypp51e1fe","openid":"ovxXWvwz8SMTLTHeZpNyA-BjAtR0","out_trade_no":"201705271136214479","result_code":"SUCCESS","return_code":"SUCCESS","sign":"2C4A27B1375EA39D14E7A45C6C19D8AC","time_end":"20170527113630","total_fee":"100","trade_type":"JSAPI","transaction_id":"4010042001201705272817012599"}
[2017-05-27 13:10:57][debug] query:{"appid":"wxd46e99b7f83183e1","err_code":"ORDERNOTEXIST","err_code_des":"order not exist","mch_id":"1383580102","nonce_str":"gX49TPYXr9gfA91H","result_code":"FAIL","return_code":"SUCCESS","return_msg":"OK","sign":"4240F012AFABD5D4D90947C57B4E4BCE"}
[2017-05-27 13:13:13][debug] begin notify
[2017-05-27 13:13:13][debug] call back:{"appid":"wxd46e99b7f83183e1","bank_type":"COMM_CREDIT","cash_fee":"100","fee_type":"CNY","is_subscribe":"Y","mch_id":"1383580102","nonce_str":"3qruiqdxtr6xi5jpr5pzt9jnd1atcov1","openid":"ovxXWv3CHJLsugBLuDQiCAxREFtE","out_trade_no":"201705271138403764","result_code":"SUCCESS","return_code":"SUCCESS","sign":"96BD809FB33D495EDFD1D5A607E039D8","time_end":"20170527113853","total_fee":"100","trade_type":"JSAPI","transaction_id":"4002902001201705272813904033"}
[2017-05-27 13:13:15][debug] query:{"appid":"wxd46e99b7f83183e1","err_code":"ORDERNOTEXIST","err_code_des":"order not exist","mch_id":"1383580102","nonce_str":"vq5ATL3GMiGg4wJT","result_code":"FAIL","return_code":"SUCCESS","return_msg":"OK","sign":"082CE5EC148E4178A262D6F2BEFB4B20"}
[2017-05-27 13:15:42][debug] begin notify
[2017-05-27 13:15:42][debug] call back:{"appid":"wxd46e99b7f83183e1","bank_type":"CFT","cash_fee":"1100","fee_type":"CNY","is_subscribe":"Y","mch_id":"1383580102","nonce_str":"qzd8r0vrzpeugaoxnhwdoli9chdvdsgl","openid":"ovxXWvwz8SMTLTHeZpNyA-BjAtR0","out_trade_no":"201705271141158988","result_code":"SUCCESS","return_code":"SUCCESS","sign":"211032596CA451EDDFAD2329B006CA4E","time_end":"20170527114123","total_fee":"1100","trade_type":"JSAPI","transaction_id":"4010042001201705272815661965"}
[2017-05-27 13:15:43][debug] query:{"appid":"wxd46e99b7f83183e1","err_code":"ORDERNOTEXIST","err_code_des":"order not exist","mch_id":"1383580102","nonce_str":"RiDLQKNt3rnejkDU","result_code":"FAIL","return_code":"SUCCESS","return_msg":"OK","sign":"B2719FB6365613FC830244E55B8EEB8C"}
[2017-05-27 13:18:01][debug] begin notify
[2017-05-27 13:18:01][debug] call back:{"appid":"wxd46e99b7f83183e1","bank_type":"COMM_CREDIT","cash_fee":"110","fee_type":"CNY","is_subscribe":"Y","mch_id":"1383580102","nonce_str":"fc11f0csvquai3bf7uz8ojk2e9seu2x1","openid":"ovxXWv3CHJLsugBLuDQiCAxREFtE","out_trade_no":"201705271143227108","result_code":"SUCCESS","return_code":"SUCCESS","sign":"4E2A1C952A09F80EF09403468EAD8C34","time_end":"20170527114339","total_fee":"110","trade_type":"JSAPI","transaction_id":"4002902001201705272814086454"}
[2017-05-27 13:18:02][debug] query:{"appid":"wxd46e99b7f83183e1","err_code":"ORDERNOTEXIST","err_code_des":"order not exist","mch_id":"1383580102","nonce_str":"YO3Ke332TZNoe6xP","result_code":"FAIL","return_code":"SUCCESS","return_msg":"OK","sign":"9853A478A12BBD9523DCADB64734D8F8"}
[2017-05-27 13:40:58][debug] begin notify
[2017-05-27 13:40:58][debug] call back:{"appid":"wxd46e99b7f83183e1","bank_type":"CFT","cash_fee":"100","fee_type":"CNY","is_subscribe":"Y","mch_id":"1383580102","nonce_str":"3qvyziew3oyhroa0uscnh5qypp51e1fe","openid":"ovxXWvwz8SMTLTHeZpNyA-BjAtR0","out_trade_no":"201705271136214479","result_code":"SUCCESS","return_code":"SUCCESS","sign":"2C4A27B1375EA39D14E7A45C6C19D8AC","time_end":"20170527113630","total_fee":"100","trade_type":"JSAPI","transaction_id":"4010042001201705272817012599"}
[2017-05-27 13:41:00][debug] query:{"appid":"wxd46e99b7f83183e1","err_code":"ORDERNOTEXIST","err_code_des":"order not exist","mch_id":"1383580102","nonce_str":"kbYZtVtVbsqXf6kA","result_code":"FAIL","return_code":"SUCCESS","return_msg":"OK","sign":"EE04FDAE0AC13B2F9D4B01C14E245E70"}
[2017-05-27 13:43:16][debug] begin notify
[2017-05-27 13:43:16][debug] call back:{"appid":"wxd46e99b7f83183e1","bank_type":"COMM_CREDIT","cash_fee":"100","fee_type":"CNY","is_subscribe":"Y","mch_id":"1383580102","nonce_str":"3qruiqdxtr6xi5jpr5pzt9jnd1atcov1","openid":"ovxXWv3CHJLsugBLuDQiCAxREFtE","out_trade_no":"201705271138403764","result_code":"SUCCESS","return_code":"SUCCESS","sign":"96BD809FB33D495EDFD1D5A607E039D8","time_end":"20170527113853","total_fee":"100","trade_type":"JSAPI","transaction_id":"4002902001201705272813904033"}
[2017-05-27 13:43:18][debug] query:{"appid":"wxd46e99b7f83183e1","err_code":"ORDERNOTEXIST","err_code_des":"order not exist","mch_id":"1383580102","nonce_str":"FCgcQd8YNqSdfd0m","result_code":"FAIL","return_code":"SUCCESS","return_msg":"OK","sign":"808A782448C129C485663B81BB4FACE3"}
[2017-05-27 13:45:45][debug] begin notify
[2017-05-27 13:45:45][debug] call back:{"appid":"wxd46e99b7f83183e1","bank_type":"CFT","cash_fee":"1100","fee_type":"CNY","is_subscribe":"Y","mch_id":"1383580102","nonce_str":"qzd8r0vrzpeugaoxnhwdoli9chdvdsgl","openid":"ovxXWvwz8SMTLTHeZpNyA-BjAtR0","out_trade_no":"201705271141158988","result_code":"SUCCESS","return_code":"SUCCESS","sign":"211032596CA451EDDFAD2329B006CA4E","time_end":"20170527114123","total_fee":"1100","trade_type":"JSAPI","transaction_id":"4010042001201705272815661965"}
[2017-05-27 13:45:47][debug] query:{"appid":"wxd46e99b7f83183e1","err_code":"ORDERNOTEXIST","err_code_des":"order not exist","mch_id":"1383580102","nonce_str":"38V9Q32ecgRilaEF","result_code":"FAIL","return_code":"SUCCESS","return_msg":"OK","sign":"65C74EE0E8D07BC58BE482C520080671"}
[2017-05-27 13:48:03][debug] begin notify
[2017-05-27 13:48:03][debug] call back:{"appid":"wxd46e99b7f83183e1","bank_type":"COMM_CREDIT","cash_fee":"110","fee_type":"CNY","is_subscribe":"Y","mch_id":"1383580102","nonce_str":"fc11f0csvquai3bf7uz8ojk2e9seu2x1","openid":"ovxXWv3CHJLsugBLuDQiCAxREFtE","out_trade_no":"201705271143227108","result_code":"SUCCESS","return_code":"SUCCESS","sign":"4E2A1C952A09F80EF09403468EAD8C34","time_end":"20170527114339","total_fee":"110","trade_type":"JSAPI","transaction_id":"4002902001201705272814086454"}
[2017-05-27 13:48:05][debug] query:{"appid":"wxd46e99b7f83183e1","err_code":"ORDERNOTEXIST","err_code_des":"order not exist","mch_id":"1383580102","nonce_str":"lnilgukv0Q5aggbu","result_code":"FAIL","return_code":"SUCCESS","return_msg":"OK","sign":"FA63D43E3A5D336C902DBCE0B6BFAC61"}
[2017-05-27 14:41:03][debug] begin notify
[2017-05-27 14:41:03][debug] call back:{"appid":"wxd46e99b7f83183e1","bank_type":"CFT","cash_fee":"100","fee_type":"CNY","is_subscribe":"Y","mch_id":"1383580102","nonce_str":"3qvyziew3oyhroa0uscnh5qypp51e1fe","openid":"ovxXWvwz8SMTLTHeZpNyA-BjAtR0","out_trade_no":"201705271136214479","result_code":"SUCCESS","return_code":"SUCCESS","sign":"2C4A27B1375EA39D14E7A45C6C19D8AC","time_end":"20170527113630","total_fee":"100","trade_type":"JSAPI","transaction_id":"4010042001201705272817012599"}
[2017-05-27 14:41:05][debug] query:{"appid":"wxd46e99b7f83183e1","err_code":"ORDERNOTEXIST","err_code_des":"order not exist","mch_id":"1383580102","nonce_str":"qn3WxxkQBFbvNxqO","result_code":"FAIL","return_code":"SUCCESS","return_msg":"OK","sign":"56F5C8B6FCA4DDB69FA9D9E18F598139"}
[2017-05-27 14:43:20][debug] begin notify
[2017-05-27 14:43:20][debug] call back:{"appid":"wxd46e99b7f83183e1","bank_type":"COMM_CREDIT","cash_fee":"100","fee_type":"CNY","is_subscribe":"Y","mch_id":"1383580102","nonce_str":"3qruiqdxtr6xi5jpr5pzt9jnd1atcov1","openid":"ovxXWv3CHJLsugBLuDQiCAxREFtE","out_trade_no":"201705271138403764","result_code":"SUCCESS","return_code":"SUCCESS","sign":"96BD809FB33D495EDFD1D5A607E039D8","time_end":"20170527113853","total_fee":"100","trade_type":"JSAPI","transaction_id":"4002902001201705272813904033"}
[2017-05-27 14:43:20][debug] query:{"appid":"wxd46e99b7f83183e1","err_code":"ORDERNOTEXIST","err_code_des":"order not exist","mch_id":"1383580102","nonce_str":"76pIBaKHDxWW4HSS","result_code":"FAIL","return_code":"SUCCESS","return_msg":"OK","sign":"5C76DD5F677357E5DF5137E62C97F701"}
[2017-05-27 14:45:49][debug] begin notify
[2017-05-27 14:45:49][debug] call back:{"appid":"wxd46e99b7f83183e1","bank_type":"CFT","cash_fee":"1100","fee_type":"CNY","is_subscribe":"Y","mch_id":"1383580102","nonce_str":"qzd8r0vrzpeugaoxnhwdoli9chdvdsgl","openid":"ovxXWvwz8SMTLTHeZpNyA-BjAtR0","out_trade_no":"201705271141158988","result_code":"SUCCESS","return_code":"SUCCESS","sign":"211032596CA451EDDFAD2329B006CA4E","time_end":"20170527114123","total_fee":"1100","trade_type":"JSAPI","transaction_id":"4010042001201705272815661965"}
[2017-05-27 14:45:50][debug] query:{"appid":"wxd46e99b7f83183e1","err_code":"ORDERNOTEXIST","err_code_des":"order not exist","mch_id":"1383580102","nonce_str":"ffVeNI4znytO83WX","result_code":"FAIL","return_code":"SUCCESS","return_msg":"OK","sign":"D8905AFFF89833B7BA7A36B4853DE11D"}
[2017-05-27 14:48:07][debug] begin notify
[2017-05-27 14:48:07][debug] call back:{"appid":"wxd46e99b7f83183e1","bank_type":"COMM_CREDIT","cash_fee":"110","fee_type":"CNY","is_subscribe":"Y","mch_id":"1383580102","nonce_str":"fc11f0csvquai3bf7uz8ojk2e9seu2x1","openid":"ovxXWv3CHJLsugBLuDQiCAxREFtE","out_trade_no":"201705271143227108","result_code":"SUCCESS","return_code":"SUCCESS","sign":"4E2A1C952A09F80EF09403468EAD8C34","time_end":"20170527114339","total_fee":"110","trade_type":"JSAPI","transaction_id":"4002902001201705272814086454"}
[2017-05-27 14:48:08][debug] query:{"appid":"wxd46e99b7f83183e1","err_code":"ORDERNOTEXIST","err_code_des":"order not exist","mch_id":"1383580102","nonce_str":"oAa8AA4JLxQ0gF3Z","result_code":"FAIL","return_code":"SUCCESS","return_msg":"OK","sign":"7555C00532EC83C3383791AE52F9330A"}
[2017-05-27 15:51:14][debug] begin notify
[2017-05-27 15:51:14][debug] call back:{"appid":"wxd46e99b7f83183e1","bank_type":"COMM_CREDIT","cash_fee":"100","fee_type":"CNY","is_subscribe":"Y","mch_id":"1383580102","nonce_str":"3b8ggjmj6g50i71m2ptweosysqtyfwua","openid":"ovxXWv3CHJLsugBLuDQiCAxREFtE","out_trade_no":"2017052715517120","result_code":"SUCCESS","return_code":"SUCCESS","sign":"DD691C2FD56C4C12D6EC7CBAB09BC483","time_end":"20170527155113","total_fee":"100","trade_type":"JSAPI","transaction_id":"4002902001201705272849784393"}
[2017-05-27 15:51:15][debug] begin notify
[2017-05-27 15:51:15][debug] query:{"appid":"wxd46e99b7f83183e1","err_code":"ORDERNOTEXIST","err_code_des":"order not exist","mch_id":"1383580102","nonce_str":"CqwYbncdQVjnsZd9","result_code":"FAIL","return_code":"SUCCESS","return_msg":"OK","sign":"B79475B5CCF34E760669B33E06EFD1EF"}
[2017-05-27 15:51:17][debug] query:{"appid":"wxd46e99b7f83183e1","attach":[],"bank_type":"COMM_CREDIT","cash_fee":"100","fee_type":"CNY","is_subscribe":"Y","mch_id":"1383580102","nonce_str":"i5LqV2J4bHn00E4L","openid":"ovxXWv3CHJLsugBLuDQiCAxREFtE","out_trade_no":"2017052715517120","result_code":"SUCCESS","return_code":"SUCCESS","return_msg":"OK","sign":"0E3BDAE2219E15050E77B53062EAE78F","time_end":"20170527155114","total_fee":"100","trade_state":"SUCCESS","trade_type":"JSAPI","transaction_id":"4002902001201705272849784393"}
[2017-05-27 15:51:27][debug] begin notify
[2017-05-27 15:51:27][debug] call back:{"appid":"wxd46e99b7f83183e1","bank_type":"COMM_CREDIT","cash_fee":"100","fee_type":"CNY","is_subscribe":"Y","mch_id":"1383580102","nonce_str":"3b8ggjmj6g50i71m2ptweosysqtyfwua","openid":"ovxXWv3CHJLsugBLuDQiCAxREFtE","out_trade_no":"2017052715517120","result_code":"SUCCESS","return_code":"SUCCESS","sign":"DD691C2FD56C4C12D6EC7CBAB09BC483","time_end":"20170527155113","total_fee":"100","trade_type":"JSAPI","transaction_id":"4002902001201705272849784393"}
[2017-05-27 15:51:29][debug] query:{"appid":"wxd46e99b7f83183e1","err_code":"ORDERNOTEXIST","err_code_des":"order not exist","mch_id":"1383580102","nonce_str":"W3B1FUaLU58IqpHx","result_code":"FAIL","return_code":"SUCCESS","return_msg":"OK","sign":"C058425EE4924A56AE27F866531DA8AF"}
[2017-05-27 15:51:45][debug] begin notify
[2017-05-27 15:51:45][debug] call back:{"appid":"wxd46e99b7f83183e1","bank_type":"COMM_CREDIT","cash_fee":"100","fee_type":"CNY","is_subscribe":"Y","mch_id":"1383580102","nonce_str":"3b8ggjmj6g50i71m2ptweosysqtyfwua","openid":"ovxXWv3CHJLsugBLuDQiCAxREFtE","out_trade_no":"2017052715517120","result_code":"SUCCESS","return_code":"SUCCESS","sign":"DD691C2FD56C4C12D6EC7CBAB09BC483","time_end":"20170527155113","total_fee":"100","trade_type":"JSAPI","transaction_id":"4002902001201705272849784393"}
[2017-05-27 15:51:47][debug] query:{"appid":"wxd46e99b7f83183e1","err_code":"ORDERNOTEXIST","err_code_des":"order not exist","mch_id":"1383580102","nonce_str":"CnXaZH94bdvUOgkj","result_code":"FAIL","return_code":"SUCCESS","return_msg":"OK","sign":"E3C0E8D864DEC3334238741CC139E270"}
[2017-05-27 15:52:18][debug] begin notify
[2017-05-27 15:52:18][debug] call back:{"appid":"wxd46e99b7f83183e1","bank_type":"COMM_CREDIT","cash_fee":"100","fee_type":"CNY","is_subscribe":"Y","mch_id":"1383580102","nonce_str":"3b8ggjmj6g50i71m2ptweosysqtyfwua","openid":"ovxXWv3CHJLsugBLuDQiCAxREFtE","out_trade_no":"2017052715517120","result_code":"SUCCESS","return_code":"SUCCESS","sign":"DD691C2FD56C4C12D6EC7CBAB09BC483","time_end":"20170527155113","total_fee":"100","trade_type":"JSAPI","transaction_id":"4002902001201705272849784393"}
[2017-05-27 15:52:20][debug] query:{"appid":"wxd46e99b7f83183e1","err_code":"ORDERNOTEXIST","err_code_des":"order not exist","mch_id":"1383580102","nonce_str":"sO4mY7taBWEYOcOq","result_code":"FAIL","return_code":"SUCCESS","return_msg":"OK","sign":"1AEB8C4A739B24EC2662E29C9CF5C7C1"}
[2017-05-27 15:55:22][debug] begin notify
[2017-05-27 15:55:22][debug] call back:{"appid":"wxd46e99b7f83183e1","bank_type":"COMM_CREDIT","cash_fee":"100","fee_type":"CNY","is_subscribe":"Y","mch_id":"1383580102","nonce_str":"3b8ggjmj6g50i71m2ptweosysqtyfwua","openid":"ovxXWv3CHJLsugBLuDQiCAxREFtE","out_trade_no":"2017052715517120","result_code":"SUCCESS","return_code":"SUCCESS","sign":"DD691C2FD56C4C12D6EC7CBAB09BC483","time_end":"20170527155113","total_fee":"100","trade_type":"JSAPI","transaction_id":"4002902001201705272849784393"}
[2017-05-27 15:55:24][debug] query:{"appid":"wxd46e99b7f83183e1","err_code":"ORDERNOTEXIST","err_code_des":"order not exist","mch_id":"1383580102","nonce_str":"OyNIiJhNn62sqw7y","result_code":"FAIL","return_code":"SUCCESS","return_msg":"OK","sign":"868557ADF1ACB378831DEC9E1926AAA3"}
[2017-05-27 16:25:25][debug] begin notify
[2017-05-27 16:25:25][debug] call back:{"appid":"wxd46e99b7f83183e1","bank_type":"COMM_CREDIT","cash_fee":"100","fee_type":"CNY","is_subscribe":"Y","mch_id":"1383580102","nonce_str":"3b8ggjmj6g50i71m2ptweosysqtyfwua","openid":"ovxXWv3CHJLsugBLuDQiCAxREFtE","out_trade_no":"2017052715517120","result_code":"SUCCESS","return_code":"SUCCESS","sign":"DD691C2FD56C4C12D6EC7CBAB09BC483","time_end":"20170527155113","total_fee":"100","trade_type":"JSAPI","transaction_id":"4002902001201705272849784393"}
[2017-05-27 16:25:27][debug] query:{"appid":"wxd46e99b7f83183e1","err_code":"ORDERNOTEXIST","err_code_des":"order not exist","mch_id":"1383580102","nonce_str":"QM3GYu33YOw7qY4V","result_code":"FAIL","return_code":"SUCCESS","return_msg":"OK","sign":"7BD67A6B00A98A9BC7E5C084214F9543"}
[2017-05-27 16:55:29][debug] begin notify
[2017-05-27 16:55:29][debug] call back:{"appid":"wxd46e99b7f83183e1","bank_type":"COMM_CREDIT","cash_fee":"100","fee_type":"CNY","is_subscribe":"Y","mch_id":"1383580102","nonce_str":"3b8ggjmj6g50i71m2ptweosysqtyfwua","openid":"ovxXWv3CHJLsugBLuDQiCAxREFtE","out_trade_no":"2017052715517120","result_code":"SUCCESS","return_code":"SUCCESS","sign":"DD691C2FD56C4C12D6EC7CBAB09BC483","time_end":"20170527155113","total_fee":"100","trade_type":"JSAPI","transaction_id":"4002902001201705272849784393"}
[2017-05-27 16:55:31][debug] query:{"appid":"wxd46e99b7f83183e1","err_code":"ORDERNOTEXIST","err_code_des":"order not exist","mch_id":"1383580102","nonce_str":"ddS1VhW5IhXtqvnP","result_code":"FAIL","return_code":"SUCCESS","return_msg":"OK","sign":"F9B1685C0D68FA72AA49625640D21E1C"}
[2017-05-27 17:25:33][debug] begin notify
[2017-05-27 17:25:33][debug] call back:{"appid":"wxd46e99b7f83183e1","bank_type":"COMM_CREDIT","cash_fee":"100","fee_type":"CNY","is_subscribe":"Y","mch_id":"1383580102","nonce_str":"3b8ggjmj6g50i71m2ptweosysqtyfwua","openid":"ovxXWv3CHJLsugBLuDQiCAxREFtE","out_trade_no":"2017052715517120","result_code":"SUCCESS","return_code":"SUCCESS","sign":"DD691C2FD56C4C12D6EC7CBAB09BC483","time_end":"20170527155113","total_fee":"100","trade_type":"JSAPI","transaction_id":"4002902001201705272849784393"}
[2017-05-27 17:25:35][debug] query:{"appid":"wxd46e99b7f83183e1","err_code":"ORDERNOTEXIST","err_code_des":"order not exist","mch_id":"1383580102","nonce_str":"DOHmkImavBO2vwN3","result_code":"FAIL","return_code":"SUCCESS","return_msg":"OK","sign":"AF6469C73F967098C50B67B19FAB1ECF"}
[2017-05-27 17:55:37][debug] begin notify
[2017-05-27 17:55:37][debug] call back:{"appid":"wxd46e99b7f83183e1","bank_type":"COMM_CREDIT","cash_fee":"100","fee_type":"CNY","is_subscribe":"Y","mch_id":"1383580102","nonce_str":"3b8ggjmj6g50i71m2ptweosysqtyfwua","openid":"ovxXWv3CHJLsugBLuDQiCAxREFtE","out_trade_no":"2017052715517120","result_code":"SUCCESS","return_code":"SUCCESS","sign":"DD691C2FD56C4C12D6EC7CBAB09BC483","time_end":"20170527155113","total_fee":"100","trade_type":"JSAPI","transaction_id":"4002902001201705272849784393"}
[2017-05-27 17:55:38][debug] query:{"appid":"wxd46e99b7f83183e1","err_code":"ORDERNOTEXIST","err_code_des":"order not exist","mch_id":"1383580102","nonce_str":"DNZoSTK9q8Zdhsaq","result_code":"FAIL","return_code":"SUCCESS","return_msg":"OK","sign":"28F21E1BD5E67A36581A08887F38F899"}
[2017-05-27 18:55:41][debug] begin notify
[2017-05-27 18:55:41][debug] call back:{"appid":"wxd46e99b7f83183e1","bank_type":"COMM_CREDIT","cash_fee":"100","fee_type":"CNY","is_subscribe":"Y","mch_id":"1383580102","nonce_str":"3b8ggjmj6g50i71m2ptweosysqtyfwua","openid":"ovxXWv3CHJLsugBLuDQiCAxREFtE","out_trade_no":"2017052715517120","result_code":"SUCCESS","return_code":"SUCCESS","sign":"DD691C2FD56C4C12D6EC7CBAB09BC483","time_end":"20170527155113","total_fee":"100","trade_type":"JSAPI","transaction_id":"4002902001201705272849784393"}
[2017-05-27 18:55:42][debug] query:{"appid":"wxd46e99b7f83183e1","err_code":"ORDERNOTEXIST","err_code_des":"order not exist","mch_id":"1383580102","nonce_str":"ulqkrx2NGWuGZ5B7","result_code":"FAIL","return_code":"SUCCESS","return_msg":"OK","sign":"041D764F4EC34614037B9E49D0EA450A"}
