[2017-06-01 09:10:35][debug] begin notify
[2017-06-01 09:10:35][debug] call back:{"appid":"wxd46e99b7f83183e1","bank_type":"COMM_CREDIT","cash_fee":"100","fee_type":"CNY","is_subscribe":"Y","mch_id":"1383580102","nonce_str":"iaj2oirzrfioznq3qc9niuctgxj7t84a","openid":"ovxXWv3CHJLsugBLuDQiCAxREFtE","out_trade_no":"201706010910281566","result_code":"SUCCESS","return_code":"SUCCESS","sign":"5C50E5777FDF6FD938FC328D7B5E5252","time_end":"20170601091035","total_fee":"100","trade_type":"JSAPI","transaction_id":"4002902001201706013639391890"}
[2017-06-01 09:10:37][debug] begin notify
[2017-06-01 09:10:37][debug] query:{"appid":"wxd46e99b7f83183e1","err_code":"ORDERNOTEXIST","err_code_des":"order not exist","mch_id":"1383580102","nonce_str":"hsPopCU8IWojQ5Wp","result_code":"FAIL","return_code":"SUCCESS","return_msg":"OK","sign":"9ACC19A2CE3CF88BF1FDE8591800D405"}
[2017-06-01 09:10:39][debug] query:{"appid":"wxd46e99b7f83183e1","attach":[],"bank_type":"COMM_CREDIT","cash_fee":"100","fee_type":"CNY","is_subscribe":"Y","mch_id":"1383580102","nonce_str":"Eu9s5azNF2Gs5zmF","openid":"ovxXWv3CHJLsugBLuDQiCAxREFtE","out_trade_no":"201706010910281566","result_code":"SUCCESS","return_code":"SUCCESS","return_msg":"OK","sign":"802E29BACF8531F33594305BAB697BAC","time_end":"20170601091035","total_fee":"100","trade_state":"SUCCESS","trade_type":"JSAPI","transaction_id":"4002902001201706013639391890"}
[2017-06-01 09:10:46][debug] begin notify
[2017-06-01 09:10:46][debug] call back:{"appid":"wxd46e99b7f83183e1","bank_type":"COMM_CREDIT","cash_fee":"100","fee_type":"CNY","is_subscribe":"Y","mch_id":"1383580102","nonce_str":"iaj2oirzrfioznq3qc9niuctgxj7t84a","openid":"ovxXWv3CHJLsugBLuDQiCAxREFtE","out_trade_no":"201706010910281566","result_code":"SUCCESS","return_code":"SUCCESS","sign":"5C50E5777FDF6FD938FC328D7B5E5252","time_end":"20170601091035","total_fee":"100","trade_type":"JSAPI","transaction_id":"4002902001201706013639391890"}
[2017-06-01 09:10:48][debug] query:{"appid":"wxd46e99b7f83183e1","err_code":"ORDERNOTEXIST","err_code_des":"order not exist","mch_id":"1383580102","nonce_str":"Jb6sT2nKU7lawumv","result_code":"FAIL","return_code":"SUCCESS","return_msg":"OK","sign":"FA1A22948A2CBFE0535E0A175DCF5739"}
[2017-06-01 09:11:05][debug] begin notify
[2017-06-01 09:11:05][debug] call back:{"appid":"wxd46e99b7f83183e1","bank_type":"COMM_CREDIT","cash_fee":"100","fee_type":"CNY","is_subscribe":"Y","mch_id":"1383580102","nonce_str":"iaj2oirzrfioznq3qc9niuctgxj7t84a","openid":"ovxXWv3CHJLsugBLuDQiCAxREFtE","out_trade_no":"201706010910281566","result_code":"SUCCESS","return_code":"SUCCESS","sign":"5C50E5777FDF6FD938FC328D7B5E5252","time_end":"20170601091035","total_fee":"100","trade_type":"JSAPI","transaction_id":"4002902001201706013639391890"}
[2017-06-01 09:11:06][debug] query:{"appid":"wxd46e99b7f83183e1","err_code":"ORDERNOTEXIST","err_code_des":"order not exist","mch_id":"1383580102","nonce_str":"GubSio8KhU5Wjypb","result_code":"FAIL","return_code":"SUCCESS","return_msg":"OK","sign":"49B3CCA4C972A0D1D7F7729EF2408F4B"}
[2017-06-01 09:11:37][debug] begin notify
[2017-06-01 09:11:37][debug] call back:{"appid":"wxd46e99b7f83183e1","bank_type":"COMM_CREDIT","cash_fee":"100","fee_type":"CNY","is_subscribe":"Y","mch_id":"1383580102","nonce_str":"iaj2oirzrfioznq3qc9niuctgxj7t84a","openid":"ovxXWv3CHJLsugBLuDQiCAxREFtE","out_trade_no":"201706010910281566","result_code":"SUCCESS","return_code":"SUCCESS","sign":"5C50E5777FDF6FD938FC328D7B5E5252","time_end":"20170601091035","total_fee":"100","trade_type":"JSAPI","transaction_id":"4002902001201706013639391890"}
[2017-06-01 09:11:39][debug] query:{"appid":"wxd46e99b7f83183e1","err_code":"ORDERNOTEXIST","err_code_des":"order not exist","mch_id":"1383580102","nonce_str":"BqUPOZVAfGvQah7J","result_code":"FAIL","return_code":"SUCCESS","return_msg":"OK","sign":"2E9115FB793AD523CACA8FF50C2B33BD"}
[2017-06-01 09:14:41][debug] begin notify
[2017-06-01 09:14:41][debug] call back:{"appid":"wxd46e99b7f83183e1","bank_type":"COMM_CREDIT","cash_fee":"100","fee_type":"CNY","is_subscribe":"Y","mch_id":"1383580102","nonce_str":"iaj2oirzrfioznq3qc9niuctgxj7t84a","openid":"ovxXWv3CHJLsugBLuDQiCAxREFtE","out_trade_no":"201706010910281566","result_code":"SUCCESS","return_code":"SUCCESS","sign":"5C50E5777FDF6FD938FC328D7B5E5252","time_end":"20170601091035","total_fee":"100","trade_type":"JSAPI","transaction_id":"4002902001201706013639391890"}
[2017-06-01 09:14:42][debug] query:{"appid":"wxd46e99b7f83183e1","err_code":"ORDERNOTEXIST","err_code_des":"order not exist","mch_id":"1383580102","nonce_str":"WLsyJsc6s01qZUyl","result_code":"FAIL","return_code":"SUCCESS","return_msg":"OK","sign":"D2F5F58E68282FA5528DEBC579CD0767"}
[2017-06-01 09:44:45][debug] begin notify
[2017-06-01 09:44:45][debug] call back:{"appid":"wxd46e99b7f83183e1","bank_type":"COMM_CREDIT","cash_fee":"100","fee_type":"CNY","is_subscribe":"Y","mch_id":"1383580102","nonce_str":"iaj2oirzrfioznq3qc9niuctgxj7t84a","openid":"ovxXWv3CHJLsugBLuDQiCAxREFtE","out_trade_no":"201706010910281566","result_code":"SUCCESS","return_code":"SUCCESS","sign":"5C50E5777FDF6FD938FC328D7B5E5252","time_end":"20170601091035","total_fee":"100","trade_type":"JSAPI","transaction_id":"4002902001201706013639391890"}
[2017-06-01 09:44:45][debug] query:{"appid":"wxd46e99b7f83183e1","err_code":"ORDERNOTEXIST","err_code_des":"order not exist","mch_id":"1383580102","nonce_str":"uESYWkOLiKhafvA5","result_code":"FAIL","return_code":"SUCCESS","return_msg":"OK","sign":"6E52172B9B1D8F4D4AEE929CE2D07B37"}
[2017-06-01 10:14:47][debug] begin notify
[2017-06-01 10:14:47][debug] call back:{"appid":"wxd46e99b7f83183e1","bank_type":"COMM_CREDIT","cash_fee":"100","fee_type":"CNY","is_subscribe":"Y","mch_id":"1383580102","nonce_str":"iaj2oirzrfioznq3qc9niuctgxj7t84a","openid":"ovxXWv3CHJLsugBLuDQiCAxREFtE","out_trade_no":"201706010910281566","result_code":"SUCCESS","return_code":"SUCCESS","sign":"5C50E5777FDF6FD938FC328D7B5E5252","time_end":"20170601091035","total_fee":"100","trade_type":"JSAPI","transaction_id":"4002902001201706013639391890"}
[2017-06-01 10:14:49][debug] query:{"appid":"wxd46e99b7f83183e1","err_code":"ORDERNOTEXIST","err_code_des":"order not exist","mch_id":"1383580102","nonce_str":"6F6sqArapnSl76CE","result_code":"FAIL","return_code":"SUCCESS","return_msg":"OK","sign":"AC82A2E05CA7C19393E97C53B3792B5B"}
[2017-06-01 10:44:51][debug] begin notify
[2017-06-01 10:44:51][debug] call back:{"appid":"wxd46e99b7f83183e1","bank_type":"COMM_CREDIT","cash_fee":"100","fee_type":"CNY","is_subscribe":"Y","mch_id":"1383580102","nonce_str":"iaj2oirzrfioznq3qc9niuctgxj7t84a","openid":"ovxXWv3CHJLsugBLuDQiCAxREFtE","out_trade_no":"201706010910281566","result_code":"SUCCESS","return_code":"SUCCESS","sign":"5C50E5777FDF6FD938FC328D7B5E5252","time_end":"20170601091035","total_fee":"100","trade_type":"JSAPI","transaction_id":"4002902001201706013639391890"}
[2017-06-01 10:44:52][debug] query:{"appid":"wxd46e99b7f83183e1","err_code":"ORDERNOTEXIST","err_code_des":"order not exist","mch_id":"1383580102","nonce_str":"mhzJwapiDzzl3wUw","result_code":"FAIL","return_code":"SUCCESS","return_msg":"OK","sign":"2DCE6F376294D87227BCC69FE09A84D8"}
[2017-06-01 11:14:54][debug] begin notify
[2017-06-01 11:14:54][debug] call back:{"appid":"wxd46e99b7f83183e1","bank_type":"COMM_CREDIT","cash_fee":"100","fee_type":"CNY","is_subscribe":"Y","mch_id":"1383580102","nonce_str":"iaj2oirzrfioznq3qc9niuctgxj7t84a","openid":"ovxXWv3CHJLsugBLuDQiCAxREFtE","out_trade_no":"201706010910281566","result_code":"SUCCESS","return_code":"SUCCESS","sign":"5C50E5777FDF6FD938FC328D7B5E5252","time_end":"20170601091035","total_fee":"100","trade_type":"JSAPI","transaction_id":"4002902001201706013639391890"}
[2017-06-01 11:14:56][debug] query:{"appid":"wxd46e99b7f83183e1","err_code":"ORDERNOTEXIST","err_code_des":"order not exist","mch_id":"1383580102","nonce_str":"s7R5NG3i3U8T0wql","result_code":"FAIL","return_code":"SUCCESS","return_msg":"OK","sign":"0820FCDEB391F0FEE3B6476DACDB84CA"}
[2017-06-01 12:14:57][debug] begin notify
[2017-06-01 12:14:57][debug] call back:{"appid":"wxd46e99b7f83183e1","bank_type":"COMM_CREDIT","cash_fee":"100","fee_type":"CNY","is_subscribe":"Y","mch_id":"1383580102","nonce_str":"iaj2oirzrfioznq3qc9niuctgxj7t84a","openid":"ovxXWv3CHJLsugBLuDQiCAxREFtE","out_trade_no":"201706010910281566","result_code":"SUCCESS","return_code":"SUCCESS","sign":"5C50E5777FDF6FD938FC328D7B5E5252","time_end":"20170601091035","total_fee":"100","trade_type":"JSAPI","transaction_id":"4002902001201706013639391890"}
[2017-06-01 12:14:59][debug] query:{"appid":"wxd46e99b7f83183e1","err_code":"ORDERNOTEXIST","err_code_des":"order not exist","mch_id":"1383580102","nonce_str":"0YhDcLnzA4f1FoiA","result_code":"FAIL","return_code":"SUCCESS","return_msg":"OK","sign":"EF12F07E2855D16CBE38960D48098000"}
