[2017-06-30 10:54:25][debug] begin notify
[2017-06-30 10:54:25][debug] call back:{"appid":"wxd46e99b7f83183e1","bank_type":"CFT","cash_fee":"1","fee_type":"CNY","is_subscribe":"Y","mch_id":"1383580102","nonce_str":"lc2rr3ymqnmj3m5sn4wy5gp8vu0mg9ej","openid":"ovxXWv5Ldfh1B4nho4C-Jz6Kgma0","out_trade_no":"201706301054183084","result_code":"SUCCESS","return_code":"SUCCESS","sign":"769E55F6691750B8D7A97682CEE9E34F","time_end":"20170630105424","total_fee":"1","trade_type":"JSAPI","transaction_id":"4005242001201706308093722279"}
[2017-06-30 10:54:25][debug] query:{"appid":"wxd46e99b7f83183e1","err_code":"ORDERNOTEXIST","err_code_des":"order not exist","mch_id":"1383580102","nonce_str":"O1j8jGxX4pkGdIOO","result_code":"FAIL","return_code":"SUCCESS","return_msg":"OK","sign":"737979A34470509A897A33FCE04C858F"}
[2017-06-30 10:54:28][debug] begin notify
[2017-06-30 10:54:28][debug] query:{"appid":"wxd46e99b7f83183e1","attach":[],"bank_type":"CFT","cash_fee":"1","fee_type":"CNY","is_subscribe":"Y","mch_id":"1383580102","nonce_str":"zh0FgmvsG0tXkM7k","openid":"ovxXWv5Ldfh1B4nho4C-Jz6Kgma0","out_trade_no":"201706301054183084","result_code":"SUCCESS","return_code":"SUCCESS","return_msg":"OK","sign":"94CB71BFC66051A403C3412FB784F831","time_end":"20170630105424","total_fee":"1","trade_state":"SUCCESS","trade_type":"JSAPI","transaction_id":"4005242001201706308093722279"}
[2017-06-30 10:54:37][debug] begin notify
[2017-06-30 10:54:37][debug] call back:{"appid":"wxd46e99b7f83183e1","bank_type":"CFT","cash_fee":"1","fee_type":"CNY","is_subscribe":"Y","mch_id":"1383580102","nonce_str":"lc2rr3ymqnmj3m5sn4wy5gp8vu0mg9ej","openid":"ovxXWv5Ldfh1B4nho4C-Jz6Kgma0","out_trade_no":"201706301054183084","result_code":"SUCCESS","return_code":"SUCCESS","sign":"769E55F6691750B8D7A97682CEE9E34F","time_end":"20170630105424","total_fee":"1","trade_type":"JSAPI","transaction_id":"4005242001201706308093722279"}
[2017-06-30 10:54:37][debug] query:{"appid":"wxd46e99b7f83183e1","err_code":"ORDERNOTEXIST","err_code_des":"order not exist","mch_id":"1383580102","nonce_str":"bKfNGA7KI891Y5mg","result_code":"FAIL","return_code":"SUCCESS","return_msg":"OK","sign":"7B885718EA5CDF085DD433166BBE0D66"}
[2017-06-30 10:54:55][debug] begin notify
[2017-06-30 10:54:55][debug] call back:{"appid":"wxd46e99b7f83183e1","bank_type":"CFT","cash_fee":"1","fee_type":"CNY","is_subscribe":"Y","mch_id":"1383580102","nonce_str":"lc2rr3ymqnmj3m5sn4wy5gp8vu0mg9ej","openid":"ovxXWv5Ldfh1B4nho4C-Jz6Kgma0","out_trade_no":"201706301054183084","result_code":"SUCCESS","return_code":"SUCCESS","sign":"769E55F6691750B8D7A97682CEE9E34F","time_end":"20170630105424","total_fee":"1","trade_type":"JSAPI","transaction_id":"4005242001201706308093722279"}
[2017-06-30 10:54:55][debug] query:{"appid":"wxd46e99b7f83183e1","err_code":"ORDERNOTEXIST","err_code_des":"order not exist","mch_id":"1383580102","nonce_str":"mTfsfR0s8cPGYAsx","result_code":"FAIL","return_code":"SUCCESS","return_msg":"OK","sign":"E115E0A5D40C87D200FD965D86FA9E5B"}
[2017-06-30 10:55:17][debug] begin notify
[2017-06-30 10:55:17][debug] call back:{"appid":"wxd46e99b7f83183e1","bank_type":"CFT","cash_fee":"1","fee_type":"CNY","is_subscribe":"Y","mch_id":"1383580102","nonce_str":"grrlbfs1tq00wrbi8ya6ovib3f2mi18w","openid":"ovxXWv5Ldfh1B4nho4C-Jz6Kgma0","out_trade_no":"201706301055095461","result_code":"SUCCESS","return_code":"SUCCESS","sign":"962D5BD56718F34FC8916ABCB00168CC","time_end":"20170630105516","total_fee":"1","trade_type":"JSAPI","transaction_id":"4005242001201706308088282617"}
[2017-06-30 10:55:18][debug] query:{"appid":"wxd46e99b7f83183e1","err_code":"ORDERNOTEXIST","err_code_des":"order not exist","mch_id":"1383580102","nonce_str":"VYi094SgNcRipqFR","result_code":"FAIL","return_code":"SUCCESS","return_msg":"OK","sign":"529F81A0A89622A5FA2BABC90F020056"}
[2017-06-30 10:55:18][debug] begin notify
[2017-06-30 10:55:19][debug] query:{"appid":"wxd46e99b7f83183e1","attach":[],"bank_type":"CFT","cash_fee":"1","fee_type":"CNY","is_subscribe":"Y","mch_id":"1383580102","nonce_str":"ZRg65YW1JFXnuBir","openid":"ovxXWv5Ldfh1B4nho4C-Jz6Kgma0","out_trade_no":"201706301055095461","result_code":"SUCCESS","return_code":"SUCCESS","return_msg":"OK","sign":"0A54071DCF095207C8CA54C3C3498B71","time_end":"20170630105517","total_fee":"1","trade_state":"SUCCESS","trade_type":"JSAPI","transaction_id":"4005242001201706308088282617"}
[2017-06-30 10:55:27][debug] begin notify
[2017-06-30 10:55:27][debug] call back:{"appid":"wxd46e99b7f83183e1","bank_type":"CFT","cash_fee":"1","fee_type":"CNY","is_subscribe":"Y","mch_id":"1383580102","nonce_str":"lc2rr3ymqnmj3m5sn4wy5gp8vu0mg9ej","openid":"ovxXWv5Ldfh1B4nho4C-Jz6Kgma0","out_trade_no":"201706301054183084","result_code":"SUCCESS","return_code":"SUCCESS","sign":"769E55F6691750B8D7A97682CEE9E34F","time_end":"20170630105424","total_fee":"1","trade_type":"JSAPI","transaction_id":"4005242001201706308093722279"}
[2017-06-30 10:55:27][debug] query:{"appid":"wxd46e99b7f83183e1","err_code":"ORDERNOTEXIST","err_code_des":"order not exist","mch_id":"1383580102","nonce_str":"LA4fqYaDsksHkpGa","result_code":"FAIL","return_code":"SUCCESS","return_msg":"OK","sign":"C489C0003683D7107B3E7E0A5C212E25"}
[2017-06-30 10:55:32][debug] begin notify
[2017-06-30 10:55:32][debug] call back:{"appid":"wxd46e99b7f83183e1","bank_type":"CFT","cash_fee":"1","fee_type":"CNY","is_subscribe":"Y","mch_id":"1383580102","nonce_str":"grrlbfs1tq00wrbi8ya6ovib3f2mi18w","openid":"ovxXWv5Ldfh1B4nho4C-Jz6Kgma0","out_trade_no":"201706301055095461","result_code":"SUCCESS","return_code":"SUCCESS","sign":"962D5BD56718F34FC8916ABCB00168CC","time_end":"20170630105516","total_fee":"1","trade_type":"JSAPI","transaction_id":"4005242001201706308088282617"}
[2017-06-30 10:55:33][debug] query:{"appid":"wxd46e99b7f83183e1","err_code":"ORDERNOTEXIST","err_code_des":"order not exist","mch_id":"1383580102","nonce_str":"ynrTTOVQY9nyHDoX","result_code":"FAIL","return_code":"SUCCESS","return_msg":"OK","sign":"2AB1A5D146AD688573560EF45F5A5B63"}
[2017-06-30 10:55:50][debug] begin notify
[2017-06-30 10:55:50][debug] call back:{"appid":"wxd46e99b7f83183e1","bank_type":"CFT","cash_fee":"1","fee_type":"CNY","is_subscribe":"Y","mch_id":"1383580102","nonce_str":"grrlbfs1tq00wrbi8ya6ovib3f2mi18w","openid":"ovxXWv5Ldfh1B4nho4C-Jz6Kgma0","out_trade_no":"201706301055095461","result_code":"SUCCESS","return_code":"SUCCESS","sign":"962D5BD56718F34FC8916ABCB00168CC","time_end":"20170630105516","total_fee":"1","trade_type":"JSAPI","transaction_id":"4005242001201706308088282617"}
[2017-06-30 10:55:50][debug] query:{"appid":"wxd46e99b7f83183e1","err_code":"ORDERNOTEXIST","err_code_des":"order not exist","mch_id":"1383580102","nonce_str":"vD6yzrJRA9h4ibsR","result_code":"FAIL","return_code":"SUCCESS","return_msg":"OK","sign":"3283B0170B1D6091D902B78847D4CDCA"}
[2017-06-30 10:56:05][debug] begin notify
[2017-06-30 10:56:05][debug] call back:{"appid":"wxd46e99b7f83183e1","bank_type":"CFT","cash_fee":"1","fee_type":"CNY","is_subscribe":"Y","mch_id":"1383580102","nonce_str":"6q0qlfh11bgiid8ckhi5pty5zarq4eeb","openid":"ovxXWv5Ldfh1B4nho4C-Jz6Kgma0","out_trade_no":"201706301055594329","result_code":"SUCCESS","return_code":"SUCCESS","sign":"1415BF71119CB2AF373A2821C55D3F07","time_end":"20170630105604","total_fee":"1","trade_type":"JSAPI","transaction_id":"4005242001201706308089984392"}
[2017-06-30 10:56:05][debug] query:{"appid":"wxd46e99b7f83183e1","err_code":"ORDERNOTEXIST","err_code_des":"order not exist","mch_id":"1383580102","nonce_str":"3tl1d0Uwp0ijJNhr","result_code":"FAIL","return_code":"SUCCESS","return_msg":"OK","sign":"3F280D2BED40FAE4EC283286267EF791"}
[2017-06-30 10:56:05][debug] begin notify
[2017-06-30 10:56:06][debug] query:{"appid":"wxd46e99b7f83183e1","attach":[],"bank_type":"CFT","cash_fee":"1","fee_type":"CNY","is_subscribe":"Y","mch_id":"1383580102","nonce_str":"ymbd7hUhREa5Y1mo","openid":"ovxXWv5Ldfh1B4nho4C-Jz6Kgma0","out_trade_no":"201706301055594329","result_code":"SUCCESS","return_code":"SUCCESS","return_msg":"OK","sign":"FD0039B96423C40975E51F3C0939A3F9","time_end":"20170630105604","total_fee":"1","trade_state":"SUCCESS","trade_type":"JSAPI","transaction_id":"4005242001201706308089984392"}
[2017-06-30 10:56:22][debug] begin notify
[2017-06-30 10:56:22][debug] call back:{"appid":"wxd46e99b7f83183e1","bank_type":"CFT","cash_fee":"1","fee_type":"CNY","is_subscribe":"Y","mch_id":"1383580102","nonce_str":"6q0qlfh11bgiid8ckhi5pty5zarq4eeb","openid":"ovxXWv5Ldfh1B4nho4C-Jz6Kgma0","out_trade_no":"201706301055594329","result_code":"SUCCESS","return_code":"SUCCESS","sign":"1415BF71119CB2AF373A2821C55D3F07","time_end":"20170630105604","total_fee":"1","trade_type":"JSAPI","transaction_id":"4005242001201706308089984392"}
[2017-06-30 10:56:22][debug] query:{"appid":"wxd46e99b7f83183e1","err_code":"ORDERNOTEXIST","err_code_des":"order not exist","mch_id":"1383580102","nonce_str":"5IFtVPvRgSldYZS4","result_code":"FAIL","return_code":"SUCCESS","return_msg":"OK","sign":"BC7FEF11B6EEDEE965E23CAE0D7FBDF2"}
[2017-06-30 10:56:22][debug] begin notify
[2017-06-30 10:56:22][debug] call back:{"appid":"wxd46e99b7f83183e1","bank_type":"CFT","cash_fee":"1","fee_type":"CNY","is_subscribe":"Y","mch_id":"1383580102","nonce_str":"grrlbfs1tq00wrbi8ya6ovib3f2mi18w","openid":"ovxXWv5Ldfh1B4nho4C-Jz6Kgma0","out_trade_no":"201706301055095461","result_code":"SUCCESS","return_code":"SUCCESS","sign":"962D5BD56718F34FC8916ABCB00168CC","time_end":"20170630105516","total_fee":"1","trade_type":"JSAPI","transaction_id":"4005242001201706308088282617"}
[2017-06-30 10:56:22][debug] query:{"appid":"wxd46e99b7f83183e1","err_code":"ORDERNOTEXIST","err_code_des":"order not exist","mch_id":"1383580102","nonce_str":"xTzJzts8EcLwJKzN","result_code":"FAIL","return_code":"SUCCESS","return_msg":"OK","sign":"940683559218258DA8E3DFBED2355765"}
[2017-06-30 10:56:39][debug] begin notify
[2017-06-30 10:56:39][debug] call back:{"appid":"wxd46e99b7f83183e1","bank_type":"CFT","cash_fee":"1","fee_type":"CNY","is_subscribe":"Y","mch_id":"1383580102","nonce_str":"6q0qlfh11bgiid8ckhi5pty5zarq4eeb","openid":"ovxXWv5Ldfh1B4nho4C-Jz6Kgma0","out_trade_no":"201706301055594329","result_code":"SUCCESS","return_code":"SUCCESS","sign":"1415BF71119CB2AF373A2821C55D3F07","time_end":"20170630105604","total_fee":"1","trade_type":"JSAPI","transaction_id":"4005242001201706308089984392"}
[2017-06-30 10:56:39][debug] query:{"appid":"wxd46e99b7f83183e1","err_code":"ORDERNOTEXIST","err_code_des":"order not exist","mch_id":"1383580102","nonce_str":"v0q3TaozjND75o1m","result_code":"FAIL","return_code":"SUCCESS","return_msg":"OK","sign":"40BE1A92FD24568AF4B96A48C2ADE8CE"}
[2017-06-30 10:57:12][debug] begin notify
[2017-06-30 10:57:12][debug] call back:{"appid":"wxd46e99b7f83183e1","bank_type":"CFT","cash_fee":"1","fee_type":"CNY","is_subscribe":"Y","mch_id":"1383580102","nonce_str":"6q0qlfh11bgiid8ckhi5pty5zarq4eeb","openid":"ovxXWv5Ldfh1B4nho4C-Jz6Kgma0","out_trade_no":"201706301055594329","result_code":"SUCCESS","return_code":"SUCCESS","sign":"1415BF71119CB2AF373A2821C55D3F07","time_end":"20170630105604","total_fee":"1","trade_type":"JSAPI","transaction_id":"4005242001201706308089984392"}
[2017-06-30 10:57:12][debug] query:{"appid":"wxd46e99b7f83183e1","err_code":"ORDERNOTEXIST","err_code_des":"order not exist","mch_id":"1383580102","nonce_str":"vQAeXy3wRTgejDSR","result_code":"FAIL","return_code":"SUCCESS","return_msg":"OK","sign":"4BF92BFE1C6A0E519C5F8B5A0E708C54"}
[2017-06-30 10:58:29][debug] begin notify
[2017-06-30 10:58:29][debug] call back:{"appid":"wxd46e99b7f83183e1","bank_type":"CFT","cash_fee":"1","fee_type":"CNY","is_subscribe":"Y","mch_id":"1383580102","nonce_str":"lc2rr3ymqnmj3m5sn4wy5gp8vu0mg9ej","openid":"ovxXWv5Ldfh1B4nho4C-Jz6Kgma0","out_trade_no":"201706301054183084","result_code":"SUCCESS","return_code":"SUCCESS","sign":"769E55F6691750B8D7A97682CEE9E34F","time_end":"20170630105424","total_fee":"1","trade_type":"JSAPI","transaction_id":"4005242001201706308093722279"}
[2017-06-30 10:58:29][debug] query:{"appid":"wxd46e99b7f83183e1","err_code":"ORDERNOTEXIST","err_code_des":"order not exist","mch_id":"1383580102","nonce_str":"9MK0bPs8oF90mkn6","result_code":"FAIL","return_code":"SUCCESS","return_msg":"OK","sign":"EE4C3CEDF7F9B4963675D9E7C8BA435C"}
[2017-06-30 10:59:24][debug] begin notify
[2017-06-30 10:59:24][debug] call back:{"appid":"wxd46e99b7f83183e1","bank_type":"CFT","cash_fee":"1","fee_type":"CNY","is_subscribe":"Y","mch_id":"1383580102","nonce_str":"grrlbfs1tq00wrbi8ya6ovib3f2mi18w","openid":"ovxXWv5Ldfh1B4nho4C-Jz6Kgma0","out_trade_no":"201706301055095461","result_code":"SUCCESS","return_code":"SUCCESS","sign":"962D5BD56718F34FC8916ABCB00168CC","time_end":"20170630105516","total_fee":"1","trade_type":"JSAPI","transaction_id":"4005242001201706308088282617"}
[2017-06-30 10:59:24][debug] query:{"appid":"wxd46e99b7f83183e1","err_code":"ORDERNOTEXIST","err_code_des":"order not exist","mch_id":"1383580102","nonce_str":"SCHgyvow1LHyuGNF","result_code":"FAIL","return_code":"SUCCESS","return_msg":"OK","sign":"236F7F4FA12A05BBB6386A42B7D9033F"}
[2017-06-30 11:00:13][debug] begin notify
[2017-06-30 11:00:13][debug] call back:{"appid":"wxd46e99b7f83183e1","bank_type":"CFT","cash_fee":"1","fee_type":"CNY","is_subscribe":"Y","mch_id":"1383580102","nonce_str":"6q0qlfh11bgiid8ckhi5pty5zarq4eeb","openid":"ovxXWv5Ldfh1B4nho4C-Jz6Kgma0","out_trade_no":"201706301055594329","result_code":"SUCCESS","return_code":"SUCCESS","sign":"1415BF71119CB2AF373A2821C55D3F07","time_end":"20170630105604","total_fee":"1","trade_type":"JSAPI","transaction_id":"4005242001201706308089984392"}
[2017-06-30 11:00:14][debug] query:{"appid":"wxd46e99b7f83183e1","err_code":"ORDERNOTEXIST","err_code_des":"order not exist","mch_id":"1383580102","nonce_str":"DQgsajMToEaC6IwC","result_code":"FAIL","return_code":"SUCCESS","return_msg":"OK","sign":"E712A3F89C0A479BAFCE681BF55B1448"}
[2017-06-30 11:28:30][debug] begin notify
[2017-06-30 11:28:30][debug] call back:{"appid":"wxd46e99b7f83183e1","bank_type":"CFT","cash_fee":"1","fee_type":"CNY","is_subscribe":"Y","mch_id":"1383580102","nonce_str":"lc2rr3ymqnmj3m5sn4wy5gp8vu0mg9ej","openid":"ovxXWv5Ldfh1B4nho4C-Jz6Kgma0","out_trade_no":"201706301054183084","result_code":"SUCCESS","return_code":"SUCCESS","sign":"769E55F6691750B8D7A97682CEE9E34F","time_end":"20170630105424","total_fee":"1","trade_type":"JSAPI","transaction_id":"4005242001201706308093722279"}
[2017-06-30 11:28:30][debug] query:{"appid":"wxd46e99b7f83183e1","err_code":"ORDERNOTEXIST","err_code_des":"order not exist","mch_id":"1383580102","nonce_str":"7ImVWipsOgkSRisi","result_code":"FAIL","return_code":"SUCCESS","return_msg":"OK","sign":"69A30FF45B37B26D6A34BE8652D86DD7"}
[2017-06-30 11:29:26][debug] begin notify
[2017-06-30 11:29:26][debug] call back:{"appid":"wxd46e99b7f83183e1","bank_type":"CFT","cash_fee":"1","fee_type":"CNY","is_subscribe":"Y","mch_id":"1383580102","nonce_str":"grrlbfs1tq00wrbi8ya6ovib3f2mi18w","openid":"ovxXWv5Ldfh1B4nho4C-Jz6Kgma0","out_trade_no":"201706301055095461","result_code":"SUCCESS","return_code":"SUCCESS","sign":"962D5BD56718F34FC8916ABCB00168CC","time_end":"20170630105516","total_fee":"1","trade_type":"JSAPI","transaction_id":"4005242001201706308088282617"}
[2017-06-30 11:29:26][debug] query:{"appid":"wxd46e99b7f83183e1","err_code":"ORDERNOTEXIST","err_code_des":"order not exist","mch_id":"1383580102","nonce_str":"Lqvn4xCV7UqvjKsl","result_code":"FAIL","return_code":"SUCCESS","return_msg":"OK","sign":"E442F7EC5EBF1C39C754D79C6C0AB632"}
[2017-06-30 11:30:16][debug] begin notify
[2017-06-30 11:30:16][debug] call back:{"appid":"wxd46e99b7f83183e1","bank_type":"CFT","cash_fee":"1","fee_type":"CNY","is_subscribe":"Y","mch_id":"1383580102","nonce_str":"6q0qlfh11bgiid8ckhi5pty5zarq4eeb","openid":"ovxXWv5Ldfh1B4nho4C-Jz6Kgma0","out_trade_no":"201706301055594329","result_code":"SUCCESS","return_code":"SUCCESS","sign":"1415BF71119CB2AF373A2821C55D3F07","time_end":"20170630105604","total_fee":"1","trade_type":"JSAPI","transaction_id":"4005242001201706308089984392"}
[2017-06-30 11:30:16][debug] query:{"appid":"wxd46e99b7f83183e1","err_code":"ORDERNOTEXIST","err_code_des":"order not exist","mch_id":"1383580102","nonce_str":"zKQnHk0Y2vjUzxhR","result_code":"FAIL","return_code":"SUCCESS","return_msg":"OK","sign":"0CAF520A1BFFDC6BED1F019997E4078B"}
[2017-06-30 11:58:31][debug] begin notify
[2017-06-30 11:58:31][debug] call back:{"appid":"wxd46e99b7f83183e1","bank_type":"CFT","cash_fee":"1","fee_type":"CNY","is_subscribe":"Y","mch_id":"1383580102","nonce_str":"lc2rr3ymqnmj3m5sn4wy5gp8vu0mg9ej","openid":"ovxXWv5Ldfh1B4nho4C-Jz6Kgma0","out_trade_no":"201706301054183084","result_code":"SUCCESS","return_code":"SUCCESS","sign":"769E55F6691750B8D7A97682CEE9E34F","time_end":"20170630105424","total_fee":"1","trade_type":"JSAPI","transaction_id":"4005242001201706308093722279"}
[2017-06-30 11:58:31][debug] query:{"appid":"wxd46e99b7f83183e1","err_code":"ORDERNOTEXIST","err_code_des":"order not exist","mch_id":"1383580102","nonce_str":"m7Z8NHaTi1WgJIDu","result_code":"FAIL","return_code":"SUCCESS","return_msg":"OK","sign":"A7AEB576D96523196D4BD51D91E60B48"}
[2017-06-30 11:59:28][debug] begin notify
[2017-06-30 11:59:28][debug] call back:{"appid":"wxd46e99b7f83183e1","bank_type":"CFT","cash_fee":"1","fee_type":"CNY","is_subscribe":"Y","mch_id":"1383580102","nonce_str":"grrlbfs1tq00wrbi8ya6ovib3f2mi18w","openid":"ovxXWv5Ldfh1B4nho4C-Jz6Kgma0","out_trade_no":"201706301055095461","result_code":"SUCCESS","return_code":"SUCCESS","sign":"962D5BD56718F34FC8916ABCB00168CC","time_end":"20170630105516","total_fee":"1","trade_type":"JSAPI","transaction_id":"4005242001201706308088282617"}
[2017-06-30 11:59:28][debug] query:{"appid":"wxd46e99b7f83183e1","err_code":"ORDERNOTEXIST","err_code_des":"order not exist","mch_id":"1383580102","nonce_str":"zkslXTdCygb22E6v","result_code":"FAIL","return_code":"SUCCESS","return_msg":"OK","sign":"851A481FE87A79ECB2E58B8C10A1A761"}
[2017-06-30 12:00:17][debug] begin notify
[2017-06-30 12:00:17][debug] call back:{"appid":"wxd46e99b7f83183e1","bank_type":"CFT","cash_fee":"1","fee_type":"CNY","is_subscribe":"Y","mch_id":"1383580102","nonce_str":"6q0qlfh11bgiid8ckhi5pty5zarq4eeb","openid":"ovxXWv5Ldfh1B4nho4C-Jz6Kgma0","out_trade_no":"201706301055594329","result_code":"SUCCESS","return_code":"SUCCESS","sign":"1415BF71119CB2AF373A2821C55D3F07","time_end":"20170630105604","total_fee":"1","trade_type":"JSAPI","transaction_id":"4005242001201706308089984392"}
[2017-06-30 12:00:18][debug] query:{"appid":"wxd46e99b7f83183e1","err_code":"ORDERNOTEXIST","err_code_des":"order not exist","mch_id":"1383580102","nonce_str":"6SOy9yR6km7s0Ixy","result_code":"FAIL","return_code":"SUCCESS","return_msg":"OK","sign":"D69643FE399852EBDE6BC206BFA8E94B"}
[2017-06-30 12:28:33][debug] begin notify
[2017-06-30 12:28:33][debug] call back:{"appid":"wxd46e99b7f83183e1","bank_type":"CFT","cash_fee":"1","fee_type":"CNY","is_subscribe":"Y","mch_id":"1383580102","nonce_str":"lc2rr3ymqnmj3m5sn4wy5gp8vu0mg9ej","openid":"ovxXWv5Ldfh1B4nho4C-Jz6Kgma0","out_trade_no":"201706301054183084","result_code":"SUCCESS","return_code":"SUCCESS","sign":"769E55F6691750B8D7A97682CEE9E34F","time_end":"20170630105424","total_fee":"1","trade_type":"JSAPI","transaction_id":"4005242001201706308093722279"}
[2017-06-30 12:28:33][debug] query:{"appid":"wxd46e99b7f83183e1","err_code":"ORDERNOTEXIST","err_code_des":"order not exist","mch_id":"1383580102","nonce_str":"D5nsWgalR51guhIR","result_code":"FAIL","return_code":"SUCCESS","return_msg":"OK","sign":"F8EDD2C2F4286F111AFAAE09BBB9C733"}
[2017-06-30 12:29:30][debug] begin notify
[2017-06-30 12:29:30][debug] call back:{"appid":"wxd46e99b7f83183e1","bank_type":"CFT","cash_fee":"1","fee_type":"CNY","is_subscribe":"Y","mch_id":"1383580102","nonce_str":"grrlbfs1tq00wrbi8ya6ovib3f2mi18w","openid":"ovxXWv5Ldfh1B4nho4C-Jz6Kgma0","out_trade_no":"201706301055095461","result_code":"SUCCESS","return_code":"SUCCESS","sign":"962D5BD56718F34FC8916ABCB00168CC","time_end":"20170630105516","total_fee":"1","trade_type":"JSAPI","transaction_id":"4005242001201706308088282617"}
[2017-06-30 12:29:30][debug] query:{"appid":"wxd46e99b7f83183e1","err_code":"ORDERNOTEXIST","err_code_des":"order not exist","mch_id":"1383580102","nonce_str":"56cyTIVVogivMQ6E","result_code":"FAIL","return_code":"SUCCESS","return_msg":"OK","sign":"10788058EA0B72034159F424DD2B9623"}
[2017-06-30 12:30:19][debug] begin notify
[2017-06-30 12:30:19][debug] call back:{"appid":"wxd46e99b7f83183e1","bank_type":"CFT","cash_fee":"1","fee_type":"CNY","is_subscribe":"Y","mch_id":"1383580102","nonce_str":"6q0qlfh11bgiid8ckhi5pty5zarq4eeb","openid":"ovxXWv5Ldfh1B4nho4C-Jz6Kgma0","out_trade_no":"201706301055594329","result_code":"SUCCESS","return_code":"SUCCESS","sign":"1415BF71119CB2AF373A2821C55D3F07","time_end":"20170630105604","total_fee":"1","trade_type":"JSAPI","transaction_id":"4005242001201706308089984392"}
[2017-06-30 12:30:20][debug] query:{"appid":"wxd46e99b7f83183e1","err_code":"ORDERNOTEXIST","err_code_des":"order not exist","mch_id":"1383580102","nonce_str":"j3tDPCHRm52S9S1c","result_code":"FAIL","return_code":"SUCCESS","return_msg":"OK","sign":"D02AE8B3374DC0ADE4B54F4A9487193E"}
[2017-06-30 12:58:35][debug] begin notify
[2017-06-30 12:58:35][debug] call back:{"appid":"wxd46e99b7f83183e1","bank_type":"CFT","cash_fee":"1","fee_type":"CNY","is_subscribe":"Y","mch_id":"1383580102","nonce_str":"lc2rr3ymqnmj3m5sn4wy5gp8vu0mg9ej","openid":"ovxXWv5Ldfh1B4nho4C-Jz6Kgma0","out_trade_no":"201706301054183084","result_code":"SUCCESS","return_code":"SUCCESS","sign":"769E55F6691750B8D7A97682CEE9E34F","time_end":"20170630105424","total_fee":"1","trade_type":"JSAPI","transaction_id":"4005242001201706308093722279"}
[2017-06-30 12:58:35][debug] query:{"appid":"wxd46e99b7f83183e1","err_code":"ORDERNOTEXIST","err_code_des":"order not exist","mch_id":"1383580102","nonce_str":"ayGZDk9ewgvzlLGO","result_code":"FAIL","return_code":"SUCCESS","return_msg":"OK","sign":"9453527A4B2DBC2D8C343705BA6BD43C"}
[2017-06-30 12:59:31][debug] begin notify
[2017-06-30 12:59:31][debug] call back:{"appid":"wxd46e99b7f83183e1","bank_type":"CFT","cash_fee":"1","fee_type":"CNY","is_subscribe":"Y","mch_id":"1383580102","nonce_str":"grrlbfs1tq00wrbi8ya6ovib3f2mi18w","openid":"ovxXWv5Ldfh1B4nho4C-Jz6Kgma0","out_trade_no":"201706301055095461","result_code":"SUCCESS","return_code":"SUCCESS","sign":"962D5BD56718F34FC8916ABCB00168CC","time_end":"20170630105516","total_fee":"1","trade_type":"JSAPI","transaction_id":"4005242001201706308088282617"}
[2017-06-30 12:59:31][debug] query:{"appid":"wxd46e99b7f83183e1","err_code":"ORDERNOTEXIST","err_code_des":"order not exist","mch_id":"1383580102","nonce_str":"6OSZBI01JZr11gWr","result_code":"FAIL","return_code":"SUCCESS","return_msg":"OK","sign":"4BF34A94D04DE5790706E34927D13CA7"}
[2017-06-30 13:00:22][debug] begin notify
[2017-06-30 13:00:22][debug] call back:{"appid":"wxd46e99b7f83183e1","bank_type":"CFT","cash_fee":"1","fee_type":"CNY","is_subscribe":"Y","mch_id":"1383580102","nonce_str":"6q0qlfh11bgiid8ckhi5pty5zarq4eeb","openid":"ovxXWv5Ldfh1B4nho4C-Jz6Kgma0","out_trade_no":"201706301055594329","result_code":"SUCCESS","return_code":"SUCCESS","sign":"1415BF71119CB2AF373A2821C55D3F07","time_end":"20170630105604","total_fee":"1","trade_type":"JSAPI","transaction_id":"4005242001201706308089984392"}
[2017-06-30 13:00:23][debug] query:{"appid":"wxd46e99b7f83183e1","err_code":"ORDERNOTEXIST","err_code_des":"order not exist","mch_id":"1383580102","nonce_str":"XpWUY6bRdECUZGgl","result_code":"FAIL","return_code":"SUCCESS","return_msg":"OK","sign":"9445B23429443068B5177DEE94B2CF15"}
[2017-06-30 13:58:37][debug] begin notify
[2017-06-30 13:58:37][debug] call back:{"appid":"wxd46e99b7f83183e1","bank_type":"CFT","cash_fee":"1","fee_type":"CNY","is_subscribe":"Y","mch_id":"1383580102","nonce_str":"lc2rr3ymqnmj3m5sn4wy5gp8vu0mg9ej","openid":"ovxXWv5Ldfh1B4nho4C-Jz6Kgma0","out_trade_no":"201706301054183084","result_code":"SUCCESS","return_code":"SUCCESS","sign":"769E55F6691750B8D7A97682CEE9E34F","time_end":"20170630105424","total_fee":"1","trade_type":"JSAPI","transaction_id":"4005242001201706308093722279"}
[2017-06-30 13:58:37][debug] query:{"appid":"wxd46e99b7f83183e1","err_code":"ORDERNOTEXIST","err_code_des":"order not exist","mch_id":"1383580102","nonce_str":"Py3Wxn2g5t9DapTB","result_code":"FAIL","return_code":"SUCCESS","return_msg":"OK","sign":"3A4235EF69C322E00667D63BE1F3DB0D"}
[2017-06-30 13:59:33][debug] begin notify
[2017-06-30 13:59:33][debug] call back:{"appid":"wxd46e99b7f83183e1","bank_type":"CFT","cash_fee":"1","fee_type":"CNY","is_subscribe":"Y","mch_id":"1383580102","nonce_str":"grrlbfs1tq00wrbi8ya6ovib3f2mi18w","openid":"ovxXWv5Ldfh1B4nho4C-Jz6Kgma0","out_trade_no":"201706301055095461","result_code":"SUCCESS","return_code":"SUCCESS","sign":"962D5BD56718F34FC8916ABCB00168CC","time_end":"20170630105516","total_fee":"1","trade_type":"JSAPI","transaction_id":"4005242001201706308088282617"}
[2017-06-30 13:59:33][debug] query:{"appid":"wxd46e99b7f83183e1","err_code":"ORDERNOTEXIST","err_code_des":"order not exist","mch_id":"1383580102","nonce_str":"JkcXydTCGwg6sfd4","result_code":"FAIL","return_code":"SUCCESS","return_msg":"OK","sign":"D943BFDA4680BB2285BB6E67C2A23E1B"}
[2017-06-30 14:00:24][debug] begin notify
[2017-06-30 14:00:24][debug] call back:{"appid":"wxd46e99b7f83183e1","bank_type":"CFT","cash_fee":"1","fee_type":"CNY","is_subscribe":"Y","mch_id":"1383580102","nonce_str":"6q0qlfh11bgiid8ckhi5pty5zarq4eeb","openid":"ovxXWv5Ldfh1B4nho4C-Jz6Kgma0","out_trade_no":"201706301055594329","result_code":"SUCCESS","return_code":"SUCCESS","sign":"1415BF71119CB2AF373A2821C55D3F07","time_end":"20170630105604","total_fee":"1","trade_type":"JSAPI","transaction_id":"4005242001201706308089984392"}
[2017-06-30 14:00:24][debug] query:{"appid":"wxd46e99b7f83183e1","err_code":"ORDERNOTEXIST","err_code_des":"order not exist","mch_id":"1383580102","nonce_str":"6HGKYnM3khNokrtm","result_code":"FAIL","return_code":"SUCCESS","return_msg":"OK","sign":"528AD1716923A778B95BDE568BE037C8"}
