[2017-07-04 11:01:22][debug] begin notify
[2017-07-04 11:01:22][debug] call back:{"appid":"wxd46e99b7f83183e1","bank_type":"CMB_DEBIT","cash_fee":"100","fee_type":"CNY","is_subscribe":"Y","mch_id":"1383580102","nonce_str":"hrqm10mdj1aw4wbx3viapr2vs5u04kvp","openid":"ovxXWv5xe4qPcKUE4aDEeukYxavI","out_trade_no":"201707041101135926","result_code":"SUCCESS","return_code":"SUCCESS","sign":"DEAA49B88396EC4DF5AFBAAC6D157372","time_end":"20170704110121","total_fee":"100","trade_type":"JSAPI","transaction_id":"4008122001201707048816832758"}
[2017-07-04 11:01:22][debug] query:{"appid":"wxd46e99b7f83183e1","err_code":"ORDERNOTEXIST","err_code_des":"order not exist","mch_id":"1383580102","nonce_str":"1xR7wJ5c1kRjU1W4","result_code":"FAIL","return_code":"SUCCESS","return_msg":"OK","sign":"B5A8297AB78D3A2998FAA11308DF7857"}
[2017-07-04 11:01:23][debug] begin notify
[2017-07-04 11:01:23][debug] query:{"appid":"wxd46e99b7f83183e1","attach":[],"bank_type":"CMB_DEBIT","cash_fee":"100","fee_type":"CNY","is_subscribe":"Y","mch_id":"1383580102","nonce_str":"c1dKvfvKJVkvNewG","openid":"ovxXWv5xe4qPcKUE4aDEeukYxavI","out_trade_no":"201707041101135926","result_code":"SUCCESS","return_code":"SUCCESS","return_msg":"OK","sign":"C400BB332DA9B2847E7FB450398BFDBE","time_end":"20170704110121","total_fee":"100","trade_state":"SUCCESS","trade_type":"JSAPI","transaction_id":"4008122001201707048816832758"}
[2017-07-04 11:01:37][debug] begin notify
[2017-07-04 11:01:37][debug] call back:{"appid":"wxd46e99b7f83183e1","bank_type":"CMB_DEBIT","cash_fee":"100","fee_type":"CNY","is_subscribe":"Y","mch_id":"1383580102","nonce_str":"hrqm10mdj1aw4wbx3viapr2vs5u04kvp","openid":"ovxXWv5xe4qPcKUE4aDEeukYxavI","out_trade_no":"201707041101135926","result_code":"SUCCESS","return_code":"SUCCESS","sign":"DEAA49B88396EC4DF5AFBAAC6D157372","time_end":"20170704110121","total_fee":"100","trade_type":"JSAPI","transaction_id":"4008122001201707048816832758"}
[2017-07-04 11:01:37][debug] query:{"appid":"wxd46e99b7f83183e1","err_code":"ORDERNOTEXIST","err_code_des":"order not exist","mch_id":"1383580102","nonce_str":"Lb5entt7pEpxOWMk","result_code":"FAIL","return_code":"SUCCESS","return_msg":"OK","sign":"DC7E8D20E52F5898A4FD2F03CC60C904"}
[2017-07-04 11:01:54][debug] begin notify
[2017-07-04 11:01:54][debug] call back:{"appid":"wxd46e99b7f83183e1","bank_type":"CMB_DEBIT","cash_fee":"100","fee_type":"CNY","is_subscribe":"Y","mch_id":"1383580102","nonce_str":"hrqm10mdj1aw4wbx3viapr2vs5u04kvp","openid":"ovxXWv5xe4qPcKUE4aDEeukYxavI","out_trade_no":"201707041101135926","result_code":"SUCCESS","return_code":"SUCCESS","sign":"DEAA49B88396EC4DF5AFBAAC6D157372","time_end":"20170704110121","total_fee":"100","trade_type":"JSAPI","transaction_id":"4008122001201707048816832758"}
[2017-07-04 11:01:55][debug] query:{"appid":"wxd46e99b7f83183e1","err_code":"ORDERNOTEXIST","err_code_des":"order not exist","mch_id":"1383580102","nonce_str":"buE43GVblx82zykA","result_code":"FAIL","return_code":"SUCCESS","return_msg":"OK","sign":"08DDB73B7E75FC39C5E201F2D906A64B"}
[2017-07-04 11:02:27][debug] begin notify
[2017-07-04 11:02:27][debug] call back:{"appid":"wxd46e99b7f83183e1","bank_type":"CMB_DEBIT","cash_fee":"100","fee_type":"CNY","is_subscribe":"Y","mch_id":"1383580102","nonce_str":"hrqm10mdj1aw4wbx3viapr2vs5u04kvp","openid":"ovxXWv5xe4qPcKUE4aDEeukYxavI","out_trade_no":"201707041101135926","result_code":"SUCCESS","return_code":"SUCCESS","sign":"DEAA49B88396EC4DF5AFBAAC6D157372","time_end":"20170704110121","total_fee":"100","trade_type":"JSAPI","transaction_id":"4008122001201707048816832758"}
[2017-07-04 11:02:27][debug] query:{"appid":"wxd46e99b7f83183e1","err_code":"ORDERNOTEXIST","err_code_des":"order not exist","mch_id":"1383580102","nonce_str":"jwU0B1CN0MC8vwtg","result_code":"FAIL","return_code":"SUCCESS","return_msg":"OK","sign":"372927A433202D50598FAC4A4E5BE2A5"}
[2017-07-04 11:05:28][debug] begin notify
[2017-07-04 11:05:28][debug] call back:{"appid":"wxd46e99b7f83183e1","bank_type":"CMB_DEBIT","cash_fee":"100","fee_type":"CNY","is_subscribe":"Y","mch_id":"1383580102","nonce_str":"hrqm10mdj1aw4wbx3viapr2vs5u04kvp","openid":"ovxXWv5xe4qPcKUE4aDEeukYxavI","out_trade_no":"201707041101135926","result_code":"SUCCESS","return_code":"SUCCESS","sign":"DEAA49B88396EC4DF5AFBAAC6D157372","time_end":"20170704110121","total_fee":"100","trade_type":"JSAPI","transaction_id":"4008122001201707048816832758"}
[2017-07-04 11:05:29][debug] query:{"appid":"wxd46e99b7f83183e1","err_code":"ORDERNOTEXIST","err_code_des":"order not exist","mch_id":"1383580102","nonce_str":"4DdXOFZWx51Q95uV","result_code":"FAIL","return_code":"SUCCESS","return_msg":"OK","sign":"6C7A5EF07F5339F521C5BE34F53001F9"}
[2017-07-04 11:35:30][debug] begin notify
[2017-07-04 11:35:30][debug] call back:{"appid":"wxd46e99b7f83183e1","bank_type":"CMB_DEBIT","cash_fee":"100","fee_type":"CNY","is_subscribe":"Y","mch_id":"1383580102","nonce_str":"hrqm10mdj1aw4wbx3viapr2vs5u04kvp","openid":"ovxXWv5xe4qPcKUE4aDEeukYxavI","out_trade_no":"201707041101135926","result_code":"SUCCESS","return_code":"SUCCESS","sign":"DEAA49B88396EC4DF5AFBAAC6D157372","time_end":"20170704110121","total_fee":"100","trade_type":"JSAPI","transaction_id":"4008122001201707048816832758"}
[2017-07-04 11:35:31][debug] query:{"appid":"wxd46e99b7f83183e1","err_code":"ORDERNOTEXIST","err_code_des":"order not exist","mch_id":"1383580102","nonce_str":"VRSOMIITGAP6W6zs","result_code":"FAIL","return_code":"SUCCESS","return_msg":"OK","sign":"B632B83712CC619AFE3555C4EDBC06B1"}
[2017-07-04 12:05:33][debug] begin notify
[2017-07-04 12:05:33][debug] call back:{"appid":"wxd46e99b7f83183e1","bank_type":"CMB_DEBIT","cash_fee":"100","fee_type":"CNY","is_subscribe":"Y","mch_id":"1383580102","nonce_str":"hrqm10mdj1aw4wbx3viapr2vs5u04kvp","openid":"ovxXWv5xe4qPcKUE4aDEeukYxavI","out_trade_no":"201707041101135926","result_code":"SUCCESS","return_code":"SUCCESS","sign":"DEAA49B88396EC4DF5AFBAAC6D157372","time_end":"20170704110121","total_fee":"100","trade_type":"JSAPI","transaction_id":"4008122001201707048816832758"}
[2017-07-04 12:05:33][debug] query:{"appid":"wxd46e99b7f83183e1","err_code":"ORDERNOTEXIST","err_code_des":"order not exist","mch_id":"1383580102","nonce_str":"ot1cXWERgO4Pf9ov","result_code":"FAIL","return_code":"SUCCESS","return_msg":"OK","sign":"2BD28B29E3E4E0487E1DD57EF19BA407"}
[2017-07-04 12:35:34][debug] begin notify
[2017-07-04 12:35:34][debug] call back:{"appid":"wxd46e99b7f83183e1","bank_type":"CMB_DEBIT","cash_fee":"100","fee_type":"CNY","is_subscribe":"Y","mch_id":"1383580102","nonce_str":"hrqm10mdj1aw4wbx3viapr2vs5u04kvp","openid":"ovxXWv5xe4qPcKUE4aDEeukYxavI","out_trade_no":"201707041101135926","result_code":"SUCCESS","return_code":"SUCCESS","sign":"DEAA49B88396EC4DF5AFBAAC6D157372","time_end":"20170704110121","total_fee":"100","trade_type":"JSAPI","transaction_id":"4008122001201707048816832758"}
[2017-07-04 12:35:34][debug] query:{"appid":"wxd46e99b7f83183e1","err_code":"ORDERNOTEXIST","err_code_des":"order not exist","mch_id":"1383580102","nonce_str":"DzT9QW3djZiJCRuO","result_code":"FAIL","return_code":"SUCCESS","return_msg":"OK","sign":"B56BF8EF66BEEEC62E36DC7BEC0699A3"}
[2017-07-04 13:05:37][debug] begin notify
[2017-07-04 13:05:37][debug] call back:{"appid":"wxd46e99b7f83183e1","bank_type":"CMB_DEBIT","cash_fee":"100","fee_type":"CNY","is_subscribe":"Y","mch_id":"1383580102","nonce_str":"hrqm10mdj1aw4wbx3viapr2vs5u04kvp","openid":"ovxXWv5xe4qPcKUE4aDEeukYxavI","out_trade_no":"201707041101135926","result_code":"SUCCESS","return_code":"SUCCESS","sign":"DEAA49B88396EC4DF5AFBAAC6D157372","time_end":"20170704110121","total_fee":"100","trade_type":"JSAPI","transaction_id":"4008122001201707048816832758"}
[2017-07-04 13:05:37][debug] query:{"appid":"wxd46e99b7f83183e1","err_code":"ORDERNOTEXIST","err_code_des":"order not exist","mch_id":"1383580102","nonce_str":"kpXFB6oSKUrmKIhl","result_code":"FAIL","return_code":"SUCCESS","return_msg":"OK","sign":"E3AB3AD7574758AA38A247DEED7CECC1"}
[2017-07-04 14:05:40][debug] begin notify
[2017-07-04 14:05:40][debug] call back:{"appid":"wxd46e99b7f83183e1","bank_type":"CMB_DEBIT","cash_fee":"100","fee_type":"CNY","is_subscribe":"Y","mch_id":"1383580102","nonce_str":"hrqm10mdj1aw4wbx3viapr2vs5u04kvp","openid":"ovxXWv5xe4qPcKUE4aDEeukYxavI","out_trade_no":"201707041101135926","result_code":"SUCCESS","return_code":"SUCCESS","sign":"DEAA49B88396EC4DF5AFBAAC6D157372","time_end":"20170704110121","total_fee":"100","trade_type":"JSAPI","transaction_id":"4008122001201707048816832758"}
[2017-07-04 14:05:40][debug] query:{"appid":"wxd46e99b7f83183e1","err_code":"ORDERNOTEXIST","err_code_des":"order not exist","mch_id":"1383580102","nonce_str":"3nS7oJHGPccSjgBG","result_code":"FAIL","return_code":"SUCCESS","return_msg":"OK","sign":"E85627C40314C6F612A0D3A04F054DB1"}
