[2017-06-19 17:58:08][debug] begin notify
[2017-06-19 17:58:08][debug] call back:{"appid":"wxd46e99b7f83183e1","bank_type":"CFT","cash_fee":"1","fee_type":"CNY","is_subscribe":"Y","mch_id":"1383580102","nonce_str":"r4e75ez1tlsx18hgkczkxrpyn35chtr7","openid":"ovxXWv5Ldfh1B4nho4C-Jz6Kgma0","out_trade_no":"2017061917571049","result_code":"SUCCESS","return_code":"SUCCESS","sign":"938D5A83282B795BA87423C130EAC29F","time_end":"20170619175807","total_fee":"1","trade_type":"JSAPI","transaction_id":"4005242001201706196472897314"}
[2017-06-19 17:58:09][debug] query:{"appid":"wxd46e99b7f83183e1","err_code":"ORDERNOTEXIST","err_code_des":"order not exist","mch_id":"1383580102","nonce_str":"NGRmA9vTWLmMCoIk","result_code":"FAIL","return_code":"SUCCESS","return_msg":"OK","sign":"F0BF899BA90316C50D4E2B10A1D45931"}
[2017-06-19 17:58:19][debug] begin notify
[2017-06-19 17:58:19][debug] query:{"appid":"wxd46e99b7f83183e1","attach":[],"bank_type":"CFT","cash_fee":"1","fee_type":"CNY","is_subscribe":"Y","mch_id":"1383580102","nonce_str":"1fLRImrHIpLK8NbA","openid":"ovxXWv5Ldfh1B4nho4C-Jz6Kgma0","out_trade_no":"2017061917571049","result_code":"SUCCESS","return_code":"SUCCESS","return_msg":"OK","sign":"24A51E421468E17B698FF842950F7193","time_end":"20170619175808","total_fee":"1","trade_state":"SUCCESS","trade_type":"JSAPI","transaction_id":"4005242001201706196472897314"}
[2017-06-19 17:58:23][debug] begin notify
[2017-06-19 17:58:23][debug] call back:{"appid":"wxd46e99b7f83183e1","bank_type":"CFT","cash_fee":"1","fee_type":"CNY","is_subscribe":"Y","mch_id":"1383580102","nonce_str":"r4e75ez1tlsx18hgkczkxrpyn35chtr7","openid":"ovxXWv5Ldfh1B4nho4C-Jz6Kgma0","out_trade_no":"2017061917571049","result_code":"SUCCESS","return_code":"SUCCESS","sign":"938D5A83282B795BA87423C130EAC29F","time_end":"20170619175807","total_fee":"1","trade_type":"JSAPI","transaction_id":"4005242001201706196472897314"}
[2017-06-19 17:58:23][debug] query:{"appid":"wxd46e99b7f83183e1","err_code":"ORDERNOTEXIST","err_code_des":"order not exist","mch_id":"1383580102","nonce_str":"4dVppErEuZTFg5dn","result_code":"FAIL","return_code":"SUCCESS","return_msg":"OK","sign":"D8E13F1518A0D082A95CCACB6F38C667"}
[2017-06-19 17:58:40][debug] begin notify
[2017-06-19 17:58:40][debug] call back:{"appid":"wxd46e99b7f83183e1","bank_type":"CFT","cash_fee":"1","fee_type":"CNY","is_subscribe":"Y","mch_id":"1383580102","nonce_str":"r4e75ez1tlsx18hgkczkxrpyn35chtr7","openid":"ovxXWv5Ldfh1B4nho4C-Jz6Kgma0","out_trade_no":"2017061917571049","result_code":"SUCCESS","return_code":"SUCCESS","sign":"938D5A83282B795BA87423C130EAC29F","time_end":"20170619175807","total_fee":"1","trade_type":"JSAPI","transaction_id":"4005242001201706196472897314"}
[2017-06-19 17:58:40][debug] query:{"appid":"wxd46e99b7f83183e1","err_code":"ORDERNOTEXIST","err_code_des":"order not exist","mch_id":"1383580102","nonce_str":"UFwewujCkDln7zr0","result_code":"FAIL","return_code":"SUCCESS","return_msg":"OK","sign":"417999B4E8EA960B2FFA196E8D9F0A2B"}
[2017-06-19 17:59:11][debug] begin notify
[2017-06-19 17:59:11][debug] call back:{"appid":"wxd46e99b7f83183e1","bank_type":"CFT","cash_fee":"1","fee_type":"CNY","is_subscribe":"Y","mch_id":"1383580102","nonce_str":"r4e75ez1tlsx18hgkczkxrpyn35chtr7","openid":"ovxXWv5Ldfh1B4nho4C-Jz6Kgma0","out_trade_no":"2017061917571049","result_code":"SUCCESS","return_code":"SUCCESS","sign":"938D5A83282B795BA87423C130EAC29F","time_end":"20170619175807","total_fee":"1","trade_type":"JSAPI","transaction_id":"4005242001201706196472897314"}
[2017-06-19 17:59:12][debug] query:{"appid":"wxd46e99b7f83183e1","err_code":"ORDERNOTEXIST","err_code_des":"order not exist","mch_id":"1383580102","nonce_str":"r3qClAjeFiPv5Q7D","result_code":"FAIL","return_code":"SUCCESS","return_msg":"OK","sign":"AB526F9DE9967C24497DB9D77528C002"}
[2017-06-19 18:02:14][debug] begin notify
[2017-06-19 18:02:14][debug] call back:{"appid":"wxd46e99b7f83183e1","bank_type":"CFT","cash_fee":"1","fee_type":"CNY","is_subscribe":"Y","mch_id":"1383580102","nonce_str":"r4e75ez1tlsx18hgkczkxrpyn35chtr7","openid":"ovxXWv5Ldfh1B4nho4C-Jz6Kgma0","out_trade_no":"2017061917571049","result_code":"SUCCESS","return_code":"SUCCESS","sign":"938D5A83282B795BA87423C130EAC29F","time_end":"20170619175807","total_fee":"1","trade_type":"JSAPI","transaction_id":"4005242001201706196472897314"}
[2017-06-19 18:02:14][debug] query:{"appid":"wxd46e99b7f83183e1","err_code":"ORDERNOTEXIST","err_code_des":"order not exist","mch_id":"1383580102","nonce_str":"Q0O8aoV5cSA3zp9r","result_code":"FAIL","return_code":"SUCCESS","return_msg":"OK","sign":"12E5C4C1D092089803203993BAF14F34"}
[2017-06-19 18:32:17][debug] begin notify
[2017-06-19 18:32:17][debug] call back:{"appid":"wxd46e99b7f83183e1","bank_type":"CFT","cash_fee":"1","fee_type":"CNY","is_subscribe":"Y","mch_id":"1383580102","nonce_str":"r4e75ez1tlsx18hgkczkxrpyn35chtr7","openid":"ovxXWv5Ldfh1B4nho4C-Jz6Kgma0","out_trade_no":"2017061917571049","result_code":"SUCCESS","return_code":"SUCCESS","sign":"938D5A83282B795BA87423C130EAC29F","time_end":"20170619175807","total_fee":"1","trade_type":"JSAPI","transaction_id":"4005242001201706196472897314"}
[2017-06-19 18:32:17][debug] query:{"appid":"wxd46e99b7f83183e1","err_code":"ORDERNOTEXIST","err_code_des":"order not exist","mch_id":"1383580102","nonce_str":"ZRbFjVU9tu4iCOJz","result_code":"FAIL","return_code":"SUCCESS","return_msg":"OK","sign":"2478610ABCDB231312D1D4C18DF834A6"}
[2017-06-19 19:02:19][debug] begin notify
[2017-06-19 19:02:19][debug] call back:{"appid":"wxd46e99b7f83183e1","bank_type":"CFT","cash_fee":"1","fee_type":"CNY","is_subscribe":"Y","mch_id":"1383580102","nonce_str":"r4e75ez1tlsx18hgkczkxrpyn35chtr7","openid":"ovxXWv5Ldfh1B4nho4C-Jz6Kgma0","out_trade_no":"2017061917571049","result_code":"SUCCESS","return_code":"SUCCESS","sign":"938D5A83282B795BA87423C130EAC29F","time_end":"20170619175807","total_fee":"1","trade_type":"JSAPI","transaction_id":"4005242001201706196472897314"}
[2017-06-19 19:02:19][debug] query:{"appid":"wxd46e99b7f83183e1","err_code":"ORDERNOTEXIST","err_code_des":"order not exist","mch_id":"1383580102","nonce_str":"ICXdGnOP6X8p74sE","result_code":"FAIL","return_code":"SUCCESS","return_msg":"OK","sign":"AB4D163086AD2D92F61EC4F06F66C040"}
[2017-06-19 19:32:20][debug] begin notify
[2017-06-19 19:32:20][debug] call back:{"appid":"wxd46e99b7f83183e1","bank_type":"CFT","cash_fee":"1","fee_type":"CNY","is_subscribe":"Y","mch_id":"1383580102","nonce_str":"r4e75ez1tlsx18hgkczkxrpyn35chtr7","openid":"ovxXWv5Ldfh1B4nho4C-Jz6Kgma0","out_trade_no":"2017061917571049","result_code":"SUCCESS","return_code":"SUCCESS","sign":"938D5A83282B795BA87423C130EAC29F","time_end":"20170619175807","total_fee":"1","trade_type":"JSAPI","transaction_id":"4005242001201706196472897314"}
[2017-06-19 19:32:21][debug] query:{"appid":"wxd46e99b7f83183e1","err_code":"ORDERNOTEXIST","err_code_des":"order not exist","mch_id":"1383580102","nonce_str":"2LT7sWbOmN3X2FOL","result_code":"FAIL","return_code":"SUCCESS","return_msg":"OK","sign":"B0738DBB3B8A68CDA5554D11F9778AB2"}
[2017-06-19 20:02:23][debug] begin notify
[2017-06-19 20:02:23][debug] call back:{"appid":"wxd46e99b7f83183e1","bank_type":"CFT","cash_fee":"1","fee_type":"CNY","is_subscribe":"Y","mch_id":"1383580102","nonce_str":"r4e75ez1tlsx18hgkczkxrpyn35chtr7","openid":"ovxXWv5Ldfh1B4nho4C-Jz6Kgma0","out_trade_no":"2017061917571049","result_code":"SUCCESS","return_code":"SUCCESS","sign":"938D5A83282B795BA87423C130EAC29F","time_end":"20170619175807","total_fee":"1","trade_type":"JSAPI","transaction_id":"4005242001201706196472897314"}
[2017-06-19 20:02:23][debug] query:{"appid":"wxd46e99b7f83183e1","err_code":"ORDERNOTEXIST","err_code_des":"order not exist","mch_id":"1383580102","nonce_str":"M0drB3deaMQrOEmf","result_code":"FAIL","return_code":"SUCCESS","return_msg":"OK","sign":"113C7A1D87CF38C7CAC22B6641857C0D"}
[2017-06-19 21:02:25][debug] begin notify
[2017-06-19 21:02:25][debug] call back:{"appid":"wxd46e99b7f83183e1","bank_type":"CFT","cash_fee":"1","fee_type":"CNY","is_subscribe":"Y","mch_id":"1383580102","nonce_str":"r4e75ez1tlsx18hgkczkxrpyn35chtr7","openid":"ovxXWv5Ldfh1B4nho4C-Jz6Kgma0","out_trade_no":"2017061917571049","result_code":"SUCCESS","return_code":"SUCCESS","sign":"938D5A83282B795BA87423C130EAC29F","time_end":"20170619175807","total_fee":"1","trade_type":"JSAPI","transaction_id":"4005242001201706196472897314"}
[2017-06-19 21:02:25][debug] query:{"appid":"wxd46e99b7f83183e1","err_code":"ORDERNOTEXIST","err_code_des":"order not exist","mch_id":"1383580102","nonce_str":"9jq00pS3MBSDGRkH","result_code":"FAIL","return_code":"SUCCESS","return_msg":"OK","sign":"9E19B7C251CF28331FC40F0A14D13D5A"}
