[2017-06-27 11:23:05][debug] begin notify
[2017-06-27 11:23:05][debug] call back:{"appid":"wxd46e99b7f83183e1","bank_type":"CFT","cash_fee":"100","fee_type":"CNY","is_subscribe":"Y","mch_id":"1383580102","nonce_str":"tyt29q8c4o2nzn2lia20qwi0im4kb1im","openid":"ovxXWv5Ldfh1B4nho4C-Jz6Kgma0","out_trade_no":"201706271122584596","result_code":"SUCCESS","return_code":"SUCCESS","sign":"43A8CB7CB2408DE74DF1E73782E55A5F","time_end":"20170627112304","total_fee":"100","trade_type":"JSAPI","transaction_id":"4005242001201706277632940873"}
[2017-06-27 11:23:05][debug] query:{"appid":"wxd46e99b7f83183e1","err_code":"ORDERNOTEXIST","err_code_des":"order not exist","mch_id":"1383580102","nonce_str":"bIqaRbVPkiSi1der","result_code":"FAIL","return_code":"SUCCESS","return_msg":"OK","sign":"6555EB4F5CDC77A19BEECDCB45DCD722"}
[2017-06-27 11:23:08][debug] begin notify
[2017-06-27 11:23:08][debug] query:{"appid":"wxd46e99b7f83183e1","attach":[],"bank_type":"CFT","cash_fee":"100","fee_type":"CNY","is_subscribe":"Y","mch_id":"1383580102","nonce_str":"BkVxjmeyI8Kmui6c","openid":"ovxXWv5Ldfh1B4nho4C-Jz6Kgma0","out_trade_no":"201706271122584596","result_code":"SUCCESS","return_code":"SUCCESS","return_msg":"OK","sign":"4A78F81986BA6FFC3858DCE374D5FF3A","time_end":"20170627112304","total_fee":"100","trade_state":"SUCCESS","trade_type":"JSAPI","transaction_id":"4005242001201706277632940873"}
[2017-06-27 11:23:19][debug] begin notify
[2017-06-27 11:23:19][debug] call back:{"appid":"wxd46e99b7f83183e1","bank_type":"CFT","cash_fee":"100","fee_type":"CNY","is_subscribe":"Y","mch_id":"1383580102","nonce_str":"tyt29q8c4o2nzn2lia20qwi0im4kb1im","openid":"ovxXWv5Ldfh1B4nho4C-Jz6Kgma0","out_trade_no":"201706271122584596","result_code":"SUCCESS","return_code":"SUCCESS","sign":"43A8CB7CB2408DE74DF1E73782E55A5F","time_end":"20170627112304","total_fee":"100","trade_type":"JSAPI","transaction_id":"4005242001201706277632940873"}
[2017-06-27 11:23:19][debug] query:{"appid":"wxd46e99b7f83183e1","err_code":"ORDERNOTEXIST","err_code_des":"order not exist","mch_id":"1383580102","nonce_str":"HyqMUD1kDBTKvQNt","result_code":"FAIL","return_code":"SUCCESS","return_msg":"OK","sign":"5C3276A0E41D0E16D3542F649FA2ED32"}
[2017-06-27 11:23:36][debug] begin notify
[2017-06-27 11:23:36][debug] call back:{"appid":"wxd46e99b7f83183e1","bank_type":"CFT","cash_fee":"100","fee_type":"CNY","is_subscribe":"Y","mch_id":"1383580102","nonce_str":"tyt29q8c4o2nzn2lia20qwi0im4kb1im","openid":"ovxXWv5Ldfh1B4nho4C-Jz6Kgma0","out_trade_no":"201706271122584596","result_code":"SUCCESS","return_code":"SUCCESS","sign":"43A8CB7CB2408DE74DF1E73782E55A5F","time_end":"20170627112304","total_fee":"100","trade_type":"JSAPI","transaction_id":"4005242001201706277632940873"}
[2017-06-27 11:23:36][debug] query:{"appid":"wxd46e99b7f83183e1","err_code":"ORDERNOTEXIST","err_code_des":"order not exist","mch_id":"1383580102","nonce_str":"eSbDigywS1Uf5O8p","result_code":"FAIL","return_code":"SUCCESS","return_msg":"OK","sign":"9E6FEC2076FF2BF5AF15EC8E00A78E8C"}
[2017-06-27 11:24:08][debug] begin notify
[2017-06-27 11:24:08][debug] call back:{"appid":"wxd46e99b7f83183e1","bank_type":"CFT","cash_fee":"100","fee_type":"CNY","is_subscribe":"Y","mch_id":"1383580102","nonce_str":"tyt29q8c4o2nzn2lia20qwi0im4kb1im","openid":"ovxXWv5Ldfh1B4nho4C-Jz6Kgma0","out_trade_no":"201706271122584596","result_code":"SUCCESS","return_code":"SUCCESS","sign":"43A8CB7CB2408DE74DF1E73782E55A5F","time_end":"20170627112304","total_fee":"100","trade_type":"JSAPI","transaction_id":"4005242001201706277632940873"}
[2017-06-27 11:24:08][debug] query:{"appid":"wxd46e99b7f83183e1","err_code":"ORDERNOTEXIST","err_code_des":"order not exist","mch_id":"1383580102","nonce_str":"mEwTzlcv4BLZfxbn","result_code":"FAIL","return_code":"SUCCESS","return_msg":"OK","sign":"27B3D9DEB1E544E58CF94F432E86E66F"}
[2017-06-27 11:27:09][debug] begin notify
[2017-06-27 11:27:09][debug] call back:{"appid":"wxd46e99b7f83183e1","bank_type":"CFT","cash_fee":"100","fee_type":"CNY","is_subscribe":"Y","mch_id":"1383580102","nonce_str":"tyt29q8c4o2nzn2lia20qwi0im4kb1im","openid":"ovxXWv5Ldfh1B4nho4C-Jz6Kgma0","out_trade_no":"201706271122584596","result_code":"SUCCESS","return_code":"SUCCESS","sign":"43A8CB7CB2408DE74DF1E73782E55A5F","time_end":"20170627112304","total_fee":"100","trade_type":"JSAPI","transaction_id":"4005242001201706277632940873"}
[2017-06-27 11:27:09][debug] query:{"appid":"wxd46e99b7f83183e1","err_code":"ORDERNOTEXIST","err_code_des":"order not exist","mch_id":"1383580102","nonce_str":"zS4WDO5c3VvsSI5l","result_code":"FAIL","return_code":"SUCCESS","return_msg":"OK","sign":"19448B4FCC1CE940BCF61FC3C01AC20D"}
[2017-06-27 11:57:11][debug] begin notify
[2017-06-27 11:57:11][debug] call back:{"appid":"wxd46e99b7f83183e1","bank_type":"CFT","cash_fee":"100","fee_type":"CNY","is_subscribe":"Y","mch_id":"1383580102","nonce_str":"tyt29q8c4o2nzn2lia20qwi0im4kb1im","openid":"ovxXWv5Ldfh1B4nho4C-Jz6Kgma0","out_trade_no":"201706271122584596","result_code":"SUCCESS","return_code":"SUCCESS","sign":"43A8CB7CB2408DE74DF1E73782E55A5F","time_end":"20170627112304","total_fee":"100","trade_type":"JSAPI","transaction_id":"4005242001201706277632940873"}
[2017-06-27 11:57:11][debug] query:{"appid":"wxd46e99b7f83183e1","err_code":"ORDERNOTEXIST","err_code_des":"order not exist","mch_id":"1383580102","nonce_str":"479mJHxsvWZ4LQmJ","result_code":"FAIL","return_code":"SUCCESS","return_msg":"OK","sign":"07F40D8EC711D2264E023E738A0DB356"}
[2017-06-27 12:27:12][debug] begin notify
[2017-06-27 12:27:12][debug] call back:{"appid":"wxd46e99b7f83183e1","bank_type":"CFT","cash_fee":"100","fee_type":"CNY","is_subscribe":"Y","mch_id":"1383580102","nonce_str":"tyt29q8c4o2nzn2lia20qwi0im4kb1im","openid":"ovxXWv5Ldfh1B4nho4C-Jz6Kgma0","out_trade_no":"201706271122584596","result_code":"SUCCESS","return_code":"SUCCESS","sign":"43A8CB7CB2408DE74DF1E73782E55A5F","time_end":"20170627112304","total_fee":"100","trade_type":"JSAPI","transaction_id":"4005242001201706277632940873"}
[2017-06-27 12:27:12][debug] query:{"appid":"wxd46e99b7f83183e1","err_code":"ORDERNOTEXIST","err_code_des":"order not exist","mch_id":"1383580102","nonce_str":"6LMYJSNlNt0avZV5","result_code":"FAIL","return_code":"SUCCESS","return_msg":"OK","sign":"DAC8AED7A4ECC1BF898194E9F3A8EBC1"}
[2017-06-27 12:57:14][debug] begin notify
[2017-06-27 12:57:14][debug] call back:{"appid":"wxd46e99b7f83183e1","bank_type":"CFT","cash_fee":"100","fee_type":"CNY","is_subscribe":"Y","mch_id":"1383580102","nonce_str":"tyt29q8c4o2nzn2lia20qwi0im4kb1im","openid":"ovxXWv5Ldfh1B4nho4C-Jz6Kgma0","out_trade_no":"201706271122584596","result_code":"SUCCESS","return_code":"SUCCESS","sign":"43A8CB7CB2408DE74DF1E73782E55A5F","time_end":"20170627112304","total_fee":"100","trade_type":"JSAPI","transaction_id":"4005242001201706277632940873"}
[2017-06-27 12:57:14][debug] query:{"appid":"wxd46e99b7f83183e1","err_code":"ORDERNOTEXIST","err_code_des":"order not exist","mch_id":"1383580102","nonce_str":"UGQXvikVncltXPk6","result_code":"FAIL","return_code":"SUCCESS","return_msg":"OK","sign":"7291FC7094A000441558250A25BB8803"}
[2017-06-27 13:27:16][debug] begin notify
[2017-06-27 13:27:16][debug] call back:{"appid":"wxd46e99b7f83183e1","bank_type":"CFT","cash_fee":"100","fee_type":"CNY","is_subscribe":"Y","mch_id":"1383580102","nonce_str":"tyt29q8c4o2nzn2lia20qwi0im4kb1im","openid":"ovxXWv5Ldfh1B4nho4C-Jz6Kgma0","out_trade_no":"201706271122584596","result_code":"SUCCESS","return_code":"SUCCESS","sign":"43A8CB7CB2408DE74DF1E73782E55A5F","time_end":"20170627112304","total_fee":"100","trade_type":"JSAPI","transaction_id":"4005242001201706277632940873"}
[2017-06-27 13:27:16][debug] query:{"appid":"wxd46e99b7f83183e1","err_code":"ORDERNOTEXIST","err_code_des":"order not exist","mch_id":"1383580102","nonce_str":"LqAtmHLOHtI1qm3C","result_code":"FAIL","return_code":"SUCCESS","return_msg":"OK","sign":"19DDAF9C5882C9164AE85A3781C26903"}
[2017-06-27 14:09:08][debug] begin notify
[2017-06-27 14:09:08][debug] call back:{"appid":"wxd46e99b7f83183e1","bank_type":"COMM_CREDIT","cash_fee":"1000","fee_type":"CNY","is_subscribe":"Y","mch_id":"1383580102","nonce_str":"lmsffrf5ia7vvbv9hzcy2ohldhkyeega","openid":"ovxXWv3CHJLsugBLuDQiCAxREFtE","out_trade_no":"201706271409012815","result_code":"SUCCESS","return_code":"SUCCESS","sign":"C917D1F221C5B2ADD156C2546995B92E","time_end":"20170627140907","total_fee":"1000","trade_type":"JSAPI","transaction_id":"4002902001201706277657457928"}
[2017-06-27 14:09:08][debug] query:{"appid":"wxd46e99b7f83183e1","err_code":"ORDERNOTEXIST","err_code_des":"order not exist","mch_id":"1383580102","nonce_str":"7KYwocW0qt32u5uX","result_code":"FAIL","return_code":"SUCCESS","return_msg":"OK","sign":"651A69C85E10B54129FC98BF4D19827E"}
[2017-06-27 14:09:09][debug] begin notify
[2017-06-27 14:09:09][debug] query:{"appid":"wxd46e99b7f83183e1","attach":[],"bank_type":"COMM_CREDIT","cash_fee":"1000","fee_type":"CNY","is_subscribe":"Y","mch_id":"1383580102","nonce_str":"fw42OyyuAbZFkLYy","openid":"ovxXWv3CHJLsugBLuDQiCAxREFtE","out_trade_no":"201706271409012815","result_code":"SUCCESS","return_code":"SUCCESS","return_msg":"OK","sign":"B88E98313CD7CED564904B4AF69191CA","time_end":"20170627140907","total_fee":"1000","trade_state":"SUCCESS","trade_type":"JSAPI","transaction_id":"4002902001201706277657457928"}
[2017-06-27 14:09:17][debug] begin notify
[2017-06-27 14:09:17][debug] call back:{"appid":"wxd46e99b7f83183e1","bank_type":"COMM_CREDIT","cash_fee":"1000","fee_type":"CNY","is_subscribe":"Y","mch_id":"1383580102","nonce_str":"lmsffrf5ia7vvbv9hzcy2ohldhkyeega","openid":"ovxXWv3CHJLsugBLuDQiCAxREFtE","out_trade_no":"201706271409012815","result_code":"SUCCESS","return_code":"SUCCESS","sign":"C917D1F221C5B2ADD156C2546995B92E","time_end":"20170627140907","total_fee":"1000","trade_type":"JSAPI","transaction_id":"4002902001201706277657457928"}
[2017-06-27 14:09:17][debug] query:{"appid":"wxd46e99b7f83183e1","err_code":"ORDERNOTEXIST","err_code_des":"order not exist","mch_id":"1383580102","nonce_str":"6MZYZ1B0pRnjxvJa","result_code":"FAIL","return_code":"SUCCESS","return_msg":"OK","sign":"95431476B6F84937B8B61513252401D0"}
[2017-06-27 14:09:35][debug] begin notify
[2017-06-27 14:09:35][debug] call back:{"appid":"wxd46e99b7f83183e1","bank_type":"COMM_CREDIT","cash_fee":"1000","fee_type":"CNY","is_subscribe":"Y","mch_id":"1383580102","nonce_str":"lmsffrf5ia7vvbv9hzcy2ohldhkyeega","openid":"ovxXWv3CHJLsugBLuDQiCAxREFtE","out_trade_no":"201706271409012815","result_code":"SUCCESS","return_code":"SUCCESS","sign":"C917D1F221C5B2ADD156C2546995B92E","time_end":"20170627140907","total_fee":"1000","trade_type":"JSAPI","transaction_id":"4002902001201706277657457928"}
[2017-06-27 14:09:35][debug] query:{"appid":"wxd46e99b7f83183e1","err_code":"ORDERNOTEXIST","err_code_des":"order not exist","mch_id":"1383580102","nonce_str":"uazaJ90MqYqjk5rj","result_code":"FAIL","return_code":"SUCCESS","return_msg":"OK","sign":"901E5FD318DD6AD5658A10AAFA35ABD4"}
[2017-06-27 14:10:08][debug] begin notify
[2017-06-27 14:10:08][debug] call back:{"appid":"wxd46e99b7f83183e1","bank_type":"COMM_CREDIT","cash_fee":"1000","fee_type":"CNY","is_subscribe":"Y","mch_id":"1383580102","nonce_str":"lmsffrf5ia7vvbv9hzcy2ohldhkyeega","openid":"ovxXWv3CHJLsugBLuDQiCAxREFtE","out_trade_no":"201706271409012815","result_code":"SUCCESS","return_code":"SUCCESS","sign":"C917D1F221C5B2ADD156C2546995B92E","time_end":"20170627140907","total_fee":"1000","trade_type":"JSAPI","transaction_id":"4002902001201706277657457928"}
[2017-06-27 14:10:08][debug] query:{"appid":"wxd46e99b7f83183e1","err_code":"ORDERNOTEXIST","err_code_des":"order not exist","mch_id":"1383580102","nonce_str":"dE71RjOWOhEHzMTp","result_code":"FAIL","return_code":"SUCCESS","return_msg":"OK","sign":"BA303B1684EA36448D8A961264AE797C"}
[2017-06-27 14:13:10][debug] begin notify
[2017-06-27 14:13:10][debug] call back:{"appid":"wxd46e99b7f83183e1","bank_type":"COMM_CREDIT","cash_fee":"1000","fee_type":"CNY","is_subscribe":"Y","mch_id":"1383580102","nonce_str":"lmsffrf5ia7vvbv9hzcy2ohldhkyeega","openid":"ovxXWv3CHJLsugBLuDQiCAxREFtE","out_trade_no":"201706271409012815","result_code":"SUCCESS","return_code":"SUCCESS","sign":"C917D1F221C5B2ADD156C2546995B92E","time_end":"20170627140907","total_fee":"1000","trade_type":"JSAPI","transaction_id":"4002902001201706277657457928"}
[2017-06-27 14:13:10][debug] query:{"appid":"wxd46e99b7f83183e1","err_code":"ORDERNOTEXIST","err_code_des":"order not exist","mch_id":"1383580102","nonce_str":"OiNceJYIa0d7YYLw","result_code":"FAIL","return_code":"SUCCESS","return_msg":"OK","sign":"37C31799153AC203F4A1F4CC67155D00"}
[2017-06-27 14:27:17][debug] begin notify
[2017-06-27 14:27:17][debug] call back:{"appid":"wxd46e99b7f83183e1","bank_type":"CFT","cash_fee":"100","fee_type":"CNY","is_subscribe":"Y","mch_id":"1383580102","nonce_str":"tyt29q8c4o2nzn2lia20qwi0im4kb1im","openid":"ovxXWv5Ldfh1B4nho4C-Jz6Kgma0","out_trade_no":"201706271122584596","result_code":"SUCCESS","return_code":"SUCCESS","sign":"43A8CB7CB2408DE74DF1E73782E55A5F","time_end":"20170627112304","total_fee":"100","trade_type":"JSAPI","transaction_id":"4005242001201706277632940873"}
[2017-06-27 14:27:18][debug] query:{"appid":"wxd46e99b7f83183e1","err_code":"ORDERNOTEXIST","err_code_des":"order not exist","mch_id":"1383580102","nonce_str":"HxovdcPWmYMjkwMU","result_code":"FAIL","return_code":"SUCCESS","return_msg":"OK","sign":"C5535F2FFF01123285E672FF154FD32B"}
[2017-06-27 14:43:11][debug] begin notify
[2017-06-27 14:43:11][debug] call back:{"appid":"wxd46e99b7f83183e1","bank_type":"COMM_CREDIT","cash_fee":"1000","fee_type":"CNY","is_subscribe":"Y","mch_id":"1383580102","nonce_str":"lmsffrf5ia7vvbv9hzcy2ohldhkyeega","openid":"ovxXWv3CHJLsugBLuDQiCAxREFtE","out_trade_no":"201706271409012815","result_code":"SUCCESS","return_code":"SUCCESS","sign":"C917D1F221C5B2ADD156C2546995B92E","time_end":"20170627140907","total_fee":"1000","trade_type":"JSAPI","transaction_id":"4002902001201706277657457928"}
[2017-06-27 14:43:12][debug] query:{"appid":"wxd46e99b7f83183e1","err_code":"ORDERNOTEXIST","err_code_des":"order not exist","mch_id":"1383580102","nonce_str":"5UlyqyeqTNUam55r","result_code":"FAIL","return_code":"SUCCESS","return_msg":"OK","sign":"926937680E2789DB26DC0E4F8129C67D"}
[2017-06-27 15:13:13][debug] begin notify
[2017-06-27 15:13:13][debug] call back:{"appid":"wxd46e99b7f83183e1","bank_type":"COMM_CREDIT","cash_fee":"1000","fee_type":"CNY","is_subscribe":"Y","mch_id":"1383580102","nonce_str":"lmsffrf5ia7vvbv9hzcy2ohldhkyeega","openid":"ovxXWv3CHJLsugBLuDQiCAxREFtE","out_trade_no":"201706271409012815","result_code":"SUCCESS","return_code":"SUCCESS","sign":"C917D1F221C5B2ADD156C2546995B92E","time_end":"20170627140907","total_fee":"1000","trade_type":"JSAPI","transaction_id":"4002902001201706277657457928"}
[2017-06-27 15:13:13][debug] query:{"appid":"wxd46e99b7f83183e1","err_code":"ORDERNOTEXIST","err_code_des":"order not exist","mch_id":"1383580102","nonce_str":"GzpaY0PwOmdYRYgS","result_code":"FAIL","return_code":"SUCCESS","return_msg":"OK","sign":"2162752DD98C1A5A58D1067A134D214B"}
[2017-06-27 15:43:15][debug] begin notify
[2017-06-27 15:43:15][debug] call back:{"appid":"wxd46e99b7f83183e1","bank_type":"COMM_CREDIT","cash_fee":"1000","fee_type":"CNY","is_subscribe":"Y","mch_id":"1383580102","nonce_str":"lmsffrf5ia7vvbv9hzcy2ohldhkyeega","openid":"ovxXWv3CHJLsugBLuDQiCAxREFtE","out_trade_no":"201706271409012815","result_code":"SUCCESS","return_code":"SUCCESS","sign":"C917D1F221C5B2ADD156C2546995B92E","time_end":"20170627140907","total_fee":"1000","trade_type":"JSAPI","transaction_id":"4002902001201706277657457928"}
[2017-06-27 15:43:15][debug] query:{"appid":"wxd46e99b7f83183e1","err_code":"ORDERNOTEXIST","err_code_des":"order not exist","mch_id":"1383580102","nonce_str":"wQ434jllxYG84B2G","result_code":"FAIL","return_code":"SUCCESS","return_msg":"OK","sign":"D2BD095B0AE65096D06F1F17F491ABCA"}
[2017-06-27 16:13:17][debug] begin notify
[2017-06-27 16:13:17][debug] call back:{"appid":"wxd46e99b7f83183e1","bank_type":"COMM_CREDIT","cash_fee":"1000","fee_type":"CNY","is_subscribe":"Y","mch_id":"1383580102","nonce_str":"lmsffrf5ia7vvbv9hzcy2ohldhkyeega","openid":"ovxXWv3CHJLsugBLuDQiCAxREFtE","out_trade_no":"201706271409012815","result_code":"SUCCESS","return_code":"SUCCESS","sign":"C917D1F221C5B2ADD156C2546995B92E","time_end":"20170627140907","total_fee":"1000","trade_type":"JSAPI","transaction_id":"4002902001201706277657457928"}
[2017-06-27 16:13:17][debug] query:{"appid":"wxd46e99b7f83183e1","err_code":"ORDERNOTEXIST","err_code_des":"order not exist","mch_id":"1383580102","nonce_str":"vnWtwYICncwq6lMk","result_code":"FAIL","return_code":"SUCCESS","return_msg":"OK","sign":"73D98BC3A59B4048EAB74E96A7C4F09E"}
[2017-06-27 17:13:19][debug] begin notify
[2017-06-27 17:13:19][debug] call back:{"appid":"wxd46e99b7f83183e1","bank_type":"COMM_CREDIT","cash_fee":"1000","fee_type":"CNY","is_subscribe":"Y","mch_id":"1383580102","nonce_str":"lmsffrf5ia7vvbv9hzcy2ohldhkyeega","openid":"ovxXWv3CHJLsugBLuDQiCAxREFtE","out_trade_no":"201706271409012815","result_code":"SUCCESS","return_code":"SUCCESS","sign":"C917D1F221C5B2ADD156C2546995B92E","time_end":"20170627140907","total_fee":"1000","trade_type":"JSAPI","transaction_id":"4002902001201706277657457928"}
[2017-06-27 17:13:19][debug] query:{"appid":"wxd46e99b7f83183e1","err_code":"ORDERNOTEXIST","err_code_des":"order not exist","mch_id":"1383580102","nonce_str":"YxZgPe2VEGz9fNFP","result_code":"FAIL","return_code":"SUCCESS","return_msg":"OK","sign":"7CF9ED386A2C6184FFF97555FEE748F9"}
[2017-06-27 18:08:44][debug] begin notify
[2017-06-27 18:08:44][debug] query:{"appid":"wxd46e99b7f83183e1","attach":[],"bank_type":"CFT","cash_fee":"1","fee_type":"CNY","is_subscribe":"Y","mch_id":"1383580102","nonce_str":"9eiEhCRu9rC5pxoU","openid":"ovxXWvwz8SMTLTHeZpNyA-BjAtR0","out_trade_no":"201705231719177830","result_code":"SUCCESS","return_code":"SUCCESS","return_msg":"OK","sign":"5DDC3523FD561A4482C596BAF9F3100B","time_end":"20170523171926","total_fee":"1","trade_state":"SUCCESS","trade_type":"JSAPI","transaction_id":"4010042001201705232222539685"}
[2017-06-27 18:09:44][debug] begin notify
[2017-06-27 18:09:44][debug] query:{"appid":"wxd46e99b7f83183e1","attach":[],"bank_type":"CFT","cash_fee":"1","fee_type":"CNY","is_subscribe":"Y","mch_id":"1383580102","nonce_str":"swJKgI5xeHEq416h","openid":"ovxXWvwz8SMTLTHeZpNyA-BjAtR0","out_trade_no":"201705231719177830","result_code":"SUCCESS","return_code":"SUCCESS","return_msg":"OK","sign":"5F627856008C3355CA1E1056246043C4","time_end":"20170523171926","total_fee":"1","trade_state":"SUCCESS","trade_type":"JSAPI","transaction_id":"4010042001201705232222539685"}
[2017-06-27 18:10:25][debug] begin notify
[2017-06-27 18:10:26][debug] query:{"appid":"wxd46e99b7f83183e1","attach":[],"bank_type":"CFT","cash_fee":"1","fee_type":"CNY","is_subscribe":"Y","mch_id":"1383580102","nonce_str":"fuGyhIa8OoVjBKtf","openid":"ovxXWvwz8SMTLTHeZpNyA-BjAtR0","out_trade_no":"201705231719177830","result_code":"SUCCESS","return_code":"SUCCESS","return_msg":"OK","sign":"55E8BC5F7E6E739BBDAD8AB56E2ACB83","time_end":"20170523171926","total_fee":"1","trade_state":"SUCCESS","trade_type":"JSAPI","transaction_id":"4010042001201705232222539685"}
[2017-06-27 18:16:56][debug] begin notify
[2017-06-27 18:16:56][debug] call back:{"appid":"wxd46e99b7f83183e1","bank_type":"CFT","cash_fee":"100","fee_type":"CNY","is_subscribe":"Y","mch_id":"1383580102","nonce_str":"l95nnbipbqv52fe6mtkayzj674ls4la8","openid":"ovxXWv5Ldfh1B4nho4C-Jz6Kgma0","out_trade_no":"201706271816408831","result_code":"SUCCESS","return_code":"SUCCESS","sign":"C1AB34165B5AABB77B21B1DA15D2F0A0","time_end":"20170627181655","total_fee":"100","trade_type":"JSAPI","transaction_id":"4005242001201706277691673547"}
[2017-06-27 18:16:56][debug] query:{"appid":"wxd46e99b7f83183e1","err_code":"ORDERNOTEXIST","err_code_des":"order not exist","mch_id":"1383580102","nonce_str":"TzbPmVzNG3nl4Vq8","result_code":"FAIL","return_code":"SUCCESS","return_msg":"OK","sign":"44903ACAF0035D3CB5361C5AFC6CD1F8"}
[2017-06-27 18:16:59][debug] begin notify
[2017-06-27 18:16:59][debug] query:{"appid":"wxd46e99b7f83183e1","attach":[],"bank_type":"CFT","cash_fee":"100","fee_type":"CNY","is_subscribe":"Y","mch_id":"1383580102","nonce_str":"nug9WcqvMMokEvEA","openid":"ovxXWv5Ldfh1B4nho4C-Jz6Kgma0","out_trade_no":"201706271816408831","result_code":"SUCCESS","return_code":"SUCCESS","return_msg":"OK","sign":"9143FC390371C51EFD1D85D8045928F3","time_end":"20170627181655","total_fee":"100","trade_state":"SUCCESS","trade_type":"JSAPI","transaction_id":"4005242001201706277691673547"}
[2017-06-27 18:17:11][debug] begin notify
[2017-06-27 18:17:11][debug] call back:{"appid":"wxd46e99b7f83183e1","bank_type":"CFT","cash_fee":"100","fee_type":"CNY","is_subscribe":"Y","mch_id":"1383580102","nonce_str":"l95nnbipbqv52fe6mtkayzj674ls4la8","openid":"ovxXWv5Ldfh1B4nho4C-Jz6Kgma0","out_trade_no":"201706271816408831","result_code":"SUCCESS","return_code":"SUCCESS","sign":"C1AB34165B5AABB77B21B1DA15D2F0A0","time_end":"20170627181655","total_fee":"100","trade_type":"JSAPI","transaction_id":"4005242001201706277691673547"}
[2017-06-27 18:17:11][debug] query:{"appid":"wxd46e99b7f83183e1","err_code":"ORDERNOTEXIST","err_code_des":"order not exist","mch_id":"1383580102","nonce_str":"5myPn4bIUTzmB6Nr","result_code":"FAIL","return_code":"SUCCESS","return_msg":"OK","sign":"9E50E8C52D29A8BF39DD93565C4B3A3A"}
[2017-06-27 18:17:27][debug] begin notify
[2017-06-27 18:17:27][debug] call back:{"appid":"wxd46e99b7f83183e1","bank_type":"CFT","cash_fee":"100","fee_type":"CNY","is_subscribe":"Y","mch_id":"1383580102","nonce_str":"l95nnbipbqv52fe6mtkayzj674ls4la8","openid":"ovxXWv5Ldfh1B4nho4C-Jz6Kgma0","out_trade_no":"201706271816408831","result_code":"SUCCESS","return_code":"SUCCESS","sign":"C1AB34165B5AABB77B21B1DA15D2F0A0","time_end":"20170627181655","total_fee":"100","trade_type":"JSAPI","transaction_id":"4005242001201706277691673547"}
[2017-06-27 18:17:27][debug] query:{"appid":"wxd46e99b7f83183e1","err_code":"ORDERNOTEXIST","err_code_des":"order not exist","mch_id":"1383580102","nonce_str":"bGBhs1AxEfFg1AEY","result_code":"FAIL","return_code":"SUCCESS","return_msg":"OK","sign":"71FB2373EA937A51C78E0C9BB8643874"}
[2017-06-27 18:17:59][debug] begin notify
[2017-06-27 18:17:59][debug] call back:{"appid":"wxd46e99b7f83183e1","bank_type":"CFT","cash_fee":"100","fee_type":"CNY","is_subscribe":"Y","mch_id":"1383580102","nonce_str":"l95nnbipbqv52fe6mtkayzj674ls4la8","openid":"ovxXWv5Ldfh1B4nho4C-Jz6Kgma0","out_trade_no":"201706271816408831","result_code":"SUCCESS","return_code":"SUCCESS","sign":"C1AB34165B5AABB77B21B1DA15D2F0A0","time_end":"20170627181655","total_fee":"100","trade_type":"JSAPI","transaction_id":"4005242001201706277691673547"}
[2017-06-27 18:17:59][debug] query:{"appid":"wxd46e99b7f83183e1","err_code":"ORDERNOTEXIST","err_code_des":"order not exist","mch_id":"1383580102","nonce_str":"d8VqR5viL3O3t1Ul","result_code":"FAIL","return_code":"SUCCESS","return_msg":"OK","sign":"6C0971EC7297BCE8C13E518C46CA1B37"}
[2017-06-27 18:21:01][debug] begin notify
[2017-06-27 18:21:01][debug] call back:{"appid":"wxd46e99b7f83183e1","bank_type":"CFT","cash_fee":"100","fee_type":"CNY","is_subscribe":"Y","mch_id":"1383580102","nonce_str":"l95nnbipbqv52fe6mtkayzj674ls4la8","openid":"ovxXWv5Ldfh1B4nho4C-Jz6Kgma0","out_trade_no":"201706271816408831","result_code":"SUCCESS","return_code":"SUCCESS","sign":"C1AB34165B5AABB77B21B1DA15D2F0A0","time_end":"20170627181655","total_fee":"100","trade_type":"JSAPI","transaction_id":"4005242001201706277691673547"}
[2017-06-27 18:21:01][debug] query:{"appid":"wxd46e99b7f83183e1","err_code":"ORDERNOTEXIST","err_code_des":"order not exist","mch_id":"1383580102","nonce_str":"zVepvCnUDDXCBEMD","result_code":"FAIL","return_code":"SUCCESS","return_msg":"OK","sign":"E994FED1C5A9E2B1DAEE605620507363"}
[2017-06-27 18:36:50][debug] begin notify
[2017-06-27 18:36:50][debug] call back:{"appid":"wxd46e99b7f83183e1","bank_type":"ICBC_DEBIT","cash_fee":"1000","fee_type":"CNY","is_subscribe":"Y","mch_id":"1383580102","nonce_str":"tfzc6ts4nl7ya6bjgzr72yl6mkazlqot","openid":"ovxXWvxyv93ZrijzHey2ZZO4qc6o","out_trade_no":"2017062718364268","result_code":"SUCCESS","return_code":"SUCCESS","sign":"FB9FD2590BD1B94D38B87F557CBA5575","time_end":"20170627183649","total_fee":"1000","trade_type":"JSAPI","transaction_id":"4003232001201706277695029327"}
[2017-06-27 18:36:50][debug] query:{"appid":"wxd46e99b7f83183e1","err_code":"ORDERNOTEXIST","err_code_des":"order not exist","mch_id":"1383580102","nonce_str":"Hsm2guFaiQc3rFOa","result_code":"FAIL","return_code":"SUCCESS","return_msg":"OK","sign":"A071C8CADEECD7E2007778986DACB936"}
[2017-06-27 18:36:51][debug] begin notify
[2017-06-27 18:36:52][debug] query:{"appid":"wxd46e99b7f83183e1","attach":[],"bank_type":"ICBC_DEBIT","cash_fee":"1000","fee_type":"CNY","is_subscribe":"Y","mch_id":"1383580102","nonce_str":"xVrE6fB180VEXJOy","openid":"ovxXWvxyv93ZrijzHey2ZZO4qc6o","out_trade_no":"2017062718364268","result_code":"SUCCESS","return_code":"SUCCESS","return_msg":"OK","sign":"C427F37ED4D81B2CFF6D428445040695","time_end":"20170627183649","total_fee":"1000","trade_state":"SUCCESS","trade_type":"JSAPI","transaction_id":"4003232001201706277695029327"}
[2017-06-27 18:37:00][debug] begin notify
[2017-06-27 18:37:00][debug] call back:{"appid":"wxd46e99b7f83183e1","bank_type":"ICBC_DEBIT","cash_fee":"1000","fee_type":"CNY","is_subscribe":"Y","mch_id":"1383580102","nonce_str":"tfzc6ts4nl7ya6bjgzr72yl6mkazlqot","openid":"ovxXWvxyv93ZrijzHey2ZZO4qc6o","out_trade_no":"2017062718364268","result_code":"SUCCESS","return_code":"SUCCESS","sign":"FB9FD2590BD1B94D38B87F557CBA5575","time_end":"20170627183649","total_fee":"1000","trade_type":"JSAPI","transaction_id":"4003232001201706277695029327"}
[2017-06-27 18:37:00][debug] query:{"appid":"wxd46e99b7f83183e1","err_code":"ORDERNOTEXIST","err_code_des":"order not exist","mch_id":"1383580102","nonce_str":"YWRqLkGQ0aNNO2As","result_code":"FAIL","return_code":"SUCCESS","return_msg":"OK","sign":"A3E01F2BD4768D7475CDA42C81AC685F"}
[2017-06-27 18:37:17][debug] begin notify
[2017-06-27 18:37:17][debug] call back:{"appid":"wxd46e99b7f83183e1","bank_type":"ICBC_DEBIT","cash_fee":"1000","fee_type":"CNY","is_subscribe":"Y","mch_id":"1383580102","nonce_str":"tfzc6ts4nl7ya6bjgzr72yl6mkazlqot","openid":"ovxXWvxyv93ZrijzHey2ZZO4qc6o","out_trade_no":"2017062718364268","result_code":"SUCCESS","return_code":"SUCCESS","sign":"FB9FD2590BD1B94D38B87F557CBA5575","time_end":"20170627183649","total_fee":"1000","trade_type":"JSAPI","transaction_id":"4003232001201706277695029327"}
[2017-06-27 18:37:17][debug] query:{"appid":"wxd46e99b7f83183e1","err_code":"ORDERNOTEXIST","err_code_des":"order not exist","mch_id":"1383580102","nonce_str":"chAkEEsyUc0sd45q","result_code":"FAIL","return_code":"SUCCESS","return_msg":"OK","sign":"9AE95A9983809995D4398331E936E9AA"}
[2017-06-27 18:37:49][debug] begin notify
[2017-06-27 18:37:49][debug] call back:{"appid":"wxd46e99b7f83183e1","bank_type":"ICBC_DEBIT","cash_fee":"1000","fee_type":"CNY","is_subscribe":"Y","mch_id":"1383580102","nonce_str":"tfzc6ts4nl7ya6bjgzr72yl6mkazlqot","openid":"ovxXWvxyv93ZrijzHey2ZZO4qc6o","out_trade_no":"2017062718364268","result_code":"SUCCESS","return_code":"SUCCESS","sign":"FB9FD2590BD1B94D38B87F557CBA5575","time_end":"20170627183649","total_fee":"1000","trade_type":"JSAPI","transaction_id":"4003232001201706277695029327"}
[2017-06-27 18:37:49][debug] query:{"appid":"wxd46e99b7f83183e1","err_code":"ORDERNOTEXIST","err_code_des":"order not exist","mch_id":"1383580102","nonce_str":"s27ujWZQyNbAx8yl","result_code":"FAIL","return_code":"SUCCESS","return_msg":"OK","sign":"B5A6F36E59D95BE7EB71B06369340529"}
[2017-06-27 18:40:50][debug] begin notify
[2017-06-27 18:40:50][debug] call back:{"appid":"wxd46e99b7f83183e1","bank_type":"ICBC_DEBIT","cash_fee":"1000","fee_type":"CNY","is_subscribe":"Y","mch_id":"1383580102","nonce_str":"tfzc6ts4nl7ya6bjgzr72yl6mkazlqot","openid":"ovxXWvxyv93ZrijzHey2ZZO4qc6o","out_trade_no":"2017062718364268","result_code":"SUCCESS","return_code":"SUCCESS","sign":"FB9FD2590BD1B94D38B87F557CBA5575","time_end":"20170627183649","total_fee":"1000","trade_type":"JSAPI","transaction_id":"4003232001201706277695029327"}
[2017-06-27 18:40:50][debug] query:{"appid":"wxd46e99b7f83183e1","err_code":"ORDERNOTEXIST","err_code_des":"order not exist","mch_id":"1383580102","nonce_str":"IAKvtQuN82LIk6e6","result_code":"FAIL","return_code":"SUCCESS","return_msg":"OK","sign":"444E23E0D7100ECDF70188B48FD20845"}
[2017-06-27 18:45:35][debug] begin notify
[2017-06-27 18:45:35][debug] call back:{"appid":"wxd46e99b7f83183e1","bank_type":"CFT","cash_fee":"1","fee_type":"CNY","is_subscribe":"Y","mch_id":"1383580102","nonce_str":"mzmgseiwp71teegy6ccnfzl5zg2kxwyw","openid":"ovxXWv5Ldfh1B4nho4C-Jz6Kgma0","out_trade_no":"2017062718455214","result_code":"SUCCESS","return_code":"SUCCESS","sign":"6125A31F44DAD282B3C09596A7B92663","time_end":"20170627184535","total_fee":"1","trade_type":"JSAPI","transaction_id":"4005242001201706277700703362"}
[2017-06-27 18:45:35][debug] query:{"appid":"wxd46e99b7f83183e1","err_code":"ORDERNOTEXIST","err_code_des":"order not exist","mch_id":"1383580102","nonce_str":"kfKagfQMmKkaetZQ","result_code":"FAIL","return_code":"SUCCESS","return_msg":"OK","sign":"BCC08F03AEF667576EEBB78B6BB8ABC8"}
[2017-06-27 18:45:37][debug] begin notify
[2017-06-27 18:45:37][debug] query:{"appid":"wxd46e99b7f83183e1","attach":[],"bank_type":"CFT","cash_fee":"1","fee_type":"CNY","is_subscribe":"Y","mch_id":"1383580102","nonce_str":"skSQhWdDh2vlVKbV","openid":"ovxXWv5Ldfh1B4nho4C-Jz6Kgma0","out_trade_no":"2017062718455214","result_code":"SUCCESS","return_code":"SUCCESS","return_msg":"OK","sign":"6BD4046C4EC87C1F99889A661721761D","time_end":"20170627184535","total_fee":"1","trade_state":"SUCCESS","trade_type":"JSAPI","transaction_id":"4005242001201706277700703362"}
[2017-06-27 18:45:50][debug] begin notify
[2017-06-27 18:45:50][debug] call back:{"appid":"wxd46e99b7f83183e1","bank_type":"CFT","cash_fee":"1","fee_type":"CNY","is_subscribe":"Y","mch_id":"1383580102","nonce_str":"mzmgseiwp71teegy6ccnfzl5zg2kxwyw","openid":"ovxXWv5Ldfh1B4nho4C-Jz6Kgma0","out_trade_no":"2017062718455214","result_code":"SUCCESS","return_code":"SUCCESS","sign":"6125A31F44DAD282B3C09596A7B92663","time_end":"20170627184535","total_fee":"1","trade_type":"JSAPI","transaction_id":"4005242001201706277700703362"}
[2017-06-27 18:45:51][debug] query:{"appid":"wxd46e99b7f83183e1","err_code":"ORDERNOTEXIST","err_code_des":"order not exist","mch_id":"1383580102","nonce_str":"psJFxxVkgYbqixDq","result_code":"FAIL","return_code":"SUCCESS","return_msg":"OK","sign":"1464117517614163B4053E8186D51107"}
[2017-06-27 18:46:08][debug] begin notify
[2017-06-27 18:46:08][debug] call back:{"appid":"wxd46e99b7f83183e1","bank_type":"CFT","cash_fee":"1","fee_type":"CNY","is_subscribe":"Y","mch_id":"1383580102","nonce_str":"mzmgseiwp71teegy6ccnfzl5zg2kxwyw","openid":"ovxXWv5Ldfh1B4nho4C-Jz6Kgma0","out_trade_no":"2017062718455214","result_code":"SUCCESS","return_code":"SUCCESS","sign":"6125A31F44DAD282B3C09596A7B92663","time_end":"20170627184535","total_fee":"1","trade_type":"JSAPI","transaction_id":"4005242001201706277700703362"}
[2017-06-27 18:46:08][debug] query:{"appid":"wxd46e99b7f83183e1","err_code":"ORDERNOTEXIST","err_code_des":"order not exist","mch_id":"1383580102","nonce_str":"JvdpKVI7pY3EJLV0","result_code":"FAIL","return_code":"SUCCESS","return_msg":"OK","sign":"C29BA394677A2D59495D84A25B660BC8"}
[2017-06-27 18:46:40][debug] begin notify
[2017-06-27 18:46:40][debug] call back:{"appid":"wxd46e99b7f83183e1","bank_type":"CFT","cash_fee":"1","fee_type":"CNY","is_subscribe":"Y","mch_id":"1383580102","nonce_str":"mzmgseiwp71teegy6ccnfzl5zg2kxwyw","openid":"ovxXWv5Ldfh1B4nho4C-Jz6Kgma0","out_trade_no":"2017062718455214","result_code":"SUCCESS","return_code":"SUCCESS","sign":"6125A31F44DAD282B3C09596A7B92663","time_end":"20170627184535","total_fee":"1","trade_type":"JSAPI","transaction_id":"4005242001201706277700703362"}
[2017-06-27 18:46:40][debug] query:{"appid":"wxd46e99b7f83183e1","err_code":"ORDERNOTEXIST","err_code_des":"order not exist","mch_id":"1383580102","nonce_str":"JDT4vyxeAE5b8pOt","result_code":"FAIL","return_code":"SUCCESS","return_msg":"OK","sign":"791FC5FC15AF0953DED333E761777CBB"}
[2017-06-27 18:49:43][debug] begin notify
[2017-06-27 18:49:43][debug] call back:{"appid":"wxd46e99b7f83183e1","bank_type":"CFT","cash_fee":"1","fee_type":"CNY","is_subscribe":"Y","mch_id":"1383580102","nonce_str":"mzmgseiwp71teegy6ccnfzl5zg2kxwyw","openid":"ovxXWv5Ldfh1B4nho4C-Jz6Kgma0","out_trade_no":"2017062718455214","result_code":"SUCCESS","return_code":"SUCCESS","sign":"6125A31F44DAD282B3C09596A7B92663","time_end":"20170627184535","total_fee":"1","trade_type":"JSAPI","transaction_id":"4005242001201706277700703362"}
[2017-06-27 18:49:43][debug] query:{"appid":"wxd46e99b7f83183e1","err_code":"ORDERNOTEXIST","err_code_des":"order not exist","mch_id":"1383580102","nonce_str":"eQjVwSOjj7ukOZhx","result_code":"FAIL","return_code":"SUCCESS","return_msg":"OK","sign":"EE4D56FB10B47B6050F1CC41A331F9B8"}
[2017-06-27 18:51:03][debug] begin notify
[2017-06-27 18:51:03][debug] call back:{"appid":"wxd46e99b7f83183e1","bank_type":"CFT","cash_fee":"100","fee_type":"CNY","is_subscribe":"Y","mch_id":"1383580102","nonce_str":"l95nnbipbqv52fe6mtkayzj674ls4la8","openid":"ovxXWv5Ldfh1B4nho4C-Jz6Kgma0","out_trade_no":"201706271816408831","result_code":"SUCCESS","return_code":"SUCCESS","sign":"C1AB34165B5AABB77B21B1DA15D2F0A0","time_end":"20170627181655","total_fee":"100","trade_type":"JSAPI","transaction_id":"4005242001201706277691673547"}
[2017-06-27 18:51:04][debug] query:{"appid":"wxd46e99b7f83183e1","err_code":"ORDERNOTEXIST","err_code_des":"order not exist","mch_id":"1383580102","nonce_str":"tkaJg58C1ztXRFbE","result_code":"FAIL","return_code":"SUCCESS","return_msg":"OK","sign":"B3DBB84108911E896297E064B4D6AD53"}
[2017-06-27 19:10:52][debug] begin notify
[2017-06-27 19:10:52][debug] call back:{"appid":"wxd46e99b7f83183e1","bank_type":"ICBC_DEBIT","cash_fee":"1000","fee_type":"CNY","is_subscribe":"Y","mch_id":"1383580102","nonce_str":"tfzc6ts4nl7ya6bjgzr72yl6mkazlqot","openid":"ovxXWvxyv93ZrijzHey2ZZO4qc6o","out_trade_no":"2017062718364268","result_code":"SUCCESS","return_code":"SUCCESS","sign":"FB9FD2590BD1B94D38B87F557CBA5575","time_end":"20170627183649","total_fee":"1000","trade_type":"JSAPI","transaction_id":"4003232001201706277695029327"}
[2017-06-27 19:10:52][debug] query:{"appid":"wxd46e99b7f83183e1","err_code":"ORDERNOTEXIST","err_code_des":"order not exist","mch_id":"1383580102","nonce_str":"axXPx9Ki9efSudE4","result_code":"FAIL","return_code":"SUCCESS","return_msg":"OK","sign":"06A42580EAC6C86F5D7F144C5FB09F12"}
[2017-06-27 19:19:46][debug] begin notify
[2017-06-27 19:19:46][debug] call back:{"appid":"wxd46e99b7f83183e1","bank_type":"CFT","cash_fee":"1","fee_type":"CNY","is_subscribe":"Y","mch_id":"1383580102","nonce_str":"mzmgseiwp71teegy6ccnfzl5zg2kxwyw","openid":"ovxXWv5Ldfh1B4nho4C-Jz6Kgma0","out_trade_no":"2017062718455214","result_code":"SUCCESS","return_code":"SUCCESS","sign":"6125A31F44DAD282B3C09596A7B92663","time_end":"20170627184535","total_fee":"1","trade_type":"JSAPI","transaction_id":"4005242001201706277700703362"}
[2017-06-27 19:19:46][debug] query:{"appid":"wxd46e99b7f83183e1","err_code":"ORDERNOTEXIST","err_code_des":"order not exist","mch_id":"1383580102","nonce_str":"ZFqm8IWZefXoPQxq","result_code":"FAIL","return_code":"SUCCESS","return_msg":"OK","sign":"84253AC12C816A1ADB2726E23B9C74E0"}
[2017-06-27 19:21:06][debug] begin notify
[2017-06-27 19:21:06][debug] call back:{"appid":"wxd46e99b7f83183e1","bank_type":"CFT","cash_fee":"100","fee_type":"CNY","is_subscribe":"Y","mch_id":"1383580102","nonce_str":"l95nnbipbqv52fe6mtkayzj674ls4la8","openid":"ovxXWv5Ldfh1B4nho4C-Jz6Kgma0","out_trade_no":"201706271816408831","result_code":"SUCCESS","return_code":"SUCCESS","sign":"C1AB34165B5AABB77B21B1DA15D2F0A0","time_end":"20170627181655","total_fee":"100","trade_type":"JSAPI","transaction_id":"4005242001201706277691673547"}
[2017-06-27 19:21:06][debug] query:{"appid":"wxd46e99b7f83183e1","err_code":"ORDERNOTEXIST","err_code_des":"order not exist","mch_id":"1383580102","nonce_str":"GP3xeumGfJ9zpFMt","result_code":"FAIL","return_code":"SUCCESS","return_msg":"OK","sign":"8B7980DC9EECBD9B07682C102FE4E285"}
[2017-06-27 19:40:55][debug] begin notify
[2017-06-27 19:40:55][debug] call back:{"appid":"wxd46e99b7f83183e1","bank_type":"ICBC_DEBIT","cash_fee":"1000","fee_type":"CNY","is_subscribe":"Y","mch_id":"1383580102","nonce_str":"tfzc6ts4nl7ya6bjgzr72yl6mkazlqot","openid":"ovxXWvxyv93ZrijzHey2ZZO4qc6o","out_trade_no":"2017062718364268","result_code":"SUCCESS","return_code":"SUCCESS","sign":"FB9FD2590BD1B94D38B87F557CBA5575","time_end":"20170627183649","total_fee":"1000","trade_type":"JSAPI","transaction_id":"4003232001201706277695029327"}
[2017-06-27 19:40:55][debug] query:{"appid":"wxd46e99b7f83183e1","err_code":"ORDERNOTEXIST","err_code_des":"order not exist","mch_id":"1383580102","nonce_str":"Jt2oIGfElOODNhkF","result_code":"FAIL","return_code":"SUCCESS","return_msg":"OK","sign":"58A1742291D996620DA95345D09EBD4A"}
[2017-06-27 19:49:48][debug] begin notify
[2017-06-27 19:49:48][debug] call back:{"appid":"wxd46e99b7f83183e1","bank_type":"CFT","cash_fee":"1","fee_type":"CNY","is_subscribe":"Y","mch_id":"1383580102","nonce_str":"mzmgseiwp71teegy6ccnfzl5zg2kxwyw","openid":"ovxXWv5Ldfh1B4nho4C-Jz6Kgma0","out_trade_no":"2017062718455214","result_code":"SUCCESS","return_code":"SUCCESS","sign":"6125A31F44DAD282B3C09596A7B92663","time_end":"20170627184535","total_fee":"1","trade_type":"JSAPI","transaction_id":"4005242001201706277700703362"}
[2017-06-27 19:49:48][debug] query:{"appid":"wxd46e99b7f83183e1","err_code":"ORDERNOTEXIST","err_code_des":"order not exist","mch_id":"1383580102","nonce_str":"EyqliVsiPsmddUuv","result_code":"FAIL","return_code":"SUCCESS","return_msg":"OK","sign":"6A2D6B68506E04EF775E757A0A8E4DCE"}
[2017-06-27 19:51:07][debug] begin notify
[2017-06-27 19:51:07][debug] call back:{"appid":"wxd46e99b7f83183e1","bank_type":"CFT","cash_fee":"100","fee_type":"CNY","is_subscribe":"Y","mch_id":"1383580102","nonce_str":"l95nnbipbqv52fe6mtkayzj674ls4la8","openid":"ovxXWv5Ldfh1B4nho4C-Jz6Kgma0","out_trade_no":"201706271816408831","result_code":"SUCCESS","return_code":"SUCCESS","sign":"C1AB34165B5AABB77B21B1DA15D2F0A0","time_end":"20170627181655","total_fee":"100","trade_type":"JSAPI","transaction_id":"4005242001201706277691673547"}
[2017-06-27 19:51:08][debug] query:{"appid":"wxd46e99b7f83183e1","err_code":"ORDERNOTEXIST","err_code_des":"order not exist","mch_id":"1383580102","nonce_str":"HqAnNL9u9jD3Lh7r","result_code":"FAIL","return_code":"SUCCESS","return_msg":"OK","sign":"862C0F5F29421CEB90CACD182EC09C9A"}
[2017-06-27 20:10:56][debug] begin notify
[2017-06-27 20:10:56][debug] call back:{"appid":"wxd46e99b7f83183e1","bank_type":"ICBC_DEBIT","cash_fee":"1000","fee_type":"CNY","is_subscribe":"Y","mch_id":"1383580102","nonce_str":"tfzc6ts4nl7ya6bjgzr72yl6mkazlqot","openid":"ovxXWvxyv93ZrijzHey2ZZO4qc6o","out_trade_no":"2017062718364268","result_code":"SUCCESS","return_code":"SUCCESS","sign":"FB9FD2590BD1B94D38B87F557CBA5575","time_end":"20170627183649","total_fee":"1000","trade_type":"JSAPI","transaction_id":"4003232001201706277695029327"}
[2017-06-27 20:10:56][debug] query:{"appid":"wxd46e99b7f83183e1","err_code":"ORDERNOTEXIST","err_code_des":"order not exist","mch_id":"1383580102","nonce_str":"ZnMLkAFc1GlBkOPt","result_code":"FAIL","return_code":"SUCCESS","return_msg":"OK","sign":"1F97FB8553F63DFBAD71B1BAB6082043"}
[2017-06-27 20:19:51][debug] begin notify
[2017-06-27 20:19:51][debug] call back:{"appid":"wxd46e99b7f83183e1","bank_type":"CFT","cash_fee":"1","fee_type":"CNY","is_subscribe":"Y","mch_id":"1383580102","nonce_str":"mzmgseiwp71teegy6ccnfzl5zg2kxwyw","openid":"ovxXWv5Ldfh1B4nho4C-Jz6Kgma0","out_trade_no":"2017062718455214","result_code":"SUCCESS","return_code":"SUCCESS","sign":"6125A31F44DAD282B3C09596A7B92663","time_end":"20170627184535","total_fee":"1","trade_type":"JSAPI","transaction_id":"4005242001201706277700703362"}
[2017-06-27 20:19:51][debug] query:{"appid":"wxd46e99b7f83183e1","err_code":"ORDERNOTEXIST","err_code_des":"order not exist","mch_id":"1383580102","nonce_str":"LoGlsZwsEMx5WNN7","result_code":"FAIL","return_code":"SUCCESS","return_msg":"OK","sign":"75A6DF415F09E099962C11C0E48647C0"}
[2017-06-27 20:21:11][debug] begin notify
[2017-06-27 20:21:11][debug] call back:{"appid":"wxd46e99b7f83183e1","bank_type":"CFT","cash_fee":"100","fee_type":"CNY","is_subscribe":"Y","mch_id":"1383580102","nonce_str":"l95nnbipbqv52fe6mtkayzj674ls4la8","openid":"ovxXWv5Ldfh1B4nho4C-Jz6Kgma0","out_trade_no":"201706271816408831","result_code":"SUCCESS","return_code":"SUCCESS","sign":"C1AB34165B5AABB77B21B1DA15D2F0A0","time_end":"20170627181655","total_fee":"100","trade_type":"JSAPI","transaction_id":"4005242001201706277691673547"}
[2017-06-27 20:21:11][debug] query:{"appid":"wxd46e99b7f83183e1","err_code":"ORDERNOTEXIST","err_code_des":"order not exist","mch_id":"1383580102","nonce_str":"AF5WGizU6785FTfT","result_code":"FAIL","return_code":"SUCCESS","return_msg":"OK","sign":"F3B99E43C9CFBA961EF7DEC1F1871CE8"}
[2017-06-27 20:40:58][debug] begin notify
[2017-06-27 20:40:58][debug] call back:{"appid":"wxd46e99b7f83183e1","bank_type":"ICBC_DEBIT","cash_fee":"1000","fee_type":"CNY","is_subscribe":"Y","mch_id":"1383580102","nonce_str":"tfzc6ts4nl7ya6bjgzr72yl6mkazlqot","openid":"ovxXWvxyv93ZrijzHey2ZZO4qc6o","out_trade_no":"2017062718364268","result_code":"SUCCESS","return_code":"SUCCESS","sign":"FB9FD2590BD1B94D38B87F557CBA5575","time_end":"20170627183649","total_fee":"1000","trade_type":"JSAPI","transaction_id":"4003232001201706277695029327"}
[2017-06-27 20:40:59][debug] query:{"appid":"wxd46e99b7f83183e1","err_code":"ORDERNOTEXIST","err_code_des":"order not exist","mch_id":"1383580102","nonce_str":"cPjh15zlv00zw6Gq","result_code":"FAIL","return_code":"SUCCESS","return_msg":"OK","sign":"353B7A82E57665DC6E7FCA186F0C65D3"}
[2017-06-27 20:49:52][debug] begin notify
[2017-06-27 20:49:52][debug] call back:{"appid":"wxd46e99b7f83183e1","bank_type":"CFT","cash_fee":"1","fee_type":"CNY","is_subscribe":"Y","mch_id":"1383580102","nonce_str":"mzmgseiwp71teegy6ccnfzl5zg2kxwyw","openid":"ovxXWv5Ldfh1B4nho4C-Jz6Kgma0","out_trade_no":"2017062718455214","result_code":"SUCCESS","return_code":"SUCCESS","sign":"6125A31F44DAD282B3C09596A7B92663","time_end":"20170627184535","total_fee":"1","trade_type":"JSAPI","transaction_id":"4005242001201706277700703362"}
[2017-06-27 20:49:52][debug] query:{"appid":"wxd46e99b7f83183e1","err_code":"ORDERNOTEXIST","err_code_des":"order not exist","mch_id":"1383580102","nonce_str":"nD6bkvOScW8wzdAn","result_code":"FAIL","return_code":"SUCCESS","return_msg":"OK","sign":"E9ADF05D4EF91B1675EDB772A7C2EE49"}
[2017-06-27 21:21:13][debug] begin notify
[2017-06-27 21:21:13][debug] call back:{"appid":"wxd46e99b7f83183e1","bank_type":"CFT","cash_fee":"100","fee_type":"CNY","is_subscribe":"Y","mch_id":"1383580102","nonce_str":"l95nnbipbqv52fe6mtkayzj674ls4la8","openid":"ovxXWv5Ldfh1B4nho4C-Jz6Kgma0","out_trade_no":"201706271816408831","result_code":"SUCCESS","return_code":"SUCCESS","sign":"C1AB34165B5AABB77B21B1DA15D2F0A0","time_end":"20170627181655","total_fee":"100","trade_type":"JSAPI","transaction_id":"4005242001201706277691673547"}
[2017-06-27 21:21:13][debug] query:{"appid":"wxd46e99b7f83183e1","err_code":"ORDERNOTEXIST","err_code_des":"order not exist","mch_id":"1383580102","nonce_str":"Qqd3dO8o3yMpWVfy","result_code":"FAIL","return_code":"SUCCESS","return_msg":"OK","sign":"BBBA5EEDE903F0424E6D7AEE70EC4110"}
[2017-06-27 21:41:01][debug] begin notify
[2017-06-27 21:41:01][debug] call back:{"appid":"wxd46e99b7f83183e1","bank_type":"ICBC_DEBIT","cash_fee":"1000","fee_type":"CNY","is_subscribe":"Y","mch_id":"1383580102","nonce_str":"tfzc6ts4nl7ya6bjgzr72yl6mkazlqot","openid":"ovxXWvxyv93ZrijzHey2ZZO4qc6o","out_trade_no":"2017062718364268","result_code":"SUCCESS","return_code":"SUCCESS","sign":"FB9FD2590BD1B94D38B87F557CBA5575","time_end":"20170627183649","total_fee":"1000","trade_type":"JSAPI","transaction_id":"4003232001201706277695029327"}
[2017-06-27 21:41:01][debug] query:{"appid":"wxd46e99b7f83183e1","err_code":"ORDERNOTEXIST","err_code_des":"order not exist","mch_id":"1383580102","nonce_str":"38nn93jjHWL7kmFU","result_code":"FAIL","return_code":"SUCCESS","return_msg":"OK","sign":"2AB6257F0E9B7D36737E7EB89924D967"}
[2017-06-27 21:49:54][debug] begin notify
[2017-06-27 21:49:54][debug] call back:{"appid":"wxd46e99b7f83183e1","bank_type":"CFT","cash_fee":"1","fee_type":"CNY","is_subscribe":"Y","mch_id":"1383580102","nonce_str":"mzmgseiwp71teegy6ccnfzl5zg2kxwyw","openid":"ovxXWv5Ldfh1B4nho4C-Jz6Kgma0","out_trade_no":"2017062718455214","result_code":"SUCCESS","return_code":"SUCCESS","sign":"6125A31F44DAD282B3C09596A7B92663","time_end":"20170627184535","total_fee":"1","trade_type":"JSAPI","transaction_id":"4005242001201706277700703362"}
[2017-06-27 21:49:54][debug] query:{"appid":"wxd46e99b7f83183e1","err_code":"ORDERNOTEXIST","err_code_des":"order not exist","mch_id":"1383580102","nonce_str":"iv8NBZ5EIghRs9OV","result_code":"FAIL","return_code":"SUCCESS","return_msg":"OK","sign":"00B076DA9901A970EEFFBA21725D76BC"}
