[2017-06-13 13:54:52][debug] begin notify
[2017-06-13 13:54:52][debug] call back:{"appid":"wxd46e99b7f83183e1","bank_type":"CFT","cash_fee":"1","fee_type":"CNY","is_subscribe":"Y","mch_id":"1383580102","nonce_str":"baf419nkt38mcmo0crzpicxm5x7ojaff","openid":"ovxXWv5Ldfh1B4nho4C-Jz6Kgma0","out_trade_no":"2017061313547627","result_code":"SUCCESS","return_code":"SUCCESS","sign":"6D431C4242A2202645C8680AADF23823","time_end":"20170613135451","total_fee":"1","trade_type":"JSAPI","transaction_id":"4005242001201706135540780227"}
[2017-06-13 13:54:52][debug] query:{"appid":"wxd46e99b7f83183e1","err_code":"ORDERNOTEXIST","err_code_des":"order not exist","mch_id":"1383580102","nonce_str":"uN219OCRnGOjHiIN","result_code":"FAIL","return_code":"SUCCESS","return_msg":"OK","sign":"ACC65A7D0B4FC192BF94CD10C94A0D8E"}
[2017-06-13 13:54:53][debug] begin notify
[2017-06-13 13:54:54][debug] query:{"appid":"wxd46e99b7f83183e1","attach":[],"bank_type":"CFT","cash_fee":"1","fee_type":"CNY","is_subscribe":"Y","mch_id":"1383580102","nonce_str":"l6rTLBLcaGA94smd","openid":"ovxXWv5Ldfh1B4nho4C-Jz6Kgma0","out_trade_no":"2017061313547627","result_code":"SUCCESS","return_code":"SUCCESS","return_msg":"OK","sign":"60D873A89FDC73DE7621A0949E9E452E","time_end":"20170613135451","total_fee":"1","trade_state":"SUCCESS","trade_type":"JSAPI","transaction_id":"4005242001201706135540780227"}
[2017-06-13 13:55:04][debug] begin notify
[2017-06-13 13:55:04][debug] call back:{"appid":"wxd46e99b7f83183e1","bank_type":"CFT","cash_fee":"1","fee_type":"CNY","is_subscribe":"Y","mch_id":"1383580102","nonce_str":"baf419nkt38mcmo0crzpicxm5x7ojaff","openid":"ovxXWv5Ldfh1B4nho4C-Jz6Kgma0","out_trade_no":"2017061313547627","result_code":"SUCCESS","return_code":"SUCCESS","sign":"6D431C4242A2202645C8680AADF23823","time_end":"20170613135451","total_fee":"1","trade_type":"JSAPI","transaction_id":"4005242001201706135540780227"}
[2017-06-13 13:55:04][debug] query:{"appid":"wxd46e99b7f83183e1","err_code":"ORDERNOTEXIST","err_code_des":"order not exist","mch_id":"1383580102","nonce_str":"XNQgd3Twp8k3gqTA","result_code":"FAIL","return_code":"SUCCESS","return_msg":"OK","sign":"50B9247B3FFC8069B7AB47D934AF6A4F"}
[2017-06-13 13:55:21][debug] begin notify
[2017-06-13 13:55:21][debug] call back:{"appid":"wxd46e99b7f83183e1","bank_type":"CFT","cash_fee":"1","fee_type":"CNY","is_subscribe":"Y","mch_id":"1383580102","nonce_str":"baf419nkt38mcmo0crzpicxm5x7ojaff","openid":"ovxXWv5Ldfh1B4nho4C-Jz6Kgma0","out_trade_no":"2017061313547627","result_code":"SUCCESS","return_code":"SUCCESS","sign":"6D431C4242A2202645C8680AADF23823","time_end":"20170613135451","total_fee":"1","trade_type":"JSAPI","transaction_id":"4005242001201706135540780227"}
[2017-06-13 13:55:21][debug] query:{"appid":"wxd46e99b7f83183e1","err_code":"ORDERNOTEXIST","err_code_des":"order not exist","mch_id":"1383580102","nonce_str":"MVKJty6PWFqubT9J","result_code":"FAIL","return_code":"SUCCESS","return_msg":"OK","sign":"4704C5E3DF3A64D0EA8A9982095EEB54"}
[2017-06-13 13:55:53][debug] begin notify
[2017-06-13 13:55:53][debug] call back:{"appid":"wxd46e99b7f83183e1","bank_type":"CFT","cash_fee":"1","fee_type":"CNY","is_subscribe":"Y","mch_id":"1383580102","nonce_str":"baf419nkt38mcmo0crzpicxm5x7ojaff","openid":"ovxXWv5Ldfh1B4nho4C-Jz6Kgma0","out_trade_no":"2017061313547627","result_code":"SUCCESS","return_code":"SUCCESS","sign":"6D431C4242A2202645C8680AADF23823","time_end":"20170613135451","total_fee":"1","trade_type":"JSAPI","transaction_id":"4005242001201706135540780227"}
[2017-06-13 13:55:53][debug] query:{"appid":"wxd46e99b7f83183e1","err_code":"ORDERNOTEXIST","err_code_des":"order not exist","mch_id":"1383580102","nonce_str":"tjQypAjl69Ub3j9t","result_code":"FAIL","return_code":"SUCCESS","return_msg":"OK","sign":"6A79F84C39BA84E06A3A12AB836393B0"}
[2017-06-13 13:55:55][debug] begin notify
[2017-06-13 13:55:55][debug] call back:{"appid":"wxd46e99b7f83183e1","bank_type":"CFT","cash_fee":"1","fee_type":"CNY","is_subscribe":"Y","mch_id":"1383580102","nonce_str":"tfvtrewy0qvasy591re79riiebwxyjt2","openid":"ovxXWv5Ldfh1B4nho4C-Jz6Kgma0","out_trade_no":"2017061313558223","result_code":"SUCCESS","return_code":"SUCCESS","sign":"5DE0717F7BB2038D7BED4473B384C43F","time_end":"20170613135555","total_fee":"1","trade_type":"JSAPI","transaction_id":"4005242001201706135537636788"}
[2017-06-13 13:55:55][debug] query:{"appid":"wxd46e99b7f83183e1","err_code":"ORDERNOTEXIST","err_code_des":"order not exist","mch_id":"1383580102","nonce_str":"GZwVrSfTsJxVW58W","result_code":"FAIL","return_code":"SUCCESS","return_msg":"OK","sign":"02CE2B098772A5FB03D5E2680E0DA04E"}
[2017-06-13 13:55:58][debug] begin notify
[2017-06-13 13:55:58][debug] query:{"appid":"wxd46e99b7f83183e1","attach":[],"bank_type":"CFT","cash_fee":"1","fee_type":"CNY","is_subscribe":"Y","mch_id":"1383580102","nonce_str":"6W4fI4GPaf2zXIY5","openid":"ovxXWv5Ldfh1B4nho4C-Jz6Kgma0","out_trade_no":"2017061313558223","result_code":"SUCCESS","return_code":"SUCCESS","return_msg":"OK","sign":"0ACE26E6401A8315F553636231B7BBBF","time_end":"20170613135555","total_fee":"1","trade_state":"SUCCESS","trade_type":"JSAPI","transaction_id":"4005242001201706135537636788"}
[2017-06-13 13:56:07][debug] begin notify
[2017-06-13 13:56:07][debug] call back:{"appid":"wxd46e99b7f83183e1","bank_type":"CFT","cash_fee":"1","fee_type":"CNY","is_subscribe":"Y","mch_id":"1383580102","nonce_str":"tfvtrewy0qvasy591re79riiebwxyjt2","openid":"ovxXWv5Ldfh1B4nho4C-Jz6Kgma0","out_trade_no":"2017061313558223","result_code":"SUCCESS","return_code":"SUCCESS","sign":"5DE0717F7BB2038D7BED4473B384C43F","time_end":"20170613135555","total_fee":"1","trade_type":"JSAPI","transaction_id":"4005242001201706135537636788"}
[2017-06-13 13:56:07][debug] query:{"appid":"wxd46e99b7f83183e1","err_code":"ORDERNOTEXIST","err_code_des":"order not exist","mch_id":"1383580102","nonce_str":"87MmtI2G3PZz4U3n","result_code":"FAIL","return_code":"SUCCESS","return_msg":"OK","sign":"AD1E06D71CE6FAFD8F2E8E0D63E50540"}
[2017-06-13 13:56:16][debug] begin notify
[2017-06-13 13:56:16][debug] call back:{"appid":"wxd46e99b7f83183e1","bank_type":"CFT","cash_fee":"1","fee_type":"CNY","is_subscribe":"Y","mch_id":"1383580102","nonce_str":"f4f29paf5us0atvw4sp5kfckkwflcwtm","openid":"ovxXWv5Ldfh1B4nho4C-Jz6Kgma0","out_trade_no":"2017061313566851","result_code":"SUCCESS","return_code":"SUCCESS","sign":"6E29690164CA75DB014C43E17EB4544D","time_end":"20170613135616","total_fee":"1","trade_type":"JSAPI","transaction_id":"4005242001201706135537786740"}
[2017-06-13 13:56:16][debug] query:{"appid":"wxd46e99b7f83183e1","err_code":"ORDERNOTEXIST","err_code_des":"order not exist","mch_id":"1383580102","nonce_str":"G7wqWu2K31a4OP7d","result_code":"FAIL","return_code":"SUCCESS","return_msg":"OK","sign":"66C614EC3F94E1682F5B42FD82CF805D"}
[2017-06-13 13:56:19][debug] begin notify
[2017-06-13 13:56:19][debug] query:{"appid":"wxd46e99b7f83183e1","attach":[],"bank_type":"CFT","cash_fee":"1","fee_type":"CNY","is_subscribe":"Y","mch_id":"1383580102","nonce_str":"zFK76iPPzcRsCQ7T","openid":"ovxXWv5Ldfh1B4nho4C-Jz6Kgma0","out_trade_no":"2017061313566851","result_code":"SUCCESS","return_code":"SUCCESS","return_msg":"OK","sign":"2EE249DB50BAD7E2E3CBF8BAC87A359C","time_end":"20170613135616","total_fee":"1","trade_state":"SUCCESS","trade_type":"JSAPI","transaction_id":"4005242001201706135537786740"}
[2017-06-13 13:56:25][debug] begin notify
[2017-06-13 13:56:25][debug] call back:{"appid":"wxd46e99b7f83183e1","bank_type":"CFT","cash_fee":"1","fee_type":"CNY","is_subscribe":"Y","mch_id":"1383580102","nonce_str":"tfvtrewy0qvasy591re79riiebwxyjt2","openid":"ovxXWv5Ldfh1B4nho4C-Jz6Kgma0","out_trade_no":"2017061313558223","result_code":"SUCCESS","return_code":"SUCCESS","sign":"5DE0717F7BB2038D7BED4473B384C43F","time_end":"20170613135555","total_fee":"1","trade_type":"JSAPI","transaction_id":"4005242001201706135537636788"}
[2017-06-13 13:56:25][debug] query:{"appid":"wxd46e99b7f83183e1","err_code":"ORDERNOTEXIST","err_code_des":"order not exist","mch_id":"1383580102","nonce_str":"4NiK4gu7E3KWMJzR","result_code":"FAIL","return_code":"SUCCESS","return_msg":"OK","sign":"6F2D3B62B05223EED1936869FD1215F4"}
[2017-06-13 13:56:31][debug] begin notify
[2017-06-13 13:56:31][debug] call back:{"appid":"wxd46e99b7f83183e1","bank_type":"CFT","cash_fee":"1","fee_type":"CNY","is_subscribe":"Y","mch_id":"1383580102","nonce_str":"f4f29paf5us0atvw4sp5kfckkwflcwtm","openid":"ovxXWv5Ldfh1B4nho4C-Jz6Kgma0","out_trade_no":"2017061313566851","result_code":"SUCCESS","return_code":"SUCCESS","sign":"6E29690164CA75DB014C43E17EB4544D","time_end":"20170613135616","total_fee":"1","trade_type":"JSAPI","transaction_id":"4005242001201706135537786740"}
[2017-06-13 13:56:31][debug] query:{"appid":"wxd46e99b7f83183e1","err_code":"ORDERNOTEXIST","err_code_des":"order not exist","mch_id":"1383580102","nonce_str":"0ySdfQl9nD1oXQqy","result_code":"FAIL","return_code":"SUCCESS","return_msg":"OK","sign":"61DA295790594D8EC2239898C3DAEC5D"}
[2017-06-13 13:56:48][debug] begin notify
[2017-06-13 13:56:48][debug] call back:{"appid":"wxd46e99b7f83183e1","bank_type":"CFT","cash_fee":"1","fee_type":"CNY","is_subscribe":"Y","mch_id":"1383580102","nonce_str":"f4f29paf5us0atvw4sp5kfckkwflcwtm","openid":"ovxXWv5Ldfh1B4nho4C-Jz6Kgma0","out_trade_no":"2017061313566851","result_code":"SUCCESS","return_code":"SUCCESS","sign":"6E29690164CA75DB014C43E17EB4544D","time_end":"20170613135616","total_fee":"1","trade_type":"JSAPI","transaction_id":"4005242001201706135537786740"}
[2017-06-13 13:56:48][debug] query:{"appid":"wxd46e99b7f83183e1","err_code":"ORDERNOTEXIST","err_code_des":"order not exist","mch_id":"1383580102","nonce_str":"bi8hWENMnfSDCQR9","result_code":"FAIL","return_code":"SUCCESS","return_msg":"OK","sign":"73D77B6FE66EDA07A14E01F01C9D2A72"}
[2017-06-13 13:56:58][debug] begin notify
[2017-06-13 13:56:58][debug] call back:{"appid":"wxd46e99b7f83183e1","bank_type":"CFT","cash_fee":"1","fee_type":"CNY","is_subscribe":"Y","mch_id":"1383580102","nonce_str":"tfvtrewy0qvasy591re79riiebwxyjt2","openid":"ovxXWv5Ldfh1B4nho4C-Jz6Kgma0","out_trade_no":"2017061313558223","result_code":"SUCCESS","return_code":"SUCCESS","sign":"5DE0717F7BB2038D7BED4473B384C43F","time_end":"20170613135555","total_fee":"1","trade_type":"JSAPI","transaction_id":"4005242001201706135537636788"}
[2017-06-13 13:56:58][debug] query:{"appid":"wxd46e99b7f83183e1","err_code":"ORDERNOTEXIST","err_code_des":"order not exist","mch_id":"1383580102","nonce_str":"K0EWTMElIrDB2tU3","result_code":"FAIL","return_code":"SUCCESS","return_msg":"OK","sign":"468F8259E9E8B928ECF997ECFEFA6405"}
[2017-06-13 13:57:20][debug] begin notify
[2017-06-13 13:57:20][debug] call back:{"appid":"wxd46e99b7f83183e1","bank_type":"CFT","cash_fee":"1","fee_type":"CNY","is_subscribe":"Y","mch_id":"1383580102","nonce_str":"f4f29paf5us0atvw4sp5kfckkwflcwtm","openid":"ovxXWv5Ldfh1B4nho4C-Jz6Kgma0","out_trade_no":"2017061313566851","result_code":"SUCCESS","return_code":"SUCCESS","sign":"6E29690164CA75DB014C43E17EB4544D","time_end":"20170613135616","total_fee":"1","trade_type":"JSAPI","transaction_id":"4005242001201706135537786740"}
[2017-06-13 13:57:20][debug] query:{"appid":"wxd46e99b7f83183e1","err_code":"ORDERNOTEXIST","err_code_des":"order not exist","mch_id":"1383580102","nonce_str":"MCIPIRAVRfTvJgbD","result_code":"FAIL","return_code":"SUCCESS","return_msg":"OK","sign":"C21ACD35F43ABF95E7F2364F1EAFA04B"}
[2017-06-13 13:58:54][debug] begin notify
[2017-06-13 13:58:54][debug] call back:{"appid":"wxd46e99b7f83183e1","bank_type":"CFT","cash_fee":"1","fee_type":"CNY","is_subscribe":"Y","mch_id":"1383580102","nonce_str":"baf419nkt38mcmo0crzpicxm5x7ojaff","openid":"ovxXWv5Ldfh1B4nho4C-Jz6Kgma0","out_trade_no":"2017061313547627","result_code":"SUCCESS","return_code":"SUCCESS","sign":"6D431C4242A2202645C8680AADF23823","time_end":"20170613135451","total_fee":"1","trade_type":"JSAPI","transaction_id":"4005242001201706135540780227"}
[2017-06-13 13:58:54][debug] query:{"appid":"wxd46e99b7f83183e1","err_code":"ORDERNOTEXIST","err_code_des":"order not exist","mch_id":"1383580102","nonce_str":"cgaexvaqBVwDdQSA","result_code":"FAIL","return_code":"SUCCESS","return_msg":"OK","sign":"8D67AB66BA876F16F81D02FB1B3A06BB"}
[2017-06-13 14:00:01][debug] begin notify
[2017-06-13 14:00:01][debug] call back:{"appid":"wxd46e99b7f83183e1","bank_type":"CFT","cash_fee":"1","fee_type":"CNY","is_subscribe":"Y","mch_id":"1383580102","nonce_str":"tfvtrewy0qvasy591re79riiebwxyjt2","openid":"ovxXWv5Ldfh1B4nho4C-Jz6Kgma0","out_trade_no":"2017061313558223","result_code":"SUCCESS","return_code":"SUCCESS","sign":"5DE0717F7BB2038D7BED4473B384C43F","time_end":"20170613135555","total_fee":"1","trade_type":"JSAPI","transaction_id":"4005242001201706135537636788"}
[2017-06-13 14:00:01][debug] query:{"appid":"wxd46e99b7f83183e1","err_code":"ORDERNOTEXIST","err_code_des":"order not exist","mch_id":"1383580102","nonce_str":"8sVtcqzXHI491emu","result_code":"FAIL","return_code":"SUCCESS","return_msg":"OK","sign":"91BE7A49C7C110FBB64A711165B5B925"}
[2017-06-13 14:00:23][debug] begin notify
[2017-06-13 14:00:23][debug] call back:{"appid":"wxd46e99b7f83183e1","bank_type":"CFT","cash_fee":"1","fee_type":"CNY","is_subscribe":"Y","mch_id":"1383580102","nonce_str":"f4f29paf5us0atvw4sp5kfckkwflcwtm","openid":"ovxXWv5Ldfh1B4nho4C-Jz6Kgma0","out_trade_no":"2017061313566851","result_code":"SUCCESS","return_code":"SUCCESS","sign":"6E29690164CA75DB014C43E17EB4544D","time_end":"20170613135616","total_fee":"1","trade_type":"JSAPI","transaction_id":"4005242001201706135537786740"}
[2017-06-13 14:00:23][debug] query:{"appid":"wxd46e99b7f83183e1","err_code":"ORDERNOTEXIST","err_code_des":"order not exist","mch_id":"1383580102","nonce_str":"DVr3e4Hj9nSzf2C8","result_code":"FAIL","return_code":"SUCCESS","return_msg":"OK","sign":"70C5AF3458B83892C23BF832080A082B"}
[2017-06-13 14:28:57][debug] begin notify
[2017-06-13 14:28:57][debug] call back:{"appid":"wxd46e99b7f83183e1","bank_type":"CFT","cash_fee":"1","fee_type":"CNY","is_subscribe":"Y","mch_id":"1383580102","nonce_str":"baf419nkt38mcmo0crzpicxm5x7ojaff","openid":"ovxXWv5Ldfh1B4nho4C-Jz6Kgma0","out_trade_no":"2017061313547627","result_code":"SUCCESS","return_code":"SUCCESS","sign":"6D431C4242A2202645C8680AADF23823","time_end":"20170613135451","total_fee":"1","trade_type":"JSAPI","transaction_id":"4005242001201706135540780227"}
[2017-06-13 14:28:57][debug] query:{"appid":"wxd46e99b7f83183e1","err_code":"ORDERNOTEXIST","err_code_des":"order not exist","mch_id":"1383580102","nonce_str":"H7fHVWzHJt4Xswqy","result_code":"FAIL","return_code":"SUCCESS","return_msg":"OK","sign":"E788960AD14818ADD59D08551B885B81"}
[2017-06-13 14:30:03][debug] begin notify
[2017-06-13 14:30:03][debug] call back:{"appid":"wxd46e99b7f83183e1","bank_type":"CFT","cash_fee":"1","fee_type":"CNY","is_subscribe":"Y","mch_id":"1383580102","nonce_str":"tfvtrewy0qvasy591re79riiebwxyjt2","openid":"ovxXWv5Ldfh1B4nho4C-Jz6Kgma0","out_trade_no":"2017061313558223","result_code":"SUCCESS","return_code":"SUCCESS","sign":"5DE0717F7BB2038D7BED4473B384C43F","time_end":"20170613135555","total_fee":"1","trade_type":"JSAPI","transaction_id":"4005242001201706135537636788"}
[2017-06-13 14:30:03][debug] query:{"appid":"wxd46e99b7f83183e1","err_code":"ORDERNOTEXIST","err_code_des":"order not exist","mch_id":"1383580102","nonce_str":"yRnRkhnuyuyzvUGU","result_code":"FAIL","return_code":"SUCCESS","return_msg":"OK","sign":"E539C941073D7C1B058249C2AE142340"}
[2017-06-13 14:30:25][debug] begin notify
[2017-06-13 14:30:25][debug] call back:{"appid":"wxd46e99b7f83183e1","bank_type":"CFT","cash_fee":"1","fee_type":"CNY","is_subscribe":"Y","mch_id":"1383580102","nonce_str":"f4f29paf5us0atvw4sp5kfckkwflcwtm","openid":"ovxXWv5Ldfh1B4nho4C-Jz6Kgma0","out_trade_no":"2017061313566851","result_code":"SUCCESS","return_code":"SUCCESS","sign":"6E29690164CA75DB014C43E17EB4544D","time_end":"20170613135616","total_fee":"1","trade_type":"JSAPI","transaction_id":"4005242001201706135537786740"}
[2017-06-13 14:30:25][debug] query:{"appid":"wxd46e99b7f83183e1","err_code":"ORDERNOTEXIST","err_code_des":"order not exist","mch_id":"1383580102","nonce_str":"Ji734bji0iYYYIrN","result_code":"FAIL","return_code":"SUCCESS","return_msg":"OK","sign":"06D0DF71ECCDDED10D552CC24ED798B7"}
[2017-06-13 14:58:59][debug] begin notify
[2017-06-13 14:58:59][debug] call back:{"appid":"wxd46e99b7f83183e1","bank_type":"CFT","cash_fee":"1","fee_type":"CNY","is_subscribe":"Y","mch_id":"1383580102","nonce_str":"baf419nkt38mcmo0crzpicxm5x7ojaff","openid":"ovxXWv5Ldfh1B4nho4C-Jz6Kgma0","out_trade_no":"2017061313547627","result_code":"SUCCESS","return_code":"SUCCESS","sign":"6D431C4242A2202645C8680AADF23823","time_end":"20170613135451","total_fee":"1","trade_type":"JSAPI","transaction_id":"4005242001201706135540780227"}
[2017-06-13 14:59:00][debug] query:{"appid":"wxd46e99b7f83183e1","err_code":"ORDERNOTEXIST","err_code_des":"order not exist","mch_id":"1383580102","nonce_str":"y1Id6tou9ICwJdDi","result_code":"FAIL","return_code":"SUCCESS","return_msg":"OK","sign":"39D89E15330376036F032BD7D71B117A"}
[2017-06-13 15:00:07][debug] begin notify
[2017-06-13 15:00:07][debug] call back:{"appid":"wxd46e99b7f83183e1","bank_type":"CFT","cash_fee":"1","fee_type":"CNY","is_subscribe":"Y","mch_id":"1383580102","nonce_str":"tfvtrewy0qvasy591re79riiebwxyjt2","openid":"ovxXWv5Ldfh1B4nho4C-Jz6Kgma0","out_trade_no":"2017061313558223","result_code":"SUCCESS","return_code":"SUCCESS","sign":"5DE0717F7BB2038D7BED4473B384C43F","time_end":"20170613135555","total_fee":"1","trade_type":"JSAPI","transaction_id":"4005242001201706135537636788"}
[2017-06-13 15:00:07][debug] query:{"appid":"wxd46e99b7f83183e1","err_code":"ORDERNOTEXIST","err_code_des":"order not exist","mch_id":"1383580102","nonce_str":"IcOOp1wMnQTqLNMR","result_code":"FAIL","return_code":"SUCCESS","return_msg":"OK","sign":"9CF61691DA92587FFA7E5CF10A4D6933"}
[2017-06-13 15:00:27][debug] begin notify
[2017-06-13 15:00:27][debug] call back:{"appid":"wxd46e99b7f83183e1","bank_type":"CFT","cash_fee":"1","fee_type":"CNY","is_subscribe":"Y","mch_id":"1383580102","nonce_str":"f4f29paf5us0atvw4sp5kfckkwflcwtm","openid":"ovxXWv5Ldfh1B4nho4C-Jz6Kgma0","out_trade_no":"2017061313566851","result_code":"SUCCESS","return_code":"SUCCESS","sign":"6E29690164CA75DB014C43E17EB4544D","time_end":"20170613135616","total_fee":"1","trade_type":"JSAPI","transaction_id":"4005242001201706135537786740"}
[2017-06-13 15:00:27][debug] query:{"appid":"wxd46e99b7f83183e1","err_code":"ORDERNOTEXIST","err_code_des":"order not exist","mch_id":"1383580102","nonce_str":"xd2qRqNkoLTduXFl","result_code":"FAIL","return_code":"SUCCESS","return_msg":"OK","sign":"2D26D56955A34F62DB47CCBEB50A49C2"}
[2017-06-13 15:29:01][debug] begin notify
[2017-06-13 15:29:01][debug] call back:{"appid":"wxd46e99b7f83183e1","bank_type":"CFT","cash_fee":"1","fee_type":"CNY","is_subscribe":"Y","mch_id":"1383580102","nonce_str":"baf419nkt38mcmo0crzpicxm5x7ojaff","openid":"ovxXWv5Ldfh1B4nho4C-Jz6Kgma0","out_trade_no":"2017061313547627","result_code":"SUCCESS","return_code":"SUCCESS","sign":"6D431C4242A2202645C8680AADF23823","time_end":"20170613135451","total_fee":"1","trade_type":"JSAPI","transaction_id":"4005242001201706135540780227"}
[2017-06-13 15:29:01][debug] query:{"appid":"wxd46e99b7f83183e1","err_code":"ORDERNOTEXIST","err_code_des":"order not exist","mch_id":"1383580102","nonce_str":"krlc1bkstYOukO4K","result_code":"FAIL","return_code":"SUCCESS","return_msg":"OK","sign":"606EEF090259651A5B86CF3FE2614B79"}
[2017-06-13 15:30:09][debug] begin notify
[2017-06-13 15:30:09][debug] call back:{"appid":"wxd46e99b7f83183e1","bank_type":"CFT","cash_fee":"1","fee_type":"CNY","is_subscribe":"Y","mch_id":"1383580102","nonce_str":"tfvtrewy0qvasy591re79riiebwxyjt2","openid":"ovxXWv5Ldfh1B4nho4C-Jz6Kgma0","out_trade_no":"2017061313558223","result_code":"SUCCESS","return_code":"SUCCESS","sign":"5DE0717F7BB2038D7BED4473B384C43F","time_end":"20170613135555","total_fee":"1","trade_type":"JSAPI","transaction_id":"4005242001201706135537636788"}
[2017-06-13 15:30:09][debug] query:{"appid":"wxd46e99b7f83183e1","err_code":"ORDERNOTEXIST","err_code_des":"order not exist","mch_id":"1383580102","nonce_str":"renmpFaMddZw4IPK","result_code":"FAIL","return_code":"SUCCESS","return_msg":"OK","sign":"8A12C5D8E4EA548107D02E649EE72B59"}
[2017-06-13 15:30:30][debug] begin notify
[2017-06-13 15:30:30][debug] call back:{"appid":"wxd46e99b7f83183e1","bank_type":"CFT","cash_fee":"1","fee_type":"CNY","is_subscribe":"Y","mch_id":"1383580102","nonce_str":"f4f29paf5us0atvw4sp5kfckkwflcwtm","openid":"ovxXWv5Ldfh1B4nho4C-Jz6Kgma0","out_trade_no":"2017061313566851","result_code":"SUCCESS","return_code":"SUCCESS","sign":"6E29690164CA75DB014C43E17EB4544D","time_end":"20170613135616","total_fee":"1","trade_type":"JSAPI","transaction_id":"4005242001201706135537786740"}
[2017-06-13 15:30:30][debug] query:{"appid":"wxd46e99b7f83183e1","err_code":"ORDERNOTEXIST","err_code_des":"order not exist","mch_id":"1383580102","nonce_str":"ODlTT7yMMwcO26y7","result_code":"FAIL","return_code":"SUCCESS","return_msg":"OK","sign":"8FF2AF7B43BEEDFE69375D0F68BCF77B"}
[2017-06-13 15:59:02][debug] begin notify
[2017-06-13 15:59:02][debug] call back:{"appid":"wxd46e99b7f83183e1","bank_type":"CFT","cash_fee":"1","fee_type":"CNY","is_subscribe":"Y","mch_id":"1383580102","nonce_str":"baf419nkt38mcmo0crzpicxm5x7ojaff","openid":"ovxXWv5Ldfh1B4nho4C-Jz6Kgma0","out_trade_no":"2017061313547627","result_code":"SUCCESS","return_code":"SUCCESS","sign":"6D431C4242A2202645C8680AADF23823","time_end":"20170613135451","total_fee":"1","trade_type":"JSAPI","transaction_id":"4005242001201706135540780227"}
[2017-06-13 15:59:03][debug] query:{"appid":"wxd46e99b7f83183e1","err_code":"ORDERNOTEXIST","err_code_des":"order not exist","mch_id":"1383580102","nonce_str":"n8VbrO8DCloDwEvE","result_code":"FAIL","return_code":"SUCCESS","return_msg":"OK","sign":"836242F910B06A9F62511EFA6E59EFAB"}
[2017-06-13 16:00:11][debug] begin notify
[2017-06-13 16:00:11][debug] call back:{"appid":"wxd46e99b7f83183e1","bank_type":"CFT","cash_fee":"1","fee_type":"CNY","is_subscribe":"Y","mch_id":"1383580102","nonce_str":"tfvtrewy0qvasy591re79riiebwxyjt2","openid":"ovxXWv5Ldfh1B4nho4C-Jz6Kgma0","out_trade_no":"2017061313558223","result_code":"SUCCESS","return_code":"SUCCESS","sign":"5DE0717F7BB2038D7BED4473B384C43F","time_end":"20170613135555","total_fee":"1","trade_type":"JSAPI","transaction_id":"4005242001201706135537636788"}
[2017-06-13 16:00:11][debug] query:{"appid":"wxd46e99b7f83183e1","err_code":"ORDERNOTEXIST","err_code_des":"order not exist","mch_id":"1383580102","nonce_str":"SCyI5IyxFOitl2dR","result_code":"FAIL","return_code":"SUCCESS","return_msg":"OK","sign":"8088008F4C6B1E7A065792B41BE7C87F"}
[2017-06-13 16:00:31][debug] begin notify
[2017-06-13 16:00:31][debug] call back:{"appid":"wxd46e99b7f83183e1","bank_type":"CFT","cash_fee":"1","fee_type":"CNY","is_subscribe":"Y","mch_id":"1383580102","nonce_str":"f4f29paf5us0atvw4sp5kfckkwflcwtm","openid":"ovxXWv5Ldfh1B4nho4C-Jz6Kgma0","out_trade_no":"2017061313566851","result_code":"SUCCESS","return_code":"SUCCESS","sign":"6E29690164CA75DB014C43E17EB4544D","time_end":"20170613135616","total_fee":"1","trade_type":"JSAPI","transaction_id":"4005242001201706135537786740"}
[2017-06-13 16:00:32][debug] query:{"appid":"wxd46e99b7f83183e1","err_code":"ORDERNOTEXIST","err_code_des":"order not exist","mch_id":"1383580102","nonce_str":"WQdeWNwDYIpT3Npv","result_code":"FAIL","return_code":"SUCCESS","return_msg":"OK","sign":"7938708F76C27894DB5A9B04FAFD29E9"}
[2017-06-13 16:59:05][debug] begin notify
[2017-06-13 16:59:05][debug] call back:{"appid":"wxd46e99b7f83183e1","bank_type":"CFT","cash_fee":"1","fee_type":"CNY","is_subscribe":"Y","mch_id":"1383580102","nonce_str":"baf419nkt38mcmo0crzpicxm5x7ojaff","openid":"ovxXWv5Ldfh1B4nho4C-Jz6Kgma0","out_trade_no":"2017061313547627","result_code":"SUCCESS","return_code":"SUCCESS","sign":"6D431C4242A2202645C8680AADF23823","time_end":"20170613135451","total_fee":"1","trade_type":"JSAPI","transaction_id":"4005242001201706135540780227"}
[2017-06-13 16:59:05][debug] query:{"appid":"wxd46e99b7f83183e1","err_code":"ORDERNOTEXIST","err_code_des":"order not exist","mch_id":"1383580102","nonce_str":"FjlNxdjwLQeo68Ng","result_code":"FAIL","return_code":"SUCCESS","return_msg":"OK","sign":"AF7C551FEE844CE25B214C85E9A8EB21"}
[2017-06-13 17:00:15][debug] begin notify
[2017-06-13 17:00:15][debug] call back:{"appid":"wxd46e99b7f83183e1","bank_type":"CFT","cash_fee":"1","fee_type":"CNY","is_subscribe":"Y","mch_id":"1383580102","nonce_str":"tfvtrewy0qvasy591re79riiebwxyjt2","openid":"ovxXWv5Ldfh1B4nho4C-Jz6Kgma0","out_trade_no":"2017061313558223","result_code":"SUCCESS","return_code":"SUCCESS","sign":"5DE0717F7BB2038D7BED4473B384C43F","time_end":"20170613135555","total_fee":"1","trade_type":"JSAPI","transaction_id":"4005242001201706135537636788"}
[2017-06-13 17:00:15][debug] query:{"appid":"wxd46e99b7f83183e1","err_code":"ORDERNOTEXIST","err_code_des":"order not exist","mch_id":"1383580102","nonce_str":"OvZDdAYMMiHMnAbI","result_code":"FAIL","return_code":"SUCCESS","return_msg":"OK","sign":"6FD3F4C1716417641838CDBD3269223F"}
[2017-06-13 17:00:33][debug] begin notify
[2017-06-13 17:00:33][debug] call back:{"appid":"wxd46e99b7f83183e1","bank_type":"CFT","cash_fee":"1","fee_type":"CNY","is_subscribe":"Y","mch_id":"1383580102","nonce_str":"f4f29paf5us0atvw4sp5kfckkwflcwtm","openid":"ovxXWv5Ldfh1B4nho4C-Jz6Kgma0","out_trade_no":"2017061313566851","result_code":"SUCCESS","return_code":"SUCCESS","sign":"6E29690164CA75DB014C43E17EB4544D","time_end":"20170613135616","total_fee":"1","trade_type":"JSAPI","transaction_id":"4005242001201706135537786740"}
[2017-06-13 17:00:34][debug] query:{"appid":"wxd46e99b7f83183e1","err_code":"ORDERNOTEXIST","err_code_des":"order not exist","mch_id":"1383580102","nonce_str":"E37vgdH5viVga457","result_code":"FAIL","return_code":"SUCCESS","return_msg":"OK","sign":"A3599AE0B657C93D2772DD0EEDE7BE97"}
