[2017-06-08 19:40:30][debug] begin notify
[2017-06-08 19:40:30][debug] call back:{"appid":"wxd46e99b7f83183e1","bank_type":"CFT","cash_fee":"100","fee_type":"CNY","is_subscribe":"Y","mch_id":"1383580102","nonce_str":"ji4w8cx0pi0q0ofv3n8n3gpw175bj3ik","openid":"ovxXWvwz8SMTLTHeZpNyA-BjAtR0","out_trade_no":"2017060819407637","result_code":"SUCCESS","return_code":"SUCCESS","sign":"49AB8AEFCAC4FE80E4C2EB5DFEAE4CE2","time_end":"20170608194029","total_fee":"100","trade_type":"JSAPI","transaction_id":"4010042001201706084865574416"}
[2017-06-08 19:40:30][debug] query:{"appid":"wxd46e99b7f83183e1","err_code":"ORDERNOTEXIST","err_code_des":"order not exist","mch_id":"1383580102","nonce_str":"LUdQj9d2Me2HOd2I","result_code":"FAIL","return_code":"SUCCESS","return_msg":"OK","sign":"E440E2BDA7FB9409CC95CF0BB465D2DC"}
[2017-06-08 19:40:32][debug] begin notify
[2017-06-08 19:40:32][debug] query:{"appid":"wxd46e99b7f83183e1","attach":[],"bank_type":"CFT","cash_fee":"100","fee_type":"CNY","is_subscribe":"Y","mch_id":"1383580102","nonce_str":"prs0pwVjGt9Dfh9B","openid":"ovxXWvwz8SMTLTHeZpNyA-BjAtR0","out_trade_no":"2017060819407637","result_code":"SUCCESS","return_code":"SUCCESS","return_msg":"OK","sign":"C37C15A1B677E4CB58DFFC90CE2DA6BD","time_end":"20170608194029","total_fee":"100","trade_state":"SUCCESS","trade_type":"JSAPI","transaction_id":"4010042001201706084865574416"}
[2017-06-08 19:40:41][debug] begin notify
[2017-06-08 19:40:41][debug] call back:{"appid":"wxd46e99b7f83183e1","bank_type":"CFT","cash_fee":"100","fee_type":"CNY","is_subscribe":"Y","mch_id":"1383580102","nonce_str":"ji4w8cx0pi0q0ofv3n8n3gpw175bj3ik","openid":"ovxXWvwz8SMTLTHeZpNyA-BjAtR0","out_trade_no":"2017060819407637","result_code":"SUCCESS","return_code":"SUCCESS","sign":"49AB8AEFCAC4FE80E4C2EB5DFEAE4CE2","time_end":"20170608194029","total_fee":"100","trade_type":"JSAPI","transaction_id":"4010042001201706084865574416"}
[2017-06-08 19:40:41][debug] query:{"appid":"wxd46e99b7f83183e1","err_code":"ORDERNOTEXIST","err_code_des":"order not exist","mch_id":"1383580102","nonce_str":"VFbSQ8Ft2eJeqIYT","result_code":"FAIL","return_code":"SUCCESS","return_msg":"OK","sign":"7B9A75EF35F86630A0AF27C245B9F82B"}
[2017-06-08 19:40:58][debug] begin notify
[2017-06-08 19:40:58][debug] call back:{"appid":"wxd46e99b7f83183e1","bank_type":"CFT","cash_fee":"100","fee_type":"CNY","is_subscribe":"Y","mch_id":"1383580102","nonce_str":"ji4w8cx0pi0q0ofv3n8n3gpw175bj3ik","openid":"ovxXWvwz8SMTLTHeZpNyA-BjAtR0","out_trade_no":"2017060819407637","result_code":"SUCCESS","return_code":"SUCCESS","sign":"49AB8AEFCAC4FE80E4C2EB5DFEAE4CE2","time_end":"20170608194029","total_fee":"100","trade_type":"JSAPI","transaction_id":"4010042001201706084865574416"}
[2017-06-08 19:40:58][debug] query:{"appid":"wxd46e99b7f83183e1","err_code":"ORDERNOTEXIST","err_code_des":"order not exist","mch_id":"1383580102","nonce_str":"hBAwjisLE3mYlYFC","result_code":"FAIL","return_code":"SUCCESS","return_msg":"OK","sign":"1E04867D7443D59C50D964720C85D3EE"}
[2017-06-08 19:41:31][debug] begin notify
[2017-06-08 19:41:31][debug] call back:{"appid":"wxd46e99b7f83183e1","bank_type":"CFT","cash_fee":"100","fee_type":"CNY","is_subscribe":"Y","mch_id":"1383580102","nonce_str":"ji4w8cx0pi0q0ofv3n8n3gpw175bj3ik","openid":"ovxXWvwz8SMTLTHeZpNyA-BjAtR0","out_trade_no":"2017060819407637","result_code":"SUCCESS","return_code":"SUCCESS","sign":"49AB8AEFCAC4FE80E4C2EB5DFEAE4CE2","time_end":"20170608194029","total_fee":"100","trade_type":"JSAPI","transaction_id":"4010042001201706084865574416"}
[2017-06-08 19:41:31][debug] query:{"appid":"wxd46e99b7f83183e1","err_code":"ORDERNOTEXIST","err_code_des":"order not exist","mch_id":"1383580102","nonce_str":"1Vmy5H9jiqiOmLre","result_code":"FAIL","return_code":"SUCCESS","return_msg":"OK","sign":"2A07698D936DDB94897193897966C111"}
[2017-06-08 19:44:33][debug] begin notify
[2017-06-08 19:44:33][debug] call back:{"appid":"wxd46e99b7f83183e1","bank_type":"CFT","cash_fee":"100","fee_type":"CNY","is_subscribe":"Y","mch_id":"1383580102","nonce_str":"ji4w8cx0pi0q0ofv3n8n3gpw175bj3ik","openid":"ovxXWvwz8SMTLTHeZpNyA-BjAtR0","out_trade_no":"2017060819407637","result_code":"SUCCESS","return_code":"SUCCESS","sign":"49AB8AEFCAC4FE80E4C2EB5DFEAE4CE2","time_end":"20170608194029","total_fee":"100","trade_type":"JSAPI","transaction_id":"4010042001201706084865574416"}
[2017-06-08 19:44:33][debug] query:{"appid":"wxd46e99b7f83183e1","err_code":"ORDERNOTEXIST","err_code_des":"order not exist","mch_id":"1383580102","nonce_str":"u45Y0KnlnhsPoylf","result_code":"FAIL","return_code":"SUCCESS","return_msg":"OK","sign":"46B488DB40573EC16AFA8FAC39F4FF21"}
[2017-06-08 20:14:35][debug] begin notify
[2017-06-08 20:14:35][debug] call back:{"appid":"wxd46e99b7f83183e1","bank_type":"CFT","cash_fee":"100","fee_type":"CNY","is_subscribe":"Y","mch_id":"1383580102","nonce_str":"ji4w8cx0pi0q0ofv3n8n3gpw175bj3ik","openid":"ovxXWvwz8SMTLTHeZpNyA-BjAtR0","out_trade_no":"2017060819407637","result_code":"SUCCESS","return_code":"SUCCESS","sign":"49AB8AEFCAC4FE80E4C2EB5DFEAE4CE2","time_end":"20170608194029","total_fee":"100","trade_type":"JSAPI","transaction_id":"4010042001201706084865574416"}
[2017-06-08 20:14:35][debug] query:{"appid":"wxd46e99b7f83183e1","err_code":"ORDERNOTEXIST","err_code_des":"order not exist","mch_id":"1383580102","nonce_str":"EE0qY2WYggDeMeb0","result_code":"FAIL","return_code":"SUCCESS","return_msg":"OK","sign":"E4AAD09314D29A4F4D9F4AD4B7A2C6C5"}
[2017-06-08 20:44:37][debug] begin notify
[2017-06-08 20:44:37][debug] call back:{"appid":"wxd46e99b7f83183e1","bank_type":"CFT","cash_fee":"100","fee_type":"CNY","is_subscribe":"Y","mch_id":"1383580102","nonce_str":"ji4w8cx0pi0q0ofv3n8n3gpw175bj3ik","openid":"ovxXWvwz8SMTLTHeZpNyA-BjAtR0","out_trade_no":"2017060819407637","result_code":"SUCCESS","return_code":"SUCCESS","sign":"49AB8AEFCAC4FE80E4C2EB5DFEAE4CE2","time_end":"20170608194029","total_fee":"100","trade_type":"JSAPI","transaction_id":"4010042001201706084865574416"}
[2017-06-08 20:44:37][debug] query:{"appid":"wxd46e99b7f83183e1","err_code":"ORDERNOTEXIST","err_code_des":"order not exist","mch_id":"1383580102","nonce_str":"RFVeK1bdOtIGj5kc","result_code":"FAIL","return_code":"SUCCESS","return_msg":"OK","sign":"A3E499DE12680528C47C4FC7705772EE"}
[2017-06-08 21:14:38][debug] begin notify
[2017-06-08 21:14:38][debug] call back:{"appid":"wxd46e99b7f83183e1","bank_type":"CFT","cash_fee":"100","fee_type":"CNY","is_subscribe":"Y","mch_id":"1383580102","nonce_str":"ji4w8cx0pi0q0ofv3n8n3gpw175bj3ik","openid":"ovxXWvwz8SMTLTHeZpNyA-BjAtR0","out_trade_no":"2017060819407637","result_code":"SUCCESS","return_code":"SUCCESS","sign":"49AB8AEFCAC4FE80E4C2EB5DFEAE4CE2","time_end":"20170608194029","total_fee":"100","trade_type":"JSAPI","transaction_id":"4010042001201706084865574416"}
[2017-06-08 21:14:39][debug] query:{"appid":"wxd46e99b7f83183e1","err_code":"ORDERNOTEXIST","err_code_des":"order not exist","mch_id":"1383580102","nonce_str":"3krm93LntwKFb7WU","result_code":"FAIL","return_code":"SUCCESS","return_msg":"OK","sign":"E734D0E818B4E2E77C6D28D2D107D399"}
[2017-06-08 21:44:40][debug] begin notify
[2017-06-08 21:44:40][debug] call back:{"appid":"wxd46e99b7f83183e1","bank_type":"CFT","cash_fee":"100","fee_type":"CNY","is_subscribe":"Y","mch_id":"1383580102","nonce_str":"ji4w8cx0pi0q0ofv3n8n3gpw175bj3ik","openid":"ovxXWvwz8SMTLTHeZpNyA-BjAtR0","out_trade_no":"2017060819407637","result_code":"SUCCESS","return_code":"SUCCESS","sign":"49AB8AEFCAC4FE80E4C2EB5DFEAE4CE2","time_end":"20170608194029","total_fee":"100","trade_type":"JSAPI","transaction_id":"4010042001201706084865574416"}
[2017-06-08 21:44:41][debug] query:{"appid":"wxd46e99b7f83183e1","err_code":"ORDERNOTEXIST","err_code_des":"order not exist","mch_id":"1383580102","nonce_str":"LFmtvO7W2mwEwkTy","result_code":"FAIL","return_code":"SUCCESS","return_msg":"OK","sign":"3E08CAA8F76E1A4FE49981D4B4A72544"}
[2017-06-08 22:44:43][debug] begin notify
[2017-06-08 22:44:43][debug] call back:{"appid":"wxd46e99b7f83183e1","bank_type":"CFT","cash_fee":"100","fee_type":"CNY","is_subscribe":"Y","mch_id":"1383580102","nonce_str":"ji4w8cx0pi0q0ofv3n8n3gpw175bj3ik","openid":"ovxXWvwz8SMTLTHeZpNyA-BjAtR0","out_trade_no":"2017060819407637","result_code":"SUCCESS","return_code":"SUCCESS","sign":"49AB8AEFCAC4FE80E4C2EB5DFEAE4CE2","time_end":"20170608194029","total_fee":"100","trade_type":"JSAPI","transaction_id":"4010042001201706084865574416"}
[2017-06-08 22:44:43][debug] query:{"appid":"wxd46e99b7f83183e1","err_code":"ORDERNOTEXIST","err_code_des":"order not exist","mch_id":"1383580102","nonce_str":"FS1vOQogK9Rnmvjo","result_code":"FAIL","return_code":"SUCCESS","return_msg":"OK","sign":"BE3EA81F46B7065AF85BEEF655E420F7"}
