[2017-06-22 09:11:25][debug] begin notify
[2017-06-22 09:11:25][debug] call back:{"appid":"wxd46e99b7f83183e1","bank_type":"CFT","cash_fee":"1","fee_type":"CNY","is_subscribe":"Y","mch_id":"1383580102","nonce_str":"8d70yg4olou0jq2h2okwz0fv3dtgyggh","openid":"ovxXWv5Ldfh1B4nho4C-Jz6Kgma0","out_trade_no":"2017062209115498","result_code":"SUCCESS","return_code":"SUCCESS","sign":"BBB63B27AD37BF4757312303B2EC4247","time_end":"20170622091124","total_fee":"1","trade_type":"JSAPI","transaction_id":"4005242001201706226845436060"}
[2017-06-22 09:11:25][debug] query:{"appid":"wxd46e99b7f83183e1","err_code":"ORDERNOTEXIST","err_code_des":"order not exist","mch_id":"1383580102","nonce_str":"4ZEVef9OfMi4tsxg","result_code":"FAIL","return_code":"SUCCESS","return_msg":"OK","sign":"283646B96A91053D872A8E1731209EDC"}
[2017-06-22 09:11:27][debug] begin notify
[2017-06-22 09:11:28][debug] query:{"appid":"wxd46e99b7f83183e1","attach":[],"bank_type":"CFT","cash_fee":"1","fee_type":"CNY","is_subscribe":"Y","mch_id":"1383580102","nonce_str":"122QtSDfL9zfcvMn","openid":"ovxXWv5Ldfh1B4nho4C-Jz6Kgma0","out_trade_no":"2017062209115498","result_code":"SUCCESS","return_code":"SUCCESS","return_msg":"OK","sign":"2F977B49BCDF2EE7777FA5210708A61A","time_end":"20170622091124","total_fee":"1","trade_state":"SUCCESS","trade_type":"JSAPI","transaction_id":"4005242001201706226845436060"}
[2017-06-22 09:11:42][debug] begin notify
[2017-06-22 09:11:42][debug] call back:{"appid":"wxd46e99b7f83183e1","bank_type":"CFT","cash_fee":"1","fee_type":"CNY","is_subscribe":"Y","mch_id":"1383580102","nonce_str":"8d70yg4olou0jq2h2okwz0fv3dtgyggh","openid":"ovxXWv5Ldfh1B4nho4C-Jz6Kgma0","out_trade_no":"2017062209115498","result_code":"SUCCESS","return_code":"SUCCESS","sign":"BBB63B27AD37BF4757312303B2EC4247","time_end":"20170622091124","total_fee":"1","trade_type":"JSAPI","transaction_id":"4005242001201706226845436060"}
[2017-06-22 09:11:42][debug] query:{"appid":"wxd46e99b7f83183e1","err_code":"ORDERNOTEXIST","err_code_des":"order not exist","mch_id":"1383580102","nonce_str":"10s7nz5nTNT4PZgb","result_code":"FAIL","return_code":"SUCCESS","return_msg":"OK","sign":"F3797162B9028902B102BD8557AFF235"}
[2017-06-22 09:11:59][debug] begin notify
[2017-06-22 09:11:59][debug] call back:{"appid":"wxd46e99b7f83183e1","bank_type":"CFT","cash_fee":"1","fee_type":"CNY","is_subscribe":"Y","mch_id":"1383580102","nonce_str":"8d70yg4olou0jq2h2okwz0fv3dtgyggh","openid":"ovxXWv5Ldfh1B4nho4C-Jz6Kgma0","out_trade_no":"2017062209115498","result_code":"SUCCESS","return_code":"SUCCESS","sign":"BBB63B27AD37BF4757312303B2EC4247","time_end":"20170622091124","total_fee":"1","trade_type":"JSAPI","transaction_id":"4005242001201706226845436060"}
[2017-06-22 09:11:59][debug] query:{"appid":"wxd46e99b7f83183e1","err_code":"ORDERNOTEXIST","err_code_des":"order not exist","mch_id":"1383580102","nonce_str":"21KPgaafT7NfpCsW","result_code":"FAIL","return_code":"SUCCESS","return_msg":"OK","sign":"F455A6FA74A0A7697FF019390B26CC84"}
[2017-06-22 09:12:32][debug] begin notify
[2017-06-22 09:12:32][debug] call back:{"appid":"wxd46e99b7f83183e1","bank_type":"CFT","cash_fee":"1","fee_type":"CNY","is_subscribe":"Y","mch_id":"1383580102","nonce_str":"8d70yg4olou0jq2h2okwz0fv3dtgyggh","openid":"ovxXWv5Ldfh1B4nho4C-Jz6Kgma0","out_trade_no":"2017062209115498","result_code":"SUCCESS","return_code":"SUCCESS","sign":"BBB63B27AD37BF4757312303B2EC4247","time_end":"20170622091124","total_fee":"1","trade_type":"JSAPI","transaction_id":"4005242001201706226845436060"}
[2017-06-22 09:12:32][debug] query:{"appid":"wxd46e99b7f83183e1","err_code":"ORDERNOTEXIST","err_code_des":"order not exist","mch_id":"1383580102","nonce_str":"sEPWVkkrkwHXouBq","result_code":"FAIL","return_code":"SUCCESS","return_msg":"OK","sign":"460496D5E99F09D9E0E2A3155E16EA8A"}
[2017-06-22 09:15:35][debug] begin notify
[2017-06-22 09:15:35][debug] call back:{"appid":"wxd46e99b7f83183e1","bank_type":"CFT","cash_fee":"1","fee_type":"CNY","is_subscribe":"Y","mch_id":"1383580102","nonce_str":"8d70yg4olou0jq2h2okwz0fv3dtgyggh","openid":"ovxXWv5Ldfh1B4nho4C-Jz6Kgma0","out_trade_no":"2017062209115498","result_code":"SUCCESS","return_code":"SUCCESS","sign":"BBB63B27AD37BF4757312303B2EC4247","time_end":"20170622091124","total_fee":"1","trade_type":"JSAPI","transaction_id":"4005242001201706226845436060"}
[2017-06-22 09:15:35][debug] query:{"appid":"wxd46e99b7f83183e1","err_code":"ORDERNOTEXIST","err_code_des":"order not exist","mch_id":"1383580102","nonce_str":"xxKLeok7RhKvCYy5","result_code":"FAIL","return_code":"SUCCESS","return_msg":"OK","sign":"738921CD6883025E245EC326CC3D1517"}
[2017-06-22 09:45:37][debug] begin notify
[2017-06-22 09:45:37][debug] call back:{"appid":"wxd46e99b7f83183e1","bank_type":"CFT","cash_fee":"1","fee_type":"CNY","is_subscribe":"Y","mch_id":"1383580102","nonce_str":"8d70yg4olou0jq2h2okwz0fv3dtgyggh","openid":"ovxXWv5Ldfh1B4nho4C-Jz6Kgma0","out_trade_no":"2017062209115498","result_code":"SUCCESS","return_code":"SUCCESS","sign":"BBB63B27AD37BF4757312303B2EC4247","time_end":"20170622091124","total_fee":"1","trade_type":"JSAPI","transaction_id":"4005242001201706226845436060"}
[2017-06-22 09:45:37][debug] query:{"appid":"wxd46e99b7f83183e1","err_code":"ORDERNOTEXIST","err_code_des":"order not exist","mch_id":"1383580102","nonce_str":"kD4jrtvm9j8fXlwv","result_code":"FAIL","return_code":"SUCCESS","return_msg":"OK","sign":"403238C0A5764FD466A04F9DCE4A1392"}
