[2017-06-18 17:05:39][debug] begin notify
[2017-06-18 17:05:39][debug] call back:{"appid":"wxd46e99b7f83183e1","bank_type":"CFT","cash_fee":"1","fee_type":"CNY","is_subscribe":"Y","mch_id":"1383580102","nonce_str":"x0tn1huajpnij3uoafzghkhx1xlsxyu5","openid":"ovxXWv5Ldfh1B4nho4C-Jz6Kgma0","out_trade_no":"2017061817051924","result_code":"SUCCESS","return_code":"SUCCESS","sign":"825E56425639A7B107EE47401973A5E4","time_end":"20170618170539","total_fee":"1","trade_type":"JSAPI","transaction_id":"4005242001201706186314835643"}
[2017-06-18 17:05:39][debug] query:{"appid":"wxd46e99b7f83183e1","err_code":"ORDERNOTEXIST","err_code_des":"order not exist","mch_id":"1383580102","nonce_str":"4Q6P3AgBQ8oFmJTM","result_code":"FAIL","return_code":"SUCCESS","return_msg":"OK","sign":"7000F124EFFB5F74A2179B59BB597161"}
[2017-06-18 17:05:46][debug] begin notify
[2017-06-18 17:05:46][debug] query:{"appid":"wxd46e99b7f83183e1","attach":[],"bank_type":"CFT","cash_fee":"1","fee_type":"CNY","is_subscribe":"Y","mch_id":"1383580102","nonce_str":"Of8mhcyE9GRDed7D","openid":"ovxXWv5Ldfh1B4nho4C-Jz6Kgma0","out_trade_no":"2017061817051924","result_code":"SUCCESS","return_code":"SUCCESS","return_msg":"OK","sign":"A1A2D1D6FEAF3C38BA16067FB2D1E6A0","time_end":"20170618170539","total_fee":"1","trade_state":"SUCCESS","trade_type":"JSAPI","transaction_id":"4005242001201706186314835643"}
[2017-06-18 17:05:51][debug] begin notify
[2017-06-18 17:05:51][debug] call back:{"appid":"wxd46e99b7f83183e1","bank_type":"CFT","cash_fee":"1","fee_type":"CNY","is_subscribe":"Y","mch_id":"1383580102","nonce_str":"x0tn1huajpnij3uoafzghkhx1xlsxyu5","openid":"ovxXWv5Ldfh1B4nho4C-Jz6Kgma0","out_trade_no":"2017061817051924","result_code":"SUCCESS","return_code":"SUCCESS","sign":"825E56425639A7B107EE47401973A5E4","time_end":"20170618170539","total_fee":"1","trade_type":"JSAPI","transaction_id":"4005242001201706186314835643"}
[2017-06-18 17:05:51][debug] query:{"appid":"wxd46e99b7f83183e1","err_code":"ORDERNOTEXIST","err_code_des":"order not exist","mch_id":"1383580102","nonce_str":"jAtomg9GslrrM2wG","result_code":"FAIL","return_code":"SUCCESS","return_msg":"OK","sign":"022A2444736D71C7FEE5EDF12BE832F0"}
[2017-06-18 17:06:08][debug] begin notify
[2017-06-18 17:06:08][debug] call back:{"appid":"wxd46e99b7f83183e1","bank_type":"CFT","cash_fee":"1","fee_type":"CNY","is_subscribe":"Y","mch_id":"1383580102","nonce_str":"x0tn1huajpnij3uoafzghkhx1xlsxyu5","openid":"ovxXWv5Ldfh1B4nho4C-Jz6Kgma0","out_trade_no":"2017061817051924","result_code":"SUCCESS","return_code":"SUCCESS","sign":"825E56425639A7B107EE47401973A5E4","time_end":"20170618170539","total_fee":"1","trade_type":"JSAPI","transaction_id":"4005242001201706186314835643"}
[2017-06-18 17:06:08][debug] query:{"appid":"wxd46e99b7f83183e1","err_code":"ORDERNOTEXIST","err_code_des":"order not exist","mch_id":"1383580102","nonce_str":"5mTmvC1GX3EhnOyI","result_code":"FAIL","return_code":"SUCCESS","return_msg":"OK","sign":"CC35E9EF72E9DF1C1C4AE92BEFD7B899"}
[2017-06-18 17:06:40][debug] begin notify
[2017-06-18 17:06:40][debug] call back:{"appid":"wxd46e99b7f83183e1","bank_type":"CFT","cash_fee":"1","fee_type":"CNY","is_subscribe":"Y","mch_id":"1383580102","nonce_str":"x0tn1huajpnij3uoafzghkhx1xlsxyu5","openid":"ovxXWv5Ldfh1B4nho4C-Jz6Kgma0","out_trade_no":"2017061817051924","result_code":"SUCCESS","return_code":"SUCCESS","sign":"825E56425639A7B107EE47401973A5E4","time_end":"20170618170539","total_fee":"1","trade_type":"JSAPI","transaction_id":"4005242001201706186314835643"}
[2017-06-18 17:06:40][debug] query:{"appid":"wxd46e99b7f83183e1","err_code":"ORDERNOTEXIST","err_code_des":"order not exist","mch_id":"1383580102","nonce_str":"U8kkH02JG3dM7t81","result_code":"FAIL","return_code":"SUCCESS","return_msg":"OK","sign":"AA00C51C792D81EC5BDD5ECC847372F5"}
[2017-06-18 17:09:42][debug] begin notify
[2017-06-18 17:09:42][debug] call back:{"appid":"wxd46e99b7f83183e1","bank_type":"CFT","cash_fee":"1","fee_type":"CNY","is_subscribe":"Y","mch_id":"1383580102","nonce_str":"x0tn1huajpnij3uoafzghkhx1xlsxyu5","openid":"ovxXWv5Ldfh1B4nho4C-Jz6Kgma0","out_trade_no":"2017061817051924","result_code":"SUCCESS","return_code":"SUCCESS","sign":"825E56425639A7B107EE47401973A5E4","time_end":"20170618170539","total_fee":"1","trade_type":"JSAPI","transaction_id":"4005242001201706186314835643"}
[2017-06-18 17:09:43][debug] query:{"appid":"wxd46e99b7f83183e1","err_code":"ORDERNOTEXIST","err_code_des":"order not exist","mch_id":"1383580102","nonce_str":"3mPexILH2w36HVlb","result_code":"FAIL","return_code":"SUCCESS","return_msg":"OK","sign":"BD032F61611D5E880B8A016F1BF64799"}
[2017-06-18 17:39:45][debug] begin notify
[2017-06-18 17:39:45][debug] call back:{"appid":"wxd46e99b7f83183e1","bank_type":"CFT","cash_fee":"1","fee_type":"CNY","is_subscribe":"Y","mch_id":"1383580102","nonce_str":"x0tn1huajpnij3uoafzghkhx1xlsxyu5","openid":"ovxXWv5Ldfh1B4nho4C-Jz6Kgma0","out_trade_no":"2017061817051924","result_code":"SUCCESS","return_code":"SUCCESS","sign":"825E56425639A7B107EE47401973A5E4","time_end":"20170618170539","total_fee":"1","trade_type":"JSAPI","transaction_id":"4005242001201706186314835643"}
[2017-06-18 17:39:45][debug] query:{"appid":"wxd46e99b7f83183e1","err_code":"ORDERNOTEXIST","err_code_des":"order not exist","mch_id":"1383580102","nonce_str":"cacmIfnpLwpM7FBH","result_code":"FAIL","return_code":"SUCCESS","return_msg":"OK","sign":"7DBBFF337F687111D86403A6AB74C4D9"}
[2017-06-18 18:09:47][debug] begin notify
[2017-06-18 18:09:47][debug] call back:{"appid":"wxd46e99b7f83183e1","bank_type":"CFT","cash_fee":"1","fee_type":"CNY","is_subscribe":"Y","mch_id":"1383580102","nonce_str":"x0tn1huajpnij3uoafzghkhx1xlsxyu5","openid":"ovxXWv5Ldfh1B4nho4C-Jz6Kgma0","out_trade_no":"2017061817051924","result_code":"SUCCESS","return_code":"SUCCESS","sign":"825E56425639A7B107EE47401973A5E4","time_end":"20170618170539","total_fee":"1","trade_type":"JSAPI","transaction_id":"4005242001201706186314835643"}
[2017-06-18 18:09:47][debug] query:{"appid":"wxd46e99b7f83183e1","err_code":"ORDERNOTEXIST","err_code_des":"order not exist","mch_id":"1383580102","nonce_str":"0bsX1ZOvOqJGoqFU","result_code":"FAIL","return_code":"SUCCESS","return_msg":"OK","sign":"CE925567C313A0E85EB86F9CF3C16277"}
[2017-06-18 18:39:48][debug] begin notify
[2017-06-18 18:39:48][debug] call back:{"appid":"wxd46e99b7f83183e1","bank_type":"CFT","cash_fee":"1","fee_type":"CNY","is_subscribe":"Y","mch_id":"1383580102","nonce_str":"x0tn1huajpnij3uoafzghkhx1xlsxyu5","openid":"ovxXWv5Ldfh1B4nho4C-Jz6Kgma0","out_trade_no":"2017061817051924","result_code":"SUCCESS","return_code":"SUCCESS","sign":"825E56425639A7B107EE47401973A5E4","time_end":"20170618170539","total_fee":"1","trade_type":"JSAPI","transaction_id":"4005242001201706186314835643"}
[2017-06-18 18:39:49][debug] query:{"appid":"wxd46e99b7f83183e1","err_code":"ORDERNOTEXIST","err_code_des":"order not exist","mch_id":"1383580102","nonce_str":"rPWWSZpXv04Q4j06","result_code":"FAIL","return_code":"SUCCESS","return_msg":"OK","sign":"233BA28036B59F257DD20A143450745D"}
[2017-06-18 19:09:51][debug] begin notify
[2017-06-18 19:09:51][debug] call back:{"appid":"wxd46e99b7f83183e1","bank_type":"CFT","cash_fee":"1","fee_type":"CNY","is_subscribe":"Y","mch_id":"1383580102","nonce_str":"x0tn1huajpnij3uoafzghkhx1xlsxyu5","openid":"ovxXWv5Ldfh1B4nho4C-Jz6Kgma0","out_trade_no":"2017061817051924","result_code":"SUCCESS","return_code":"SUCCESS","sign":"825E56425639A7B107EE47401973A5E4","time_end":"20170618170539","total_fee":"1","trade_type":"JSAPI","transaction_id":"4005242001201706186314835643"}
[2017-06-18 19:09:51][debug] query:{"appid":"wxd46e99b7f83183e1","err_code":"ORDERNOTEXIST","err_code_des":"order not exist","mch_id":"1383580102","nonce_str":"1VmqAKzqJvzdZieV","result_code":"FAIL","return_code":"SUCCESS","return_msg":"OK","sign":"9EC26D4F014137AA504EBE2639A95FB2"}
[2017-06-18 20:09:54][debug] begin notify
[2017-06-18 20:09:54][debug] call back:{"appid":"wxd46e99b7f83183e1","bank_type":"CFT","cash_fee":"1","fee_type":"CNY","is_subscribe":"Y","mch_id":"1383580102","nonce_str":"x0tn1huajpnij3uoafzghkhx1xlsxyu5","openid":"ovxXWv5Ldfh1B4nho4C-Jz6Kgma0","out_trade_no":"2017061817051924","result_code":"SUCCESS","return_code":"SUCCESS","sign":"825E56425639A7B107EE47401973A5E4","time_end":"20170618170539","total_fee":"1","trade_type":"JSAPI","transaction_id":"4005242001201706186314835643"}
[2017-06-18 20:09:55][debug] query:{"appid":"wxd46e99b7f83183e1","err_code":"ORDERNOTEXIST","err_code_des":"order not exist","mch_id":"1383580102","nonce_str":"a1vRTEEtMo7vFDHg","result_code":"FAIL","return_code":"SUCCESS","return_msg":"OK","sign":"6CD4AC62C3E5E8CEE9D84EDD71F186CD"}
