[2017-06-24 12:44:46][debug] begin notify
[2017-06-24 12:44:46][debug] call back:{"appid":"wxd46e99b7f83183e1","bank_type":"CFT","cash_fee":"100","fee_type":"CNY","is_subscribe":"Y","mch_id":"1383580102","nonce_str":"dlihmklr76j76cvb74q34oxj359c3alb","openid":"ovxXWv5Ldfh1B4nho4C-Jz6Kgma0","out_trade_no":"2017062412445452","result_code":"SUCCESS","return_code":"SUCCESS","sign":"4BA06D95C215C18B20192559507B9780","time_end":"20170624124445","total_fee":"100","trade_type":"JSAPI","transaction_id":"4005242001201706247179625749"}
[2017-06-24 12:44:46][debug] query:{"appid":"wxd46e99b7f83183e1","err_code":"ORDERNOTEXIST","err_code_des":"order not exist","mch_id":"1383580102","nonce_str":"B6izltOcxSeFki1c","result_code":"FAIL","return_code":"SUCCESS","return_msg":"OK","sign":"773AF810B5001DDA8FD636DD5CD0EFDC"}
[2017-06-24 12:44:51][debug] begin notify
[2017-06-24 12:44:51][debug] query:{"appid":"wxd46e99b7f83183e1","attach":[],"bank_type":"CFT","cash_fee":"100","fee_type":"CNY","is_subscribe":"Y","mch_id":"1383580102","nonce_str":"ApTkRS6OriBVbi2M","openid":"ovxXWv5Ldfh1B4nho4C-Jz6Kgma0","out_trade_no":"2017062412445452","result_code":"SUCCESS","return_code":"SUCCESS","return_msg":"OK","sign":"D0F966D7EA7A009857782F26A79DC8CC","time_end":"20170624124445","total_fee":"100","trade_state":"SUCCESS","trade_type":"JSAPI","transaction_id":"4005242001201706247179625749"}
[2017-06-24 12:45:02][debug] begin notify
[2017-06-24 12:45:02][debug] call back:{"appid":"wxd46e99b7f83183e1","bank_type":"CFT","cash_fee":"100","fee_type":"CNY","is_subscribe":"Y","mch_id":"1383580102","nonce_str":"dlihmklr76j76cvb74q34oxj359c3alb","openid":"ovxXWv5Ldfh1B4nho4C-Jz6Kgma0","out_trade_no":"2017062412445452","result_code":"SUCCESS","return_code":"SUCCESS","sign":"4BA06D95C215C18B20192559507B9780","time_end":"20170624124445","total_fee":"100","trade_type":"JSAPI","transaction_id":"4005242001201706247179625749"}
[2017-06-24 12:45:02][debug] query:{"appid":"wxd46e99b7f83183e1","err_code":"ORDERNOTEXIST","err_code_des":"order not exist","mch_id":"1383580102","nonce_str":"Bxv1OlDLWtY0WcRI","result_code":"FAIL","return_code":"SUCCESS","return_msg":"OK","sign":"AE9F353535DEEB1BA5B226AC38ACA01A"}
[2017-06-24 12:45:18][debug] begin notify
[2017-06-24 12:45:18][debug] call back:{"appid":"wxd46e99b7f83183e1","bank_type":"CFT","cash_fee":"100","fee_type":"CNY","is_subscribe":"Y","mch_id":"1383580102","nonce_str":"dlihmklr76j76cvb74q34oxj359c3alb","openid":"ovxXWv5Ldfh1B4nho4C-Jz6Kgma0","out_trade_no":"2017062412445452","result_code":"SUCCESS","return_code":"SUCCESS","sign":"4BA06D95C215C18B20192559507B9780","time_end":"20170624124445","total_fee":"100","trade_type":"JSAPI","transaction_id":"4005242001201706247179625749"}
[2017-06-24 12:45:19][debug] query:{"appid":"wxd46e99b7f83183e1","err_code":"ORDERNOTEXIST","err_code_des":"order not exist","mch_id":"1383580102","nonce_str":"grZrgNExaRkLvJdI","result_code":"FAIL","return_code":"SUCCESS","return_msg":"OK","sign":"037643FBDD4F97546582E0A1E5E025A5"}
[2017-06-24 12:45:52][debug] begin notify
[2017-06-24 12:45:52][debug] call back:{"appid":"wxd46e99b7f83183e1","bank_type":"CFT","cash_fee":"100","fee_type":"CNY","is_subscribe":"Y","mch_id":"1383580102","nonce_str":"dlihmklr76j76cvb74q34oxj359c3alb","openid":"ovxXWv5Ldfh1B4nho4C-Jz6Kgma0","out_trade_no":"2017062412445452","result_code":"SUCCESS","return_code":"SUCCESS","sign":"4BA06D95C215C18B20192559507B9780","time_end":"20170624124445","total_fee":"100","trade_type":"JSAPI","transaction_id":"4005242001201706247179625749"}
[2017-06-24 12:45:52][debug] query:{"appid":"wxd46e99b7f83183e1","err_code":"ORDERNOTEXIST","err_code_des":"order not exist","mch_id":"1383580102","nonce_str":"SG5urO99qnjj4966","result_code":"FAIL","return_code":"SUCCESS","return_msg":"OK","sign":"D3824F14B1C4D88BF3E24DE6896FA0CF"}
[2017-06-24 12:48:53][debug] begin notify
[2017-06-24 12:48:53][debug] call back:{"appid":"wxd46e99b7f83183e1","bank_type":"CFT","cash_fee":"100","fee_type":"CNY","is_subscribe":"Y","mch_id":"1383580102","nonce_str":"dlihmklr76j76cvb74q34oxj359c3alb","openid":"ovxXWv5Ldfh1B4nho4C-Jz6Kgma0","out_trade_no":"2017062412445452","result_code":"SUCCESS","return_code":"SUCCESS","sign":"4BA06D95C215C18B20192559507B9780","time_end":"20170624124445","total_fee":"100","trade_type":"JSAPI","transaction_id":"4005242001201706247179625749"}
[2017-06-24 12:48:53][debug] query:{"appid":"wxd46e99b7f83183e1","err_code":"ORDERNOTEXIST","err_code_des":"order not exist","mch_id":"1383580102","nonce_str":"xfEHCJq9oasHDABM","result_code":"FAIL","return_code":"SUCCESS","return_msg":"OK","sign":"0BA61F010CA72E451BCD9E507DDF4AB9"}
[2017-06-24 13:18:56][debug] begin notify
[2017-06-24 13:18:56][debug] call back:{"appid":"wxd46e99b7f83183e1","bank_type":"CFT","cash_fee":"100","fee_type":"CNY","is_subscribe":"Y","mch_id":"1383580102","nonce_str":"dlihmklr76j76cvb74q34oxj359c3alb","openid":"ovxXWv5Ldfh1B4nho4C-Jz6Kgma0","out_trade_no":"2017062412445452","result_code":"SUCCESS","return_code":"SUCCESS","sign":"4BA06D95C215C18B20192559507B9780","time_end":"20170624124445","total_fee":"100","trade_type":"JSAPI","transaction_id":"4005242001201706247179625749"}
[2017-06-24 13:18:56][debug] query:{"appid":"wxd46e99b7f83183e1","err_code":"ORDERNOTEXIST","err_code_des":"order not exist","mch_id":"1383580102","nonce_str":"Ls4aztAy6hsXWMGY","result_code":"FAIL","return_code":"SUCCESS","return_msg":"OK","sign":"AFA60235D8E650AF640C6086D04C0E83"}
[2017-06-24 13:48:58][debug] begin notify
[2017-06-24 13:48:58][debug] call back:{"appid":"wxd46e99b7f83183e1","bank_type":"CFT","cash_fee":"100","fee_type":"CNY","is_subscribe":"Y","mch_id":"1383580102","nonce_str":"dlihmklr76j76cvb74q34oxj359c3alb","openid":"ovxXWv5Ldfh1B4nho4C-Jz6Kgma0","out_trade_no":"2017062412445452","result_code":"SUCCESS","return_code":"SUCCESS","sign":"4BA06D95C215C18B20192559507B9780","time_end":"20170624124445","total_fee":"100","trade_type":"JSAPI","transaction_id":"4005242001201706247179625749"}
[2017-06-24 13:48:58][debug] query:{"appid":"wxd46e99b7f83183e1","err_code":"ORDERNOTEXIST","err_code_des":"order not exist","mch_id":"1383580102","nonce_str":"zEQrceISZmFizKHH","result_code":"FAIL","return_code":"SUCCESS","return_msg":"OK","sign":"AD126CE390561D682986BEA955C96DB0"}
[2017-06-24 14:19:01][debug] begin notify
[2017-06-24 14:19:01][debug] call back:{"appid":"wxd46e99b7f83183e1","bank_type":"CFT","cash_fee":"100","fee_type":"CNY","is_subscribe":"Y","mch_id":"1383580102","nonce_str":"dlihmklr76j76cvb74q34oxj359c3alb","openid":"ovxXWv5Ldfh1B4nho4C-Jz6Kgma0","out_trade_no":"2017062412445452","result_code":"SUCCESS","return_code":"SUCCESS","sign":"4BA06D95C215C18B20192559507B9780","time_end":"20170624124445","total_fee":"100","trade_type":"JSAPI","transaction_id":"4005242001201706247179625749"}
[2017-06-24 14:19:01][debug] query:{"appid":"wxd46e99b7f83183e1","err_code":"ORDERNOTEXIST","err_code_des":"order not exist","mch_id":"1383580102","nonce_str":"4q5znZLRFXlO4O51","result_code":"FAIL","return_code":"SUCCESS","return_msg":"OK","sign":"D176399DD8E7AEFE2842AD481DDB2072"}
[2017-06-24 14:49:02][debug] begin notify
[2017-06-24 14:49:02][debug] call back:{"appid":"wxd46e99b7f83183e1","bank_type":"CFT","cash_fee":"100","fee_type":"CNY","is_subscribe":"Y","mch_id":"1383580102","nonce_str":"dlihmklr76j76cvb74q34oxj359c3alb","openid":"ovxXWv5Ldfh1B4nho4C-Jz6Kgma0","out_trade_no":"2017062412445452","result_code":"SUCCESS","return_code":"SUCCESS","sign":"4BA06D95C215C18B20192559507B9780","time_end":"20170624124445","total_fee":"100","trade_type":"JSAPI","transaction_id":"4005242001201706247179625749"}
[2017-06-24 14:49:03][debug] query:{"appid":"wxd46e99b7f83183e1","err_code":"ORDERNOTEXIST","err_code_des":"order not exist","mch_id":"1383580102","nonce_str":"Tv3lRcaZrFDg2DfH","result_code":"FAIL","return_code":"SUCCESS","return_msg":"OK","sign":"2E2E16EFEAD7F91259AC0278469FF7AD"}
[2017-06-24 15:49:05][debug] begin notify
[2017-06-24 15:49:05][debug] call back:{"appid":"wxd46e99b7f83183e1","bank_type":"CFT","cash_fee":"100","fee_type":"CNY","is_subscribe":"Y","mch_id":"1383580102","nonce_str":"dlihmklr76j76cvb74q34oxj359c3alb","openid":"ovxXWv5Ldfh1B4nho4C-Jz6Kgma0","out_trade_no":"2017062412445452","result_code":"SUCCESS","return_code":"SUCCESS","sign":"4BA06D95C215C18B20192559507B9780","time_end":"20170624124445","total_fee":"100","trade_type":"JSAPI","transaction_id":"4005242001201706247179625749"}
[2017-06-24 15:49:05][debug] query:{"appid":"wxd46e99b7f83183e1","err_code":"ORDERNOTEXIST","err_code_des":"order not exist","mch_id":"1383580102","nonce_str":"ABOzvwTAlQ6gSgyj","result_code":"FAIL","return_code":"SUCCESS","return_msg":"OK","sign":"4B3A494348DFECB35B2D3E13F5B9B042"}
[2017-06-24 17:25:28][debug] begin notify
[2017-06-24 17:25:28][debug] call back:{"appid":"wxd46e99b7f83183e1","bank_type":"COMM_CREDIT","cash_fee":"100","fee_type":"CNY","is_subscribe":"Y","mch_id":"1383580102","nonce_str":"0zzdr1wg1l19ydlnpmhuglmqsbar5d82","openid":"ovxXWv3CHJLsugBLuDQiCAxREFtE","out_trade_no":"201706241725226465","result_code":"SUCCESS","return_code":"SUCCESS","sign":"E64FC1A91C0FF0CA3C84833F80413A6A","time_end":"20170624172527","total_fee":"100","trade_type":"JSAPI","transaction_id":"4002902001201706247216253742"}
[2017-06-24 17:25:29][debug] query:{"appid":"wxd46e99b7f83183e1","err_code":"ORDERNOTEXIST","err_code_des":"order not exist","mch_id":"1383580102","nonce_str":"g8c1Rg2yqCBXrFSR","result_code":"FAIL","return_code":"SUCCESS","return_msg":"OK","sign":"4C7C9A1E3DEF2A45E098D7BA33C8A920"}
[2017-06-24 17:25:29][debug] begin notify
[2017-06-24 17:25:29][debug] query:{"appid":"wxd46e99b7f83183e1","attach":[],"bank_type":"COMM_CREDIT","cash_fee":"100","fee_type":"CNY","is_subscribe":"Y","mch_id":"1383580102","nonce_str":"dFpwJkNQJQVeb4km","openid":"ovxXWv3CHJLsugBLuDQiCAxREFtE","out_trade_no":"201706241725226465","result_code":"SUCCESS","return_code":"SUCCESS","return_msg":"OK","sign":"852B335BD6BF9CC71DF708C995FBFCB9","time_end":"20170624172527","total_fee":"100","trade_state":"SUCCESS","trade_type":"JSAPI","transaction_id":"4002902001201706247216253742"}
[2017-06-24 17:25:41][debug] begin notify
[2017-06-24 17:25:41][debug] call back:{"appid":"wxd46e99b7f83183e1","bank_type":"COMM_CREDIT","cash_fee":"100","fee_type":"CNY","is_subscribe":"Y","mch_id":"1383580102","nonce_str":"0zzdr1wg1l19ydlnpmhuglmqsbar5d82","openid":"ovxXWv3CHJLsugBLuDQiCAxREFtE","out_trade_no":"201706241725226465","result_code":"SUCCESS","return_code":"SUCCESS","sign":"E64FC1A91C0FF0CA3C84833F80413A6A","time_end":"20170624172527","total_fee":"100","trade_type":"JSAPI","transaction_id":"4002902001201706247216253742"}
[2017-06-24 17:25:41][debug] query:{"appid":"wxd46e99b7f83183e1","err_code":"ORDERNOTEXIST","err_code_des":"order not exist","mch_id":"1383580102","nonce_str":"Fo1OjEB0IKVUlgRi","result_code":"FAIL","return_code":"SUCCESS","return_msg":"OK","sign":"0DCEB21A4CA829F837B1127C1970BB3B"}
[2017-06-24 17:26:00][debug] begin notify
[2017-06-24 17:26:00][debug] call back:{"appid":"wxd46e99b7f83183e1","bank_type":"COMM_CREDIT","cash_fee":"100","fee_type":"CNY","is_subscribe":"Y","mch_id":"1383580102","nonce_str":"0zzdr1wg1l19ydlnpmhuglmqsbar5d82","openid":"ovxXWv3CHJLsugBLuDQiCAxREFtE","out_trade_no":"201706241725226465","result_code":"SUCCESS","return_code":"SUCCESS","sign":"E64FC1A91C0FF0CA3C84833F80413A6A","time_end":"20170624172527","total_fee":"100","trade_type":"JSAPI","transaction_id":"4002902001201706247216253742"}
[2017-06-24 17:26:00][debug] query:{"appid":"wxd46e99b7f83183e1","err_code":"ORDERNOTEXIST","err_code_des":"order not exist","mch_id":"1383580102","nonce_str":"VoZ2W9IPp63pFPrP","result_code":"FAIL","return_code":"SUCCESS","return_msg":"OK","sign":"7996D8B31044A1D84B3388092A24F9E9"}
[2017-06-24 17:26:32][debug] begin notify
[2017-06-24 17:26:32][debug] call back:{"appid":"wxd46e99b7f83183e1","bank_type":"COMM_CREDIT","cash_fee":"100","fee_type":"CNY","is_subscribe":"Y","mch_id":"1383580102","nonce_str":"0zzdr1wg1l19ydlnpmhuglmqsbar5d82","openid":"ovxXWv3CHJLsugBLuDQiCAxREFtE","out_trade_no":"201706241725226465","result_code":"SUCCESS","return_code":"SUCCESS","sign":"E64FC1A91C0FF0CA3C84833F80413A6A","time_end":"20170624172527","total_fee":"100","trade_type":"JSAPI","transaction_id":"4002902001201706247216253742"}
[2017-06-24 17:26:32][debug] query:{"appid":"wxd46e99b7f83183e1","err_code":"ORDERNOTEXIST","err_code_des":"order not exist","mch_id":"1383580102","nonce_str":"en3qddPAeEM0ezP4","result_code":"FAIL","return_code":"SUCCESS","return_msg":"OK","sign":"CFB3B63170E7F409C3FBBA77758CDA81"}
[2017-06-24 17:29:34][debug] begin notify
[2017-06-24 17:29:34][debug] call back:{"appid":"wxd46e99b7f83183e1","bank_type":"COMM_CREDIT","cash_fee":"100","fee_type":"CNY","is_subscribe":"Y","mch_id":"1383580102","nonce_str":"0zzdr1wg1l19ydlnpmhuglmqsbar5d82","openid":"ovxXWv3CHJLsugBLuDQiCAxREFtE","out_trade_no":"201706241725226465","result_code":"SUCCESS","return_code":"SUCCESS","sign":"E64FC1A91C0FF0CA3C84833F80413A6A","time_end":"20170624172527","total_fee":"100","trade_type":"JSAPI","transaction_id":"4002902001201706247216253742"}
[2017-06-24 17:29:35][debug] query:{"appid":"wxd46e99b7f83183e1","err_code":"ORDERNOTEXIST","err_code_des":"order not exist","mch_id":"1383580102","nonce_str":"naOYmqF4UMZFyTAV","result_code":"FAIL","return_code":"SUCCESS","return_msg":"OK","sign":"8A942C87D653F4AFE3691F198C0386D3"}
[2017-06-24 17:59:36][debug] begin notify
[2017-06-24 17:59:36][debug] call back:{"appid":"wxd46e99b7f83183e1","bank_type":"COMM_CREDIT","cash_fee":"100","fee_type":"CNY","is_subscribe":"Y","mch_id":"1383580102","nonce_str":"0zzdr1wg1l19ydlnpmhuglmqsbar5d82","openid":"ovxXWv3CHJLsugBLuDQiCAxREFtE","out_trade_no":"201706241725226465","result_code":"SUCCESS","return_code":"SUCCESS","sign":"E64FC1A91C0FF0CA3C84833F80413A6A","time_end":"20170624172527","total_fee":"100","trade_type":"JSAPI","transaction_id":"4002902001201706247216253742"}
[2017-06-24 17:59:37][debug] query:{"appid":"wxd46e99b7f83183e1","err_code":"ORDERNOTEXIST","err_code_des":"order not exist","mch_id":"1383580102","nonce_str":"665hfq0XxKOLhDtn","result_code":"FAIL","return_code":"SUCCESS","return_msg":"OK","sign":"92C0390D245B486FA6A11D96FBF849CD"}
[2017-06-24 18:29:38][debug] begin notify
[2017-06-24 18:29:38][debug] call back:{"appid":"wxd46e99b7f83183e1","bank_type":"COMM_CREDIT","cash_fee":"100","fee_type":"CNY","is_subscribe":"Y","mch_id":"1383580102","nonce_str":"0zzdr1wg1l19ydlnpmhuglmqsbar5d82","openid":"ovxXWv3CHJLsugBLuDQiCAxREFtE","out_trade_no":"201706241725226465","result_code":"SUCCESS","return_code":"SUCCESS","sign":"E64FC1A91C0FF0CA3C84833F80413A6A","time_end":"20170624172527","total_fee":"100","trade_type":"JSAPI","transaction_id":"4002902001201706247216253742"}
[2017-06-24 18:29:39][debug] query:{"appid":"wxd46e99b7f83183e1","err_code":"ORDERNOTEXIST","err_code_des":"order not exist","mch_id":"1383580102","nonce_str":"QBlqR0mYyd61beMf","result_code":"FAIL","return_code":"SUCCESS","return_msg":"OK","sign":"9986B9B93BE2AE12EAB4F8208A62C192"}
[2017-06-24 18:59:40][debug] begin notify
[2017-06-24 18:59:40][debug] call back:{"appid":"wxd46e99b7f83183e1","bank_type":"COMM_CREDIT","cash_fee":"100","fee_type":"CNY","is_subscribe":"Y","mch_id":"1383580102","nonce_str":"0zzdr1wg1l19ydlnpmhuglmqsbar5d82","openid":"ovxXWv3CHJLsugBLuDQiCAxREFtE","out_trade_no":"201706241725226465","result_code":"SUCCESS","return_code":"SUCCESS","sign":"E64FC1A91C0FF0CA3C84833F80413A6A","time_end":"20170624172527","total_fee":"100","trade_type":"JSAPI","transaction_id":"4002902001201706247216253742"}
[2017-06-24 18:59:40][debug] query:{"appid":"wxd46e99b7f83183e1","err_code":"ORDERNOTEXIST","err_code_des":"order not exist","mch_id":"1383580102","nonce_str":"wq5li3AOxrg9iT12","result_code":"FAIL","return_code":"SUCCESS","return_msg":"OK","sign":"E3BD3ACC6F127CB21210B22CB9C890B2"}
[2017-06-24 19:29:41][debug] begin notify
[2017-06-24 19:29:41][debug] call back:{"appid":"wxd46e99b7f83183e1","bank_type":"COMM_CREDIT","cash_fee":"100","fee_type":"CNY","is_subscribe":"Y","mch_id":"1383580102","nonce_str":"0zzdr1wg1l19ydlnpmhuglmqsbar5d82","openid":"ovxXWv3CHJLsugBLuDQiCAxREFtE","out_trade_no":"201706241725226465","result_code":"SUCCESS","return_code":"SUCCESS","sign":"E64FC1A91C0FF0CA3C84833F80413A6A","time_end":"20170624172527","total_fee":"100","trade_type":"JSAPI","transaction_id":"4002902001201706247216253742"}
[2017-06-24 19:29:41][debug] query:{"appid":"wxd46e99b7f83183e1","err_code":"ORDERNOTEXIST","err_code_des":"order not exist","mch_id":"1383580102","nonce_str":"JLlU9FNQowAKwUAw","result_code":"FAIL","return_code":"SUCCESS","return_msg":"OK","sign":"BD27287297F1992C30819D9109E8AD4A"}
[2017-06-24 20:29:44][debug] begin notify
[2017-06-24 20:29:44][debug] call back:{"appid":"wxd46e99b7f83183e1","bank_type":"COMM_CREDIT","cash_fee":"100","fee_type":"CNY","is_subscribe":"Y","mch_id":"1383580102","nonce_str":"0zzdr1wg1l19ydlnpmhuglmqsbar5d82","openid":"ovxXWv3CHJLsugBLuDQiCAxREFtE","out_trade_no":"201706241725226465","result_code":"SUCCESS","return_code":"SUCCESS","sign":"E64FC1A91C0FF0CA3C84833F80413A6A","time_end":"20170624172527","total_fee":"100","trade_type":"JSAPI","transaction_id":"4002902001201706247216253742"}
[2017-06-24 20:29:44][debug] query:{"appid":"wxd46e99b7f83183e1","err_code":"ORDERNOTEXIST","err_code_des":"order not exist","mch_id":"1383580102","nonce_str":"DKZuWj2Nm2ACmVm0","result_code":"FAIL","return_code":"SUCCESS","return_msg":"OK","sign":"388E61293FF24306137A5A41B827E398"}
