[2017-05-16 11:14:22][debug] begin notify
[2017-05-16 11:14:22][debug] call back:{"appid":"wxd46e99b7f83183e1","bank_type":"CFT","cash_fee":"1","fee_type":"CNY","is_subscribe":"Y","mch_id":"1383580102","nonce_str":"5z4ks2u5xkdi59487v4onvxo9bx0591w","openid":"ovxXWv5Ldfh1B4nho4C-Jz6Kgma0","out_trade_no":"201705161114131642","result_code":"SUCCESS","return_code":"SUCCESS","sign":"9825F4C4F52A38EEE9FD549B76968BCE","time_end":"20170516111422","total_fee":"1","trade_type":"JSAPI","transaction_id":"4005242001201705161045418552"}
[2017-05-16 11:14:24][debug] query:{"appid":"wxd46e99b7f83183e1","err_code":"ORDERNOTEXIST","err_code_des":"order not exist","mch_id":"1383580102","nonce_str":"qxoy0reoQSJNOUWy","result_code":"FAIL","return_code":"SUCCESS","return_msg":"OK","sign":"9C53CAE1F27ADC05F2ECCE51E704D4C0"}
[2017-05-16 11:14:25][debug] begin notify
[2017-05-16 11:14:27][debug] query:{"appid":"wxd46e99b7f83183e1","attach":[],"bank_type":"CFT","cash_fee":"1","fee_type":"CNY","is_subscribe":"Y","mch_id":"1383580102","nonce_str":"NfNihcrZXSPIVFgk","openid":"ovxXWv5Ldfh1B4nho4C-Jz6Kgma0","out_trade_no":"201705161114131642","result_code":"SUCCESS","return_code":"SUCCESS","return_msg":"OK","sign":"1D092ECAE116AA9E177A9613B9AD9316","time_end":"20170516111422","total_fee":"1","trade_state":"SUCCESS","trade_type":"JSAPI","transaction_id":"4005242001201705161045418552"}
[2017-05-16 11:14:36][debug] begin notify
[2017-05-16 11:14:36][debug] call back:{"appid":"wxd46e99b7f83183e1","bank_type":"CFT","cash_fee":"1","fee_type":"CNY","is_subscribe":"Y","mch_id":"1383580102","nonce_str":"5z4ks2u5xkdi59487v4onvxo9bx0591w","openid":"ovxXWv5Ldfh1B4nho4C-Jz6Kgma0","out_trade_no":"201705161114131642","result_code":"SUCCESS","return_code":"SUCCESS","sign":"9825F4C4F52A38EEE9FD549B76968BCE","time_end":"20170516111422","total_fee":"1","trade_type":"JSAPI","transaction_id":"4005242001201705161045418552"}
[2017-05-16 11:14:37][debug] query:{"appid":"wxd46e99b7f83183e1","err_code":"ORDERNOTEXIST","err_code_des":"order not exist","mch_id":"1383580102","nonce_str":"bp1I2EuHGGV9pe0f","result_code":"FAIL","return_code":"SUCCESS","return_msg":"OK","sign":"CE302529B8CFBA881372BB95EECFB2C8"}
[2017-05-16 11:14:54][debug] begin notify
[2017-05-16 11:14:54][debug] call back:{"appid":"wxd46e99b7f83183e1","bank_type":"CFT","cash_fee":"1","fee_type":"CNY","is_subscribe":"Y","mch_id":"1383580102","nonce_str":"5z4ks2u5xkdi59487v4onvxo9bx0591w","openid":"ovxXWv5Ldfh1B4nho4C-Jz6Kgma0","out_trade_no":"201705161114131642","result_code":"SUCCESS","return_code":"SUCCESS","sign":"9825F4C4F52A38EEE9FD549B76968BCE","time_end":"20170516111422","total_fee":"1","trade_type":"JSAPI","transaction_id":"4005242001201705161045418552"}
[2017-05-16 11:14:56][debug] query:{"appid":"wxd46e99b7f83183e1","err_code":"ORDERNOTEXIST","err_code_des":"order not exist","mch_id":"1383580102","nonce_str":"a45TJzrAnRO6gBVA","result_code":"FAIL","return_code":"SUCCESS","return_msg":"OK","sign":"9E64AA8E80795985E47215ED1C1A9FB9"}
[2017-05-16 11:15:28][debug] begin notify
[2017-05-16 11:15:28][debug] call back:{"appid":"wxd46e99b7f83183e1","bank_type":"CFT","cash_fee":"1","fee_type":"CNY","is_subscribe":"Y","mch_id":"1383580102","nonce_str":"5z4ks2u5xkdi59487v4onvxo9bx0591w","openid":"ovxXWv5Ldfh1B4nho4C-Jz6Kgma0","out_trade_no":"201705161114131642","result_code":"SUCCESS","return_code":"SUCCESS","sign":"9825F4C4F52A38EEE9FD549B76968BCE","time_end":"20170516111422","total_fee":"1","trade_type":"JSAPI","transaction_id":"4005242001201705161045418552"}
[2017-05-16 11:15:30][debug] query:{"appid":"wxd46e99b7f83183e1","err_code":"ORDERNOTEXIST","err_code_des":"order not exist","mch_id":"1383580102","nonce_str":"KoPxkEuIUP9UD6QD","result_code":"FAIL","return_code":"SUCCESS","return_msg":"OK","sign":"3A842720C99CD8342E7AEF6AAB16C469"}
[2017-05-16 11:18:32][debug] begin notify
[2017-05-16 11:18:32][debug] call back:{"appid":"wxd46e99b7f83183e1","bank_type":"CFT","cash_fee":"1","fee_type":"CNY","is_subscribe":"Y","mch_id":"1383580102","nonce_str":"5z4ks2u5xkdi59487v4onvxo9bx0591w","openid":"ovxXWv5Ldfh1B4nho4C-Jz6Kgma0","out_trade_no":"201705161114131642","result_code":"SUCCESS","return_code":"SUCCESS","sign":"9825F4C4F52A38EEE9FD549B76968BCE","time_end":"20170516111422","total_fee":"1","trade_type":"JSAPI","transaction_id":"4005242001201705161045418552"}
[2017-05-16 11:18:34][debug] query:{"appid":"wxd46e99b7f83183e1","err_code":"ORDERNOTEXIST","err_code_des":"order not exist","mch_id":"1383580102","nonce_str":"gYLY5Y3D6vZ0CCZi","result_code":"FAIL","return_code":"SUCCESS","return_msg":"OK","sign":"1726B3D7DDE2B810F281639CA94687DF"}
[2017-05-16 11:48:35][debug] begin notify
[2017-05-16 11:48:35][debug] call back:{"appid":"wxd46e99b7f83183e1","bank_type":"CFT","cash_fee":"1","fee_type":"CNY","is_subscribe":"Y","mch_id":"1383580102","nonce_str":"5z4ks2u5xkdi59487v4onvxo9bx0591w","openid":"ovxXWv5Ldfh1B4nho4C-Jz6Kgma0","out_trade_no":"201705161114131642","result_code":"SUCCESS","return_code":"SUCCESS","sign":"9825F4C4F52A38EEE9FD549B76968BCE","time_end":"20170516111422","total_fee":"1","trade_type":"JSAPI","transaction_id":"4005242001201705161045418552"}
[2017-05-16 11:48:37][debug] query:{"appid":"wxd46e99b7f83183e1","err_code":"ORDERNOTEXIST","err_code_des":"order not exist","mch_id":"1383580102","nonce_str":"zLAJ0vzvg1ZlQfYf","result_code":"FAIL","return_code":"SUCCESS","return_msg":"OK","sign":"1F3E5BB4E8398DF0BAAFB965C3F4122C"}
[2017-05-16 12:18:38][debug] begin notify
[2017-05-16 12:18:38][debug] call back:{"appid":"wxd46e99b7f83183e1","bank_type":"CFT","cash_fee":"1","fee_type":"CNY","is_subscribe":"Y","mch_id":"1383580102","nonce_str":"5z4ks2u5xkdi59487v4onvxo9bx0591w","openid":"ovxXWv5Ldfh1B4nho4C-Jz6Kgma0","out_trade_no":"201705161114131642","result_code":"SUCCESS","return_code":"SUCCESS","sign":"9825F4C4F52A38EEE9FD549B76968BCE","time_end":"20170516111422","total_fee":"1","trade_type":"JSAPI","transaction_id":"4005242001201705161045418552"}
[2017-05-16 12:18:39][debug] query:{"appid":"wxd46e99b7f83183e1","err_code":"ORDERNOTEXIST","err_code_des":"order not exist","mch_id":"1383580102","nonce_str":"PDMIOPmlwF8JPU2u","result_code":"FAIL","return_code":"SUCCESS","return_msg":"OK","sign":"6A7E38C0C7C955F9983898D75BBAD607"}
[2017-05-16 12:48:40][debug] begin notify
[2017-05-16 12:48:40][debug] call back:{"appid":"wxd46e99b7f83183e1","bank_type":"CFT","cash_fee":"1","fee_type":"CNY","is_subscribe":"Y","mch_id":"1383580102","nonce_str":"5z4ks2u5xkdi59487v4onvxo9bx0591w","openid":"ovxXWv5Ldfh1B4nho4C-Jz6Kgma0","out_trade_no":"201705161114131642","result_code":"SUCCESS","return_code":"SUCCESS","sign":"9825F4C4F52A38EEE9FD549B76968BCE","time_end":"20170516111422","total_fee":"1","trade_type":"JSAPI","transaction_id":"4005242001201705161045418552"}
[2017-05-16 12:48:42][debug] query:{"appid":"wxd46e99b7f83183e1","err_code":"ORDERNOTEXIST","err_code_des":"order not exist","mch_id":"1383580102","nonce_str":"My694Njsthf4fFuz","result_code":"FAIL","return_code":"SUCCESS","return_msg":"OK","sign":"DC20DD172C88874DBC9B3D1E6C67B586"}
[2017-05-16 13:18:44][debug] begin notify
[2017-05-16 13:18:44][debug] call back:{"appid":"wxd46e99b7f83183e1","bank_type":"CFT","cash_fee":"1","fee_type":"CNY","is_subscribe":"Y","mch_id":"1383580102","nonce_str":"5z4ks2u5xkdi59487v4onvxo9bx0591w","openid":"ovxXWv5Ldfh1B4nho4C-Jz6Kgma0","out_trade_no":"201705161114131642","result_code":"SUCCESS","return_code":"SUCCESS","sign":"9825F4C4F52A38EEE9FD549B76968BCE","time_end":"20170516111422","total_fee":"1","trade_type":"JSAPI","transaction_id":"4005242001201705161045418552"}
[2017-05-16 13:18:46][debug] query:{"appid":"wxd46e99b7f83183e1","err_code":"ORDERNOTEXIST","err_code_des":"order not exist","mch_id":"1383580102","nonce_str":"UWg2J7zd7aX4IHfK","result_code":"FAIL","return_code":"SUCCESS","return_msg":"OK","sign":"7E42357E5C613DA49A8014ED6408871F"}
[2017-05-16 13:22:43][debug] begin notify
[2017-05-16 13:22:43][debug] call back:{"appid":"wxd46e99b7f83183e1","bank_type":"GDB_CREDIT","cash_fee":"1","fee_type":"CNY","is_subscribe":"Y","mch_id":"1383580102","nonce_str":"uiquc56lwhxz7b1ow1ug4ghpkbxa4h70","openid":"ovxXWv3CHJLsugBLuDQiCAxREFtE","out_trade_no":"201705161322368274","result_code":"SUCCESS","return_code":"SUCCESS","sign":"CA55BCF503C6C57E608CDFC162E0059E","time_end":"20170516132242","total_fee":"1","trade_type":"JSAPI","transaction_id":"4002902001201705161066535210"}
[2017-05-16 13:22:45][debug] query:{"appid":"wxd46e99b7f83183e1","err_code":"ORDERNOTEXIST","err_code_des":"order not exist","mch_id":"1383580102","nonce_str":"vEWmMkUIgchOWlgw","result_code":"FAIL","return_code":"SUCCESS","return_msg":"OK","sign":"9B7E25F8217A65A4681E41DBD7F363B4"}
[2017-05-16 13:22:45][debug] begin notify
[2017-05-16 13:22:47][debug] query:{"appid":"wxd46e99b7f83183e1","attach":[],"bank_type":"GDB_CREDIT","cash_fee":"1","fee_type":"CNY","is_subscribe":"Y","mch_id":"1383580102","nonce_str":"ddsMsX1epLD8Fpni","openid":"ovxXWv3CHJLsugBLuDQiCAxREFtE","out_trade_no":"201705161322368274","result_code":"SUCCESS","return_code":"SUCCESS","return_msg":"OK","sign":"B7F71920FB7F4B0FFC795B9080A36A2E","time_end":"20170516132242","total_fee":"1","trade_state":"SUCCESS","trade_type":"JSAPI","transaction_id":"4002902001201705161066535210"}
[2017-05-16 13:23:01][debug] begin notify
[2017-05-16 13:23:01][debug] call back:{"appid":"wxd46e99b7f83183e1","bank_type":"GDB_CREDIT","cash_fee":"1","fee_type":"CNY","is_subscribe":"Y","mch_id":"1383580102","nonce_str":"uiquc56lwhxz7b1ow1ug4ghpkbxa4h70","openid":"ovxXWv3CHJLsugBLuDQiCAxREFtE","out_trade_no":"201705161322368274","result_code":"SUCCESS","return_code":"SUCCESS","sign":"CA55BCF503C6C57E608CDFC162E0059E","time_end":"20170516132242","total_fee":"1","trade_type":"JSAPI","transaction_id":"4002902001201705161066535210"}
[2017-05-16 13:23:03][debug] query:{"appid":"wxd46e99b7f83183e1","err_code":"ORDERNOTEXIST","err_code_des":"order not exist","mch_id":"1383580102","nonce_str":"OIIkJYNt1cWUrYLH","result_code":"FAIL","return_code":"SUCCESS","return_msg":"OK","sign":"BE508727FBF4884C13A3B62AA9999767"}
[2017-05-16 13:23:20][debug] begin notify
[2017-05-16 13:23:20][debug] call back:{"appid":"wxd46e99b7f83183e1","bank_type":"GDB_CREDIT","cash_fee":"1","fee_type":"CNY","is_subscribe":"Y","mch_id":"1383580102","nonce_str":"uiquc56lwhxz7b1ow1ug4ghpkbxa4h70","openid":"ovxXWv3CHJLsugBLuDQiCAxREFtE","out_trade_no":"201705161322368274","result_code":"SUCCESS","return_code":"SUCCESS","sign":"CA55BCF503C6C57E608CDFC162E0059E","time_end":"20170516132242","total_fee":"1","trade_type":"JSAPI","transaction_id":"4002902001201705161066535210"}
[2017-05-16 13:23:21][debug] query:{"appid":"wxd46e99b7f83183e1","err_code":"ORDERNOTEXIST","err_code_des":"order not exist","mch_id":"1383580102","nonce_str":"J6Xd1N0PT1PomFPk","result_code":"FAIL","return_code":"SUCCESS","return_msg":"OK","sign":"338CE885AE0F03D42451966A503BCE5D"}
[2017-05-16 13:23:53][debug] begin notify
[2017-05-16 13:23:53][debug] call back:{"appid":"wxd46e99b7f83183e1","bank_type":"GDB_CREDIT","cash_fee":"1","fee_type":"CNY","is_subscribe":"Y","mch_id":"1383580102","nonce_str":"uiquc56lwhxz7b1ow1ug4ghpkbxa4h70","openid":"ovxXWv3CHJLsugBLuDQiCAxREFtE","out_trade_no":"201705161322368274","result_code":"SUCCESS","return_code":"SUCCESS","sign":"CA55BCF503C6C57E608CDFC162E0059E","time_end":"20170516132242","total_fee":"1","trade_type":"JSAPI","transaction_id":"4002902001201705161066535210"}
[2017-05-16 13:23:55][debug] query:{"appid":"wxd46e99b7f83183e1","err_code":"ORDERNOTEXIST","err_code_des":"order not exist","mch_id":"1383580102","nonce_str":"16rvHTOVH0iToozw","result_code":"FAIL","return_code":"SUCCESS","return_msg":"OK","sign":"ABA8C0422A8939BDD3EDA6F2072A03B4"}
[2017-05-16 13:26:58][debug] begin notify
[2017-05-16 13:26:58][debug] call back:{"appid":"wxd46e99b7f83183e1","bank_type":"GDB_CREDIT","cash_fee":"1","fee_type":"CNY","is_subscribe":"Y","mch_id":"1383580102","nonce_str":"uiquc56lwhxz7b1ow1ug4ghpkbxa4h70","openid":"ovxXWv3CHJLsugBLuDQiCAxREFtE","out_trade_no":"201705161322368274","result_code":"SUCCESS","return_code":"SUCCESS","sign":"CA55BCF503C6C57E608CDFC162E0059E","time_end":"20170516132242","total_fee":"1","trade_type":"JSAPI","transaction_id":"4002902001201705161066535210"}
[2017-05-16 13:26:59][debug] query:{"appid":"wxd46e99b7f83183e1","err_code":"ORDERNOTEXIST","err_code_des":"order not exist","mch_id":"1383580102","nonce_str":"XYHex9KsWpgevGIL","result_code":"FAIL","return_code":"SUCCESS","return_msg":"OK","sign":"53F915BFAE1C63DE748BEFFDB8A5D3FF"}
[2017-05-16 13:57:02][debug] begin notify
[2017-05-16 13:57:02][debug] call back:{"appid":"wxd46e99b7f83183e1","bank_type":"GDB_CREDIT","cash_fee":"1","fee_type":"CNY","is_subscribe":"Y","mch_id":"1383580102","nonce_str":"uiquc56lwhxz7b1ow1ug4ghpkbxa4h70","openid":"ovxXWv3CHJLsugBLuDQiCAxREFtE","out_trade_no":"201705161322368274","result_code":"SUCCESS","return_code":"SUCCESS","sign":"CA55BCF503C6C57E608CDFC162E0059E","time_end":"20170516132242","total_fee":"1","trade_type":"JSAPI","transaction_id":"4002902001201705161066535210"}
[2017-05-16 13:57:04][debug] query:{"appid":"wxd46e99b7f83183e1","err_code":"ORDERNOTEXIST","err_code_des":"order not exist","mch_id":"1383580102","nonce_str":"eXT5hKJ09pbG28XN","result_code":"FAIL","return_code":"SUCCESS","return_msg":"OK","sign":"A786209BA313C6BF0F4EA4272BBB782B"}
[2017-05-16 14:18:48][debug] begin notify
[2017-05-16 14:18:48][debug] call back:{"appid":"wxd46e99b7f83183e1","bank_type":"CFT","cash_fee":"1","fee_type":"CNY","is_subscribe":"Y","mch_id":"1383580102","nonce_str":"5z4ks2u5xkdi59487v4onvxo9bx0591w","openid":"ovxXWv5Ldfh1B4nho4C-Jz6Kgma0","out_trade_no":"201705161114131642","result_code":"SUCCESS","return_code":"SUCCESS","sign":"9825F4C4F52A38EEE9FD549B76968BCE","time_end":"20170516111422","total_fee":"1","trade_type":"JSAPI","transaction_id":"4005242001201705161045418552"}
[2017-05-16 14:18:49][debug] query:{"appid":"wxd46e99b7f83183e1","err_code":"ORDERNOTEXIST","err_code_des":"order not exist","mch_id":"1383580102","nonce_str":"uTOSjVFUTlFpmAQ4","result_code":"FAIL","return_code":"SUCCESS","return_msg":"OK","sign":"D6C2D138540D3971EF78C30EDFFE0073"}
[2017-05-16 14:27:06][debug] begin notify
[2017-05-16 14:27:06][debug] call back:{"appid":"wxd46e99b7f83183e1","bank_type":"GDB_CREDIT","cash_fee":"1","fee_type":"CNY","is_subscribe":"Y","mch_id":"1383580102","nonce_str":"uiquc56lwhxz7b1ow1ug4ghpkbxa4h70","openid":"ovxXWv3CHJLsugBLuDQiCAxREFtE","out_trade_no":"201705161322368274","result_code":"SUCCESS","return_code":"SUCCESS","sign":"CA55BCF503C6C57E608CDFC162E0059E","time_end":"20170516132242","total_fee":"1","trade_type":"JSAPI","transaction_id":"4002902001201705161066535210"}
[2017-05-16 14:27:07][debug] query:{"appid":"wxd46e99b7f83183e1","err_code":"ORDERNOTEXIST","err_code_des":"order not exist","mch_id":"1383580102","nonce_str":"6nIBqbNnwveu7Hpd","result_code":"FAIL","return_code":"SUCCESS","return_msg":"OK","sign":"A52BF341621D6DE53EC5FCD8E2ADA93C"}
[2017-05-16 14:57:09][debug] begin notify
[2017-05-16 14:57:09][debug] call back:{"appid":"wxd46e99b7f83183e1","bank_type":"GDB_CREDIT","cash_fee":"1","fee_type":"CNY","is_subscribe":"Y","mch_id":"1383580102","nonce_str":"uiquc56lwhxz7b1ow1ug4ghpkbxa4h70","openid":"ovxXWv3CHJLsugBLuDQiCAxREFtE","out_trade_no":"201705161322368274","result_code":"SUCCESS","return_code":"SUCCESS","sign":"CA55BCF503C6C57E608CDFC162E0059E","time_end":"20170516132242","total_fee":"1","trade_type":"JSAPI","transaction_id":"4002902001201705161066535210"}
[2017-05-16 14:57:10][debug] query:{"appid":"wxd46e99b7f83183e1","err_code":"ORDERNOTEXIST","err_code_des":"order not exist","mch_id":"1383580102","nonce_str":"z4dllbwW7S205QTf","result_code":"FAIL","return_code":"SUCCESS","return_msg":"OK","sign":"5103532D64BC30D2EE57966B7443D51F"}
[2017-05-16 15:27:11][debug] begin notify
[2017-05-16 15:27:11][debug] call back:{"appid":"wxd46e99b7f83183e1","bank_type":"GDB_CREDIT","cash_fee":"1","fee_type":"CNY","is_subscribe":"Y","mch_id":"1383580102","nonce_str":"uiquc56lwhxz7b1ow1ug4ghpkbxa4h70","openid":"ovxXWv3CHJLsugBLuDQiCAxREFtE","out_trade_no":"201705161322368274","result_code":"SUCCESS","return_code":"SUCCESS","sign":"CA55BCF503C6C57E608CDFC162E0059E","time_end":"20170516132242","total_fee":"1","trade_type":"JSAPI","transaction_id":"4002902001201705161066535210"}
[2017-05-16 15:27:13][debug] query:{"appid":"wxd46e99b7f83183e1","err_code":"ORDERNOTEXIST","err_code_des":"order not exist","mch_id":"1383580102","nonce_str":"BduYklG9evnmONiw","result_code":"FAIL","return_code":"SUCCESS","return_msg":"OK","sign":"7A61BA022BBF3D464BBBCC3DB45EAAF3"}
[2017-05-16 15:46:18][debug] begin notify
[2017-05-16 15:46:18][debug] call back:{"appid":"wxd46e99b7f83183e1","bank_type":"CFT","cash_fee":"1","fee_type":"CNY","is_subscribe":"Y","mch_id":"1383580102","nonce_str":"7jw20xzbphurl07uwn2fa1c5q052bvpq","openid":"ovxXWv5Ldfh1B4nho4C-Jz6Kgma0","out_trade_no":"201705161544527281","result_code":"SUCCESS","return_code":"SUCCESS","sign":"368A4C501A33FAB68E5D51DD541073CC","time_end":"20170516154617","total_fee":"1","trade_type":"JSAPI","transaction_id":"4005242001201705161078055446"}
[2017-05-16 15:46:19][debug] begin notify
[2017-05-16 15:46:19][debug] query:{"appid":"wxd46e99b7f83183e1","err_code":"ORDERNOTEXIST","err_code_des":"order not exist","mch_id":"1383580102","nonce_str":"KD28J0RkllChZoRB","result_code":"FAIL","return_code":"SUCCESS","return_msg":"OK","sign":"1AC878B7A321A9587AED877D64875AA6"}
[2017-05-16 15:46:21][debug] query:{"appid":"wxd46e99b7f83183e1","attach":[],"bank_type":"CFT","cash_fee":"1","fee_type":"CNY","is_subscribe":"Y","mch_id":"1383580102","nonce_str":"5Bduo5XRqtemk6ga","openid":"ovxXWv5Ldfh1B4nho4C-Jz6Kgma0","out_trade_no":"201705161544527281","result_code":"SUCCESS","return_code":"SUCCESS","return_msg":"OK","sign":"D8B594FBF8AFE1E3EF3BC2FF659DF4DF","time_end":"20170516154618","total_fee":"1","trade_state":"SUCCESS","trade_type":"JSAPI","transaction_id":"4005242001201705161078055446"}
[2017-05-16 15:46:35][debug] begin notify
[2017-05-16 15:46:35][debug] call back:{"appid":"wxd46e99b7f83183e1","bank_type":"CFT","cash_fee":"1","fee_type":"CNY","is_subscribe":"Y","mch_id":"1383580102","nonce_str":"7jw20xzbphurl07uwn2fa1c5q052bvpq","openid":"ovxXWv5Ldfh1B4nho4C-Jz6Kgma0","out_trade_no":"201705161544527281","result_code":"SUCCESS","return_code":"SUCCESS","sign":"368A4C501A33FAB68E5D51DD541073CC","time_end":"20170516154617","total_fee":"1","trade_type":"JSAPI","transaction_id":"4005242001201705161078055446"}
[2017-05-16 15:46:36][debug] query:{"appid":"wxd46e99b7f83183e1","err_code":"ORDERNOTEXIST","err_code_des":"order not exist","mch_id":"1383580102","nonce_str":"3BGaTK5ZVsJdImp4","result_code":"FAIL","return_code":"SUCCESS","return_msg":"OK","sign":"18175C6B93449DB12A497F027643C690"}
[2017-05-16 15:46:52][debug] begin notify
[2017-05-16 15:46:52][debug] call back:{"appid":"wxd46e99b7f83183e1","bank_type":"CFT","cash_fee":"1","fee_type":"CNY","is_subscribe":"Y","mch_id":"1383580102","nonce_str":"7jw20xzbphurl07uwn2fa1c5q052bvpq","openid":"ovxXWv5Ldfh1B4nho4C-Jz6Kgma0","out_trade_no":"201705161544527281","result_code":"SUCCESS","return_code":"SUCCESS","sign":"368A4C501A33FAB68E5D51DD541073CC","time_end":"20170516154617","total_fee":"1","trade_type":"JSAPI","transaction_id":"4005242001201705161078055446"}
[2017-05-16 15:46:54][debug] query:{"appid":"wxd46e99b7f83183e1","err_code":"ORDERNOTEXIST","err_code_des":"order not exist","mch_id":"1383580102","nonce_str":"XDt7sNX0ejZvpqBk","result_code":"FAIL","return_code":"SUCCESS","return_msg":"OK","sign":"9C5944D50E8B28C4BEC0915E091ACF52"}
[2017-05-16 15:47:26][debug] begin notify
[2017-05-16 15:47:26][debug] call back:{"appid":"wxd46e99b7f83183e1","bank_type":"CFT","cash_fee":"1","fee_type":"CNY","is_subscribe":"Y","mch_id":"1383580102","nonce_str":"7jw20xzbphurl07uwn2fa1c5q052bvpq","openid":"ovxXWv5Ldfh1B4nho4C-Jz6Kgma0","out_trade_no":"201705161544527281","result_code":"SUCCESS","return_code":"SUCCESS","sign":"368A4C501A33FAB68E5D51DD541073CC","time_end":"20170516154617","total_fee":"1","trade_type":"JSAPI","transaction_id":"4005242001201705161078055446"}
[2017-05-16 15:47:28][debug] query:{"appid":"wxd46e99b7f83183e1","err_code":"ORDERNOTEXIST","err_code_des":"order not exist","mch_id":"1383580102","nonce_str":"icT9Ks1lIxvPnzIi","result_code":"FAIL","return_code":"SUCCESS","return_msg":"OK","sign":"429D998010C8144BF46996AD14DE9370"}
[2017-05-16 15:48:59][debug] begin notify
[2017-05-16 15:48:59][debug] call back:{"appid":"wxd46e99b7f83183e1","bank_type":"CFT","cash_fee":"1","fee_type":"CNY","is_subscribe":"Y","mch_id":"1383580102","nonce_str":"bqe06z47uj1jda4j0rk0awlh5ime3vq0","openid":"ovxXWv5Ldfh1B4nho4C-Jz6Kgma0","out_trade_no":"201705161548448865","result_code":"SUCCESS","return_code":"SUCCESS","sign":"D46358DB9A26CC7DE58895465A56B124","time_end":"20170516154858","total_fee":"1","trade_type":"JSAPI","transaction_id":"4005242001201705161081075818"}
[2017-05-16 15:49:00][debug] query:{"appid":"wxd46e99b7f83183e1","err_code":"ORDERNOTEXIST","err_code_des":"order not exist","mch_id":"1383580102","nonce_str":"iKsbIf1e86TeiXVk","result_code":"FAIL","return_code":"SUCCESS","return_msg":"OK","sign":"F5FBDF3E38D033B5E3CCC08AFBF49BFD"}
[2017-05-16 15:49:01][debug] begin notify
[2017-05-16 15:49:02][debug] query:{"appid":"wxd46e99b7f83183e1","attach":[],"bank_type":"CFT","cash_fee":"1","fee_type":"CNY","is_subscribe":"Y","mch_id":"1383580102","nonce_str":"oJG1z9ECTukrHQgB","openid":"ovxXWv5Ldfh1B4nho4C-Jz6Kgma0","out_trade_no":"201705161548448865","result_code":"SUCCESS","return_code":"SUCCESS","return_msg":"OK","sign":"C62B05DD44A7AF175CCD542717BD5141","time_end":"20170516154858","total_fee":"1","trade_state":"SUCCESS","trade_type":"JSAPI","transaction_id":"4005242001201705161081075818"}
[2017-05-16 15:49:14][debug] begin notify
[2017-05-16 15:49:14][debug] call back:{"appid":"wxd46e99b7f83183e1","bank_type":"CFT","cash_fee":"1","fee_type":"CNY","is_subscribe":"Y","mch_id":"1383580102","nonce_str":"bqe06z47uj1jda4j0rk0awlh5ime3vq0","openid":"ovxXWv5Ldfh1B4nho4C-Jz6Kgma0","out_trade_no":"201705161548448865","result_code":"SUCCESS","return_code":"SUCCESS","sign":"D46358DB9A26CC7DE58895465A56B124","time_end":"20170516154858","total_fee":"1","trade_type":"JSAPI","transaction_id":"4005242001201705161081075818"}
[2017-05-16 15:49:16][debug] query:{"appid":"wxd46e99b7f83183e1","err_code":"ORDERNOTEXIST","err_code_des":"order not exist","mch_id":"1383580102","nonce_str":"Fi9EnQkU9w0iXVhC","result_code":"FAIL","return_code":"SUCCESS","return_msg":"OK","sign":"D82D05924CB02604133990133E4C3BFD"}
[2017-05-16 15:49:33][debug] begin notify
[2017-05-16 15:49:33][debug] call back:{"appid":"wxd46e99b7f83183e1","bank_type":"CFT","cash_fee":"1","fee_type":"CNY","is_subscribe":"Y","mch_id":"1383580102","nonce_str":"bqe06z47uj1jda4j0rk0awlh5ime3vq0","openid":"ovxXWv5Ldfh1B4nho4C-Jz6Kgma0","out_trade_no":"201705161548448865","result_code":"SUCCESS","return_code":"SUCCESS","sign":"D46358DB9A26CC7DE58895465A56B124","time_end":"20170516154858","total_fee":"1","trade_type":"JSAPI","transaction_id":"4005242001201705161081075818"}
[2017-05-16 15:49:34][debug] query:{"appid":"wxd46e99b7f83183e1","err_code":"ORDERNOTEXIST","err_code_des":"order not exist","mch_id":"1383580102","nonce_str":"mRcjk0Z0saZBRXLn","result_code":"FAIL","return_code":"SUCCESS","return_msg":"OK","sign":"6F9090FE8F5E01D8DA6B27254594B8FF"}
[2017-05-16 15:50:06][debug] begin notify
[2017-05-16 15:50:06][debug] call back:{"appid":"wxd46e99b7f83183e1","bank_type":"CFT","cash_fee":"1","fee_type":"CNY","is_subscribe":"Y","mch_id":"1383580102","nonce_str":"bqe06z47uj1jda4j0rk0awlh5ime3vq0","openid":"ovxXWv5Ldfh1B4nho4C-Jz6Kgma0","out_trade_no":"201705161548448865","result_code":"SUCCESS","return_code":"SUCCESS","sign":"D46358DB9A26CC7DE58895465A56B124","time_end":"20170516154858","total_fee":"1","trade_type":"JSAPI","transaction_id":"4005242001201705161081075818"}
[2017-05-16 15:50:07][debug] query:{"appid":"wxd46e99b7f83183e1","err_code":"ORDERNOTEXIST","err_code_des":"order not exist","mch_id":"1383580102","nonce_str":"hqEj0hY2q6VCeLDi","result_code":"FAIL","return_code":"SUCCESS","return_msg":"OK","sign":"97F3F41A94E0A8CC3B528962F69765EC"}
[2017-05-16 15:50:29][debug] begin notify
[2017-05-16 15:50:29][debug] call back:{"appid":"wxd46e99b7f83183e1","bank_type":"CFT","cash_fee":"1","fee_type":"CNY","is_subscribe":"Y","mch_id":"1383580102","nonce_str":"7jw20xzbphurl07uwn2fa1c5q052bvpq","openid":"ovxXWv5Ldfh1B4nho4C-Jz6Kgma0","out_trade_no":"201705161544527281","result_code":"SUCCESS","return_code":"SUCCESS","sign":"368A4C501A33FAB68E5D51DD541073CC","time_end":"20170516154617","total_fee":"1","trade_type":"JSAPI","transaction_id":"4005242001201705161078055446"}
[2017-05-16 15:50:31][debug] query:{"appid":"wxd46e99b7f83183e1","err_code":"ORDERNOTEXIST","err_code_des":"order not exist","mch_id":"1383580102","nonce_str":"rrHJjJ5ZdKZBdFX5","result_code":"FAIL","return_code":"SUCCESS","return_msg":"OK","sign":"D868DFEF7C94CA1B19EB0E1FF1BB1083"}
[2017-05-16 15:53:09][debug] begin notify
[2017-05-16 15:53:09][debug] call back:{"appid":"wxd46e99b7f83183e1","bank_type":"CFT","cash_fee":"1","fee_type":"CNY","is_subscribe":"Y","mch_id":"1383580102","nonce_str":"bqe06z47uj1jda4j0rk0awlh5ime3vq0","openid":"ovxXWv5Ldfh1B4nho4C-Jz6Kgma0","out_trade_no":"201705161548448865","result_code":"SUCCESS","return_code":"SUCCESS","sign":"D46358DB9A26CC7DE58895465A56B124","time_end":"20170516154858","total_fee":"1","trade_type":"JSAPI","transaction_id":"4005242001201705161081075818"}
[2017-05-16 15:53:11][debug] query:{"appid":"wxd46e99b7f83183e1","err_code":"ORDERNOTEXIST","err_code_des":"order not exist","mch_id":"1383580102","nonce_str":"Eq7QNSjXlYG5vdve","result_code":"FAIL","return_code":"SUCCESS","return_msg":"OK","sign":"84964C1AD28CEA29D9BC2FE0CDAF9446"}
[2017-05-16 15:56:54][debug] begin notify
[2017-05-16 15:56:54][debug] call back:{"appid":"wxd46e99b7f83183e1","bank_type":"CFT","cash_fee":"1","fee_type":"CNY","is_subscribe":"Y","mch_id":"1383580102","nonce_str":"mf0zpyd8m061npuao7ez0y3emcsfovhe","openid":"ovxXWv5Ldfh1B4nho4C-Jz6Kgma0","out_trade_no":"201705161556476080","result_code":"SUCCESS","return_code":"SUCCESS","sign":"D33B79B96956ACD8DF60C79D601F0354","time_end":"20170516155654","total_fee":"1","trade_type":"JSAPI","transaction_id":"4005242001201705161079352239"}
[2017-05-16 15:56:56][debug] query:{"appid":"wxd46e99b7f83183e1","err_code":"ORDERNOTEXIST","err_code_des":"order not exist","mch_id":"1383580102","nonce_str":"NLeTNCP7K4xExFxn","result_code":"FAIL","return_code":"SUCCESS","return_msg":"OK","sign":"B9733E231375C4AE7FF4187B7ED6AEAD"}
[2017-05-16 15:56:56][debug] begin notify
[2017-05-16 15:56:58][debug] query:{"appid":"wxd46e99b7f83183e1","attach":[],"bank_type":"CFT","cash_fee":"1","fee_type":"CNY","is_subscribe":"Y","mch_id":"1383580102","nonce_str":"Jn46y40sQ34u3dJe","openid":"ovxXWv5Ldfh1B4nho4C-Jz6Kgma0","out_trade_no":"201705161556476080","result_code":"SUCCESS","return_code":"SUCCESS","return_msg":"OK","sign":"B7BA497867F391039F79913A68601677","time_end":"20170516155654","total_fee":"1","trade_state":"SUCCESS","trade_type":"JSAPI","transaction_id":"4005242001201705161079352239"}
[2017-05-16 15:57:07][debug] begin notify
[2017-05-16 15:57:07][debug] call back:{"appid":"wxd46e99b7f83183e1","bank_type":"CFT","cash_fee":"1","fee_type":"CNY","is_subscribe":"Y","mch_id":"1383580102","nonce_str":"mf0zpyd8m061npuao7ez0y3emcsfovhe","openid":"ovxXWv5Ldfh1B4nho4C-Jz6Kgma0","out_trade_no":"201705161556476080","result_code":"SUCCESS","return_code":"SUCCESS","sign":"D33B79B96956ACD8DF60C79D601F0354","time_end":"20170516155654","total_fee":"1","trade_type":"JSAPI","transaction_id":"4005242001201705161079352239"}
[2017-05-16 15:57:09][debug] query:{"appid":"wxd46e99b7f83183e1","err_code":"ORDERNOTEXIST","err_code_des":"order not exist","mch_id":"1383580102","nonce_str":"5M3mzq1mG5TmeRrT","result_code":"FAIL","return_code":"SUCCESS","return_msg":"OK","sign":"94D4E50BFDBC521788C17FB759A79721"}
[2017-05-16 15:57:26][debug] begin notify
[2017-05-16 15:57:26][debug] call back:{"appid":"wxd46e99b7f83183e1","bank_type":"CFT","cash_fee":"1","fee_type":"CNY","is_subscribe":"Y","mch_id":"1383580102","nonce_str":"mf0zpyd8m061npuao7ez0y3emcsfovhe","openid":"ovxXWv5Ldfh1B4nho4C-Jz6Kgma0","out_trade_no":"201705161556476080","result_code":"SUCCESS","return_code":"SUCCESS","sign":"D33B79B96956ACD8DF60C79D601F0354","time_end":"20170516155654","total_fee":"1","trade_type":"JSAPI","transaction_id":"4005242001201705161079352239"}
[2017-05-16 15:57:28][debug] query:{"appid":"wxd46e99b7f83183e1","err_code":"ORDERNOTEXIST","err_code_des":"order not exist","mch_id":"1383580102","nonce_str":"GsQvpQaKx0E359lv","result_code":"FAIL","return_code":"SUCCESS","return_msg":"OK","sign":"FFED1527D73166D58A4AF0E6C01B9906"}
[2017-05-16 15:58:00][debug] begin notify
[2017-05-16 15:58:00][debug] call back:{"appid":"wxd46e99b7f83183e1","bank_type":"CFT","cash_fee":"1","fee_type":"CNY","is_subscribe":"Y","mch_id":"1383580102","nonce_str":"mf0zpyd8m061npuao7ez0y3emcsfovhe","openid":"ovxXWv5Ldfh1B4nho4C-Jz6Kgma0","out_trade_no":"201705161556476080","result_code":"SUCCESS","return_code":"SUCCESS","sign":"D33B79B96956ACD8DF60C79D601F0354","time_end":"20170516155654","total_fee":"1","trade_type":"JSAPI","transaction_id":"4005242001201705161079352239"}
[2017-05-16 15:58:01][debug] query:{"appid":"wxd46e99b7f83183e1","err_code":"ORDERNOTEXIST","err_code_des":"order not exist","mch_id":"1383580102","nonce_str":"iuzGQe0WkiW7PXOr","result_code":"FAIL","return_code":"SUCCESS","return_msg":"OK","sign":"7C146D3CBAEB7F131811B2C27DCC72E2"}
[2017-05-16 16:01:04][debug] begin notify
[2017-05-16 16:01:04][debug] call back:{"appid":"wxd46e99b7f83183e1","bank_type":"CFT","cash_fee":"1","fee_type":"CNY","is_subscribe":"Y","mch_id":"1383580102","nonce_str":"mf0zpyd8m061npuao7ez0y3emcsfovhe","openid":"ovxXWv5Ldfh1B4nho4C-Jz6Kgma0","out_trade_no":"201705161556476080","result_code":"SUCCESS","return_code":"SUCCESS","sign":"D33B79B96956ACD8DF60C79D601F0354","time_end":"20170516155654","total_fee":"1","trade_type":"JSAPI","transaction_id":"4005242001201705161079352239"}
[2017-05-16 16:01:06][debug] query:{"appid":"wxd46e99b7f83183e1","err_code":"ORDERNOTEXIST","err_code_des":"order not exist","mch_id":"1383580102","nonce_str":"hZ31cdc2LNOWtEPP","result_code":"FAIL","return_code":"SUCCESS","return_msg":"OK","sign":"FB4326191A95FF95AB4DE1DF9377E690"}
[2017-05-16 16:17:54][debug] begin notify
[2017-05-16 16:17:54][debug] call back:{"appid":"wxd46e99b7f83183e1","bank_type":"CFT","cash_fee":"1","fee_type":"CNY","is_subscribe":"Y","mch_id":"1383580102","nonce_str":"xw0xqbshfgjuv11j0izkh4qd2tzzkpxg","openid":"ovxXWv5Ldfh1B4nho4C-Jz6Kgma0","out_trade_no":"201705161617451965","result_code":"SUCCESS","return_code":"SUCCESS","sign":"19154CE4412C516E0A9D1EA315A706D9","time_end":"20170516161754","total_fee":"1","trade_type":"JSAPI","transaction_id":"4005242001201705161083486835"}
[2017-05-16 16:17:55][debug] begin notify
[2017-05-16 16:17:56][debug] query:{"appid":"wxd46e99b7f83183e1","err_code":"ORDERNOTEXIST","err_code_des":"order not exist","mch_id":"1383580102","nonce_str":"yZQBlD37VGtSWOn7","result_code":"FAIL","return_code":"SUCCESS","return_msg":"OK","sign":"FD60BA5D5807F22AAB55A2BF0BCE57EC"}
[2017-05-16 16:17:57][debug] query:{"appid":"wxd46e99b7f83183e1","attach":[],"bank_type":"CFT","cash_fee":"1","fee_type":"CNY","is_subscribe":"Y","mch_id":"1383580102","nonce_str":"ledNh6YX68da9eib","openid":"ovxXWv5Ldfh1B4nho4C-Jz6Kgma0","out_trade_no":"201705161617451965","result_code":"SUCCESS","return_code":"SUCCESS","return_msg":"OK","sign":"E92AC5644DE5E556268D10FDE54237B8","time_end":"20170516161754","total_fee":"1","trade_state":"SUCCESS","trade_type":"JSAPI","transaction_id":"4005242001201705161083486835"}
[2017-05-16 16:18:10][debug] begin notify
[2017-05-16 16:18:10][debug] call back:{"appid":"wxd46e99b7f83183e1","bank_type":"CFT","cash_fee":"1","fee_type":"CNY","is_subscribe":"Y","mch_id":"1383580102","nonce_str":"xw0xqbshfgjuv11j0izkh4qd2tzzkpxg","openid":"ovxXWv5Ldfh1B4nho4C-Jz6Kgma0","out_trade_no":"201705161617451965","result_code":"SUCCESS","return_code":"SUCCESS","sign":"19154CE4412C516E0A9D1EA315A706D9","time_end":"20170516161754","total_fee":"1","trade_type":"JSAPI","transaction_id":"4005242001201705161083486835"}
[2017-05-16 16:18:12][debug] query:{"appid":"wxd46e99b7f83183e1","err_code":"ORDERNOTEXIST","err_code_des":"order not exist","mch_id":"1383580102","nonce_str":"vkSf3V6r4T30yvAU","result_code":"FAIL","return_code":"SUCCESS","return_msg":"OK","sign":"5B6CB3EEB730C46E27731D0C289E6A7E"}
[2017-05-16 16:18:28][debug] begin notify
[2017-05-16 16:18:28][debug] call back:{"appid":"wxd46e99b7f83183e1","bank_type":"CFT","cash_fee":"1","fee_type":"CNY","is_subscribe":"Y","mch_id":"1383580102","nonce_str":"xw0xqbshfgjuv11j0izkh4qd2tzzkpxg","openid":"ovxXWv5Ldfh1B4nho4C-Jz6Kgma0","out_trade_no":"201705161617451965","result_code":"SUCCESS","return_code":"SUCCESS","sign":"19154CE4412C516E0A9D1EA315A706D9","time_end":"20170516161754","total_fee":"1","trade_type":"JSAPI","transaction_id":"4005242001201705161083486835"}
[2017-05-16 16:18:30][debug] query:{"appid":"wxd46e99b7f83183e1","err_code":"ORDERNOTEXIST","err_code_des":"order not exist","mch_id":"1383580102","nonce_str":"sNfuCa74h8AXcqk8","result_code":"FAIL","return_code":"SUCCESS","return_msg":"OK","sign":"BD25639CC599743913C859B99528BDB3"}
[2017-05-16 16:19:01][debug] begin notify
[2017-05-16 16:19:01][debug] call back:{"appid":"wxd46e99b7f83183e1","bank_type":"CFT","cash_fee":"1","fee_type":"CNY","is_subscribe":"Y","mch_id":"1383580102","nonce_str":"xw0xqbshfgjuv11j0izkh4qd2tzzkpxg","openid":"ovxXWv5Ldfh1B4nho4C-Jz6Kgma0","out_trade_no":"201705161617451965","result_code":"SUCCESS","return_code":"SUCCESS","sign":"19154CE4412C516E0A9D1EA315A706D9","time_end":"20170516161754","total_fee":"1","trade_type":"JSAPI","transaction_id":"4005242001201705161083486835"}
[2017-05-16 16:19:03][debug] query:{"appid":"wxd46e99b7f83183e1","err_code":"ORDERNOTEXIST","err_code_des":"order not exist","mch_id":"1383580102","nonce_str":"DRVLYqEpHAWFjm1a","result_code":"FAIL","return_code":"SUCCESS","return_msg":"OK","sign":"C5DA002D895662BD60F969A6513D8FA3"}
[2017-05-16 16:20:32][debug] begin notify
[2017-05-16 16:20:32][debug] call back:{"appid":"wxd46e99b7f83183e1","bank_type":"CFT","cash_fee":"1","fee_type":"CNY","is_subscribe":"Y","mch_id":"1383580102","nonce_str":"7jw20xzbphurl07uwn2fa1c5q052bvpq","openid":"ovxXWv5Ldfh1B4nho4C-Jz6Kgma0","out_trade_no":"201705161544527281","result_code":"SUCCESS","return_code":"SUCCESS","sign":"368A4C501A33FAB68E5D51DD541073CC","time_end":"20170516154617","total_fee":"1","trade_type":"JSAPI","transaction_id":"4005242001201705161078055446"}
[2017-05-16 16:20:34][debug] query:{"appid":"wxd46e99b7f83183e1","err_code":"ORDERNOTEXIST","err_code_des":"order not exist","mch_id":"1383580102","nonce_str":"5UtEnJv0LHr0UfrO","result_code":"FAIL","return_code":"SUCCESS","return_msg":"OK","sign":"00B390297D7A244FE939285A082EB1EE"}
[2017-05-16 16:22:04][debug] begin notify
[2017-05-16 16:22:04][debug] call back:{"appid":"wxd46e99b7f83183e1","bank_type":"CFT","cash_fee":"1","fee_type":"CNY","is_subscribe":"Y","mch_id":"1383580102","nonce_str":"xw0xqbshfgjuv11j0izkh4qd2tzzkpxg","openid":"ovxXWv5Ldfh1B4nho4C-Jz6Kgma0","out_trade_no":"201705161617451965","result_code":"SUCCESS","return_code":"SUCCESS","sign":"19154CE4412C516E0A9D1EA315A706D9","time_end":"20170516161754","total_fee":"1","trade_type":"JSAPI","transaction_id":"4005242001201705161083486835"}
[2017-05-16 16:22:06][debug] query:{"appid":"wxd46e99b7f83183e1","err_code":"ORDERNOTEXIST","err_code_des":"order not exist","mch_id":"1383580102","nonce_str":"5yMUaGR3T8fVF0Vg","result_code":"FAIL","return_code":"SUCCESS","return_msg":"OK","sign":"07EDEE116A8834828C2ADF9B2846DAF7"}
[2017-05-16 16:23:13][debug] begin notify
[2017-05-16 16:23:13][debug] call back:{"appid":"wxd46e99b7f83183e1","bank_type":"CFT","cash_fee":"1","fee_type":"CNY","is_subscribe":"Y","mch_id":"1383580102","nonce_str":"bqe06z47uj1jda4j0rk0awlh5ime3vq0","openid":"ovxXWv5Ldfh1B4nho4C-Jz6Kgma0","out_trade_no":"201705161548448865","result_code":"SUCCESS","return_code":"SUCCESS","sign":"D46358DB9A26CC7DE58895465A56B124","time_end":"20170516154858","total_fee":"1","trade_type":"JSAPI","transaction_id":"4005242001201705161081075818"}
[2017-05-16 16:23:14][debug] query:{"appid":"wxd46e99b7f83183e1","err_code":"ORDERNOTEXIST","err_code_des":"order not exist","mch_id":"1383580102","nonce_str":"t5wQCgIpMUQ2wo3r","result_code":"FAIL","return_code":"SUCCESS","return_msg":"OK","sign":"1CDAF0492A53E2D380BD421A88ECC160"}
[2017-05-16 16:27:15][debug] begin notify
[2017-05-16 16:27:15][debug] call back:{"appid":"wxd46e99b7f83183e1","bank_type":"GDB_CREDIT","cash_fee":"1","fee_type":"CNY","is_subscribe":"Y","mch_id":"1383580102","nonce_str":"uiquc56lwhxz7b1ow1ug4ghpkbxa4h70","openid":"ovxXWv3CHJLsugBLuDQiCAxREFtE","out_trade_no":"201705161322368274","result_code":"SUCCESS","return_code":"SUCCESS","sign":"CA55BCF503C6C57E608CDFC162E0059E","time_end":"20170516132242","total_fee":"1","trade_type":"JSAPI","transaction_id":"4002902001201705161066535210"}
[2017-05-16 16:27:17][debug] query:{"appid":"wxd46e99b7f83183e1","err_code":"ORDERNOTEXIST","err_code_des":"order not exist","mch_id":"1383580102","nonce_str":"6JcxoX1kxp0IwPTl","result_code":"FAIL","return_code":"SUCCESS","return_msg":"OK","sign":"4D21CFB5E96ADBD86A803658125A338F"}
[2017-05-16 16:31:08][debug] begin notify
[2017-05-16 16:31:08][debug] call back:{"appid":"wxd46e99b7f83183e1","bank_type":"CFT","cash_fee":"1","fee_type":"CNY","is_subscribe":"Y","mch_id":"1383580102","nonce_str":"mf0zpyd8m061npuao7ez0y3emcsfovhe","openid":"ovxXWv5Ldfh1B4nho4C-Jz6Kgma0","out_trade_no":"201705161556476080","result_code":"SUCCESS","return_code":"SUCCESS","sign":"D33B79B96956ACD8DF60C79D601F0354","time_end":"20170516155654","total_fee":"1","trade_type":"JSAPI","transaction_id":"4005242001201705161079352239"}
[2017-05-16 16:31:09][debug] query:{"appid":"wxd46e99b7f83183e1","err_code":"ORDERNOTEXIST","err_code_des":"order not exist","mch_id":"1383580102","nonce_str":"PZ7k9DguAw56bCQH","result_code":"FAIL","return_code":"SUCCESS","return_msg":"OK","sign":"F88C17DFB21B9E98EA9F41ABF5199FE8"}
[2017-05-16 16:50:36][debug] begin notify
[2017-05-16 16:50:36][debug] call back:{"appid":"wxd46e99b7f83183e1","bank_type":"CFT","cash_fee":"1","fee_type":"CNY","is_subscribe":"Y","mch_id":"1383580102","nonce_str":"7jw20xzbphurl07uwn2fa1c5q052bvpq","openid":"ovxXWv5Ldfh1B4nho4C-Jz6Kgma0","out_trade_no":"201705161544527281","result_code":"SUCCESS","return_code":"SUCCESS","sign":"368A4C501A33FAB68E5D51DD541073CC","time_end":"20170516154617","total_fee":"1","trade_type":"JSAPI","transaction_id":"4005242001201705161078055446"}
[2017-05-16 16:50:38][debug] query:{"appid":"wxd46e99b7f83183e1","err_code":"ORDERNOTEXIST","err_code_des":"order not exist","mch_id":"1383580102","nonce_str":"XSzCGYYP5kgCRjPI","result_code":"FAIL","return_code":"SUCCESS","return_msg":"OK","sign":"78BEDB1C6697DA526FB92DDD5867604C"}
[2017-05-16 16:52:08][debug] begin notify
[2017-05-16 16:52:08][debug] call back:{"appid":"wxd46e99b7f83183e1","bank_type":"CFT","cash_fee":"1","fee_type":"CNY","is_subscribe":"Y","mch_id":"1383580102","nonce_str":"xw0xqbshfgjuv11j0izkh4qd2tzzkpxg","openid":"ovxXWv5Ldfh1B4nho4C-Jz6Kgma0","out_trade_no":"201705161617451965","result_code":"SUCCESS","return_code":"SUCCESS","sign":"19154CE4412C516E0A9D1EA315A706D9","time_end":"20170516161754","total_fee":"1","trade_type":"JSAPI","transaction_id":"4005242001201705161083486835"}
[2017-05-16 16:52:09][debug] query:{"appid":"wxd46e99b7f83183e1","err_code":"ORDERNOTEXIST","err_code_des":"order not exist","mch_id":"1383580102","nonce_str":"7mJnisLRJYhKHrAD","result_code":"FAIL","return_code":"SUCCESS","return_msg":"OK","sign":"B6B41C0AA32A04AE16EC642757DD9CB3"}
[2017-05-16 16:53:16][debug] begin notify
[2017-05-16 16:53:16][debug] call back:{"appid":"wxd46e99b7f83183e1","bank_type":"CFT","cash_fee":"1","fee_type":"CNY","is_subscribe":"Y","mch_id":"1383580102","nonce_str":"bqe06z47uj1jda4j0rk0awlh5ime3vq0","openid":"ovxXWv5Ldfh1B4nho4C-Jz6Kgma0","out_trade_no":"201705161548448865","result_code":"SUCCESS","return_code":"SUCCESS","sign":"D46358DB9A26CC7DE58895465A56B124","time_end":"20170516154858","total_fee":"1","trade_type":"JSAPI","transaction_id":"4005242001201705161081075818"}
[2017-05-16 16:53:16][debug] query:{"appid":"wxd46e99b7f83183e1","err_code":"ORDERNOTEXIST","err_code_des":"order not exist","mch_id":"1383580102","nonce_str":"vA3FLIYxP3iG0aXV","result_code":"FAIL","return_code":"SUCCESS","return_msg":"OK","sign":"60EB4F291ED319B32CBCFA4B15936D39"}
[2017-05-16 17:01:11][debug] begin notify
[2017-05-16 17:01:11][debug] call back:{"appid":"wxd46e99b7f83183e1","bank_type":"CFT","cash_fee":"1","fee_type":"CNY","is_subscribe":"Y","mch_id":"1383580102","nonce_str":"mf0zpyd8m061npuao7ez0y3emcsfovhe","openid":"ovxXWv5Ldfh1B4nho4C-Jz6Kgma0","out_trade_no":"201705161556476080","result_code":"SUCCESS","return_code":"SUCCESS","sign":"D33B79B96956ACD8DF60C79D601F0354","time_end":"20170516155654","total_fee":"1","trade_type":"JSAPI","transaction_id":"4005242001201705161079352239"}
[2017-05-16 17:01:12][debug] query:{"appid":"wxd46e99b7f83183e1","err_code":"ORDERNOTEXIST","err_code_des":"order not exist","mch_id":"1383580102","nonce_str":"vvbyT2iywJkM37mA","result_code":"FAIL","return_code":"SUCCESS","return_msg":"OK","sign":"69D2F61C65DDA82A0473978E93F45707"}
[2017-05-16 17:20:40][debug] begin notify
[2017-05-16 17:20:40][debug] call back:{"appid":"wxd46e99b7f83183e1","bank_type":"CFT","cash_fee":"1","fee_type":"CNY","is_subscribe":"Y","mch_id":"1383580102","nonce_str":"7jw20xzbphurl07uwn2fa1c5q052bvpq","openid":"ovxXWv5Ldfh1B4nho4C-Jz6Kgma0","out_trade_no":"201705161544527281","result_code":"SUCCESS","return_code":"SUCCESS","sign":"368A4C501A33FAB68E5D51DD541073CC","time_end":"20170516154617","total_fee":"1","trade_type":"JSAPI","transaction_id":"4005242001201705161078055446"}
[2017-05-16 17:20:42][debug] query:{"appid":"wxd46e99b7f83183e1","err_code":"ORDERNOTEXIST","err_code_des":"order not exist","mch_id":"1383580102","nonce_str":"5Kslw31NsRJERqes","result_code":"FAIL","return_code":"SUCCESS","return_msg":"OK","sign":"2E3BF1B0444F91648D9D3C92883A6F5C"}
[2017-05-16 17:22:10][debug] begin notify
[2017-05-16 17:22:10][debug] call back:{"appid":"wxd46e99b7f83183e1","bank_type":"CFT","cash_fee":"1","fee_type":"CNY","is_subscribe":"Y","mch_id":"1383580102","nonce_str":"xw0xqbshfgjuv11j0izkh4qd2tzzkpxg","openid":"ovxXWv5Ldfh1B4nho4C-Jz6Kgma0","out_trade_no":"201705161617451965","result_code":"SUCCESS","return_code":"SUCCESS","sign":"19154CE4412C516E0A9D1EA315A706D9","time_end":"20170516161754","total_fee":"1","trade_type":"JSAPI","transaction_id":"4005242001201705161083486835"}
[2017-05-16 17:22:12][debug] query:{"appid":"wxd46e99b7f83183e1","err_code":"ORDERNOTEXIST","err_code_des":"order not exist","mch_id":"1383580102","nonce_str":"m2NEf8ChTEyssT52","result_code":"FAIL","return_code":"SUCCESS","return_msg":"OK","sign":"FEF95875DC0BD45AE701B19FCABB7579"}
[2017-05-16 17:23:18][debug] begin notify
[2017-05-16 17:23:18][debug] call back:{"appid":"wxd46e99b7f83183e1","bank_type":"CFT","cash_fee":"1","fee_type":"CNY","is_subscribe":"Y","mch_id":"1383580102","nonce_str":"bqe06z47uj1jda4j0rk0awlh5ime3vq0","openid":"ovxXWv5Ldfh1B4nho4C-Jz6Kgma0","out_trade_no":"201705161548448865","result_code":"SUCCESS","return_code":"SUCCESS","sign":"D46358DB9A26CC7DE58895465A56B124","time_end":"20170516154858","total_fee":"1","trade_type":"JSAPI","transaction_id":"4005242001201705161081075818"}
[2017-05-16 17:23:18][debug] query:{"appid":"wxd46e99b7f83183e1","err_code":"ORDERNOTEXIST","err_code_des":"order not exist","mch_id":"1383580102","nonce_str":"iWWhT4ner6G1QNWf","result_code":"FAIL","return_code":"SUCCESS","return_msg":"OK","sign":"9CE4DBA993E12F215DC7F577405EA745"}
[2017-05-16 17:31:14][debug] begin notify
[2017-05-16 17:31:14][debug] call back:{"appid":"wxd46e99b7f83183e1","bank_type":"CFT","cash_fee":"1","fee_type":"CNY","is_subscribe":"Y","mch_id":"1383580102","nonce_str":"mf0zpyd8m061npuao7ez0y3emcsfovhe","openid":"ovxXWv5Ldfh1B4nho4C-Jz6Kgma0","out_trade_no":"201705161556476080","result_code":"SUCCESS","return_code":"SUCCESS","sign":"D33B79B96956ACD8DF60C79D601F0354","time_end":"20170516155654","total_fee":"1","trade_type":"JSAPI","transaction_id":"4005242001201705161079352239"}
[2017-05-16 17:31:16][debug] query:{"appid":"wxd46e99b7f83183e1","err_code":"ORDERNOTEXIST","err_code_des":"order not exist","mch_id":"1383580102","nonce_str":"GZP8vE9jfuW89HOd","result_code":"FAIL","return_code":"SUCCESS","return_msg":"OK","sign":"4CB60B2303610511759469A4B6E1DC5C"}
[2017-05-16 17:50:44][debug] begin notify
[2017-05-16 17:50:44][debug] call back:{"appid":"wxd46e99b7f83183e1","bank_type":"CFT","cash_fee":"1","fee_type":"CNY","is_subscribe":"Y","mch_id":"1383580102","nonce_str":"7jw20xzbphurl07uwn2fa1c5q052bvpq","openid":"ovxXWv5Ldfh1B4nho4C-Jz6Kgma0","out_trade_no":"201705161544527281","result_code":"SUCCESS","return_code":"SUCCESS","sign":"368A4C501A33FAB68E5D51DD541073CC","time_end":"20170516154617","total_fee":"1","trade_type":"JSAPI","transaction_id":"4005242001201705161078055446"}
[2017-05-16 17:50:45][debug] query:{"appid":"wxd46e99b7f83183e1","err_code":"ORDERNOTEXIST","err_code_des":"order not exist","mch_id":"1383580102","nonce_str":"G2N56Sci9AFgnTvJ","result_code":"FAIL","return_code":"SUCCESS","return_msg":"OK","sign":"E5D056AE183EF6A0E3ACF4C1AFE65ED2"}
[2017-05-16 17:52:14][debug] begin notify
[2017-05-16 17:52:14][debug] call back:{"appid":"wxd46e99b7f83183e1","bank_type":"CFT","cash_fee":"1","fee_type":"CNY","is_subscribe":"Y","mch_id":"1383580102","nonce_str":"xw0xqbshfgjuv11j0izkh4qd2tzzkpxg","openid":"ovxXWv5Ldfh1B4nho4C-Jz6Kgma0","out_trade_no":"201705161617451965","result_code":"SUCCESS","return_code":"SUCCESS","sign":"19154CE4412C516E0A9D1EA315A706D9","time_end":"20170516161754","total_fee":"1","trade_type":"JSAPI","transaction_id":"4005242001201705161083486835"}
[2017-05-16 17:52:16][debug] query:{"appid":"wxd46e99b7f83183e1","err_code":"ORDERNOTEXIST","err_code_des":"order not exist","mch_id":"1383580102","nonce_str":"1ZhsqjS2YC4BseH1","result_code":"FAIL","return_code":"SUCCESS","return_msg":"OK","sign":"B41F0D6E99C2216741CF770C825E8AAB"}
[2017-05-16 17:53:20][debug] begin notify
[2017-05-16 17:53:20][debug] call back:{"appid":"wxd46e99b7f83183e1","bank_type":"CFT","cash_fee":"1","fee_type":"CNY","is_subscribe":"Y","mch_id":"1383580102","nonce_str":"bqe06z47uj1jda4j0rk0awlh5ime3vq0","openid":"ovxXWv5Ldfh1B4nho4C-Jz6Kgma0","out_trade_no":"201705161548448865","result_code":"SUCCESS","return_code":"SUCCESS","sign":"D46358DB9A26CC7DE58895465A56B124","time_end":"20170516154858","total_fee":"1","trade_type":"JSAPI","transaction_id":"4005242001201705161081075818"}
[2017-05-16 17:53:22][debug] query:{"appid":"wxd46e99b7f83183e1","err_code":"ORDERNOTEXIST","err_code_des":"order not exist","mch_id":"1383580102","nonce_str":"u3rloScLkgq8UEch","result_code":"FAIL","return_code":"SUCCESS","return_msg":"OK","sign":"1FD8A6A8DEB5825A1EE4B64A5AD7837D"}
[2017-05-16 18:01:18][debug] begin notify
[2017-05-16 18:01:18][debug] call back:{"appid":"wxd46e99b7f83183e1","bank_type":"CFT","cash_fee":"1","fee_type":"CNY","is_subscribe":"Y","mch_id":"1383580102","nonce_str":"mf0zpyd8m061npuao7ez0y3emcsfovhe","openid":"ovxXWv5Ldfh1B4nho4C-Jz6Kgma0","out_trade_no":"201705161556476080","result_code":"SUCCESS","return_code":"SUCCESS","sign":"D33B79B96956ACD8DF60C79D601F0354","time_end":"20170516155654","total_fee":"1","trade_type":"JSAPI","transaction_id":"4005242001201705161079352239"}
[2017-05-16 18:01:19][debug] query:{"appid":"wxd46e99b7f83183e1","err_code":"ORDERNOTEXIST","err_code_des":"order not exist","mch_id":"1383580102","nonce_str":"5RinhebSi2TQGThM","result_code":"FAIL","return_code":"SUCCESS","return_msg":"OK","sign":"B824E53E2DC5AF24421D0B24A93F6BD6"}
[2017-05-16 18:22:18][debug] begin notify
[2017-05-16 18:22:18][debug] call back:{"appid":"wxd46e99b7f83183e1","bank_type":"CFT","cash_fee":"1","fee_type":"CNY","is_subscribe":"Y","mch_id":"1383580102","nonce_str":"xw0xqbshfgjuv11j0izkh4qd2tzzkpxg","openid":"ovxXWv5Ldfh1B4nho4C-Jz6Kgma0","out_trade_no":"201705161617451965","result_code":"SUCCESS","return_code":"SUCCESS","sign":"19154CE4412C516E0A9D1EA315A706D9","time_end":"20170516161754","total_fee":"1","trade_type":"JSAPI","transaction_id":"4005242001201705161083486835"}
[2017-05-16 18:22:19][debug] query:{"appid":"wxd46e99b7f83183e1","err_code":"ORDERNOTEXIST","err_code_des":"order not exist","mch_id":"1383580102","nonce_str":"9BGulen4xYaj0Fyd","result_code":"FAIL","return_code":"SUCCESS","return_msg":"OK","sign":"1ECD3481CFDBA603244BBB74464659D7"}
[2017-05-16 18:33:07][debug] begin notify
[2017-05-16 18:33:07][debug] call back:{"appid":"wxd46e99b7f83183e1","bank_type":"GDB_CREDIT","cash_fee":"1","fee_type":"CNY","is_subscribe":"Y","mch_id":"1383580102","nonce_str":"uk1x3umf8mgu9kegwaqg8vhvnmcnao0e","openid":"ovxXWv3CHJLsugBLuDQiCAxREFtE","out_trade_no":"2017051618337586","result_code":"SUCCESS","return_code":"SUCCESS","sign":"33AA8903DA069EC8C0DB76752632D5AC","time_end":"20170516183306","total_fee":"1","trade_type":"JSAPI","transaction_id":"4002902001201705161099809199"}
[2017-05-16 18:33:09][debug] query:{"appid":"wxd46e99b7f83183e1","err_code":"ORDERNOTEXIST","err_code_des":"order not exist","mch_id":"1383580102","nonce_str":"fpNkmfWhy1UIHSMK","result_code":"FAIL","return_code":"SUCCESS","return_msg":"OK","sign":"57BBCD7BCCCC7EEF6EDD5B6B061B800F"}
[2017-05-16 18:33:09][debug] begin notify
[2017-05-16 18:33:11][debug] query:{"appid":"wxd46e99b7f83183e1","attach":[],"bank_type":"GDB_CREDIT","cash_fee":"1","fee_type":"CNY","is_subscribe":"Y","mch_id":"1383580102","nonce_str":"B10nYxwRKa1bwfma","openid":"ovxXWv3CHJLsugBLuDQiCAxREFtE","out_trade_no":"2017051618337586","result_code":"SUCCESS","return_code":"SUCCESS","return_msg":"OK","sign":"4F7560B3438684C476CBAC1699FC3D7E","time_end":"20170516183306","total_fee":"1","trade_state":"SUCCESS","trade_type":"JSAPI","transaction_id":"4002902001201705161099809199"}
[2017-05-16 18:33:25][debug] begin notify
[2017-05-16 18:33:25][debug] call back:{"appid":"wxd46e99b7f83183e1","bank_type":"GDB_CREDIT","cash_fee":"1","fee_type":"CNY","is_subscribe":"Y","mch_id":"1383580102","nonce_str":"uk1x3umf8mgu9kegwaqg8vhvnmcnao0e","openid":"ovxXWv3CHJLsugBLuDQiCAxREFtE","out_trade_no":"2017051618337586","result_code":"SUCCESS","return_code":"SUCCESS","sign":"33AA8903DA069EC8C0DB76752632D5AC","time_end":"20170516183306","total_fee":"1","trade_type":"JSAPI","transaction_id":"4002902001201705161099809199"}
[2017-05-16 18:33:26][debug] query:{"appid":"wxd46e99b7f83183e1","err_code":"ORDERNOTEXIST","err_code_des":"order not exist","mch_id":"1383580102","nonce_str":"mKIR6O6RFEtKylci","result_code":"FAIL","return_code":"SUCCESS","return_msg":"OK","sign":"D1132CC05343D34FBCE8BE1575FA4860"}
[2017-05-16 18:33:42][debug] begin notify
[2017-05-16 18:33:42][debug] call back:{"appid":"wxd46e99b7f83183e1","bank_type":"GDB_CREDIT","cash_fee":"1","fee_type":"CNY","is_subscribe":"Y","mch_id":"1383580102","nonce_str":"uk1x3umf8mgu9kegwaqg8vhvnmcnao0e","openid":"ovxXWv3CHJLsugBLuDQiCAxREFtE","out_trade_no":"2017051618337586","result_code":"SUCCESS","return_code":"SUCCESS","sign":"33AA8903DA069EC8C0DB76752632D5AC","time_end":"20170516183306","total_fee":"1","trade_type":"JSAPI","transaction_id":"4002902001201705161099809199"}
[2017-05-16 18:33:44][debug] query:{"appid":"wxd46e99b7f83183e1","err_code":"ORDERNOTEXIST","err_code_des":"order not exist","mch_id":"1383580102","nonce_str":"VAC1ORqBhmUgBhUX","result_code":"FAIL","return_code":"SUCCESS","return_msg":"OK","sign":"8FA5A6AE08D8CE7559C1927477DB919E"}
[2017-05-16 18:34:15][debug] begin notify
[2017-05-16 18:34:15][debug] call back:{"appid":"wxd46e99b7f83183e1","bank_type":"GDB_CREDIT","cash_fee":"1","fee_type":"CNY","is_subscribe":"Y","mch_id":"1383580102","nonce_str":"uk1x3umf8mgu9kegwaqg8vhvnmcnao0e","openid":"ovxXWv3CHJLsugBLuDQiCAxREFtE","out_trade_no":"2017051618337586","result_code":"SUCCESS","return_code":"SUCCESS","sign":"33AA8903DA069EC8C0DB76752632D5AC","time_end":"20170516183306","total_fee":"1","trade_type":"JSAPI","transaction_id":"4002902001201705161099809199"}
[2017-05-16 18:34:17][debug] query:{"appid":"wxd46e99b7f83183e1","err_code":"ORDERNOTEXIST","err_code_des":"order not exist","mch_id":"1383580102","nonce_str":"t5d70WWHrtvp5rZM","result_code":"FAIL","return_code":"SUCCESS","return_msg":"OK","sign":"55C5831173BBB58B3FF7E1D3B4DED24F"}
[2017-05-16 18:37:19][debug] begin notify
[2017-05-16 18:37:19][debug] call back:{"appid":"wxd46e99b7f83183e1","bank_type":"GDB_CREDIT","cash_fee":"1","fee_type":"CNY","is_subscribe":"Y","mch_id":"1383580102","nonce_str":"uk1x3umf8mgu9kegwaqg8vhvnmcnao0e","openid":"ovxXWv3CHJLsugBLuDQiCAxREFtE","out_trade_no":"2017051618337586","result_code":"SUCCESS","return_code":"SUCCESS","sign":"33AA8903DA069EC8C0DB76752632D5AC","time_end":"20170516183306","total_fee":"1","trade_type":"JSAPI","transaction_id":"4002902001201705161099809199"}
[2017-05-16 18:37:20][debug] query:{"appid":"wxd46e99b7f83183e1","err_code":"ORDERNOTEXIST","err_code_des":"order not exist","mch_id":"1383580102","nonce_str":"hbwuxPAP6ptkftMZ","result_code":"FAIL","return_code":"SUCCESS","return_msg":"OK","sign":"4C21ACA32348EA118216AD7AD1015688"}
[2017-05-16 18:50:47][debug] begin notify
[2017-05-16 18:50:47][debug] call back:{"appid":"wxd46e99b7f83183e1","bank_type":"CFT","cash_fee":"1","fee_type":"CNY","is_subscribe":"Y","mch_id":"1383580102","nonce_str":"7jw20xzbphurl07uwn2fa1c5q052bvpq","openid":"ovxXWv5Ldfh1B4nho4C-Jz6Kgma0","out_trade_no":"201705161544527281","result_code":"SUCCESS","return_code":"SUCCESS","sign":"368A4C501A33FAB68E5D51DD541073CC","time_end":"20170516154617","total_fee":"1","trade_type":"JSAPI","transaction_id":"4005242001201705161078055446"}
[2017-05-16 18:50:48][debug] query:{"appid":"wxd46e99b7f83183e1","err_code":"ORDERNOTEXIST","err_code_des":"order not exist","mch_id":"1383580102","nonce_str":"z2xHhSQ9BNyVcpNG","result_code":"FAIL","return_code":"SUCCESS","return_msg":"OK","sign":"897F7F35755E1A10B96C2CBD3315445C"}
[2017-05-16 18:53:24][debug] begin notify
[2017-05-16 18:53:24][debug] call back:{"appid":"wxd46e99b7f83183e1","bank_type":"CFT","cash_fee":"1","fee_type":"CNY","is_subscribe":"Y","mch_id":"1383580102","nonce_str":"bqe06z47uj1jda4j0rk0awlh5ime3vq0","openid":"ovxXWv5Ldfh1B4nho4C-Jz6Kgma0","out_trade_no":"201705161548448865","result_code":"SUCCESS","return_code":"SUCCESS","sign":"D46358DB9A26CC7DE58895465A56B124","time_end":"20170516154858","total_fee":"1","trade_type":"JSAPI","transaction_id":"4005242001201705161081075818"}
[2017-05-16 18:53:26][debug] query:{"appid":"wxd46e99b7f83183e1","err_code":"ORDERNOTEXIST","err_code_des":"order not exist","mch_id":"1383580102","nonce_str":"fmVLU1T84PM0x0bw","result_code":"FAIL","return_code":"SUCCESS","return_msg":"OK","sign":"906034CC186B0D1963730B5E2522F3CE"}
[2017-05-16 19:01:20][debug] begin notify
[2017-05-16 19:01:20][debug] call back:{"appid":"wxd46e99b7f83183e1","bank_type":"CFT","cash_fee":"1","fee_type":"CNY","is_subscribe":"Y","mch_id":"1383580102","nonce_str":"mf0zpyd8m061npuao7ez0y3emcsfovhe","openid":"ovxXWv5Ldfh1B4nho4C-Jz6Kgma0","out_trade_no":"201705161556476080","result_code":"SUCCESS","return_code":"SUCCESS","sign":"D33B79B96956ACD8DF60C79D601F0354","time_end":"20170516155654","total_fee":"1","trade_type":"JSAPI","transaction_id":"4005242001201705161079352239"}
[2017-05-16 19:01:22][debug] query:{"appid":"wxd46e99b7f83183e1","err_code":"ORDERNOTEXIST","err_code_des":"order not exist","mch_id":"1383580102","nonce_str":"EkCKQDHbjLpzXrCf","result_code":"FAIL","return_code":"SUCCESS","return_msg":"OK","sign":"63B39714AAFC373702529B5B723879EA"}
[2017-05-16 19:07:24][debug] begin notify
[2017-05-16 19:07:24][debug] call back:{"appid":"wxd46e99b7f83183e1","bank_type":"GDB_CREDIT","cash_fee":"1","fee_type":"CNY","is_subscribe":"Y","mch_id":"1383580102","nonce_str":"uk1x3umf8mgu9kegwaqg8vhvnmcnao0e","openid":"ovxXWv3CHJLsugBLuDQiCAxREFtE","out_trade_no":"2017051618337586","result_code":"SUCCESS","return_code":"SUCCESS","sign":"33AA8903DA069EC8C0DB76752632D5AC","time_end":"20170516183306","total_fee":"1","trade_type":"JSAPI","transaction_id":"4002902001201705161099809199"}
[2017-05-16 19:07:25][debug] query:{"appid":"wxd46e99b7f83183e1","err_code":"ORDERNOTEXIST","err_code_des":"order not exist","mch_id":"1383580102","nonce_str":"fdiNyjeK1s0m71Tj","result_code":"FAIL","return_code":"SUCCESS","return_msg":"OK","sign":"159B47D47AB5474D59F6FD2AED749898"}
[2017-05-16 19:22:20][debug] begin notify
[2017-05-16 19:22:20][debug] call back:{"appid":"wxd46e99b7f83183e1","bank_type":"CFT","cash_fee":"1","fee_type":"CNY","is_subscribe":"Y","mch_id":"1383580102","nonce_str":"xw0xqbshfgjuv11j0izkh4qd2tzzkpxg","openid":"ovxXWv5Ldfh1B4nho4C-Jz6Kgma0","out_trade_no":"201705161617451965","result_code":"SUCCESS","return_code":"SUCCESS","sign":"19154CE4412C516E0A9D1EA315A706D9","time_end":"20170516161754","total_fee":"1","trade_type":"JSAPI","transaction_id":"4005242001201705161083486835"}
[2017-05-16 19:22:22][debug] query:{"appid":"wxd46e99b7f83183e1","err_code":"ORDERNOTEXIST","err_code_des":"order not exist","mch_id":"1383580102","nonce_str":"ziRPGOoQ59GfFN0c","result_code":"FAIL","return_code":"SUCCESS","return_msg":"OK","sign":"89B0D39835E562D899D9F1F48111896B"}
[2017-05-16 19:37:27][debug] begin notify
[2017-05-16 19:37:27][debug] call back:{"appid":"wxd46e99b7f83183e1","bank_type":"GDB_CREDIT","cash_fee":"1","fee_type":"CNY","is_subscribe":"Y","mch_id":"1383580102","nonce_str":"uk1x3umf8mgu9kegwaqg8vhvnmcnao0e","openid":"ovxXWv3CHJLsugBLuDQiCAxREFtE","out_trade_no":"2017051618337586","result_code":"SUCCESS","return_code":"SUCCESS","sign":"33AA8903DA069EC8C0DB76752632D5AC","time_end":"20170516183306","total_fee":"1","trade_type":"JSAPI","transaction_id":"4002902001201705161099809199"}
[2017-05-16 19:37:29][debug] query:{"appid":"wxd46e99b7f83183e1","err_code":"ORDERNOTEXIST","err_code_des":"order not exist","mch_id":"1383580102","nonce_str":"h942HOqtraZpnBsL","result_code":"FAIL","return_code":"SUCCESS","return_msg":"OK","sign":"C864B7CE845150CD1AFD20E21371CEBF"}
[2017-05-16 20:07:30][debug] begin notify
[2017-05-16 20:07:30][debug] call back:{"appid":"wxd46e99b7f83183e1","bank_type":"GDB_CREDIT","cash_fee":"1","fee_type":"CNY","is_subscribe":"Y","mch_id":"1383580102","nonce_str":"uk1x3umf8mgu9kegwaqg8vhvnmcnao0e","openid":"ovxXWv3CHJLsugBLuDQiCAxREFtE","out_trade_no":"2017051618337586","result_code":"SUCCESS","return_code":"SUCCESS","sign":"33AA8903DA069EC8C0DB76752632D5AC","time_end":"20170516183306","total_fee":"1","trade_type":"JSAPI","transaction_id":"4002902001201705161099809199"}
[2017-05-16 20:07:32][debug] query:{"appid":"wxd46e99b7f83183e1","err_code":"ORDERNOTEXIST","err_code_des":"order not exist","mch_id":"1383580102","nonce_str":"GKjB9qPtkvSArJh2","result_code":"FAIL","return_code":"SUCCESS","return_msg":"OK","sign":"E48E051FD57AE4D2AE8CECC19B48F5D1"}
[2017-05-16 20:37:34][debug] begin notify
[2017-05-16 20:37:34][debug] call back:{"appid":"wxd46e99b7f83183e1","bank_type":"GDB_CREDIT","cash_fee":"1","fee_type":"CNY","is_subscribe":"Y","mch_id":"1383580102","nonce_str":"uk1x3umf8mgu9kegwaqg8vhvnmcnao0e","openid":"ovxXWv3CHJLsugBLuDQiCAxREFtE","out_trade_no":"2017051618337586","result_code":"SUCCESS","return_code":"SUCCESS","sign":"33AA8903DA069EC8C0DB76752632D5AC","time_end":"20170516183306","total_fee":"1","trade_type":"JSAPI","transaction_id":"4002902001201705161099809199"}
[2017-05-16 20:37:36][debug] query:{"appid":"wxd46e99b7f83183e1","err_code":"ORDERNOTEXIST","err_code_des":"order not exist","mch_id":"1383580102","nonce_str":"sKVVZLzBDmjxp1at","result_code":"FAIL","return_code":"SUCCESS","return_msg":"OK","sign":"35CA159CD9324536598712BAD5A4EC03"}
[2017-05-16 21:37:38][debug] begin notify
[2017-05-16 21:37:38][debug] call back:{"appid":"wxd46e99b7f83183e1","bank_type":"GDB_CREDIT","cash_fee":"1","fee_type":"CNY","is_subscribe":"Y","mch_id":"1383580102","nonce_str":"uk1x3umf8mgu9kegwaqg8vhvnmcnao0e","openid":"ovxXWv3CHJLsugBLuDQiCAxREFtE","out_trade_no":"2017051618337586","result_code":"SUCCESS","return_code":"SUCCESS","sign":"33AA8903DA069EC8C0DB76752632D5AC","time_end":"20170516183306","total_fee":"1","trade_type":"JSAPI","transaction_id":"4002902001201705161099809199"}
[2017-05-16 21:37:38][debug] query:{"appid":"wxd46e99b7f83183e1","err_code":"ORDERNOTEXIST","err_code_des":"order not exist","mch_id":"1383580102","nonce_str":"EpAN5cOc2Embm23A","result_code":"FAIL","return_code":"SUCCESS","return_msg":"OK","sign":"87ACE394AF3B686B6BDE28AEA65E8FE6"}
[2017-05-16 22:10:56][debug] begin notify
[2017-05-16 22:10:56][debug] call back:{"appid":"wxd46e99b7f83183e1","bank_type":"GDB_CREDIT","cash_fee":"1","fee_type":"CNY","is_subscribe":"Y","mch_id":"1383580102","nonce_str":"2s5hr9l0rx7vkcj4iukjj6ydt4jbyupu","openid":"ovxXWv3CHJLsugBLuDQiCAxREFtE","out_trade_no":"2017051622105408","result_code":"SUCCESS","return_code":"SUCCESS","sign":"FB500B2D69C93C3A8C0CE1D96A97ED7A","time_end":"20170516221056","total_fee":"1","trade_type":"JSAPI","transaction_id":"4002902001201705161136313673"}
[2017-05-16 22:10:58][debug] query:{"appid":"wxd46e99b7f83183e1","err_code":"ORDERNOTEXIST","err_code_des":"order not exist","mch_id":"1383580102","nonce_str":"UXqVdJzmBhEBeLxo","result_code":"FAIL","return_code":"SUCCESS","return_msg":"OK","sign":"975FB016CD07F0ADEF1FE6A199B74EA5"}
[2017-05-16 22:10:58][debug] begin notify
[2017-05-16 22:11:00][debug] query:{"appid":"wxd46e99b7f83183e1","attach":[],"bank_type":"GDB_CREDIT","cash_fee":"1","fee_type":"CNY","is_subscribe":"Y","mch_id":"1383580102","nonce_str":"41ubb02e6GDj9Erk","openid":"ovxXWv3CHJLsugBLuDQiCAxREFtE","out_trade_no":"2017051622105408","result_code":"SUCCESS","return_code":"SUCCESS","return_msg":"OK","sign":"EF610F35DC8705640C0E73A5CF74A069","time_end":"20170516221056","total_fee":"1","trade_state":"SUCCESS","trade_type":"JSAPI","transaction_id":"4002902001201705161136313673"}
[2017-05-16 22:11:10][debug] begin notify
[2017-05-16 22:11:10][debug] call back:{"appid":"wxd46e99b7f83183e1","bank_type":"GDB_CREDIT","cash_fee":"1","fee_type":"CNY","is_subscribe":"Y","mch_id":"1383580102","nonce_str":"2s5hr9l0rx7vkcj4iukjj6ydt4jbyupu","openid":"ovxXWv3CHJLsugBLuDQiCAxREFtE","out_trade_no":"2017051622105408","result_code":"SUCCESS","return_code":"SUCCESS","sign":"FB500B2D69C93C3A8C0CE1D96A97ED7A","time_end":"20170516221056","total_fee":"1","trade_type":"JSAPI","transaction_id":"4002902001201705161136313673"}
[2017-05-16 22:11:12][debug] query:{"appid":"wxd46e99b7f83183e1","err_code":"ORDERNOTEXIST","err_code_des":"order not exist","mch_id":"1383580102","nonce_str":"iJ25FME0JZAT7qE5","result_code":"FAIL","return_code":"SUCCESS","return_msg":"OK","sign":"F9E004C532D7A84487D7333B3BA5560C"}
[2017-05-16 22:11:28][debug] begin notify
[2017-05-16 22:11:28][debug] call back:{"appid":"wxd46e99b7f83183e1","bank_type":"GDB_CREDIT","cash_fee":"1","fee_type":"CNY","is_subscribe":"Y","mch_id":"1383580102","nonce_str":"2s5hr9l0rx7vkcj4iukjj6ydt4jbyupu","openid":"ovxXWv3CHJLsugBLuDQiCAxREFtE","out_trade_no":"2017051622105408","result_code":"SUCCESS","return_code":"SUCCESS","sign":"FB500B2D69C93C3A8C0CE1D96A97ED7A","time_end":"20170516221056","total_fee":"1","trade_type":"JSAPI","transaction_id":"4002902001201705161136313673"}
[2017-05-16 22:11:30][debug] query:{"appid":"wxd46e99b7f83183e1","err_code":"ORDERNOTEXIST","err_code_des":"order not exist","mch_id":"1383580102","nonce_str":"uPWTelDBCra1c3Ym","result_code":"FAIL","return_code":"SUCCESS","return_msg":"OK","sign":"71D38BEEA8EAE29E9A91FA61293F5A8F"}
[2017-05-16 22:12:02][debug] begin notify
[2017-05-16 22:12:02][debug] call back:{"appid":"wxd46e99b7f83183e1","bank_type":"GDB_CREDIT","cash_fee":"1","fee_type":"CNY","is_subscribe":"Y","mch_id":"1383580102","nonce_str":"2s5hr9l0rx7vkcj4iukjj6ydt4jbyupu","openid":"ovxXWv3CHJLsugBLuDQiCAxREFtE","out_trade_no":"2017051622105408","result_code":"SUCCESS","return_code":"SUCCESS","sign":"FB500B2D69C93C3A8C0CE1D96A97ED7A","time_end":"20170516221056","total_fee":"1","trade_type":"JSAPI","transaction_id":"4002902001201705161136313673"}
[2017-05-16 22:12:04][debug] query:{"appid":"wxd46e99b7f83183e1","err_code":"ORDERNOTEXIST","err_code_des":"order not exist","mch_id":"1383580102","nonce_str":"tWKhdQyMWVWqqkYO","result_code":"FAIL","return_code":"SUCCESS","return_msg":"OK","sign":"97769CC04693A077DA88481CFDB61F05"}
[2017-05-16 22:15:06][debug] begin notify
[2017-05-16 22:15:06][debug] call back:{"appid":"wxd46e99b7f83183e1","bank_type":"GDB_CREDIT","cash_fee":"1","fee_type":"CNY","is_subscribe":"Y","mch_id":"1383580102","nonce_str":"2s5hr9l0rx7vkcj4iukjj6ydt4jbyupu","openid":"ovxXWv3CHJLsugBLuDQiCAxREFtE","out_trade_no":"2017051622105408","result_code":"SUCCESS","return_code":"SUCCESS","sign":"FB500B2D69C93C3A8C0CE1D96A97ED7A","time_end":"20170516221056","total_fee":"1","trade_type":"JSAPI","transaction_id":"4002902001201705161136313673"}
[2017-05-16 22:15:08][debug] query:{"appid":"wxd46e99b7f83183e1","err_code":"ORDERNOTEXIST","err_code_des":"order not exist","mch_id":"1383580102","nonce_str":"bBqeQx0Po5NBdlqa","result_code":"FAIL","return_code":"SUCCESS","return_msg":"OK","sign":"F8AC69A7BE6BD2725724D0182CBB880B"}
[2017-05-16 22:45:09][debug] begin notify
[2017-05-16 22:45:09][debug] call back:{"appid":"wxd46e99b7f83183e1","bank_type":"GDB_CREDIT","cash_fee":"1","fee_type":"CNY","is_subscribe":"Y","mch_id":"1383580102","nonce_str":"2s5hr9l0rx7vkcj4iukjj6ydt4jbyupu","openid":"ovxXWv3CHJLsugBLuDQiCAxREFtE","out_trade_no":"2017051622105408","result_code":"SUCCESS","return_code":"SUCCESS","sign":"FB500B2D69C93C3A8C0CE1D96A97ED7A","time_end":"20170516221056","total_fee":"1","trade_type":"JSAPI","transaction_id":"4002902001201705161136313673"}
[2017-05-16 22:45:11][debug] query:{"appid":"wxd46e99b7f83183e1","err_code":"ORDERNOTEXIST","err_code_des":"order not exist","mch_id":"1383580102","nonce_str":"5KTOwzZsBCQxWPOQ","result_code":"FAIL","return_code":"SUCCESS","return_msg":"OK","sign":"4F418B3A5EFBF6691536203F9CE11F12"}
[2017-05-16 23:15:14][debug] begin notify
[2017-05-16 23:15:14][debug] call back:{"appid":"wxd46e99b7f83183e1","bank_type":"GDB_CREDIT","cash_fee":"1","fee_type":"CNY","is_subscribe":"Y","mch_id":"1383580102","nonce_str":"2s5hr9l0rx7vkcj4iukjj6ydt4jbyupu","openid":"ovxXWv3CHJLsugBLuDQiCAxREFtE","out_trade_no":"2017051622105408","result_code":"SUCCESS","return_code":"SUCCESS","sign":"FB500B2D69C93C3A8C0CE1D96A97ED7A","time_end":"20170516221056","total_fee":"1","trade_type":"JSAPI","transaction_id":"4002902001201705161136313673"}
[2017-05-16 23:15:16][debug] query:{"appid":"wxd46e99b7f83183e1","err_code":"ORDERNOTEXIST","err_code_des":"order not exist","mch_id":"1383580102","nonce_str":"4fBIqMVJcXMbPrwC","result_code":"FAIL","return_code":"SUCCESS","return_msg":"OK","sign":"ABE162313FC8D6E22DB382E8A13A855A"}
[2017-05-16 23:45:17][debug] begin notify
[2017-05-16 23:45:17][debug] call back:{"appid":"wxd46e99b7f83183e1","bank_type":"GDB_CREDIT","cash_fee":"1","fee_type":"CNY","is_subscribe":"Y","mch_id":"1383580102","nonce_str":"2s5hr9l0rx7vkcj4iukjj6ydt4jbyupu","openid":"ovxXWv3CHJLsugBLuDQiCAxREFtE","out_trade_no":"2017051622105408","result_code":"SUCCESS","return_code":"SUCCESS","sign":"FB500B2D69C93C3A8C0CE1D96A97ED7A","time_end":"20170516221056","total_fee":"1","trade_type":"JSAPI","transaction_id":"4002902001201705161136313673"}
[2017-05-16 23:45:19][debug] query:{"appid":"wxd46e99b7f83183e1","err_code":"ORDERNOTEXIST","err_code_des":"order not exist","mch_id":"1383580102","nonce_str":"wjswRQ4kTyzGhiCY","result_code":"FAIL","return_code":"SUCCESS","return_msg":"OK","sign":"A2D838C62EB2A0427C693EFF77A87158"}
