[2017-06-12 10:01:13][debug] begin notify
[2017-06-12 10:01:13][debug] call back:{"appid":"wxd46e99b7f83183e1","bank_type":"CFT","cash_fee":"1","fee_type":"CNY","is_subscribe":"Y","mch_id":"1383580102","nonce_str":"hop64v91klts3zh5n6pyor3ow06bvaal","openid":"ovxXWv5Ldfh1B4nho4C-Jz6Kgma0","out_trade_no":"2017061210016703","result_code":"SUCCESS","return_code":"SUCCESS","sign":"DB782565AEBF02FE81ADA0BD4C8D5713","time_end":"20170612100113","total_fee":"1","trade_type":"JSAPI","transaction_id":"4005242001201706125366967385"}
[2017-06-12 10:01:13][debug] query:{"appid":"wxd46e99b7f83183e1","err_code":"ORDERNOTEXIST","err_code_des":"order not exist","mch_id":"1383580102","nonce_str":"byivmBI8FBvhQDrc","result_code":"FAIL","return_code":"SUCCESS","return_msg":"OK","sign":"06EE1F3575223FC07D24273FC22AD86E"}
[2017-06-12 10:01:17][debug] begin notify
[2017-06-12 10:01:17][debug] query:{"appid":"wxd46e99b7f83183e1","attach":[],"bank_type":"CFT","cash_fee":"1","fee_type":"CNY","is_subscribe":"Y","mch_id":"1383580102","nonce_str":"jwBWMfYTyZcNqQUo","openid":"ovxXWv5Ldfh1B4nho4C-Jz6Kgma0","out_trade_no":"2017061210016703","result_code":"SUCCESS","return_code":"SUCCESS","return_msg":"OK","sign":"DB032C1FEC48BF77295722A90D8947B2","time_end":"20170612100113","total_fee":"1","trade_state":"SUCCESS","trade_type":"JSAPI","transaction_id":"4005242001201706125366967385"}
[2017-06-12 10:01:26][debug] begin notify
[2017-06-12 10:01:26][debug] call back:{"appid":"wxd46e99b7f83183e1","bank_type":"CFT","cash_fee":"1","fee_type":"CNY","is_subscribe":"Y","mch_id":"1383580102","nonce_str":"hop64v91klts3zh5n6pyor3ow06bvaal","openid":"ovxXWv5Ldfh1B4nho4C-Jz6Kgma0","out_trade_no":"2017061210016703","result_code":"SUCCESS","return_code":"SUCCESS","sign":"DB782565AEBF02FE81ADA0BD4C8D5713","time_end":"20170612100113","total_fee":"1","trade_type":"JSAPI","transaction_id":"4005242001201706125366967385"}
[2017-06-12 10:01:26][debug] query:{"appid":"wxd46e99b7f83183e1","err_code":"ORDERNOTEXIST","err_code_des":"order not exist","mch_id":"1383580102","nonce_str":"GzWHCRHMqyXAotIQ","result_code":"FAIL","return_code":"SUCCESS","return_msg":"OK","sign":"C276BE512D29FBADCE3C833D900EC455"}
[2017-06-12 10:01:44][debug] begin notify
[2017-06-12 10:01:44][debug] call back:{"appid":"wxd46e99b7f83183e1","bank_type":"CFT","cash_fee":"1","fee_type":"CNY","is_subscribe":"Y","mch_id":"1383580102","nonce_str":"hop64v91klts3zh5n6pyor3ow06bvaal","openid":"ovxXWv5Ldfh1B4nho4C-Jz6Kgma0","out_trade_no":"2017061210016703","result_code":"SUCCESS","return_code":"SUCCESS","sign":"DB782565AEBF02FE81ADA0BD4C8D5713","time_end":"20170612100113","total_fee":"1","trade_type":"JSAPI","transaction_id":"4005242001201706125366967385"}
[2017-06-12 10:01:44][debug] query:{"appid":"wxd46e99b7f83183e1","err_code":"ORDERNOTEXIST","err_code_des":"order not exist","mch_id":"1383580102","nonce_str":"3NLgLX8KsDcPaWPR","result_code":"FAIL","return_code":"SUCCESS","return_msg":"OK","sign":"9F7B5F692CF61F276BEA11CEABFCC745"}
[2017-06-12 10:02:16][debug] begin notify
[2017-06-12 10:02:16][debug] call back:{"appid":"wxd46e99b7f83183e1","bank_type":"CFT","cash_fee":"1","fee_type":"CNY","is_subscribe":"Y","mch_id":"1383580102","nonce_str":"hop64v91klts3zh5n6pyor3ow06bvaal","openid":"ovxXWv5Ldfh1B4nho4C-Jz6Kgma0","out_trade_no":"2017061210016703","result_code":"SUCCESS","return_code":"SUCCESS","sign":"DB782565AEBF02FE81ADA0BD4C8D5713","time_end":"20170612100113","total_fee":"1","trade_type":"JSAPI","transaction_id":"4005242001201706125366967385"}
[2017-06-12 10:02:16][debug] query:{"appid":"wxd46e99b7f83183e1","err_code":"ORDERNOTEXIST","err_code_des":"order not exist","mch_id":"1383580102","nonce_str":"s46rVpUJkLZVPc1e","result_code":"FAIL","return_code":"SUCCESS","return_msg":"OK","sign":"CC73DBACA8D3380FAC79155109D0158E"}
[2017-06-12 10:05:18][debug] begin notify
[2017-06-12 10:05:18][debug] call back:{"appid":"wxd46e99b7f83183e1","bank_type":"CFT","cash_fee":"1","fee_type":"CNY","is_subscribe":"Y","mch_id":"1383580102","nonce_str":"hop64v91klts3zh5n6pyor3ow06bvaal","openid":"ovxXWv5Ldfh1B4nho4C-Jz6Kgma0","out_trade_no":"2017061210016703","result_code":"SUCCESS","return_code":"SUCCESS","sign":"DB782565AEBF02FE81ADA0BD4C8D5713","time_end":"20170612100113","total_fee":"1","trade_type":"JSAPI","transaction_id":"4005242001201706125366967385"}
[2017-06-12 10:05:18][debug] query:{"appid":"wxd46e99b7f83183e1","err_code":"ORDERNOTEXIST","err_code_des":"order not exist","mch_id":"1383580102","nonce_str":"9kQdyAt4zOdSb9PS","result_code":"FAIL","return_code":"SUCCESS","return_msg":"OK","sign":"234E7C91E57843CC4089D0D531414DC6"}
[2017-06-12 10:35:19][debug] begin notify
[2017-06-12 10:35:19][debug] call back:{"appid":"wxd46e99b7f83183e1","bank_type":"CFT","cash_fee":"1","fee_type":"CNY","is_subscribe":"Y","mch_id":"1383580102","nonce_str":"hop64v91klts3zh5n6pyor3ow06bvaal","openid":"ovxXWv5Ldfh1B4nho4C-Jz6Kgma0","out_trade_no":"2017061210016703","result_code":"SUCCESS","return_code":"SUCCESS","sign":"DB782565AEBF02FE81ADA0BD4C8D5713","time_end":"20170612100113","total_fee":"1","trade_type":"JSAPI","transaction_id":"4005242001201706125366967385"}
[2017-06-12 10:35:20][debug] query:{"appid":"wxd46e99b7f83183e1","err_code":"ORDERNOTEXIST","err_code_des":"order not exist","mch_id":"1383580102","nonce_str":"ZYDsUQhYh7Hh0yTc","result_code":"FAIL","return_code":"SUCCESS","return_msg":"OK","sign":"0151B686D8336574C9E00BBAE8E7F417"}
[2017-06-12 11:05:21][debug] begin notify
[2017-06-12 11:05:21][debug] call back:{"appid":"wxd46e99b7f83183e1","bank_type":"CFT","cash_fee":"1","fee_type":"CNY","is_subscribe":"Y","mch_id":"1383580102","nonce_str":"hop64v91klts3zh5n6pyor3ow06bvaal","openid":"ovxXWv5Ldfh1B4nho4C-Jz6Kgma0","out_trade_no":"2017061210016703","result_code":"SUCCESS","return_code":"SUCCESS","sign":"DB782565AEBF02FE81ADA0BD4C8D5713","time_end":"20170612100113","total_fee":"1","trade_type":"JSAPI","transaction_id":"4005242001201706125366967385"}
[2017-06-12 11:05:21][debug] query:{"appid":"wxd46e99b7f83183e1","err_code":"ORDERNOTEXIST","err_code_des":"order not exist","mch_id":"1383580102","nonce_str":"7nQ127i4AaUEvlJc","result_code":"FAIL","return_code":"SUCCESS","return_msg":"OK","sign":"2A56BE4EFF78059EA97423BF9F8612EB"}
[2017-06-12 11:35:23][debug] begin notify
[2017-06-12 11:35:23][debug] call back:{"appid":"wxd46e99b7f83183e1","bank_type":"CFT","cash_fee":"1","fee_type":"CNY","is_subscribe":"Y","mch_id":"1383580102","nonce_str":"hop64v91klts3zh5n6pyor3ow06bvaal","openid":"ovxXWv5Ldfh1B4nho4C-Jz6Kgma0","out_trade_no":"2017061210016703","result_code":"SUCCESS","return_code":"SUCCESS","sign":"DB782565AEBF02FE81ADA0BD4C8D5713","time_end":"20170612100113","total_fee":"1","trade_type":"JSAPI","transaction_id":"4005242001201706125366967385"}
[2017-06-12 11:35:23][debug] query:{"appid":"wxd46e99b7f83183e1","err_code":"ORDERNOTEXIST","err_code_des":"order not exist","mch_id":"1383580102","nonce_str":"mx8GNxd9Xe7sOQfl","result_code":"FAIL","return_code":"SUCCESS","return_msg":"OK","sign":"00195C196A5528629D6DA59D6259260D"}
[2017-06-12 12:05:25][debug] begin notify
[2017-06-12 12:05:25][debug] call back:{"appid":"wxd46e99b7f83183e1","bank_type":"CFT","cash_fee":"1","fee_type":"CNY","is_subscribe":"Y","mch_id":"1383580102","nonce_str":"hop64v91klts3zh5n6pyor3ow06bvaal","openid":"ovxXWv5Ldfh1B4nho4C-Jz6Kgma0","out_trade_no":"2017061210016703","result_code":"SUCCESS","return_code":"SUCCESS","sign":"DB782565AEBF02FE81ADA0BD4C8D5713","time_end":"20170612100113","total_fee":"1","trade_type":"JSAPI","transaction_id":"4005242001201706125366967385"}
[2017-06-12 12:05:25][debug] query:{"appid":"wxd46e99b7f83183e1","err_code":"ORDERNOTEXIST","err_code_des":"order not exist","mch_id":"1383580102","nonce_str":"GgmNrIcJ15n1UQv3","result_code":"FAIL","return_code":"SUCCESS","return_msg":"OK","sign":"69AE87015021478E49A4E73808C60AB1"}
[2017-06-12 13:05:27][debug] begin notify
[2017-06-12 13:05:27][debug] call back:{"appid":"wxd46e99b7f83183e1","bank_type":"CFT","cash_fee":"1","fee_type":"CNY","is_subscribe":"Y","mch_id":"1383580102","nonce_str":"hop64v91klts3zh5n6pyor3ow06bvaal","openid":"ovxXWv5Ldfh1B4nho4C-Jz6Kgma0","out_trade_no":"2017061210016703","result_code":"SUCCESS","return_code":"SUCCESS","sign":"DB782565AEBF02FE81ADA0BD4C8D5713","time_end":"20170612100113","total_fee":"1","trade_type":"JSAPI","transaction_id":"4005242001201706125366967385"}
[2017-06-12 13:05:28][debug] query:{"appid":"wxd46e99b7f83183e1","err_code":"ORDERNOTEXIST","err_code_des":"order not exist","mch_id":"1383580102","nonce_str":"RYctRc0SOnnErCJN","result_code":"FAIL","return_code":"SUCCESS","return_msg":"OK","sign":"D2C0B9143D92BE37CB98FB6C077F9F02"}
[2017-06-12 17:23:51][debug] begin notify
[2017-06-12 17:23:51][debug] call back:{"appid":"wxd46e99b7f83183e1","bank_type":"CFT","cash_fee":"100","fee_type":"CNY","is_subscribe":"Y","mch_id":"1383580102","nonce_str":"vybpeje5nvm54v3dkixcm26l5zg0tojc","openid":"ovxXWv5Ldfh1B4nho4C-Jz6Kgma0","out_trade_no":"2017061217235884","result_code":"SUCCESS","return_code":"SUCCESS","sign":"3A8ED252227EDB1701ACC27B47A26495","time_end":"20170612172350","total_fee":"100","trade_type":"JSAPI","transaction_id":"4005242001201706125426574296"}
[2017-06-12 17:23:51][debug] query:{"appid":"wxd46e99b7f83183e1","err_code":"ORDERNOTEXIST","err_code_des":"order not exist","mch_id":"1383580102","nonce_str":"rVz5R2YKf8dS3IdG","result_code":"FAIL","return_code":"SUCCESS","return_msg":"OK","sign":"B283AC0AEDC4ADABB6ECA30D7C4C7DC3"}
[2017-06-12 17:23:52][debug] begin notify
[2017-06-12 17:23:52][debug] query:{"appid":"wxd46e99b7f83183e1","attach":[],"bank_type":"CFT","cash_fee":"100","fee_type":"CNY","is_subscribe":"Y","mch_id":"1383580102","nonce_str":"xkvIE3MxG60wwwfM","openid":"ovxXWv5Ldfh1B4nho4C-Jz6Kgma0","out_trade_no":"2017061217235884","result_code":"SUCCESS","return_code":"SUCCESS","return_msg":"OK","sign":"3AB34F6CB0DA1B375F7086A4FD07B8B8","time_end":"20170612172350","total_fee":"100","trade_state":"SUCCESS","trade_type":"JSAPI","transaction_id":"4005242001201706125426574296"}
[2017-06-12 17:24:06][debug] begin notify
[2017-06-12 17:24:06][debug] call back:{"appid":"wxd46e99b7f83183e1","bank_type":"CFT","cash_fee":"100","fee_type":"CNY","is_subscribe":"Y","mch_id":"1383580102","nonce_str":"vybpeje5nvm54v3dkixcm26l5zg0tojc","openid":"ovxXWv5Ldfh1B4nho4C-Jz6Kgma0","out_trade_no":"2017061217235884","result_code":"SUCCESS","return_code":"SUCCESS","sign":"3A8ED252227EDB1701ACC27B47A26495","time_end":"20170612172350","total_fee":"100","trade_type":"JSAPI","transaction_id":"4005242001201706125426574296"}
[2017-06-12 17:24:06][debug] query:{"appid":"wxd46e99b7f83183e1","err_code":"ORDERNOTEXIST","err_code_des":"order not exist","mch_id":"1383580102","nonce_str":"q7Q8O9nhDBIAWK9z","result_code":"FAIL","return_code":"SUCCESS","return_msg":"OK","sign":"42CE1EE6F921B2B1D8A082D557495446"}
[2017-06-12 17:24:23][debug] begin notify
[2017-06-12 17:24:23][debug] call back:{"appid":"wxd46e99b7f83183e1","bank_type":"CFT","cash_fee":"100","fee_type":"CNY","is_subscribe":"Y","mch_id":"1383580102","nonce_str":"vybpeje5nvm54v3dkixcm26l5zg0tojc","openid":"ovxXWv5Ldfh1B4nho4C-Jz6Kgma0","out_trade_no":"2017061217235884","result_code":"SUCCESS","return_code":"SUCCESS","sign":"3A8ED252227EDB1701ACC27B47A26495","time_end":"20170612172350","total_fee":"100","trade_type":"JSAPI","transaction_id":"4005242001201706125426574296"}
[2017-06-12 17:24:23][debug] query:{"appid":"wxd46e99b7f83183e1","err_code":"ORDERNOTEXIST","err_code_des":"order not exist","mch_id":"1383580102","nonce_str":"RrB6bUiXl5ykVjGs","result_code":"FAIL","return_code":"SUCCESS","return_msg":"OK","sign":"2E65BE14EB38030E6A80F36D7BDCBAEE"}
[2017-06-12 17:24:55][debug] begin notify
[2017-06-12 17:24:55][debug] call back:{"appid":"wxd46e99b7f83183e1","bank_type":"CFT","cash_fee":"100","fee_type":"CNY","is_subscribe":"Y","mch_id":"1383580102","nonce_str":"vybpeje5nvm54v3dkixcm26l5zg0tojc","openid":"ovxXWv5Ldfh1B4nho4C-Jz6Kgma0","out_trade_no":"2017061217235884","result_code":"SUCCESS","return_code":"SUCCESS","sign":"3A8ED252227EDB1701ACC27B47A26495","time_end":"20170612172350","total_fee":"100","trade_type":"JSAPI","transaction_id":"4005242001201706125426574296"}
[2017-06-12 17:24:56][debug] query:{"appid":"wxd46e99b7f83183e1","err_code":"ORDERNOTEXIST","err_code_des":"order not exist","mch_id":"1383580102","nonce_str":"39sOPpY8D3dRvbSc","result_code":"FAIL","return_code":"SUCCESS","return_msg":"OK","sign":"071AC4BDB4E41C83516BBC20C30D134C"}
[2017-06-12 17:27:58][debug] begin notify
[2017-06-12 17:27:58][debug] call back:{"appid":"wxd46e99b7f83183e1","bank_type":"CFT","cash_fee":"100","fee_type":"CNY","is_subscribe":"Y","mch_id":"1383580102","nonce_str":"vybpeje5nvm54v3dkixcm26l5zg0tojc","openid":"ovxXWv5Ldfh1B4nho4C-Jz6Kgma0","out_trade_no":"2017061217235884","result_code":"SUCCESS","return_code":"SUCCESS","sign":"3A8ED252227EDB1701ACC27B47A26495","time_end":"20170612172350","total_fee":"100","trade_type":"JSAPI","transaction_id":"4005242001201706125426574296"}
[2017-06-12 17:27:58][debug] query:{"appid":"wxd46e99b7f83183e1","err_code":"ORDERNOTEXIST","err_code_des":"order not exist","mch_id":"1383580102","nonce_str":"EKTHWrvA0Q4ulu3J","result_code":"FAIL","return_code":"SUCCESS","return_msg":"OK","sign":"580AED1B3AC95AC8B64620FD27D1CEC8"}
[2017-06-12 17:57:59][debug] begin notify
[2017-06-12 17:57:59][debug] call back:{"appid":"wxd46e99b7f83183e1","bank_type":"CFT","cash_fee":"100","fee_type":"CNY","is_subscribe":"Y","mch_id":"1383580102","nonce_str":"vybpeje5nvm54v3dkixcm26l5zg0tojc","openid":"ovxXWv5Ldfh1B4nho4C-Jz6Kgma0","out_trade_no":"2017061217235884","result_code":"SUCCESS","return_code":"SUCCESS","sign":"3A8ED252227EDB1701ACC27B47A26495","time_end":"20170612172350","total_fee":"100","trade_type":"JSAPI","transaction_id":"4005242001201706125426574296"}
[2017-06-12 17:57:59][debug] query:{"appid":"wxd46e99b7f83183e1","err_code":"ORDERNOTEXIST","err_code_des":"order not exist","mch_id":"1383580102","nonce_str":"RNN9kf9Vi6RfOoIU","result_code":"FAIL","return_code":"SUCCESS","return_msg":"OK","sign":"ECCBE7EEA725C3780F23F714F0DAA050"}
[2017-06-12 18:28:01][debug] begin notify
[2017-06-12 18:28:01][debug] call back:{"appid":"wxd46e99b7f83183e1","bank_type":"CFT","cash_fee":"100","fee_type":"CNY","is_subscribe":"Y","mch_id":"1383580102","nonce_str":"vybpeje5nvm54v3dkixcm26l5zg0tojc","openid":"ovxXWv5Ldfh1B4nho4C-Jz6Kgma0","out_trade_no":"2017061217235884","result_code":"SUCCESS","return_code":"SUCCESS","sign":"3A8ED252227EDB1701ACC27B47A26495","time_end":"20170612172350","total_fee":"100","trade_type":"JSAPI","transaction_id":"4005242001201706125426574296"}
[2017-06-12 18:28:01][debug] query:{"appid":"wxd46e99b7f83183e1","err_code":"ORDERNOTEXIST","err_code_des":"order not exist","mch_id":"1383580102","nonce_str":"ekxJSLaqEYXzBsyM","result_code":"FAIL","return_code":"SUCCESS","return_msg":"OK","sign":"1FA7CD26413D107B5E583AF65A8A1856"}
[2017-06-12 18:58:03][debug] begin notify
[2017-06-12 18:58:03][debug] call back:{"appid":"wxd46e99b7f83183e1","bank_type":"CFT","cash_fee":"100","fee_type":"CNY","is_subscribe":"Y","mch_id":"1383580102","nonce_str":"vybpeje5nvm54v3dkixcm26l5zg0tojc","openid":"ovxXWv5Ldfh1B4nho4C-Jz6Kgma0","out_trade_no":"2017061217235884","result_code":"SUCCESS","return_code":"SUCCESS","sign":"3A8ED252227EDB1701ACC27B47A26495","time_end":"20170612172350","total_fee":"100","trade_type":"JSAPI","transaction_id":"4005242001201706125426574296"}
[2017-06-12 18:58:03][debug] query:{"appid":"wxd46e99b7f83183e1","err_code":"ORDERNOTEXIST","err_code_des":"order not exist","mch_id":"1383580102","nonce_str":"5ox0Eeu4ggxeJjcc","result_code":"FAIL","return_code":"SUCCESS","return_msg":"OK","sign":"5D23178D2CCA08192787742A2A0C91E8"}
[2017-06-12 19:28:04][debug] begin notify
[2017-06-12 19:28:04][debug] call back:{"appid":"wxd46e99b7f83183e1","bank_type":"CFT","cash_fee":"100","fee_type":"CNY","is_subscribe":"Y","mch_id":"1383580102","nonce_str":"vybpeje5nvm54v3dkixcm26l5zg0tojc","openid":"ovxXWv5Ldfh1B4nho4C-Jz6Kgma0","out_trade_no":"2017061217235884","result_code":"SUCCESS","return_code":"SUCCESS","sign":"3A8ED252227EDB1701ACC27B47A26495","time_end":"20170612172350","total_fee":"100","trade_type":"JSAPI","transaction_id":"4005242001201706125426574296"}
[2017-06-12 19:28:04][debug] query:{"appid":"wxd46e99b7f83183e1","err_code":"ORDERNOTEXIST","err_code_des":"order not exist","mch_id":"1383580102","nonce_str":"fFGSD9xmhkwHEe9W","result_code":"FAIL","return_code":"SUCCESS","return_msg":"OK","sign":"2D30EB613F9B0A8915D25879412D42F9"}
[2017-06-12 20:28:06][debug] begin notify
[2017-06-12 20:28:06][debug] call back:{"appid":"wxd46e99b7f83183e1","bank_type":"CFT","cash_fee":"100","fee_type":"CNY","is_subscribe":"Y","mch_id":"1383580102","nonce_str":"vybpeje5nvm54v3dkixcm26l5zg0tojc","openid":"ovxXWv5Ldfh1B4nho4C-Jz6Kgma0","out_trade_no":"2017061217235884","result_code":"SUCCESS","return_code":"SUCCESS","sign":"3A8ED252227EDB1701ACC27B47A26495","time_end":"20170612172350","total_fee":"100","trade_type":"JSAPI","transaction_id":"4005242001201706125426574296"}
[2017-06-12 20:28:06][debug] query:{"appid":"wxd46e99b7f83183e1","err_code":"ORDERNOTEXIST","err_code_des":"order not exist","mch_id":"1383580102","nonce_str":"t3XaxY8DXMdtoip2","result_code":"FAIL","return_code":"SUCCESS","return_msg":"OK","sign":"E8924C302EBB4DBA4159025FF1551185"}
