[2017-06-26 17:37:19][debug] begin notify
[2017-06-26 17:37:19][debug] call back:{"appid":"wxd46e99b7f83183e1","bank_type":"CFT","cash_fee":"100","fee_type":"CNY","is_subscribe":"Y","mch_id":"1383580102","nonce_str":"hzclyzgv1gth6z8fbootils0zkycdsb3","openid":"ovxXWv5Ldfh1B4nho4C-Jz6Kgma0","out_trade_no":"201706261737101897","result_code":"SUCCESS","return_code":"SUCCESS","sign":"54665F027DD2B10BA7182F49B7577006","time_end":"20170626173718","total_fee":"100","trade_type":"JSAPI","transaction_id":"4005242001201706267533388199"}
[2017-06-26 17:37:19][debug] query:{"appid":"wxd46e99b7f83183e1","err_code":"ORDERNOTEXIST","err_code_des":"order not exist","mch_id":"1383580102","nonce_str":"jkRFflY32Cpo6G6o","result_code":"FAIL","return_code":"SUCCESS","return_msg":"OK","sign":"517E385688AE5B00E39EF52349D96B57"}
[2017-06-26 17:37:22][debug] begin notify
[2017-06-26 17:37:22][debug] query:{"appid":"wxd46e99b7f83183e1","attach":[],"bank_type":"CFT","cash_fee":"100","fee_type":"CNY","is_subscribe":"Y","mch_id":"1383580102","nonce_str":"qPAEp1i98fEAA25o","openid":"ovxXWv5Ldfh1B4nho4C-Jz6Kgma0","out_trade_no":"201706261737101897","result_code":"SUCCESS","return_code":"SUCCESS","return_msg":"OK","sign":"1D33E63728824353C8895F8BCD2099A5","time_end":"20170626173718","total_fee":"100","trade_state":"SUCCESS","trade_type":"JSAPI","transaction_id":"4005242001201706267533388199"}
[2017-06-26 17:37:35][debug] begin notify
[2017-06-26 17:37:35][debug] call back:{"appid":"wxd46e99b7f83183e1","bank_type":"CFT","cash_fee":"100","fee_type":"CNY","is_subscribe":"Y","mch_id":"1383580102","nonce_str":"hzclyzgv1gth6z8fbootils0zkycdsb3","openid":"ovxXWv5Ldfh1B4nho4C-Jz6Kgma0","out_trade_no":"201706261737101897","result_code":"SUCCESS","return_code":"SUCCESS","sign":"54665F027DD2B10BA7182F49B7577006","time_end":"20170626173718","total_fee":"100","trade_type":"JSAPI","transaction_id":"4005242001201706267533388199"}
[2017-06-26 17:37:35][debug] query:{"appid":"wxd46e99b7f83183e1","err_code":"ORDERNOTEXIST","err_code_des":"order not exist","mch_id":"1383580102","nonce_str":"iRb7Sei7THO2pn3A","result_code":"FAIL","return_code":"SUCCESS","return_msg":"OK","sign":"9ADF307CF7C28959EF989732B6F4F65F"}
[2017-06-26 17:37:52][debug] begin notify
[2017-06-26 17:37:52][debug] call back:{"appid":"wxd46e99b7f83183e1","bank_type":"CFT","cash_fee":"100","fee_type":"CNY","is_subscribe":"Y","mch_id":"1383580102","nonce_str":"hzclyzgv1gth6z8fbootils0zkycdsb3","openid":"ovxXWv5Ldfh1B4nho4C-Jz6Kgma0","out_trade_no":"201706261737101897","result_code":"SUCCESS","return_code":"SUCCESS","sign":"54665F027DD2B10BA7182F49B7577006","time_end":"20170626173718","total_fee":"100","trade_type":"JSAPI","transaction_id":"4005242001201706267533388199"}
[2017-06-26 17:37:52][debug] query:{"appid":"wxd46e99b7f83183e1","err_code":"ORDERNOTEXIST","err_code_des":"order not exist","mch_id":"1383580102","nonce_str":"dTxtWVrbWVYSGRse","result_code":"FAIL","return_code":"SUCCESS","return_msg":"OK","sign":"B466437BD516D33B7B4C1391FA6B8D0A"}
[2017-06-26 17:38:25][debug] begin notify
[2017-06-26 17:38:25][debug] call back:{"appid":"wxd46e99b7f83183e1","bank_type":"CFT","cash_fee":"100","fee_type":"CNY","is_subscribe":"Y","mch_id":"1383580102","nonce_str":"hzclyzgv1gth6z8fbootils0zkycdsb3","openid":"ovxXWv5Ldfh1B4nho4C-Jz6Kgma0","out_trade_no":"201706261737101897","result_code":"SUCCESS","return_code":"SUCCESS","sign":"54665F027DD2B10BA7182F49B7577006","time_end":"20170626173718","total_fee":"100","trade_type":"JSAPI","transaction_id":"4005242001201706267533388199"}
[2017-06-26 17:38:25][debug] query:{"appid":"wxd46e99b7f83183e1","err_code":"ORDERNOTEXIST","err_code_des":"order not exist","mch_id":"1383580102","nonce_str":"DQO8pEeeDpM2mf18","result_code":"FAIL","return_code":"SUCCESS","return_msg":"OK","sign":"8BA4FA8EF7481D67A7ED41B5F4AFBA6C"}
[2017-06-26 17:41:27][debug] begin notify
[2017-06-26 17:41:27][debug] call back:{"appid":"wxd46e99b7f83183e1","bank_type":"CFT","cash_fee":"100","fee_type":"CNY","is_subscribe":"Y","mch_id":"1383580102","nonce_str":"hzclyzgv1gth6z8fbootils0zkycdsb3","openid":"ovxXWv5Ldfh1B4nho4C-Jz6Kgma0","out_trade_no":"201706261737101897","result_code":"SUCCESS","return_code":"SUCCESS","sign":"54665F027DD2B10BA7182F49B7577006","time_end":"20170626173718","total_fee":"100","trade_type":"JSAPI","transaction_id":"4005242001201706267533388199"}
[2017-06-26 17:41:27][debug] query:{"appid":"wxd46e99b7f83183e1","err_code":"ORDERNOTEXIST","err_code_des":"order not exist","mch_id":"1383580102","nonce_str":"Q6zONKwksukMBpjN","result_code":"FAIL","return_code":"SUCCESS","return_msg":"OK","sign":"77511812813CA2223C7C721FFBEC1053"}
[2017-06-26 18:11:29][debug] begin notify
[2017-06-26 18:11:29][debug] call back:{"appid":"wxd46e99b7f83183e1","bank_type":"CFT","cash_fee":"100","fee_type":"CNY","is_subscribe":"Y","mch_id":"1383580102","nonce_str":"hzclyzgv1gth6z8fbootils0zkycdsb3","openid":"ovxXWv5Ldfh1B4nho4C-Jz6Kgma0","out_trade_no":"201706261737101897","result_code":"SUCCESS","return_code":"SUCCESS","sign":"54665F027DD2B10BA7182F49B7577006","time_end":"20170626173718","total_fee":"100","trade_type":"JSAPI","transaction_id":"4005242001201706267533388199"}
[2017-06-26 18:11:29][debug] query:{"appid":"wxd46e99b7f83183e1","err_code":"ORDERNOTEXIST","err_code_des":"order not exist","mch_id":"1383580102","nonce_str":"RiuVCqqhOWadvfvr","result_code":"FAIL","return_code":"SUCCESS","return_msg":"OK","sign":"47FF3514563D15EA6C2101BA3DD3D983"}
[2017-06-26 18:41:31][debug] begin notify
[2017-06-26 18:41:31][debug] call back:{"appid":"wxd46e99b7f83183e1","bank_type":"CFT","cash_fee":"100","fee_type":"CNY","is_subscribe":"Y","mch_id":"1383580102","nonce_str":"hzclyzgv1gth6z8fbootils0zkycdsb3","openid":"ovxXWv5Ldfh1B4nho4C-Jz6Kgma0","out_trade_no":"201706261737101897","result_code":"SUCCESS","return_code":"SUCCESS","sign":"54665F027DD2B10BA7182F49B7577006","time_end":"20170626173718","total_fee":"100","trade_type":"JSAPI","transaction_id":"4005242001201706267533388199"}
[2017-06-26 18:41:31][debug] query:{"appid":"wxd46e99b7f83183e1","err_code":"ORDERNOTEXIST","err_code_des":"order not exist","mch_id":"1383580102","nonce_str":"UYQ7LmPWjGi3TH4j","result_code":"FAIL","return_code":"SUCCESS","return_msg":"OK","sign":"9207A86F4A72184FB4226A901406DF73"}
[2017-06-26 19:11:32][debug] begin notify
[2017-06-26 19:11:32][debug] call back:{"appid":"wxd46e99b7f83183e1","bank_type":"CFT","cash_fee":"100","fee_type":"CNY","is_subscribe":"Y","mch_id":"1383580102","nonce_str":"hzclyzgv1gth6z8fbootils0zkycdsb3","openid":"ovxXWv5Ldfh1B4nho4C-Jz6Kgma0","out_trade_no":"201706261737101897","result_code":"SUCCESS","return_code":"SUCCESS","sign":"54665F027DD2B10BA7182F49B7577006","time_end":"20170626173718","total_fee":"100","trade_type":"JSAPI","transaction_id":"4005242001201706267533388199"}
[2017-06-26 19:11:33][debug] query:{"appid":"wxd46e99b7f83183e1","err_code":"ORDERNOTEXIST","err_code_des":"order not exist","mch_id":"1383580102","nonce_str":"MTSpM9MdKgv5TBSX","result_code":"FAIL","return_code":"SUCCESS","return_msg":"OK","sign":"085FAB8B97658E1B1EAC2284DEBD5EB3"}
[2017-06-26 19:41:35][debug] begin notify
[2017-06-26 19:41:35][debug] call back:{"appid":"wxd46e99b7f83183e1","bank_type":"CFT","cash_fee":"100","fee_type":"CNY","is_subscribe":"Y","mch_id":"1383580102","nonce_str":"hzclyzgv1gth6z8fbootils0zkycdsb3","openid":"ovxXWv5Ldfh1B4nho4C-Jz6Kgma0","out_trade_no":"201706261737101897","result_code":"SUCCESS","return_code":"SUCCESS","sign":"54665F027DD2B10BA7182F49B7577006","time_end":"20170626173718","total_fee":"100","trade_type":"JSAPI","transaction_id":"4005242001201706267533388199"}
[2017-06-26 19:41:35][debug] query:{"appid":"wxd46e99b7f83183e1","err_code":"ORDERNOTEXIST","err_code_des":"order not exist","mch_id":"1383580102","nonce_str":"Ws667gsb1V2oRAUZ","result_code":"FAIL","return_code":"SUCCESS","return_msg":"OK","sign":"81C251F25FB9155B0D641A0989606B8A"}
[2017-06-26 20:41:37][debug] begin notify
[2017-06-26 20:41:37][debug] call back:{"appid":"wxd46e99b7f83183e1","bank_type":"CFT","cash_fee":"100","fee_type":"CNY","is_subscribe":"Y","mch_id":"1383580102","nonce_str":"hzclyzgv1gth6z8fbootils0zkycdsb3","openid":"ovxXWv5Ldfh1B4nho4C-Jz6Kgma0","out_trade_no":"201706261737101897","result_code":"SUCCESS","return_code":"SUCCESS","sign":"54665F027DD2B10BA7182F49B7577006","time_end":"20170626173718","total_fee":"100","trade_type":"JSAPI","transaction_id":"4005242001201706267533388199"}
[2017-06-26 20:41:37][debug] query:{"appid":"wxd46e99b7f83183e1","err_code":"ORDERNOTEXIST","err_code_des":"order not exist","mch_id":"1383580102","nonce_str":"NqWuUPX66oVvyVSp","result_code":"FAIL","return_code":"SUCCESS","return_msg":"OK","sign":"EC6203F460F0FAF2877B944E465E8A8C"}
