[2017-05-12 06:16:12][debug] begin notify
[2017-05-12 06:16:12][debug] call back:{"appid":"wxd46e99b7f83183e1","bank_type":"CMBC_CREDIT","cash_fee":"1","fee_type":"CNY","is_subscribe":"Y","mch_id":"1383580102","nonce_str":"q6lpgihej8ptlgclnwc1dnmhleje4qsk","openid":"ovxXWv3CHJLsugBLuDQiCAxREFtE","out_trade_no":"201705120616038226","result_code":"SUCCESS","return_code":"SUCCESS","sign":"5371000A894B22751F4470582E05CD02","time_end":"20170512061611","total_fee":"1","trade_type":"JSAPI","transaction_id":"4002902001201705120487438834"}
[2017-05-12 06:16:13][debug] begin notify
[2017-05-12 06:16:13][debug] query:{"appid":"wxd46e99b7f83183e1","err_code":"ORDERNOTEXIST","err_code_des":"order not exist","mch_id":"1383580102","nonce_str":"TBB8tvYVB8IjUVPY","result_code":"FAIL","return_code":"SUCCESS","return_msg":"OK","sign":"1724E1804E237A622A0B467908F63276"}
[2017-05-12 06:16:15][debug] query:{"appid":"wxd46e99b7f83183e1","attach":[],"bank_type":"CMBC_CREDIT","cash_fee":"1","fee_type":"CNY","is_subscribe":"Y","mch_id":"1383580102","nonce_str":"04BZbHDDFXmLzy8D","openid":"ovxXWv3CHJLsugBLuDQiCAxREFtE","out_trade_no":"201705120616038226","result_code":"SUCCESS","return_code":"SUCCESS","return_msg":"OK","sign":"0F170976B74A093EB5EC30D741606F1A","time_end":"20170512061611","total_fee":"1","trade_state":"SUCCESS","trade_type":"JSAPI","transaction_id":"4002902001201705120487438834"}
[2017-05-12 06:16:29][debug] begin notify
[2017-05-12 06:16:29][debug] call back:{"appid":"wxd46e99b7f83183e1","bank_type":"CMBC_CREDIT","cash_fee":"1","fee_type":"CNY","is_subscribe":"Y","mch_id":"1383580102","nonce_str":"q6lpgihej8ptlgclnwc1dnmhleje4qsk","openid":"ovxXWv3CHJLsugBLuDQiCAxREFtE","out_trade_no":"201705120616038226","result_code":"SUCCESS","return_code":"SUCCESS","sign":"5371000A894B22751F4470582E05CD02","time_end":"20170512061611","total_fee":"1","trade_type":"JSAPI","transaction_id":"4002902001201705120487438834"}
[2017-05-12 06:16:29][debug] query:{"appid":"wxd46e99b7f83183e1","err_code":"ORDERNOTEXIST","err_code_des":"order not exist","mch_id":"1383580102","nonce_str":"ehpS746HLOYxAc9H","result_code":"FAIL","return_code":"SUCCESS","return_msg":"OK","sign":"E4C62A58B3C720CF4040EA4B6893E892"}
[2017-05-12 06:16:47][debug] begin notify
[2017-05-12 06:16:47][debug] call back:{"appid":"wxd46e99b7f83183e1","bank_type":"CMBC_CREDIT","cash_fee":"1","fee_type":"CNY","is_subscribe":"Y","mch_id":"1383580102","nonce_str":"q6lpgihej8ptlgclnwc1dnmhleje4qsk","openid":"ovxXWv3CHJLsugBLuDQiCAxREFtE","out_trade_no":"201705120616038226","result_code":"SUCCESS","return_code":"SUCCESS","sign":"5371000A894B22751F4470582E05CD02","time_end":"20170512061611","total_fee":"1","trade_type":"JSAPI","transaction_id":"4002902001201705120487438834"}
[2017-05-12 06:16:47][debug] query:{"appid":"wxd46e99b7f83183e1","err_code":"ORDERNOTEXIST","err_code_des":"order not exist","mch_id":"1383580102","nonce_str":"Oud7cMTvlXvlJwPL","result_code":"FAIL","return_code":"SUCCESS","return_msg":"OK","sign":"0F13AB3844F12433A090B91A74FDF318"}
[2017-05-12 06:17:19][debug] begin notify
[2017-05-12 06:17:19][debug] call back:{"appid":"wxd46e99b7f83183e1","bank_type":"CMBC_CREDIT","cash_fee":"1","fee_type":"CNY","is_subscribe":"Y","mch_id":"1383580102","nonce_str":"q6lpgihej8ptlgclnwc1dnmhleje4qsk","openid":"ovxXWv3CHJLsugBLuDQiCAxREFtE","out_trade_no":"201705120616038226","result_code":"SUCCESS","return_code":"SUCCESS","sign":"5371000A894B22751F4470582E05CD02","time_end":"20170512061611","total_fee":"1","trade_type":"JSAPI","transaction_id":"4002902001201705120487438834"}
[2017-05-12 06:17:19][debug] query:{"appid":"wxd46e99b7f83183e1","err_code":"ORDERNOTEXIST","err_code_des":"order not exist","mch_id":"1383580102","nonce_str":"AQqs69BrCe97lPlU","result_code":"FAIL","return_code":"SUCCESS","return_msg":"OK","sign":"08670F4C676DD5E5F19B200BC5755BAD"}
[2017-05-12 06:20:22][debug] begin notify
[2017-05-12 06:20:22][debug] call back:{"appid":"wxd46e99b7f83183e1","bank_type":"CMBC_CREDIT","cash_fee":"1","fee_type":"CNY","is_subscribe":"Y","mch_id":"1383580102","nonce_str":"q6lpgihej8ptlgclnwc1dnmhleje4qsk","openid":"ovxXWv3CHJLsugBLuDQiCAxREFtE","out_trade_no":"201705120616038226","result_code":"SUCCESS","return_code":"SUCCESS","sign":"5371000A894B22751F4470582E05CD02","time_end":"20170512061611","total_fee":"1","trade_type":"JSAPI","transaction_id":"4002902001201705120487438834"}
[2017-05-12 06:20:22][debug] query:{"appid":"wxd46e99b7f83183e1","err_code":"ORDERNOTEXIST","err_code_des":"order not exist","mch_id":"1383580102","nonce_str":"Tp63YyQSoszEvQUZ","result_code":"FAIL","return_code":"SUCCESS","return_msg":"OK","sign":"4A0EB7096BFCAAA9FA64A5F78368E009"}
[2017-05-12 06:50:23][debug] begin notify
[2017-05-12 06:50:23][debug] call back:{"appid":"wxd46e99b7f83183e1","bank_type":"CMBC_CREDIT","cash_fee":"1","fee_type":"CNY","is_subscribe":"Y","mch_id":"1383580102","nonce_str":"q6lpgihej8ptlgclnwc1dnmhleje4qsk","openid":"ovxXWv3CHJLsugBLuDQiCAxREFtE","out_trade_no":"201705120616038226","result_code":"SUCCESS","return_code":"SUCCESS","sign":"5371000A894B22751F4470582E05CD02","time_end":"20170512061611","total_fee":"1","trade_type":"JSAPI","transaction_id":"4002902001201705120487438834"}
[2017-05-12 06:50:23][debug] query:{"appid":"wxd46e99b7f83183e1","err_code":"ORDERNOTEXIST","err_code_des":"order not exist","mch_id":"1383580102","nonce_str":"ltyRVyoAyIk0mX4h","result_code":"FAIL","return_code":"SUCCESS","return_msg":"OK","sign":"7E292A121197BDEB5D052B877E7DE17C"}
[2017-05-12 07:20:24][debug] begin notify
[2017-05-12 07:20:24][debug] call back:{"appid":"wxd46e99b7f83183e1","bank_type":"CMBC_CREDIT","cash_fee":"1","fee_type":"CNY","is_subscribe":"Y","mch_id":"1383580102","nonce_str":"q6lpgihej8ptlgclnwc1dnmhleje4qsk","openid":"ovxXWv3CHJLsugBLuDQiCAxREFtE","out_trade_no":"201705120616038226","result_code":"SUCCESS","return_code":"SUCCESS","sign":"5371000A894B22751F4470582E05CD02","time_end":"20170512061611","total_fee":"1","trade_type":"JSAPI","transaction_id":"4002902001201705120487438834"}
[2017-05-12 07:20:26][debug] query:{"appid":"wxd46e99b7f83183e1","err_code":"ORDERNOTEXIST","err_code_des":"order not exist","mch_id":"1383580102","nonce_str":"GadWDR4cCooyeXjm","result_code":"FAIL","return_code":"SUCCESS","return_msg":"OK","sign":"6962BF046E9587030A6AC9F2B5CF4B0F"}
[2017-05-12 07:50:28][debug] begin notify
[2017-05-12 07:50:28][debug] call back:{"appid":"wxd46e99b7f83183e1","bank_type":"CMBC_CREDIT","cash_fee":"1","fee_type":"CNY","is_subscribe":"Y","mch_id":"1383580102","nonce_str":"q6lpgihej8ptlgclnwc1dnmhleje4qsk","openid":"ovxXWv3CHJLsugBLuDQiCAxREFtE","out_trade_no":"201705120616038226","result_code":"SUCCESS","return_code":"SUCCESS","sign":"5371000A894B22751F4470582E05CD02","time_end":"20170512061611","total_fee":"1","trade_type":"JSAPI","transaction_id":"4002902001201705120487438834"}
[2017-05-12 07:50:30][debug] query:{"appid":"wxd46e99b7f83183e1","err_code":"ORDERNOTEXIST","err_code_des":"order not exist","mch_id":"1383580102","nonce_str":"AKVeWOpzl3JnBSm8","result_code":"FAIL","return_code":"SUCCESS","return_msg":"OK","sign":"C7C51A3038BA109A88AF850D0CAA9865"}
[2017-05-12 08:20:31][debug] begin notify
[2017-05-12 08:20:31][debug] call back:{"appid":"wxd46e99b7f83183e1","bank_type":"CMBC_CREDIT","cash_fee":"1","fee_type":"CNY","is_subscribe":"Y","mch_id":"1383580102","nonce_str":"q6lpgihej8ptlgclnwc1dnmhleje4qsk","openid":"ovxXWv3CHJLsugBLuDQiCAxREFtE","out_trade_no":"201705120616038226","result_code":"SUCCESS","return_code":"SUCCESS","sign":"5371000A894B22751F4470582E05CD02","time_end":"20170512061611","total_fee":"1","trade_type":"JSAPI","transaction_id":"4002902001201705120487438834"}
[2017-05-12 08:20:31][debug] query:{"appid":"wxd46e99b7f83183e1","err_code":"ORDERNOTEXIST","err_code_des":"order not exist","mch_id":"1383580102","nonce_str":"eLDwm3jVBFZhRns8","result_code":"FAIL","return_code":"SUCCESS","return_msg":"OK","sign":"077842DCBA7C4AD4FB681038041DBD32"}
[2017-05-12 09:20:32][debug] begin notify
[2017-05-12 09:20:32][debug] call back:{"appid":"wxd46e99b7f83183e1","bank_type":"CMBC_CREDIT","cash_fee":"1","fee_type":"CNY","is_subscribe":"Y","mch_id":"1383580102","nonce_str":"q6lpgihej8ptlgclnwc1dnmhleje4qsk","openid":"ovxXWv3CHJLsugBLuDQiCAxREFtE","out_trade_no":"201705120616038226","result_code":"SUCCESS","return_code":"SUCCESS","sign":"5371000A894B22751F4470582E05CD02","time_end":"20170512061611","total_fee":"1","trade_type":"JSAPI","transaction_id":"4002902001201705120487438834"}
[2017-05-12 09:20:33][debug] query:{"appid":"wxd46e99b7f83183e1","err_code":"ORDERNOTEXIST","err_code_des":"order not exist","mch_id":"1383580102","nonce_str":"ikyeIaW9gQl91Xup","result_code":"FAIL","return_code":"SUCCESS","return_msg":"OK","sign":"2023CDE095B42A15AE291241BC481968"}
