[2017-06-03 09:09:56][debug] begin notify
[2017-06-03 09:09:56][debug] call back:{"appid":"wxd46e99b7f83183e1","bank_type":"CFT","cash_fee":"100","fee_type":"CNY","is_subscribe":"Y","mch_id":"1383580102","nonce_str":"e060f6hv81ah8g7t8goe0hp9i5x41yar","openid":"ovxXWvwz8SMTLTHeZpNyA-BjAtR0","out_trade_no":"2017060309098703","result_code":"SUCCESS","return_code":"SUCCESS","sign":"9229A5AC92F4D6873F9A1FBFFFB82309","time_end":"20170603090956","total_fee":"100","trade_type":"JSAPI","transaction_id":"4010042001201706034016902422"}
[2017-06-03 09:09:57][debug] query:{"appid":"wxd46e99b7f83183e1","err_code":"ORDERNOTEXIST","err_code_des":"order not exist","mch_id":"1383580102","nonce_str":"XrK4JuvZIkhljhz7","result_code":"FAIL","return_code":"SUCCESS","return_msg":"OK","sign":"61CFBB4FDD1980BB739DF765E0CD5DCB"}
[2017-06-03 09:09:59][debug] begin notify
[2017-06-03 09:09:59][debug] query:{"appid":"wxd46e99b7f83183e1","attach":[],"bank_type":"CFT","cash_fee":"100","fee_type":"CNY","is_subscribe":"Y","mch_id":"1383580102","nonce_str":"IIE9n7prD2xWu49U","openid":"ovxXWvwz8SMTLTHeZpNyA-BjAtR0","out_trade_no":"2017060309098703","result_code":"SUCCESS","return_code":"SUCCESS","return_msg":"OK","sign":"1416121553BE860331792EBB61D47ECC","time_end":"20170603090956","total_fee":"100","trade_state":"SUCCESS","trade_type":"JSAPI","transaction_id":"4010042001201706034016902422"}
[2017-06-03 09:10:08][debug] begin notify
[2017-06-03 09:10:08][debug] call back:{"appid":"wxd46e99b7f83183e1","bank_type":"CFT","cash_fee":"100","fee_type":"CNY","is_subscribe":"Y","mch_id":"1383580102","nonce_str":"e060f6hv81ah8g7t8goe0hp9i5x41yar","openid":"ovxXWvwz8SMTLTHeZpNyA-BjAtR0","out_trade_no":"2017060309098703","result_code":"SUCCESS","return_code":"SUCCESS","sign":"9229A5AC92F4D6873F9A1FBFFFB82309","time_end":"20170603090956","total_fee":"100","trade_type":"JSAPI","transaction_id":"4010042001201706034016902422"}
[2017-06-03 09:10:10][debug] query:{"appid":"wxd46e99b7f83183e1","err_code":"ORDERNOTEXIST","err_code_des":"order not exist","mch_id":"1383580102","nonce_str":"BsjdCSC2vgUNaWA9","result_code":"FAIL","return_code":"SUCCESS","return_msg":"OK","sign":"1C66CC2DC132FC3A0307E650B5D2F8C7"}
[2017-06-03 09:10:26][debug] begin notify
[2017-06-03 09:10:26][debug] call back:{"appid":"wxd46e99b7f83183e1","bank_type":"CFT","cash_fee":"100","fee_type":"CNY","is_subscribe":"Y","mch_id":"1383580102","nonce_str":"e060f6hv81ah8g7t8goe0hp9i5x41yar","openid":"ovxXWvwz8SMTLTHeZpNyA-BjAtR0","out_trade_no":"2017060309098703","result_code":"SUCCESS","return_code":"SUCCESS","sign":"9229A5AC92F4D6873F9A1FBFFFB82309","time_end":"20170603090956","total_fee":"100","trade_type":"JSAPI","transaction_id":"4010042001201706034016902422"}
[2017-06-03 09:10:28][debug] query:{"appid":"wxd46e99b7f83183e1","err_code":"ORDERNOTEXIST","err_code_des":"order not exist","mch_id":"1383580102","nonce_str":"oTCYmhz7Hp12NWSk","result_code":"FAIL","return_code":"SUCCESS","return_msg":"OK","sign":"D6A4116EE612A8B4F64AF0F22D78D1BB"}
[2017-06-03 09:11:01][debug] begin notify
[2017-06-03 09:11:01][debug] call back:{"appid":"wxd46e99b7f83183e1","bank_type":"CFT","cash_fee":"100","fee_type":"CNY","is_subscribe":"Y","mch_id":"1383580102","nonce_str":"e060f6hv81ah8g7t8goe0hp9i5x41yar","openid":"ovxXWvwz8SMTLTHeZpNyA-BjAtR0","out_trade_no":"2017060309098703","result_code":"SUCCESS","return_code":"SUCCESS","sign":"9229A5AC92F4D6873F9A1FBFFFB82309","time_end":"20170603090956","total_fee":"100","trade_type":"JSAPI","transaction_id":"4010042001201706034016902422"}
[2017-06-03 09:11:01][debug] query:{"appid":"wxd46e99b7f83183e1","err_code":"ORDERNOTEXIST","err_code_des":"order not exist","mch_id":"1383580102","nonce_str":"r7EDQzLni13h4Wrn","result_code":"FAIL","return_code":"SUCCESS","return_msg":"OK","sign":"A818CDE829286BDD5F8738FB8AB08759"}
[2017-06-03 09:14:02][debug] begin notify
[2017-06-03 09:14:02][debug] call back:{"appid":"wxd46e99b7f83183e1","bank_type":"CFT","cash_fee":"100","fee_type":"CNY","is_subscribe":"Y","mch_id":"1383580102","nonce_str":"e060f6hv81ah8g7t8goe0hp9i5x41yar","openid":"ovxXWvwz8SMTLTHeZpNyA-BjAtR0","out_trade_no":"2017060309098703","result_code":"SUCCESS","return_code":"SUCCESS","sign":"9229A5AC92F4D6873F9A1FBFFFB82309","time_end":"20170603090956","total_fee":"100","trade_type":"JSAPI","transaction_id":"4010042001201706034016902422"}
[2017-06-03 09:14:03][debug] query:{"appid":"wxd46e99b7f83183e1","err_code":"ORDERNOTEXIST","err_code_des":"order not exist","mch_id":"1383580102","nonce_str":"qV56xnlzp0IkADff","result_code":"FAIL","return_code":"SUCCESS","return_msg":"OK","sign":"0B54DEDFD86F07593E7F5A3659874E7E"}
[2017-06-03 09:44:04][debug] begin notify
[2017-06-03 09:44:04][debug] call back:{"appid":"wxd46e99b7f83183e1","bank_type":"CFT","cash_fee":"100","fee_type":"CNY","is_subscribe":"Y","mch_id":"1383580102","nonce_str":"e060f6hv81ah8g7t8goe0hp9i5x41yar","openid":"ovxXWvwz8SMTLTHeZpNyA-BjAtR0","out_trade_no":"2017060309098703","result_code":"SUCCESS","return_code":"SUCCESS","sign":"9229A5AC92F4D6873F9A1FBFFFB82309","time_end":"20170603090956","total_fee":"100","trade_type":"JSAPI","transaction_id":"4010042001201706034016902422"}
[2017-06-03 09:44:04][debug] query:{"appid":"wxd46e99b7f83183e1","err_code":"ORDERNOTEXIST","err_code_des":"order not exist","mch_id":"1383580102","nonce_str":"yyXhdQ6kzPMCUPLb","result_code":"FAIL","return_code":"SUCCESS","return_msg":"OK","sign":"1381D35CDE47A229769E59FB578AEC21"}
[2017-06-03 10:14:05][debug] begin notify
[2017-06-03 10:14:05][debug] call back:{"appid":"wxd46e99b7f83183e1","bank_type":"CFT","cash_fee":"100","fee_type":"CNY","is_subscribe":"Y","mch_id":"1383580102","nonce_str":"e060f6hv81ah8g7t8goe0hp9i5x41yar","openid":"ovxXWvwz8SMTLTHeZpNyA-BjAtR0","out_trade_no":"2017060309098703","result_code":"SUCCESS","return_code":"SUCCESS","sign":"9229A5AC92F4D6873F9A1FBFFFB82309","time_end":"20170603090956","total_fee":"100","trade_type":"JSAPI","transaction_id":"4010042001201706034016902422"}
[2017-06-03 10:14:05][debug] query:{"appid":"wxd46e99b7f83183e1","err_code":"ORDERNOTEXIST","err_code_des":"order not exist","mch_id":"1383580102","nonce_str":"b2dQ6Nxi92v7SrZn","result_code":"FAIL","return_code":"SUCCESS","return_msg":"OK","sign":"93C76261EC6AC50F9CDA68759CFFB51C"}
[2017-06-03 10:44:07][debug] begin notify
[2017-06-03 10:44:07][debug] call back:{"appid":"wxd46e99b7f83183e1","bank_type":"CFT","cash_fee":"100","fee_type":"CNY","is_subscribe":"Y","mch_id":"1383580102","nonce_str":"e060f6hv81ah8g7t8goe0hp9i5x41yar","openid":"ovxXWvwz8SMTLTHeZpNyA-BjAtR0","out_trade_no":"2017060309098703","result_code":"SUCCESS","return_code":"SUCCESS","sign":"9229A5AC92F4D6873F9A1FBFFFB82309","time_end":"20170603090956","total_fee":"100","trade_type":"JSAPI","transaction_id":"4010042001201706034016902422"}
[2017-06-03 10:44:07][debug] query:{"appid":"wxd46e99b7f83183e1","err_code":"ORDERNOTEXIST","err_code_des":"order not exist","mch_id":"1383580102","nonce_str":"8b81g5zZdqqtswZB","result_code":"FAIL","return_code":"SUCCESS","return_msg":"OK","sign":"BEA29E091470E7BA1476DED44DEC775B"}
[2017-06-03 11:14:08][debug] begin notify
[2017-06-03 11:14:08][debug] call back:{"appid":"wxd46e99b7f83183e1","bank_type":"CFT","cash_fee":"100","fee_type":"CNY","is_subscribe":"Y","mch_id":"1383580102","nonce_str":"e060f6hv81ah8g7t8goe0hp9i5x41yar","openid":"ovxXWvwz8SMTLTHeZpNyA-BjAtR0","out_trade_no":"2017060309098703","result_code":"SUCCESS","return_code":"SUCCESS","sign":"9229A5AC92F4D6873F9A1FBFFFB82309","time_end":"20170603090956","total_fee":"100","trade_type":"JSAPI","transaction_id":"4010042001201706034016902422"}
[2017-06-03 11:14:10][debug] query:{"appid":"wxd46e99b7f83183e1","err_code":"ORDERNOTEXIST","err_code_des":"order not exist","mch_id":"1383580102","nonce_str":"EbVwdTvgiVFFIlFU","result_code":"FAIL","return_code":"SUCCESS","return_msg":"OK","sign":"D4BE67367A38D1F95473673E1BD56A7E"}
[2017-06-03 12:14:12][debug] begin notify
[2017-06-03 12:14:12][debug] call back:{"appid":"wxd46e99b7f83183e1","bank_type":"CFT","cash_fee":"100","fee_type":"CNY","is_subscribe":"Y","mch_id":"1383580102","nonce_str":"e060f6hv81ah8g7t8goe0hp9i5x41yar","openid":"ovxXWvwz8SMTLTHeZpNyA-BjAtR0","out_trade_no":"2017060309098703","result_code":"SUCCESS","return_code":"SUCCESS","sign":"9229A5AC92F4D6873F9A1FBFFFB82309","time_end":"20170603090956","total_fee":"100","trade_type":"JSAPI","transaction_id":"4010042001201706034016902422"}
[2017-06-03 12:14:12][debug] query:{"appid":"wxd46e99b7f83183e1","err_code":"ORDERNOTEXIST","err_code_des":"order not exist","mch_id":"1383580102","nonce_str":"gyht84DtbTNub4QL","result_code":"FAIL","return_code":"SUCCESS","return_msg":"OK","sign":"A22D788D6649B0DC6C7E875C4D1A1ABD"}
