[2017-05-18 09:46:22][debug] begin notify
[2017-05-18 09:46:22][debug] call back:{"appid":"wxd46e99b7f83183e1","bank_type":"CFT","cash_fee":"1","fee_type":"CNY","is_subscribe":"Y","mch_id":"1383580102","nonce_str":"fahdzy3fcmbq0o91swcqr5otwozimkto","openid":"ovxXWv5Ldfh1B4nho4C-Jz6Kgma0","out_trade_no":"201705180946127357","result_code":"SUCCESS","return_code":"SUCCESS","sign":"0E3F206A0FD61415A3127EE584FD7B90","time_end":"20170518094621","total_fee":"1","trade_type":"JSAPI","transaction_id":"4005242001201705181328523118"}
[2017-05-18 09:46:23][debug] query:{"appid":"wxd46e99b7f83183e1","err_code":"ORDERNOTEXIST","err_code_des":"order not exist","mch_id":"1383580102","nonce_str":"HlV1oT3XDfjPR8bY","result_code":"FAIL","return_code":"SUCCESS","return_msg":"OK","sign":"2D6FF4C48D074742384A2D19EFFE4A44"}
[2017-05-18 09:46:23][debug] begin notify
[2017-05-18 09:46:24][debug] query:{"appid":"wxd46e99b7f83183e1","attach":[],"bank_type":"CFT","cash_fee":"1","fee_type":"CNY","is_subscribe":"Y","mch_id":"1383580102","nonce_str":"EMDGoWnsi2lKeuEs","openid":"ovxXWv5Ldfh1B4nho4C-Jz6Kgma0","out_trade_no":"201705180946127357","result_code":"SUCCESS","return_code":"SUCCESS","return_msg":"OK","sign":"BA8D8A72412E140E027D25ECBB7404EA","time_end":"20170518094621","total_fee":"1","trade_state":"SUCCESS","trade_type":"JSAPI","transaction_id":"4005242001201705181328523118"}
[2017-05-18 09:46:36][debug] begin notify
[2017-05-18 09:46:36][debug] call back:{"appid":"wxd46e99b7f83183e1","bank_type":"CFT","cash_fee":"1","fee_type":"CNY","is_subscribe":"Y","mch_id":"1383580102","nonce_str":"fahdzy3fcmbq0o91swcqr5otwozimkto","openid":"ovxXWv5Ldfh1B4nho4C-Jz6Kgma0","out_trade_no":"201705180946127357","result_code":"SUCCESS","return_code":"SUCCESS","sign":"0E3F206A0FD61415A3127EE584FD7B90","time_end":"20170518094621","total_fee":"1","trade_type":"JSAPI","transaction_id":"4005242001201705181328523118"}
[2017-05-18 09:46:38][debug] query:{"appid":"wxd46e99b7f83183e1","err_code":"ORDERNOTEXIST","err_code_des":"order not exist","mch_id":"1383580102","nonce_str":"aaKp32WAoF1bFZCp","result_code":"FAIL","return_code":"SUCCESS","return_msg":"OK","sign":"C4A5B05C23B438B51AD2D25DB4CB525B"}
[2017-05-18 09:46:54][debug] begin notify
[2017-05-18 09:46:54][debug] call back:{"appid":"wxd46e99b7f83183e1","bank_type":"CFT","cash_fee":"1","fee_type":"CNY","is_subscribe":"Y","mch_id":"1383580102","nonce_str":"fahdzy3fcmbq0o91swcqr5otwozimkto","openid":"ovxXWv5Ldfh1B4nho4C-Jz6Kgma0","out_trade_no":"201705180946127357","result_code":"SUCCESS","return_code":"SUCCESS","sign":"0E3F206A0FD61415A3127EE584FD7B90","time_end":"20170518094621","total_fee":"1","trade_type":"JSAPI","transaction_id":"4005242001201705181328523118"}
[2017-05-18 09:46:56][debug] query:{"appid":"wxd46e99b7f83183e1","err_code":"ORDERNOTEXIST","err_code_des":"order not exist","mch_id":"1383580102","nonce_str":"U6qfb4FsME4RjuyB","result_code":"FAIL","return_code":"SUCCESS","return_msg":"OK","sign":"73D4B36BD7464D4AFE478DBBD0D730B6"}
[2017-05-18 09:47:28][debug] begin notify
[2017-05-18 09:47:28][debug] call back:{"appid":"wxd46e99b7f83183e1","bank_type":"CFT","cash_fee":"1","fee_type":"CNY","is_subscribe":"Y","mch_id":"1383580102","nonce_str":"fahdzy3fcmbq0o91swcqr5otwozimkto","openid":"ovxXWv5Ldfh1B4nho4C-Jz6Kgma0","out_trade_no":"201705180946127357","result_code":"SUCCESS","return_code":"SUCCESS","sign":"0E3F206A0FD61415A3127EE584FD7B90","time_end":"20170518094621","total_fee":"1","trade_type":"JSAPI","transaction_id":"4005242001201705181328523118"}
[2017-05-18 09:47:28][debug] query:{"appid":"wxd46e99b7f83183e1","err_code":"ORDERNOTEXIST","err_code_des":"order not exist","mch_id":"1383580102","nonce_str":"j6CF6s5RsRCejX9A","result_code":"FAIL","return_code":"SUCCESS","return_msg":"OK","sign":"88977413B8F30D402BDA41F188A18A31"}
[2017-05-18 09:50:31][debug] begin notify
[2017-05-18 09:50:31][debug] call back:{"appid":"wxd46e99b7f83183e1","bank_type":"CFT","cash_fee":"1","fee_type":"CNY","is_subscribe":"Y","mch_id":"1383580102","nonce_str":"fahdzy3fcmbq0o91swcqr5otwozimkto","openid":"ovxXWv5Ldfh1B4nho4C-Jz6Kgma0","out_trade_no":"201705180946127357","result_code":"SUCCESS","return_code":"SUCCESS","sign":"0E3F206A0FD61415A3127EE584FD7B90","time_end":"20170518094621","total_fee":"1","trade_type":"JSAPI","transaction_id":"4005242001201705181328523118"}
[2017-05-18 09:50:32][debug] query:{"appid":"wxd46e99b7f83183e1","err_code":"ORDERNOTEXIST","err_code_des":"order not exist","mch_id":"1383580102","nonce_str":"NUaccmysSpsfYVCa","result_code":"FAIL","return_code":"SUCCESS","return_msg":"OK","sign":"8F9AC1E777FFCB2327AF92C4C94501CE"}
[2017-05-18 10:20:35][debug] begin notify
[2017-05-18 10:20:35][debug] call back:{"appid":"wxd46e99b7f83183e1","bank_type":"CFT","cash_fee":"1","fee_type":"CNY","is_subscribe":"Y","mch_id":"1383580102","nonce_str":"fahdzy3fcmbq0o91swcqr5otwozimkto","openid":"ovxXWv5Ldfh1B4nho4C-Jz6Kgma0","out_trade_no":"201705180946127357","result_code":"SUCCESS","return_code":"SUCCESS","sign":"0E3F206A0FD61415A3127EE584FD7B90","time_end":"20170518094621","total_fee":"1","trade_type":"JSAPI","transaction_id":"4005242001201705181328523118"}
[2017-05-18 10:20:37][debug] query:{"appid":"wxd46e99b7f83183e1","err_code":"ORDERNOTEXIST","err_code_des":"order not exist","mch_id":"1383580102","nonce_str":"p0eVRW8E8HobU0d2","result_code":"FAIL","return_code":"SUCCESS","return_msg":"OK","sign":"B7829A817DAF2F67552B6AC48A56B5FC"}
[2017-05-18 10:50:38][debug] begin notify
[2017-05-18 10:50:38][debug] call back:{"appid":"wxd46e99b7f83183e1","bank_type":"CFT","cash_fee":"1","fee_type":"CNY","is_subscribe":"Y","mch_id":"1383580102","nonce_str":"fahdzy3fcmbq0o91swcqr5otwozimkto","openid":"ovxXWv5Ldfh1B4nho4C-Jz6Kgma0","out_trade_no":"201705180946127357","result_code":"SUCCESS","return_code":"SUCCESS","sign":"0E3F206A0FD61415A3127EE584FD7B90","time_end":"20170518094621","total_fee":"1","trade_type":"JSAPI","transaction_id":"4005242001201705181328523118"}
[2017-05-18 10:50:39][debug] query:{"appid":"wxd46e99b7f83183e1","err_code":"ORDERNOTEXIST","err_code_des":"order not exist","mch_id":"1383580102","nonce_str":"lnhB9WUKHjyDrgYF","result_code":"FAIL","return_code":"SUCCESS","return_msg":"OK","sign":"FBEB6C846FFE5FEDDE2E6DDBFDC3D861"}
[2017-05-18 11:20:42][debug] begin notify
[2017-05-18 11:20:42][debug] call back:{"appid":"wxd46e99b7f83183e1","bank_type":"CFT","cash_fee":"1","fee_type":"CNY","is_subscribe":"Y","mch_id":"1383580102","nonce_str":"fahdzy3fcmbq0o91swcqr5otwozimkto","openid":"ovxXWv5Ldfh1B4nho4C-Jz6Kgma0","out_trade_no":"201705180946127357","result_code":"SUCCESS","return_code":"SUCCESS","sign":"0E3F206A0FD61415A3127EE584FD7B90","time_end":"20170518094621","total_fee":"1","trade_type":"JSAPI","transaction_id":"4005242001201705181328523118"}
[2017-05-18 11:20:42][debug] query:{"appid":"wxd46e99b7f83183e1","err_code":"ORDERNOTEXIST","err_code_des":"order not exist","mch_id":"1383580102","nonce_str":"WzX6k1X5xw7cVGtH","result_code":"FAIL","return_code":"SUCCESS","return_msg":"OK","sign":"4AA044E249891AC31D77CA0F28D8B338"}
[2017-05-18 11:50:44][debug] begin notify
[2017-05-18 11:50:44][debug] call back:{"appid":"wxd46e99b7f83183e1","bank_type":"CFT","cash_fee":"1","fee_type":"CNY","is_subscribe":"Y","mch_id":"1383580102","nonce_str":"fahdzy3fcmbq0o91swcqr5otwozimkto","openid":"ovxXWv5Ldfh1B4nho4C-Jz6Kgma0","out_trade_no":"201705180946127357","result_code":"SUCCESS","return_code":"SUCCESS","sign":"0E3F206A0FD61415A3127EE584FD7B90","time_end":"20170518094621","total_fee":"1","trade_type":"JSAPI","transaction_id":"4005242001201705181328523118"}
[2017-05-18 11:50:45][debug] query:{"appid":"wxd46e99b7f83183e1","err_code":"ORDERNOTEXIST","err_code_des":"order not exist","mch_id":"1383580102","nonce_str":"KzQWMjk4VnfdruOF","result_code":"FAIL","return_code":"SUCCESS","return_msg":"OK","sign":"81820A2BF2F906966866A961E7FD0F53"}
[2017-05-18 12:50:46][debug] begin notify
[2017-05-18 12:50:46][debug] call back:{"appid":"wxd46e99b7f83183e1","bank_type":"CFT","cash_fee":"1","fee_type":"CNY","is_subscribe":"Y","mch_id":"1383580102","nonce_str":"fahdzy3fcmbq0o91swcqr5otwozimkto","openid":"ovxXWv5Ldfh1B4nho4C-Jz6Kgma0","out_trade_no":"201705180946127357","result_code":"SUCCESS","return_code":"SUCCESS","sign":"0E3F206A0FD61415A3127EE584FD7B90","time_end":"20170518094621","total_fee":"1","trade_type":"JSAPI","transaction_id":"4005242001201705181328523118"}
[2017-05-18 12:50:48][debug] query:{"appid":"wxd46e99b7f83183e1","err_code":"ORDERNOTEXIST","err_code_des":"order not exist","mch_id":"1383580102","nonce_str":"QCpndRxBUp4uGn73","result_code":"FAIL","return_code":"SUCCESS","return_msg":"OK","sign":"290FBBB1BAE452AD64FDCBC451532E9A"}
[2017-05-18 22:03:19][debug] begin notify
[2017-05-18 22:03:19][debug] call back:{"appid":"wxd46e99b7f83183e1","bank_type":"ICBC_DEBIT","cash_fee":"1","fee_type":"CNY","is_subscribe":"Y","mch_id":"1383580102","nonce_str":"h1jcu8mpj15byfuj7tnexk5cr9hscye1","openid":"ovxXWv3CHJLsugBLuDQiCAxREFtE","out_trade_no":"201705182203133445","result_code":"SUCCESS","return_code":"SUCCESS","sign":"563D0BE393372F2900AD186A5096CFA0","time_end":"20170518220319","total_fee":"1","trade_type":"JSAPI","transaction_id":"4002902001201705181422598551"}
[2017-05-18 22:03:22][debug] query:{"appid":"wxd46e99b7f83183e1","err_code":"ORDERNOTEXIST","err_code_des":"order not exist","mch_id":"1383580102","nonce_str":"jTkuwNjnGnci5zzq","result_code":"FAIL","return_code":"SUCCESS","return_msg":"OK","sign":"929557A6381C1E470CC66802CC817266"}
[2017-05-18 22:03:22][debug] begin notify
[2017-05-18 22:03:24][debug] query:{"appid":"wxd46e99b7f83183e1","attach":[],"bank_type":"ICBC_DEBIT","cash_fee":"1","fee_type":"CNY","is_subscribe":"Y","mch_id":"1383580102","nonce_str":"ptzceVE6cmtn6Dka","openid":"ovxXWv3CHJLsugBLuDQiCAxREFtE","out_trade_no":"201705182203133445","result_code":"SUCCESS","return_code":"SUCCESS","return_msg":"OK","sign":"E48B946C23F734A133D5465EDDF94A25","time_end":"20170518220319","total_fee":"1","trade_state":"SUCCESS","trade_type":"JSAPI","transaction_id":"4002902001201705181422598551"}
[2017-05-18 22:03:33][debug] begin notify
[2017-05-18 22:03:33][debug] call back:{"appid":"wxd46e99b7f83183e1","bank_type":"ICBC_DEBIT","cash_fee":"1","fee_type":"CNY","is_subscribe":"Y","mch_id":"1383580102","nonce_str":"h1jcu8mpj15byfuj7tnexk5cr9hscye1","openid":"ovxXWv3CHJLsugBLuDQiCAxREFtE","out_trade_no":"201705182203133445","result_code":"SUCCESS","return_code":"SUCCESS","sign":"563D0BE393372F2900AD186A5096CFA0","time_end":"20170518220319","total_fee":"1","trade_type":"JSAPI","transaction_id":"4002902001201705181422598551"}
[2017-05-18 22:03:35][debug] query:{"appid":"wxd46e99b7f83183e1","err_code":"ORDERNOTEXIST","err_code_des":"order not exist","mch_id":"1383580102","nonce_str":"8q9b6NU1Hr9uhecw","result_code":"FAIL","return_code":"SUCCESS","return_msg":"OK","sign":"91639439D80AA00C8B5EB7931D5099D6"}
[2017-05-18 22:03:51][debug] begin notify
[2017-05-18 22:03:51][debug] call back:{"appid":"wxd46e99b7f83183e1","bank_type":"ICBC_DEBIT","cash_fee":"1","fee_type":"CNY","is_subscribe":"Y","mch_id":"1383580102","nonce_str":"h1jcu8mpj15byfuj7tnexk5cr9hscye1","openid":"ovxXWv3CHJLsugBLuDQiCAxREFtE","out_trade_no":"201705182203133445","result_code":"SUCCESS","return_code":"SUCCESS","sign":"563D0BE393372F2900AD186A5096CFA0","time_end":"20170518220319","total_fee":"1","trade_type":"JSAPI","transaction_id":"4002902001201705181422598551"}
[2017-05-18 22:03:53][debug] query:{"appid":"wxd46e99b7f83183e1","err_code":"ORDERNOTEXIST","err_code_des":"order not exist","mch_id":"1383580102","nonce_str":"bPqdVIeO66UfViwh","result_code":"FAIL","return_code":"SUCCESS","return_msg":"OK","sign":"9BCE99425800721B025429E3CCB376F5"}
[2017-05-18 22:04:25][debug] begin notify
[2017-05-18 22:04:25][debug] call back:{"appid":"wxd46e99b7f83183e1","bank_type":"ICBC_DEBIT","cash_fee":"1","fee_type":"CNY","is_subscribe":"Y","mch_id":"1383580102","nonce_str":"h1jcu8mpj15byfuj7tnexk5cr9hscye1","openid":"ovxXWv3CHJLsugBLuDQiCAxREFtE","out_trade_no":"201705182203133445","result_code":"SUCCESS","return_code":"SUCCESS","sign":"563D0BE393372F2900AD186A5096CFA0","time_end":"20170518220319","total_fee":"1","trade_type":"JSAPI","transaction_id":"4002902001201705181422598551"}
[2017-05-18 22:04:27][debug] query:{"appid":"wxd46e99b7f83183e1","err_code":"ORDERNOTEXIST","err_code_des":"order not exist","mch_id":"1383580102","nonce_str":"ObXwWjDayXXxE6Ly","result_code":"FAIL","return_code":"SUCCESS","return_msg":"OK","sign":"1A6A4787FA47D1B3F812881F1DCD0411"}
[2017-05-18 22:05:30][debug] begin notify
[2017-05-18 22:05:30][debug] call back:{"appid":"wxd46e99b7f83183e1","bank_type":"CEB_CREDIT","cash_fee":"1000","fee_type":"CNY","is_subscribe":"Y","mch_id":"1383580102","nonce_str":"ebkn2p3e3fbtj1qxr54tjhr3sjklfz40","openid":"ovxXWv3CHJLsugBLuDQiCAxREFtE","out_trade_no":"201705182205202702","result_code":"SUCCESS","return_code":"SUCCESS","sign":"F72484B8F33F3A5DB8B929F9A984C35A","time_end":"20170518220529","total_fee":"1000","trade_type":"JSAPI","transaction_id":"4002902001201705181420096108"}
[2017-05-18 22:05:32][debug] query:{"appid":"wxd46e99b7f83183e1","err_code":"ORDERNOTEXIST","err_code_des":"order not exist","mch_id":"1383580102","nonce_str":"z1eTXxuzr4gGWgYO","result_code":"FAIL","return_code":"SUCCESS","return_msg":"OK","sign":"3800067BE287F5B68B903F6E50BAF87D"}
[2017-05-18 22:05:33][debug] begin notify
[2017-05-18 22:05:34][debug] query:{"appid":"wxd46e99b7f83183e1","attach":[],"bank_type":"CEB_CREDIT","cash_fee":"1000","fee_type":"CNY","is_subscribe":"Y","mch_id":"1383580102","nonce_str":"6bwM30aHv7nGoZ3V","openid":"ovxXWv3CHJLsugBLuDQiCAxREFtE","out_trade_no":"201705182205202702","result_code":"SUCCESS","return_code":"SUCCESS","return_msg":"OK","sign":"6D8A5DEBE9ADCEE711C417540F93C51A","time_end":"20170518220529","total_fee":"1000","trade_state":"SUCCESS","trade_type":"JSAPI","transaction_id":"4002902001201705181420096108"}
[2017-05-18 22:05:41][debug] begin notify
[2017-05-18 22:05:41][debug] call back:{"appid":"wxd46e99b7f83183e1","bank_type":"CEB_CREDIT","cash_fee":"1000","fee_type":"CNY","is_subscribe":"Y","mch_id":"1383580102","nonce_str":"ebkn2p3e3fbtj1qxr54tjhr3sjklfz40","openid":"ovxXWv3CHJLsugBLuDQiCAxREFtE","out_trade_no":"201705182205202702","result_code":"SUCCESS","return_code":"SUCCESS","sign":"F72484B8F33F3A5DB8B929F9A984C35A","time_end":"20170518220529","total_fee":"1000","trade_type":"JSAPI","transaction_id":"4002902001201705181420096108"}
[2017-05-18 22:05:42][debug] query:{"appid":"wxd46e99b7f83183e1","err_code":"ORDERNOTEXIST","err_code_des":"order not exist","mch_id":"1383580102","nonce_str":"sx36cnPXpe8Z17VD","result_code":"FAIL","return_code":"SUCCESS","return_msg":"OK","sign":"4F72CC32510A0DAC749358648C829DB1"}
[2017-05-18 22:05:58][debug] begin notify
[2017-05-18 22:05:58][debug] call back:{"appid":"wxd46e99b7f83183e1","bank_type":"CEB_CREDIT","cash_fee":"1000","fee_type":"CNY","is_subscribe":"Y","mch_id":"1383580102","nonce_str":"ebkn2p3e3fbtj1qxr54tjhr3sjklfz40","openid":"ovxXWv3CHJLsugBLuDQiCAxREFtE","out_trade_no":"201705182205202702","result_code":"SUCCESS","return_code":"SUCCESS","sign":"F72484B8F33F3A5DB8B929F9A984C35A","time_end":"20170518220529","total_fee":"1000","trade_type":"JSAPI","transaction_id":"4002902001201705181420096108"}
[2017-05-18 22:05:58][debug] query:{"appid":"wxd46e99b7f83183e1","err_code":"ORDERNOTEXIST","err_code_des":"order not exist","mch_id":"1383580102","nonce_str":"kvfAVDw8AfX2WbUj","result_code":"FAIL","return_code":"SUCCESS","return_msg":"OK","sign":"239B0BF05BD0BE094DA1F5D7E956BC97"}
[2017-05-18 22:06:29][debug] begin notify
[2017-05-18 22:06:29][debug] call back:{"appid":"wxd46e99b7f83183e1","bank_type":"CEB_CREDIT","cash_fee":"1000","fee_type":"CNY","is_subscribe":"Y","mch_id":"1383580102","nonce_str":"ebkn2p3e3fbtj1qxr54tjhr3sjklfz40","openid":"ovxXWv3CHJLsugBLuDQiCAxREFtE","out_trade_no":"201705182205202702","result_code":"SUCCESS","return_code":"SUCCESS","sign":"F72484B8F33F3A5DB8B929F9A984C35A","time_end":"20170518220529","total_fee":"1000","trade_type":"JSAPI","transaction_id":"4002902001201705181420096108"}
[2017-05-18 22:06:31][debug] query:{"appid":"wxd46e99b7f83183e1","err_code":"ORDERNOTEXIST","err_code_des":"order not exist","mch_id":"1383580102","nonce_str":"MQyrmMaHXco0IpfJ","result_code":"FAIL","return_code":"SUCCESS","return_msg":"OK","sign":"2775F1D3D55A854C33EF8B54AB7BBAF8"}
[2017-05-18 22:07:29][debug] begin notify
[2017-05-18 22:07:29][debug] call back:{"appid":"wxd46e99b7f83183e1","bank_type":"ICBC_DEBIT","cash_fee":"1","fee_type":"CNY","is_subscribe":"Y","mch_id":"1383580102","nonce_str":"h1jcu8mpj15byfuj7tnexk5cr9hscye1","openid":"ovxXWv3CHJLsugBLuDQiCAxREFtE","out_trade_no":"201705182203133445","result_code":"SUCCESS","return_code":"SUCCESS","sign":"563D0BE393372F2900AD186A5096CFA0","time_end":"20170518220319","total_fee":"1","trade_type":"JSAPI","transaction_id":"4002902001201705181422598551"}
[2017-05-18 22:07:31][debug] query:{"appid":"wxd46e99b7f83183e1","err_code":"ORDERNOTEXIST","err_code_des":"order not exist","mch_id":"1383580102","nonce_str":"RWfyof6D9dftFvdv","result_code":"FAIL","return_code":"SUCCESS","return_msg":"OK","sign":"998E84807401B2BE78746EC1F683AE7A"}
[2017-05-18 22:09:33][debug] begin notify
[2017-05-18 22:09:33][debug] call back:{"appid":"wxd46e99b7f83183e1","bank_type":"CEB_CREDIT","cash_fee":"1000","fee_type":"CNY","is_subscribe":"Y","mch_id":"1383580102","nonce_str":"ebkn2p3e3fbtj1qxr54tjhr3sjklfz40","openid":"ovxXWv3CHJLsugBLuDQiCAxREFtE","out_trade_no":"201705182205202702","result_code":"SUCCESS","return_code":"SUCCESS","sign":"F72484B8F33F3A5DB8B929F9A984C35A","time_end":"20170518220529","total_fee":"1000","trade_type":"JSAPI","transaction_id":"4002902001201705181420096108"}
[2017-05-18 22:09:34][debug] query:{"appid":"wxd46e99b7f83183e1","err_code":"ORDERNOTEXIST","err_code_des":"order not exist","mch_id":"1383580102","nonce_str":"53goD5MOdEIspFKT","result_code":"FAIL","return_code":"SUCCESS","return_msg":"OK","sign":"36737D39B6C22B8527872372FE2ADE95"}
[2017-05-18 22:37:32][debug] begin notify
[2017-05-18 22:37:32][debug] call back:{"appid":"wxd46e99b7f83183e1","bank_type":"ICBC_DEBIT","cash_fee":"1","fee_type":"CNY","is_subscribe":"Y","mch_id":"1383580102","nonce_str":"h1jcu8mpj15byfuj7tnexk5cr9hscye1","openid":"ovxXWv3CHJLsugBLuDQiCAxREFtE","out_trade_no":"201705182203133445","result_code":"SUCCESS","return_code":"SUCCESS","sign":"563D0BE393372F2900AD186A5096CFA0","time_end":"20170518220319","total_fee":"1","trade_type":"JSAPI","transaction_id":"4002902001201705181422598551"}
[2017-05-18 22:37:34][debug] query:{"appid":"wxd46e99b7f83183e1","err_code":"ORDERNOTEXIST","err_code_des":"order not exist","mch_id":"1383580102","nonce_str":"zOxolmFSpLTEXojn","result_code":"FAIL","return_code":"SUCCESS","return_msg":"OK","sign":"61BBB2DFEA95710CC00480901D232DA6"}
[2017-05-18 22:39:38][debug] begin notify
[2017-05-18 22:39:38][debug] call back:{"appid":"wxd46e99b7f83183e1","bank_type":"CEB_CREDIT","cash_fee":"1000","fee_type":"CNY","is_subscribe":"Y","mch_id":"1383580102","nonce_str":"ebkn2p3e3fbtj1qxr54tjhr3sjklfz40","openid":"ovxXWv3CHJLsugBLuDQiCAxREFtE","out_trade_no":"201705182205202702","result_code":"SUCCESS","return_code":"SUCCESS","sign":"F72484B8F33F3A5DB8B929F9A984C35A","time_end":"20170518220529","total_fee":"1000","trade_type":"JSAPI","transaction_id":"4002902001201705181420096108"}
[2017-05-18 22:39:38][debug] query:{"appid":"wxd46e99b7f83183e1","err_code":"ORDERNOTEXIST","err_code_des":"order not exist","mch_id":"1383580102","nonce_str":"FFhGbQHpjlukkMCe","result_code":"FAIL","return_code":"SUCCESS","return_msg":"OK","sign":"F096B56C3EACB9E0BEBBF4AE6840B616"}
[2017-05-18 23:07:36][debug] begin notify
[2017-05-18 23:07:36][debug] call back:{"appid":"wxd46e99b7f83183e1","bank_type":"ICBC_DEBIT","cash_fee":"1","fee_type":"CNY","is_subscribe":"Y","mch_id":"1383580102","nonce_str":"h1jcu8mpj15byfuj7tnexk5cr9hscye1","openid":"ovxXWv3CHJLsugBLuDQiCAxREFtE","out_trade_no":"201705182203133445","result_code":"SUCCESS","return_code":"SUCCESS","sign":"563D0BE393372F2900AD186A5096CFA0","time_end":"20170518220319","total_fee":"1","trade_type":"JSAPI","transaction_id":"4002902001201705181422598551"}
[2017-05-18 23:07:37][debug] query:{"appid":"wxd46e99b7f83183e1","err_code":"ORDERNOTEXIST","err_code_des":"order not exist","mch_id":"1383580102","nonce_str":"Rl0OaZATGw0z9vSz","result_code":"FAIL","return_code":"SUCCESS","return_msg":"OK","sign":"14A389C22EB5693DD61698AFB1F21DDB"}
[2017-05-18 23:09:41][debug] begin notify
[2017-05-18 23:09:41][debug] call back:{"appid":"wxd46e99b7f83183e1","bank_type":"CEB_CREDIT","cash_fee":"1000","fee_type":"CNY","is_subscribe":"Y","mch_id":"1383580102","nonce_str":"ebkn2p3e3fbtj1qxr54tjhr3sjklfz40","openid":"ovxXWv3CHJLsugBLuDQiCAxREFtE","out_trade_no":"201705182205202702","result_code":"SUCCESS","return_code":"SUCCESS","sign":"F72484B8F33F3A5DB8B929F9A984C35A","time_end":"20170518220529","total_fee":"1000","trade_type":"JSAPI","transaction_id":"4002902001201705181420096108"}
[2017-05-18 23:09:42][debug] query:{"appid":"wxd46e99b7f83183e1","err_code":"ORDERNOTEXIST","err_code_des":"order not exist","mch_id":"1383580102","nonce_str":"i9YpdyN6apcABveJ","result_code":"FAIL","return_code":"SUCCESS","return_msg":"OK","sign":"11BF1847C732777FD9A40AB1BF8572CF"}
[2017-05-18 23:37:38][debug] begin notify
[2017-05-18 23:37:38][debug] call back:{"appid":"wxd46e99b7f83183e1","bank_type":"ICBC_DEBIT","cash_fee":"1","fee_type":"CNY","is_subscribe":"Y","mch_id":"1383580102","nonce_str":"h1jcu8mpj15byfuj7tnexk5cr9hscye1","openid":"ovxXWv3CHJLsugBLuDQiCAxREFtE","out_trade_no":"201705182203133445","result_code":"SUCCESS","return_code":"SUCCESS","sign":"563D0BE393372F2900AD186A5096CFA0","time_end":"20170518220319","total_fee":"1","trade_type":"JSAPI","transaction_id":"4002902001201705181422598551"}
[2017-05-18 23:37:40][debug] query:{"appid":"wxd46e99b7f83183e1","err_code":"ORDERNOTEXIST","err_code_des":"order not exist","mch_id":"1383580102","nonce_str":"7OhtApLGQDLy8ttz","result_code":"FAIL","return_code":"SUCCESS","return_msg":"OK","sign":"430017EC15616A81A3F2B30130656A6B"}
[2017-05-18 23:39:44][debug] begin notify
[2017-05-18 23:39:44][debug] call back:{"appid":"wxd46e99b7f83183e1","bank_type":"CEB_CREDIT","cash_fee":"1000","fee_type":"CNY","is_subscribe":"Y","mch_id":"1383580102","nonce_str":"ebkn2p3e3fbtj1qxr54tjhr3sjklfz40","openid":"ovxXWv3CHJLsugBLuDQiCAxREFtE","out_trade_no":"201705182205202702","result_code":"SUCCESS","return_code":"SUCCESS","sign":"F72484B8F33F3A5DB8B929F9A984C35A","time_end":"20170518220529","total_fee":"1000","trade_type":"JSAPI","transaction_id":"4002902001201705181420096108"}
[2017-05-18 23:39:46][debug] query:{"appid":"wxd46e99b7f83183e1","err_code":"ORDERNOTEXIST","err_code_des":"order not exist","mch_id":"1383580102","nonce_str":"WkdCzwCDMIoEpEfd","result_code":"FAIL","return_code":"SUCCESS","return_msg":"OK","sign":"AA1AC24F6D35588E227FA2DED1827388"}
