[2017-06-05 19:21:03][debug] begin notify
[2017-06-05 19:21:03][debug] call back:{"appid":"wxd46e99b7f83183e1","bank_type":"CEB_CREDIT","cash_fee":"100","fee_type":"CNY","is_subscribe":"Y","mch_id":"1383580102","nonce_str":"fpercnqymvpze1yntkjd2gooz8ufarwp","openid":"ovxXWv3CHJLsugBLuDQiCAxREFtE","out_trade_no":"201706051920555401","result_code":"SUCCESS","return_code":"SUCCESS","sign":"D9DEAEC429E3F7B4CDA3CFCA854E6FB2","time_end":"20170605192102","total_fee":"100","trade_type":"JSAPI","transaction_id":"4002902001201706054433544621"}
[2017-06-05 19:21:03][debug] begin notify
[2017-06-05 19:21:04][debug] query:{"appid":"wxd46e99b7f83183e1","attach":[],"bank_type":"CEB_CREDIT","cash_fee":"100","fee_type":"CNY","is_subscribe":"Y","mch_id":"1383580102","nonce_str":"nizFiYfiMqEAG2XT","openid":"ovxXWv3CHJLsugBLuDQiCAxREFtE","out_trade_no":"201706051920555401","result_code":"SUCCESS","return_code":"SUCCESS","return_msg":"OK","sign":"FAF37F4C7A49DDF6B0E28C288ECAE8E9","time_end":"20170605192102","total_fee":"100","trade_state":"SUCCESS","trade_type":"JSAPI","transaction_id":"4002902001201706054433544621"}
[2017-06-05 19:21:04][debug] query:{"appid":"wxd46e99b7f83183e1","err_code":"ORDERNOTEXIST","err_code_des":"order not exist","mch_id":"1383580102","nonce_str":"HRlwfM33nAKDm9Zs","result_code":"FAIL","return_code":"SUCCESS","return_msg":"OK","sign":"F18F579BB4CCA691CC140FDBA2482210"}
[2017-06-05 19:21:19][debug] begin notify
[2017-06-05 19:21:19][debug] call back:{"appid":"wxd46e99b7f83183e1","bank_type":"CEB_CREDIT","cash_fee":"100","fee_type":"CNY","is_subscribe":"Y","mch_id":"1383580102","nonce_str":"fpercnqymvpze1yntkjd2gooz8ufarwp","openid":"ovxXWv3CHJLsugBLuDQiCAxREFtE","out_trade_no":"201706051920555401","result_code":"SUCCESS","return_code":"SUCCESS","sign":"D9DEAEC429E3F7B4CDA3CFCA854E6FB2","time_end":"20170605192102","total_fee":"100","trade_type":"JSAPI","transaction_id":"4002902001201706054433544621"}
[2017-06-05 19:21:19][debug] query:{"appid":"wxd46e99b7f83183e1","err_code":"ORDERNOTEXIST","err_code_des":"order not exist","mch_id":"1383580102","nonce_str":"3cdF7VaXsZHhQtWo","result_code":"FAIL","return_code":"SUCCESS","return_msg":"OK","sign":"CC083140832959D587E937330457FA2F"}
[2017-06-05 19:21:37][debug] begin notify
[2017-06-05 19:21:37][debug] call back:{"appid":"wxd46e99b7f83183e1","bank_type":"CEB_CREDIT","cash_fee":"100","fee_type":"CNY","is_subscribe":"Y","mch_id":"1383580102","nonce_str":"fpercnqymvpze1yntkjd2gooz8ufarwp","openid":"ovxXWv3CHJLsugBLuDQiCAxREFtE","out_trade_no":"201706051920555401","result_code":"SUCCESS","return_code":"SUCCESS","sign":"D9DEAEC429E3F7B4CDA3CFCA854E6FB2","time_end":"20170605192102","total_fee":"100","trade_type":"JSAPI","transaction_id":"4002902001201706054433544621"}
[2017-06-05 19:21:37][debug] query:{"appid":"wxd46e99b7f83183e1","err_code":"ORDERNOTEXIST","err_code_des":"order not exist","mch_id":"1383580102","nonce_str":"DTsBHNYUtCEl9U4j","result_code":"FAIL","return_code":"SUCCESS","return_msg":"OK","sign":"4933342F1BE6074050D8000B4C5659B1"}
[2017-06-05 19:22:09][debug] begin notify
[2017-06-05 19:22:09][debug] call back:{"appid":"wxd46e99b7f83183e1","bank_type":"CEB_CREDIT","cash_fee":"100","fee_type":"CNY","is_subscribe":"Y","mch_id":"1383580102","nonce_str":"fpercnqymvpze1yntkjd2gooz8ufarwp","openid":"ovxXWv3CHJLsugBLuDQiCAxREFtE","out_trade_no":"201706051920555401","result_code":"SUCCESS","return_code":"SUCCESS","sign":"D9DEAEC429E3F7B4CDA3CFCA854E6FB2","time_end":"20170605192102","total_fee":"100","trade_type":"JSAPI","transaction_id":"4002902001201706054433544621"}
[2017-06-05 19:22:10][debug] query:{"appid":"wxd46e99b7f83183e1","err_code":"ORDERNOTEXIST","err_code_des":"order not exist","mch_id":"1383580102","nonce_str":"6Ixu9LHFJiPIVxTQ","result_code":"FAIL","return_code":"SUCCESS","return_msg":"OK","sign":"5E5BB4A8639206A71D6CFCFE40F73880"}
[2017-06-05 19:25:13][debug] begin notify
[2017-06-05 19:25:13][debug] call back:{"appid":"wxd46e99b7f83183e1","bank_type":"CEB_CREDIT","cash_fee":"100","fee_type":"CNY","is_subscribe":"Y","mch_id":"1383580102","nonce_str":"fpercnqymvpze1yntkjd2gooz8ufarwp","openid":"ovxXWv3CHJLsugBLuDQiCAxREFtE","out_trade_no":"201706051920555401","result_code":"SUCCESS","return_code":"SUCCESS","sign":"D9DEAEC429E3F7B4CDA3CFCA854E6FB2","time_end":"20170605192102","total_fee":"100","trade_type":"JSAPI","transaction_id":"4002902001201706054433544621"}
[2017-06-05 19:25:15][debug] query:{"appid":"wxd46e99b7f83183e1","err_code":"ORDERNOTEXIST","err_code_des":"order not exist","mch_id":"1383580102","nonce_str":"fRQZsyA0rYCWL9Hk","result_code":"FAIL","return_code":"SUCCESS","return_msg":"OK","sign":"38D1D80BD5635DAEE762E068C079211D"}
[2017-06-05 19:55:17][debug] begin notify
[2017-06-05 19:55:17][debug] call back:{"appid":"wxd46e99b7f83183e1","bank_type":"CEB_CREDIT","cash_fee":"100","fee_type":"CNY","is_subscribe":"Y","mch_id":"1383580102","nonce_str":"fpercnqymvpze1yntkjd2gooz8ufarwp","openid":"ovxXWv3CHJLsugBLuDQiCAxREFtE","out_trade_no":"201706051920555401","result_code":"SUCCESS","return_code":"SUCCESS","sign":"D9DEAEC429E3F7B4CDA3CFCA854E6FB2","time_end":"20170605192102","total_fee":"100","trade_type":"JSAPI","transaction_id":"4002902001201706054433544621"}
[2017-06-05 19:55:18][debug] query:{"appid":"wxd46e99b7f83183e1","err_code":"ORDERNOTEXIST","err_code_des":"order not exist","mch_id":"1383580102","nonce_str":"fIPhhMZTgRIjabTn","result_code":"FAIL","return_code":"SUCCESS","return_msg":"OK","sign":"895DA0A6B0F2A5BFA020D1A2BE279DC3"}
[2017-06-05 20:25:19][debug] begin notify
[2017-06-05 20:25:19][debug] call back:{"appid":"wxd46e99b7f83183e1","bank_type":"CEB_CREDIT","cash_fee":"100","fee_type":"CNY","is_subscribe":"Y","mch_id":"1383580102","nonce_str":"fpercnqymvpze1yntkjd2gooz8ufarwp","openid":"ovxXWv3CHJLsugBLuDQiCAxREFtE","out_trade_no":"201706051920555401","result_code":"SUCCESS","return_code":"SUCCESS","sign":"D9DEAEC429E3F7B4CDA3CFCA854E6FB2","time_end":"20170605192102","total_fee":"100","trade_type":"JSAPI","transaction_id":"4002902001201706054433544621"}
[2017-06-05 20:25:20][debug] query:{"appid":"wxd46e99b7f83183e1","err_code":"ORDERNOTEXIST","err_code_des":"order not exist","mch_id":"1383580102","nonce_str":"h8AlE6hJw6aOSNxV","result_code":"FAIL","return_code":"SUCCESS","return_msg":"OK","sign":"A0B840AB364E1BBEF7E1B50A19278815"}
[2017-06-05 20:55:22][debug] begin notify
[2017-06-05 20:55:22][debug] call back:{"appid":"wxd46e99b7f83183e1","bank_type":"CEB_CREDIT","cash_fee":"100","fee_type":"CNY","is_subscribe":"Y","mch_id":"1383580102","nonce_str":"fpercnqymvpze1yntkjd2gooz8ufarwp","openid":"ovxXWv3CHJLsugBLuDQiCAxREFtE","out_trade_no":"201706051920555401","result_code":"SUCCESS","return_code":"SUCCESS","sign":"D9DEAEC429E3F7B4CDA3CFCA854E6FB2","time_end":"20170605192102","total_fee":"100","trade_type":"JSAPI","transaction_id":"4002902001201706054433544621"}
[2017-06-05 20:55:22][debug] query:{"appid":"wxd46e99b7f83183e1","err_code":"ORDERNOTEXIST","err_code_des":"order not exist","mch_id":"1383580102","nonce_str":"ZLXsgwlZlvfZknaS","result_code":"FAIL","return_code":"SUCCESS","return_msg":"OK","sign":"F6A50A713F3F7FE9E5985F6926581220"}
[2017-06-05 21:25:23][debug] begin notify
[2017-06-05 21:25:23][debug] call back:{"appid":"wxd46e99b7f83183e1","bank_type":"CEB_CREDIT","cash_fee":"100","fee_type":"CNY","is_subscribe":"Y","mch_id":"1383580102","nonce_str":"fpercnqymvpze1yntkjd2gooz8ufarwp","openid":"ovxXWv3CHJLsugBLuDQiCAxREFtE","out_trade_no":"201706051920555401","result_code":"SUCCESS","return_code":"SUCCESS","sign":"D9DEAEC429E3F7B4CDA3CFCA854E6FB2","time_end":"20170605192102","total_fee":"100","trade_type":"JSAPI","transaction_id":"4002902001201706054433544621"}
[2017-06-05 21:25:25][debug] query:{"appid":"wxd46e99b7f83183e1","err_code":"ORDERNOTEXIST","err_code_des":"order not exist","mch_id":"1383580102","nonce_str":"xFY28zmP8qoRxYva","result_code":"FAIL","return_code":"SUCCESS","return_msg":"OK","sign":"43874448DABA1357A4C9164D2EAA951A"}
[2017-06-05 22:25:26][debug] begin notify
[2017-06-05 22:25:26][debug] call back:{"appid":"wxd46e99b7f83183e1","bank_type":"CEB_CREDIT","cash_fee":"100","fee_type":"CNY","is_subscribe":"Y","mch_id":"1383580102","nonce_str":"fpercnqymvpze1yntkjd2gooz8ufarwp","openid":"ovxXWv3CHJLsugBLuDQiCAxREFtE","out_trade_no":"201706051920555401","result_code":"SUCCESS","return_code":"SUCCESS","sign":"D9DEAEC429E3F7B4CDA3CFCA854E6FB2","time_end":"20170605192102","total_fee":"100","trade_type":"JSAPI","transaction_id":"4002902001201706054433544621"}
[2017-06-05 22:25:26][debug] query:{"appid":"wxd46e99b7f83183e1","err_code":"ORDERNOTEXIST","err_code_des":"order not exist","mch_id":"1383580102","nonce_str":"pYDd7zTCK8SXfMkR","result_code":"FAIL","return_code":"SUCCESS","return_msg":"OK","sign":"F766A7EF7BCEF1DEADD2B05033F73321"}
